ARM GAS  /tmp/cc8sNLlX.s 			page 1


   1              		.syntax unified
   2              		.cpu cortex-m4
   3              		.eabi_attribute 27, 3
   4              		.eabi_attribute 28, 1
   5              		.fpu fpv4-sp-d16
   6              		.eabi_attribute 20, 1
   7              		.eabi_attribute 21, 1
   8              		.eabi_attribute 23, 3
   9              		.eabi_attribute 24, 1
  10              		.eabi_attribute 25, 1
  11              		.eabi_attribute 26, 1
  12              		.eabi_attribute 30, 6
  13              		.eabi_attribute 34, 1
  14              		.eabi_attribute 18, 4
  15              		.thumb
  16              		.file	"BaseSubscriberQueue.cpp"
  17              		.text
  18              	.Ltext0:
  19              		.cfi_sections	.debug_frame
  20              		.section	.text._ZN3r2p10UncopyableC2Ev,"axG",%progbits,_ZN3r2p10UncopyableC5Ev,comdat
  21              		.align	2
  22              		.p2align 4,,15
  23              		.weak	_ZN3r2p10UncopyableC2Ev
  24              		.thumb
  25              		.thumb_func
  26              		.type	_ZN3r2p10UncopyableC2Ev, %function
  27              	_ZN3r2p10UncopyableC2Ev:
  28              	.LFB6:
  29              		.file 1 "/home/dave/r2p-sdk/core/Middleware/include/r2p/Uncopyable.hpp"
  30              		.loc 1 20 0
  31              		.cfi_startproc
  32              		@ args = 0, pretend = 0, frame = 8
  33              		@ frame_needed = 0, uses_anonymous_args = 0
  34              		@ link register save eliminated.
  35 0000 82B0     		sub	sp, sp, #8
  36              		.cfi_def_cfa_offset 8
  37 0002 0190     		str	r0, [sp, #4]
  38              		.loc 1 20 0
  39 0004 019B     		ldr	r3, [sp, #4]
  40 0006 1846     		mov	r0, r3
  41 0008 02B0     		add	sp, sp, #8
  42              		@ sp needed
  43 000a 7047     		bx	lr
  44              		.cfi_endproc
  45              	.LFE6:
  46              		.size	_ZN3r2p10UncopyableC2Ev, .-_ZN3r2p10UncopyableC2Ev
  47              		.weak	_ZN3r2p10UncopyableC1Ev
  48              		.thumb_set _ZN3r2p10UncopyableC1Ev,_ZN3r2p10UncopyableC2Ev
  49 000c AFF30080 		.section	.text._ZN3r2p11StaticQueueINS_14BaseSubscriberEEC2Ev,"axG",%progbits,_ZN3r2p11StaticQueue
  50              		.align	2
  51              		.p2align 4,,15
  52              		.weak	_ZN3r2p11StaticQueueINS_14BaseSubscriberEEC2Ev
  53              		.thumb
  54              		.thumb_func
  55              		.type	_ZN3r2p11StaticQueueINS_14BaseSubscriberEEC2Ev, %function
  56              	_ZN3r2p11StaticQueueINS_14BaseSubscriberEEC2Ev:
  57              	.LFB77:
ARM GAS  /tmp/cc8sNLlX.s 			page 2


  58              		.file 2 "/home/dave/r2p-sdk/core/Middleware/include/r2p/StaticQueue.hpp"
  59              		.loc 2 10 0
  60              		.cfi_startproc
  61              		@ args = 0, pretend = 0, frame = 8
  62              		@ frame_needed = 0, uses_anonymous_args = 0
  63 0000 00B5     		push	{lr}
  64              		.cfi_def_cfa_offset 4
  65              		.cfi_offset 14, -4
  66 0002 83B0     		sub	sp, sp, #12
  67              		.cfi_def_cfa_offset 16
  68 0004 0190     		str	r0, [sp, #4]
  69              	.LBB2:
  70              		.loc 2 10 0
  71 0006 0198     		ldr	r0, [sp, #4]
  72 0008 FFF7FEFF 		bl	_ZN3r2p10UncopyableC2Ev
  73 000c 019B     		ldr	r3, [sp, #4]
  74 000e 0433     		adds	r3, r3, #4
  75 0010 1846     		mov	r0, r3
  76 0012 FFF7FEFF 		bl	_ZN3r2p12StaticQueue_C1Ev
  77              	.LBE2:
  78 0016 019B     		ldr	r3, [sp, #4]
  79 0018 1846     		mov	r0, r3
  80 001a 03B0     		add	sp, sp, #12
  81              		@ sp needed
  82 001c 5DF804FB 		ldr	pc, [sp], #4
  83              		.cfi_endproc
  84              	.LFE77:
  85              		.size	_ZN3r2p11StaticQueueINS_14BaseSubscriberEEC2Ev, .-_ZN3r2p11StaticQueueINS_14BaseSubscriberEE
  86              		.weak	_ZN3r2p11StaticQueueINS_14BaseSubscriberEEC1Ev
  87              		.thumb_set _ZN3r2p11StaticQueueINS_14BaseSubscriberEEC1Ev,_ZN3r2p11StaticQueueINS_14BaseSubscriber
  88              		.section	.text._ZN3r2p19BaseSubscriberQueueC2Ev,"ax",%progbits
  89              		.align	2
  90              		.p2align 4,,15
  91              		.global	_ZN3r2p19BaseSubscriberQueueC2Ev
  92              		.thumb
  93              		.thumb_func
  94              		.type	_ZN3r2p19BaseSubscriberQueueC2Ev, %function
  95              	_ZN3r2p19BaseSubscriberQueueC2Ev:
  96              	.LFB82:
  97              		.file 3 "/home/dave/r2p-sdk/core/Middleware/src/BaseSubscriberQueue.cpp"
  98              		.loc 3 7 0
  99              		.cfi_startproc
 100              		@ args = 0, pretend = 0, frame = 8
 101              		@ frame_needed = 0, uses_anonymous_args = 0
 102 0000 00B5     		push	{lr}
 103              		.cfi_def_cfa_offset 4
 104              		.cfi_offset 14, -4
 105 0002 83B0     		sub	sp, sp, #12
 106              		.cfi_def_cfa_offset 16
 107 0004 0190     		str	r0, [sp, #4]
 108              	.LBB3:
 109              		.loc 3 7 0
 110 0006 019B     		ldr	r3, [sp, #4]
 111 0008 1846     		mov	r0, r3
 112 000a FFF7FEFF 		bl	_ZN3r2p11StaticQueueINS_14BaseSubscriberEEC2Ev
 113              	.LBE3:
 114 000e 019B     		ldr	r3, [sp, #4]
ARM GAS  /tmp/cc8sNLlX.s 			page 3


 115 0010 1846     		mov	r0, r3
 116 0012 03B0     		add	sp, sp, #12
 117              		@ sp needed
 118 0014 5DF804FB 		ldr	pc, [sp], #4
 119              		.cfi_endproc
 120              	.LFE82:
 121              		.size	_ZN3r2p19BaseSubscriberQueueC2Ev, .-_ZN3r2p19BaseSubscriberQueueC2Ev
 122              		.global	_ZN3r2p19BaseSubscriberQueueC1Ev
 123              		.thumb_set _ZN3r2p19BaseSubscriberQueueC1Ev,_ZN3r2p19BaseSubscriberQueueC2Ev
 124 0018 AFF30080 		.text
 124      AFF30080 
 125              	.Letext0:
 126              		.file 4 "/usr/include/newlib/c++/4.8/cstring"
 127              		.file 5 "/usr/include/newlib/string.h"
 128              		.file 6 "<built-in>"
 129              		.file 7 "/home/dave/r2p-sdk/core/Middleware/include/r2p/impl/StaticQueue_.hpp"
 130              		.file 8 "/home/dave/r2p-sdk/core/Middleware/include/r2p/BaseSubscriberQueue.hpp"
 131              		.file 9 "/usr/lib/gcc/arm-none-eabi/4.8/include/stddef.h"
 132              		.section	.debug_info,"",%progbits
 133              	.Ldebug_info0:
 134 0000 42070000 		.4byte	0x742
 135 0004 0400     		.2byte	0x4
 136 0006 00000000 		.4byte	.Ldebug_abbrev0
 137 000a 04       		.byte	0x4
 138 000b 01       		.uleb128 0x1
 139 000c A1060000 		.4byte	.LASF78
 140 0010 04       		.byte	0x4
 141 0011 1D000000 		.4byte	.LASF79
 142 0015 57060000 		.4byte	.LASF80
 143 0019 00000000 		.4byte	.Ldebug_ranges0+0
 144 001d 00000000 		.4byte	0
 145 0021 00000000 		.4byte	.Ldebug_line0
 146 0025 02       		.uleb128 0x2
 147 0026 04       		.byte	0x4
 148 0027 05       		.byte	0x5
 149 0028 696E7400 		.ascii	"int\000"
 150 002c 03       		.uleb128 0x3
 151 002d E4000000 		.4byte	.LASF81
 152 0031 09       		.byte	0x9
 153 0032 D4       		.byte	0xd4
 154 0033 37000000 		.4byte	0x37
 155 0037 04       		.uleb128 0x4
 156 0038 04       		.byte	0x4
 157 0039 07       		.byte	0x7
 158 003a 21050000 		.4byte	.LASF0
 159 003e 04       		.uleb128 0x4
 160 003f 01       		.byte	0x1
 161 0040 06       		.byte	0x6
 162 0041 DD040000 		.4byte	.LASF1
 163 0045 04       		.uleb128 0x4
 164 0046 01       		.byte	0x1
 165 0047 08       		.byte	0x8
 166 0048 7D040000 		.4byte	.LASF2
 167 004c 04       		.uleb128 0x4
 168 004d 02       		.byte	0x2
 169 004e 05       		.byte	0x5
 170 004f DA000000 		.4byte	.LASF3
ARM GAS  /tmp/cc8sNLlX.s 			page 4


 171 0053 04       		.uleb128 0x4
 172 0054 02       		.byte	0x2
 173 0055 07       		.byte	0x7
 174 0056 44060000 		.4byte	.LASF4
 175 005a 04       		.uleb128 0x4
 176 005b 04       		.byte	0x4
 177 005c 05       		.byte	0x5
 178 005d 4C030000 		.4byte	.LASF5
 179 0061 04       		.uleb128 0x4
 180 0062 04       		.byte	0x4
 181 0063 07       		.byte	0x7
 182 0064 52080000 		.4byte	.LASF6
 183 0068 04       		.uleb128 0x4
 184 0069 08       		.byte	0x8
 185 006a 05       		.byte	0x5
 186 006b 02030000 		.4byte	.LASF7
 187 006f 04       		.uleb128 0x4
 188 0070 08       		.byte	0x8
 189 0071 07       		.byte	0x7
 190 0072 E9040000 		.4byte	.LASF8
 191 0076 04       		.uleb128 0x4
 192 0077 04       		.byte	0x4
 193 0078 07       		.byte	0x7
 194 0079 EB000000 		.4byte	.LASF9
 195 007d 05       		.uleb128 0x5
 196 007e 04       		.byte	0x4
 197 007f 06       		.uleb128 0x6
 198 0080 04       		.byte	0x4
 199 0081 85000000 		.4byte	0x85
 200 0085 04       		.uleb128 0x4
 201 0086 01       		.byte	0x1
 202 0087 08       		.byte	0x8
 203 0088 1D030000 		.4byte	.LASF10
 204 008c 06       		.uleb128 0x6
 205 008d 04       		.byte	0x4
 206 008e 92000000 		.4byte	0x92
 207 0092 07       		.uleb128 0x7
 208 0093 85000000 		.4byte	0x85
 209 0097 08       		.uleb128 0x8
 210 0098 73746400 		.ascii	"std\000"
 211 009c 06       		.byte	0x6
 212 009d 00       		.byte	0
 213 009e BF000000 		.4byte	0xbf
 214 00a2 09       		.uleb128 0x9
 215 00a3 04       		.byte	0x4
 216 00a4 52       		.byte	0x52
 217 00a5 BF000000 		.4byte	0xbf
 218 00a9 09       		.uleb128 0x9
 219 00aa 04       		.byte	0x4
 220 00ab 55       		.byte	0x55
 221 00ac D9000000 		.4byte	0xd9
 222 00b0 09       		.uleb128 0x9
 223 00b1 04       		.byte	0x4
 224 00b2 5B       		.byte	0x5b
 225 00b3 EE000000 		.4byte	0xee
 226 00b7 09       		.uleb128 0x9
 227 00b8 04       		.byte	0x4
ARM GAS  /tmp/cc8sNLlX.s 			page 5


 228 00b9 5C       		.byte	0x5c
 229 00ba 08010000 		.4byte	0x108
 230 00be 00       		.byte	0
 231 00bf 0A       		.uleb128 0xa
 232 00c0 90060000 		.4byte	.LASF11
 233 00c4 05       		.byte	0x5
 234 00c5 1D       		.byte	0x1d
 235 00c6 25000000 		.4byte	0x25
 236 00ca D9000000 		.4byte	0xd9
 237 00ce 0B       		.uleb128 0xb
 238 00cf 8C000000 		.4byte	0x8c
 239 00d3 0B       		.uleb128 0xb
 240 00d4 8C000000 		.4byte	0x8c
 241 00d8 00       		.byte	0
 242 00d9 0A       		.uleb128 0xa
 243 00da 07020000 		.4byte	.LASF12
 244 00de 05       		.byte	0x5
 245 00df 20       		.byte	0x20
 246 00e0 7F000000 		.4byte	0x7f
 247 00e4 EE000000 		.4byte	0xee
 248 00e8 0B       		.uleb128 0xb
 249 00e9 25000000 		.4byte	0x25
 250 00ed 00       		.byte	0
 251 00ee 0A       		.uleb128 0xa
 252 00ef 55030000 		.4byte	.LASF13
 253 00f3 05       		.byte	0x5
 254 00f4 2B       		.byte	0x2b
 255 00f5 7F000000 		.4byte	0x7f
 256 00f9 08010000 		.4byte	0x108
 257 00fd 0B       		.uleb128 0xb
 258 00fe 7F000000 		.4byte	0x7f
 259 0102 0B       		.uleb128 0xb
 260 0103 8C000000 		.4byte	0x8c
 261 0107 00       		.byte	0
 262 0108 0A       		.uleb128 0xa
 263 0109 64080000 		.4byte	.LASF14
 264 010d 05       		.byte	0x5
 265 010e 2E       		.byte	0x2e
 266 010f 2C000000 		.4byte	0x2c
 267 0113 27010000 		.4byte	0x127
 268 0117 0B       		.uleb128 0xb
 269 0118 7F000000 		.4byte	0x7f
 270 011c 0B       		.uleb128 0xb
 271 011d 8C000000 		.4byte	0x8c
 272 0121 0B       		.uleb128 0xb
 273 0122 2C000000 		.4byte	0x2c
 274 0126 00       		.byte	0
 275 0127 08       		.uleb128 0x8
 276 0128 72327000 		.ascii	"r2p\000"
 277 012c 01       		.byte	0x1
 278 012d 03       		.byte	0x3
 279 012e 27060000 		.4byte	0x627
 280 0132 0C       		.uleb128 0xc
 281 0133 AE020000 		.4byte	.LASF15
 282 0137 01       		.byte	0x1
 283 0138 01       		.byte	0x1
 284 0139 06       		.byte	0x6
ARM GAS  /tmp/cc8sNLlX.s 			page 6


 285 013a 92010000 		.4byte	0x192
 286 013e 0D       		.uleb128 0xd
 287 013f AE020000 		.4byte	.LASF15
 288 0143 01       		.byte	0x1
 289 0144 09       		.byte	0x9
 290 0145 27060000 		.4byte	0x627
 291 0149 51010000 		.4byte	0x151
 292 014d 5C010000 		.4byte	0x15c
 293 0151 0E       		.uleb128 0xe
 294 0152 27060000 		.4byte	0x627
 295 0156 0B       		.uleb128 0xb
 296 0157 2D060000 		.4byte	0x62d
 297 015b 00       		.byte	0
 298 015c 0F       		.uleb128 0xf
 299 015d AE020000 		.4byte	.LASF15
 300 0161 01       		.byte	0x1
 301 0162 14       		.byte	0x14
 302 0163 27060000 		.4byte	0x627
 303 0167 02       		.byte	0x2
 304 0168 70010000 		.4byte	0x170
 305 016c 76010000 		.4byte	0x176
 306 0170 0E       		.uleb128 0xe
 307 0171 27060000 		.4byte	0x627
 308 0175 00       		.byte	0
 309 0176 10       		.uleb128 0x10
 310 0177 05000000 		.4byte	.LASF16
 311 017b 01       		.byte	0x1
 312 017c 15       		.byte	0x15
 313 017d 7D000000 		.4byte	0x7d
 314 0181 02       		.byte	0x2
 315 0182 86010000 		.4byte	0x186
 316 0186 0E       		.uleb128 0xe
 317 0187 27060000 		.4byte	0x627
 318 018b 0E       		.uleb128 0xe
 319 018c 25000000 		.4byte	0x25
 320 0190 00       		.byte	0
 321 0191 00       		.byte	0
 322 0192 07       		.uleb128 0x7
 323 0193 32010000 		.4byte	0x132
 324 0197 0C       		.uleb128 0xc
 325 0198 78090000 		.4byte	.LASF17
 326 019c 08       		.byte	0x8
 327 019d 07       		.byte	0x7
 328 019e 0A       		.byte	0xa
 329 019f D7030000 		.4byte	0x3d7
 330 01a3 11       		.uleb128 0x11
 331 01a4 00000000 		.4byte	.LASF20
 332 01a8 08       		.byte	0x8
 333 01a9 07       		.byte	0x7
 334 01aa 0C       		.byte	0xc
 335 01ab 01       		.byte	0x1
 336 01ac E3010000 		.4byte	0x1e3
 337 01b0 12       		.uleb128 0x12
 338 01b1 BE020000 		.4byte	.LASF18
 339 01b5 07       		.byte	0x7
 340 01b6 0D       		.byte	0xd
 341 01b7 3A060000 		.4byte	0x63a
ARM GAS  /tmp/cc8sNLlX.s 			page 7


 342 01bb 00       		.byte	0
 343 01bc 12       		.uleb128 0x12
 344 01bd B3010000 		.4byte	.LASF19
 345 01c1 07       		.byte	0x7
 346 01c2 0E       		.byte	0xe
 347 01c3 7D000000 		.4byte	0x7d
 348 01c7 04       		.byte	0x4
 349 01c8 13       		.uleb128 0x13
 350 01c9 00000000 		.4byte	.LASF20
 351 01cd 07       		.byte	0x7
 352 01ce 10       		.byte	0x10
 353 01cf 3A060000 		.4byte	0x63a
 354 01d3 D7010000 		.4byte	0x1d7
 355 01d7 0E       		.uleb128 0xe
 356 01d8 3A060000 		.4byte	0x63a
 357 01dc 0B       		.uleb128 0xb
 358 01dd 7D000000 		.4byte	0x7d
 359 01e1 00       		.byte	0
 360 01e2 00       		.byte	0
 361 01e3 14       		.uleb128 0x14
 362 01e4 32010000 		.4byte	0x132
 363 01e8 00       		.byte	0
 364 01e9 12       		.uleb128 0x12
 365 01ea 3E060000 		.4byte	.LASF21
 366 01ee 07       		.byte	0x7
 367 01ef 17       		.byte	0x17
 368 01f0 3A060000 		.4byte	0x63a
 369 01f4 00       		.byte	0
 370 01f5 12       		.uleb128 0x12
 371 01f6 8B040000 		.4byte	.LASF22
 372 01fa 07       		.byte	0x7
 373 01fb 18       		.byte	0x18
 374 01fc 3A060000 		.4byte	0x63a
 375 0200 04       		.byte	0x4
 376 0201 15       		.uleb128 0x15
 377 0202 A9030000 		.4byte	.LASF23
 378 0206 07       		.byte	0x7
 379 0207 1B       		.byte	0x1b
 380 0208 03040000 		.4byte	.LASF25
 381 020c 40060000 		.4byte	0x640
 382 0210 01       		.byte	0x1
 383 0211 19020000 		.4byte	0x219
 384 0215 1F020000 		.4byte	0x21f
 385 0219 0E       		.uleb128 0xe
 386 021a 46060000 		.4byte	0x646
 387 021e 00       		.byte	0
 388 021f 07       		.uleb128 0x7
 389 0220 A3010000 		.4byte	0x1a3
 390 0224 15       		.uleb128 0x15
 391 0225 F2010000 		.4byte	.LASF24
 392 0229 07       		.byte	0x7
 393 022a 1C       		.byte	0x1c
 394 022b 67050000 		.4byte	.LASF26
 395 022f 40060000 		.4byte	0x640
 396 0233 01       		.byte	0x1
 397 0234 3C020000 		.4byte	0x23c
 398 0238 42020000 		.4byte	0x242
ARM GAS  /tmp/cc8sNLlX.s 			page 8


 399 023c 0E       		.uleb128 0xe
 400 023d 46060000 		.4byte	0x646
 401 0241 00       		.byte	0
 402 0242 15       		.uleb128 0x15
 403 0243 A9080000 		.4byte	.LASF27
 404 0247 07       		.byte	0x7
 405 0248 1D       		.byte	0x1d
 406 0249 C8010000 		.4byte	.LASF28
 407 024d 33060000 		.4byte	0x633
 408 0251 01       		.byte	0x1
 409 0252 5A020000 		.4byte	0x25a
 410 0256 60020000 		.4byte	0x260
 411 025a 0E       		.uleb128 0xe
 412 025b 46060000 		.4byte	0x646
 413 025f 00       		.byte	0
 414 0260 16       		.uleb128 0x16
 415 0261 6C090000 		.4byte	.LASF29
 416 0265 07       		.byte	0x7
 417 0266 1E       		.byte	0x1e
 418 0267 5C030000 		.4byte	.LASF43
 419 026b 01       		.byte	0x1
 420 026c 74020000 		.4byte	0x274
 421 0270 7F020000 		.4byte	0x27f
 422 0274 0E       		.uleb128 0xe
 423 0275 4C060000 		.4byte	0x64c
 424 0279 0B       		.uleb128 0xb
 425 027a 52060000 		.4byte	0x652
 426 027e 00       		.byte	0
 427 027f 15       		.uleb128 0x15
 428 0280 C4020000 		.4byte	.LASF30
 429 0284 07       		.byte	0x7
 430 0285 1F       		.byte	0x1f
 431 0286 20080000 		.4byte	.LASF31
 432 028a 33060000 		.4byte	0x633
 433 028e 01       		.byte	0x1
 434 028f 97020000 		.4byte	0x297
 435 0293 A2020000 		.4byte	0x2a2
 436 0297 0E       		.uleb128 0xe
 437 0298 46060000 		.4byte	0x646
 438 029c 0B       		.uleb128 0xb
 439 029d 58060000 		.4byte	0x658
 440 02a1 00       		.byte	0
 441 02a2 15       		.uleb128 0x15
 442 02a3 B9030000 		.4byte	.LASF32
 443 02a7 07       		.byte	0x7
 444 02a8 20       		.byte	0x20
 445 02a9 FD080000 		.4byte	.LASF33
 446 02ad 33060000 		.4byte	0x633
 447 02b1 01       		.byte	0x1
 448 02b2 BA020000 		.4byte	0x2ba
 449 02b6 C5020000 		.4byte	0x2c5
 450 02ba 0E       		.uleb128 0xe
 451 02bb 4C060000 		.4byte	0x64c
 452 02bf 0B       		.uleb128 0xb
 453 02c0 52060000 		.4byte	0x652
 454 02c4 00       		.byte	0
 455 02c5 15       		.uleb128 0x15
ARM GAS  /tmp/cc8sNLlX.s 			page 9


 456 02c6 75080000 		.4byte	.LASF34
 457 02ca 07       		.byte	0x7
 458 02cb 21       		.byte	0x21
 459 02cc F4000000 		.4byte	.LASF35
 460 02d0 33060000 		.4byte	0x633
 461 02d4 01       		.byte	0x1
 462 02d5 DD020000 		.4byte	0x2dd
 463 02d9 E3020000 		.4byte	0x2e3
 464 02dd 0E       		.uleb128 0xe
 465 02de 4C060000 		.4byte	0x64c
 466 02e2 00       		.byte	0
 467 02e3 15       		.uleb128 0x15
 468 02e4 C4070000 		.4byte	.LASF36
 469 02e8 07       		.byte	0x7
 470 02e9 23       		.byte	0x23
 471 02ea 7E000000 		.4byte	.LASF37
 472 02ee 40060000 		.4byte	0x640
 473 02f2 01       		.byte	0x1
 474 02f3 FB020000 		.4byte	0x2fb
 475 02f7 01030000 		.4byte	0x301
 476 02fb 0E       		.uleb128 0xe
 477 02fc 46060000 		.4byte	0x646
 478 0300 00       		.byte	0
 479 0301 15       		.uleb128 0x15
 480 0302 98060000 		.4byte	.LASF38
 481 0306 07       		.byte	0x7
 482 0307 24       		.byte	0x24
 483 0308 FE070000 		.4byte	.LASF39
 484 030c 40060000 		.4byte	0x640
 485 0310 01       		.byte	0x1
 486 0311 19030000 		.4byte	0x319
 487 0315 1F030000 		.4byte	0x31f
 488 0319 0E       		.uleb128 0xe
 489 031a 46060000 		.4byte	0x646
 490 031e 00       		.byte	0
 491 031f 15       		.uleb128 0x15
 492 0320 87060000 		.4byte	.LASF40
 493 0324 07       		.byte	0x7
 494 0325 25       		.byte	0x25
 495 0326 DC070000 		.4byte	.LASF41
 496 032a 33060000 		.4byte	0x633
 497 032e 01       		.byte	0x1
 498 032f 37030000 		.4byte	0x337
 499 0333 3D030000 		.4byte	0x33d
 500 0337 0E       		.uleb128 0xe
 501 0338 46060000 		.4byte	0x646
 502 033c 00       		.byte	0
 503 033d 16       		.uleb128 0x16
 504 033e D8040000 		.4byte	.LASF42
 505 0342 07       		.byte	0x7
 506 0343 26       		.byte	0x26
 507 0344 87020000 		.4byte	.LASF44
 508 0348 01       		.byte	0x1
 509 0349 51030000 		.4byte	0x351
 510 034d 5C030000 		.4byte	0x35c
 511 0351 0E       		.uleb128 0xe
 512 0352 4C060000 		.4byte	0x64c
ARM GAS  /tmp/cc8sNLlX.s 			page 10


 513 0356 0B       		.uleb128 0xb
 514 0357 52060000 		.4byte	0x652
 515 035b 00       		.byte	0
 516 035c 15       		.uleb128 0x15
 517 035d 62050000 		.4byte	.LASF45
 518 0361 07       		.byte	0x7
 519 0362 27       		.byte	0x27
 520 0363 22030000 		.4byte	.LASF46
 521 0367 33060000 		.4byte	0x633
 522 036b 01       		.byte	0x1
 523 036c 74030000 		.4byte	0x374
 524 0370 7F030000 		.4byte	0x37f
 525 0374 0E       		.uleb128 0xe
 526 0375 46060000 		.4byte	0x646
 527 0379 0B       		.uleb128 0xb
 528 037a 58060000 		.4byte	0x658
 529 037e 00       		.byte	0
 530 037f 15       		.uleb128 0x15
 531 0380 8B030000 		.4byte	.LASF47
 532 0384 07       		.byte	0x7
 533 0385 28       		.byte	0x28
 534 0386 81080000 		.4byte	.LASF48
 535 038a 33060000 		.4byte	0x633
 536 038e 01       		.byte	0x1
 537 038f 97030000 		.4byte	0x397
 538 0393 A2030000 		.4byte	0x3a2
 539 0397 0E       		.uleb128 0xe
 540 0398 4C060000 		.4byte	0x64c
 541 039c 0B       		.uleb128 0xb
 542 039d 52060000 		.4byte	0x652
 543 03a1 00       		.byte	0
 544 03a2 15       		.uleb128 0x15
 545 03a3 79000000 		.4byte	.LASF49
 546 03a7 07       		.byte	0x7
 547 03a8 29       		.byte	0x29
 548 03a9 5C000000 		.4byte	.LASF50
 549 03ad 33060000 		.4byte	0x633
 550 03b1 01       		.byte	0x1
 551 03b2 BA030000 		.4byte	0x3ba
 552 03b6 C0030000 		.4byte	0x3c0
 553 03ba 0E       		.uleb128 0xe
 554 03bb 4C060000 		.4byte	0x64c
 555 03bf 00       		.byte	0
 556 03c0 10       		.uleb128 0x10
 557 03c1 78090000 		.4byte	.LASF17
 558 03c5 07       		.byte	0x7
 559 03c6 2C       		.byte	0x2c
 560 03c7 4C060000 		.4byte	0x64c
 561 03cb 01       		.byte	0x1
 562 03cc D0030000 		.4byte	0x3d0
 563 03d0 0E       		.uleb128 0xe
 564 03d1 4C060000 		.4byte	0x64c
 565 03d5 00       		.byte	0
 566 03d6 00       		.byte	0
 567 03d7 07       		.uleb128 0x7
 568 03d8 97010000 		.4byte	0x197
 569 03dc 0C       		.uleb128 0xc
ARM GAS  /tmp/cc8sNLlX.s 			page 11


 570 03dd 00050000 		.4byte	.LASF51
 571 03e1 0C       		.byte	0xc
 572 03e2 02       		.byte	0x2
 573 03e3 0A       		.byte	0xa
 574 03e4 F2050000 		.4byte	0x5f2
 575 03e8 14       		.uleb128 0x14
 576 03e9 32010000 		.4byte	0x132
 577 03ed 00       		.byte	0
 578 03ee 12       		.uleb128 0x12
 579 03ef 39060000 		.4byte	.LASF52
 580 03f3 02       		.byte	0x2
 581 03f4 72       		.byte	0x72
 582 03f5 97010000 		.4byte	0x197
 583 03f9 04       		.byte	0x4
 584 03fa 17       		.uleb128 0x17
 585 03fb 00000000 		.4byte	.LASF20
 586 03ff 18       		.uleb128 0x18
 587 0400 B9010000 		.4byte	.LASF53
 588 0404 18       		.uleb128 0x18
 589 0405 6C080000 		.4byte	.LASF54
 590 0409 15       		.uleb128 0x15
 591 040a A9080000 		.4byte	.LASF27
 592 040e 02       		.byte	0x2
 593 040f 75       		.byte	0x75
 594 0410 2D090000 		.4byte	.LASF55
 595 0414 33060000 		.4byte	0x633
 596 0418 01       		.byte	0x1
 597 0419 21040000 		.4byte	0x421
 598 041d 27040000 		.4byte	0x427
 599 0421 0E       		.uleb128 0xe
 600 0422 5E060000 		.4byte	0x65e
 601 0426 00       		.byte	0
 602 0427 16       		.uleb128 0x16
 603 0428 6C090000 		.4byte	.LASF29
 604 042c 02       		.byte	0x2
 605 042d 79       		.byte	0x79
 606 042e B9080000 		.4byte	.LASF56
 607 0432 01       		.byte	0x1
 608 0433 3B040000 		.4byte	0x43b
 609 0437 46040000 		.4byte	0x446
 610 043b 0E       		.uleb128 0xe
 611 043c 64060000 		.4byte	0x664
 612 0440 0B       		.uleb128 0xb
 613 0441 6A060000 		.4byte	0x66a
 614 0445 00       		.byte	0
 615 0446 15       		.uleb128 0x15
 616 0447 C4020000 		.4byte	.LASF30
 617 044b 02       		.byte	0x2
 618 044c 7D       		.byte	0x7d
 619 044d 91040000 		.4byte	.LASF57
 620 0451 33060000 		.4byte	0x633
 621 0455 01       		.byte	0x1
 622 0456 5E040000 		.4byte	0x45e
 623 045a 69040000 		.4byte	0x469
 624 045e 0E       		.uleb128 0xe
 625 045f 5E060000 		.4byte	0x65e
 626 0463 0B       		.uleb128 0xb
ARM GAS  /tmp/cc8sNLlX.s 			page 12


 627 0464 70060000 		.4byte	0x670
 628 0468 00       		.byte	0
 629 0469 07       		.uleb128 0x7
 630 046a FA030000 		.4byte	0x3fa
 631 046e 15       		.uleb128 0x15
 632 046f B9030000 		.4byte	.LASF32
 633 0473 02       		.byte	0x2
 634 0474 83       		.byte	0x83
 635 0475 42020000 		.4byte	.LASF58
 636 0479 33060000 		.4byte	0x633
 637 047d 01       		.byte	0x1
 638 047e 86040000 		.4byte	0x486
 639 0482 91040000 		.4byte	0x491
 640 0486 0E       		.uleb128 0xe
 641 0487 64060000 		.4byte	0x664
 642 048b 0B       		.uleb128 0xb
 643 048c 6A060000 		.4byte	0x66a
 644 0490 00       		.byte	0
 645 0491 15       		.uleb128 0x15
 646 0492 75080000 		.4byte	.LASF34
 647 0496 02       		.byte	0x2
 648 0497 87       		.byte	0x87
 649 0498 A0000000 		.4byte	.LASF59
 650 049c 33060000 		.4byte	0x633
 651 04a0 01       		.byte	0x1
 652 04a1 A9040000 		.4byte	0x4a9
 653 04a5 AF040000 		.4byte	0x4af
 654 04a9 0E       		.uleb128 0xe
 655 04aa 64060000 		.4byte	0x664
 656 04ae 00       		.byte	0
 657 04af 15       		.uleb128 0x15
 658 04b0 10030000 		.4byte	.LASF60
 659 04b4 02       		.byte	0x2
 660 04b5 8B       		.byte	0x8b
 661 04b6 19010000 		.4byte	.LASF61
 662 04ba CD040000 		.4byte	0x4cd
 663 04be 01       		.byte	0x1
 664 04bf C7040000 		.4byte	0x4c7
 665 04c3 CD040000 		.4byte	0x4cd
 666 04c7 0E       		.uleb128 0xe
 667 04c8 5E060000 		.4byte	0x65e
 668 04cc 00       		.byte	0
 669 04cd 07       		.uleb128 0x7
 670 04ce FF030000 		.4byte	0x3ff
 671 04d2 15       		.uleb128 0x15
 672 04d3 7C060000 		.4byte	.LASF62
 673 04d7 02       		.byte	0x2
 674 04d8 91       		.byte	0x91
 675 04d9 FF050000 		.4byte	.LASF63
 676 04dd CD040000 		.4byte	0x4cd
 677 04e1 01       		.byte	0x1
 678 04e2 EA040000 		.4byte	0x4ea
 679 04e6 F0040000 		.4byte	0x4f0
 680 04ea 0E       		.uleb128 0xe
 681 04eb 5E060000 		.4byte	0x65e
 682 04ef 00       		.byte	0
 683 04f0 15       		.uleb128 0x15
ARM GAS  /tmp/cc8sNLlX.s 			page 13


 684 04f1 87060000 		.4byte	.LASF40
 685 04f5 02       		.byte	0x2
 686 04f6 95       		.byte	0x95
 687 04f7 7C010000 		.4byte	.LASF64
 688 04fb 33060000 		.4byte	0x633
 689 04ff 01       		.byte	0x1
 690 0500 08050000 		.4byte	0x508
 691 0504 0E050000 		.4byte	0x50e
 692 0508 0E       		.uleb128 0xe
 693 0509 5E060000 		.4byte	0x65e
 694 050d 00       		.byte	0
 695 050e 16       		.uleb128 0x16
 696 050f D8040000 		.4byte	.LASF42
 697 0513 02       		.byte	0x2
 698 0514 99       		.byte	0x99
 699 0515 41040000 		.4byte	.LASF65
 700 0519 01       		.byte	0x1
 701 051a 22050000 		.4byte	0x522
 702 051e 2D050000 		.4byte	0x52d
 703 0522 0E       		.uleb128 0xe
 704 0523 64060000 		.4byte	0x664
 705 0527 0B       		.uleb128 0xb
 706 0528 6A060000 		.4byte	0x66a
 707 052c 00       		.byte	0
 708 052d 15       		.uleb128 0x15
 709 052e 62050000 		.4byte	.LASF45
 710 0532 02       		.byte	0x2
 711 0533 9D       		.byte	0x9d
 712 0534 91050000 		.4byte	.LASF66
 713 0538 33060000 		.4byte	0x633
 714 053c 01       		.byte	0x1
 715 053d 45050000 		.4byte	0x545
 716 0541 50050000 		.4byte	0x550
 717 0545 0E       		.uleb128 0xe
 718 0546 5E060000 		.4byte	0x65e
 719 054a 0B       		.uleb128 0xb
 720 054b 70060000 		.4byte	0x670
 721 054f 00       		.byte	0
 722 0550 15       		.uleb128 0x15
 723 0551 8B030000 		.4byte	.LASF47
 724 0555 02       		.byte	0x2
 725 0556 A1       		.byte	0xa1
 726 0557 C6030000 		.4byte	.LASF67
 727 055b 33060000 		.4byte	0x633
 728 055f 01       		.byte	0x1
 729 0560 68050000 		.4byte	0x568
 730 0564 73050000 		.4byte	0x573
 731 0568 0E       		.uleb128 0xe
 732 0569 64060000 		.4byte	0x664
 733 056d 0B       		.uleb128 0xb
 734 056e 6A060000 		.4byte	0x66a
 735 0572 00       		.byte	0
 736 0573 15       		.uleb128 0x15
 737 0574 79000000 		.4byte	.LASF49
 738 0578 02       		.byte	0x2
 739 0579 A5       		.byte	0xa5
 740 057a D0020000 		.4byte	.LASF68
ARM GAS  /tmp/cc8sNLlX.s 			page 14


 741 057e 33060000 		.4byte	0x633
 742 0582 01       		.byte	0x1
 743 0583 8B050000 		.4byte	0x58b
 744 0587 91050000 		.4byte	0x591
 745 058b 0E       		.uleb128 0xe
 746 058c 64060000 		.4byte	0x664
 747 0590 00       		.byte	0
 748 0591 15       		.uleb128 0x15
 749 0592 76010000 		.4byte	.LASF69
 750 0596 02       		.byte	0x2
 751 0597 A9       		.byte	0xa9
 752 0598 2E050000 		.4byte	.LASF70
 753 059c AF050000 		.4byte	0x5af
 754 05a0 01       		.byte	0x1
 755 05a1 A9050000 		.4byte	0x5a9
 756 05a5 AF050000 		.4byte	0x5af
 757 05a9 0E       		.uleb128 0xe
 758 05aa 5E060000 		.4byte	0x65e
 759 05ae 00       		.byte	0
 760 05af 07       		.uleb128 0x7
 761 05b0 04040000 		.4byte	0x404
 762 05b4 19       		.uleb128 0x19
 763 05b5 656E6400 		.ascii	"end\000"
 764 05b9 02       		.byte	0x2
 765 05ba AD       		.byte	0xad
 766 05bb 10020000 		.4byte	.LASF82
 767 05bf AF050000 		.4byte	0x5af
 768 05c3 01       		.byte	0x1
 769 05c4 CC050000 		.4byte	0x5cc
 770 05c8 D2050000 		.4byte	0x5d2
 771 05cc 0E       		.uleb128 0xe
 772 05cd 5E060000 		.4byte	0x65e
 773 05d1 00       		.byte	0
 774 05d2 1A       		.uleb128 0x1a
 775 05d3 11000000 		.4byte	.LASF71
 776 05d7 64060000 		.4byte	0x664
 777 05db 01       		.byte	0x1
 778 05dc E4050000 		.4byte	0x5e4
 779 05e0 EA050000 		.4byte	0x5ea
 780 05e4 0E       		.uleb128 0xe
 781 05e5 64060000 		.4byte	0x664
 782 05e9 00       		.byte	0
 783 05ea 1B       		.uleb128 0x1b
 784 05eb 5400     		.ascii	"T\000"
 785 05ed 21060000 		.4byte	0x621
 786 05f1 00       		.byte	0
 787 05f2 07       		.uleb128 0x7
 788 05f3 DC030000 		.4byte	0x3dc
 789 05f7 0C       		.uleb128 0xc
 790 05f8 2D040000 		.4byte	.LASF72
 791 05fc 0C       		.byte	0xc
 792 05fd 08       		.byte	0x8
 793 05fe 0B       		.byte	0xb
 794 05ff 21060000 		.4byte	0x621
 795 0603 1C       		.uleb128 0x1c
 796 0604 DC030000 		.4byte	0x3dc
 797 0608 00       		.byte	0
ARM GAS  /tmp/cc8sNLlX.s 			page 15


 798 0609 01       		.byte	0x1
 799 060a 10       		.uleb128 0x10
 800 060b 2D040000 		.4byte	.LASF72
 801 060f 08       		.byte	0x8
 802 0610 0D       		.byte	0xd
 803 0611 7C060000 		.4byte	0x67c
 804 0615 01       		.byte	0x1
 805 0616 1A060000 		.4byte	0x61a
 806 061a 0E       		.uleb128 0xe
 807 061b 7C060000 		.4byte	0x67c
 808 061f 00       		.byte	0
 809 0620 00       		.byte	0
 810 0621 18       		.uleb128 0x18
 811 0622 CD070000 		.4byte	.LASF73
 812 0626 00       		.byte	0
 813 0627 06       		.uleb128 0x6
 814 0628 04       		.byte	0x4
 815 0629 32010000 		.4byte	0x132
 816 062d 1D       		.uleb128 0x1d
 817 062e 04       		.byte	0x4
 818 062f 92010000 		.4byte	0x192
 819 0633 04       		.uleb128 0x4
 820 0634 01       		.byte	0x1
 821 0635 02       		.byte	0x2
 822 0636 B9020000 		.4byte	.LASF74
 823 063a 06       		.uleb128 0x6
 824 063b 04       		.byte	0x4
 825 063c A3010000 		.4byte	0x1a3
 826 0640 06       		.uleb128 0x6
 827 0641 04       		.byte	0x4
 828 0642 1F020000 		.4byte	0x21f
 829 0646 06       		.uleb128 0x6
 830 0647 04       		.byte	0x4
 831 0648 D7030000 		.4byte	0x3d7
 832 064c 06       		.uleb128 0x6
 833 064d 04       		.byte	0x4
 834 064e 97010000 		.4byte	0x197
 835 0652 1D       		.uleb128 0x1d
 836 0653 04       		.byte	0x4
 837 0654 A3010000 		.4byte	0x1a3
 838 0658 1D       		.uleb128 0x1d
 839 0659 04       		.byte	0x4
 840 065a 40060000 		.4byte	0x640
 841 065e 06       		.uleb128 0x6
 842 065f 04       		.byte	0x4
 843 0660 F2050000 		.4byte	0x5f2
 844 0664 06       		.uleb128 0x6
 845 0665 04       		.byte	0x4
 846 0666 DC030000 		.4byte	0x3dc
 847 066a 1D       		.uleb128 0x1d
 848 066b 04       		.byte	0x4
 849 066c FA030000 		.4byte	0x3fa
 850 0670 1D       		.uleb128 0x1d
 851 0671 04       		.byte	0x4
 852 0672 76060000 		.4byte	0x676
 853 0676 06       		.uleb128 0x6
 854 0677 04       		.byte	0x4
ARM GAS  /tmp/cc8sNLlX.s 			page 16


 855 0678 69040000 		.4byte	0x469
 856 067c 06       		.uleb128 0x6
 857 067d 04       		.byte	0x4
 858 067e F7050000 		.4byte	0x5f7
 859 0682 1E       		.uleb128 0x1e
 860 0683 5C010000 		.4byte	0x15c
 861 0687 02       		.byte	0x2
 862 0688 90060000 		.4byte	0x690
 863 068c 9A060000 		.4byte	0x69a
 864 0690 1F       		.uleb128 0x1f
 865 0691 02020000 		.4byte	.LASF75
 866 0695 9A060000 		.4byte	0x69a
 867 0699 00       		.byte	0
 868 069a 07       		.uleb128 0x7
 869 069b 27060000 		.4byte	0x627
 870 069f 20       		.uleb128 0x20
 871 06a0 82060000 		.4byte	0x682
 872 06a4 91030000 		.4byte	.LASF76
 873 06a8 00000000 		.4byte	.LFB6
 874 06ac 0C000000 		.4byte	.LFE6-.LFB6
 875 06b0 01       		.uleb128 0x1
 876 06b1 9C       		.byte	0x9c
 877 06b2 BA060000 		.4byte	0x6ba
 878 06b6 C3060000 		.4byte	0x6c3
 879 06ba 21       		.uleb128 0x21
 880 06bb 90060000 		.4byte	0x690
 881 06bf 02       		.uleb128 0x2
 882 06c0 91       		.byte	0x91
 883 06c1 7C       		.sleb128 -4
 884 06c2 00       		.byte	0
 885 06c3 22       		.uleb128 0x22
 886 06c4 D2050000 		.4byte	0x5d2
 887 06c8 02       		.byte	0x2
 888 06c9 0A       		.byte	0xa
 889 06ca 02       		.byte	0x2
 890 06cb D3060000 		.4byte	0x6d3
 891 06cf DD060000 		.4byte	0x6dd
 892 06d3 1F       		.uleb128 0x1f
 893 06d4 02020000 		.4byte	.LASF75
 894 06d8 DD060000 		.4byte	0x6dd
 895 06dc 00       		.byte	0
 896 06dd 07       		.uleb128 0x7
 897 06de 64060000 		.4byte	0x664
 898 06e2 23       		.uleb128 0x23
 899 06e3 C3060000 		.4byte	0x6c3
 900 06e7 D0050000 		.4byte	.LASF77
 901 06eb 00000000 		.4byte	.LFB77
 902 06ef 20000000 		.4byte	.LFE77-.LFB77
 903 06f3 01       		.uleb128 0x1
 904 06f4 9C       		.byte	0x9c
 905 06f5 FD060000 		.4byte	0x6fd
 906 06f9 06070000 		.4byte	0x706
 907 06fd 21       		.uleb128 0x21
 908 06fe D3060000 		.4byte	0x6d3
 909 0702 02       		.uleb128 0x2
 910 0703 91       		.byte	0x91
 911 0704 74       		.sleb128 -12
ARM GAS  /tmp/cc8sNLlX.s 			page 17


 912 0705 00       		.byte	0
 913 0706 22       		.uleb128 0x22
 914 0707 0A060000 		.4byte	0x60a
 915 070b 03       		.byte	0x3
 916 070c 07       		.byte	0x7
 917 070d 00       		.byte	0
 918 070e 16070000 		.4byte	0x716
 919 0712 20070000 		.4byte	0x720
 920 0716 1F       		.uleb128 0x1f
 921 0717 02020000 		.4byte	.LASF75
 922 071b 20070000 		.4byte	0x720
 923 071f 00       		.byte	0
 924 0720 07       		.uleb128 0x7
 925 0721 7C060000 		.4byte	0x67c
 926 0725 24       		.uleb128 0x24
 927 0726 06070000 		.4byte	0x706
 928 072a 55010000 		.4byte	.LASF83
 929 072e 00000000 		.4byte	.LFB82
 930 0732 18000000 		.4byte	.LFE82-.LFB82
 931 0736 01       		.uleb128 0x1
 932 0737 9C       		.byte	0x9c
 933 0738 3C070000 		.4byte	0x73c
 934 073c 21       		.uleb128 0x21
 935 073d 16070000 		.4byte	0x716
 936 0741 02       		.uleb128 0x2
 937 0742 91       		.byte	0x91
 938 0743 74       		.sleb128 -12
 939 0744 00       		.byte	0
 940 0745 00       		.byte	0
 941              		.section	.debug_abbrev,"",%progbits
 942              	.Ldebug_abbrev0:
 943 0000 01       		.uleb128 0x1
 944 0001 11       		.uleb128 0x11
 945 0002 01       		.byte	0x1
 946 0003 25       		.uleb128 0x25
 947 0004 0E       		.uleb128 0xe
 948 0005 13       		.uleb128 0x13
 949 0006 0B       		.uleb128 0xb
 950 0007 03       		.uleb128 0x3
 951 0008 0E       		.uleb128 0xe
 952 0009 1B       		.uleb128 0x1b
 953 000a 0E       		.uleb128 0xe
 954 000b 55       		.uleb128 0x55
 955 000c 17       		.uleb128 0x17
 956 000d 11       		.uleb128 0x11
 957 000e 01       		.uleb128 0x1
 958 000f 10       		.uleb128 0x10
 959 0010 17       		.uleb128 0x17
 960 0011 00       		.byte	0
 961 0012 00       		.byte	0
 962 0013 02       		.uleb128 0x2
 963 0014 24       		.uleb128 0x24
 964 0015 00       		.byte	0
 965 0016 0B       		.uleb128 0xb
 966 0017 0B       		.uleb128 0xb
 967 0018 3E       		.uleb128 0x3e
 968 0019 0B       		.uleb128 0xb
ARM GAS  /tmp/cc8sNLlX.s 			page 18


 969 001a 03       		.uleb128 0x3
 970 001b 08       		.uleb128 0x8
 971 001c 00       		.byte	0
 972 001d 00       		.byte	0
 973 001e 03       		.uleb128 0x3
 974 001f 16       		.uleb128 0x16
 975 0020 00       		.byte	0
 976 0021 03       		.uleb128 0x3
 977 0022 0E       		.uleb128 0xe
 978 0023 3A       		.uleb128 0x3a
 979 0024 0B       		.uleb128 0xb
 980 0025 3B       		.uleb128 0x3b
 981 0026 0B       		.uleb128 0xb
 982 0027 49       		.uleb128 0x49
 983 0028 13       		.uleb128 0x13
 984 0029 00       		.byte	0
 985 002a 00       		.byte	0
 986 002b 04       		.uleb128 0x4
 987 002c 24       		.uleb128 0x24
 988 002d 00       		.byte	0
 989 002e 0B       		.uleb128 0xb
 990 002f 0B       		.uleb128 0xb
 991 0030 3E       		.uleb128 0x3e
 992 0031 0B       		.uleb128 0xb
 993 0032 03       		.uleb128 0x3
 994 0033 0E       		.uleb128 0xe
 995 0034 00       		.byte	0
 996 0035 00       		.byte	0
 997 0036 05       		.uleb128 0x5
 998 0037 0F       		.uleb128 0xf
 999 0038 00       		.byte	0
 1000 0039 0B       		.uleb128 0xb
 1001 003a 0B       		.uleb128 0xb
 1002 003b 00       		.byte	0
 1003 003c 00       		.byte	0
 1004 003d 06       		.uleb128 0x6
 1005 003e 0F       		.uleb128 0xf
 1006 003f 00       		.byte	0
 1007 0040 0B       		.uleb128 0xb
 1008 0041 0B       		.uleb128 0xb
 1009 0042 49       		.uleb128 0x49
 1010 0043 13       		.uleb128 0x13
 1011 0044 00       		.byte	0
 1012 0045 00       		.byte	0
 1013 0046 07       		.uleb128 0x7
 1014 0047 26       		.uleb128 0x26
 1015 0048 00       		.byte	0
 1016 0049 49       		.uleb128 0x49
 1017 004a 13       		.uleb128 0x13
 1018 004b 00       		.byte	0
 1019 004c 00       		.byte	0
 1020 004d 08       		.uleb128 0x8
 1021 004e 39       		.uleb128 0x39
 1022 004f 01       		.byte	0x1
 1023 0050 03       		.uleb128 0x3
 1024 0051 08       		.uleb128 0x8
 1025 0052 3A       		.uleb128 0x3a
ARM GAS  /tmp/cc8sNLlX.s 			page 19


 1026 0053 0B       		.uleb128 0xb
 1027 0054 3B       		.uleb128 0x3b
 1028 0055 0B       		.uleb128 0xb
 1029 0056 01       		.uleb128 0x1
 1030 0057 13       		.uleb128 0x13
 1031 0058 00       		.byte	0
 1032 0059 00       		.byte	0
 1033 005a 09       		.uleb128 0x9
 1034 005b 08       		.uleb128 0x8
 1035 005c 00       		.byte	0
 1036 005d 3A       		.uleb128 0x3a
 1037 005e 0B       		.uleb128 0xb
 1038 005f 3B       		.uleb128 0x3b
 1039 0060 0B       		.uleb128 0xb
 1040 0061 18       		.uleb128 0x18
 1041 0062 13       		.uleb128 0x13
 1042 0063 00       		.byte	0
 1043 0064 00       		.byte	0
 1044 0065 0A       		.uleb128 0xa
 1045 0066 2E       		.uleb128 0x2e
 1046 0067 01       		.byte	0x1
 1047 0068 3F       		.uleb128 0x3f
 1048 0069 19       		.uleb128 0x19
 1049 006a 03       		.uleb128 0x3
 1050 006b 0E       		.uleb128 0xe
 1051 006c 3A       		.uleb128 0x3a
 1052 006d 0B       		.uleb128 0xb
 1053 006e 3B       		.uleb128 0x3b
 1054 006f 0B       		.uleb128 0xb
 1055 0070 49       		.uleb128 0x49
 1056 0071 13       		.uleb128 0x13
 1057 0072 3C       		.uleb128 0x3c
 1058 0073 19       		.uleb128 0x19
 1059 0074 01       		.uleb128 0x1
 1060 0075 13       		.uleb128 0x13
 1061 0076 00       		.byte	0
 1062 0077 00       		.byte	0
 1063 0078 0B       		.uleb128 0xb
 1064 0079 05       		.uleb128 0x5
 1065 007a 00       		.byte	0
 1066 007b 49       		.uleb128 0x49
 1067 007c 13       		.uleb128 0x13
 1068 007d 00       		.byte	0
 1069 007e 00       		.byte	0
 1070 007f 0C       		.uleb128 0xc
 1071 0080 02       		.uleb128 0x2
 1072 0081 01       		.byte	0x1
 1073 0082 03       		.uleb128 0x3
 1074 0083 0E       		.uleb128 0xe
 1075 0084 0B       		.uleb128 0xb
 1076 0085 0B       		.uleb128 0xb
 1077 0086 3A       		.uleb128 0x3a
 1078 0087 0B       		.uleb128 0xb
 1079 0088 3B       		.uleb128 0x3b
 1080 0089 0B       		.uleb128 0xb
 1081 008a 01       		.uleb128 0x1
 1082 008b 13       		.uleb128 0x13
ARM GAS  /tmp/cc8sNLlX.s 			page 20


 1083 008c 00       		.byte	0
 1084 008d 00       		.byte	0
 1085 008e 0D       		.uleb128 0xd
 1086 008f 2E       		.uleb128 0x2e
 1087 0090 01       		.byte	0x1
 1088 0091 3F       		.uleb128 0x3f
 1089 0092 19       		.uleb128 0x19
 1090 0093 03       		.uleb128 0x3
 1091 0094 0E       		.uleb128 0xe
 1092 0095 3A       		.uleb128 0x3a
 1093 0096 0B       		.uleb128 0xb
 1094 0097 3B       		.uleb128 0x3b
 1095 0098 0B       		.uleb128 0xb
 1096 0099 49       		.uleb128 0x49
 1097 009a 13       		.uleb128 0x13
 1098 009b 3C       		.uleb128 0x3c
 1099 009c 19       		.uleb128 0x19
 1100 009d 64       		.uleb128 0x64
 1101 009e 13       		.uleb128 0x13
 1102 009f 01       		.uleb128 0x1
 1103 00a0 13       		.uleb128 0x13
 1104 00a1 00       		.byte	0
 1105 00a2 00       		.byte	0
 1106 00a3 0E       		.uleb128 0xe
 1107 00a4 05       		.uleb128 0x5
 1108 00a5 00       		.byte	0
 1109 00a6 49       		.uleb128 0x49
 1110 00a7 13       		.uleb128 0x13
 1111 00a8 34       		.uleb128 0x34
 1112 00a9 19       		.uleb128 0x19
 1113 00aa 00       		.byte	0
 1114 00ab 00       		.byte	0
 1115 00ac 0F       		.uleb128 0xf
 1116 00ad 2E       		.uleb128 0x2e
 1117 00ae 01       		.byte	0x1
 1118 00af 3F       		.uleb128 0x3f
 1119 00b0 19       		.uleb128 0x19
 1120 00b1 03       		.uleb128 0x3
 1121 00b2 0E       		.uleb128 0xe
 1122 00b3 3A       		.uleb128 0x3a
 1123 00b4 0B       		.uleb128 0xb
 1124 00b5 3B       		.uleb128 0x3b
 1125 00b6 0B       		.uleb128 0xb
 1126 00b7 49       		.uleb128 0x49
 1127 00b8 13       		.uleb128 0x13
 1128 00b9 32       		.uleb128 0x32
 1129 00ba 0B       		.uleb128 0xb
 1130 00bb 3C       		.uleb128 0x3c
 1131 00bc 19       		.uleb128 0x19
 1132 00bd 64       		.uleb128 0x64
 1133 00be 13       		.uleb128 0x13
 1134 00bf 01       		.uleb128 0x1
 1135 00c0 13       		.uleb128 0x13
 1136 00c1 00       		.byte	0
 1137 00c2 00       		.byte	0
 1138 00c3 10       		.uleb128 0x10
 1139 00c4 2E       		.uleb128 0x2e
ARM GAS  /tmp/cc8sNLlX.s 			page 21


 1140 00c5 01       		.byte	0x1
 1141 00c6 3F       		.uleb128 0x3f
 1142 00c7 19       		.uleb128 0x19
 1143 00c8 03       		.uleb128 0x3
 1144 00c9 0E       		.uleb128 0xe
 1145 00ca 3A       		.uleb128 0x3a
 1146 00cb 0B       		.uleb128 0xb
 1147 00cc 3B       		.uleb128 0x3b
 1148 00cd 0B       		.uleb128 0xb
 1149 00ce 49       		.uleb128 0x49
 1150 00cf 13       		.uleb128 0x13
 1151 00d0 32       		.uleb128 0x32
 1152 00d1 0B       		.uleb128 0xb
 1153 00d2 3C       		.uleb128 0x3c
 1154 00d3 19       		.uleb128 0x19
 1155 00d4 64       		.uleb128 0x64
 1156 00d5 13       		.uleb128 0x13
 1157 00d6 00       		.byte	0
 1158 00d7 00       		.byte	0
 1159 00d8 11       		.uleb128 0x11
 1160 00d9 13       		.uleb128 0x13
 1161 00da 01       		.byte	0x1
 1162 00db 03       		.uleb128 0x3
 1163 00dc 0E       		.uleb128 0xe
 1164 00dd 0B       		.uleb128 0xb
 1165 00de 0B       		.uleb128 0xb
 1166 00df 3A       		.uleb128 0x3a
 1167 00e0 0B       		.uleb128 0xb
 1168 00e1 3B       		.uleb128 0x3b
 1169 00e2 0B       		.uleb128 0xb
 1170 00e3 32       		.uleb128 0x32
 1171 00e4 0B       		.uleb128 0xb
 1172 00e5 01       		.uleb128 0x1
 1173 00e6 13       		.uleb128 0x13
 1174 00e7 00       		.byte	0
 1175 00e8 00       		.byte	0
 1176 00e9 12       		.uleb128 0x12
 1177 00ea 0D       		.uleb128 0xd
 1178 00eb 00       		.byte	0
 1179 00ec 03       		.uleb128 0x3
 1180 00ed 0E       		.uleb128 0xe
 1181 00ee 3A       		.uleb128 0x3a
 1182 00ef 0B       		.uleb128 0xb
 1183 00f0 3B       		.uleb128 0x3b
 1184 00f1 0B       		.uleb128 0xb
 1185 00f2 49       		.uleb128 0x49
 1186 00f3 13       		.uleb128 0x13
 1187 00f4 38       		.uleb128 0x38
 1188 00f5 0B       		.uleb128 0xb
 1189 00f6 00       		.byte	0
 1190 00f7 00       		.byte	0
 1191 00f8 13       		.uleb128 0x13
 1192 00f9 2E       		.uleb128 0x2e
 1193 00fa 01       		.byte	0x1
 1194 00fb 3F       		.uleb128 0x3f
 1195 00fc 19       		.uleb128 0x19
 1196 00fd 03       		.uleb128 0x3
ARM GAS  /tmp/cc8sNLlX.s 			page 22


 1197 00fe 0E       		.uleb128 0xe
 1198 00ff 3A       		.uleb128 0x3a
 1199 0100 0B       		.uleb128 0xb
 1200 0101 3B       		.uleb128 0x3b
 1201 0102 0B       		.uleb128 0xb
 1202 0103 49       		.uleb128 0x49
 1203 0104 13       		.uleb128 0x13
 1204 0105 3C       		.uleb128 0x3c
 1205 0106 19       		.uleb128 0x19
 1206 0107 64       		.uleb128 0x64
 1207 0108 13       		.uleb128 0x13
 1208 0109 00       		.byte	0
 1209 010a 00       		.byte	0
 1210 010b 14       		.uleb128 0x14
 1211 010c 1C       		.uleb128 0x1c
 1212 010d 00       		.byte	0
 1213 010e 49       		.uleb128 0x49
 1214 010f 13       		.uleb128 0x13
 1215 0110 38       		.uleb128 0x38
 1216 0111 0B       		.uleb128 0xb
 1217 0112 00       		.byte	0
 1218 0113 00       		.byte	0
 1219 0114 15       		.uleb128 0x15
 1220 0115 2E       		.uleb128 0x2e
 1221 0116 01       		.byte	0x1
 1222 0117 3F       		.uleb128 0x3f
 1223 0118 19       		.uleb128 0x19
 1224 0119 03       		.uleb128 0x3
 1225 011a 0E       		.uleb128 0xe
 1226 011b 3A       		.uleb128 0x3a
 1227 011c 0B       		.uleb128 0xb
 1228 011d 3B       		.uleb128 0x3b
 1229 011e 0B       		.uleb128 0xb
 1230 011f 6E       		.uleb128 0x6e
 1231 0120 0E       		.uleb128 0xe
 1232 0121 49       		.uleb128 0x49
 1233 0122 13       		.uleb128 0x13
 1234 0123 32       		.uleb128 0x32
 1235 0124 0B       		.uleb128 0xb
 1236 0125 3C       		.uleb128 0x3c
 1237 0126 19       		.uleb128 0x19
 1238 0127 64       		.uleb128 0x64
 1239 0128 13       		.uleb128 0x13
 1240 0129 01       		.uleb128 0x1
 1241 012a 13       		.uleb128 0x13
 1242 012b 00       		.byte	0
 1243 012c 00       		.byte	0
 1244 012d 16       		.uleb128 0x16
 1245 012e 2E       		.uleb128 0x2e
 1246 012f 01       		.byte	0x1
 1247 0130 3F       		.uleb128 0x3f
 1248 0131 19       		.uleb128 0x19
 1249 0132 03       		.uleb128 0x3
 1250 0133 0E       		.uleb128 0xe
 1251 0134 3A       		.uleb128 0x3a
 1252 0135 0B       		.uleb128 0xb
 1253 0136 3B       		.uleb128 0x3b
ARM GAS  /tmp/cc8sNLlX.s 			page 23


 1254 0137 0B       		.uleb128 0xb
 1255 0138 6E       		.uleb128 0x6e
 1256 0139 0E       		.uleb128 0xe
 1257 013a 32       		.uleb128 0x32
 1258 013b 0B       		.uleb128 0xb
 1259 013c 3C       		.uleb128 0x3c
 1260 013d 19       		.uleb128 0x19
 1261 013e 64       		.uleb128 0x64
 1262 013f 13       		.uleb128 0x13
 1263 0140 01       		.uleb128 0x1
 1264 0141 13       		.uleb128 0x13
 1265 0142 00       		.byte	0
 1266 0143 00       		.byte	0
 1267 0144 17       		.uleb128 0x17
 1268 0145 13       		.uleb128 0x13
 1269 0146 00       		.byte	0
 1270 0147 03       		.uleb128 0x3
 1271 0148 0E       		.uleb128 0xe
 1272 0149 3C       		.uleb128 0x3c
 1273 014a 19       		.uleb128 0x19
 1274 014b 00       		.byte	0
 1275 014c 00       		.byte	0
 1276 014d 18       		.uleb128 0x18
 1277 014e 02       		.uleb128 0x2
 1278 014f 00       		.byte	0
 1279 0150 03       		.uleb128 0x3
 1280 0151 0E       		.uleb128 0xe
 1281 0152 3C       		.uleb128 0x3c
 1282 0153 19       		.uleb128 0x19
 1283 0154 00       		.byte	0
 1284 0155 00       		.byte	0
 1285 0156 19       		.uleb128 0x19
 1286 0157 2E       		.uleb128 0x2e
 1287 0158 01       		.byte	0x1
 1288 0159 3F       		.uleb128 0x3f
 1289 015a 19       		.uleb128 0x19
 1290 015b 03       		.uleb128 0x3
 1291 015c 08       		.uleb128 0x8
 1292 015d 3A       		.uleb128 0x3a
 1293 015e 0B       		.uleb128 0xb
 1294 015f 3B       		.uleb128 0x3b
 1295 0160 0B       		.uleb128 0xb
 1296 0161 6E       		.uleb128 0x6e
 1297 0162 0E       		.uleb128 0xe
 1298 0163 49       		.uleb128 0x49
 1299 0164 13       		.uleb128 0x13
 1300 0165 32       		.uleb128 0x32
 1301 0166 0B       		.uleb128 0xb
 1302 0167 3C       		.uleb128 0x3c
 1303 0168 19       		.uleb128 0x19
 1304 0169 64       		.uleb128 0x64
 1305 016a 13       		.uleb128 0x13
 1306 016b 01       		.uleb128 0x1
 1307 016c 13       		.uleb128 0x13
 1308 016d 00       		.byte	0
 1309 016e 00       		.byte	0
 1310 016f 1A       		.uleb128 0x1a
ARM GAS  /tmp/cc8sNLlX.s 			page 24


 1311 0170 2E       		.uleb128 0x2e
 1312 0171 01       		.byte	0x1
 1313 0172 3F       		.uleb128 0x3f
 1314 0173 19       		.uleb128 0x19
 1315 0174 03       		.uleb128 0x3
 1316 0175 0E       		.uleb128 0xe
 1317 0176 49       		.uleb128 0x49
 1318 0177 13       		.uleb128 0x13
 1319 0178 34       		.uleb128 0x34
 1320 0179 19       		.uleb128 0x19
 1321 017a 32       		.uleb128 0x32
 1322 017b 0B       		.uleb128 0xb
 1323 017c 3C       		.uleb128 0x3c
 1324 017d 19       		.uleb128 0x19
 1325 017e 64       		.uleb128 0x64
 1326 017f 13       		.uleb128 0x13
 1327 0180 01       		.uleb128 0x1
 1328 0181 13       		.uleb128 0x13
 1329 0182 00       		.byte	0
 1330 0183 00       		.byte	0
 1331 0184 1B       		.uleb128 0x1b
 1332 0185 2F       		.uleb128 0x2f
 1333 0186 00       		.byte	0
 1334 0187 03       		.uleb128 0x3
 1335 0188 08       		.uleb128 0x8
 1336 0189 49       		.uleb128 0x49
 1337 018a 13       		.uleb128 0x13
 1338 018b 00       		.byte	0
 1339 018c 00       		.byte	0
 1340 018d 1C       		.uleb128 0x1c
 1341 018e 1C       		.uleb128 0x1c
 1342 018f 00       		.byte	0
 1343 0190 49       		.uleb128 0x49
 1344 0191 13       		.uleb128 0x13
 1345 0192 38       		.uleb128 0x38
 1346 0193 0B       		.uleb128 0xb
 1347 0194 32       		.uleb128 0x32
 1348 0195 0B       		.uleb128 0xb
 1349 0196 00       		.byte	0
 1350 0197 00       		.byte	0
 1351 0198 1D       		.uleb128 0x1d
 1352 0199 10       		.uleb128 0x10
 1353 019a 00       		.byte	0
 1354 019b 0B       		.uleb128 0xb
 1355 019c 0B       		.uleb128 0xb
 1356 019d 49       		.uleb128 0x49
 1357 019e 13       		.uleb128 0x13
 1358 019f 00       		.byte	0
 1359 01a0 00       		.byte	0
 1360 01a1 1E       		.uleb128 0x1e
 1361 01a2 2E       		.uleb128 0x2e
 1362 01a3 01       		.byte	0x1
 1363 01a4 47       		.uleb128 0x47
 1364 01a5 13       		.uleb128 0x13
 1365 01a6 20       		.uleb128 0x20
 1366 01a7 0B       		.uleb128 0xb
 1367 01a8 64       		.uleb128 0x64
ARM GAS  /tmp/cc8sNLlX.s 			page 25


 1368 01a9 13       		.uleb128 0x13
 1369 01aa 01       		.uleb128 0x1
 1370 01ab 13       		.uleb128 0x13
 1371 01ac 00       		.byte	0
 1372 01ad 00       		.byte	0
 1373 01ae 1F       		.uleb128 0x1f
 1374 01af 05       		.uleb128 0x5
 1375 01b0 00       		.byte	0
 1376 01b1 03       		.uleb128 0x3
 1377 01b2 0E       		.uleb128 0xe
 1378 01b3 49       		.uleb128 0x49
 1379 01b4 13       		.uleb128 0x13
 1380 01b5 34       		.uleb128 0x34
 1381 01b6 19       		.uleb128 0x19
 1382 01b7 00       		.byte	0
 1383 01b8 00       		.byte	0
 1384 01b9 20       		.uleb128 0x20
 1385 01ba 2E       		.uleb128 0x2e
 1386 01bb 01       		.byte	0x1
 1387 01bc 31       		.uleb128 0x31
 1388 01bd 13       		.uleb128 0x13
 1389 01be 6E       		.uleb128 0x6e
 1390 01bf 0E       		.uleb128 0xe
 1391 01c0 11       		.uleb128 0x11
 1392 01c1 01       		.uleb128 0x1
 1393 01c2 12       		.uleb128 0x12
 1394 01c3 06       		.uleb128 0x6
 1395 01c4 40       		.uleb128 0x40
 1396 01c5 18       		.uleb128 0x18
 1397 01c6 64       		.uleb128 0x64
 1398 01c7 13       		.uleb128 0x13
 1399 01c8 9742     		.uleb128 0x2117
 1400 01ca 19       		.uleb128 0x19
 1401 01cb 01       		.uleb128 0x1
 1402 01cc 13       		.uleb128 0x13
 1403 01cd 00       		.byte	0
 1404 01ce 00       		.byte	0
 1405 01cf 21       		.uleb128 0x21
 1406 01d0 05       		.uleb128 0x5
 1407 01d1 00       		.byte	0
 1408 01d2 31       		.uleb128 0x31
 1409 01d3 13       		.uleb128 0x13
 1410 01d4 02       		.uleb128 0x2
 1411 01d5 18       		.uleb128 0x18
 1412 01d6 00       		.byte	0
 1413 01d7 00       		.byte	0
 1414 01d8 22       		.uleb128 0x22
 1415 01d9 2E       		.uleb128 0x2e
 1416 01da 01       		.byte	0x1
 1417 01db 47       		.uleb128 0x47
 1418 01dc 13       		.uleb128 0x13
 1419 01dd 3A       		.uleb128 0x3a
 1420 01de 0B       		.uleb128 0xb
 1421 01df 3B       		.uleb128 0x3b
 1422 01e0 0B       		.uleb128 0xb
 1423 01e1 20       		.uleb128 0x20
 1424 01e2 0B       		.uleb128 0xb
ARM GAS  /tmp/cc8sNLlX.s 			page 26


 1425 01e3 64       		.uleb128 0x64
 1426 01e4 13       		.uleb128 0x13
 1427 01e5 01       		.uleb128 0x1
 1428 01e6 13       		.uleb128 0x13
 1429 01e7 00       		.byte	0
 1430 01e8 00       		.byte	0
 1431 01e9 23       		.uleb128 0x23
 1432 01ea 2E       		.uleb128 0x2e
 1433 01eb 01       		.byte	0x1
 1434 01ec 31       		.uleb128 0x31
 1435 01ed 13       		.uleb128 0x13
 1436 01ee 6E       		.uleb128 0x6e
 1437 01ef 0E       		.uleb128 0xe
 1438 01f0 11       		.uleb128 0x11
 1439 01f1 01       		.uleb128 0x1
 1440 01f2 12       		.uleb128 0x12
 1441 01f3 06       		.uleb128 0x6
 1442 01f4 40       		.uleb128 0x40
 1443 01f5 18       		.uleb128 0x18
 1444 01f6 64       		.uleb128 0x64
 1445 01f7 13       		.uleb128 0x13
 1446 01f8 9642     		.uleb128 0x2116
 1447 01fa 19       		.uleb128 0x19
 1448 01fb 01       		.uleb128 0x1
 1449 01fc 13       		.uleb128 0x13
 1450 01fd 00       		.byte	0
 1451 01fe 00       		.byte	0
 1452 01ff 24       		.uleb128 0x24
 1453 0200 2E       		.uleb128 0x2e
 1454 0201 01       		.byte	0x1
 1455 0202 31       		.uleb128 0x31
 1456 0203 13       		.uleb128 0x13
 1457 0204 6E       		.uleb128 0x6e
 1458 0205 0E       		.uleb128 0xe
 1459 0206 11       		.uleb128 0x11
 1460 0207 01       		.uleb128 0x1
 1461 0208 12       		.uleb128 0x12
 1462 0209 06       		.uleb128 0x6
 1463 020a 40       		.uleb128 0x40
 1464 020b 18       		.uleb128 0x18
 1465 020c 64       		.uleb128 0x64
 1466 020d 13       		.uleb128 0x13
 1467 020e 9642     		.uleb128 0x2116
 1468 0210 19       		.uleb128 0x19
 1469 0211 00       		.byte	0
 1470 0212 00       		.byte	0
 1471 0213 00       		.byte	0
 1472              		.section	.debug_aranges,"",%progbits
 1473 0000 2C000000 		.4byte	0x2c
 1474 0004 0200     		.2byte	0x2
 1475 0006 00000000 		.4byte	.Ldebug_info0
 1476 000a 04       		.byte	0x4
 1477 000b 00       		.byte	0
 1478 000c 0000     		.2byte	0
 1479 000e 0000     		.2byte	0
 1480 0010 00000000 		.4byte	.LFB6
 1481 0014 0C000000 		.4byte	.LFE6-.LFB6
ARM GAS  /tmp/cc8sNLlX.s 			page 27


 1482 0018 00000000 		.4byte	.LFB77
 1483 001c 20000000 		.4byte	.LFE77-.LFB77
 1484 0020 00000000 		.4byte	.LFB82
 1485 0024 18000000 		.4byte	.LFE82-.LFB82
 1486 0028 00000000 		.4byte	0
 1487 002c 00000000 		.4byte	0
 1488              		.section	.debug_ranges,"",%progbits
 1489              	.Ldebug_ranges0:
 1490 0000 00000000 		.4byte	.LFB6
 1491 0004 0C000000 		.4byte	.LFE6
 1492 0008 00000000 		.4byte	.LFB77
 1493 000c 20000000 		.4byte	.LFE77
 1494 0010 00000000 		.4byte	.LFB82
 1495 0014 18000000 		.4byte	.LFE82
 1496 0018 00000000 		.4byte	0
 1497 001c 00000000 		.4byte	0
 1498              		.section	.debug_line,"",%progbits
 1499              	.Ldebug_line0:
 1500 0000 CC010000 		.section	.debug_str,"MS",%progbits,1
 1500      02009401 
 1500      00000201 
 1500      FB0E0D00 
 1500      01010101 
 1501              	.LASF20:
 1502 0000 4C696E6B 		.ascii	"Link\000"
 1502      00
 1503              	.LASF16:
 1504 0005 7E556E63 		.ascii	"~Uncopyable\000"
 1504      6F707961 
 1504      626C6500 
 1505              	.LASF71:
 1506 0011 53746174 		.ascii	"StaticQueue\000"
 1506      69635175 
 1506      65756500 
 1507              	.LASF79:
 1508 001d 2F686F6D 		.ascii	"/home/dave/r2p-sdk/core/Middleware/src/BaseSubscrib"
 1508      652F6461 
 1508      76652F72 
 1508      32702D73 
 1508      646B2F63 
 1509 0050 65725175 		.ascii	"erQueue.cpp\000"
 1509      6575652E 
 1509      63707000 
 1510              	.LASF50:
 1511 005c 5F5A4E33 		.ascii	"_ZN3r2p12StaticQueue_4skipEv\000"
 1511      72327031 
 1511      32537461 
 1511      74696351 
 1511      75657565 
 1512              	.LASF49:
 1513 0079 736B6970 		.ascii	"skip\000"
 1513      00
 1514              	.LASF37:
 1515 007e 5F5A4E4B 		.ascii	"_ZNK3r2p12StaticQueue_8get_headEv\000"
 1515      33723270 
 1515      31325374 
 1515      61746963 
ARM GAS  /tmp/cc8sNLlX.s 			page 28


 1515      51756575 
 1516              	.LASF59:
 1517 00a0 5F5A4E33 		.ascii	"_ZN3r2p11StaticQueueINS_14BaseSubscriberEE11skip_un"
 1517      72327031 
 1517      31537461 
 1517      74696351 
 1517      75657565 
 1518 00d3 73616665 		.ascii	"safeEv\000"
 1518      457600
 1519              	.LASF3:
 1520 00da 73686F72 		.ascii	"short int\000"
 1520      7420696E 
 1520      7400
 1521              	.LASF81:
 1522 00e4 73697A65 		.ascii	"size_t\000"
 1522      5F7400
 1523              	.LASF9:
 1524 00eb 73697A65 		.ascii	"sizetype\000"
 1524      74797065 
 1524      00
 1525              	.LASF35:
 1526 00f4 5F5A4E33 		.ascii	"_ZN3r2p12StaticQueue_11skip_unsafeEv\000"
 1526      72327031 
 1526      32537461 
 1526      74696351 
 1526      75657565 
 1527              	.LASF61:
 1528 0119 5F5A4E4B 		.ascii	"_ZNK3r2p11StaticQueueINS_14BaseSubscriberEE12begin_"
 1528      33723270 
 1528      31315374 
 1528      61746963 
 1528      51756575 
 1529 014c 756E7361 		.ascii	"unsafeEv\000"
 1529      66654576 
 1529      00
 1530              	.LASF83:
 1531 0155 5F5A4E33 		.ascii	"_ZN3r2p19BaseSubscriberQueueC2Ev\000"
 1531      72327031 
 1531      39426173 
 1531      65537562 
 1531      73637269 
 1532              	.LASF69:
 1533 0176 62656769 		.ascii	"begin\000"
 1533      6E00
 1534              	.LASF64:
 1535 017c 5F5A4E4B 		.ascii	"_ZNK3r2p11StaticQueueINS_14BaseSubscriberEE8is_empt"
 1535      33723270 
 1535      31315374 
 1535      61746963 
 1535      51756575 
 1536 01af 79457600 		.ascii	"yEv\000"
 1537              	.LASF19:
 1538 01b3 64617461 		.ascii	"datap\000"
 1538      7000
 1539              	.LASF53:
 1540 01b9 49746572 		.ascii	"IteratorUnsafe\000"
 1540      61746F72 
ARM GAS  /tmp/cc8sNLlX.s 			page 29


 1540      556E7361 
 1540      666500
 1541              	.LASF28:
 1542 01c8 5F5A4E4B 		.ascii	"_ZNK3r2p12StaticQueue_15is_empty_unsafeEv\000"
 1542      33723270 
 1542      31325374 
 1542      61746963 
 1542      51756575 
 1543              	.LASF24:
 1544 01f2 6765745F 		.ascii	"get_tail_unsafe\000"
 1544      7461696C 
 1544      5F756E73 
 1544      61666500 
 1545              	.LASF75:
 1546 0202 74686973 		.ascii	"this\000"
 1546      00
 1547              	.LASF12:
 1548 0207 73747265 		.ascii	"strerror\000"
 1548      72726F72 
 1548      00
 1549              	.LASF82:
 1550 0210 5F5A4E4B 		.ascii	"_ZNK3r2p11StaticQueueINS_14BaseSubscriberEE3endEv\000"
 1550      33723270 
 1550      31315374 
 1550      61746963 
 1550      51756575 
 1551              	.LASF58:
 1552 0242 5F5A4E33 		.ascii	"_ZN3r2p11StaticQueueINS_14BaseSubscriberEE12fetch_u"
 1552      72327031 
 1552      31537461 
 1552      74696351 
 1552      75657565 
 1553 0275 6E736166 		.ascii	"nsafeERNS2_4LinkE\000"
 1553      6545524E 
 1553      53325F34 
 1553      4C696E6B 
 1553      4500
 1554              	.LASF44:
 1555 0287 5F5A4E33 		.ascii	"_ZN3r2p12StaticQueue_4postERNS0_4LinkE\000"
 1555      72327031 
 1555      32537461 
 1555      74696351 
 1555      75657565 
 1556              	.LASF15:
 1557 02ae 556E636F 		.ascii	"Uncopyable\000"
 1557      70796162 
 1557      6C6500
 1558              	.LASF74:
 1559 02b9 626F6F6C 		.ascii	"bool\000"
 1559      00
 1560              	.LASF18:
 1561 02be 6E657874 		.ascii	"nextp\000"
 1561      7000
 1562              	.LASF30:
 1563 02c4 7065656B 		.ascii	"peek_unsafe\000"
 1563      5F756E73 
 1563      61666500 
ARM GAS  /tmp/cc8sNLlX.s 			page 30


 1564              	.LASF68:
 1565 02d0 5F5A4E33 		.ascii	"_ZN3r2p11StaticQueueINS_14BaseSubscriberEE4skipEv\000"
 1565      72327031 
 1565      31537461 
 1565      74696351 
 1565      75657565 
 1566              	.LASF7:
 1567 0302 6C6F6E67 		.ascii	"long long int\000"
 1567      206C6F6E 
 1567      6720696E 
 1567      7400
 1568              	.LASF60:
 1569 0310 62656769 		.ascii	"begin_unsafe\000"
 1569      6E5F756E 
 1569      73616665 
 1569      00
 1570              	.LASF10:
 1571 031d 63686172 		.ascii	"char\000"
 1571      00
 1572              	.LASF46:
 1573 0322 5F5A4E4B 		.ascii	"_ZNK3r2p12StaticQueue_4peekERPKNS0_4LinkE\000"
 1573      33723270 
 1573      31325374 
 1573      61746963 
 1573      51756575 
 1574              	.LASF5:
 1575 034c 6C6F6E67 		.ascii	"long int\000"
 1575      20696E74 
 1575      00
 1576              	.LASF13:
 1577 0355 73747274 		.ascii	"strtok\000"
 1577      6F6B00
 1578              	.LASF43:
 1579 035c 5F5A4E33 		.ascii	"_ZN3r2p12StaticQueue_11post_unsafeERNS0_4LinkE\000"
 1579      72327031 
 1579      32537461 
 1579      74696351 
 1579      75657565 
 1580              	.LASF47:
 1581 038b 66657463 		.ascii	"fetch\000"
 1581      6800
 1582              	.LASF76:
 1583 0391 5F5A4E33 		.ascii	"_ZN3r2p10UncopyableC2Ev\000"
 1583      72327031 
 1583      30556E63 
 1583      6F707961 
 1583      626C6543 
 1584              	.LASF23:
 1585 03a9 6765745F 		.ascii	"get_head_unsafe\000"
 1585      68656164 
 1585      5F756E73 
 1585      61666500 
 1586              	.LASF32:
 1587 03b9 66657463 		.ascii	"fetch_unsafe\000"
 1587      685F756E 
 1587      73616665 
 1587      00
ARM GAS  /tmp/cc8sNLlX.s 			page 31


 1588              	.LASF67:
 1589 03c6 5F5A4E33 		.ascii	"_ZN3r2p11StaticQueueINS_14BaseSubscriberEE5fetchERN"
 1589      72327031 
 1589      31537461 
 1589      74696351 
 1589      75657565 
 1590 03f9 53325F34 		.ascii	"S2_4LinkE\000"
 1590      4C696E6B 
 1590      4500
 1591              	.LASF25:
 1592 0403 5F5A4E4B 		.ascii	"_ZNK3r2p12StaticQueue_15get_head_unsafeEv\000"
 1592      33723270 
 1592      31325374 
 1592      61746963 
 1592      51756575 
 1593              	.LASF72:
 1594 042d 42617365 		.ascii	"BaseSubscriberQueue\000"
 1594      53756273 
 1594      63726962 
 1594      65725175 
 1594      65756500 
 1595              	.LASF65:
 1596 0441 5F5A4E33 		.ascii	"_ZN3r2p11StaticQueueINS_14BaseSubscriberEE4postERNS"
 1596      72327031 
 1596      31537461 
 1596      74696351 
 1596      75657565 
 1597 0474 325F344C 		.ascii	"2_4LinkE\000"
 1597      696E6B45 
 1597      00
 1598              	.LASF2:
 1599 047d 756E7369 		.ascii	"unsigned char\000"
 1599      676E6564 
 1599      20636861 
 1599      7200
 1600              	.LASF22:
 1601 048b 7461696C 		.ascii	"tailp\000"
 1601      7000
 1602              	.LASF57:
 1603 0491 5F5A4E4B 		.ascii	"_ZNK3r2p11StaticQueueINS_14BaseSubscriberEE11peek_u"
 1603      33723270 
 1603      31315374 
 1603      61746963 
 1603      51756575 
 1604 04c4 6E736166 		.ascii	"nsafeERPKNS2_4LinkE\000"
 1604      65455250 
 1604      4B4E5332 
 1604      5F344C69 
 1604      6E6B4500 
 1605              	.LASF42:
 1606 04d8 706F7374 		.ascii	"post\000"
 1606      00
 1607              	.LASF1:
 1608 04dd 7369676E 		.ascii	"signed char\000"
 1608      65642063 
 1608      68617200 
 1609              	.LASF8:
ARM GAS  /tmp/cc8sNLlX.s 			page 32


 1610 04e9 6C6F6E67 		.ascii	"long long unsigned int\000"
 1610      206C6F6E 
 1610      6720756E 
 1610      7369676E 
 1610      65642069 
 1611              	.LASF51:
 1612 0500 53746174 		.ascii	"StaticQueue<r2p::BaseSubscriber>\000"
 1612      69635175 
 1612      6575653C 
 1612      7232703A 
 1612      3A426173 
 1613              	.LASF0:
 1614 0521 756E7369 		.ascii	"unsigned int\000"
 1614      676E6564 
 1614      20696E74 
 1614      00
 1615              	.LASF70:
 1616 052e 5F5A4E4B 		.ascii	"_ZNK3r2p11StaticQueueINS_14BaseSubscriberEE5beginEv"
 1616      33723270 
 1616      31315374 
 1616      61746963 
 1616      51756575 
 1617 0561 00       		.ascii	"\000"
 1618              	.LASF45:
 1619 0562 7065656B 		.ascii	"peek\000"
 1619      00
 1620              	.LASF26:
 1621 0567 5F5A4E4B 		.ascii	"_ZNK3r2p12StaticQueue_15get_tail_unsafeEv\000"
 1621      33723270 
 1621      31325374 
 1621      61746963 
 1621      51756575 
 1622              	.LASF66:
 1623 0591 5F5A4E4B 		.ascii	"_ZNK3r2p11StaticQueueINS_14BaseSubscriberEE4peekERP"
 1623      33723270 
 1623      31315374 
 1623      61746963 
 1623      51756575 
 1624 05c4 4B4E5332 		.ascii	"KNS2_4LinkE\000"
 1624      5F344C69 
 1624      6E6B4500 
 1625              	.LASF77:
 1626 05d0 5F5A4E33 		.ascii	"_ZN3r2p11StaticQueueINS_14BaseSubscriberEEC2Ev\000"
 1626      72327031 
 1626      31537461 
 1626      74696351 
 1626      75657565 
 1627              	.LASF63:
 1628 05ff 5F5A4E4B 		.ascii	"_ZNK3r2p11StaticQueueINS_14BaseSubscriberEE10end_un"
 1628      33723270 
 1628      31315374 
 1628      61746963 
 1628      51756575 
 1629 0632 73616665 		.ascii	"safeEv\000"
 1629      457600
 1630              	.LASF52:
 1631 0639 696D706C 		.ascii	"impl\000"
ARM GAS  /tmp/cc8sNLlX.s 			page 33


 1631      00
 1632              	.LASF21:
 1633 063e 68656164 		.ascii	"headp\000"
 1633      7000
 1634              	.LASF4:
 1635 0644 73686F72 		.ascii	"short unsigned int\000"
 1635      7420756E 
 1635      7369676E 
 1635      65642069 
 1635      6E7400
 1636              	.LASF80:
 1637 0657 2F686F6D 		.ascii	"/home/dave/workspace-demo/uDC_right/\000"
 1637      652F6461 
 1637      76652F77 
 1637      6F726B73 
 1637      70616365 
 1638              	.LASF62:
 1639 067c 656E645F 		.ascii	"end_unsafe\000"
 1639      756E7361 
 1639      666500
 1640              	.LASF40:
 1641 0687 69735F65 		.ascii	"is_empty\000"
 1641      6D707479 
 1641      00
 1642              	.LASF11:
 1643 0690 73747263 		.ascii	"strcoll\000"
 1643      6F6C6C00 
 1644              	.LASF38:
 1645 0698 6765745F 		.ascii	"get_tail\000"
 1645      7461696C 
 1645      00
 1646              	.LASF78:
 1647 06a1 474E5520 		.ascii	"GNU C++ 4.8.4 20141219 (release) -mcpu=cortex-m4 -m"
 1647      432B2B20 
 1647      342E382E 
 1647      34203230 
 1647      31343132 
 1648 06d4 666C6F61 		.ascii	"float-abi=hard -mfpu=fpv4-sp-d16 -mno-thumb-interwo"
 1648      742D6162 
 1648      693D6861 
 1648      7264202D 
 1648      6D667075 
 1649 0707 726B202D 		.ascii	"rk -mthumb -ggdb -O0 -fomit-frame-pointer -falign-f"
 1649      6D746875 
 1649      6D62202D 
 1649      67676462 
 1649      202D4F30 
 1650 073a 756E6374 		.ascii	"unctions=16 -ffunction-sections -fdata-sections -fn"
 1650      696F6E73 
 1650      3D313620 
 1650      2D666675 
 1650      6E637469 
 1651 076d 6F2D636F 		.ascii	"o-common -fsingle-precision-constant -fno-rtti -fno"
 1651      6D6D6F6E 
 1651      202D6673 
 1651      696E676C 
 1651      652D7072 
ARM GAS  /tmp/cc8sNLlX.s 			page 34


 1652 07a0 2D657863 		.ascii	"-exceptions -fno-threadsafe-statics\000"
 1652      65707469 
 1652      6F6E7320 
 1652      2D666E6F 
 1652      2D746872 
 1653              	.LASF36:
 1654 07c4 6765745F 		.ascii	"get_head\000"
 1654      68656164 
 1654      00
 1655              	.LASF73:
 1656 07cd 42617365 		.ascii	"BaseSubscriber\000"
 1656      53756273 
 1656      63726962 
 1656      657200
 1657              	.LASF41:
 1658 07dc 5F5A4E4B 		.ascii	"_ZNK3r2p12StaticQueue_8is_emptyEv\000"
 1658      33723270 
 1658      31325374 
 1658      61746963 
 1658      51756575 
 1659              	.LASF39:
 1660 07fe 5F5A4E4B 		.ascii	"_ZNK3r2p12StaticQueue_8get_tailEv\000"
 1660      33723270 
 1660      31325374 
 1660      61746963 
 1660      51756575 
 1661              	.LASF31:
 1662 0820 5F5A4E4B 		.ascii	"_ZNK3r2p12StaticQueue_11peek_unsafeERPKNS0_4LinkE\000"
 1662      33723270 
 1662      31325374 
 1662      61746963 
 1662      51756575 
 1663              	.LASF6:
 1664 0852 6C6F6E67 		.ascii	"long unsigned int\000"
 1664      20756E73 
 1664      69676E65 
 1664      6420696E 
 1664      7400
 1665              	.LASF14:
 1666 0864 73747278 		.ascii	"strxfrm\000"
 1666      66726D00 
 1667              	.LASF54:
 1668 086c 49746572 		.ascii	"Iterator\000"
 1668      61746F72 
 1668      00
 1669              	.LASF34:
 1670 0875 736B6970 		.ascii	"skip_unsafe\000"
 1670      5F756E73 
 1670      61666500 
 1671              	.LASF48:
 1672 0881 5F5A4E33 		.ascii	"_ZN3r2p12StaticQueue_5fetchERNS0_4LinkE\000"
 1672      72327031 
 1672      32537461 
 1672      74696351 
 1672      75657565 
 1673              	.LASF27:
 1674 08a9 69735F65 		.ascii	"is_empty_unsafe\000"
ARM GAS  /tmp/cc8sNLlX.s 			page 35


 1674      6D707479 
 1674      5F756E73 
 1674      61666500 
 1675              	.LASF56:
 1676 08b9 5F5A4E33 		.ascii	"_ZN3r2p11StaticQueueINS_14BaseSubscriberEE11post_un"
 1676      72327031 
 1676      31537461 
 1676      74696351 
 1676      75657565 
 1677 08ec 73616665 		.ascii	"safeERNS2_4LinkE\000"
 1677      45524E53 
 1677      325F344C 
 1677      696E6B45 
 1677      00
 1678              	.LASF33:
 1679 08fd 5F5A4E33 		.ascii	"_ZN3r2p12StaticQueue_12fetch_unsafeERNS0_4LinkE\000"
 1679      72327031 
 1679      32537461 
 1679      74696351 
 1679      75657565 
 1680              	.LASF55:
 1681 092d 5F5A4E4B 		.ascii	"_ZNK3r2p11StaticQueueINS_14BaseSubscriberEE15is_emp"
 1681      33723270 
 1681      31315374 
 1681      61746963 
 1681      51756575 
 1682 0960 74795F75 		.ascii	"ty_unsafeEv\000"
 1682      6E736166 
 1682      65457600 
 1683              	.LASF29:
 1684 096c 706F7374 		.ascii	"post_unsafe\000"
 1684      5F756E73 
 1684      61666500 
 1685              	.LASF17:
 1686 0978 53746174 		.ascii	"StaticQueue_\000"
 1686      69635175 
 1686      6575655F 
 1686      00
 1687              		.ident	"GCC: (4.8.4-1+11-1) 4.8.4 20141219 (release)"
ARM GAS  /tmp/cc8sNLlX.s 			page 36


DEFINED SYMBOLS
                            *ABS*:0000000000000000 BaseSubscriberQueue.cpp
     /tmp/cc8sNLlX.s:21     .text._ZN3r2p10UncopyableC2Ev:0000000000000000 $t
     /tmp/cc8sNLlX.s:27     .text._ZN3r2p10UncopyableC2Ev:0000000000000000 _ZN3r2p10UncopyableC2Ev
     /tmp/cc8sNLlX.s:27     .text._ZN3r2p10UncopyableC2Ev:0000000000000000 _ZN3r2p10UncopyableC1Ev
     /tmp/cc8sNLlX.s:50     .text._ZN3r2p11StaticQueueINS_14BaseSubscriberEEC2Ev:0000000000000000 $t
     /tmp/cc8sNLlX.s:56     .text._ZN3r2p11StaticQueueINS_14BaseSubscriberEEC2Ev:0000000000000000 _ZN3r2p11StaticQueueINS_14BaseSubscriberEEC2Ev
     /tmp/cc8sNLlX.s:56     .text._ZN3r2p11StaticQueueINS_14BaseSubscriberEEC2Ev:0000000000000000 _ZN3r2p11StaticQueueINS_14BaseSubscriberEEC1Ev
     /tmp/cc8sNLlX.s:89     .text._ZN3r2p19BaseSubscriberQueueC2Ev:0000000000000000 $t
     /tmp/cc8sNLlX.s:95     .text._ZN3r2p19BaseSubscriberQueueC2Ev:0000000000000000 _ZN3r2p19BaseSubscriberQueueC2Ev
     /tmp/cc8sNLlX.s:95     .text._ZN3r2p19BaseSubscriberQueueC2Ev:0000000000000000 _ZN3r2p19BaseSubscriberQueueC1Ev
                     .debug_frame:0000000000000010 $d
                           .group:0000000000000000 _ZN3r2p10UncopyableC5Ev
                           .group:0000000000000000 _ZN3r2p11StaticQueueINS_14BaseSubscriberEEC5Ev

UNDEFINED SYMBOLS
_ZN3r2p12StaticQueue_C1Ev
