ARM GAS  /tmp/ccusemPO.s 			page 1


   1              		.syntax unified
   2              		.cpu cortex-m4
   3              		.eabi_attribute 27, 3
   4              		.eabi_attribute 28, 1
   5              		.fpu fpv4-sp-d16
   6              		.eabi_attribute 20, 1
   7              		.eabi_attribute 21, 1
   8              		.eabi_attribute 23, 3
   9              		.eabi_attribute 24, 1
  10              		.eabi_attribute 25, 1
  11              		.eabi_attribute 26, 1
  12              		.eabi_attribute 30, 6
  13              		.eabi_attribute 34, 1
  14              		.eabi_attribute 18, 4
  15              		.thumb
  16              		.file	"chcore_v7m.c"
  17              		.text
  18              	.Ltext0:
  19              		.cfi_sections	.debug_frame
  20              		.section	.text.SysTickVector,"ax",%progbits
  21              		.align	2
  22              		.p2align 4,,15
  23              		.global	SysTickVector
  24              		.thumb
  25              		.thumb_func
  26              		.type	SysTickVector, %function
  27              	SysTickVector:
  28              	.LFB7:
  29              		.file 1 "/home/dave/r2p-sdk/core/ChibiOS/os/ports/GCC/ARMCMx/chcore_v7m.c"
  30              		.loc 1 47 0
  31              		.cfi_startproc
  32              		@ args = 0, pretend = 0, frame = 0
  33              		@ frame_needed = 0, uses_anonymous_args = 0
  34 0000 08B5     		push	{r3, lr}
  35              		.cfi_def_cfa_offset 8
  36              		.cfi_offset 3, -8
  37              		.cfi_offset 14, -4
  38              		.loc 1 49 0
  39 0002 FFF7FEFF 		bl	dbg_check_enter_isr
  40              	.LBB2:
  41              		.loc 1 51 0
  42 0006 2023     		movs	r3, #32
  43              	@ 51 "/home/dave/r2p-sdk/core/ChibiOS/os/ports/GCC/ARMCMx/chcore_v7m.c" 1
  44 0008 83F31188 		msr     BASEPRI, r3
  45              	@ 0 "" 2
  46              		.thumb
  47              	.LBE2:
  48 000c FFF7FEFF 		bl	dbg_check_lock_from_isr
  49              		.loc 1 52 0
  50 0010 FFF7FEFF 		bl	chSysTimerHandlerI
  51              		.loc 1 53 0
  52 0014 FFF7FEFF 		bl	dbg_check_unlock_from_isr
  53              	.LBB3:
  54 0018 0023     		movs	r3, #0
  55              	@ 53 "/home/dave/r2p-sdk/core/ChibiOS/os/ports/GCC/ARMCMx/chcore_v7m.c" 1
  56 001a 83F31188 		msr     BASEPRI, r3
  57              	@ 0 "" 2
ARM GAS  /tmp/ccusemPO.s 			page 2


  58              		.thumb
  59              	.LBE3:
  60              		.loc 1 55 0
  61 001e FFF7FEFF 		bl	dbg_check_leave_isr
  62 0022 FFF7FEFF 		bl	_port_irq_epilogue
  63              		.loc 1 56 0
  64 0026 08BD     		pop	{r3, pc}
  65              		.cfi_endproc
  66              	.LFE7:
  67              		.size	SysTickVector, .-SysTickVector
  68 0028 AFF30080 		.section	.text.SVCallVector,"ax",%progbits
  68      AFF30080 
  69              		.align	2
  70              		.p2align 4,,15
  71              		.global	SVCallVector
  72              		.thumb
  73              		.thumb_func
  74              		.type	SVCallVector, %function
  75              	SVCallVector:
  76              	.LFB8:
  77              		.loc 1 65 0
  78              		.cfi_startproc
  79              		@ args = 0, pretend = 0, frame = 8
  80              		@ frame_needed = 0, uses_anonymous_args = 0
  81              		@ link register save eliminated.
  82 0000 82B0     		sub	sp, sp, #8
  83              		.cfi_def_cfa_offset 8
  84              		.loc 1 70 0
  85 0002 0A4B     		ldr	r3, .L3
  86 0004 094A     		ldr	r2, .L3
  87 0006 5268     		ldr	r2, [r2, #4]
  88 0008 22F00102 		bic	r2, r2, #1
  89 000c 5A60     		str	r2, [r3, #4]
  90              		.loc 1 74 0
  91              	@ 74 "/home/dave/r2p-sdk/core/ChibiOS/os/ports/GCC/ARMCMx/chcore_v7m.c" 1
  92 000e EFF30983 		mrs     r3, PSP
  93              	@ 0 "" 2
  94              		.thumb
  95 0012 0193     		str	r3, [sp, #4]
  96              		.loc 1 78 0
  97 0014 019B     		ldr	r3, [sp, #4]
  98 0016 6833     		adds	r3, r3, #104
  99 0018 0193     		str	r3, [sp, #4]
 100              		.loc 1 81 0
 101 001a 019B     		ldr	r3, [sp, #4]
 102              	@ 81 "/home/dave/r2p-sdk/core/ChibiOS/os/ports/GCC/ARMCMx/chcore_v7m.c" 1
 103 001c 83F30988 		msr     PSP, r3
 104              	@ 0 "" 2
 105              		.thumb
 106              	.LBB4:
 107              		.loc 1 82 0
 108 0020 0023     		movs	r3, #0
 109              	@ 82 "/home/dave/r2p-sdk/core/ChibiOS/os/ports/GCC/ARMCMx/chcore_v7m.c" 1
 110 0022 83F31188 		msr     BASEPRI, r3
 111              	@ 0 "" 2
 112              		.thumb
 113              	.LBE4:
ARM GAS  /tmp/ccusemPO.s 			page 3


 114              		.loc 1 83 0
 115 0026 02B0     		add	sp, sp, #8
 116              		@ sp needed
 117 0028 7047     		bx	lr
 118              	.L4:
 119 002a 00BF     		.align	2
 120              	.L3:
 121 002c 30EF00E0 		.word	-536809680
 122              		.cfi_endproc
 123              	.LFE8:
 124              		.size	SVCallVector, .-SVCallVector
 125              		.section	.text._port_init,"ax",%progbits
 126              		.align	2
 127              		.p2align 4,,15
 128              		.global	_port_init
 129              		.thumb
 130              		.thumb_func
 131              		.type	_port_init, %function
 132              	_port_init:
 133              	.LFB9:
 134              		.loc 1 120 0
 135              		.cfi_startproc
 136              		@ args = 0, pretend = 0, frame = 0
 137              		@ frame_needed = 0, uses_anonymous_args = 0
 138 0000 08B5     		push	{r3, lr}
 139              		.cfi_def_cfa_offset 8
 140              		.cfi_offset 3, -8
 141              		.cfi_offset 14, -4
 142              		.loc 1 123 0
 143 0002 094B     		ldr	r3, .L6
 144 0004 0022     		movs	r2, #0
 145 0006 9A60     		str	r2, [r3, #8]
 146              		.loc 1 124 0
 147 0008 074B     		ldr	r3, .L6
 148 000a 084A     		ldr	r2, .L6+4
 149 000c DA60     		str	r2, [r3, #12]
 150              		.loc 1 127 0
 151 000e 0720     		movs	r0, #7
 152 0010 1021     		movs	r1, #16
 153 0012 FFF7FEFF 		bl	nvicSetSystemHandlerPriority
 154              		.loc 1 129 0
 155 0016 0A20     		movs	r0, #10
 156 0018 2021     		movs	r1, #32
 157 001a FFF7FEFF 		bl	nvicSetSystemHandlerPriority
 158              		.loc 1 131 0
 159 001e 0B20     		movs	r0, #11
 160 0020 8021     		movs	r1, #128
 161 0022 FFF7FEFF 		bl	nvicSetSystemHandlerPriority
 162              		.loc 1 133 0
 163 0026 08BD     		pop	{r3, pc}
 164              	.L7:
 165              		.align	2
 166              	.L6:
 167 0028 00ED00E0 		.word	-536810240
 168 002c 0003FA05 		.word	100270848
 169              		.cfi_endproc
 170              	.LFE9:
ARM GAS  /tmp/ccusemPO.s 			page 4


 171              		.size	_port_init, .-_port_init
 172              		.section	.text._port_irq_epilogue,"ax",%progbits
 173              		.align	2
 174              		.p2align 4,,15
 175              		.global	_port_irq_epilogue
 176              		.thumb
 177              		.thumb_func
 178              		.type	_port_irq_epilogue, %function
 179              	_port_irq_epilogue:
 180              	.LFB10:
 181              		.loc 1 150 0
 182              		.cfi_startproc
 183              		@ args = 0, pretend = 0, frame = 8
 184              		@ frame_needed = 0, uses_anonymous_args = 0
 185              		@ link register save eliminated.
 186 0000 82B0     		sub	sp, sp, #8
 187              		.cfi_def_cfa_offset 8
 188              	.LBB5:
 189              		.loc 1 152 0
 190 0002 2023     		movs	r3, #32
 191              	@ 152 "/home/dave/r2p-sdk/core/ChibiOS/os/ports/GCC/ARMCMx/chcore_v7m.c" 1
 192 0004 83F31188 		msr     BASEPRI, r3
 193              	@ 0 "" 2
 194              		.thumb
 195              	.LBE5:
 196              		.loc 1 153 0
 197 0008 204B     		ldr	r3, .L15
 198 000a 5B68     		ldr	r3, [r3, #4]
 199 000c 03F40063 		and	r3, r3, #2048
 200 0010 002B     		cmp	r3, #0
 201 0012 35D0     		beq	.L9
 202              	.LBB6:
 203              		.loc 1 159 0
 204              	@ 159 "/home/dave/r2p-sdk/core/ChibiOS/os/ports/GCC/ARMCMx/chcore_v7m.c" 1
 205 0014 F1EE10FA 		vmrs    APSR_nzcv, FPSCR
 206              	@ 0 "" 2
 207              		.loc 1 163 0
 208              	@ 163 "/home/dave/r2p-sdk/core/ChibiOS/os/ports/GCC/ARMCMx/chcore_v7m.c" 1
 209 0018 EFF30983 		mrs     r3, PSP
 210              	@ 0 "" 2
 211              		.thumb
 212 001c 0193     		str	r3, [sp, #4]
 213              		.loc 1 167 0
 214 001e 019B     		ldr	r3, [sp, #4]
 215 0020 683B     		subs	r3, r3, #104
 216 0022 0193     		str	r3, [sp, #4]
 217              		.loc 1 168 0
 218 0024 019B     		ldr	r3, [sp, #4]
 219 0026 4FF08072 		mov	r2, #16777216
 220 002a DA61     		str	r2, [r3, #28]
 221              		.loc 1 169 0
 222 002c 019B     		ldr	r3, [sp, #4]
 223              	@ 169 "/home/dave/r2p-sdk/core/ChibiOS/os/ports/GCC/ARMCMx/chcore_v7m.c" 1
 224 002e 83F30988 		msr     PSP, r3
 225              	@ 0 "" 2
 226              		.loc 1 173 0
 227              		.thumb
ARM GAS  /tmp/ccusemPO.s 			page 5


 228 0032 174B     		ldr	r3, .L15+4
 229 0034 9B69     		ldr	r3, [r3, #24]
 230 0036 93F82330 		ldrb	r3, [r3, #35]	@ zero_extendqisi2
 231 003a 002B     		cmp	r3, #0
 232 003c 0BD0     		beq	.L10
 233              		.loc 1 173 0 is_stmt 0 discriminator 1
 234 003e 144B     		ldr	r3, .L15+4
 235 0040 1B68     		ldr	r3, [r3]
 236 0042 9A68     		ldr	r2, [r3, #8]
 237 0044 124B     		ldr	r3, .L15+4
 238 0046 9B69     		ldr	r3, [r3, #24]
 239 0048 9B68     		ldr	r3, [r3, #8]
 240 004a 9A42     		cmp	r2, r3
 241 004c 94BF     		ite	ls
 242 004e 0023     		movls	r3, #0
 243 0050 0123     		movhi	r3, #1
 244 0052 DBB2     		uxtb	r3, r3
 245 0054 0AE0     		b	.L11
 246              	.L10:
 247              		.loc 1 173 0 discriminator 2
 248 0056 0E4B     		ldr	r3, .L15+4
 249 0058 1B68     		ldr	r3, [r3]
 250 005a 9A68     		ldr	r2, [r3, #8]
 251 005c 0C4B     		ldr	r3, .L15+4
 252 005e 9B69     		ldr	r3, [r3, #24]
 253 0060 9B68     		ldr	r3, [r3, #8]
 254 0062 9A42     		cmp	r2, r3
 255 0064 34BF     		ite	cc
 256 0066 0023     		movcc	r3, #0
 257 0068 0123     		movcs	r3, #1
 258 006a DBB2     		uxtb	r3, r3
 259              	.L11:
 260              		.loc 1 173 0 discriminator 3
 261 006c 002B     		cmp	r3, #0
 262 006e 03D0     		beq	.L12
 263              		.loc 1 175 0 is_stmt 1
 264 0070 019B     		ldr	r3, [sp, #4]
 265 0072 084A     		ldr	r2, .L15+8
 266 0074 9A61     		str	r2, [r3, #24]
 267              		.loc 1 185 0
 268 0076 06E0     		b	.L8
 269              	.L12:
 270              		.loc 1 180 0
 271 0078 019B     		ldr	r3, [sp, #4]
 272 007a 074A     		ldr	r2, .L15+12
 273 007c 9A61     		str	r2, [r3, #24]
 274              		.loc 1 185 0
 275 007e 02E0     		b	.L8
 276              	.L9:
 277              	.LBE6:
 278              	.LBB7:
 279              		.loc 1 187 0
 280 0080 0023     		movs	r3, #0
 281              	@ 187 "/home/dave/r2p-sdk/core/ChibiOS/os/ports/GCC/ARMCMx/chcore_v7m.c" 1
 282 0082 83F31188 		msr     BASEPRI, r3
 283              	@ 0 "" 2
 284              		.thumb
ARM GAS  /tmp/ccusemPO.s 			page 6


 285              	.L8:
 286              	.LBE7:
 287              		.loc 1 188 0
 288 0086 02B0     		add	sp, sp, #8
 289              		@ sp needed
 290 0088 7047     		bx	lr
 291              	.L16:
 292 008a 00BF     		.align	2
 293              	.L15:
 294 008c 00ED00E0 		.word	-536810240
 295 0090 00000000 		.word	rlist
 296 0094 00000000 		.word	_port_switch_from_isr
 297 0098 0C000000 		.word	_port_exit_from_isr
 298              		.cfi_endproc
 299              	.LFE10:
 300              		.size	_port_irq_epilogue, .-_port_irq_epilogue
 301 009c AFF30080 		.section	.text._port_switch_from_isr,"ax",%progbits
 302              		.align	2
 303              		.p2align 4,,15
 304              		.global	_port_switch_from_isr
 305              		.thumb
 306              		.thumb_func
 307              		.type	_port_switch_from_isr, %function
 308              	_port_switch_from_isr:
 309              	.LFB11:
 310              		.loc 1 197 0
 311              		.cfi_startproc
 312              		@ Naked Function: prologue and epilogue provided by programmer.
 313              		@ args = 0, pretend = 0, frame = 0
 314              		@ frame_needed = 0, uses_anonymous_args = 0
 315              		.loc 1 199 0
 316 0000 FFF7FEFF 		bl	dbg_check_lock
 317              		.loc 1 200 0
 318 0004 FFF7FEFF 		bl	chSchDoReschedule
 319              		.loc 1 201 0
 320 0008 FFF7FEFF 		bl	dbg_check_unlock
 321              		.loc 1 202 0
 322              	@ 202 "/home/dave/r2p-sdk/core/ChibiOS/os/ports/GCC/ARMCMx/chcore_v7m.c" 1
 323              		_port_exit_from_isr:
 324              	@ 0 "" 2
 325              		.loc 1 204 0
 326              	@ 204 "/home/dave/r2p-sdk/core/ChibiOS/os/ports/GCC/ARMCMx/chcore_v7m.c" 1
 327 000c 00DF     		svc     #0
 328              	@ 0 "" 2
 329              		.loc 1 211 0
 330              		.thumb
 331              		.cfi_endproc
 332              	.LFE11:
 333              		.size	_port_switch_from_isr, .-_port_switch_from_isr
 334 000e 00BF     		.section	.text._port_switch,"ax",%progbits
 335              		.align	2
 336              		.p2align 4,,15
 337              		.global	_port_switch
 338              		.thumb
 339              		.thumb_func
 340              		.type	_port_switch, %function
 341              	_port_switch:
ARM GAS  /tmp/ccusemPO.s 			page 7


 342              	.LFB12:
 343              		.loc 1 226 0
 344              		.cfi_startproc
 345              		@ Naked Function: prologue and epilogue provided by programmer.
 346              		@ args = 0, pretend = 0, frame = 0
 347              		@ frame_needed = 0, uses_anonymous_args = 0
 348 0000 0346     		mov	r3, r0
 349 0002 0A46     		mov	r2, r1
 350              		.loc 1 228 0
 351              	@ 228 "/home/dave/r2p-sdk/core/ChibiOS/os/ports/GCC/ARMCMx/chcore_v7m.c" 1
 352 0004 2DE9F04F 		push    {r4, r5, r6, r7, r8, r9, r10, r11, lr}
 353              	@ 0 "" 2
 354              		.loc 1 231 0
 355              	@ 231 "/home/dave/r2p-sdk/core/ChibiOS/os/ports/GCC/ARMCMx/chcore_v7m.c" 1
 356 0008 2DED108A 		vpush   {s16-s31}
 357              	@ 0 "" 2
 358              		.loc 1 234 0
 359              	@ 234 "/home/dave/r2p-sdk/core/ChibiOS/os/ports/GCC/ARMCMx/chcore_v7m.c" 1
 360 000c C2F80CD0 		str     sp, [r2, #12]                          
 361 0010 D3F80CD0 		ldr     sp, [r3, #12]
 362              	@ 0 "" 2
 363              		.loc 1 238 0
 364              	@ 238 "/home/dave/r2p-sdk/core/ChibiOS/os/ports/GCC/ARMCMx/chcore_v7m.c" 1
 365 0014 BDEC108A 		vpop    {s16-s31}
 366              	@ 0 "" 2
 367              		.loc 1 240 0
 368              	@ 240 "/home/dave/r2p-sdk/core/ChibiOS/os/ports/GCC/ARMCMx/chcore_v7m.c" 1
 369 0018 BDE8F08F 		pop     {r4, r5, r6, r7, r8, r9, r10, r11, pc}
 370              	@ 0 "" 2
 371              		.loc 1 242 0
 372              		.thumb
 373              		.cfi_endproc
 374              	.LFE12:
 375              		.size	_port_switch, .-_port_switch
 376 001c AFF30080 		.section	.text._port_thread_start,"ax",%progbits
 377              		.align	2
 378              		.p2align 4,,15
 379              		.global	_port_thread_start
 380              		.thumb
 381              		.thumb_func
 382              		.type	_port_thread_start, %function
 383              	_port_thread_start:
 384              	.LFB13:
 385              		.loc 1 249 0
 386              		.cfi_startproc
 387              		@ args = 0, pretend = 0, frame = 0
 388              		@ frame_needed = 0, uses_anonymous_args = 0
 389 0000 08B5     		push	{r3, lr}
 390              		.cfi_def_cfa_offset 8
 391              		.cfi_offset 3, -8
 392              		.cfi_offset 14, -4
 393              		.loc 1 251 0
 394 0002 FFF7FEFF 		bl	dbg_check_unlock
 395              	.LBB8:
 396 0006 0023     		movs	r3, #0
 397              	@ 251 "/home/dave/r2p-sdk/core/ChibiOS/os/ports/GCC/ARMCMx/chcore_v7m.c" 1
 398 0008 83F31188 		msr     BASEPRI, r3
ARM GAS  /tmp/ccusemPO.s 			page 8


 399              	@ 0 "" 2
 400              		.thumb
 401              	.LBE8:
 402              		.loc 1 252 0
 403              	@ 252 "/home/dave/r2p-sdk/core/ChibiOS/os/ports/GCC/ARMCMx/chcore_v7m.c" 1
 404 000c 2846     		mov     r0, r5                                 
 405 000e A047     		blx     r4                                     
 406 0010 FFF7FEFF 		bl      chThdExit
 407              	@ 0 "" 2
 408              		.loc 1 255 0
 409              		.thumb
 410 0014 08BD     		pop	{r3, pc}
 411              		.cfi_endproc
 412              	.LFE13:
 413              		.size	_port_thread_start, .-_port_thread_start
 414 0016 00BFAFF3 		.text
 414      0080AFF3 
 414      0080
 415              	.Letext0:
 416              		.file 2 "/usr/include/newlib/machine/_default_types.h"
 417              		.file 3 "/usr/include/newlib/stdint.h"
 418              		.file 4 "/home/dave/r2p-sdk/core/ChibiOS/os/ports/GCC/ARMCMx/chtypes.h"
 419              		.file 5 "/home/dave/r2p-sdk/core/ChibiOS/os/kernel/include/chlists.h"
 420              		.file 6 "/home/dave/r2p-sdk/core/ChibiOS/os/kernel/include/chthreads.h"
 421              		.file 7 "/home/dave/r2p-sdk/core/ChibiOS/os/ports/GCC/ARMCMx/chcore_v7m.h"
 422              		.file 8 "/home/dave/r2p-sdk/core/ChibiOS/os/ports/common/ARMCMx/nvic.h"
 423              		.file 9 "/home/dave/r2p-sdk/core/ChibiOS/os/kernel/include/chschd.h"
 424              		.file 10 "/home/dave/r2p-sdk/core/ChibiOS/os/kernel/include/chmtx.h"
 425              		.section	.debug_info,"",%progbits
 426              	.Ldebug_info0:
 427 0000 A3090000 		.4byte	0x9a3
 428 0004 0400     		.2byte	0x4
 429 0006 00000000 		.4byte	.Ldebug_abbrev0
 430 000a 04       		.byte	0x4
 431 000b 01       		.uleb128 0x1
 432 000c B2020000 		.4byte	.LASF106
 433 0010 01       		.byte	0x1
 434 0011 6E040000 		.4byte	.LASF107
 435 0015 00000000 		.4byte	.Ldebug_ranges0+0
 436 0019 00000000 		.4byte	0
 437 001d 00000000 		.4byte	.Ldebug_line0
 438 0021 02       		.uleb128 0x2
 439 0022 04       		.byte	0x4
 440 0023 05       		.byte	0x5
 441 0024 696E7400 		.ascii	"int\000"
 442 0028 03       		.uleb128 0x3
 443 0029 04       		.byte	0x4
 444 002a 07       		.byte	0x7
 445 002b F7000000 		.4byte	.LASF0
 446 002f 03       		.uleb128 0x3
 447 0030 01       		.byte	0x1
 448 0031 06       		.byte	0x6
 449 0032 6F000000 		.4byte	.LASF1
 450 0036 04       		.uleb128 0x4
 451 0037 1D000000 		.4byte	.LASF5
 452 003b 02       		.byte	0x2
 453 003c 1D       		.byte	0x1d
ARM GAS  /tmp/ccusemPO.s 			page 9


 454 003d 41000000 		.4byte	0x41
 455 0041 03       		.uleb128 0x3
 456 0042 01       		.byte	0x1
 457 0043 08       		.byte	0x8
 458 0044 64020000 		.4byte	.LASF2
 459 0048 03       		.uleb128 0x3
 460 0049 02       		.byte	0x2
 461 004a 05       		.byte	0x5
 462 004b 82020000 		.4byte	.LASF3
 463 004f 03       		.uleb128 0x3
 464 0050 02       		.byte	0x2
 465 0051 07       		.byte	0x7
 466 0052 54010000 		.4byte	.LASF4
 467 0056 04       		.uleb128 0x4
 468 0057 10040000 		.4byte	.LASF6
 469 005b 02       		.byte	0x2
 470 005c 3F       		.byte	0x3f
 471 005d 61000000 		.4byte	0x61
 472 0061 03       		.uleb128 0x3
 473 0062 04       		.byte	0x4
 474 0063 05       		.byte	0x5
 475 0064 95000000 		.4byte	.LASF7
 476 0068 04       		.uleb128 0x4
 477 0069 CF000000 		.4byte	.LASF8
 478 006d 02       		.byte	0x2
 479 006e 41       		.byte	0x41
 480 006f 73000000 		.4byte	0x73
 481 0073 03       		.uleb128 0x3
 482 0074 04       		.byte	0x4
 483 0075 07       		.byte	0x7
 484 0076 1F010000 		.4byte	.LASF9
 485 007a 03       		.uleb128 0x3
 486 007b 08       		.byte	0x8
 487 007c 05       		.byte	0x5
 488 007d 61000000 		.4byte	.LASF10
 489 0081 04       		.uleb128 0x4
 490 0082 23020000 		.4byte	.LASF11
 491 0086 02       		.byte	0x2
 492 0087 5B       		.byte	0x5b
 493 0088 8C000000 		.4byte	0x8c
 494 008c 03       		.uleb128 0x3
 495 008d 08       		.byte	0x8
 496 008e 07       		.byte	0x7
 497 008f 3D000000 		.4byte	.LASF12
 498 0093 04       		.uleb128 0x4
 499 0094 54040000 		.4byte	.LASF13
 500 0098 03       		.byte	0x3
 501 0099 2A       		.byte	0x2a
 502 009a 36000000 		.4byte	0x36
 503 009e 04       		.uleb128 0x4
 504 009f 5C020000 		.4byte	.LASF14
 505 00a3 03       		.byte	0x3
 506 00a4 41       		.byte	0x41
 507 00a5 56000000 		.4byte	0x56
 508 00a9 04       		.uleb128 0x4
 509 00aa CE030000 		.4byte	.LASF15
 510 00ae 03       		.byte	0x3
ARM GAS  /tmp/ccusemPO.s 			page 10


 511 00af 42       		.byte	0x42
 512 00b0 68000000 		.4byte	0x68
 513 00b4 04       		.uleb128 0x4
 514 00b5 14000000 		.4byte	.LASF16
 515 00b9 03       		.byte	0x3
 516 00ba 4E       		.byte	0x4e
 517 00bb 81000000 		.4byte	0x81
 518 00bf 03       		.uleb128 0x3
 519 00c0 01       		.byte	0x1
 520 00c1 02       		.byte	0x2
 521 00c2 56020000 		.4byte	.LASF17
 522 00c6 04       		.uleb128 0x4
 523 00c7 9E010000 		.4byte	.LASF18
 524 00cb 04       		.byte	0x4
 525 00cc 2C       		.byte	0x2c
 526 00cd 93000000 		.4byte	0x93
 527 00d1 04       		.uleb128 0x4
 528 00d2 AB000000 		.4byte	.LASF19
 529 00d6 04       		.byte	0x4
 530 00d7 2D       		.byte	0x2d
 531 00d8 93000000 		.4byte	0x93
 532 00dc 04       		.uleb128 0x4
 533 00dd 3A020000 		.4byte	.LASF20
 534 00e1 04       		.byte	0x4
 535 00e2 2E       		.byte	0x2e
 536 00e3 93000000 		.4byte	0x93
 537 00e7 04       		.uleb128 0x4
 538 00e8 8B000000 		.4byte	.LASF21
 539 00ec 04       		.byte	0x4
 540 00ed 2F       		.byte	0x2f
 541 00ee 93000000 		.4byte	0x93
 542 00f2 04       		.uleb128 0x4
 543 00f3 4E020000 		.4byte	.LASF22
 544 00f7 04       		.byte	0x4
 545 00f8 30       		.byte	0x30
 546 00f9 A9000000 		.4byte	0xa9
 547 00fd 04       		.uleb128 0x4
 548 00fe 6C010000 		.4byte	.LASF23
 549 0102 04       		.byte	0x4
 550 0103 31       		.byte	0x31
 551 0104 9E000000 		.4byte	0x9e
 552 0108 04       		.uleb128 0x4
 553 0109 C5010000 		.4byte	.LASF24
 554 010d 04       		.byte	0x4
 555 010e 33       		.byte	0x33
 556 010f A9000000 		.4byte	0xa9
 557 0113 04       		.uleb128 0x4
 558 0114 FB030000 		.4byte	.LASF25
 559 0118 04       		.byte	0x4
 560 0119 35       		.byte	0x35
 561 011a A9000000 		.4byte	0xa9
 562 011e 04       		.uleb128 0x4
 563 011f BC030000 		.4byte	.LASF26
 564 0123 05       		.byte	0x5
 565 0124 2A       		.byte	0x2a
 566 0125 29010000 		.4byte	0x129
 567 0129 05       		.uleb128 0x5
ARM GAS  /tmp/ccusemPO.s 			page 11


 568 012a BC030000 		.4byte	.LASF26
 569 012e 4C       		.byte	0x4c
 570 012f 06       		.byte	0x6
 571 0130 5E       		.byte	0x5e
 572 0131 32020000 		.4byte	0x232
 573 0135 06       		.uleb128 0x6
 574 0136 A1030000 		.4byte	.LASF27
 575 013a 06       		.byte	0x6
 576 013b 5F       		.byte	0x5f
 577 013c 53020000 		.4byte	0x253
 578 0140 00       		.byte	0
 579 0141 06       		.uleb128 0x6
 580 0142 47020000 		.4byte	.LASF28
 581 0146 06       		.byte	0x6
 582 0147 61       		.byte	0x61
 583 0148 53020000 		.4byte	0x253
 584 014c 04       		.byte	0x4
 585 014d 06       		.uleb128 0x6
 586 014e 5A000000 		.4byte	.LASF29
 587 0152 06       		.byte	0x6
 588 0153 63       		.byte	0x63
 589 0154 F2000000 		.4byte	0xf2
 590 0158 08       		.byte	0x8
 591 0159 06       		.uleb128 0x6
 592 015a D0040000 		.4byte	.LASF30
 593 015e 06       		.byte	0x6
 594 015f 64       		.byte	0x64
 595 0160 27050000 		.4byte	0x527
 596 0164 0C       		.byte	0xc
 597 0165 06       		.uleb128 0x6
 598 0166 B4000000 		.4byte	.LASF31
 599 016a 06       		.byte	0x6
 600 016b 66       		.byte	0x66
 601 016c 53020000 		.4byte	0x253
 602 0170 10       		.byte	0x10
 603 0171 06       		.uleb128 0x6
 604 0172 F6010000 		.4byte	.LASF32
 605 0176 06       		.byte	0x6
 606 0177 67       		.byte	0x67
 607 0178 53020000 		.4byte	0x253
 608 017c 14       		.byte	0x14
 609 017d 06       		.uleb128 0x6
 610 017e B6040000 		.4byte	.LASF33
 611 0182 06       		.byte	0x6
 612 0183 6E       		.byte	0x6e
 613 0184 11080000 		.4byte	0x811
 614 0188 18       		.byte	0x18
 615 0189 06       		.uleb128 0x6
 616 018a EC000000 		.4byte	.LASF34
 617 018e 06       		.byte	0x6
 618 018f 74       		.byte	0x74
 619 0190 23080000 		.4byte	0x823
 620 0194 1C       		.byte	0x1c
 621 0195 06       		.uleb128 0x6
 622 0196 8C020000 		.4byte	.LASF35
 623 019a 06       		.byte	0x6
 624 019b 79       		.byte	0x79
ARM GAS  /tmp/ccusemPO.s 			page 12


 625 019c D1000000 		.4byte	0xd1
 626 01a0 20       		.byte	0x20
 627 01a1 06       		.uleb128 0x6
 628 01a2 AE030000 		.4byte	.LASF36
 629 01a6 06       		.byte	0x6
 630 01a7 7D       		.byte	0x7d
 631 01a8 C6000000 		.4byte	0xc6
 632 01ac 21       		.byte	0x21
 633 01ad 06       		.uleb128 0x6
 634 01ae 38040000 		.4byte	.LASF37
 635 01b2 06       		.byte	0x6
 636 01b3 82       		.byte	0x82
 637 01b4 DC000000 		.4byte	0xdc
 638 01b8 22       		.byte	0x22
 639 01b9 06       		.uleb128 0x6
 640 01ba 9C020000 		.4byte	.LASF38
 641 01be 06       		.byte	0x6
 642 01bf 88       		.byte	0x88
 643 01c0 E7000000 		.4byte	0xe7
 644 01c4 23       		.byte	0x23
 645 01c5 06       		.uleb128 0x6
 646 01c6 1A040000 		.4byte	.LASF39
 647 01ca 06       		.byte	0x6
 648 01cb 8F       		.byte	0x8f
 649 01cc 39070000 		.4byte	0x739
 650 01d0 24       		.byte	0x24
 651 01d1 07       		.uleb128 0x7
 652 01d2 705F7500 		.ascii	"p_u\000"
 653 01d6 06       		.byte	0x6
 654 01d7 B4       		.byte	0xb4
 655 01d8 DC070000 		.4byte	0x7dc
 656 01dc 28       		.byte	0x28
 657 01dd 06       		.uleb128 0x6
 658 01de D6040000 		.4byte	.LASF40
 659 01e2 06       		.byte	0x6
 660 01e3 B9       		.byte	0xb9
 661 01e4 79020000 		.4byte	0x279
 662 01e8 2C       		.byte	0x2c
 663 01e9 06       		.uleb128 0x6
 664 01ea 2D040000 		.4byte	.LASF41
 665 01ee 06       		.byte	0x6
 666 01ef BF       		.byte	0xbf
 667 01f0 59020000 		.4byte	0x259
 668 01f4 30       		.byte	0x30
 669 01f5 06       		.uleb128 0x6
 670 01f6 00000000 		.4byte	.LASF42
 671 01fa 06       		.byte	0x6
 672 01fb C3       		.byte	0xc3
 673 01fc FD000000 		.4byte	0xfd
 674 0200 38       		.byte	0x38
 675 0201 06       		.uleb128 0x6
 676 0202 C3030000 		.4byte	.LASF43
 677 0206 06       		.byte	0x6
 678 0207 C9       		.byte	0xc9
 679 0208 08010000 		.4byte	0x108
 680 020c 3C       		.byte	0x3c
 681 020d 06       		.uleb128 0x6
ARM GAS  /tmp/ccusemPO.s 			page 13


 682 020e 78020000 		.4byte	.LASF44
 683 0212 06       		.byte	0x6
 684 0213 D0       		.byte	0xd0
 685 0214 29080000 		.4byte	0x829
 686 0218 40       		.byte	0x40
 687 0219 06       		.uleb128 0x6
 688 021a 05040000 		.4byte	.LASF45
 689 021e 06       		.byte	0x6
 690 021f D4       		.byte	0xd4
 691 0220 F2000000 		.4byte	0xf2
 692 0224 44       		.byte	0x44
 693 0225 06       		.uleb128 0x6
 694 0226 7B000000 		.4byte	.LASF46
 695 022a 06       		.byte	0x6
 696 022b DA       		.byte	0xda
 697 022c 8F020000 		.4byte	0x28f
 698 0230 48       		.byte	0x48
 699 0231 00       		.byte	0
 700 0232 08       		.uleb128 0x8
 701 0233 08       		.byte	0x8
 702 0234 05       		.byte	0x5
 703 0235 61       		.byte	0x61
 704 0236 53020000 		.4byte	0x253
 705 023a 06       		.uleb128 0x6
 706 023b A1030000 		.4byte	.LASF27
 707 023f 05       		.byte	0x5
 708 0240 62       		.byte	0x62
 709 0241 53020000 		.4byte	0x253
 710 0245 00       		.byte	0
 711 0246 06       		.uleb128 0x6
 712 0247 47020000 		.4byte	.LASF28
 713 024b 05       		.byte	0x5
 714 024c 64       		.byte	0x64
 715 024d 53020000 		.4byte	0x253
 716 0251 04       		.byte	0x4
 717 0252 00       		.byte	0
 718 0253 09       		.uleb128 0x9
 719 0254 04       		.byte	0x4
 720 0255 1E010000 		.4byte	0x11e
 721 0259 04       		.uleb128 0x4
 722 025a 04020000 		.4byte	.LASF47
 723 025e 05       		.byte	0x5
 724 025f 66       		.byte	0x66
 725 0260 32020000 		.4byte	0x232
 726 0264 08       		.uleb128 0x8
 727 0265 04       		.byte	0x4
 728 0266 05       		.byte	0x5
 729 0267 6B       		.byte	0x6b
 730 0268 79020000 		.4byte	0x279
 731 026c 06       		.uleb128 0x6
 732 026d A1030000 		.4byte	.LASF27
 733 0271 05       		.byte	0x5
 734 0272 6D       		.byte	0x6d
 735 0273 53020000 		.4byte	0x253
 736 0277 00       		.byte	0
 737 0278 00       		.byte	0
 738 0279 04       		.uleb128 0x4
ARM GAS  /tmp/ccusemPO.s 			page 14


 739 027a B9010000 		.4byte	.LASF48
 740 027e 05       		.byte	0x5
 741 027f 70       		.byte	0x70
 742 0280 64020000 		.4byte	0x264
 743 0284 04       		.uleb128 0x4
 744 0285 DA000000 		.4byte	.LASF49
 745 0289 07       		.byte	0x7
 746 028a E5       		.byte	0xe5
 747 028b 8F020000 		.4byte	0x28f
 748 028f 0A       		.uleb128 0xa
 749 0290 04       		.byte	0x4
 750 0291 04       		.uleb128 0x4
 751 0292 D7010000 		.4byte	.LASF50
 752 0296 07       		.byte	0x7
 753 0297 EB       		.byte	0xeb
 754 0298 B4000000 		.4byte	0xb4
 755 029c 05       		.uleb128 0x5
 756 029d 0B010000 		.4byte	.LASF51
 757 02a1 68       		.byte	0x68
 758 02a2 07       		.byte	0x7
 759 02a3 ED       		.byte	0xed
 760 02a4 DB030000 		.4byte	0x3db
 761 02a8 07       		.uleb128 0x7
 762 02a9 723000   		.ascii	"r0\000"
 763 02ac 07       		.byte	0x7
 764 02ad EE       		.byte	0xee
 765 02ae 84020000 		.4byte	0x284
 766 02b2 00       		.byte	0
 767 02b3 07       		.uleb128 0x7
 768 02b4 723100   		.ascii	"r1\000"
 769 02b7 07       		.byte	0x7
 770 02b8 EF       		.byte	0xef
 771 02b9 84020000 		.4byte	0x284
 772 02bd 04       		.byte	0x4
 773 02be 07       		.uleb128 0x7
 774 02bf 723200   		.ascii	"r2\000"
 775 02c2 07       		.byte	0x7
 776 02c3 F0       		.byte	0xf0
 777 02c4 84020000 		.4byte	0x284
 778 02c8 08       		.byte	0x8
 779 02c9 07       		.uleb128 0x7
 780 02ca 723300   		.ascii	"r3\000"
 781 02cd 07       		.byte	0x7
 782 02ce F1       		.byte	0xf1
 783 02cf 84020000 		.4byte	0x284
 784 02d3 0C       		.byte	0xc
 785 02d4 07       		.uleb128 0x7
 786 02d5 72313200 		.ascii	"r12\000"
 787 02d9 07       		.byte	0x7
 788 02da F2       		.byte	0xf2
 789 02db 84020000 		.4byte	0x284
 790 02df 10       		.byte	0x10
 791 02e0 06       		.uleb128 0x6
 792 02e1 04010000 		.4byte	.LASF52
 793 02e5 07       		.byte	0x7
 794 02e6 F3       		.byte	0xf3
 795 02e7 84020000 		.4byte	0x284
ARM GAS  /tmp/ccusemPO.s 			page 15


 796 02eb 14       		.byte	0x14
 797 02ec 07       		.uleb128 0x7
 798 02ed 706300   		.ascii	"pc\000"
 799 02f0 07       		.byte	0x7
 800 02f1 F4       		.byte	0xf4
 801 02f2 84020000 		.4byte	0x284
 802 02f6 18       		.byte	0x18
 803 02f7 06       		.uleb128 0x6
 804 02f8 A6020000 		.4byte	.LASF53
 805 02fc 07       		.byte	0x7
 806 02fd F5       		.byte	0xf5
 807 02fe 84020000 		.4byte	0x284
 808 0302 1C       		.byte	0x1c
 809 0303 07       		.uleb128 0x7
 810 0304 733000   		.ascii	"s0\000"
 811 0307 07       		.byte	0x7
 812 0308 F7       		.byte	0xf7
 813 0309 84020000 		.4byte	0x284
 814 030d 20       		.byte	0x20
 815 030e 07       		.uleb128 0x7
 816 030f 733100   		.ascii	"s1\000"
 817 0312 07       		.byte	0x7
 818 0313 F8       		.byte	0xf8
 819 0314 84020000 		.4byte	0x284
 820 0318 24       		.byte	0x24
 821 0319 07       		.uleb128 0x7
 822 031a 733200   		.ascii	"s2\000"
 823 031d 07       		.byte	0x7
 824 031e F9       		.byte	0xf9
 825 031f 84020000 		.4byte	0x284
 826 0323 28       		.byte	0x28
 827 0324 07       		.uleb128 0x7
 828 0325 733300   		.ascii	"s3\000"
 829 0328 07       		.byte	0x7
 830 0329 FA       		.byte	0xfa
 831 032a 84020000 		.4byte	0x284
 832 032e 2C       		.byte	0x2c
 833 032f 07       		.uleb128 0x7
 834 0330 733400   		.ascii	"s4\000"
 835 0333 07       		.byte	0x7
 836 0334 FB       		.byte	0xfb
 837 0335 84020000 		.4byte	0x284
 838 0339 30       		.byte	0x30
 839 033a 07       		.uleb128 0x7
 840 033b 733500   		.ascii	"s5\000"
 841 033e 07       		.byte	0x7
 842 033f FC       		.byte	0xfc
 843 0340 84020000 		.4byte	0x284
 844 0344 34       		.byte	0x34
 845 0345 07       		.uleb128 0x7
 846 0346 733600   		.ascii	"s6\000"
 847 0349 07       		.byte	0x7
 848 034a FD       		.byte	0xfd
 849 034b 84020000 		.4byte	0x284
 850 034f 38       		.byte	0x38
 851 0350 07       		.uleb128 0x7
 852 0351 733700   		.ascii	"s7\000"
ARM GAS  /tmp/ccusemPO.s 			page 16


 853 0354 07       		.byte	0x7
 854 0355 FE       		.byte	0xfe
 855 0356 84020000 		.4byte	0x284
 856 035a 3C       		.byte	0x3c
 857 035b 07       		.uleb128 0x7
 858 035c 733800   		.ascii	"s8\000"
 859 035f 07       		.byte	0x7
 860 0360 FF       		.byte	0xff
 861 0361 84020000 		.4byte	0x284
 862 0365 40       		.byte	0x40
 863 0366 0B       		.uleb128 0xb
 864 0367 733900   		.ascii	"s9\000"
 865 036a 07       		.byte	0x7
 866 036b 0001     		.2byte	0x100
 867 036d 84020000 		.4byte	0x284
 868 0371 44       		.byte	0x44
 869 0372 0B       		.uleb128 0xb
 870 0373 73313000 		.ascii	"s10\000"
 871 0377 07       		.byte	0x7
 872 0378 0101     		.2byte	0x101
 873 037a 84020000 		.4byte	0x284
 874 037e 48       		.byte	0x48
 875 037f 0B       		.uleb128 0xb
 876 0380 73313100 		.ascii	"s11\000"
 877 0384 07       		.byte	0x7
 878 0385 0201     		.2byte	0x102
 879 0387 84020000 		.4byte	0x284
 880 038b 4C       		.byte	0x4c
 881 038c 0B       		.uleb128 0xb
 882 038d 73313200 		.ascii	"s12\000"
 883 0391 07       		.byte	0x7
 884 0392 0301     		.2byte	0x103
 885 0394 84020000 		.4byte	0x284
 886 0398 50       		.byte	0x50
 887 0399 0B       		.uleb128 0xb
 888 039a 73313300 		.ascii	"s13\000"
 889 039e 07       		.byte	0x7
 890 039f 0401     		.2byte	0x104
 891 03a1 84020000 		.4byte	0x284
 892 03a5 54       		.byte	0x54
 893 03a6 0B       		.uleb128 0xb
 894 03a7 73313400 		.ascii	"s14\000"
 895 03ab 07       		.byte	0x7
 896 03ac 0501     		.2byte	0x105
 897 03ae 84020000 		.4byte	0x284
 898 03b2 58       		.byte	0x58
 899 03b3 0B       		.uleb128 0xb
 900 03b4 73313500 		.ascii	"s15\000"
 901 03b8 07       		.byte	0x7
 902 03b9 0601     		.2byte	0x106
 903 03bb 84020000 		.4byte	0x284
 904 03bf 5C       		.byte	0x5c
 905 03c0 0C       		.uleb128 0xc
 906 03c1 A8030000 		.4byte	.LASF54
 907 03c5 07       		.byte	0x7
 908 03c6 0701     		.2byte	0x107
 909 03c8 84020000 		.4byte	0x284
ARM GAS  /tmp/ccusemPO.s 			page 17


 910 03cc 60       		.byte	0x60
 911 03cd 0C       		.uleb128 0xc
 912 03ce E3000000 		.4byte	.LASF55
 913 03d2 07       		.byte	0x7
 914 03d3 0801     		.2byte	0x108
 915 03d5 84020000 		.4byte	0x284
 916 03d9 64       		.byte	0x64
 917 03da 00       		.byte	0
 918 03db 0D       		.uleb128 0xd
 919 03dc 26040000 		.4byte	.LASF56
 920 03e0 64       		.byte	0x64
 921 03e1 07       		.byte	0x7
 922 03e2 0C01     		.2byte	0x10c
 923 03e4 27050000 		.4byte	0x527
 924 03e8 0B       		.uleb128 0xb
 925 03e9 73313600 		.ascii	"s16\000"
 926 03ed 07       		.byte	0x7
 927 03ee 0E01     		.2byte	0x10e
 928 03f0 84020000 		.4byte	0x284
 929 03f4 00       		.byte	0
 930 03f5 0B       		.uleb128 0xb
 931 03f6 73313700 		.ascii	"s17\000"
 932 03fa 07       		.byte	0x7
 933 03fb 0F01     		.2byte	0x10f
 934 03fd 84020000 		.4byte	0x284
 935 0401 04       		.byte	0x4
 936 0402 0B       		.uleb128 0xb
 937 0403 73313800 		.ascii	"s18\000"
 938 0407 07       		.byte	0x7
 939 0408 1001     		.2byte	0x110
 940 040a 84020000 		.4byte	0x284
 941 040e 08       		.byte	0x8
 942 040f 0B       		.uleb128 0xb
 943 0410 73313900 		.ascii	"s19\000"
 944 0414 07       		.byte	0x7
 945 0415 1101     		.2byte	0x111
 946 0417 84020000 		.4byte	0x284
 947 041b 0C       		.byte	0xc
 948 041c 0B       		.uleb128 0xb
 949 041d 73323000 		.ascii	"s20\000"
 950 0421 07       		.byte	0x7
 951 0422 1201     		.2byte	0x112
 952 0424 84020000 		.4byte	0x284
 953 0428 10       		.byte	0x10
 954 0429 0B       		.uleb128 0xb
 955 042a 73323100 		.ascii	"s21\000"
 956 042e 07       		.byte	0x7
 957 042f 1301     		.2byte	0x113
 958 0431 84020000 		.4byte	0x284
 959 0435 14       		.byte	0x14
 960 0436 0B       		.uleb128 0xb
 961 0437 73323200 		.ascii	"s22\000"
 962 043b 07       		.byte	0x7
 963 043c 1401     		.2byte	0x114
 964 043e 84020000 		.4byte	0x284
 965 0442 18       		.byte	0x18
 966 0443 0B       		.uleb128 0xb
ARM GAS  /tmp/ccusemPO.s 			page 18


 967 0444 73323300 		.ascii	"s23\000"
 968 0448 07       		.byte	0x7
 969 0449 1501     		.2byte	0x115
 970 044b 84020000 		.4byte	0x284
 971 044f 1C       		.byte	0x1c
 972 0450 0B       		.uleb128 0xb
 973 0451 73323400 		.ascii	"s24\000"
 974 0455 07       		.byte	0x7
 975 0456 1601     		.2byte	0x116
 976 0458 84020000 		.4byte	0x284
 977 045c 20       		.byte	0x20
 978 045d 0B       		.uleb128 0xb
 979 045e 73323500 		.ascii	"s25\000"
 980 0462 07       		.byte	0x7
 981 0463 1701     		.2byte	0x117
 982 0465 84020000 		.4byte	0x284
 983 0469 24       		.byte	0x24
 984 046a 0B       		.uleb128 0xb
 985 046b 73323600 		.ascii	"s26\000"
 986 046f 07       		.byte	0x7
 987 0470 1801     		.2byte	0x118
 988 0472 84020000 		.4byte	0x284
 989 0476 28       		.byte	0x28
 990 0477 0B       		.uleb128 0xb
 991 0478 73323700 		.ascii	"s27\000"
 992 047c 07       		.byte	0x7
 993 047d 1901     		.2byte	0x119
 994 047f 84020000 		.4byte	0x284
 995 0483 2C       		.byte	0x2c
 996 0484 0B       		.uleb128 0xb
 997 0485 73323800 		.ascii	"s28\000"
 998 0489 07       		.byte	0x7
 999 048a 1A01     		.2byte	0x11a
 1000 048c 84020000 		.4byte	0x284
 1001 0490 30       		.byte	0x30
 1002 0491 0B       		.uleb128 0xb
 1003 0492 73323900 		.ascii	"s29\000"
 1004 0496 07       		.byte	0x7
 1005 0497 1B01     		.2byte	0x11b
 1006 0499 84020000 		.4byte	0x284
 1007 049d 34       		.byte	0x34
 1008 049e 0B       		.uleb128 0xb
 1009 049f 73333000 		.ascii	"s30\000"
 1010 04a3 07       		.byte	0x7
 1011 04a4 1C01     		.2byte	0x11c
 1012 04a6 84020000 		.4byte	0x284
 1013 04aa 38       		.byte	0x38
 1014 04ab 0B       		.uleb128 0xb
 1015 04ac 73333100 		.ascii	"s31\000"
 1016 04b0 07       		.byte	0x7
 1017 04b1 1D01     		.2byte	0x11d
 1018 04b3 84020000 		.4byte	0x284
 1019 04b7 3C       		.byte	0x3c
 1020 04b8 0B       		.uleb128 0xb
 1021 04b9 723400   		.ascii	"r4\000"
 1022 04bc 07       		.byte	0x7
 1023 04bd 1F01     		.2byte	0x11f
ARM GAS  /tmp/ccusemPO.s 			page 19


 1024 04bf 84020000 		.4byte	0x284
 1025 04c3 40       		.byte	0x40
 1026 04c4 0B       		.uleb128 0xb
 1027 04c5 723500   		.ascii	"r5\000"
 1028 04c8 07       		.byte	0x7
 1029 04c9 2001     		.2byte	0x120
 1030 04cb 84020000 		.4byte	0x284
 1031 04cf 44       		.byte	0x44
 1032 04d0 0B       		.uleb128 0xb
 1033 04d1 723600   		.ascii	"r6\000"
 1034 04d4 07       		.byte	0x7
 1035 04d5 2101     		.2byte	0x121
 1036 04d7 84020000 		.4byte	0x284
 1037 04db 48       		.byte	0x48
 1038 04dc 0B       		.uleb128 0xb
 1039 04dd 723700   		.ascii	"r7\000"
 1040 04e0 07       		.byte	0x7
 1041 04e1 2201     		.2byte	0x122
 1042 04e3 84020000 		.4byte	0x284
 1043 04e7 4C       		.byte	0x4c
 1044 04e8 0B       		.uleb128 0xb
 1045 04e9 723800   		.ascii	"r8\000"
 1046 04ec 07       		.byte	0x7
 1047 04ed 2301     		.2byte	0x123
 1048 04ef 84020000 		.4byte	0x284
 1049 04f3 50       		.byte	0x50
 1050 04f4 0B       		.uleb128 0xb
 1051 04f5 723900   		.ascii	"r9\000"
 1052 04f8 07       		.byte	0x7
 1053 04f9 2401     		.2byte	0x124
 1054 04fb 84020000 		.4byte	0x284
 1055 04ff 54       		.byte	0x54
 1056 0500 0B       		.uleb128 0xb
 1057 0501 72313000 		.ascii	"r10\000"
 1058 0505 07       		.byte	0x7
 1059 0506 2501     		.2byte	0x125
 1060 0508 84020000 		.4byte	0x284
 1061 050c 58       		.byte	0x58
 1062 050d 0B       		.uleb128 0xb
 1063 050e 72313100 		.ascii	"r11\000"
 1064 0512 07       		.byte	0x7
 1065 0513 2601     		.2byte	0x126
 1066 0515 84020000 		.4byte	0x284
 1067 0519 5C       		.byte	0x5c
 1068 051a 0B       		.uleb128 0xb
 1069 051b 6C7200   		.ascii	"lr\000"
 1070 051e 07       		.byte	0x7
 1071 051f 2701     		.2byte	0x127
 1072 0521 84020000 		.4byte	0x284
 1073 0525 60       		.byte	0x60
 1074 0526 00       		.byte	0
 1075 0527 0D       		.uleb128 0xd
 1076 0528 4C010000 		.4byte	.LASF57
 1077 052c 04       		.byte	0x4
 1078 052d 07       		.byte	0x7
 1079 052e 3101     		.2byte	0x131
 1080 0530 42050000 		.4byte	0x542
ARM GAS  /tmp/ccusemPO.s 			page 20


 1081 0534 0B       		.uleb128 0xb
 1082 0535 72313300 		.ascii	"r13\000"
 1083 0539 07       		.byte	0x7
 1084 053a 3201     		.2byte	0x132
 1085 053c 42050000 		.4byte	0x542
 1086 0540 00       		.byte	0
 1087 0541 00       		.byte	0
 1088 0542 09       		.uleb128 0x9
 1089 0543 04       		.byte	0x4
 1090 0544 DB030000 		.4byte	0x3db
 1091 0548 04       		.uleb128 0x4
 1092 0549 EC030000 		.4byte	.LASF58
 1093 054d 08       		.byte	0x8
 1094 054e 3A       		.byte	0x3a
 1095 054f 53050000 		.4byte	0x553
 1096 0553 0E       		.uleb128 0xe
 1097 0554 A9000000 		.4byte	0xa9
 1098 0558 03       		.uleb128 0x3
 1099 0559 04       		.byte	0x4
 1100 055a 07       		.byte	0x7
 1101 055b E8010000 		.4byte	.LASF59
 1102 055f 08       		.uleb128 0x8
 1103 0560 8C       		.byte	0x8c
 1104 0561 08       		.byte	0x8
 1105 0562 89       		.byte	0x89
 1106 0563 64060000 		.4byte	0x664
 1107 0567 06       		.uleb128 0x6
 1108 0568 54000000 		.4byte	.LASF60
 1109 056c 08       		.byte	0x8
 1110 056d 8A       		.byte	0x8a
 1111 056e 48050000 		.4byte	0x548
 1112 0572 00       		.byte	0
 1113 0573 06       		.uleb128 0x6
 1114 0574 67010000 		.4byte	.LASF61
 1115 0578 08       		.byte	0x8
 1116 0579 8B       		.byte	0x8b
 1117 057a 48050000 		.4byte	0x548
 1118 057e 04       		.byte	0x4
 1119 057f 06       		.uleb128 0x6
 1120 0580 31010000 		.4byte	.LASF62
 1121 0584 08       		.byte	0x8
 1122 0585 8C       		.byte	0x8c
 1123 0586 48050000 		.4byte	0x548
 1124 058a 08       		.byte	0x8
 1125 058b 06       		.uleb128 0x6
 1126 058c 72010000 		.4byte	.LASF63
 1127 0590 08       		.byte	0x8
 1128 0591 8D       		.byte	0x8d
 1129 0592 48050000 		.4byte	0x548
 1130 0596 0C       		.byte	0xc
 1131 0597 07       		.uleb128 0x7
 1132 0598 53435200 		.ascii	"SCR\000"
 1133 059c 08       		.byte	0x8
 1134 059d 8E       		.byte	0x8e
 1135 059e 48050000 		.4byte	0x548
 1136 05a2 10       		.byte	0x10
 1137 05a3 07       		.uleb128 0x7
ARM GAS  /tmp/ccusemPO.s 			page 21


 1138 05a4 43435200 		.ascii	"CCR\000"
 1139 05a8 08       		.byte	0x8
 1140 05a9 8F       		.byte	0x8f
 1141 05aa 48050000 		.4byte	0x548
 1142 05ae 14       		.byte	0x14
 1143 05af 06       		.uleb128 0x6
 1144 05b0 21040000 		.4byte	.LASF64
 1145 05b4 08       		.byte	0x8
 1146 05b5 90       		.byte	0x90
 1147 05b6 74060000 		.4byte	0x674
 1148 05ba 18       		.byte	0x18
 1149 05bb 06       		.uleb128 0x6
 1150 05bc 72020000 		.4byte	.LASF65
 1151 05c0 08       		.byte	0x8
 1152 05c1 91       		.byte	0x91
 1153 05c2 48050000 		.4byte	0x548
 1154 05c6 24       		.byte	0x24
 1155 05c7 06       		.uleb128 0x6
 1156 05c8 F1010000 		.4byte	.LASF66
 1157 05cc 08       		.byte	0x8
 1158 05cd 92       		.byte	0x92
 1159 05ce 48050000 		.4byte	0x548
 1160 05d2 28       		.byte	0x28
 1161 05d3 06       		.uleb128 0x6
 1162 05d4 C3040000 		.4byte	.LASF67
 1163 05d8 08       		.byte	0x8
 1164 05d9 93       		.byte	0x93
 1165 05da 48050000 		.4byte	0x548
 1166 05de 2C       		.byte	0x2c
 1167 05df 06       		.uleb128 0x6
 1168 05e0 78010000 		.4byte	.LASF68
 1169 05e4 08       		.byte	0x8
 1170 05e5 94       		.byte	0x94
 1171 05e6 48050000 		.4byte	0x548
 1172 05ea 30       		.byte	0x30
 1173 05eb 06       		.uleb128 0x6
 1174 05ec 85010000 		.4byte	.LASF69
 1175 05f0 08       		.byte	0x8
 1176 05f1 95       		.byte	0x95
 1177 05f2 48050000 		.4byte	0x548
 1178 05f6 34       		.byte	0x34
 1179 05f7 06       		.uleb128 0x6
 1180 05f8 BC000000 		.4byte	.LASF70
 1181 05fc 08       		.byte	0x8
 1182 05fd 96       		.byte	0x96
 1183 05fe 48050000 		.4byte	0x548
 1184 0602 38       		.byte	0x38
 1185 0603 06       		.uleb128 0x6
 1186 0604 CA000000 		.4byte	.LASF71
 1187 0608 08       		.byte	0x8
 1188 0609 97       		.byte	0x97
 1189 060a 48050000 		.4byte	0x548
 1190 060e 3C       		.byte	0x3c
 1191 060f 07       		.uleb128 0x7
 1192 0610 50465200 		.ascii	"PFR\000"
 1193 0614 08       		.byte	0x8
 1194 0615 98       		.byte	0x98
ARM GAS  /tmp/ccusemPO.s 			page 22


 1195 0616 89060000 		.4byte	0x689
 1196 061a 40       		.byte	0x40
 1197 061b 07       		.uleb128 0x7
 1198 061c 44465200 		.ascii	"DFR\000"
 1199 0620 08       		.byte	0x8
 1200 0621 99       		.byte	0x99
 1201 0622 48050000 		.4byte	0x548
 1202 0626 48       		.byte	0x48
 1203 0627 07       		.uleb128 0x7
 1204 0628 41445200 		.ascii	"ADR\000"
 1205 062c 08       		.byte	0x8
 1206 062d 9A       		.byte	0x9a
 1207 062e 48050000 		.4byte	0x548
 1208 0632 4C       		.byte	0x4c
 1209 0633 06       		.uleb128 0x6
 1210 0634 49040000 		.4byte	.LASF72
 1211 0638 08       		.byte	0x8
 1212 0639 9B       		.byte	0x9b
 1213 063a 9E060000 		.4byte	0x69e
 1214 063e 50       		.byte	0x50
 1215 063f 07       		.uleb128 0x7
 1216 0640 53415200 		.ascii	"SAR\000"
 1217 0644 08       		.byte	0x8
 1218 0645 9C       		.byte	0x9c
 1219 0646 B3060000 		.4byte	0x6b3
 1220 064a 60       		.byte	0x60
 1221 064b 06       		.uleb128 0x6
 1222 064c DF030000 		.4byte	.LASF73
 1223 0650 08       		.byte	0x8
 1224 0651 9D       		.byte	0x9d
 1225 0652 B8060000 		.4byte	0x6b8
 1226 0656 74       		.byte	0x74
 1227 0657 06       		.uleb128 0x6
 1228 0658 BD040000 		.4byte	.LASF74
 1229 065c 08       		.byte	0x8
 1230 065d 9E       		.byte	0x9e
 1231 065e 48050000 		.4byte	0x548
 1232 0662 88       		.byte	0x88
 1233 0663 00       		.byte	0
 1234 0664 0F       		.uleb128 0xf
 1235 0665 48050000 		.4byte	0x548
 1236 0669 74060000 		.4byte	0x674
 1237 066d 10       		.uleb128 0x10
 1238 066e 58050000 		.4byte	0x558
 1239 0672 02       		.byte	0x2
 1240 0673 00       		.byte	0
 1241 0674 0E       		.uleb128 0xe
 1242 0675 64060000 		.4byte	0x664
 1243 0679 0F       		.uleb128 0xf
 1244 067a 48050000 		.4byte	0x548
 1245 067e 89060000 		.4byte	0x689
 1246 0682 10       		.uleb128 0x10
 1247 0683 58050000 		.4byte	0x558
 1248 0687 01       		.byte	0x1
 1249 0688 00       		.byte	0
 1250 0689 0E       		.uleb128 0xe
 1251 068a 79060000 		.4byte	0x679
ARM GAS  /tmp/ccusemPO.s 			page 23


 1252 068e 0F       		.uleb128 0xf
 1253 068f 48050000 		.4byte	0x548
 1254 0693 9E060000 		.4byte	0x69e
 1255 0697 10       		.uleb128 0x10
 1256 0698 58050000 		.4byte	0x558
 1257 069c 03       		.byte	0x3
 1258 069d 00       		.byte	0
 1259 069e 0E       		.uleb128 0xe
 1260 069f 8E060000 		.4byte	0x68e
 1261 06a3 0F       		.uleb128 0xf
 1262 06a4 48050000 		.4byte	0x548
 1263 06a8 B3060000 		.4byte	0x6b3
 1264 06ac 10       		.uleb128 0x10
 1265 06ad 58050000 		.4byte	0x558
 1266 06b1 04       		.byte	0x4
 1267 06b2 00       		.byte	0
 1268 06b3 0E       		.uleb128 0xe
 1269 06b4 A3060000 		.4byte	0x6a3
 1270 06b8 0E       		.uleb128 0xe
 1271 06b9 A3060000 		.4byte	0x6a3
 1272 06bd 04       		.uleb128 0x4
 1273 06be 27000000 		.4byte	.LASF75
 1274 06c2 08       		.byte	0x8
 1275 06c3 9F       		.byte	0x9f
 1276 06c4 5F050000 		.4byte	0x55f
 1277 06c8 08       		.uleb128 0x8
 1278 06c9 18       		.byte	0x18
 1279 06ca 08       		.byte	0x8
 1280 06cb CC       		.byte	0xcc
 1281 06cc 19070000 		.4byte	0x719
 1282 06d0 06       		.uleb128 0x6
 1283 06d1 DF030000 		.4byte	.LASF73
 1284 06d5 08       		.byte	0x8
 1285 06d6 CD       		.byte	0xcd
 1286 06d7 29070000 		.4byte	0x729
 1287 06db 00       		.byte	0
 1288 06dc 06       		.uleb128 0x6
 1289 06dd E2010000 		.4byte	.LASF76
 1290 06e1 08       		.byte	0x8
 1291 06e2 CE       		.byte	0xce
 1292 06e3 48050000 		.4byte	0x548
 1293 06e7 04       		.byte	0x4
 1294 06e8 06       		.uleb128 0x6
 1295 06e9 B6030000 		.4byte	.LASF77
 1296 06ed 08       		.byte	0x8
 1297 06ee CF       		.byte	0xcf
 1298 06ef 48050000 		.4byte	0x548
 1299 06f3 08       		.byte	0x8
 1300 06f4 06       		.uleb128 0x6
 1301 06f5 0D000000 		.4byte	.LASF78
 1302 06f9 08       		.byte	0x8
 1303 06fa D0       		.byte	0xd0
 1304 06fb 48050000 		.4byte	0x548
 1305 06ff 0C       		.byte	0xc
 1306 0700 06       		.uleb128 0x6
 1307 0701 2E020000 		.4byte	.LASF79
 1308 0705 08       		.byte	0x8
ARM GAS  /tmp/ccusemPO.s 			page 24


 1309 0706 D1       		.byte	0xd1
 1310 0707 48050000 		.4byte	0x548
 1311 070b 10       		.byte	0x10
 1312 070c 06       		.uleb128 0x6
 1313 070d 34020000 		.4byte	.LASF80
 1314 0711 08       		.byte	0x8
 1315 0712 D2       		.byte	0xd2
 1316 0713 48050000 		.4byte	0x548
 1317 0717 14       		.byte	0x14
 1318 0718 00       		.byte	0
 1319 0719 0F       		.uleb128 0xf
 1320 071a 48050000 		.4byte	0x548
 1321 071e 29070000 		.4byte	0x729
 1322 0722 10       		.uleb128 0x10
 1323 0723 58050000 		.4byte	0x558
 1324 0727 00       		.byte	0
 1325 0728 00       		.byte	0
 1326 0729 0E       		.uleb128 0xe
 1327 072a 19070000 		.4byte	0x719
 1328 072e 04       		.uleb128 0x4
 1329 072f 94020000 		.4byte	.LASF81
 1330 0733 08       		.byte	0x8
 1331 0734 D3       		.byte	0xd3
 1332 0735 C8060000 		.4byte	0x6c8
 1333 0739 0E       		.uleb128 0xe
 1334 073a 13010000 		.4byte	0x113
 1335 073e 08       		.uleb128 0x8
 1336 073f 1C       		.byte	0x1c
 1337 0740 09       		.byte	0x9
 1338 0741 5E       		.byte	0x5e
 1339 0742 8F070000 		.4byte	0x78f
 1340 0746 06       		.uleb128 0x6
 1341 0747 D7030000 		.4byte	.LASF82
 1342 074b 09       		.byte	0x9
 1343 074c 5F       		.byte	0x5f
 1344 074d 59020000 		.4byte	0x259
 1345 0751 00       		.byte	0
 1346 0752 06       		.uleb128 0x6
 1347 0753 AB020000 		.4byte	.LASF83
 1348 0757 09       		.byte	0x9
 1349 0758 60       		.byte	0x60
 1350 0759 F2000000 		.4byte	0xf2
 1351 075d 08       		.byte	0x8
 1352 075e 06       		.uleb128 0x6
 1353 075f FE010000 		.4byte	.LASF84
 1354 0763 09       		.byte	0x9
 1355 0764 62       		.byte	0x62
 1356 0765 27050000 		.4byte	0x527
 1357 0769 0C       		.byte	0xc
 1358 076a 06       		.uleb128 0x6
 1359 076b 7D010000 		.4byte	.LASF85
 1360 076f 09       		.byte	0x9
 1361 0770 65       		.byte	0x65
 1362 0771 53020000 		.4byte	0x253
 1363 0775 10       		.byte	0x10
 1364 0776 06       		.uleb128 0x6
 1365 0777 1B020000 		.4byte	.LASF86
ARM GAS  /tmp/ccusemPO.s 			page 25


 1366 077b 09       		.byte	0x9
 1367 077c 66       		.byte	0x66
 1368 077d 53020000 		.4byte	0x253
 1369 0781 14       		.byte	0x14
 1370 0782 06       		.uleb128 0x6
 1371 0783 11020000 		.4byte	.LASF87
 1372 0787 09       		.byte	0x9
 1373 0788 69       		.byte	0x69
 1374 0789 53020000 		.4byte	0x253
 1375 078d 18       		.byte	0x18
 1376 078e 00       		.byte	0
 1377 078f 04       		.uleb128 0x4
 1378 0790 3F040000 		.4byte	.LASF88
 1379 0794 09       		.byte	0x9
 1380 0795 6B       		.byte	0x6b
 1381 0796 3E070000 		.4byte	0x73e
 1382 079a 05       		.uleb128 0x5
 1383 079b D1010000 		.4byte	.LASF89
 1384 079f 10       		.byte	0x10
 1385 07a0 0A       		.byte	0xa
 1386 07a1 2C       		.byte	0x2c
 1387 07a2 CB070000 		.4byte	0x7cb
 1388 07a6 06       		.uleb128 0x6
 1389 07a7 83000000 		.4byte	.LASF90
 1390 07ab 0A       		.byte	0xa
 1391 07ac 2D       		.byte	0x2d
 1392 07ad 59020000 		.4byte	0x259
 1393 07b1 00       		.byte	0
 1394 07b2 06       		.uleb128 0x6
 1395 07b3 C8040000 		.4byte	.LASF91
 1396 07b7 0A       		.byte	0xa
 1397 07b8 2F       		.byte	0x2f
 1398 07b9 53020000 		.4byte	0x253
 1399 07bd 08       		.byte	0x8
 1400 07be 06       		.uleb128 0x6
 1401 07bf F4030000 		.4byte	.LASF92
 1402 07c3 0A       		.byte	0xa
 1403 07c4 31       		.byte	0x31
 1404 07c5 CB070000 		.4byte	0x7cb
 1405 07c9 0C       		.byte	0xc
 1406 07ca 00       		.byte	0
 1407 07cb 09       		.uleb128 0x9
 1408 07cc 04       		.byte	0x4
 1409 07cd 9A070000 		.4byte	0x79a
 1410 07d1 04       		.uleb128 0x4
 1411 07d2 D1010000 		.4byte	.LASF89
 1412 07d6 0A       		.byte	0xa
 1413 07d7 33       		.byte	0x33
 1414 07d8 9A070000 		.4byte	0x79a
 1415 07dc 11       		.uleb128 0x11
 1416 07dd 04       		.byte	0x4
 1417 07de 06       		.byte	0x6
 1418 07df 96       		.byte	0x96
 1419 07e0 11080000 		.4byte	0x811
 1420 07e4 12       		.uleb128 0x12
 1421 07e5 06000000 		.4byte	.LASF93
 1422 07e9 06       		.byte	0x6
ARM GAS  /tmp/ccusemPO.s 			page 26


 1423 07ea 9D       		.byte	0x9d
 1424 07eb FD000000 		.4byte	0xfd
 1425 07ef 12       		.uleb128 0x12
 1426 07f0 C1000000 		.4byte	.LASF94
 1427 07f4 06       		.byte	0x6
 1428 07f5 A4       		.byte	0xa4
 1429 07f6 FD000000 		.4byte	0xfd
 1430 07fa 12       		.uleb128 0x12
 1431 07fb AF040000 		.4byte	.LASF95
 1432 07ff 06       		.byte	0x6
 1433 0800 AB       		.byte	0xab
 1434 0801 8F020000 		.4byte	0x28f
 1435 0805 12       		.uleb128 0x12
 1436 0806 67040000 		.4byte	.LASF96
 1437 080a 06       		.byte	0x6
 1438 080b B2       		.byte	0xb2
 1439 080c 08010000 		.4byte	0x108
 1440 0810 00       		.byte	0
 1441 0811 09       		.uleb128 0x9
 1442 0812 04       		.byte	0x4
 1443 0813 17080000 		.4byte	0x817
 1444 0817 13       		.uleb128 0x13
 1445 0818 1C080000 		.4byte	0x81c
 1446 081c 03       		.uleb128 0x3
 1447 081d 01       		.byte	0x1
 1448 081e 08       		.byte	0x8
 1449 081f E7030000 		.4byte	.LASF97
 1450 0823 09       		.uleb128 0x9
 1451 0824 04       		.byte	0x4
 1452 0825 91020000 		.4byte	0x291
 1453 0829 09       		.uleb128 0x9
 1454 082a 04       		.byte	0x4
 1455 082b D1070000 		.4byte	0x7d1
 1456 082f 14       		.uleb128 0x14
 1457 0830 2F000000 		.4byte	.LASF98
 1458 0834 01       		.byte	0x1
 1459 0835 2F       		.byte	0x2f
 1460 0836 00000000 		.4byte	.LFB7
 1461 083a 28000000 		.4byte	.LFE7-.LFB7
 1462 083e 01       		.uleb128 0x1
 1463 083f 9C       		.byte	0x9c
 1464 0840 77080000 		.4byte	0x877
 1465 0844 15       		.uleb128 0x15
 1466 0845 06000000 		.4byte	.LBB2
 1467 0849 06000000 		.4byte	.LBE2-.LBB2
 1468 084d 5F080000 		.4byte	0x85f
 1469 0851 16       		.uleb128 0x16
 1470 0852 746D7000 		.ascii	"tmp\000"
 1471 0856 01       		.byte	0x1
 1472 0857 33       		.byte	0x33
 1473 0858 A9000000 		.4byte	0xa9
 1474 085c 01       		.uleb128 0x1
 1475 085d 53       		.byte	0x53
 1476 085e 00       		.byte	0
 1477 085f 17       		.uleb128 0x17
 1478 0860 18000000 		.4byte	.LBB3
 1479 0864 06000000 		.4byte	.LBE3-.LBB3
ARM GAS  /tmp/ccusemPO.s 			page 27


 1480 0868 16       		.uleb128 0x16
 1481 0869 746D7000 		.ascii	"tmp\000"
 1482 086d 01       		.byte	0x1
 1483 086e 35       		.byte	0x35
 1484 086f A9000000 		.4byte	0xa9
 1485 0873 01       		.uleb128 0x1
 1486 0874 53       		.byte	0x53
 1487 0875 00       		.byte	0
 1488 0876 00       		.byte	0
 1489 0877 18       		.uleb128 0x18
 1490 0878 9E000000 		.4byte	.LASF99
 1491 087c 01       		.byte	0x1
 1492 087d 41       		.byte	0x41
 1493 087e 00000000 		.4byte	.LFB8
 1494 0882 30000000 		.4byte	.LFE8-.LFB8
 1495 0886 01       		.uleb128 0x1
 1496 0887 9C       		.byte	0x9c
 1497 0888 B2080000 		.4byte	0x8b2
 1498 088c 19       		.uleb128 0x19
 1499 088d 42020000 		.4byte	.LASF100
 1500 0891 01       		.byte	0x1
 1501 0892 42       		.byte	0x42
 1502 0893 B2080000 		.4byte	0x8b2
 1503 0897 02       		.uleb128 0x2
 1504 0898 91       		.byte	0x91
 1505 0899 7C       		.sleb128 -4
 1506 089a 17       		.uleb128 0x17
 1507 089b 20000000 		.4byte	.LBB4
 1508 089f 06000000 		.4byte	.LBE4-.LBB4
 1509 08a3 16       		.uleb128 0x16
 1510 08a4 746D7000 		.ascii	"tmp\000"
 1511 08a8 01       		.byte	0x1
 1512 08a9 52       		.byte	0x52
 1513 08aa A9000000 		.4byte	0xa9
 1514 08ae 01       		.uleb128 0x1
 1515 08af 53       		.byte	0x53
 1516 08b0 00       		.byte	0
 1517 08b1 00       		.byte	0
 1518 08b2 09       		.uleb128 0x9
 1519 08b3 04       		.byte	0x4
 1520 08b4 9C020000 		.4byte	0x29c
 1521 08b8 1A       		.uleb128 0x1a
 1522 08b9 5C040000 		.4byte	.LASF102
 1523 08bd 01       		.byte	0x1
 1524 08be 78       		.byte	0x78
 1525 08bf 00000000 		.4byte	.LFB9
 1526 08c3 30000000 		.4byte	.LFE9-.LFB9
 1527 08c7 01       		.uleb128 0x1
 1528 08c8 9C       		.byte	0x9c
 1529 08c9 18       		.uleb128 0x18
 1530 08ca 8B010000 		.4byte	.LASF101
 1531 08ce 01       		.byte	0x1
 1532 08cf 96       		.byte	0x96
 1533 08d0 00000000 		.4byte	.LFB10
 1534 08d4 9C000000 		.4byte	.LFE10-.LFB10
 1535 08d8 01       		.uleb128 0x1
 1536 08d9 9C       		.byte	0x9c
ARM GAS  /tmp/ccusemPO.s 			page 28


 1537 08da 2D090000 		.4byte	0x92d
 1538 08de 15       		.uleb128 0x15
 1539 08df 02000000 		.4byte	.LBB5
 1540 08e3 06000000 		.4byte	.LBE5-.LBB5
 1541 08e7 F9080000 		.4byte	0x8f9
 1542 08eb 16       		.uleb128 0x16
 1543 08ec 746D7000 		.ascii	"tmp\000"
 1544 08f0 01       		.byte	0x1
 1545 08f1 98       		.byte	0x98
 1546 08f2 A9000000 		.4byte	0xa9
 1547 08f6 01       		.uleb128 0x1
 1548 08f7 53       		.byte	0x53
 1549 08f8 00       		.byte	0
 1550 08f9 15       		.uleb128 0x15
 1551 08fa 14000000 		.4byte	.LBB6
 1552 08fe 6C000000 		.4byte	.LBE6-.LBB6
 1553 0902 15090000 		.4byte	0x915
 1554 0906 19       		.uleb128 0x19
 1555 0907 42020000 		.4byte	.LASF100
 1556 090b 01       		.byte	0x1
 1557 090c 9A       		.byte	0x9a
 1558 090d B2080000 		.4byte	0x8b2
 1559 0911 02       		.uleb128 0x2
 1560 0912 91       		.byte	0x91
 1561 0913 7C       		.sleb128 -4
 1562 0914 00       		.byte	0
 1563 0915 17       		.uleb128 0x17
 1564 0916 80000000 		.4byte	.LBB7
 1565 091a 06000000 		.4byte	.LBE7-.LBB7
 1566 091e 16       		.uleb128 0x16
 1567 091f 746D7000 		.ascii	"tmp\000"
 1568 0923 01       		.byte	0x1
 1569 0924 BB       		.byte	0xbb
 1570 0925 A9000000 		.4byte	0xa9
 1571 0929 01       		.uleb128 0x1
 1572 092a 53       		.byte	0x53
 1573 092b 00       		.byte	0
 1574 092c 00       		.byte	0
 1575 092d 1A       		.uleb128 0x1a
 1576 092e 36010000 		.4byte	.LASF103
 1577 0932 01       		.byte	0x1
 1578 0933 C5       		.byte	0xc5
 1579 0934 00000000 		.4byte	.LFB11
 1580 0938 0E000000 		.4byte	.LFE11-.LFB11
 1581 093c 01       		.uleb128 0x1
 1582 093d 9C       		.byte	0x9c
 1583 093e 18       		.uleb128 0x18
 1584 093f 12010000 		.4byte	.LASF104
 1585 0943 01       		.byte	0x1
 1586 0944 E2       		.byte	0xe2
 1587 0945 00000000 		.4byte	.LFB12
 1588 0949 1C000000 		.4byte	.LFE12-.LFB12
 1589 094d 01       		.uleb128 0x1
 1590 094e 9C       		.byte	0x9c
 1591 094f 6E090000 		.4byte	0x96e
 1592 0953 1B       		.uleb128 0x1b
 1593 0954 6E747000 		.ascii	"ntp\000"
ARM GAS  /tmp/ccusemPO.s 			page 29


 1594 0958 01       		.byte	0x1
 1595 0959 E2       		.byte	0xe2
 1596 095a 53020000 		.4byte	0x253
 1597 095e 01       		.uleb128 0x1
 1598 095f 53       		.byte	0x53
 1599 0960 1B       		.uleb128 0x1b
 1600 0961 6F747000 		.ascii	"otp\000"
 1601 0965 01       		.byte	0x1
 1602 0966 E2       		.byte	0xe2
 1603 0967 53020000 		.4byte	0x253
 1604 096b 01       		.uleb128 0x1
 1605 096c 52       		.byte	0x52
 1606 096d 00       		.byte	0
 1607 096e 14       		.uleb128 0x14
 1608 096f A6010000 		.4byte	.LASF105
 1609 0973 01       		.byte	0x1
 1610 0974 F9       		.byte	0xf9
 1611 0975 00000000 		.4byte	.LFB13
 1612 0979 16000000 		.4byte	.LFE13-.LFB13
 1613 097d 01       		.uleb128 0x1
 1614 097e 9C       		.byte	0x9c
 1615 097f 9B090000 		.4byte	0x99b
 1616 0983 17       		.uleb128 0x17
 1617 0984 06000000 		.4byte	.LBB8
 1618 0988 06000000 		.4byte	.LBE8-.LBB8
 1619 098c 16       		.uleb128 0x16
 1620 098d 746D7000 		.ascii	"tmp\000"
 1621 0991 01       		.byte	0x1
 1622 0992 FB       		.byte	0xfb
 1623 0993 A9000000 		.4byte	0xa9
 1624 0997 01       		.uleb128 0x1
 1625 0998 53       		.byte	0x53
 1626 0999 00       		.byte	0
 1627 099a 00       		.byte	0
 1628 099b 1C       		.uleb128 0x1c
 1629 099c 4E040000 		.4byte	.LASF108
 1630 09a0 09       		.byte	0x9
 1631 09a1 6F       		.byte	0x6f
 1632 09a2 8F070000 		.4byte	0x78f
 1633 09a6 00       		.byte	0
 1634              		.section	.debug_abbrev,"",%progbits
 1635              	.Ldebug_abbrev0:
 1636 0000 01       		.uleb128 0x1
 1637 0001 11       		.uleb128 0x11
 1638 0002 01       		.byte	0x1
 1639 0003 25       		.uleb128 0x25
 1640 0004 0E       		.uleb128 0xe
 1641 0005 13       		.uleb128 0x13
 1642 0006 0B       		.uleb128 0xb
 1643 0007 03       		.uleb128 0x3
 1644 0008 0E       		.uleb128 0xe
 1645 0009 55       		.uleb128 0x55
 1646 000a 17       		.uleb128 0x17
 1647 000b 11       		.uleb128 0x11
 1648 000c 01       		.uleb128 0x1
 1649 000d 10       		.uleb128 0x10
 1650 000e 17       		.uleb128 0x17
ARM GAS  /tmp/ccusemPO.s 			page 30


 1651 000f 00       		.byte	0
 1652 0010 00       		.byte	0
 1653 0011 02       		.uleb128 0x2
 1654 0012 24       		.uleb128 0x24
 1655 0013 00       		.byte	0
 1656 0014 0B       		.uleb128 0xb
 1657 0015 0B       		.uleb128 0xb
 1658 0016 3E       		.uleb128 0x3e
 1659 0017 0B       		.uleb128 0xb
 1660 0018 03       		.uleb128 0x3
 1661 0019 08       		.uleb128 0x8
 1662 001a 00       		.byte	0
 1663 001b 00       		.byte	0
 1664 001c 03       		.uleb128 0x3
 1665 001d 24       		.uleb128 0x24
 1666 001e 00       		.byte	0
 1667 001f 0B       		.uleb128 0xb
 1668 0020 0B       		.uleb128 0xb
 1669 0021 3E       		.uleb128 0x3e
 1670 0022 0B       		.uleb128 0xb
 1671 0023 03       		.uleb128 0x3
 1672 0024 0E       		.uleb128 0xe
 1673 0025 00       		.byte	0
 1674 0026 00       		.byte	0
 1675 0027 04       		.uleb128 0x4
 1676 0028 16       		.uleb128 0x16
 1677 0029 00       		.byte	0
 1678 002a 03       		.uleb128 0x3
 1679 002b 0E       		.uleb128 0xe
 1680 002c 3A       		.uleb128 0x3a
 1681 002d 0B       		.uleb128 0xb
 1682 002e 3B       		.uleb128 0x3b
 1683 002f 0B       		.uleb128 0xb
 1684 0030 49       		.uleb128 0x49
 1685 0031 13       		.uleb128 0x13
 1686 0032 00       		.byte	0
 1687 0033 00       		.byte	0
 1688 0034 05       		.uleb128 0x5
 1689 0035 13       		.uleb128 0x13
 1690 0036 01       		.byte	0x1
 1691 0037 03       		.uleb128 0x3
 1692 0038 0E       		.uleb128 0xe
 1693 0039 0B       		.uleb128 0xb
 1694 003a 0B       		.uleb128 0xb
 1695 003b 3A       		.uleb128 0x3a
 1696 003c 0B       		.uleb128 0xb
 1697 003d 3B       		.uleb128 0x3b
 1698 003e 0B       		.uleb128 0xb
 1699 003f 01       		.uleb128 0x1
 1700 0040 13       		.uleb128 0x13
 1701 0041 00       		.byte	0
 1702 0042 00       		.byte	0
 1703 0043 06       		.uleb128 0x6
 1704 0044 0D       		.uleb128 0xd
 1705 0045 00       		.byte	0
 1706 0046 03       		.uleb128 0x3
 1707 0047 0E       		.uleb128 0xe
ARM GAS  /tmp/ccusemPO.s 			page 31


 1708 0048 3A       		.uleb128 0x3a
 1709 0049 0B       		.uleb128 0xb
 1710 004a 3B       		.uleb128 0x3b
 1711 004b 0B       		.uleb128 0xb
 1712 004c 49       		.uleb128 0x49
 1713 004d 13       		.uleb128 0x13
 1714 004e 38       		.uleb128 0x38
 1715 004f 0B       		.uleb128 0xb
 1716 0050 00       		.byte	0
 1717 0051 00       		.byte	0
 1718 0052 07       		.uleb128 0x7
 1719 0053 0D       		.uleb128 0xd
 1720 0054 00       		.byte	0
 1721 0055 03       		.uleb128 0x3
 1722 0056 08       		.uleb128 0x8
 1723 0057 3A       		.uleb128 0x3a
 1724 0058 0B       		.uleb128 0xb
 1725 0059 3B       		.uleb128 0x3b
 1726 005a 0B       		.uleb128 0xb
 1727 005b 49       		.uleb128 0x49
 1728 005c 13       		.uleb128 0x13
 1729 005d 38       		.uleb128 0x38
 1730 005e 0B       		.uleb128 0xb
 1731 005f 00       		.byte	0
 1732 0060 00       		.byte	0
 1733 0061 08       		.uleb128 0x8
 1734 0062 13       		.uleb128 0x13
 1735 0063 01       		.byte	0x1
 1736 0064 0B       		.uleb128 0xb
 1737 0065 0B       		.uleb128 0xb
 1738 0066 3A       		.uleb128 0x3a
 1739 0067 0B       		.uleb128 0xb
 1740 0068 3B       		.uleb128 0x3b
 1741 0069 0B       		.uleb128 0xb
 1742 006a 01       		.uleb128 0x1
 1743 006b 13       		.uleb128 0x13
 1744 006c 00       		.byte	0
 1745 006d 00       		.byte	0
 1746 006e 09       		.uleb128 0x9
 1747 006f 0F       		.uleb128 0xf
 1748 0070 00       		.byte	0
 1749 0071 0B       		.uleb128 0xb
 1750 0072 0B       		.uleb128 0xb
 1751 0073 49       		.uleb128 0x49
 1752 0074 13       		.uleb128 0x13
 1753 0075 00       		.byte	0
 1754 0076 00       		.byte	0
 1755 0077 0A       		.uleb128 0xa
 1756 0078 0F       		.uleb128 0xf
 1757 0079 00       		.byte	0
 1758 007a 0B       		.uleb128 0xb
 1759 007b 0B       		.uleb128 0xb
 1760 007c 00       		.byte	0
 1761 007d 00       		.byte	0
 1762 007e 0B       		.uleb128 0xb
 1763 007f 0D       		.uleb128 0xd
 1764 0080 00       		.byte	0
ARM GAS  /tmp/ccusemPO.s 			page 32


 1765 0081 03       		.uleb128 0x3
 1766 0082 08       		.uleb128 0x8
 1767 0083 3A       		.uleb128 0x3a
 1768 0084 0B       		.uleb128 0xb
 1769 0085 3B       		.uleb128 0x3b
 1770 0086 05       		.uleb128 0x5
 1771 0087 49       		.uleb128 0x49
 1772 0088 13       		.uleb128 0x13
 1773 0089 38       		.uleb128 0x38
 1774 008a 0B       		.uleb128 0xb
 1775 008b 00       		.byte	0
 1776 008c 00       		.byte	0
 1777 008d 0C       		.uleb128 0xc
 1778 008e 0D       		.uleb128 0xd
 1779 008f 00       		.byte	0
 1780 0090 03       		.uleb128 0x3
 1781 0091 0E       		.uleb128 0xe
 1782 0092 3A       		.uleb128 0x3a
 1783 0093 0B       		.uleb128 0xb
 1784 0094 3B       		.uleb128 0x3b
 1785 0095 05       		.uleb128 0x5
 1786 0096 49       		.uleb128 0x49
 1787 0097 13       		.uleb128 0x13
 1788 0098 38       		.uleb128 0x38
 1789 0099 0B       		.uleb128 0xb
 1790 009a 00       		.byte	0
 1791 009b 00       		.byte	0
 1792 009c 0D       		.uleb128 0xd
 1793 009d 13       		.uleb128 0x13
 1794 009e 01       		.byte	0x1
 1795 009f 03       		.uleb128 0x3
 1796 00a0 0E       		.uleb128 0xe
 1797 00a1 0B       		.uleb128 0xb
 1798 00a2 0B       		.uleb128 0xb
 1799 00a3 3A       		.uleb128 0x3a
 1800 00a4 0B       		.uleb128 0xb
 1801 00a5 3B       		.uleb128 0x3b
 1802 00a6 05       		.uleb128 0x5
 1803 00a7 01       		.uleb128 0x1
 1804 00a8 13       		.uleb128 0x13
 1805 00a9 00       		.byte	0
 1806 00aa 00       		.byte	0
 1807 00ab 0E       		.uleb128 0xe
 1808 00ac 35       		.uleb128 0x35
 1809 00ad 00       		.byte	0
 1810 00ae 49       		.uleb128 0x49
 1811 00af 13       		.uleb128 0x13
 1812 00b0 00       		.byte	0
 1813 00b1 00       		.byte	0
 1814 00b2 0F       		.uleb128 0xf
 1815 00b3 01       		.uleb128 0x1
 1816 00b4 01       		.byte	0x1
 1817 00b5 49       		.uleb128 0x49
 1818 00b6 13       		.uleb128 0x13
 1819 00b7 01       		.uleb128 0x1
 1820 00b8 13       		.uleb128 0x13
 1821 00b9 00       		.byte	0
ARM GAS  /tmp/ccusemPO.s 			page 33


 1822 00ba 00       		.byte	0
 1823 00bb 10       		.uleb128 0x10
 1824 00bc 21       		.uleb128 0x21
 1825 00bd 00       		.byte	0
 1826 00be 49       		.uleb128 0x49
 1827 00bf 13       		.uleb128 0x13
 1828 00c0 2F       		.uleb128 0x2f
 1829 00c1 0B       		.uleb128 0xb
 1830 00c2 00       		.byte	0
 1831 00c3 00       		.byte	0
 1832 00c4 11       		.uleb128 0x11
 1833 00c5 17       		.uleb128 0x17
 1834 00c6 01       		.byte	0x1
 1835 00c7 0B       		.uleb128 0xb
 1836 00c8 0B       		.uleb128 0xb
 1837 00c9 3A       		.uleb128 0x3a
 1838 00ca 0B       		.uleb128 0xb
 1839 00cb 3B       		.uleb128 0x3b
 1840 00cc 0B       		.uleb128 0xb
 1841 00cd 01       		.uleb128 0x1
 1842 00ce 13       		.uleb128 0x13
 1843 00cf 00       		.byte	0
 1844 00d0 00       		.byte	0
 1845 00d1 12       		.uleb128 0x12
 1846 00d2 0D       		.uleb128 0xd
 1847 00d3 00       		.byte	0
 1848 00d4 03       		.uleb128 0x3
 1849 00d5 0E       		.uleb128 0xe
 1850 00d6 3A       		.uleb128 0x3a
 1851 00d7 0B       		.uleb128 0xb
 1852 00d8 3B       		.uleb128 0x3b
 1853 00d9 0B       		.uleb128 0xb
 1854 00da 49       		.uleb128 0x49
 1855 00db 13       		.uleb128 0x13
 1856 00dc 00       		.byte	0
 1857 00dd 00       		.byte	0
 1858 00de 13       		.uleb128 0x13
 1859 00df 26       		.uleb128 0x26
 1860 00e0 00       		.byte	0
 1861 00e1 49       		.uleb128 0x49
 1862 00e2 13       		.uleb128 0x13
 1863 00e3 00       		.byte	0
 1864 00e4 00       		.byte	0
 1865 00e5 14       		.uleb128 0x14
 1866 00e6 2E       		.uleb128 0x2e
 1867 00e7 01       		.byte	0x1
 1868 00e8 3F       		.uleb128 0x3f
 1869 00e9 19       		.uleb128 0x19
 1870 00ea 03       		.uleb128 0x3
 1871 00eb 0E       		.uleb128 0xe
 1872 00ec 3A       		.uleb128 0x3a
 1873 00ed 0B       		.uleb128 0xb
 1874 00ee 3B       		.uleb128 0x3b
 1875 00ef 0B       		.uleb128 0xb
 1876 00f0 27       		.uleb128 0x27
 1877 00f1 19       		.uleb128 0x19
 1878 00f2 11       		.uleb128 0x11
ARM GAS  /tmp/ccusemPO.s 			page 34


 1879 00f3 01       		.uleb128 0x1
 1880 00f4 12       		.uleb128 0x12
 1881 00f5 06       		.uleb128 0x6
 1882 00f6 40       		.uleb128 0x40
 1883 00f7 18       		.uleb128 0x18
 1884 00f8 9642     		.uleb128 0x2116
 1885 00fa 19       		.uleb128 0x19
 1886 00fb 01       		.uleb128 0x1
 1887 00fc 13       		.uleb128 0x13
 1888 00fd 00       		.byte	0
 1889 00fe 00       		.byte	0
 1890 00ff 15       		.uleb128 0x15
 1891 0100 0B       		.uleb128 0xb
 1892 0101 01       		.byte	0x1
 1893 0102 11       		.uleb128 0x11
 1894 0103 01       		.uleb128 0x1
 1895 0104 12       		.uleb128 0x12
 1896 0105 06       		.uleb128 0x6
 1897 0106 01       		.uleb128 0x1
 1898 0107 13       		.uleb128 0x13
 1899 0108 00       		.byte	0
 1900 0109 00       		.byte	0
 1901 010a 16       		.uleb128 0x16
 1902 010b 34       		.uleb128 0x34
 1903 010c 00       		.byte	0
 1904 010d 03       		.uleb128 0x3
 1905 010e 08       		.uleb128 0x8
 1906 010f 3A       		.uleb128 0x3a
 1907 0110 0B       		.uleb128 0xb
 1908 0111 3B       		.uleb128 0x3b
 1909 0112 0B       		.uleb128 0xb
 1910 0113 49       		.uleb128 0x49
 1911 0114 13       		.uleb128 0x13
 1912 0115 02       		.uleb128 0x2
 1913 0116 18       		.uleb128 0x18
 1914 0117 00       		.byte	0
 1915 0118 00       		.byte	0
 1916 0119 17       		.uleb128 0x17
 1917 011a 0B       		.uleb128 0xb
 1918 011b 01       		.byte	0x1
 1919 011c 11       		.uleb128 0x11
 1920 011d 01       		.uleb128 0x1
 1921 011e 12       		.uleb128 0x12
 1922 011f 06       		.uleb128 0x6
 1923 0120 00       		.byte	0
 1924 0121 00       		.byte	0
 1925 0122 18       		.uleb128 0x18
 1926 0123 2E       		.uleb128 0x2e
 1927 0124 01       		.byte	0x1
 1928 0125 3F       		.uleb128 0x3f
 1929 0126 19       		.uleb128 0x19
 1930 0127 03       		.uleb128 0x3
 1931 0128 0E       		.uleb128 0xe
 1932 0129 3A       		.uleb128 0x3a
 1933 012a 0B       		.uleb128 0xb
 1934 012b 3B       		.uleb128 0x3b
 1935 012c 0B       		.uleb128 0xb
ARM GAS  /tmp/ccusemPO.s 			page 35


 1936 012d 27       		.uleb128 0x27
 1937 012e 19       		.uleb128 0x19
 1938 012f 11       		.uleb128 0x11
 1939 0130 01       		.uleb128 0x1
 1940 0131 12       		.uleb128 0x12
 1941 0132 06       		.uleb128 0x6
 1942 0133 40       		.uleb128 0x40
 1943 0134 18       		.uleb128 0x18
 1944 0135 9742     		.uleb128 0x2117
 1945 0137 19       		.uleb128 0x19
 1946 0138 01       		.uleb128 0x1
 1947 0139 13       		.uleb128 0x13
 1948 013a 00       		.byte	0
 1949 013b 00       		.byte	0
 1950 013c 19       		.uleb128 0x19
 1951 013d 34       		.uleb128 0x34
 1952 013e 00       		.byte	0
 1953 013f 03       		.uleb128 0x3
 1954 0140 0E       		.uleb128 0xe
 1955 0141 3A       		.uleb128 0x3a
 1956 0142 0B       		.uleb128 0xb
 1957 0143 3B       		.uleb128 0x3b
 1958 0144 0B       		.uleb128 0xb
 1959 0145 49       		.uleb128 0x49
 1960 0146 13       		.uleb128 0x13
 1961 0147 02       		.uleb128 0x2
 1962 0148 18       		.uleb128 0x18
 1963 0149 00       		.byte	0
 1964 014a 00       		.byte	0
 1965 014b 1A       		.uleb128 0x1a
 1966 014c 2E       		.uleb128 0x2e
 1967 014d 00       		.byte	0
 1968 014e 3F       		.uleb128 0x3f
 1969 014f 19       		.uleb128 0x19
 1970 0150 03       		.uleb128 0x3
 1971 0151 0E       		.uleb128 0xe
 1972 0152 3A       		.uleb128 0x3a
 1973 0153 0B       		.uleb128 0xb
 1974 0154 3B       		.uleb128 0x3b
 1975 0155 0B       		.uleb128 0xb
 1976 0156 27       		.uleb128 0x27
 1977 0157 19       		.uleb128 0x19
 1978 0158 11       		.uleb128 0x11
 1979 0159 01       		.uleb128 0x1
 1980 015a 12       		.uleb128 0x12
 1981 015b 06       		.uleb128 0x6
 1982 015c 40       		.uleb128 0x40
 1983 015d 18       		.uleb128 0x18
 1984 015e 9642     		.uleb128 0x2116
 1985 0160 19       		.uleb128 0x19
 1986 0161 00       		.byte	0
 1987 0162 00       		.byte	0
 1988 0163 1B       		.uleb128 0x1b
 1989 0164 05       		.uleb128 0x5
 1990 0165 00       		.byte	0
 1991 0166 03       		.uleb128 0x3
 1992 0167 08       		.uleb128 0x8
ARM GAS  /tmp/ccusemPO.s 			page 36


 1993 0168 3A       		.uleb128 0x3a
 1994 0169 0B       		.uleb128 0xb
 1995 016a 3B       		.uleb128 0x3b
 1996 016b 0B       		.uleb128 0xb
 1997 016c 49       		.uleb128 0x49
 1998 016d 13       		.uleb128 0x13
 1999 016e 02       		.uleb128 0x2
 2000 016f 18       		.uleb128 0x18
 2001 0170 00       		.byte	0
 2002 0171 00       		.byte	0
 2003 0172 1C       		.uleb128 0x1c
 2004 0173 34       		.uleb128 0x34
 2005 0174 00       		.byte	0
 2006 0175 03       		.uleb128 0x3
 2007 0176 0E       		.uleb128 0xe
 2008 0177 3A       		.uleb128 0x3a
 2009 0178 0B       		.uleb128 0xb
 2010 0179 3B       		.uleb128 0x3b
 2011 017a 0B       		.uleb128 0xb
 2012 017b 49       		.uleb128 0x49
 2013 017c 13       		.uleb128 0x13
 2014 017d 3F       		.uleb128 0x3f
 2015 017e 19       		.uleb128 0x19
 2016 017f 3C       		.uleb128 0x3c
 2017 0180 19       		.uleb128 0x19
 2018 0181 00       		.byte	0
 2019 0182 00       		.byte	0
 2020 0183 00       		.byte	0
 2021              		.section	.debug_aranges,"",%progbits
 2022 0000 4C000000 		.4byte	0x4c
 2023 0004 0200     		.2byte	0x2
 2024 0006 00000000 		.4byte	.Ldebug_info0
 2025 000a 04       		.byte	0x4
 2026 000b 00       		.byte	0
 2027 000c 0000     		.2byte	0
 2028 000e 0000     		.2byte	0
 2029 0010 00000000 		.4byte	.LFB7
 2030 0014 28000000 		.4byte	.LFE7-.LFB7
 2031 0018 00000000 		.4byte	.LFB8
 2032 001c 30000000 		.4byte	.LFE8-.LFB8
 2033 0020 00000000 		.4byte	.LFB9
 2034 0024 30000000 		.4byte	.LFE9-.LFB9
 2035 0028 00000000 		.4byte	.LFB10
 2036 002c 9C000000 		.4byte	.LFE10-.LFB10
 2037 0030 00000000 		.4byte	.LFB11
 2038 0034 0E000000 		.4byte	.LFE11-.LFB11
 2039 0038 00000000 		.4byte	.LFB12
 2040 003c 1C000000 		.4byte	.LFE12-.LFB12
 2041 0040 00000000 		.4byte	.LFB13
 2042 0044 16000000 		.4byte	.LFE13-.LFB13
 2043 0048 00000000 		.4byte	0
 2044 004c 00000000 		.4byte	0
 2045              		.section	.debug_ranges,"",%progbits
 2046              	.Ldebug_ranges0:
 2047 0000 00000000 		.4byte	.LFB7
 2048 0004 28000000 		.4byte	.LFE7
 2049 0008 00000000 		.4byte	.LFB8
ARM GAS  /tmp/ccusemPO.s 			page 37


 2050 000c 30000000 		.4byte	.LFE8
 2051 0010 00000000 		.4byte	.LFB9
 2052 0014 30000000 		.4byte	.LFE9
 2053 0018 00000000 		.4byte	.LFB10
 2054 001c 9C000000 		.4byte	.LFE10
 2055 0020 00000000 		.4byte	.LFB11
 2056 0024 0E000000 		.4byte	.LFE11
 2057 0028 00000000 		.4byte	.LFB12
 2058 002c 1C000000 		.4byte	.LFE12
 2059 0030 00000000 		.4byte	.LFB13
 2060 0034 16000000 		.4byte	.LFE13
 2061 0038 00000000 		.4byte	0
 2062 003c 00000000 		.4byte	0
 2063              		.section	.debug_line,"",%progbits
 2064              	.Ldebug_line0:
 2065 0000 23020000 		.section	.debug_str,"MS",%progbits,1
 2065      02006A01 
 2065      00000201 
 2065      FB0E0D00 
 2065      01010101 
 2066              	.LASF42:
 2067 0000 705F6D73 		.ascii	"p_msg\000"
 2067      6700
 2068              	.LASF93:
 2069 0006 7264796D 		.ascii	"rdymsg\000"
 2069      736700
 2070              	.LASF78:
 2071 000d 46504453 		.ascii	"FPDSCR\000"
 2071      435200
 2072              	.LASF16:
 2073 0014 75696E74 		.ascii	"uint64_t\000"
 2073      36345F74 
 2073      00
 2074              	.LASF5:
 2075 001d 5F5F7569 		.ascii	"__uint8_t\000"
 2075      6E74385F 
 2075      7400
 2076              	.LASF75:
 2077 0027 434D785F 		.ascii	"CMx_SCB\000"
 2077      53434200 
 2078              	.LASF98:
 2079 002f 53797354 		.ascii	"SysTickVector\000"
 2079      69636B56 
 2079      6563746F 
 2079      7200
 2080              	.LASF12:
 2081 003d 6C6F6E67 		.ascii	"long long unsigned int\000"
 2081      206C6F6E 
 2081      6720756E 
 2081      7369676E 
 2081      65642069 
 2082              	.LASF60:
 2083 0054 43505549 		.ascii	"CPUID\000"
 2083      4400
 2084              	.LASF29:
 2085 005a 705F7072 		.ascii	"p_prio\000"
 2085      696F00
ARM GAS  /tmp/ccusemPO.s 			page 38


 2086              	.LASF10:
 2087 0061 6C6F6E67 		.ascii	"long long int\000"
 2087      206C6F6E 
 2087      6720696E 
 2087      7400
 2088              	.LASF1:
 2089 006f 7369676E 		.ascii	"signed char\000"
 2089      65642063 
 2089      68617200 
 2090              	.LASF46:
 2091 007b 705F6D70 		.ascii	"p_mpool\000"
 2091      6F6F6C00 
 2092              	.LASF90:
 2093 0083 6D5F7175 		.ascii	"m_queue\000"
 2093      65756500 
 2094              	.LASF21:
 2095 008b 74736C69 		.ascii	"tslices_t\000"
 2095      6365735F 
 2095      7400
 2096              	.LASF7:
 2097 0095 6C6F6E67 		.ascii	"long int\000"
 2097      20696E74 
 2097      00
 2098              	.LASF99:
 2099 009e 53564361 		.ascii	"SVCallVector\000"
 2099      6C6C5665 
 2099      63746F72 
 2099      00
 2100              	.LASF19:
 2101 00ab 74737461 		.ascii	"tstate_t\000"
 2101      74655F74 
 2101      00
 2102              	.LASF31:
 2103 00b4 705F6E65 		.ascii	"p_newer\000"
 2103      77657200 
 2104              	.LASF70:
 2105 00bc 42464152 		.ascii	"BFAR\000"
 2105      00
 2106              	.LASF94:
 2107 00c1 65786974 		.ascii	"exitcode\000"
 2107      636F6465 
 2107      00
 2108              	.LASF71:
 2109 00ca 41465352 		.ascii	"AFSR\000"
 2109      00
 2110              	.LASF8:
 2111 00cf 5F5F7569 		.ascii	"__uint32_t\000"
 2111      6E743332 
 2111      5F7400
 2112              	.LASF49:
 2113 00da 72656761 		.ascii	"regarm_t\000"
 2113      726D5F74 
 2113      00
 2114              	.LASF55:
 2115 00e3 72657365 		.ascii	"reserved\000"
 2115      72766564 
 2115      00
ARM GAS  /tmp/ccusemPO.s 			page 39


 2116              	.LASF34:
 2117 00ec 705F7374 		.ascii	"p_stklimit\000"
 2117      6B6C696D 
 2117      697400
 2118              	.LASF0:
 2119 00f7 756E7369 		.ascii	"unsigned int\000"
 2119      676E6564 
 2119      20696E74 
 2119      00
 2120              	.LASF52:
 2121 0104 6C725F74 		.ascii	"lr_thd\000"
 2121      686400
 2122              	.LASF51:
 2123 010b 65787463 		.ascii	"extctx\000"
 2123      747800
 2124              	.LASF104:
 2125 0112 5F706F72 		.ascii	"_port_switch\000"
 2125      745F7377 
 2125      69746368 
 2125      00
 2126              	.LASF9:
 2127 011f 6C6F6E67 		.ascii	"long unsigned int\000"
 2127      20756E73 
 2127      69676E65 
 2127      6420696E 
 2127      7400
 2128              	.LASF62:
 2129 0131 56544F52 		.ascii	"VTOR\000"
 2129      00
 2130              	.LASF103:
 2131 0136 5F706F72 		.ascii	"_port_switch_from_isr\000"
 2131      745F7377 
 2131      69746368 
 2131      5F66726F 
 2131      6D5F6973 
 2132              	.LASF57:
 2133 014c 636F6E74 		.ascii	"context\000"
 2133      65787400 
 2134              	.LASF4:
 2135 0154 73686F72 		.ascii	"short unsigned int\000"
 2135      7420756E 
 2135      7369676E 
 2135      65642069 
 2135      6E7400
 2136              	.LASF61:
 2137 0167 49435352 		.ascii	"ICSR\000"
 2137      00
 2138              	.LASF23:
 2139 016c 6D73675F 		.ascii	"msg_t\000"
 2139      7400
 2140              	.LASF63:
 2141 0172 41495243 		.ascii	"AIRCR\000"
 2141      5200
 2142              	.LASF68:
 2143 0178 44465352 		.ascii	"DFSR\000"
 2143      00
 2144              	.LASF85:
ARM GAS  /tmp/ccusemPO.s 			page 40


 2145 017d 725F6E65 		.ascii	"r_newer\000"
 2145      77657200 
 2146              	.LASF69:
 2147 0185 4D4D4641 		.ascii	"MMFAR\000"
 2147      5200
 2148              	.LASF101:
 2149 018b 5F706F72 		.ascii	"_port_irq_epilogue\000"
 2149      745F6972 
 2149      715F6570 
 2149      696C6F67 
 2149      756500
 2150              	.LASF18:
 2151 019e 746D6F64 		.ascii	"tmode_t\000"
 2151      655F7400 
 2152              	.LASF105:
 2153 01a6 5F706F72 		.ascii	"_port_thread_start\000"
 2153      745F7468 
 2153      72656164 
 2153      5F737461 
 2153      727400
 2154              	.LASF48:
 2155 01b9 54687265 		.ascii	"ThreadsList\000"
 2155      6164734C 
 2155      69737400 
 2156              	.LASF24:
 2157 01c5 6576656E 		.ascii	"eventmask_t\000"
 2157      746D6173 
 2157      6B5F7400 
 2158              	.LASF89:
 2159 01d1 4D757465 		.ascii	"Mutex\000"
 2159      7800
 2160              	.LASF50:
 2161 01d7 73746B61 		.ascii	"stkalign_t\000"
 2161      6C69676E 
 2161      5F7400
 2162              	.LASF76:
 2163 01e2 46504343 		.ascii	"FPCCR\000"
 2163      5200
 2164              	.LASF59:
 2165 01e8 73697A65 		.ascii	"sizetype\000"
 2165      74797065 
 2165      00
 2166              	.LASF66:
 2167 01f1 43465352 		.ascii	"CFSR\000"
 2167      00
 2168              	.LASF32:
 2169 01f6 705F6F6C 		.ascii	"p_older\000"
 2169      64657200 
 2170              	.LASF84:
 2171 01fe 725F6374 		.ascii	"r_ctx\000"
 2171      7800
 2172              	.LASF47:
 2173 0204 54687265 		.ascii	"ThreadsQueue\000"
 2173      61647351 
 2173      75657565 
 2173      00
 2174              	.LASF87:
ARM GAS  /tmp/ccusemPO.s 			page 41


 2175 0211 725F6375 		.ascii	"r_current\000"
 2175      7272656E 
 2175      7400
 2176              	.LASF86:
 2177 021b 725F6F6C 		.ascii	"r_older\000"
 2177      64657200 
 2178              	.LASF11:
 2179 0223 5F5F7569 		.ascii	"__uint64_t\000"
 2179      6E743634 
 2179      5F7400
 2180              	.LASF79:
 2181 022e 4D564652 		.ascii	"MVFR0\000"
 2181      3000
 2182              	.LASF80:
 2183 0234 4D564652 		.ascii	"MVFR1\000"
 2183      3100
 2184              	.LASF20:
 2185 023a 74726566 		.ascii	"trefs_t\000"
 2185      735F7400 
 2186              	.LASF100:
 2187 0242 63747870 		.ascii	"ctxp\000"
 2187      00
 2188              	.LASF28:
 2189 0247 705F7072 		.ascii	"p_prev\000"
 2189      657600
 2190              	.LASF22:
 2191 024e 74707269 		.ascii	"tprio_t\000"
 2191      6F5F7400 
 2192              	.LASF17:
 2193 0256 5F426F6F 		.ascii	"_Bool\000"
 2193      6C00
 2194              	.LASF14:
 2195 025c 696E7433 		.ascii	"int32_t\000"
 2195      325F7400 
 2196              	.LASF2:
 2197 0264 756E7369 		.ascii	"unsigned char\000"
 2197      676E6564 
 2197      20636861 
 2197      7200
 2198              	.LASF65:
 2199 0272 53484353 		.ascii	"SHCSR\000"
 2199      5200
 2200              	.LASF44:
 2201 0278 705F6D74 		.ascii	"p_mtxlist\000"
 2201      786C6973 
 2201      7400
 2202              	.LASF3:
 2203 0282 73686F72 		.ascii	"short int\000"
 2203      7420696E 
 2203      7400
 2204              	.LASF35:
 2205 028c 705F7374 		.ascii	"p_state\000"
 2205      61746500 
 2206              	.LASF81:
 2207 0294 434D785F 		.ascii	"CMx_FPU\000"
 2207      46505500 
 2208              	.LASF38:
ARM GAS  /tmp/ccusemPO.s 			page 42


 2209 029c 705F7072 		.ascii	"p_preempt\000"
 2209      65656D70 
 2209      7400
 2210              	.LASF53:
 2211 02a6 78707372 		.ascii	"xpsr\000"
 2211      00
 2212              	.LASF83:
 2213 02ab 725F7072 		.ascii	"r_prio\000"
 2213      696F00
 2214              	.LASF106:
 2215 02b2 474E5520 		.ascii	"GNU C 4.8.4 20141219 (release) -mcpu=cortex-m4 -mfl"
 2215      4320342E 
 2215      382E3420 
 2215      32303134 
 2215      31323139 
 2216 02e5 6F61742D 		.ascii	"oat-abi=hard -mfpu=fpv4-sp-d16 -mno-thumb-interwork"
 2216      6162693D 
 2216      68617264 
 2216      202D6D66 
 2216      70753D66 
 2217 0318 202D6D74 		.ascii	" -mthumb -ggdb -O0 -fomit-frame-pointer -falign-fun"
 2217      68756D62 
 2217      202D6767 
 2217      6462202D 
 2217      4F30202D 
 2218 034b 6374696F 		.ascii	"ctions=16 -ffunction-sections -fdata-sections -fno-"
 2218      6E733D31 
 2218      36202D66 
 2218      66756E63 
 2218      74696F6E 
 2219 037e 636F6D6D 		.ascii	"common -fsingle-precision-constant\000"
 2219      6F6E202D 
 2219      6673696E 
 2219      676C652D 
 2219      70726563 
 2220              	.LASF27:
 2221 03a1 705F6E65 		.ascii	"p_next\000"
 2221      787400
 2222              	.LASF54:
 2223 03a8 66707363 		.ascii	"fpscr\000"
 2223      7200
 2224              	.LASF36:
 2225 03ae 705F666C 		.ascii	"p_flags\000"
 2225      61677300 
 2226              	.LASF77:
 2227 03b6 46504341 		.ascii	"FPCAR\000"
 2227      5200
 2228              	.LASF26:
 2229 03bc 54687265 		.ascii	"Thread\000"
 2229      616400
 2230              	.LASF43:
 2231 03c3 705F6570 		.ascii	"p_epending\000"
 2231      656E6469 
 2231      6E6700
 2232              	.LASF15:
 2233 03ce 75696E74 		.ascii	"uint32_t\000"
 2233      33325F74 
ARM GAS  /tmp/ccusemPO.s 			page 43


 2233      00
 2234              	.LASF82:
 2235 03d7 725F7175 		.ascii	"r_queue\000"
 2235      65756500 
 2236              	.LASF73:
 2237 03df 756E7573 		.ascii	"unused1\000"
 2237      65643100 
 2238              	.LASF97:
 2239 03e7 63686172 		.ascii	"char\000"
 2239      00
 2240              	.LASF58:
 2241 03ec 494F5245 		.ascii	"IOREG32\000"
 2241      47333200 
 2242              	.LASF92:
 2243 03f4 6D5F6E65 		.ascii	"m_next\000"
 2243      787400
 2244              	.LASF25:
 2245 03fb 73797374 		.ascii	"systime_t\000"
 2245      696D655F 
 2245      7400
 2246              	.LASF45:
 2247 0405 705F7265 		.ascii	"p_realprio\000"
 2247      616C7072 
 2247      696F00
 2248              	.LASF6:
 2249 0410 5F5F696E 		.ascii	"__int32_t\000"
 2249      7433325F 
 2249      7400
 2250              	.LASF39:
 2251 041a 705F7469 		.ascii	"p_time\000"
 2251      6D6500
 2252              	.LASF64:
 2253 0421 53485052 		.ascii	"SHPR\000"
 2253      00
 2254              	.LASF56:
 2255 0426 696E7463 		.ascii	"intctx\000"
 2255      747800
 2256              	.LASF41:
 2257 042d 705F6D73 		.ascii	"p_msgqueue\000"
 2257      67717565 
 2257      756500
 2258              	.LASF37:
 2259 0438 705F7265 		.ascii	"p_refs\000"
 2259      667300
 2260              	.LASF88:
 2261 043f 52656164 		.ascii	"ReadyList\000"
 2261      794C6973 
 2261      7400
 2262              	.LASF72:
 2263 0449 4D4D4652 		.ascii	"MMFR\000"
 2263      00
 2264              	.LASF108:
 2265 044e 726C6973 		.ascii	"rlist\000"
 2265      7400
 2266              	.LASF13:
 2267 0454 75696E74 		.ascii	"uint8_t\000"
 2267      385F7400 
ARM GAS  /tmp/ccusemPO.s 			page 44


 2268              	.LASF102:
 2269 045c 5F706F72 		.ascii	"_port_init\000"
 2269      745F696E 
 2269      697400
 2270              	.LASF96:
 2271 0467 65776D61 		.ascii	"ewmask\000"
 2271      736B00
 2272              	.LASF107:
 2273 046e 2F686F6D 		.ascii	"/home/dave/r2p-sdk/core/ChibiOS/os/ports/GCC/ARMCMx"
 2273      652F6461 
 2273      76652F72 
 2273      32702D73 
 2273      646B2F63 
 2274 04a1 2F636863 		.ascii	"/chcore_v7m.c\000"
 2274      6F72655F 
 2274      76376D2E 
 2274      6300
 2275              	.LASF95:
 2276 04af 77746F62 		.ascii	"wtobjp\000"
 2276      6A7000
 2277              	.LASF33:
 2278 04b6 705F6E61 		.ascii	"p_name\000"
 2278      6D6500
 2279              	.LASF74:
 2280 04bd 43504143 		.ascii	"CPACR\000"
 2280      5200
 2281              	.LASF67:
 2282 04c3 48465352 		.ascii	"HFSR\000"
 2282      00
 2283              	.LASF91:
 2284 04c8 6D5F6F77 		.ascii	"m_owner\000"
 2284      6E657200 
 2285              	.LASF30:
 2286 04d0 705F6374 		.ascii	"p_ctx\000"
 2286      7800
 2287              	.LASF40:
 2288 04d6 705F7761 		.ascii	"p_waiting\000"
 2288      6974696E 
 2288      6700
 2289              		.ident	"GCC: (4.8.4-1+11-1) 4.8.4 20141219 (release)"
ARM GAS  /tmp/ccusemPO.s 			page 45


DEFINED SYMBOLS
                            *ABS*:0000000000000000 chcore_v7m.c
     /tmp/ccusemPO.s:21     .text.SysTickVector:0000000000000000 $t
     /tmp/ccusemPO.s:27     .text.SysTickVector:0000000000000000 SysTickVector
     /tmp/ccusemPO.s:179    .text._port_irq_epilogue:0000000000000000 _port_irq_epilogue
     /tmp/ccusemPO.s:69     .text.SVCallVector:0000000000000000 $t
     /tmp/ccusemPO.s:75     .text.SVCallVector:0000000000000000 SVCallVector
     /tmp/ccusemPO.s:121    .text.SVCallVector:000000000000002c $d
     /tmp/ccusemPO.s:126    .text._port_init:0000000000000000 $t
     /tmp/ccusemPO.s:132    .text._port_init:0000000000000000 _port_init
     /tmp/ccusemPO.s:167    .text._port_init:0000000000000028 $d
     /tmp/ccusemPO.s:173    .text._port_irq_epilogue:0000000000000000 $t
     /tmp/ccusemPO.s:294    .text._port_irq_epilogue:000000000000008c $d
     /tmp/ccusemPO.s:308    .text._port_switch_from_isr:0000000000000000 _port_switch_from_isr
     /tmp/ccusemPO.s:323    .text._port_switch_from_isr:000000000000000c _port_exit_from_isr
     /tmp/ccusemPO.s:302    .text._port_switch_from_isr:0000000000000000 $t
     /tmp/ccusemPO.s:335    .text._port_switch:0000000000000000 $t
     /tmp/ccusemPO.s:341    .text._port_switch:0000000000000000 _port_switch
     /tmp/ccusemPO.s:377    .text._port_thread_start:0000000000000000 $t
     /tmp/ccusemPO.s:383    .text._port_thread_start:0000000000000000 _port_thread_start
                     .debug_frame:0000000000000010 $d
     /tmp/ccusemPO.s:301    .text._port_irq_epilogue:000000000000009c $t

UNDEFINED SYMBOLS
dbg_check_enter_isr
dbg_check_lock_from_isr
chSysTimerHandlerI
dbg_check_unlock_from_isr
dbg_check_leave_isr
nvicSetSystemHandlerPriority
rlist
dbg_check_lock
chSchDoReschedule
dbg_check_unlock
chThdExit
