ARM GAS  /tmp/cchEguLy.s 			page 1


   1              		.syntax unified
   2              		.cpu cortex-m4
   3              		.eabi_attribute 27, 3
   4              		.eabi_attribute 28, 1
   5              		.fpu fpv4-sp-d16
   6              		.eabi_attribute 20, 1
   7              		.eabi_attribute 21, 1
   8              		.eabi_attribute 23, 3
   9              		.eabi_attribute 24, 1
  10              		.eabi_attribute 25, 1
  11              		.eabi_attribute 26, 1
  12              		.eabi_attribute 30, 6
  13              		.eabi_attribute 34, 1
  14              		.eabi_attribute 18, 4
  15              		.thumb
  16              		.file	"chmempools.c"
  17              		.text
  18              	.Ltext0:
  19              		.cfi_sections	.debug_frame
  20              		.section	.rodata
  21              		.align	2
  22              	.LC0:
  23 0000 22636850 		.ascii	"\"chPoolInit\"()\000"
  23      6F6F6C49 
  23      6E697422 
  23      282900
  24              		.section	.text.chPoolInit,"ax",%progbits
  25              		.align	2
  26              		.p2align 4,,15
  27              		.global	chPoolInit
  28              		.thumb
  29              		.thumb_func
  30              		.type	chPoolInit, %function
  31              	chPoolInit:
  32              	.LFB7:
  33              		.file 1 "/home/dave/r2p-sdk/core/ChibiOS/os/kernel/src/chmempools.c"
  34              		.loc 1 62 0
  35              		.cfi_startproc
  36              		@ args = 0, pretend = 0, frame = 16
  37              		@ frame_needed = 0, uses_anonymous_args = 0
  38 0000 00B5     		push	{lr}
  39              		.cfi_def_cfa_offset 4
  40              		.cfi_offset 14, -4
  41 0002 85B0     		sub	sp, sp, #20
  42              		.cfi_def_cfa_offset 24
  43 0004 0390     		str	r0, [sp, #12]
  44 0006 0291     		str	r1, [sp, #8]
  45 0008 0192     		str	r2, [sp, #4]
  46              		.loc 1 64 0
  47 000a 039B     		ldr	r3, [sp, #12]
  48 000c 002B     		cmp	r3, #0
  49 000e 02D0     		beq	.L2
  50              		.loc 1 64 0 is_stmt 0 discriminator 2
  51 0010 029B     		ldr	r3, [sp, #8]
  52 0012 032B     		cmp	r3, #3
  53 0014 02D8     		bhi	.L3
  54              	.L2:
ARM GAS  /tmp/cchEguLy.s 			page 2


  55              		.loc 1 64 0 discriminator 1
  56 0016 0748     		ldr	r0, .L4
  57 0018 FFF7FEFF 		bl	chDbgPanic
  58              	.L3:
  59              		.loc 1 66 0 is_stmt 1
  60 001c 039B     		ldr	r3, [sp, #12]
  61 001e 0022     		movs	r2, #0
  62 0020 1A60     		str	r2, [r3]
  63              		.loc 1 67 0
  64 0022 039B     		ldr	r3, [sp, #12]
  65 0024 029A     		ldr	r2, [sp, #8]
  66 0026 5A60     		str	r2, [r3, #4]
  67              		.loc 1 68 0
  68 0028 039B     		ldr	r3, [sp, #12]
  69 002a 019A     		ldr	r2, [sp, #4]
  70 002c 9A60     		str	r2, [r3, #8]
  71              		.loc 1 69 0
  72 002e 05B0     		add	sp, sp, #20
  73              		@ sp needed
  74 0030 5DF804FB 		ldr	pc, [sp], #4
  75              	.L5:
  76              		.align	2
  77              	.L4:
  78 0034 00000000 		.word	.LC0
  79              		.cfi_endproc
  80              	.LFE7:
  81              		.size	chPoolInit, .-chPoolInit
  82 0038 AFF30080 		.section	.rodata
  82      AFF30080 
  83 000f 00       		.align	2
  84              	.LC1:
  85 0010 22636850 		.ascii	"\"chPoolLoadArray\"()\000"
  85      6F6F6C4C 
  85      6F616441 
  85      72726179 
  85      22282900 
  86              		.section	.text.chPoolLoadArray,"ax",%progbits
  87              		.align	2
  88              		.p2align 4,,15
  89              		.global	chPoolLoadArray
  90              		.thumb
  91              		.thumb_func
  92              		.type	chPoolLoadArray, %function
  93              	chPoolLoadArray:
  94              	.LFB8:
  95              		.loc 1 84 0
  96              		.cfi_startproc
  97              		@ args = 0, pretend = 0, frame = 16
  98              		@ frame_needed = 0, uses_anonymous_args = 0
  99 0000 00B5     		push	{lr}
 100              		.cfi_def_cfa_offset 4
 101              		.cfi_offset 14, -4
 102 0002 85B0     		sub	sp, sp, #20
 103              		.cfi_def_cfa_offset 24
 104 0004 0390     		str	r0, [sp, #12]
 105 0006 0291     		str	r1, [sp, #8]
 106 0008 0192     		str	r2, [sp, #4]
ARM GAS  /tmp/cchEguLy.s 			page 3


 107              		.loc 1 86 0
 108 000a 039B     		ldr	r3, [sp, #12]
 109 000c 002B     		cmp	r3, #0
 110 000e 02D0     		beq	.L7
 111              		.loc 1 86 0 is_stmt 0 discriminator 2
 112 0010 019B     		ldr	r3, [sp, #4]
 113 0012 002B     		cmp	r3, #0
 114 0014 03D1     		bne	.L8
 115              	.L7:
 116              		.loc 1 86 0 discriminator 1
 117 0016 0B48     		ldr	r0, .L11
 118 0018 FFF7FEFF 		bl	chDbgPanic
 119              		.loc 1 88 0 is_stmt 1 discriminator 1
 120 001c 0CE0     		b	.L9
 121              	.L8:
 122              		.loc 1 88 0 is_stmt 0
 123 001e 0BE0     		b	.L9
 124              	.L10:
 125              		.loc 1 89 0 is_stmt 1
 126 0020 0398     		ldr	r0, [sp, #12]
 127 0022 0299     		ldr	r1, [sp, #8]
 128 0024 FFF7FEFF 		bl	chPoolFree
 129              		.loc 1 90 0
 130 0028 039B     		ldr	r3, [sp, #12]
 131 002a 5B68     		ldr	r3, [r3, #4]
 132 002c 029A     		ldr	r2, [sp, #8]
 133 002e 1344     		add	r3, r3, r2
 134 0030 0293     		str	r3, [sp, #8]
 135              		.loc 1 91 0
 136 0032 019B     		ldr	r3, [sp, #4]
 137 0034 013B     		subs	r3, r3, #1
 138 0036 0193     		str	r3, [sp, #4]
 139              	.L9:
 140              		.loc 1 88 0 discriminator 1
 141 0038 019B     		ldr	r3, [sp, #4]
 142 003a 002B     		cmp	r3, #0
 143 003c F0D1     		bne	.L10
 144              		.loc 1 93 0
 145 003e 05B0     		add	sp, sp, #20
 146              		@ sp needed
 147 0040 5DF804FB 		ldr	pc, [sp], #4
 148              	.L12:
 149              		.align	2
 150              	.L11:
 151 0044 10000000 		.word	.LC1
 152              		.cfi_endproc
 153              	.LFE8:
 154              		.size	chPoolLoadArray, .-chPoolLoadArray
 155 0048 AFF30080 		.section	.rodata
 155      AFF30080 
 156              		.align	2
 157              	.LC2:
 158 0024 22636850 		.ascii	"\"chPoolAllocI\"()\000"
 158      6F6F6C41 
 158      6C6C6F63 
 158      49222829 
 158      00
ARM GAS  /tmp/cchEguLy.s 			page 4


 159              		.section	.text.chPoolAllocI,"ax",%progbits
 160              		.align	2
 161              		.p2align 4,,15
 162              		.global	chPoolAllocI
 163              		.thumb
 164              		.thumb_func
 165              		.type	chPoolAllocI, %function
 166              	chPoolAllocI:
 167              	.LFB9:
 168              		.loc 1 105 0
 169              		.cfi_startproc
 170              		@ args = 0, pretend = 0, frame = 16
 171              		@ frame_needed = 0, uses_anonymous_args = 0
 172 0000 00B5     		push	{lr}
 173              		.cfi_def_cfa_offset 4
 174              		.cfi_offset 14, -4
 175 0002 85B0     		sub	sp, sp, #20
 176              		.cfi_def_cfa_offset 24
 177 0004 0190     		str	r0, [sp, #4]
 178              		.loc 1 108 0
 179 0006 FFF7FEFF 		bl	chDbgCheckClassI
 180              		.loc 1 109 0
 181 000a 019B     		ldr	r3, [sp, #4]
 182 000c 002B     		cmp	r3, #0
 183 000e 02D1     		bne	.L14
 184              		.loc 1 109 0 is_stmt 0 discriminator 1
 185 0010 0F48     		ldr	r0, .L18
 186 0012 FFF7FEFF 		bl	chDbgPanic
 187              	.L14:
 188              		.loc 1 111 0 is_stmt 1
 189 0016 019B     		ldr	r3, [sp, #4]
 190 0018 1B68     		ldr	r3, [r3]
 191 001a 0393     		str	r3, [sp, #12]
 192 001c 039B     		ldr	r3, [sp, #12]
 193 001e 002B     		cmp	r3, #0
 194 0020 05D0     		beq	.L15
 195              		.loc 1 112 0
 196 0022 019B     		ldr	r3, [sp, #4]
 197 0024 1B68     		ldr	r3, [r3]
 198 0026 1A68     		ldr	r2, [r3]
 199 0028 019B     		ldr	r3, [sp, #4]
 200 002a 1A60     		str	r2, [r3]
 201 002c 0AE0     		b	.L16
 202              	.L15:
 203              		.loc 1 113 0
 204 002e 019B     		ldr	r3, [sp, #4]
 205 0030 9B68     		ldr	r3, [r3, #8]
 206 0032 002B     		cmp	r3, #0
 207 0034 06D0     		beq	.L16
 208              		.loc 1 114 0
 209 0036 019B     		ldr	r3, [sp, #4]
 210 0038 9B68     		ldr	r3, [r3, #8]
 211 003a 019A     		ldr	r2, [sp, #4]
 212 003c 5268     		ldr	r2, [r2, #4]
 213 003e 1046     		mov	r0, r2
 214 0040 9847     		blx	r3
 215 0042 0390     		str	r0, [sp, #12]
ARM GAS  /tmp/cchEguLy.s 			page 5


 216              	.L16:
 217              		.loc 1 115 0
 218 0044 039B     		ldr	r3, [sp, #12]
 219              		.loc 1 116 0
 220 0046 1846     		mov	r0, r3
 221 0048 05B0     		add	sp, sp, #20
 222              		@ sp needed
 223 004a 5DF804FB 		ldr	pc, [sp], #4
 224              	.L19:
 225 004e 00BF     		.align	2
 226              	.L18:
 227 0050 24000000 		.word	.LC2
 228              		.cfi_endproc
 229              	.LFE9:
 230              		.size	chPoolAllocI, .-chPoolAllocI
 231 0054 AFF30080 		.section	.text.chPoolAlloc,"ax",%progbits
 231      AFF30080 
 231      AFF30080 
 232              		.align	2
 233              		.p2align 4,,15
 234              		.global	chPoolAlloc
 235              		.thumb
 236              		.thumb_func
 237              		.type	chPoolAlloc, %function
 238              	chPoolAlloc:
 239              	.LFB10:
 240              		.loc 1 128 0
 241              		.cfi_startproc
 242              		@ args = 0, pretend = 0, frame = 16
 243              		@ frame_needed = 0, uses_anonymous_args = 0
 244 0000 00B5     		push	{lr}
 245              		.cfi_def_cfa_offset 4
 246              		.cfi_offset 14, -4
 247 0002 85B0     		sub	sp, sp, #20
 248              		.cfi_def_cfa_offset 24
 249 0004 0190     		str	r0, [sp, #4]
 250              	.LBB2:
 251              		.loc 1 131 0
 252 0006 2023     		movs	r3, #32
 253              	@ 131 "/home/dave/r2p-sdk/core/ChibiOS/os/kernel/src/chmempools.c" 1
 254 0008 83F31188 		msr     BASEPRI, r3
 255              	@ 0 "" 2
 256              		.thumb
 257              	.LBE2:
 258 000c FFF7FEFF 		bl	dbg_check_lock
 259              		.loc 1 132 0
 260 0010 0198     		ldr	r0, [sp, #4]
 261 0012 FFF7FEFF 		bl	chPoolAllocI
 262 0016 0390     		str	r0, [sp, #12]
 263              		.loc 1 133 0
 264 0018 FFF7FEFF 		bl	dbg_check_unlock
 265              	.LBB3:
 266 001c 0023     		movs	r3, #0
 267              	@ 133 "/home/dave/r2p-sdk/core/ChibiOS/os/kernel/src/chmempools.c" 1
 268 001e 83F31188 		msr     BASEPRI, r3
 269              	@ 0 "" 2
 270              		.thumb
ARM GAS  /tmp/cchEguLy.s 			page 6


 271              	.LBE3:
 272              		.loc 1 134 0
 273 0022 039B     		ldr	r3, [sp, #12]
 274              		.loc 1 135 0
 275 0024 1846     		mov	r0, r3
 276 0026 05B0     		add	sp, sp, #20
 277              		@ sp needed
 278 0028 5DF804FB 		ldr	pc, [sp], #4
 279              		.cfi_endproc
 280              	.LFE10:
 281              		.size	chPoolAlloc, .-chPoolAlloc
 282 002c AFF30080 		.section	.rodata
 283 0035 000000   		.align	2
 284              	.LC3:
 285 0038 22636850 		.ascii	"\"chPoolFreeI\"()\000"
 285      6F6F6C46 
 285      72656549 
 285      22282900 
 286              		.section	.text.chPoolFreeI,"ax",%progbits
 287              		.align	2
 288              		.p2align 4,,15
 289              		.global	chPoolFreeI
 290              		.thumb
 291              		.thumb_func
 292              		.type	chPoolFreeI, %function
 293              	chPoolFreeI:
 294              	.LFB11:
 295              		.loc 1 149 0
 296              		.cfi_startproc
 297              		@ args = 0, pretend = 0, frame = 16
 298              		@ frame_needed = 0, uses_anonymous_args = 0
 299 0000 00B5     		push	{lr}
 300              		.cfi_def_cfa_offset 4
 301              		.cfi_offset 14, -4
 302 0002 85B0     		sub	sp, sp, #20
 303              		.cfi_def_cfa_offset 24
 304 0004 0190     		str	r0, [sp, #4]
 305 0006 0091     		str	r1, [sp]
 306              		.loc 1 150 0
 307 0008 009B     		ldr	r3, [sp]
 308 000a 0393     		str	r3, [sp, #12]
 309              		.loc 1 152 0
 310 000c FFF7FEFF 		bl	chDbgCheckClassI
 311              		.loc 1 153 0
 312 0010 019B     		ldr	r3, [sp, #4]
 313 0012 002B     		cmp	r3, #0
 314 0014 02D0     		beq	.L23
 315              		.loc 1 153 0 is_stmt 0 discriminator 2
 316 0016 009B     		ldr	r3, [sp]
 317 0018 002B     		cmp	r3, #0
 318 001a 02D1     		bne	.L24
 319              	.L23:
 320              		.loc 1 153 0 discriminator 1
 321 001c 0648     		ldr	r0, .L25
 322 001e FFF7FEFF 		bl	chDbgPanic
 323              	.L24:
 324              		.loc 1 155 0 is_stmt 1
ARM GAS  /tmp/cchEguLy.s 			page 7


 325 0022 019B     		ldr	r3, [sp, #4]
 326 0024 1A68     		ldr	r2, [r3]
 327 0026 039B     		ldr	r3, [sp, #12]
 328 0028 1A60     		str	r2, [r3]
 329              		.loc 1 156 0
 330 002a 019B     		ldr	r3, [sp, #4]
 331 002c 039A     		ldr	r2, [sp, #12]
 332 002e 1A60     		str	r2, [r3]
 333              		.loc 1 157 0
 334 0030 05B0     		add	sp, sp, #20
 335              		@ sp needed
 336 0032 5DF804FB 		ldr	pc, [sp], #4
 337              	.L26:
 338 0036 00BF     		.align	2
 339              	.L25:
 340 0038 38000000 		.word	.LC3
 341              		.cfi_endproc
 342              	.LFE11:
 343              		.size	chPoolFreeI, .-chPoolFreeI
 344 003c AFF30080 		.section	.text.chPoolFree,"ax",%progbits
 345              		.align	2
 346              		.p2align 4,,15
 347              		.global	chPoolFree
 348              		.thumb
 349              		.thumb_func
 350              		.type	chPoolFree, %function
 351              	chPoolFree:
 352              	.LFB12:
 353              		.loc 1 171 0
 354              		.cfi_startproc
 355              		@ args = 0, pretend = 0, frame = 8
 356              		@ frame_needed = 0, uses_anonymous_args = 0
 357 0000 00B5     		push	{lr}
 358              		.cfi_def_cfa_offset 4
 359              		.cfi_offset 14, -4
 360 0002 83B0     		sub	sp, sp, #12
 361              		.cfi_def_cfa_offset 16
 362 0004 0190     		str	r0, [sp, #4]
 363 0006 0091     		str	r1, [sp]
 364              	.LBB4:
 365              		.loc 1 173 0
 366 0008 2023     		movs	r3, #32
 367              	@ 173 "/home/dave/r2p-sdk/core/ChibiOS/os/kernel/src/chmempools.c" 1
 368 000a 83F31188 		msr     BASEPRI, r3
 369              	@ 0 "" 2
 370              		.thumb
 371              	.LBE4:
 372 000e FFF7FEFF 		bl	dbg_check_lock
 373              		.loc 1 174 0
 374 0012 0198     		ldr	r0, [sp, #4]
 375 0014 0099     		ldr	r1, [sp]
 376 0016 FFF7FEFF 		bl	chPoolFreeI
 377              		.loc 1 175 0
 378 001a FFF7FEFF 		bl	dbg_check_unlock
 379              	.LBB5:
 380 001e 0023     		movs	r3, #0
 381              	@ 175 "/home/dave/r2p-sdk/core/ChibiOS/os/kernel/src/chmempools.c" 1
ARM GAS  /tmp/cchEguLy.s 			page 8


 382 0020 83F31188 		msr     BASEPRI, r3
 383              	@ 0 "" 2
 384              		.thumb
 385              	.LBE5:
 386              		.loc 1 176 0
 387 0024 03B0     		add	sp, sp, #12
 388              		@ sp needed
 389 0026 5DF804FB 		ldr	pc, [sp], #4
 390              		.cfi_endproc
 391              	.LFE12:
 392              		.size	chPoolFree, .-chPoolFree
 393 002a 00BFAFF3 		.text
 393      0080
 394              	.Letext0:
 395              		.file 2 "/usr/lib/gcc/arm-none-eabi/4.8/include/stddef.h"
 396              		.file 3 "/usr/include/newlib/machine/_default_types.h"
 397              		.file 4 "/usr/include/newlib/stdint.h"
 398              		.file 5 "/home/dave/r2p-sdk/core/ChibiOS/os/kernel/include/chmemcore.h"
 399              		.file 6 "/home/dave/r2p-sdk/core/ChibiOS/os/kernel/include/chmempools.h"
 400              		.section	.debug_info,"",%progbits
 401              	.Ldebug_info0:
 402 0000 E3020000 		.4byte	0x2e3
 403 0004 0400     		.2byte	0x4
 404 0006 00000000 		.4byte	.Ldebug_abbrev0
 405 000a 04       		.byte	0x4
 406 000b 01       		.uleb128 0x1
 407 000c 47010000 		.4byte	.LASF31
 408 0010 01       		.byte	0x1
 409 0011 41000000 		.4byte	.LASF32
 410 0015 00000000 		.4byte	.Ldebug_ranges0+0
 411 0019 00000000 		.4byte	0
 412 001d 00000000 		.4byte	.Ldebug_line0
 413 0021 02       		.uleb128 0x2
 414 0022 04       		.byte	0x4
 415 0023 05       		.byte	0x5
 416 0024 696E7400 		.ascii	"int\000"
 417 0028 03       		.uleb128 0x3
 418 0029 0A000000 		.4byte	.LASF2
 419 002d 02       		.byte	0x2
 420 002e D4       		.byte	0xd4
 421 002f 33000000 		.4byte	0x33
 422 0033 04       		.uleb128 0x4
 423 0034 04       		.byte	0x4
 424 0035 07       		.byte	0x7
 425 0036 F7000000 		.4byte	.LASF0
 426 003a 04       		.uleb128 0x4
 427 003b 01       		.byte	0x1
 428 003c 06       		.byte	0x6
 429 003d 77020000 		.4byte	.LASF1
 430 0041 03       		.uleb128 0x3
 431 0042 00000000 		.4byte	.LASF3
 432 0046 03       		.byte	0x3
 433 0047 1D       		.byte	0x1d
 434 0048 4C000000 		.4byte	0x4c
 435 004c 04       		.uleb128 0x4
 436 004d 01       		.byte	0x1
 437 004e 08       		.byte	0x8
ARM GAS  /tmp/cchEguLy.s 			page 9


 438 004f B6000000 		.4byte	.LASF4
 439 0053 04       		.uleb128 0x4
 440 0054 02       		.byte	0x2
 441 0055 05       		.byte	0x5
 442 0056 4F020000 		.4byte	.LASF5
 443 005a 04       		.uleb128 0x4
 444 005b 02       		.byte	0x2
 445 005c 07       		.byte	0x7
 446 005d 8E000000 		.4byte	.LASF6
 447 0061 04       		.uleb128 0x4
 448 0062 04       		.byte	0x4
 449 0063 05       		.byte	0x5
 450 0064 6E020000 		.4byte	.LASF7
 451 0068 03       		.uleb128 0x3
 452 0069 C4000000 		.4byte	.LASF8
 453 006d 03       		.byte	0x3
 454 006e 41       		.byte	0x41
 455 006f 73000000 		.4byte	0x73
 456 0073 04       		.uleb128 0x4
 457 0074 04       		.byte	0x4
 458 0075 07       		.byte	0x7
 459 0076 7C000000 		.4byte	.LASF9
 460 007a 04       		.uleb128 0x4
 461 007b 08       		.byte	0x8
 462 007c 05       		.byte	0x5
 463 007d 34010000 		.4byte	.LASF10
 464 0081 04       		.uleb128 0x4
 465 0082 08       		.byte	0x8
 466 0083 07       		.byte	0x7
 467 0084 04010000 		.4byte	.LASF11
 468 0088 03       		.uleb128 0x3
 469 0089 1B010000 		.4byte	.LASF12
 470 008d 04       		.byte	0x4
 471 008e 2A       		.byte	0x2a
 472 008f 41000000 		.4byte	0x41
 473 0093 03       		.uleb128 0x3
 474 0094 65020000 		.4byte	.LASF13
 475 0098 04       		.byte	0x4
 476 0099 42       		.byte	0x42
 477 009a 68000000 		.4byte	0x68
 478 009e 04       		.uleb128 0x4
 479 009f 01       		.byte	0x1
 480 00a0 02       		.byte	0x2
 481 00a1 8B020000 		.4byte	.LASF14
 482 00a5 05       		.uleb128 0x5
 483 00a6 04       		.byte	0x4
 484 00a7 04       		.uleb128 0x4
 485 00a8 04       		.byte	0x4
 486 00a9 07       		.byte	0x7
 487 00aa 2B010000 		.4byte	.LASF15
 488 00ae 03       		.uleb128 0x3
 489 00af 36020000 		.4byte	.LASF16
 490 00b3 05       		.byte	0x5
 491 00b4 2C       		.byte	0x2c
 492 00b5 B9000000 		.4byte	0xb9
 493 00b9 06       		.uleb128 0x6
 494 00ba 04       		.byte	0x4
ARM GAS  /tmp/cchEguLy.s 			page 10


 495 00bb BF000000 		.4byte	0xbf
 496 00bf 07       		.uleb128 0x7
 497 00c0 A5000000 		.4byte	0xa5
 498 00c4 CE000000 		.4byte	0xce
 499 00c8 08       		.uleb128 0x8
 500 00c9 28000000 		.4byte	0x28
 501 00cd 00       		.byte	0
 502 00ce 09       		.uleb128 0x9
 503 00cf 30000000 		.4byte	.LASF33
 504 00d3 04       		.byte	0x4
 505 00d4 06       		.byte	0x6
 506 00d5 2C       		.byte	0x2c
 507 00d6 E7000000 		.4byte	0xe7
 508 00da 0A       		.uleb128 0xa
 509 00db 23010000 		.4byte	.LASF17
 510 00df 06       		.byte	0x6
 511 00e0 2D       		.byte	0x2d
 512 00e1 E7000000 		.4byte	0xe7
 513 00e5 00       		.byte	0
 514 00e6 00       		.byte	0
 515 00e7 06       		.uleb128 0x6
 516 00e8 04       		.byte	0x4
 517 00e9 CE000000 		.4byte	0xce
 518 00ed 0B       		.uleb128 0xb
 519 00ee 0C       		.byte	0xc
 520 00ef 06       		.byte	0x6
 521 00f0 34       		.byte	0x34
 522 00f1 1A010000 		.4byte	0x11a
 523 00f5 0A       		.uleb128 0xa
 524 00f6 83020000 		.4byte	.LASF18
 525 00fa 06       		.byte	0x6
 526 00fb 35       		.byte	0x35
 527 00fc E7000000 		.4byte	0xe7
 528 0100 00       		.byte	0
 529 0101 0A       		.uleb128 0xa
 530 0102 11000000 		.4byte	.LASF19
 531 0106 06       		.byte	0x6
 532 0107 36       		.byte	0x36
 533 0108 28000000 		.4byte	0x28
 534 010c 04       		.byte	0x4
 535 010d 0A       		.uleb128 0xa
 536 010e 43020000 		.4byte	.LASF20
 537 0112 06       		.byte	0x6
 538 0113 38       		.byte	0x38
 539 0114 AE000000 		.4byte	0xae
 540 0118 08       		.byte	0x8
 541 0119 00       		.byte	0
 542 011a 03       		.uleb128 0x3
 543 011b DA000000 		.4byte	.LASF21
 544 011f 06       		.byte	0x6
 545 0120 3A       		.byte	0x3a
 546 0121 ED000000 		.4byte	0xed
 547 0125 04       		.uleb128 0x4
 548 0126 01       		.byte	0x1
 549 0127 08       		.byte	0x8
 550 0128 42010000 		.4byte	.LASF22
 551 012c 0C       		.uleb128 0xc
ARM GAS  /tmp/cchEguLy.s 			page 11


 552 012d 91020000 		.4byte	.LASF25
 553 0131 01       		.byte	0x1
 554 0132 3E       		.byte	0x3e
 555 0133 00000000 		.4byte	.LFB7
 556 0137 38000000 		.4byte	.LFE7-.LFB7
 557 013b 01       		.uleb128 0x1
 558 013c 9C       		.byte	0x9c
 559 013d 6B010000 		.4byte	0x16b
 560 0141 0D       		.uleb128 0xd
 561 0142 6D7000   		.ascii	"mp\000"
 562 0145 01       		.byte	0x1
 563 0146 3E       		.byte	0x3e
 564 0147 6B010000 		.4byte	0x16b
 565 014b 02       		.uleb128 0x2
 566 014c 91       		.byte	0x91
 567 014d 74       		.sleb128 -12
 568 014e 0E       		.uleb128 0xe
 569 014f 3C000000 		.4byte	.LASF23
 570 0153 01       		.byte	0x1
 571 0154 3E       		.byte	0x3e
 572 0155 28000000 		.4byte	0x28
 573 0159 02       		.uleb128 0x2
 574 015a 91       		.byte	0x91
 575 015b 70       		.sleb128 -16
 576 015c 0E       		.uleb128 0xe
 577 015d A1000000 		.4byte	.LASF24
 578 0161 01       		.byte	0x1
 579 0162 3E       		.byte	0x3e
 580 0163 AE000000 		.4byte	0xae
 581 0167 02       		.uleb128 0x2
 582 0168 91       		.byte	0x91
 583 0169 6C       		.sleb128 -20
 584 016a 00       		.byte	0
 585 016b 06       		.uleb128 0x6
 586 016c 04       		.byte	0x4
 587 016d 1A010000 		.4byte	0x11a
 588 0171 0C       		.uleb128 0xc
 589 0172 20000000 		.4byte	.LASF26
 590 0176 01       		.byte	0x1
 591 0177 54       		.byte	0x54
 592 0178 00000000 		.4byte	.LFB8
 593 017c 48000000 		.4byte	.LFE8-.LFB8
 594 0180 01       		.uleb128 0x1
 595 0181 9C       		.byte	0x9c
 596 0182 AC010000 		.4byte	0x1ac
 597 0186 0D       		.uleb128 0xd
 598 0187 6D7000   		.ascii	"mp\000"
 599 018a 01       		.byte	0x1
 600 018b 54       		.byte	0x54
 601 018c 6B010000 		.4byte	0x16b
 602 0190 02       		.uleb128 0x2
 603 0191 91       		.byte	0x91
 604 0192 74       		.sleb128 -12
 605 0193 0D       		.uleb128 0xd
 606 0194 7000     		.ascii	"p\000"
 607 0196 01       		.byte	0x1
 608 0197 54       		.byte	0x54
ARM GAS  /tmp/cchEguLy.s 			page 12


 609 0198 A5000000 		.4byte	0xa5
 610 019c 02       		.uleb128 0x2
 611 019d 91       		.byte	0x91
 612 019e 70       		.sleb128 -16
 613 019f 0D       		.uleb128 0xd
 614 01a0 6E00     		.ascii	"n\000"
 615 01a2 01       		.byte	0x1
 616 01a3 54       		.byte	0x54
 617 01a4 28000000 		.4byte	0x28
 618 01a8 02       		.uleb128 0x2
 619 01a9 91       		.byte	0x91
 620 01aa 6C       		.sleb128 -20
 621 01ab 00       		.byte	0
 622 01ac 0F       		.uleb128 0xf
 623 01ad EA000000 		.4byte	.LASF27
 624 01b1 01       		.byte	0x1
 625 01b2 69       		.byte	0x69
 626 01b3 A5000000 		.4byte	0xa5
 627 01b7 00000000 		.4byte	.LFB9
 628 01bb 54000000 		.4byte	.LFE9-.LFB9
 629 01bf 01       		.uleb128 0x1
 630 01c0 9C       		.byte	0x9c
 631 01c1 E1010000 		.4byte	0x1e1
 632 01c5 0D       		.uleb128 0xd
 633 01c6 6D7000   		.ascii	"mp\000"
 634 01c9 01       		.byte	0x1
 635 01ca 69       		.byte	0x69
 636 01cb 6B010000 		.4byte	0x16b
 637 01cf 02       		.uleb128 0x2
 638 01d0 91       		.byte	0x91
 639 01d1 6C       		.sleb128 -20
 640 01d2 10       		.uleb128 0x10
 641 01d3 E5000000 		.4byte	.LASF29
 642 01d7 01       		.byte	0x1
 643 01d8 6A       		.byte	0x6a
 644 01d9 A5000000 		.4byte	0xa5
 645 01dd 02       		.uleb128 0x2
 646 01de 91       		.byte	0x91
 647 01df 74       		.sleb128 -12
 648 01e0 00       		.byte	0
 649 01e1 0F       		.uleb128 0xf
 650 01e2 59020000 		.4byte	.LASF28
 651 01e6 01       		.byte	0x1
 652 01e7 80       		.byte	0x80
 653 01e8 A5000000 		.4byte	0xa5
 654 01ec 00000000 		.4byte	.LFB10
 655 01f0 2C000000 		.4byte	.LFE10-.LFB10
 656 01f4 01       		.uleb128 0x1
 657 01f5 9C       		.byte	0x9c
 658 01f6 48020000 		.4byte	0x248
 659 01fa 0D       		.uleb128 0xd
 660 01fb 6D7000   		.ascii	"mp\000"
 661 01fe 01       		.byte	0x1
 662 01ff 80       		.byte	0x80
 663 0200 6B010000 		.4byte	0x16b
 664 0204 02       		.uleb128 0x2
 665 0205 91       		.byte	0x91
ARM GAS  /tmp/cchEguLy.s 			page 13


 666 0206 6C       		.sleb128 -20
 667 0207 10       		.uleb128 0x10
 668 0208 E5000000 		.4byte	.LASF29
 669 020c 01       		.byte	0x1
 670 020d 81       		.byte	0x81
 671 020e A5000000 		.4byte	0xa5
 672 0212 02       		.uleb128 0x2
 673 0213 91       		.byte	0x91
 674 0214 74       		.sleb128 -12
 675 0215 11       		.uleb128 0x11
 676 0216 06000000 		.4byte	.LBB2
 677 021a 06000000 		.4byte	.LBE2-.LBB2
 678 021e 30020000 		.4byte	0x230
 679 0222 12       		.uleb128 0x12
 680 0223 746D7000 		.ascii	"tmp\000"
 681 0227 01       		.byte	0x1
 682 0228 83       		.byte	0x83
 683 0229 93000000 		.4byte	0x93
 684 022d 01       		.uleb128 0x1
 685 022e 53       		.byte	0x53
 686 022f 00       		.byte	0
 687 0230 13       		.uleb128 0x13
 688 0231 1C000000 		.4byte	.LBB3
 689 0235 06000000 		.4byte	.LBE3-.LBB3
 690 0239 12       		.uleb128 0x12
 691 023a 746D7000 		.ascii	"tmp\000"
 692 023e 01       		.byte	0x1
 693 023f 85       		.byte	0x85
 694 0240 93000000 		.4byte	0x93
 695 0244 01       		.uleb128 0x1
 696 0245 53       		.byte	0x53
 697 0246 00       		.byte	0
 698 0247 00       		.byte	0
 699 0248 0C       		.uleb128 0xc
 700 0249 AA000000 		.4byte	.LASF30
 701 024d 01       		.byte	0x1
 702 024e 95       		.byte	0x95
 703 024f 00000000 		.4byte	.LFB11
 704 0253 3C000000 		.4byte	.LFE11-.LFB11
 705 0257 01       		.uleb128 0x1
 706 0258 9C       		.byte	0x9c
 707 0259 87020000 		.4byte	0x287
 708 025d 0D       		.uleb128 0xd
 709 025e 6D7000   		.ascii	"mp\000"
 710 0261 01       		.byte	0x1
 711 0262 95       		.byte	0x95
 712 0263 6B010000 		.4byte	0x16b
 713 0267 02       		.uleb128 0x2
 714 0268 91       		.byte	0x91
 715 0269 6C       		.sleb128 -20
 716 026a 0E       		.uleb128 0xe
 717 026b E5000000 		.4byte	.LASF29
 718 026f 01       		.byte	0x1
 719 0270 95       		.byte	0x95
 720 0271 A5000000 		.4byte	0xa5
 721 0275 02       		.uleb128 0x2
 722 0276 91       		.byte	0x91
ARM GAS  /tmp/cchEguLy.s 			page 14


 723 0277 68       		.sleb128 -24
 724 0278 12       		.uleb128 0x12
 725 0279 70687000 		.ascii	"php\000"
 726 027d 01       		.byte	0x1
 727 027e 96       		.byte	0x96
 728 027f E7000000 		.4byte	0xe7
 729 0283 02       		.uleb128 0x2
 730 0284 91       		.byte	0x91
 731 0285 74       		.sleb128 -12
 732 0286 00       		.byte	0
 733 0287 14       		.uleb128 0x14
 734 0288 CF000000 		.4byte	.LASF34
 735 028c 01       		.byte	0x1
 736 028d AB       		.byte	0xab
 737 028e 00000000 		.4byte	.LFB12
 738 0292 2A000000 		.4byte	.LFE12-.LFB12
 739 0296 01       		.uleb128 0x1
 740 0297 9C       		.byte	0x9c
 741 0298 0D       		.uleb128 0xd
 742 0299 6D7000   		.ascii	"mp\000"
 743 029c 01       		.byte	0x1
 744 029d AB       		.byte	0xab
 745 029e 6B010000 		.4byte	0x16b
 746 02a2 02       		.uleb128 0x2
 747 02a3 91       		.byte	0x91
 748 02a4 74       		.sleb128 -12
 749 02a5 0E       		.uleb128 0xe
 750 02a6 E5000000 		.4byte	.LASF29
 751 02aa 01       		.byte	0x1
 752 02ab AB       		.byte	0xab
 753 02ac A5000000 		.4byte	0xa5
 754 02b0 02       		.uleb128 0x2
 755 02b1 91       		.byte	0x91
 756 02b2 70       		.sleb128 -16
 757 02b3 11       		.uleb128 0x11
 758 02b4 08000000 		.4byte	.LBB4
 759 02b8 06000000 		.4byte	.LBE4-.LBB4
 760 02bc CE020000 		.4byte	0x2ce
 761 02c0 12       		.uleb128 0x12
 762 02c1 746D7000 		.ascii	"tmp\000"
 763 02c5 01       		.byte	0x1
 764 02c6 AD       		.byte	0xad
 765 02c7 93000000 		.4byte	0x93
 766 02cb 01       		.uleb128 0x1
 767 02cc 53       		.byte	0x53
 768 02cd 00       		.byte	0
 769 02ce 13       		.uleb128 0x13
 770 02cf 1E000000 		.4byte	.LBB5
 771 02d3 06000000 		.4byte	.LBE5-.LBB5
 772 02d7 12       		.uleb128 0x12
 773 02d8 746D7000 		.ascii	"tmp\000"
 774 02dc 01       		.byte	0x1
 775 02dd AF       		.byte	0xaf
 776 02de 93000000 		.4byte	0x93
 777 02e2 01       		.uleb128 0x1
 778 02e3 53       		.byte	0x53
 779 02e4 00       		.byte	0
ARM GAS  /tmp/cchEguLy.s 			page 15


 780 02e5 00       		.byte	0
 781 02e6 00       		.byte	0
 782              		.section	.debug_abbrev,"",%progbits
 783              	.Ldebug_abbrev0:
 784 0000 01       		.uleb128 0x1
 785 0001 11       		.uleb128 0x11
 786 0002 01       		.byte	0x1
 787 0003 25       		.uleb128 0x25
 788 0004 0E       		.uleb128 0xe
 789 0005 13       		.uleb128 0x13
 790 0006 0B       		.uleb128 0xb
 791 0007 03       		.uleb128 0x3
 792 0008 0E       		.uleb128 0xe
 793 0009 55       		.uleb128 0x55
 794 000a 17       		.uleb128 0x17
 795 000b 11       		.uleb128 0x11
 796 000c 01       		.uleb128 0x1
 797 000d 10       		.uleb128 0x10
 798 000e 17       		.uleb128 0x17
 799 000f 00       		.byte	0
 800 0010 00       		.byte	0
 801 0011 02       		.uleb128 0x2
 802 0012 24       		.uleb128 0x24
 803 0013 00       		.byte	0
 804 0014 0B       		.uleb128 0xb
 805 0015 0B       		.uleb128 0xb
 806 0016 3E       		.uleb128 0x3e
 807 0017 0B       		.uleb128 0xb
 808 0018 03       		.uleb128 0x3
 809 0019 08       		.uleb128 0x8
 810 001a 00       		.byte	0
 811 001b 00       		.byte	0
 812 001c 03       		.uleb128 0x3
 813 001d 16       		.uleb128 0x16
 814 001e 00       		.byte	0
 815 001f 03       		.uleb128 0x3
 816 0020 0E       		.uleb128 0xe
 817 0021 3A       		.uleb128 0x3a
 818 0022 0B       		.uleb128 0xb
 819 0023 3B       		.uleb128 0x3b
 820 0024 0B       		.uleb128 0xb
 821 0025 49       		.uleb128 0x49
 822 0026 13       		.uleb128 0x13
 823 0027 00       		.byte	0
 824 0028 00       		.byte	0
 825 0029 04       		.uleb128 0x4
 826 002a 24       		.uleb128 0x24
 827 002b 00       		.byte	0
 828 002c 0B       		.uleb128 0xb
 829 002d 0B       		.uleb128 0xb
 830 002e 3E       		.uleb128 0x3e
 831 002f 0B       		.uleb128 0xb
 832 0030 03       		.uleb128 0x3
 833 0031 0E       		.uleb128 0xe
 834 0032 00       		.byte	0
 835 0033 00       		.byte	0
 836 0034 05       		.uleb128 0x5
ARM GAS  /tmp/cchEguLy.s 			page 16


 837 0035 0F       		.uleb128 0xf
 838 0036 00       		.byte	0
 839 0037 0B       		.uleb128 0xb
 840 0038 0B       		.uleb128 0xb
 841 0039 00       		.byte	0
 842 003a 00       		.byte	0
 843 003b 06       		.uleb128 0x6
 844 003c 0F       		.uleb128 0xf
 845 003d 00       		.byte	0
 846 003e 0B       		.uleb128 0xb
 847 003f 0B       		.uleb128 0xb
 848 0040 49       		.uleb128 0x49
 849 0041 13       		.uleb128 0x13
 850 0042 00       		.byte	0
 851 0043 00       		.byte	0
 852 0044 07       		.uleb128 0x7
 853 0045 15       		.uleb128 0x15
 854 0046 01       		.byte	0x1
 855 0047 27       		.uleb128 0x27
 856 0048 19       		.uleb128 0x19
 857 0049 49       		.uleb128 0x49
 858 004a 13       		.uleb128 0x13
 859 004b 01       		.uleb128 0x1
 860 004c 13       		.uleb128 0x13
 861 004d 00       		.byte	0
 862 004e 00       		.byte	0
 863 004f 08       		.uleb128 0x8
 864 0050 05       		.uleb128 0x5
 865 0051 00       		.byte	0
 866 0052 49       		.uleb128 0x49
 867 0053 13       		.uleb128 0x13
 868 0054 00       		.byte	0
 869 0055 00       		.byte	0
 870 0056 09       		.uleb128 0x9
 871 0057 13       		.uleb128 0x13
 872 0058 01       		.byte	0x1
 873 0059 03       		.uleb128 0x3
 874 005a 0E       		.uleb128 0xe
 875 005b 0B       		.uleb128 0xb
 876 005c 0B       		.uleb128 0xb
 877 005d 3A       		.uleb128 0x3a
 878 005e 0B       		.uleb128 0xb
 879 005f 3B       		.uleb128 0x3b
 880 0060 0B       		.uleb128 0xb
 881 0061 01       		.uleb128 0x1
 882 0062 13       		.uleb128 0x13
 883 0063 00       		.byte	0
 884 0064 00       		.byte	0
 885 0065 0A       		.uleb128 0xa
 886 0066 0D       		.uleb128 0xd
 887 0067 00       		.byte	0
 888 0068 03       		.uleb128 0x3
 889 0069 0E       		.uleb128 0xe
 890 006a 3A       		.uleb128 0x3a
 891 006b 0B       		.uleb128 0xb
 892 006c 3B       		.uleb128 0x3b
 893 006d 0B       		.uleb128 0xb
ARM GAS  /tmp/cchEguLy.s 			page 17


 894 006e 49       		.uleb128 0x49
 895 006f 13       		.uleb128 0x13
 896 0070 38       		.uleb128 0x38
 897 0071 0B       		.uleb128 0xb
 898 0072 00       		.byte	0
 899 0073 00       		.byte	0
 900 0074 0B       		.uleb128 0xb
 901 0075 13       		.uleb128 0x13
 902 0076 01       		.byte	0x1
 903 0077 0B       		.uleb128 0xb
 904 0078 0B       		.uleb128 0xb
 905 0079 3A       		.uleb128 0x3a
 906 007a 0B       		.uleb128 0xb
 907 007b 3B       		.uleb128 0x3b
 908 007c 0B       		.uleb128 0xb
 909 007d 01       		.uleb128 0x1
 910 007e 13       		.uleb128 0x13
 911 007f 00       		.byte	0
 912 0080 00       		.byte	0
 913 0081 0C       		.uleb128 0xc
 914 0082 2E       		.uleb128 0x2e
 915 0083 01       		.byte	0x1
 916 0084 3F       		.uleb128 0x3f
 917 0085 19       		.uleb128 0x19
 918 0086 03       		.uleb128 0x3
 919 0087 0E       		.uleb128 0xe
 920 0088 3A       		.uleb128 0x3a
 921 0089 0B       		.uleb128 0xb
 922 008a 3B       		.uleb128 0x3b
 923 008b 0B       		.uleb128 0xb
 924 008c 27       		.uleb128 0x27
 925 008d 19       		.uleb128 0x19
 926 008e 11       		.uleb128 0x11
 927 008f 01       		.uleb128 0x1
 928 0090 12       		.uleb128 0x12
 929 0091 06       		.uleb128 0x6
 930 0092 40       		.uleb128 0x40
 931 0093 18       		.uleb128 0x18
 932 0094 9642     		.uleb128 0x2116
 933 0096 19       		.uleb128 0x19
 934 0097 01       		.uleb128 0x1
 935 0098 13       		.uleb128 0x13
 936 0099 00       		.byte	0
 937 009a 00       		.byte	0
 938 009b 0D       		.uleb128 0xd
 939 009c 05       		.uleb128 0x5
 940 009d 00       		.byte	0
 941 009e 03       		.uleb128 0x3
 942 009f 08       		.uleb128 0x8
 943 00a0 3A       		.uleb128 0x3a
 944 00a1 0B       		.uleb128 0xb
 945 00a2 3B       		.uleb128 0x3b
 946 00a3 0B       		.uleb128 0xb
 947 00a4 49       		.uleb128 0x49
 948 00a5 13       		.uleb128 0x13
 949 00a6 02       		.uleb128 0x2
 950 00a7 18       		.uleb128 0x18
ARM GAS  /tmp/cchEguLy.s 			page 18


 951 00a8 00       		.byte	0
 952 00a9 00       		.byte	0
 953 00aa 0E       		.uleb128 0xe
 954 00ab 05       		.uleb128 0x5
 955 00ac 00       		.byte	0
 956 00ad 03       		.uleb128 0x3
 957 00ae 0E       		.uleb128 0xe
 958 00af 3A       		.uleb128 0x3a
 959 00b0 0B       		.uleb128 0xb
 960 00b1 3B       		.uleb128 0x3b
 961 00b2 0B       		.uleb128 0xb
 962 00b3 49       		.uleb128 0x49
 963 00b4 13       		.uleb128 0x13
 964 00b5 02       		.uleb128 0x2
 965 00b6 18       		.uleb128 0x18
 966 00b7 00       		.byte	0
 967 00b8 00       		.byte	0
 968 00b9 0F       		.uleb128 0xf
 969 00ba 2E       		.uleb128 0x2e
 970 00bb 01       		.byte	0x1
 971 00bc 3F       		.uleb128 0x3f
 972 00bd 19       		.uleb128 0x19
 973 00be 03       		.uleb128 0x3
 974 00bf 0E       		.uleb128 0xe
 975 00c0 3A       		.uleb128 0x3a
 976 00c1 0B       		.uleb128 0xb
 977 00c2 3B       		.uleb128 0x3b
 978 00c3 0B       		.uleb128 0xb
 979 00c4 27       		.uleb128 0x27
 980 00c5 19       		.uleb128 0x19
 981 00c6 49       		.uleb128 0x49
 982 00c7 13       		.uleb128 0x13
 983 00c8 11       		.uleb128 0x11
 984 00c9 01       		.uleb128 0x1
 985 00ca 12       		.uleb128 0x12
 986 00cb 06       		.uleb128 0x6
 987 00cc 40       		.uleb128 0x40
 988 00cd 18       		.uleb128 0x18
 989 00ce 9642     		.uleb128 0x2116
 990 00d0 19       		.uleb128 0x19
 991 00d1 01       		.uleb128 0x1
 992 00d2 13       		.uleb128 0x13
 993 00d3 00       		.byte	0
 994 00d4 00       		.byte	0
 995 00d5 10       		.uleb128 0x10
 996 00d6 34       		.uleb128 0x34
 997 00d7 00       		.byte	0
 998 00d8 03       		.uleb128 0x3
 999 00d9 0E       		.uleb128 0xe
 1000 00da 3A       		.uleb128 0x3a
 1001 00db 0B       		.uleb128 0xb
 1002 00dc 3B       		.uleb128 0x3b
 1003 00dd 0B       		.uleb128 0xb
 1004 00de 49       		.uleb128 0x49
 1005 00df 13       		.uleb128 0x13
 1006 00e0 02       		.uleb128 0x2
 1007 00e1 18       		.uleb128 0x18
ARM GAS  /tmp/cchEguLy.s 			page 19


 1008 00e2 00       		.byte	0
 1009 00e3 00       		.byte	0
 1010 00e4 11       		.uleb128 0x11
 1011 00e5 0B       		.uleb128 0xb
 1012 00e6 01       		.byte	0x1
 1013 00e7 11       		.uleb128 0x11
 1014 00e8 01       		.uleb128 0x1
 1015 00e9 12       		.uleb128 0x12
 1016 00ea 06       		.uleb128 0x6
 1017 00eb 01       		.uleb128 0x1
 1018 00ec 13       		.uleb128 0x13
 1019 00ed 00       		.byte	0
 1020 00ee 00       		.byte	0
 1021 00ef 12       		.uleb128 0x12
 1022 00f0 34       		.uleb128 0x34
 1023 00f1 00       		.byte	0
 1024 00f2 03       		.uleb128 0x3
 1025 00f3 08       		.uleb128 0x8
 1026 00f4 3A       		.uleb128 0x3a
 1027 00f5 0B       		.uleb128 0xb
 1028 00f6 3B       		.uleb128 0x3b
 1029 00f7 0B       		.uleb128 0xb
 1030 00f8 49       		.uleb128 0x49
 1031 00f9 13       		.uleb128 0x13
 1032 00fa 02       		.uleb128 0x2
 1033 00fb 18       		.uleb128 0x18
 1034 00fc 00       		.byte	0
 1035 00fd 00       		.byte	0
 1036 00fe 13       		.uleb128 0x13
 1037 00ff 0B       		.uleb128 0xb
 1038 0100 01       		.byte	0x1
 1039 0101 11       		.uleb128 0x11
 1040 0102 01       		.uleb128 0x1
 1041 0103 12       		.uleb128 0x12
 1042 0104 06       		.uleb128 0x6
 1043 0105 00       		.byte	0
 1044 0106 00       		.byte	0
 1045 0107 14       		.uleb128 0x14
 1046 0108 2E       		.uleb128 0x2e
 1047 0109 01       		.byte	0x1
 1048 010a 3F       		.uleb128 0x3f
 1049 010b 19       		.uleb128 0x19
 1050 010c 03       		.uleb128 0x3
 1051 010d 0E       		.uleb128 0xe
 1052 010e 3A       		.uleb128 0x3a
 1053 010f 0B       		.uleb128 0xb
 1054 0110 3B       		.uleb128 0x3b
 1055 0111 0B       		.uleb128 0xb
 1056 0112 27       		.uleb128 0x27
 1057 0113 19       		.uleb128 0x19
 1058 0114 11       		.uleb128 0x11
 1059 0115 01       		.uleb128 0x1
 1060 0116 12       		.uleb128 0x12
 1061 0117 06       		.uleb128 0x6
 1062 0118 40       		.uleb128 0x40
 1063 0119 18       		.uleb128 0x18
 1064 011a 9642     		.uleb128 0x2116
ARM GAS  /tmp/cchEguLy.s 			page 20


 1065 011c 19       		.uleb128 0x19
 1066 011d 00       		.byte	0
 1067 011e 00       		.byte	0
 1068 011f 00       		.byte	0
 1069              		.section	.debug_aranges,"",%progbits
 1070 0000 44000000 		.4byte	0x44
 1071 0004 0200     		.2byte	0x2
 1072 0006 00000000 		.4byte	.Ldebug_info0
 1073 000a 04       		.byte	0x4
 1074 000b 00       		.byte	0
 1075 000c 0000     		.2byte	0
 1076 000e 0000     		.2byte	0
 1077 0010 00000000 		.4byte	.LFB7
 1078 0014 38000000 		.4byte	.LFE7-.LFB7
 1079 0018 00000000 		.4byte	.LFB8
 1080 001c 48000000 		.4byte	.LFE8-.LFB8
 1081 0020 00000000 		.4byte	.LFB9
 1082 0024 54000000 		.4byte	.LFE9-.LFB9
 1083 0028 00000000 		.4byte	.LFB10
 1084 002c 2C000000 		.4byte	.LFE10-.LFB10
 1085 0030 00000000 		.4byte	.LFB11
 1086 0034 3C000000 		.4byte	.LFE11-.LFB11
 1087 0038 00000000 		.4byte	.LFB12
 1088 003c 2A000000 		.4byte	.LFE12-.LFB12
 1089 0040 00000000 		.4byte	0
 1090 0044 00000000 		.4byte	0
 1091              		.section	.debug_ranges,"",%progbits
 1092              	.Ldebug_ranges0:
 1093 0000 00000000 		.4byte	.LFB7
 1094 0004 38000000 		.4byte	.LFE7
 1095 0008 00000000 		.4byte	.LFB8
 1096 000c 48000000 		.4byte	.LFE8
 1097 0010 00000000 		.4byte	.LFB9
 1098 0014 54000000 		.4byte	.LFE9
 1099 0018 00000000 		.4byte	.LFB10
 1100 001c 2C000000 		.4byte	.LFE10
 1101 0020 00000000 		.4byte	.LFB11
 1102 0024 3C000000 		.4byte	.LFE11
 1103 0028 00000000 		.4byte	.LFB12
 1104 002c 2A000000 		.4byte	.LFE12
 1105 0030 00000000 		.4byte	0
 1106 0034 00000000 		.4byte	0
 1107              		.section	.debug_line,"",%progbits
 1108              	.Ldebug_line0:
 1109 0000 E3010000 		.section	.debug_str,"MS",%progbits,1
 1109      02002501 
 1109      00000201 
 1109      FB0E0D00 
 1109      01010101 
 1110              	.LASF3:
 1111 0000 5F5F7569 		.ascii	"__uint8_t\000"
 1111      6E74385F 
 1111      7400
 1112              	.LASF2:
 1113 000a 73697A65 		.ascii	"size_t\000"
 1113      5F7400
 1114              	.LASF19:
ARM GAS  /tmp/cchEguLy.s 			page 21


 1115 0011 6D705F6F 		.ascii	"mp_object_size\000"
 1115      626A6563 
 1115      745F7369 
 1115      7A6500
 1116              	.LASF26:
 1117 0020 6368506F 		.ascii	"chPoolLoadArray\000"
 1117      6F6C4C6F 
 1117      61644172 
 1117      72617900 
 1118              	.LASF33:
 1119 0030 706F6F6C 		.ascii	"pool_header\000"
 1119      5F686561 
 1119      64657200 
 1120              	.LASF23:
 1121 003c 73697A65 		.ascii	"size\000"
 1121      00
 1122              	.LASF32:
 1123 0041 2F686F6D 		.ascii	"/home/dave/r2p-sdk/core/ChibiOS/os/kernel/src/chmem"
 1123      652F6461 
 1123      76652F72 
 1123      32702D73 
 1123      646B2F63 
 1124 0074 706F6F6C 		.ascii	"pools.c\000"
 1124      732E6300 
 1125              	.LASF9:
 1126 007c 6C6F6E67 		.ascii	"long unsigned int\000"
 1126      20756E73 
 1126      69676E65 
 1126      6420696E 
 1126      7400
 1127              	.LASF6:
 1128 008e 73686F72 		.ascii	"short unsigned int\000"
 1128      7420756E 
 1128      7369676E 
 1128      65642069 
 1128      6E7400
 1129              	.LASF24:
 1130 00a1 70726F76 		.ascii	"provider\000"
 1130      69646572 
 1130      00
 1131              	.LASF30:
 1132 00aa 6368506F 		.ascii	"chPoolFreeI\000"
 1132      6F6C4672 
 1132      65654900 
 1133              	.LASF4:
 1134 00b6 756E7369 		.ascii	"unsigned char\000"
 1134      676E6564 
 1134      20636861 
 1134      7200
 1135              	.LASF8:
 1136 00c4 5F5F7569 		.ascii	"__uint32_t\000"
 1136      6E743332 
 1136      5F7400
 1137              	.LASF34:
 1138 00cf 6368506F 		.ascii	"chPoolFree\000"
 1138      6F6C4672 
 1138      656500
ARM GAS  /tmp/cchEguLy.s 			page 22


 1139              	.LASF21:
 1140 00da 4D656D6F 		.ascii	"MemoryPool\000"
 1140      7279506F 
 1140      6F6C00
 1141              	.LASF29:
 1142 00e5 6F626A70 		.ascii	"objp\000"
 1142      00
 1143              	.LASF27:
 1144 00ea 6368506F 		.ascii	"chPoolAllocI\000"
 1144      6F6C416C 
 1144      6C6F6349 
 1144      00
 1145              	.LASF0:
 1146 00f7 756E7369 		.ascii	"unsigned int\000"
 1146      676E6564 
 1146      20696E74 
 1146      00
 1147              	.LASF11:
 1148 0104 6C6F6E67 		.ascii	"long long unsigned int\000"
 1148      206C6F6E 
 1148      6720756E 
 1148      7369676E 
 1148      65642069 
 1149              	.LASF12:
 1150 011b 75696E74 		.ascii	"uint8_t\000"
 1150      385F7400 
 1151              	.LASF17:
 1152 0123 70685F6E 		.ascii	"ph_next\000"
 1152      65787400 
 1153              	.LASF15:
 1154 012b 73697A65 		.ascii	"sizetype\000"
 1154      74797065 
 1154      00
 1155              	.LASF10:
 1156 0134 6C6F6E67 		.ascii	"long long int\000"
 1156      206C6F6E 
 1156      6720696E 
 1156      7400
 1157              	.LASF22:
 1158 0142 63686172 		.ascii	"char\000"
 1158      00
 1159              	.LASF31:
 1160 0147 474E5520 		.ascii	"GNU C 4.8.4 20141219 (release) -mcpu=cortex-m4 -mfl"
 1160      4320342E 
 1160      382E3420 
 1160      32303134 
 1160      31323139 
 1161 017a 6F61742D 		.ascii	"oat-abi=hard -mfpu=fpv4-sp-d16 -mno-thumb-interwork"
 1161      6162693D 
 1161      68617264 
 1161      202D6D66 
 1161      70753D66 
 1162 01ad 202D6D74 		.ascii	" -mthumb -ggdb -O0 -fomit-frame-pointer -falign-fun"
 1162      68756D62 
 1162      202D6767 
 1162      6462202D 
 1162      4F30202D 
ARM GAS  /tmp/cchEguLy.s 			page 23


 1163 01e0 6374696F 		.ascii	"ctions=16 -ffunction-sections -fdata-sections -fno-"
 1163      6E733D31 
 1163      36202D66 
 1163      66756E63 
 1163      74696F6E 
 1164 0213 636F6D6D 		.ascii	"common -fsingle-precision-constant\000"
 1164      6F6E202D 
 1164      6673696E 
 1164      676C652D 
 1164      70726563 
 1165              	.LASF16:
 1166 0236 6D656D67 		.ascii	"memgetfunc_t\000"
 1166      65746675 
 1166      6E635F74 
 1166      00
 1167              	.LASF20:
 1168 0243 6D705F70 		.ascii	"mp_provider\000"
 1168      726F7669 
 1168      64657200 
 1169              	.LASF5:
 1170 024f 73686F72 		.ascii	"short int\000"
 1170      7420696E 
 1170      7400
 1171              	.LASF28:
 1172 0259 6368506F 		.ascii	"chPoolAlloc\000"
 1172      6F6C416C 
 1172      6C6F6300 
 1173              	.LASF13:
 1174 0265 75696E74 		.ascii	"uint32_t\000"
 1174      33325F74 
 1174      00
 1175              	.LASF7:
 1176 026e 6C6F6E67 		.ascii	"long int\000"
 1176      20696E74 
 1176      00
 1177              	.LASF1:
 1178 0277 7369676E 		.ascii	"signed char\000"
 1178      65642063 
 1178      68617200 
 1179              	.LASF18:
 1180 0283 6D705F6E 		.ascii	"mp_next\000"
 1180      65787400 
 1181              	.LASF14:
 1182 028b 5F426F6F 		.ascii	"_Bool\000"
 1182      6C00
 1183              	.LASF25:
 1184 0291 6368506F 		.ascii	"chPoolInit\000"
 1184      6F6C496E 
 1184      697400
 1185              		.ident	"GCC: (4.8.4-1+11-1) 4.8.4 20141219 (release)"
ARM GAS  /tmp/cchEguLy.s 			page 24


DEFINED SYMBOLS
                            *ABS*:0000000000000000 chmempools.c
     /tmp/cchEguLy.s:21     .rodata:0000000000000000 $d
     /tmp/cchEguLy.s:25     .text.chPoolInit:0000000000000000 $t
     /tmp/cchEguLy.s:31     .text.chPoolInit:0000000000000000 chPoolInit
     /tmp/cchEguLy.s:78     .text.chPoolInit:0000000000000034 $d
     /tmp/cchEguLy.s:87     .text.chPoolLoadArray:0000000000000000 $t
     /tmp/cchEguLy.s:93     .text.chPoolLoadArray:0000000000000000 chPoolLoadArray
     /tmp/cchEguLy.s:351    .text.chPoolFree:0000000000000000 chPoolFree
     /tmp/cchEguLy.s:151    .text.chPoolLoadArray:0000000000000044 $d
     /tmp/cchEguLy.s:160    .text.chPoolAllocI:0000000000000000 $t
     /tmp/cchEguLy.s:166    .text.chPoolAllocI:0000000000000000 chPoolAllocI
     /tmp/cchEguLy.s:227    .text.chPoolAllocI:0000000000000050 $d
     /tmp/cchEguLy.s:232    .text.chPoolAlloc:0000000000000000 $t
     /tmp/cchEguLy.s:238    .text.chPoolAlloc:0000000000000000 chPoolAlloc
     /tmp/cchEguLy.s:287    .text.chPoolFreeI:0000000000000000 $t
     /tmp/cchEguLy.s:293    .text.chPoolFreeI:0000000000000000 chPoolFreeI
     /tmp/cchEguLy.s:340    .text.chPoolFreeI:0000000000000038 $d
     /tmp/cchEguLy.s:345    .text.chPoolFree:0000000000000000 $t
                     .debug_frame:0000000000000010 $d
     /tmp/cchEguLy.s:82     .text.chPoolInit:0000000000000038 $t
     /tmp/cchEguLy.s:155    .text.chPoolLoadArray:0000000000000048 $t
     /tmp/cchEguLy.s:231    .text.chPoolAllocI:0000000000000054 $t
     /tmp/cchEguLy.s:344    .text.chPoolFreeI:000000000000003c $t

UNDEFINED SYMBOLS
chDbgPanic
chDbgCheckClassI
dbg_check_lock
dbg_check_unlock
