ARM GAS  /tmp/ccFtWMSA.s 			page 1


   1              		.syntax unified
   2              		.cpu cortex-m4
   3              		.eabi_attribute 27, 3
   4              		.eabi_attribute 28, 1
   5              		.fpu fpv4-sp-d16
   6              		.eabi_attribute 20, 1
   7              		.eabi_attribute 21, 1
   8              		.eabi_attribute 23, 3
   9              		.eabi_attribute 24, 1
  10              		.eabi_attribute 25, 1
  11              		.eabi_attribute 26, 1
  12              		.eabi_attribute 30, 6
  13              		.eabi_attribute 34, 1
  14              		.eabi_attribute 18, 4
  15              		.thumb
  16              		.file	"ext.c"
  17              		.text
  18              	.Ltext0:
  19              		.cfi_sections	.debug_frame
  20              		.section	.text.extInit,"ax",%progbits
  21              		.align	2
  22              		.p2align 4,,15
  23              		.global	extInit
  24              		.thumb
  25              		.thumb_func
  26              		.type	extInit, %function
  27              	extInit:
  28              	.LFB118:
  29              		.file 1 "/home/dave/r2p-sdk/core/ChibiOS/os/hal/src/ext.c"
  30              		.loc 1 68 0
  31              		.cfi_startproc
  32              		@ args = 0, pretend = 0, frame = 0
  33              		@ frame_needed = 0, uses_anonymous_args = 0
  34 0000 08B5     		push	{r3, lr}
  35              		.cfi_def_cfa_offset 8
  36              		.cfi_offset 3, -8
  37              		.cfi_offset 14, -4
  38              		.loc 1 70 0
  39 0002 FFF7FEFF 		bl	ext_lld_init
  40              		.loc 1 71 0
  41 0006 08BD     		pop	{r3, pc}
  42              		.cfi_endproc
  43              	.LFE118:
  44              		.size	extInit, .-extInit
  45 0008 AFF30080 		.section	.text.extObjectInit,"ax",%progbits
  45      AFF30080 
  46              		.align	2
  47              		.p2align 4,,15
  48              		.global	extObjectInit
  49              		.thumb
  50              		.thumb_func
  51              		.type	extObjectInit, %function
  52              	extObjectInit:
  53              	.LFB119:
  54              		.loc 1 80 0
  55              		.cfi_startproc
  56              		@ args = 0, pretend = 0, frame = 8
ARM GAS  /tmp/ccFtWMSA.s 			page 2


  57              		@ frame_needed = 0, uses_anonymous_args = 0
  58              		@ link register save eliminated.
  59 0000 82B0     		sub	sp, sp, #8
  60              		.cfi_def_cfa_offset 8
  61 0002 0190     		str	r0, [sp, #4]
  62              		.loc 1 82 0
  63 0004 019B     		ldr	r3, [sp, #4]
  64 0006 0122     		movs	r2, #1
  65 0008 1A70     		strb	r2, [r3]
  66              		.loc 1 83 0
  67 000a 019B     		ldr	r3, [sp, #4]
  68 000c 0022     		movs	r2, #0
  69 000e 5A60     		str	r2, [r3, #4]
  70              		.loc 1 84 0
  71 0010 02B0     		add	sp, sp, #8
  72              		@ sp needed
  73 0012 7047     		bx	lr
  74              		.cfi_endproc
  75              	.LFE119:
  76              		.size	extObjectInit, .-extObjectInit
  77 0014 AFF30080 		.section	.rodata
  77      AFF30080 
  77      AFF30080 
  78              		.align	2
  79              	.LC0:
  80 0000 22657874 		.ascii	"\"extStart\"()\000"
  80      53746172 
  80      74222829 
  80      00
  81 000d 000000   		.align	2
  82              	.LC1:
  83 0010 65787453 		.ascii	"extStart(), #1\000"
  83      74617274 
  83      28292C20 
  83      233100
  84              		.section	.text.extStart,"ax",%progbits
  85              		.align	2
  86              		.p2align 4,,15
  87              		.global	extStart
  88              		.thumb
  89              		.thumb_func
  90              		.type	extStart, %function
  91              	extStart:
  92              	.LFB120:
  93              		.loc 1 96 0
  94              		.cfi_startproc
  95              		@ args = 0, pretend = 0, frame = 8
  96              		@ frame_needed = 0, uses_anonymous_args = 0
  97 0000 00B5     		push	{lr}
  98              		.cfi_def_cfa_offset 4
  99              		.cfi_offset 14, -4
 100 0002 83B0     		sub	sp, sp, #12
 101              		.cfi_def_cfa_offset 16
 102 0004 0190     		str	r0, [sp, #4]
 103 0006 0091     		str	r1, [sp]
 104              		.loc 1 98 0
 105 0008 019B     		ldr	r3, [sp, #4]
ARM GAS  /tmp/ccFtWMSA.s 			page 3


 106 000a 002B     		cmp	r3, #0
 107 000c 02D0     		beq	.L4
 108              		.loc 1 98 0 is_stmt 0 discriminator 2
 109 000e 009B     		ldr	r3, [sp]
 110 0010 002B     		cmp	r3, #0
 111 0012 02D1     		bne	.L5
 112              	.L4:
 113              		.loc 1 98 0 discriminator 1
 114 0014 1148     		ldr	r0, .L7
 115 0016 FFF7FEFF 		bl	chDbgPanic
 116              	.L5:
 117              	.LBB2:
 118              		.loc 1 100 0 is_stmt 1
 119 001a 2023     		movs	r3, #32
 120              	@ 100 "/home/dave/r2p-sdk/core/ChibiOS/os/hal/src/ext.c" 1
 121 001c 83F31188 		msr     BASEPRI, r3
 122              	@ 0 "" 2
 123              		.thumb
 124              	.LBE2:
 125 0020 FFF7FEFF 		bl	dbg_check_lock
 126              		.loc 1 101 0
 127 0024 019B     		ldr	r3, [sp, #4]
 128 0026 1B78     		ldrb	r3, [r3]	@ zero_extendqisi2
 129 0028 012B     		cmp	r3, #1
 130 002a 06D0     		beq	.L6
 131              		.loc 1 101 0 is_stmt 0 discriminator 1
 132 002c 019B     		ldr	r3, [sp, #4]
 133 002e 1B78     		ldrb	r3, [r3]	@ zero_extendqisi2
 134 0030 022B     		cmp	r3, #2
 135 0032 02D0     		beq	.L6
 136 0034 0A48     		ldr	r0, .L7+4
 137 0036 FFF7FEFF 		bl	chDbgPanic
 138              	.L6:
 139              		.loc 1 103 0 is_stmt 1
 140 003a 019B     		ldr	r3, [sp, #4]
 141 003c 009A     		ldr	r2, [sp]
 142 003e 5A60     		str	r2, [r3, #4]
 143              		.loc 1 104 0
 144 0040 0198     		ldr	r0, [sp, #4]
 145 0042 FFF7FEFF 		bl	ext_lld_start
 146              		.loc 1 105 0
 147 0046 019B     		ldr	r3, [sp, #4]
 148 0048 0222     		movs	r2, #2
 149 004a 1A70     		strb	r2, [r3]
 150              		.loc 1 106 0
 151 004c FFF7FEFF 		bl	dbg_check_unlock
 152              	.LBB3:
 153 0050 0023     		movs	r3, #0
 154              	@ 106 "/home/dave/r2p-sdk/core/ChibiOS/os/hal/src/ext.c" 1
 155 0052 83F31188 		msr     BASEPRI, r3
 156              	@ 0 "" 2
 157              		.thumb
 158              	.LBE3:
 159              		.loc 1 107 0
 160 0056 03B0     		add	sp, sp, #12
 161              		@ sp needed
 162 0058 5DF804FB 		ldr	pc, [sp], #4
ARM GAS  /tmp/ccFtWMSA.s 			page 4


 163              	.L8:
 164              		.align	2
 165              	.L7:
 166 005c 00000000 		.word	.LC0
 167 0060 10000000 		.word	.LC1
 168              		.cfi_endproc
 169              	.LFE120:
 170              		.size	extStart, .-extStart
 171 0064 AFF30080 		.section	.rodata
 171      AFF30080 
 171      AFF30080 
 172 001f 00       		.align	2
 173              	.LC2:
 174 0020 22657874 		.ascii	"\"extStop\"()\000"
 174      53746F70 
 174      22282900 
 175              		.align	2
 176              	.LC3:
 177 002c 65787453 		.ascii	"extStop(), #1\000"
 177      746F7028 
 177      292C2023 
 177      3100
 178              		.section	.text.extStop,"ax",%progbits
 179              		.align	2
 180              		.p2align 4,,15
 181              		.global	extStop
 182              		.thumb
 183              		.thumb_func
 184              		.type	extStop, %function
 185              	extStop:
 186              	.LFB121:
 187              		.loc 1 116 0
 188              		.cfi_startproc
 189              		@ args = 0, pretend = 0, frame = 8
 190              		@ frame_needed = 0, uses_anonymous_args = 0
 191 0000 00B5     		push	{lr}
 192              		.cfi_def_cfa_offset 4
 193              		.cfi_offset 14, -4
 194 0002 83B0     		sub	sp, sp, #12
 195              		.cfi_def_cfa_offset 16
 196 0004 0190     		str	r0, [sp, #4]
 197              		.loc 1 118 0
 198 0006 019B     		ldr	r3, [sp, #4]
 199 0008 002B     		cmp	r3, #0
 200 000a 02D1     		bne	.L10
 201              		.loc 1 118 0 is_stmt 0 discriminator 1
 202 000c 1048     		ldr	r0, .L12
 203 000e FFF7FEFF 		bl	chDbgPanic
 204              	.L10:
 205              	.LBB4:
 206              		.loc 1 120 0 is_stmt 1
 207 0012 2023     		movs	r3, #32
 208              	@ 120 "/home/dave/r2p-sdk/core/ChibiOS/os/hal/src/ext.c" 1
 209 0014 83F31188 		msr     BASEPRI, r3
 210              	@ 0 "" 2
 211              		.thumb
 212              	.LBE4:
ARM GAS  /tmp/ccFtWMSA.s 			page 5


 213 0018 FFF7FEFF 		bl	dbg_check_lock
 214              		.loc 1 121 0
 215 001c 019B     		ldr	r3, [sp, #4]
 216 001e 1B78     		ldrb	r3, [r3]	@ zero_extendqisi2
 217 0020 012B     		cmp	r3, #1
 218 0022 06D0     		beq	.L11
 219              		.loc 1 121 0 is_stmt 0 discriminator 1
 220 0024 019B     		ldr	r3, [sp, #4]
 221 0026 1B78     		ldrb	r3, [r3]	@ zero_extendqisi2
 222 0028 022B     		cmp	r3, #2
 223 002a 02D0     		beq	.L11
 224 002c 0948     		ldr	r0, .L12+4
 225 002e FFF7FEFF 		bl	chDbgPanic
 226              	.L11:
 227              		.loc 1 123 0 is_stmt 1
 228 0032 0198     		ldr	r0, [sp, #4]
 229 0034 FFF7FEFF 		bl	ext_lld_stop
 230              		.loc 1 124 0
 231 0038 019B     		ldr	r3, [sp, #4]
 232 003a 0122     		movs	r2, #1
 233 003c 1A70     		strb	r2, [r3]
 234              		.loc 1 125 0
 235 003e FFF7FEFF 		bl	dbg_check_unlock
 236              	.LBB5:
 237 0042 0023     		movs	r3, #0
 238              	@ 125 "/home/dave/r2p-sdk/core/ChibiOS/os/hal/src/ext.c" 1
 239 0044 83F31188 		msr     BASEPRI, r3
 240              	@ 0 "" 2
 241              		.thumb
 242              	.LBE5:
 243              		.loc 1 126 0
 244 0048 03B0     		add	sp, sp, #12
 245              		@ sp needed
 246 004a 5DF804FB 		ldr	pc, [sp], #4
 247              	.L13:
 248 004e 00BF     		.align	2
 249              	.L12:
 250 0050 20000000 		.word	.LC2
 251 0054 2C000000 		.word	.LC3
 252              		.cfi_endproc
 253              	.LFE121:
 254              		.size	extStop, .-extStop
 255 0058 AFF30080 		.section	.rodata
 255      AFF30080 
 256 003a 0000     		.align	2
 257              	.LC4:
 258 003c 22657874 		.ascii	"\"extChannelEnable\"()\000"
 258      4368616E 
 258      6E656C45 
 258      6E61626C 
 258      65222829 
 259 0051 000000   		.align	2
 260              	.LC5:
 261 0054 65787443 		.ascii	"extChannelEnable(), #1\000"
 261      68616E6E 
 261      656C456E 
 261      61626C65 
ARM GAS  /tmp/ccFtWMSA.s 			page 6


 261      28292C20 
 262              		.section	.text.extChannelEnable,"ax",%progbits
 263              		.align	2
 264              		.p2align 4,,15
 265              		.global	extChannelEnable
 266              		.thumb
 267              		.thumb_func
 268              		.type	extChannelEnable, %function
 269              	extChannelEnable:
 270              	.LFB122:
 271              		.loc 1 137 0
 272              		.cfi_startproc
 273              		@ args = 0, pretend = 0, frame = 8
 274              		@ frame_needed = 0, uses_anonymous_args = 0
 275 0000 00B5     		push	{lr}
 276              		.cfi_def_cfa_offset 4
 277              		.cfi_offset 14, -4
 278 0002 83B0     		sub	sp, sp, #12
 279              		.cfi_def_cfa_offset 16
 280 0004 0190     		str	r0, [sp, #4]
 281 0006 0091     		str	r1, [sp]
 282              		.loc 1 139 0
 283 0008 019B     		ldr	r3, [sp, #4]
 284 000a 002B     		cmp	r3, #0
 285 000c 02D0     		beq	.L15
 286              		.loc 1 139 0 is_stmt 0 discriminator 2
 287 000e 009B     		ldr	r3, [sp]
 288 0010 212B     		cmp	r3, #33
 289 0012 02D9     		bls	.L16
 290              	.L15:
 291              		.loc 1 139 0 discriminator 1
 292 0014 1148     		ldr	r0, .L19
 293 0016 FFF7FEFF 		bl	chDbgPanic
 294              	.L16:
 295              	.LBB6:
 296              		.loc 1 142 0 is_stmt 1
 297 001a 2023     		movs	r3, #32
 298              	@ 142 "/home/dave/r2p-sdk/core/ChibiOS/os/hal/src/ext.c" 1
 299 001c 83F31188 		msr     BASEPRI, r3
 300              	@ 0 "" 2
 301              		.thumb
 302              	.LBE6:
 303 0020 FFF7FEFF 		bl	dbg_check_lock
 304              		.loc 1 143 0
 305 0024 019B     		ldr	r3, [sp, #4]
 306 0026 1B78     		ldrb	r3, [r3]	@ zero_extendqisi2
 307 0028 022B     		cmp	r3, #2
 308 002a 08D1     		bne	.L17
 309              		.loc 1 143 0 is_stmt 0 discriminator 2
 310 002c 019B     		ldr	r3, [sp, #4]
 311 002e 5B68     		ldr	r3, [r3, #4]
 312 0030 009A     		ldr	r2, [sp]
 313 0032 53F83230 		ldr	r3, [r3, r2, lsl #3]
 314 0036 03F00303 		and	r3, r3, #3
 315 003a 002B     		cmp	r3, #0
 316 003c 02D1     		bne	.L18
 317              	.L17:
ARM GAS  /tmp/ccFtWMSA.s 			page 7


 318              		.loc 1 143 0 discriminator 1
 319 003e 0848     		ldr	r0, .L19+4
 320 0040 FFF7FEFF 		bl	chDbgPanic
 321              	.L18:
 322              		.loc 1 147 0 is_stmt 1
 323 0044 0198     		ldr	r0, [sp, #4]
 324 0046 0099     		ldr	r1, [sp]
 325 0048 FFF7FEFF 		bl	ext_lld_channel_enable
 326              		.loc 1 148 0
 327 004c FFF7FEFF 		bl	dbg_check_unlock
 328              	.LBB7:
 329 0050 0023     		movs	r3, #0
 330              	@ 148 "/home/dave/r2p-sdk/core/ChibiOS/os/hal/src/ext.c" 1
 331 0052 83F31188 		msr     BASEPRI, r3
 332              	@ 0 "" 2
 333              		.thumb
 334              	.LBE7:
 335              		.loc 1 149 0
 336 0056 03B0     		add	sp, sp, #12
 337              		@ sp needed
 338 0058 5DF804FB 		ldr	pc, [sp], #4
 339              	.L20:
 340              		.align	2
 341              	.L19:
 342 005c 3C000000 		.word	.LC4
 343 0060 54000000 		.word	.LC5
 344              		.cfi_endproc
 345              	.LFE122:
 346              		.size	extChannelEnable, .-extChannelEnable
 347 0064 AFF30080 		.section	.rodata
 347      AFF30080 
 347      AFF30080 
 348 006b 00       		.align	2
 349              	.LC6:
 350 006c 22657874 		.ascii	"\"extChannelDisable\"()\000"
 350      4368616E 
 350      6E656C44 
 350      69736162 
 350      6C652228 
 351 0082 0000     		.align	2
 352              	.LC7:
 353 0084 65787443 		.ascii	"extChannelDisable(), #1\000"
 353      68616E6E 
 353      656C4469 
 353      7361626C 
 353      6528292C 
 354              		.section	.text.extChannelDisable,"ax",%progbits
 355              		.align	2
 356              		.p2align 4,,15
 357              		.global	extChannelDisable
 358              		.thumb
 359              		.thumb_func
 360              		.type	extChannelDisable, %function
 361              	extChannelDisable:
 362              	.LFB123:
 363              		.loc 1 160 0
 364              		.cfi_startproc
ARM GAS  /tmp/ccFtWMSA.s 			page 8


 365              		@ args = 0, pretend = 0, frame = 8
 366              		@ frame_needed = 0, uses_anonymous_args = 0
 367 0000 00B5     		push	{lr}
 368              		.cfi_def_cfa_offset 4
 369              		.cfi_offset 14, -4
 370 0002 83B0     		sub	sp, sp, #12
 371              		.cfi_def_cfa_offset 16
 372 0004 0190     		str	r0, [sp, #4]
 373 0006 0091     		str	r1, [sp]
 374              		.loc 1 162 0
 375 0008 019B     		ldr	r3, [sp, #4]
 376 000a 002B     		cmp	r3, #0
 377 000c 02D0     		beq	.L22
 378              		.loc 1 162 0 is_stmt 0 discriminator 2
 379 000e 009B     		ldr	r3, [sp]
 380 0010 212B     		cmp	r3, #33
 381 0012 02D9     		bls	.L23
 382              	.L22:
 383              		.loc 1 162 0 discriminator 1
 384 0014 1148     		ldr	r0, .L26
 385 0016 FFF7FEFF 		bl	chDbgPanic
 386              	.L23:
 387              	.LBB8:
 388              		.loc 1 165 0 is_stmt 1
 389 001a 2023     		movs	r3, #32
 390              	@ 165 "/home/dave/r2p-sdk/core/ChibiOS/os/hal/src/ext.c" 1
 391 001c 83F31188 		msr     BASEPRI, r3
 392              	@ 0 "" 2
 393              		.thumb
 394              	.LBE8:
 395 0020 FFF7FEFF 		bl	dbg_check_lock
 396              		.loc 1 166 0
 397 0024 019B     		ldr	r3, [sp, #4]
 398 0026 1B78     		ldrb	r3, [r3]	@ zero_extendqisi2
 399 0028 022B     		cmp	r3, #2
 400 002a 08D1     		bne	.L24
 401              		.loc 1 166 0 is_stmt 0 discriminator 2
 402 002c 019B     		ldr	r3, [sp, #4]
 403 002e 5B68     		ldr	r3, [r3, #4]
 404 0030 009A     		ldr	r2, [sp]
 405 0032 53F83230 		ldr	r3, [r3, r2, lsl #3]
 406 0036 03F00303 		and	r3, r3, #3
 407 003a 002B     		cmp	r3, #0
 408 003c 02D1     		bne	.L25
 409              	.L24:
 410              		.loc 1 166 0 discriminator 1
 411 003e 0848     		ldr	r0, .L26+4
 412 0040 FFF7FEFF 		bl	chDbgPanic
 413              	.L25:
 414              		.loc 1 170 0 is_stmt 1
 415 0044 0198     		ldr	r0, [sp, #4]
 416 0046 0099     		ldr	r1, [sp]
 417 0048 FFF7FEFF 		bl	ext_lld_channel_disable
 418              		.loc 1 171 0
 419 004c FFF7FEFF 		bl	dbg_check_unlock
 420              	.LBB9:
 421 0050 0023     		movs	r3, #0
ARM GAS  /tmp/ccFtWMSA.s 			page 9


 422              	@ 171 "/home/dave/r2p-sdk/core/ChibiOS/os/hal/src/ext.c" 1
 423 0052 83F31188 		msr     BASEPRI, r3
 424              	@ 0 "" 2
 425              		.thumb
 426              	.LBE9:
 427              		.loc 1 172 0
 428 0056 03B0     		add	sp, sp, #12
 429              		@ sp needed
 430 0058 5DF804FB 		ldr	pc, [sp], #4
 431              	.L27:
 432              		.align	2
 433              	.L26:
 434 005c 6C000000 		.word	.LC6
 435 0060 84000000 		.word	.LC7
 436              		.cfi_endproc
 437              	.LFE123:
 438              		.size	extChannelDisable, .-extChannelDisable
 439 0064 AFF30080 		.section	.rodata
 439      AFF30080 
 439      AFF30080 
 440              		.align	2
 441              	.LC8:
 442 009c 22657874 		.ascii	"\"extSetChannelModeI\"()\000"
 442      53657443 
 442      68616E6E 
 442      656C4D6F 
 442      64654922 
 443 00b3 00       		.align	2
 444              	.LC9:
 445 00b4 65787453 		.ascii	"extSetChannelModeI(), #1\000"
 445      65744368 
 445      616E6E65 
 445      6C4D6F64 
 445      65492829 
 446 00cd 000000   		.section	.text.extSetChannelModeI,"ax",%progbits
 447              		.align	2
 448              		.p2align 4,,15
 449              		.global	extSetChannelModeI
 450              		.thumb
 451              		.thumb_func
 452              		.type	extSetChannelModeI, %function
 453              	extSetChannelModeI:
 454              	.LFB124:
 455              		.loc 1 193 0
 456              		.cfi_startproc
 457              		@ args = 0, pretend = 0, frame = 24
 458              		@ frame_needed = 0, uses_anonymous_args = 0
 459 0000 00B5     		push	{lr}
 460              		.cfi_def_cfa_offset 4
 461              		.cfi_offset 14, -4
 462 0002 87B0     		sub	sp, sp, #28
 463              		.cfi_def_cfa_offset 32
 464 0004 0390     		str	r0, [sp, #12]
 465 0006 0291     		str	r1, [sp, #8]
 466 0008 0192     		str	r2, [sp, #4]
 467              		.loc 1 196 0
 468 000a 039B     		ldr	r3, [sp, #12]
ARM GAS  /tmp/ccFtWMSA.s 			page 10


 469 000c 002B     		cmp	r3, #0
 470 000e 05D0     		beq	.L29
 471              		.loc 1 196 0 is_stmt 0 discriminator 2
 472 0010 029B     		ldr	r3, [sp, #8]
 473 0012 212B     		cmp	r3, #33
 474 0014 02D8     		bhi	.L29
 475              		.loc 1 196 0 discriminator 1
 476 0016 019B     		ldr	r3, [sp, #4]
 477 0018 002B     		cmp	r3, #0
 478 001a 02D1     		bne	.L30
 479              	.L29:
 480 001c 0E48     		ldr	r0, .L32
 481 001e FFF7FEFF 		bl	chDbgPanic
 482              	.L30:
 483              		.loc 1 199 0 is_stmt 1
 484 0022 039B     		ldr	r3, [sp, #12]
 485 0024 1B78     		ldrb	r3, [r3]	@ zero_extendqisi2
 486 0026 022B     		cmp	r3, #2
 487 0028 02D0     		beq	.L31
 488              		.loc 1 199 0 is_stmt 0 discriminator 1
 489 002a 0C48     		ldr	r0, .L32+4
 490 002c FFF7FEFF 		bl	chDbgPanic
 491              	.L31:
 492              		.loc 1 204 0 is_stmt 1
 493 0030 039B     		ldr	r3, [sp, #12]
 494 0032 5A68     		ldr	r2, [r3, #4]
 495 0034 029B     		ldr	r3, [sp, #8]
 496 0036 DB00     		lsls	r3, r3, #3
 497 0038 1344     		add	r3, r3, r2
 498 003a 0593     		str	r3, [sp, #20]
 499              		.loc 1 208 0
 500 003c 059B     		ldr	r3, [sp, #20]
 501 003e 019A     		ldr	r2, [sp, #4]
 502 0040 92E80300 		ldmia	r2, {r0, r1}
 503 0044 83E80300 		stmia	r3, {r0, r1}
 504              		.loc 1 209 0
 505 0048 0398     		ldr	r0, [sp, #12]
 506 004a 0299     		ldr	r1, [sp, #8]
 507 004c FFF7FEFF 		bl	ext_lld_channel_enable
 508              		.loc 1 210 0
 509 0050 07B0     		add	sp, sp, #28
 510              		@ sp needed
 511 0052 5DF804FB 		ldr	pc, [sp], #4
 512              	.L33:
 513 0056 00BF     		.align	2
 514              	.L32:
 515 0058 9C000000 		.word	.LC8
 516 005c B4000000 		.word	.LC9
 517              		.cfi_endproc
 518              	.LFE124:
 519              		.size	extSetChannelModeI, .-extSetChannelModeI
 520              		.text
 521              	.Letext0:
 522              		.file 2 "/usr/include/newlib/machine/_default_types.h"
 523              		.file 3 "/usr/include/newlib/stdint.h"
 524              		.file 4 "/home/dave/r2p-sdk/core/ChibiOS/os/hal/include/ext.h"
 525              		.file 5 "/home/dave/r2p-sdk/core/ChibiOS/os/hal/platforms/STM32/ext_lld.h"
ARM GAS  /tmp/ccFtWMSA.s 			page 11


 526              		.file 6 "/home/dave/r2p-sdk/core/ChibiOS/os/ports/common/ARMCMx/CMSIS/include/core_cm4.h"
 527              		.section	.debug_info,"",%progbits
 528              	.Ldebug_info0:
 529 0000 BB030000 		.4byte	0x3bb
 530 0004 0400     		.2byte	0x4
 531 0006 00000000 		.4byte	.Ldebug_abbrev0
 532 000a 04       		.byte	0x4
 533 000b 01       		.uleb128 0x1
 534 000c BC010000 		.4byte	.LASF39
 535 0010 01       		.byte	0x1
 536 0011 2A010000 		.4byte	.LASF40
 537 0015 00000000 		.4byte	.Ldebug_ranges0+0
 538 0019 00000000 		.4byte	0
 539 001d 00000000 		.4byte	.Ldebug_line0
 540 0021 02       		.uleb128 0x2
 541 0022 04       		.byte	0x4
 542 0023 05       		.byte	0x5
 543 0024 696E7400 		.ascii	"int\000"
 544 0028 03       		.uleb128 0x3
 545 0029 04       		.byte	0x4
 546 002a 07       		.byte	0x7
 547 002b 05010000 		.4byte	.LASF0
 548 002f 03       		.uleb128 0x3
 549 0030 01       		.byte	0x1
 550 0031 06       		.byte	0x6
 551 0032 CB020000 		.4byte	.LASF1
 552 0036 03       		.uleb128 0x3
 553 0037 01       		.byte	0x1
 554 0038 08       		.byte	0x8
 555 0039 98000000 		.4byte	.LASF2
 556 003d 03       		.uleb128 0x3
 557 003e 02       		.byte	0x2
 558 003f 05       		.byte	0x5
 559 0040 B2010000 		.4byte	.LASF3
 560 0044 03       		.uleb128 0x3
 561 0045 02       		.byte	0x2
 562 0046 07       		.byte	0x7
 563 0047 BE000000 		.4byte	.LASF4
 564 004b 04       		.uleb128 0x4
 565 004c 3F000000 		.4byte	.LASF6
 566 0050 02       		.byte	0x2
 567 0051 3F       		.byte	0x3f
 568 0052 56000000 		.4byte	0x56
 569 0056 03       		.uleb128 0x3
 570 0057 04       		.byte	0x4
 571 0058 05       		.byte	0x5
 572 0059 C2020000 		.4byte	.LASF5
 573 005d 04       		.uleb128 0x4
 574 005e EF000000 		.4byte	.LASF7
 575 0062 02       		.byte	0x2
 576 0063 41       		.byte	0x41
 577 0064 68000000 		.4byte	0x68
 578 0068 03       		.uleb128 0x3
 579 0069 04       		.byte	0x4
 580 006a 07       		.byte	0x7
 581 006b AC000000 		.4byte	.LASF8
 582 006f 03       		.uleb128 0x3
ARM GAS  /tmp/ccFtWMSA.s 			page 12


 583 0070 08       		.byte	0x8
 584 0071 05       		.byte	0x5
 585 0072 8A010000 		.4byte	.LASF9
 586 0076 03       		.uleb128 0x3
 587 0077 08       		.byte	0x8
 588 0078 07       		.byte	0x7
 589 0079 81000000 		.4byte	.LASF10
 590 007d 04       		.uleb128 0x4
 591 007e 74010000 		.4byte	.LASF11
 592 0082 03       		.byte	0x3
 593 0083 41       		.byte	0x41
 594 0084 4B000000 		.4byte	0x4b
 595 0088 04       		.uleb128 0x4
 596 0089 B9020000 		.4byte	.LASF12
 597 008d 03       		.byte	0x3
 598 008e 42       		.byte	0x42
 599 008f 5D000000 		.4byte	0x5d
 600 0093 03       		.uleb128 0x3
 601 0094 01       		.byte	0x1
 602 0095 02       		.byte	0x2
 603 0096 D7020000 		.4byte	.LASF13
 604 009a 03       		.uleb128 0x3
 605 009b 04       		.byte	0x4
 606 009c 07       		.byte	0x7
 607 009d 7C010000 		.4byte	.LASF14
 608 00a1 03       		.uleb128 0x3
 609 00a2 01       		.byte	0x1
 610 00a3 08       		.byte	0x8
 611 00a4 17010000 		.4byte	.LASF15
 612 00a8 05       		.uleb128 0x5
 613 00a9 7D000000 		.4byte	0x7d
 614 00ad 06       		.uleb128 0x6
 615 00ae 01       		.byte	0x1
 616 00af 04       		.byte	0x4
 617 00b0 4A       		.byte	0x4a
 618 00b1 C8000000 		.4byte	0xc8
 619 00b5 07       		.uleb128 0x7
 620 00b6 34000000 		.4byte	.LASF16
 621 00ba 00       		.sleb128 0
 622 00bb 07       		.uleb128 0x7
 623 00bc DD020000 		.4byte	.LASF17
 624 00c0 01       		.sleb128 1
 625 00c1 07       		.uleb128 0x7
 626 00c2 FA000000 		.4byte	.LASF18
 627 00c6 02       		.sleb128 2
 628 00c7 00       		.byte	0
 629 00c8 04       		.uleb128 0x4
 630 00c9 18000000 		.4byte	.LASF19
 631 00cd 04       		.byte	0x4
 632 00ce 4E       		.byte	0x4e
 633 00cf AD000000 		.4byte	0xad
 634 00d3 04       		.uleb128 0x4
 635 00d4 00000000 		.4byte	.LASF20
 636 00d8 04       		.byte	0x4
 637 00d9 53       		.byte	0x53
 638 00da DE000000 		.4byte	0xde
 639 00de 08       		.uleb128 0x8
ARM GAS  /tmp/ccFtWMSA.s 			page 13


 640 00df 00000000 		.4byte	.LASF20
 641 00e3 08       		.byte	0x8
 642 00e4 05       		.byte	0x5
 643 00e5 71       		.byte	0x71
 644 00e6 03010000 		.4byte	0x103
 645 00ea 09       		.uleb128 0x9
 646 00eb 12000000 		.4byte	.LASF21
 647 00ef 05       		.byte	0x5
 648 00f0 75       		.byte	0x75
 649 00f1 C8000000 		.4byte	0xc8
 650 00f5 00       		.byte	0
 651 00f6 09       		.uleb128 0x9
 652 00f7 DE000000 		.4byte	.LASF22
 653 00fb 05       		.byte	0x5
 654 00fc 79       		.byte	0x79
 655 00fd 91010000 		.4byte	0x191
 656 0101 04       		.byte	0x4
 657 0102 00       		.byte	0
 658 0103 04       		.uleb128 0x4
 659 0104 59000000 		.4byte	.LASF23
 660 0108 05       		.byte	0x5
 661 0109 47       		.byte	0x47
 662 010a 88000000 		.4byte	0x88
 663 010e 04       		.uleb128 0x4
 664 010f 1C010000 		.4byte	.LASF24
 665 0113 05       		.byte	0x5
 666 0114 4F       		.byte	0x4f
 667 0115 19010000 		.4byte	0x119
 668 0119 0A       		.uleb128 0xa
 669 011a 04       		.byte	0x4
 670 011b 1F010000 		.4byte	0x11f
 671 011f 0B       		.uleb128 0xb
 672 0120 2F010000 		.4byte	0x12f
 673 0124 0C       		.uleb128 0xc
 674 0125 2F010000 		.4byte	0x12f
 675 0129 0C       		.uleb128 0xc
 676 012a 03010000 		.4byte	0x103
 677 012e 00       		.byte	0
 678 012f 0A       		.uleb128 0xa
 679 0130 04       		.byte	0x4
 680 0131 D3000000 		.4byte	0xd3
 681 0135 0D       		.uleb128 0xd
 682 0136 08       		.byte	0x8
 683 0137 05       		.byte	0x5
 684 0138 54       		.byte	0x54
 685 0139 55010000 		.4byte	0x155
 686 013d 09       		.uleb128 0x9
 687 013e 85010000 		.4byte	.LASF25
 688 0142 05       		.byte	0x5
 689 0143 58       		.byte	0x58
 690 0144 88000000 		.4byte	0x88
 691 0148 00       		.byte	0
 692 0149 0E       		.uleb128 0xe
 693 014a 636200   		.ascii	"cb\000"
 694 014d 05       		.byte	0x5
 695 014e 5F       		.byte	0x5f
 696 014f 0E010000 		.4byte	0x10e
ARM GAS  /tmp/ccFtWMSA.s 			page 14


 697 0153 04       		.byte	0x4
 698 0154 00       		.byte	0
 699 0155 04       		.uleb128 0x4
 700 0156 23000000 		.4byte	.LASF26
 701 015a 05       		.byte	0x5
 702 015b 60       		.byte	0x60
 703 015c 35010000 		.4byte	0x135
 704 0160 0F       		.uleb128 0xf
 705 0161 1001     		.2byte	0x110
 706 0163 05       		.byte	0x5
 707 0164 66       		.byte	0x66
 708 0165 76010000 		.4byte	0x176
 709 0169 09       		.uleb128 0x9
 710 016a 98010000 		.4byte	.LASF27
 711 016e 05       		.byte	0x5
 712 016f 6A       		.byte	0x6a
 713 0170 76010000 		.4byte	0x176
 714 0174 00       		.byte	0
 715 0175 00       		.byte	0
 716 0176 10       		.uleb128 0x10
 717 0177 55010000 		.4byte	0x155
 718 017b 86010000 		.4byte	0x186
 719 017f 11       		.uleb128 0x11
 720 0180 9A000000 		.4byte	0x9a
 721 0184 21       		.byte	0x21
 722 0185 00       		.byte	0
 723 0186 04       		.uleb128 0x4
 724 0187 E5000000 		.4byte	.LASF28
 725 018b 05       		.byte	0x5
 726 018c 6C       		.byte	0x6c
 727 018d 60010000 		.4byte	0x160
 728 0191 0A       		.uleb128 0xa
 729 0192 04       		.byte	0x4
 730 0193 97010000 		.4byte	0x197
 731 0197 12       		.uleb128 0x12
 732 0198 86010000 		.4byte	0x186
 733 019c 13       		.uleb128 0x13
 734 019d 51000000 		.4byte	.LASF41
 735 01a1 01       		.byte	0x1
 736 01a2 44       		.byte	0x44
 737 01a3 00000000 		.4byte	.LFB118
 738 01a7 08000000 		.4byte	.LFE118-.LFB118
 739 01ab 01       		.uleb128 0x1
 740 01ac 9C       		.byte	0x9c
 741 01ad 14       		.uleb128 0x14
 742 01ae AB020000 		.4byte	.LASF29
 743 01b2 01       		.byte	0x1
 744 01b3 50       		.byte	0x50
 745 01b4 00000000 		.4byte	.LFB119
 746 01b8 14000000 		.4byte	.LFE119-.LFB119
 747 01bc 01       		.uleb128 0x1
 748 01bd 9C       		.byte	0x9c
 749 01be D1010000 		.4byte	0x1d1
 750 01c2 15       		.uleb128 0x15
 751 01c3 12010000 		.4byte	.LASF31
 752 01c7 01       		.byte	0x1
 753 01c8 50       		.byte	0x50
ARM GAS  /tmp/ccFtWMSA.s 			page 15


 754 01c9 2F010000 		.4byte	0x12f
 755 01cd 02       		.uleb128 0x2
 756 01ce 91       		.byte	0x91
 757 01cf 7C       		.sleb128 -4
 758 01d0 00       		.byte	0
 759 01d1 16       		.uleb128 0x16
 760 01d2 66000000 		.4byte	.LASF30
 761 01d6 01       		.byte	0x1
 762 01d7 60       		.byte	0x60
 763 01d8 00000000 		.4byte	.LFB120
 764 01dc 64000000 		.4byte	.LFE120-.LFB120
 765 01e0 01       		.uleb128 0x1
 766 01e1 9C       		.byte	0x9c
 767 01e2 35020000 		.4byte	0x235
 768 01e6 15       		.uleb128 0x15
 769 01e7 12010000 		.4byte	.LASF31
 770 01eb 01       		.byte	0x1
 771 01ec 60       		.byte	0x60
 772 01ed 2F010000 		.4byte	0x12f
 773 01f1 02       		.uleb128 0x2
 774 01f2 91       		.byte	0x91
 775 01f3 74       		.sleb128 -12
 776 01f4 15       		.uleb128 0x15
 777 01f5 DE000000 		.4byte	.LASF22
 778 01f9 01       		.byte	0x1
 779 01fa 60       		.byte	0x60
 780 01fb 91010000 		.4byte	0x191
 781 01ff 02       		.uleb128 0x2
 782 0200 91       		.byte	0x91
 783 0201 70       		.sleb128 -16
 784 0202 17       		.uleb128 0x17
 785 0203 1A000000 		.4byte	.LBB2
 786 0207 06000000 		.4byte	.LBE2-.LBB2
 787 020b 1D020000 		.4byte	0x21d
 788 020f 18       		.uleb128 0x18
 789 0210 746D7000 		.ascii	"tmp\000"
 790 0214 01       		.byte	0x1
 791 0215 64       		.byte	0x64
 792 0216 88000000 		.4byte	0x88
 793 021a 01       		.uleb128 0x1
 794 021b 53       		.byte	0x53
 795 021c 00       		.byte	0
 796 021d 19       		.uleb128 0x19
 797 021e 50000000 		.4byte	.LBB3
 798 0222 06000000 		.4byte	.LBE3-.LBB3
 799 0226 18       		.uleb128 0x18
 800 0227 746D7000 		.ascii	"tmp\000"
 801 022b 01       		.byte	0x1
 802 022c 6A       		.byte	0x6a
 803 022d 88000000 		.4byte	0x88
 804 0231 01       		.uleb128 0x1
 805 0232 53       		.byte	0x53
 806 0233 00       		.byte	0
 807 0234 00       		.byte	0
 808 0235 16       		.uleb128 0x16
 809 0236 49000000 		.4byte	.LASF32
 810 023a 01       		.byte	0x1
ARM GAS  /tmp/ccFtWMSA.s 			page 16


 811 023b 74       		.byte	0x74
 812 023c 00000000 		.4byte	.LFB121
 813 0240 58000000 		.4byte	.LFE121-.LFB121
 814 0244 01       		.uleb128 0x1
 815 0245 9C       		.byte	0x9c
 816 0246 8B020000 		.4byte	0x28b
 817 024a 15       		.uleb128 0x15
 818 024b 12010000 		.4byte	.LASF31
 819 024f 01       		.byte	0x1
 820 0250 74       		.byte	0x74
 821 0251 2F010000 		.4byte	0x12f
 822 0255 02       		.uleb128 0x2
 823 0256 91       		.byte	0x91
 824 0257 74       		.sleb128 -12
 825 0258 17       		.uleb128 0x17
 826 0259 12000000 		.4byte	.LBB4
 827 025d 06000000 		.4byte	.LBE4-.LBB4
 828 0261 73020000 		.4byte	0x273
 829 0265 18       		.uleb128 0x18
 830 0266 746D7000 		.ascii	"tmp\000"
 831 026a 01       		.byte	0x1
 832 026b 78       		.byte	0x78
 833 026c 88000000 		.4byte	0x88
 834 0270 01       		.uleb128 0x1
 835 0271 53       		.byte	0x53
 836 0272 00       		.byte	0
 837 0273 19       		.uleb128 0x19
 838 0274 42000000 		.4byte	.LBB5
 839 0278 06000000 		.4byte	.LBE5-.LBB5
 840 027c 18       		.uleb128 0x18
 841 027d 746D7000 		.ascii	"tmp\000"
 842 0281 01       		.byte	0x1
 843 0282 7D       		.byte	0x7d
 844 0283 88000000 		.4byte	0x88
 845 0287 01       		.uleb128 0x1
 846 0288 53       		.byte	0x53
 847 0289 00       		.byte	0
 848 028a 00       		.byte	0
 849 028b 16       		.uleb128 0x16
 850 028c A1010000 		.4byte	.LASF33
 851 0290 01       		.byte	0x1
 852 0291 89       		.byte	0x89
 853 0292 00000000 		.4byte	.LFB122
 854 0296 64000000 		.4byte	.LFE122-.LFB122
 855 029a 01       		.uleb128 0x1
 856 029b 9C       		.byte	0x9c
 857 029c EF020000 		.4byte	0x2ef
 858 02a0 15       		.uleb128 0x15
 859 02a1 12010000 		.4byte	.LASF31
 860 02a5 01       		.byte	0x1
 861 02a6 89       		.byte	0x89
 862 02a7 2F010000 		.4byte	0x12f
 863 02ab 02       		.uleb128 0x2
 864 02ac 91       		.byte	0x91
 865 02ad 74       		.sleb128 -12
 866 02ae 15       		.uleb128 0x15
 867 02af 0A000000 		.4byte	.LASF34
ARM GAS  /tmp/ccFtWMSA.s 			page 17


 868 02b3 01       		.byte	0x1
 869 02b4 89       		.byte	0x89
 870 02b5 03010000 		.4byte	0x103
 871 02b9 02       		.uleb128 0x2
 872 02ba 91       		.byte	0x91
 873 02bb 70       		.sleb128 -16
 874 02bc 17       		.uleb128 0x17
 875 02bd 1A000000 		.4byte	.LBB6
 876 02c1 06000000 		.4byte	.LBE6-.LBB6
 877 02c5 D7020000 		.4byte	0x2d7
 878 02c9 18       		.uleb128 0x18
 879 02ca 746D7000 		.ascii	"tmp\000"
 880 02ce 01       		.byte	0x1
 881 02cf 8E       		.byte	0x8e
 882 02d0 88000000 		.4byte	0x88
 883 02d4 01       		.uleb128 0x1
 884 02d5 53       		.byte	0x53
 885 02d6 00       		.byte	0
 886 02d7 19       		.uleb128 0x19
 887 02d8 50000000 		.4byte	.LBB7
 888 02dc 06000000 		.4byte	.LBE7-.LBB7
 889 02e0 18       		.uleb128 0x18
 890 02e1 746D7000 		.ascii	"tmp\000"
 891 02e5 01       		.byte	0x1
 892 02e6 94       		.byte	0x94
 893 02e7 88000000 		.4byte	0x88
 894 02eb 01       		.uleb128 0x1
 895 02ec 53       		.byte	0x53
 896 02ed 00       		.byte	0
 897 02ee 00       		.byte	0
 898 02ef 16       		.uleb128 0x16
 899 02f0 6F000000 		.4byte	.LASF35
 900 02f4 01       		.byte	0x1
 901 02f5 A0       		.byte	0xa0
 902 02f6 00000000 		.4byte	.LFB123
 903 02fa 64000000 		.4byte	.LFE123-.LFB123
 904 02fe 01       		.uleb128 0x1
 905 02ff 9C       		.byte	0x9c
 906 0300 53030000 		.4byte	0x353
 907 0304 15       		.uleb128 0x15
 908 0305 12010000 		.4byte	.LASF31
 909 0309 01       		.byte	0x1
 910 030a A0       		.byte	0xa0
 911 030b 2F010000 		.4byte	0x12f
 912 030f 02       		.uleb128 0x2
 913 0310 91       		.byte	0x91
 914 0311 74       		.sleb128 -12
 915 0312 15       		.uleb128 0x15
 916 0313 0A000000 		.4byte	.LASF34
 917 0317 01       		.byte	0x1
 918 0318 A0       		.byte	0xa0
 919 0319 03010000 		.4byte	0x103
 920 031d 02       		.uleb128 0x2
 921 031e 91       		.byte	0x91
 922 031f 70       		.sleb128 -16
 923 0320 17       		.uleb128 0x17
 924 0321 1A000000 		.4byte	.LBB8
ARM GAS  /tmp/ccFtWMSA.s 			page 18


 925 0325 06000000 		.4byte	.LBE8-.LBB8
 926 0329 3B030000 		.4byte	0x33b
 927 032d 18       		.uleb128 0x18
 928 032e 746D7000 		.ascii	"tmp\000"
 929 0332 01       		.byte	0x1
 930 0333 A5       		.byte	0xa5
 931 0334 88000000 		.4byte	0x88
 932 0338 01       		.uleb128 0x1
 933 0339 53       		.byte	0x53
 934 033a 00       		.byte	0
 935 033b 19       		.uleb128 0x19
 936 033c 50000000 		.4byte	.LBB9
 937 0340 06000000 		.4byte	.LBE9-.LBB9
 938 0344 18       		.uleb128 0x18
 939 0345 746D7000 		.ascii	"tmp\000"
 940 0349 01       		.byte	0x1
 941 034a AB       		.byte	0xab
 942 034b 88000000 		.4byte	0x88
 943 034f 01       		.uleb128 0x1
 944 0350 53       		.byte	0x53
 945 0351 00       		.byte	0
 946 0352 00       		.byte	0
 947 0353 16       		.uleb128 0x16
 948 0354 5B010000 		.4byte	.LASF36
 949 0358 01       		.byte	0x1
 950 0359 BF       		.byte	0xbf
 951 035a 00000000 		.4byte	.LFB124
 952 035e 60000000 		.4byte	.LFE124-.LFB124
 953 0362 01       		.uleb128 0x1
 954 0363 9C       		.byte	0x9c
 955 0364 A1030000 		.4byte	0x3a1
 956 0368 15       		.uleb128 0x15
 957 0369 12010000 		.4byte	.LASF31
 958 036d 01       		.byte	0x1
 959 036e BF       		.byte	0xbf
 960 036f 2F010000 		.4byte	0x12f
 961 0373 02       		.uleb128 0x2
 962 0374 91       		.byte	0x91
 963 0375 6C       		.sleb128 -20
 964 0376 15       		.uleb128 0x15
 965 0377 0A000000 		.4byte	.LASF34
 966 037b 01       		.byte	0x1
 967 037c C0       		.byte	0xc0
 968 037d 03010000 		.4byte	0x103
 969 0381 02       		.uleb128 0x2
 970 0382 91       		.byte	0x91
 971 0383 68       		.sleb128 -24
 972 0384 15       		.uleb128 0x15
 973 0385 A6000000 		.4byte	.LASF37
 974 0389 01       		.byte	0x1
 975 038a C1       		.byte	0xc1
 976 038b A1030000 		.4byte	0x3a1
 977 038f 02       		.uleb128 0x2
 978 0390 91       		.byte	0x91
 979 0391 64       		.sleb128 -28
 980 0392 1A       		.uleb128 0x1a
 981 0393 6E010000 		.4byte	.LASF38
ARM GAS  /tmp/ccFtWMSA.s 			page 19


 982 0397 01       		.byte	0x1
 983 0398 C2       		.byte	0xc2
 984 0399 AC030000 		.4byte	0x3ac
 985 039d 02       		.uleb128 0x2
 986 039e 91       		.byte	0x91
 987 039f 74       		.sleb128 -12
 988 03a0 00       		.byte	0
 989 03a1 0A       		.uleb128 0xa
 990 03a2 04       		.byte	0x4
 991 03a3 A7030000 		.4byte	0x3a7
 992 03a7 12       		.uleb128 0x12
 993 03a8 55010000 		.4byte	0x155
 994 03ac 0A       		.uleb128 0xa
 995 03ad 04       		.byte	0x4
 996 03ae 55010000 		.4byte	0x155
 997 03b2 1B       		.uleb128 0x1b
 998 03b3 D1000000 		.4byte	.LASF42
 999 03b7 06       		.byte	0x6
 1000 03b8 9806     		.2byte	0x698
 1001 03ba A8000000 		.4byte	0xa8
 1002 03be 00       		.byte	0
 1003              		.section	.debug_abbrev,"",%progbits
 1004              	.Ldebug_abbrev0:
 1005 0000 01       		.uleb128 0x1
 1006 0001 11       		.uleb128 0x11
 1007 0002 01       		.byte	0x1
 1008 0003 25       		.uleb128 0x25
 1009 0004 0E       		.uleb128 0xe
 1010 0005 13       		.uleb128 0x13
 1011 0006 0B       		.uleb128 0xb
 1012 0007 03       		.uleb128 0x3
 1013 0008 0E       		.uleb128 0xe
 1014 0009 55       		.uleb128 0x55
 1015 000a 17       		.uleb128 0x17
 1016 000b 11       		.uleb128 0x11
 1017 000c 01       		.uleb128 0x1
 1018 000d 10       		.uleb128 0x10
 1019 000e 17       		.uleb128 0x17
 1020 000f 00       		.byte	0
 1021 0010 00       		.byte	0
 1022 0011 02       		.uleb128 0x2
 1023 0012 24       		.uleb128 0x24
 1024 0013 00       		.byte	0
 1025 0014 0B       		.uleb128 0xb
 1026 0015 0B       		.uleb128 0xb
 1027 0016 3E       		.uleb128 0x3e
 1028 0017 0B       		.uleb128 0xb
 1029 0018 03       		.uleb128 0x3
 1030 0019 08       		.uleb128 0x8
 1031 001a 00       		.byte	0
 1032 001b 00       		.byte	0
 1033 001c 03       		.uleb128 0x3
 1034 001d 24       		.uleb128 0x24
 1035 001e 00       		.byte	0
 1036 001f 0B       		.uleb128 0xb
 1037 0020 0B       		.uleb128 0xb
 1038 0021 3E       		.uleb128 0x3e
ARM GAS  /tmp/ccFtWMSA.s 			page 20


 1039 0022 0B       		.uleb128 0xb
 1040 0023 03       		.uleb128 0x3
 1041 0024 0E       		.uleb128 0xe
 1042 0025 00       		.byte	0
 1043 0026 00       		.byte	0
 1044 0027 04       		.uleb128 0x4
 1045 0028 16       		.uleb128 0x16
 1046 0029 00       		.byte	0
 1047 002a 03       		.uleb128 0x3
 1048 002b 0E       		.uleb128 0xe
 1049 002c 3A       		.uleb128 0x3a
 1050 002d 0B       		.uleb128 0xb
 1051 002e 3B       		.uleb128 0x3b
 1052 002f 0B       		.uleb128 0xb
 1053 0030 49       		.uleb128 0x49
 1054 0031 13       		.uleb128 0x13
 1055 0032 00       		.byte	0
 1056 0033 00       		.byte	0
 1057 0034 05       		.uleb128 0x5
 1058 0035 35       		.uleb128 0x35
 1059 0036 00       		.byte	0
 1060 0037 49       		.uleb128 0x49
 1061 0038 13       		.uleb128 0x13
 1062 0039 00       		.byte	0
 1063 003a 00       		.byte	0
 1064 003b 06       		.uleb128 0x6
 1065 003c 04       		.uleb128 0x4
 1066 003d 01       		.byte	0x1
 1067 003e 0B       		.uleb128 0xb
 1068 003f 0B       		.uleb128 0xb
 1069 0040 3A       		.uleb128 0x3a
 1070 0041 0B       		.uleb128 0xb
 1071 0042 3B       		.uleb128 0x3b
 1072 0043 0B       		.uleb128 0xb
 1073 0044 01       		.uleb128 0x1
 1074 0045 13       		.uleb128 0x13
 1075 0046 00       		.byte	0
 1076 0047 00       		.byte	0
 1077 0048 07       		.uleb128 0x7
 1078 0049 28       		.uleb128 0x28
 1079 004a 00       		.byte	0
 1080 004b 03       		.uleb128 0x3
 1081 004c 0E       		.uleb128 0xe
 1082 004d 1C       		.uleb128 0x1c
 1083 004e 0D       		.uleb128 0xd
 1084 004f 00       		.byte	0
 1085 0050 00       		.byte	0
 1086 0051 08       		.uleb128 0x8
 1087 0052 13       		.uleb128 0x13
 1088 0053 01       		.byte	0x1
 1089 0054 03       		.uleb128 0x3
 1090 0055 0E       		.uleb128 0xe
 1091 0056 0B       		.uleb128 0xb
 1092 0057 0B       		.uleb128 0xb
 1093 0058 3A       		.uleb128 0x3a
 1094 0059 0B       		.uleb128 0xb
 1095 005a 3B       		.uleb128 0x3b
ARM GAS  /tmp/ccFtWMSA.s 			page 21


 1096 005b 0B       		.uleb128 0xb
 1097 005c 01       		.uleb128 0x1
 1098 005d 13       		.uleb128 0x13
 1099 005e 00       		.byte	0
 1100 005f 00       		.byte	0
 1101 0060 09       		.uleb128 0x9
 1102 0061 0D       		.uleb128 0xd
 1103 0062 00       		.byte	0
 1104 0063 03       		.uleb128 0x3
 1105 0064 0E       		.uleb128 0xe
 1106 0065 3A       		.uleb128 0x3a
 1107 0066 0B       		.uleb128 0xb
 1108 0067 3B       		.uleb128 0x3b
 1109 0068 0B       		.uleb128 0xb
 1110 0069 49       		.uleb128 0x49
 1111 006a 13       		.uleb128 0x13
 1112 006b 38       		.uleb128 0x38
 1113 006c 0B       		.uleb128 0xb
 1114 006d 00       		.byte	0
 1115 006e 00       		.byte	0
 1116 006f 0A       		.uleb128 0xa
 1117 0070 0F       		.uleb128 0xf
 1118 0071 00       		.byte	0
 1119 0072 0B       		.uleb128 0xb
 1120 0073 0B       		.uleb128 0xb
 1121 0074 49       		.uleb128 0x49
 1122 0075 13       		.uleb128 0x13
 1123 0076 00       		.byte	0
 1124 0077 00       		.byte	0
 1125 0078 0B       		.uleb128 0xb
 1126 0079 15       		.uleb128 0x15
 1127 007a 01       		.byte	0x1
 1128 007b 27       		.uleb128 0x27
 1129 007c 19       		.uleb128 0x19
 1130 007d 01       		.uleb128 0x1
 1131 007e 13       		.uleb128 0x13
 1132 007f 00       		.byte	0
 1133 0080 00       		.byte	0
 1134 0081 0C       		.uleb128 0xc
 1135 0082 05       		.uleb128 0x5
 1136 0083 00       		.byte	0
 1137 0084 49       		.uleb128 0x49
 1138 0085 13       		.uleb128 0x13
 1139 0086 00       		.byte	0
 1140 0087 00       		.byte	0
 1141 0088 0D       		.uleb128 0xd
 1142 0089 13       		.uleb128 0x13
 1143 008a 01       		.byte	0x1
 1144 008b 0B       		.uleb128 0xb
 1145 008c 0B       		.uleb128 0xb
 1146 008d 3A       		.uleb128 0x3a
 1147 008e 0B       		.uleb128 0xb
 1148 008f 3B       		.uleb128 0x3b
 1149 0090 0B       		.uleb128 0xb
 1150 0091 01       		.uleb128 0x1
 1151 0092 13       		.uleb128 0x13
 1152 0093 00       		.byte	0
ARM GAS  /tmp/ccFtWMSA.s 			page 22


 1153 0094 00       		.byte	0
 1154 0095 0E       		.uleb128 0xe
 1155 0096 0D       		.uleb128 0xd
 1156 0097 00       		.byte	0
 1157 0098 03       		.uleb128 0x3
 1158 0099 08       		.uleb128 0x8
 1159 009a 3A       		.uleb128 0x3a
 1160 009b 0B       		.uleb128 0xb
 1161 009c 3B       		.uleb128 0x3b
 1162 009d 0B       		.uleb128 0xb
 1163 009e 49       		.uleb128 0x49
 1164 009f 13       		.uleb128 0x13
 1165 00a0 38       		.uleb128 0x38
 1166 00a1 0B       		.uleb128 0xb
 1167 00a2 00       		.byte	0
 1168 00a3 00       		.byte	0
 1169 00a4 0F       		.uleb128 0xf
 1170 00a5 13       		.uleb128 0x13
 1171 00a6 01       		.byte	0x1
 1172 00a7 0B       		.uleb128 0xb
 1173 00a8 05       		.uleb128 0x5
 1174 00a9 3A       		.uleb128 0x3a
 1175 00aa 0B       		.uleb128 0xb
 1176 00ab 3B       		.uleb128 0x3b
 1177 00ac 0B       		.uleb128 0xb
 1178 00ad 01       		.uleb128 0x1
 1179 00ae 13       		.uleb128 0x13
 1180 00af 00       		.byte	0
 1181 00b0 00       		.byte	0
 1182 00b1 10       		.uleb128 0x10
 1183 00b2 01       		.uleb128 0x1
 1184 00b3 01       		.byte	0x1
 1185 00b4 49       		.uleb128 0x49
 1186 00b5 13       		.uleb128 0x13
 1187 00b6 01       		.uleb128 0x1
 1188 00b7 13       		.uleb128 0x13
 1189 00b8 00       		.byte	0
 1190 00b9 00       		.byte	0
 1191 00ba 11       		.uleb128 0x11
 1192 00bb 21       		.uleb128 0x21
 1193 00bc 00       		.byte	0
 1194 00bd 49       		.uleb128 0x49
 1195 00be 13       		.uleb128 0x13
 1196 00bf 2F       		.uleb128 0x2f
 1197 00c0 0B       		.uleb128 0xb
 1198 00c1 00       		.byte	0
 1199 00c2 00       		.byte	0
 1200 00c3 12       		.uleb128 0x12
 1201 00c4 26       		.uleb128 0x26
 1202 00c5 00       		.byte	0
 1203 00c6 49       		.uleb128 0x49
 1204 00c7 13       		.uleb128 0x13
 1205 00c8 00       		.byte	0
 1206 00c9 00       		.byte	0
 1207 00ca 13       		.uleb128 0x13
 1208 00cb 2E       		.uleb128 0x2e
 1209 00cc 00       		.byte	0
ARM GAS  /tmp/ccFtWMSA.s 			page 23


 1210 00cd 3F       		.uleb128 0x3f
 1211 00ce 19       		.uleb128 0x19
 1212 00cf 03       		.uleb128 0x3
 1213 00d0 0E       		.uleb128 0xe
 1214 00d1 3A       		.uleb128 0x3a
 1215 00d2 0B       		.uleb128 0xb
 1216 00d3 3B       		.uleb128 0x3b
 1217 00d4 0B       		.uleb128 0xb
 1218 00d5 27       		.uleb128 0x27
 1219 00d6 19       		.uleb128 0x19
 1220 00d7 11       		.uleb128 0x11
 1221 00d8 01       		.uleb128 0x1
 1222 00d9 12       		.uleb128 0x12
 1223 00da 06       		.uleb128 0x6
 1224 00db 40       		.uleb128 0x40
 1225 00dc 18       		.uleb128 0x18
 1226 00dd 9642     		.uleb128 0x2116
 1227 00df 19       		.uleb128 0x19
 1228 00e0 00       		.byte	0
 1229 00e1 00       		.byte	0
 1230 00e2 14       		.uleb128 0x14
 1231 00e3 2E       		.uleb128 0x2e
 1232 00e4 01       		.byte	0x1
 1233 00e5 3F       		.uleb128 0x3f
 1234 00e6 19       		.uleb128 0x19
 1235 00e7 03       		.uleb128 0x3
 1236 00e8 0E       		.uleb128 0xe
 1237 00e9 3A       		.uleb128 0x3a
 1238 00ea 0B       		.uleb128 0xb
 1239 00eb 3B       		.uleb128 0x3b
 1240 00ec 0B       		.uleb128 0xb
 1241 00ed 27       		.uleb128 0x27
 1242 00ee 19       		.uleb128 0x19
 1243 00ef 11       		.uleb128 0x11
 1244 00f0 01       		.uleb128 0x1
 1245 00f1 12       		.uleb128 0x12
 1246 00f2 06       		.uleb128 0x6
 1247 00f3 40       		.uleb128 0x40
 1248 00f4 18       		.uleb128 0x18
 1249 00f5 9742     		.uleb128 0x2117
 1250 00f7 19       		.uleb128 0x19
 1251 00f8 01       		.uleb128 0x1
 1252 00f9 13       		.uleb128 0x13
 1253 00fa 00       		.byte	0
 1254 00fb 00       		.byte	0
 1255 00fc 15       		.uleb128 0x15
 1256 00fd 05       		.uleb128 0x5
 1257 00fe 00       		.byte	0
 1258 00ff 03       		.uleb128 0x3
 1259 0100 0E       		.uleb128 0xe
 1260 0101 3A       		.uleb128 0x3a
 1261 0102 0B       		.uleb128 0xb
 1262 0103 3B       		.uleb128 0x3b
 1263 0104 0B       		.uleb128 0xb
 1264 0105 49       		.uleb128 0x49
 1265 0106 13       		.uleb128 0x13
 1266 0107 02       		.uleb128 0x2
ARM GAS  /tmp/ccFtWMSA.s 			page 24


 1267 0108 18       		.uleb128 0x18
 1268 0109 00       		.byte	0
 1269 010a 00       		.byte	0
 1270 010b 16       		.uleb128 0x16
 1271 010c 2E       		.uleb128 0x2e
 1272 010d 01       		.byte	0x1
 1273 010e 3F       		.uleb128 0x3f
 1274 010f 19       		.uleb128 0x19
 1275 0110 03       		.uleb128 0x3
 1276 0111 0E       		.uleb128 0xe
 1277 0112 3A       		.uleb128 0x3a
 1278 0113 0B       		.uleb128 0xb
 1279 0114 3B       		.uleb128 0x3b
 1280 0115 0B       		.uleb128 0xb
 1281 0116 27       		.uleb128 0x27
 1282 0117 19       		.uleb128 0x19
 1283 0118 11       		.uleb128 0x11
 1284 0119 01       		.uleb128 0x1
 1285 011a 12       		.uleb128 0x12
 1286 011b 06       		.uleb128 0x6
 1287 011c 40       		.uleb128 0x40
 1288 011d 18       		.uleb128 0x18
 1289 011e 9642     		.uleb128 0x2116
 1290 0120 19       		.uleb128 0x19
 1291 0121 01       		.uleb128 0x1
 1292 0122 13       		.uleb128 0x13
 1293 0123 00       		.byte	0
 1294 0124 00       		.byte	0
 1295 0125 17       		.uleb128 0x17
 1296 0126 0B       		.uleb128 0xb
 1297 0127 01       		.byte	0x1
 1298 0128 11       		.uleb128 0x11
 1299 0129 01       		.uleb128 0x1
 1300 012a 12       		.uleb128 0x12
 1301 012b 06       		.uleb128 0x6
 1302 012c 01       		.uleb128 0x1
 1303 012d 13       		.uleb128 0x13
 1304 012e 00       		.byte	0
 1305 012f 00       		.byte	0
 1306 0130 18       		.uleb128 0x18
 1307 0131 34       		.uleb128 0x34
 1308 0132 00       		.byte	0
 1309 0133 03       		.uleb128 0x3
 1310 0134 08       		.uleb128 0x8
 1311 0135 3A       		.uleb128 0x3a
 1312 0136 0B       		.uleb128 0xb
 1313 0137 3B       		.uleb128 0x3b
 1314 0138 0B       		.uleb128 0xb
 1315 0139 49       		.uleb128 0x49
 1316 013a 13       		.uleb128 0x13
 1317 013b 02       		.uleb128 0x2
 1318 013c 18       		.uleb128 0x18
 1319 013d 00       		.byte	0
 1320 013e 00       		.byte	0
 1321 013f 19       		.uleb128 0x19
 1322 0140 0B       		.uleb128 0xb
 1323 0141 01       		.byte	0x1
ARM GAS  /tmp/ccFtWMSA.s 			page 25


 1324 0142 11       		.uleb128 0x11
 1325 0143 01       		.uleb128 0x1
 1326 0144 12       		.uleb128 0x12
 1327 0145 06       		.uleb128 0x6
 1328 0146 00       		.byte	0
 1329 0147 00       		.byte	0
 1330 0148 1A       		.uleb128 0x1a
 1331 0149 34       		.uleb128 0x34
 1332 014a 00       		.byte	0
 1333 014b 03       		.uleb128 0x3
 1334 014c 0E       		.uleb128 0xe
 1335 014d 3A       		.uleb128 0x3a
 1336 014e 0B       		.uleb128 0xb
 1337 014f 3B       		.uleb128 0x3b
 1338 0150 0B       		.uleb128 0xb
 1339 0151 49       		.uleb128 0x49
 1340 0152 13       		.uleb128 0x13
 1341 0153 02       		.uleb128 0x2
 1342 0154 18       		.uleb128 0x18
 1343 0155 00       		.byte	0
 1344 0156 00       		.byte	0
 1345 0157 1B       		.uleb128 0x1b
 1346 0158 34       		.uleb128 0x34
 1347 0159 00       		.byte	0
 1348 015a 03       		.uleb128 0x3
 1349 015b 0E       		.uleb128 0xe
 1350 015c 3A       		.uleb128 0x3a
 1351 015d 0B       		.uleb128 0xb
 1352 015e 3B       		.uleb128 0x3b
 1353 015f 05       		.uleb128 0x5
 1354 0160 49       		.uleb128 0x49
 1355 0161 13       		.uleb128 0x13
 1356 0162 3F       		.uleb128 0x3f
 1357 0163 19       		.uleb128 0x19
 1358 0164 3C       		.uleb128 0x3c
 1359 0165 19       		.uleb128 0x19
 1360 0166 00       		.byte	0
 1361 0167 00       		.byte	0
 1362 0168 00       		.byte	0
 1363              		.section	.debug_aranges,"",%progbits
 1364 0000 4C000000 		.4byte	0x4c
 1365 0004 0200     		.2byte	0x2
 1366 0006 00000000 		.4byte	.Ldebug_info0
 1367 000a 04       		.byte	0x4
 1368 000b 00       		.byte	0
 1369 000c 0000     		.2byte	0
 1370 000e 0000     		.2byte	0
 1371 0010 00000000 		.4byte	.LFB118
 1372 0014 08000000 		.4byte	.LFE118-.LFB118
 1373 0018 00000000 		.4byte	.LFB119
 1374 001c 14000000 		.4byte	.LFE119-.LFB119
 1375 0020 00000000 		.4byte	.LFB120
 1376 0024 64000000 		.4byte	.LFE120-.LFB120
 1377 0028 00000000 		.4byte	.LFB121
 1378 002c 58000000 		.4byte	.LFE121-.LFB121
 1379 0030 00000000 		.4byte	.LFB122
 1380 0034 64000000 		.4byte	.LFE122-.LFB122
ARM GAS  /tmp/ccFtWMSA.s 			page 26


 1381 0038 00000000 		.4byte	.LFB123
 1382 003c 64000000 		.4byte	.LFE123-.LFB123
 1383 0040 00000000 		.4byte	.LFB124
 1384 0044 60000000 		.4byte	.LFE124-.LFB124
 1385 0048 00000000 		.4byte	0
 1386 004c 00000000 		.4byte	0
 1387              		.section	.debug_ranges,"",%progbits
 1388              	.Ldebug_ranges0:
 1389 0000 00000000 		.4byte	.LFB118
 1390 0004 08000000 		.4byte	.LFE118
 1391 0008 00000000 		.4byte	.LFB119
 1392 000c 14000000 		.4byte	.LFE119
 1393 0010 00000000 		.4byte	.LFB120
 1394 0014 64000000 		.4byte	.LFE120
 1395 0018 00000000 		.4byte	.LFB121
 1396 001c 58000000 		.4byte	.LFE121
 1397 0020 00000000 		.4byte	.LFB122
 1398 0024 64000000 		.4byte	.LFE122
 1399 0028 00000000 		.4byte	.LFB123
 1400 002c 64000000 		.4byte	.LFE123
 1401 0030 00000000 		.4byte	.LFB124
 1402 0034 60000000 		.4byte	.LFE124
 1403 0038 00000000 		.4byte	0
 1404 003c 00000000 		.4byte	0
 1405              		.section	.debug_line,"",%progbits
 1406              	.Ldebug_line0:
 1407 0000 66020000 		.section	.debug_str,"MS",%progbits,1
 1407      02006601 
 1407      00000201 
 1407      FB0E0D00 
 1407      01010101 
 1408              	.LASF20:
 1409 0000 45585444 		.ascii	"EXTDriver\000"
 1409      72697665 
 1409      7200
 1410              	.LASF34:
 1411 000a 6368616E 		.ascii	"channel\000"
 1411      6E656C00 
 1412              	.LASF21:
 1413 0012 73746174 		.ascii	"state\000"
 1413      6500
 1414              	.LASF19:
 1415 0018 65787473 		.ascii	"extstate_t\000"
 1415      74617465 
 1415      5F7400
 1416              	.LASF26:
 1417 0023 45585443 		.ascii	"EXTChannelConfig\000"
 1417      68616E6E 
 1417      656C436F 
 1417      6E666967 
 1417      00
 1418              	.LASF16:
 1419 0034 4558545F 		.ascii	"EXT_UNINIT\000"
 1419      554E494E 
 1419      495400
 1420              	.LASF6:
 1421 003f 5F5F696E 		.ascii	"__int32_t\000"
ARM GAS  /tmp/ccFtWMSA.s 			page 27


 1421      7433325F 
 1421      7400
 1422              	.LASF32:
 1423 0049 65787453 		.ascii	"extStop\000"
 1423      746F7000 
 1424              	.LASF41:
 1425 0051 65787449 		.ascii	"extInit\000"
 1425      6E697400 
 1426              	.LASF23:
 1427 0059 65787063 		.ascii	"expchannel_t\000"
 1427      68616E6E 
 1427      656C5F74 
 1427      00
 1428              	.LASF30:
 1429 0066 65787453 		.ascii	"extStart\000"
 1429      74617274 
 1429      00
 1430              	.LASF35:
 1431 006f 65787443 		.ascii	"extChannelDisable\000"
 1431      68616E6E 
 1431      656C4469 
 1431      7361626C 
 1431      6500
 1432              	.LASF10:
 1433 0081 6C6F6E67 		.ascii	"long long unsigned int\000"
 1433      206C6F6E 
 1433      6720756E 
 1433      7369676E 
 1433      65642069 
 1434              	.LASF2:
 1435 0098 756E7369 		.ascii	"unsigned char\000"
 1435      676E6564 
 1435      20636861 
 1435      7200
 1436              	.LASF37:
 1437 00a6 65787463 		.ascii	"extcp\000"
 1437      7000
 1438              	.LASF8:
 1439 00ac 6C6F6E67 		.ascii	"long unsigned int\000"
 1439      20756E73 
 1439      69676E65 
 1439      6420696E 
 1439      7400
 1440              	.LASF4:
 1441 00be 73686F72 		.ascii	"short unsigned int\000"
 1441      7420756E 
 1441      7369676E 
 1441      65642069 
 1441      6E7400
 1442              	.LASF42:
 1443 00d1 49544D5F 		.ascii	"ITM_RxBuffer\000"
 1443      52784275 
 1443      66666572 
 1443      00
 1444              	.LASF22:
 1445 00de 636F6E66 		.ascii	"config\000"
 1445      696700
ARM GAS  /tmp/ccFtWMSA.s 			page 28


 1446              	.LASF28:
 1447 00e5 45585443 		.ascii	"EXTConfig\000"
 1447      6F6E6669 
 1447      6700
 1448              	.LASF7:
 1449 00ef 5F5F7569 		.ascii	"__uint32_t\000"
 1449      6E743332 
 1449      5F7400
 1450              	.LASF18:
 1451 00fa 4558545F 		.ascii	"EXT_ACTIVE\000"
 1451      41435449 
 1451      564500
 1452              	.LASF0:
 1453 0105 756E7369 		.ascii	"unsigned int\000"
 1453      676E6564 
 1453      20696E74 
 1453      00
 1454              	.LASF31:
 1455 0112 65787470 		.ascii	"extp\000"
 1455      00
 1456              	.LASF15:
 1457 0117 63686172 		.ascii	"char\000"
 1457      00
 1458              	.LASF24:
 1459 011c 65787463 		.ascii	"extcallback_t\000"
 1459      616C6C62 
 1459      61636B5F 
 1459      7400
 1460              	.LASF40:
 1461 012a 2F686F6D 		.ascii	"/home/dave/r2p-sdk/core/ChibiOS/os/hal/src/ext.c\000"
 1461      652F6461 
 1461      76652F72 
 1461      32702D73 
 1461      646B2F63 
 1462              	.LASF36:
 1463 015b 65787453 		.ascii	"extSetChannelModeI\000"
 1463      65744368 
 1463      616E6E65 
 1463      6C4D6F64 
 1463      654900
 1464              	.LASF38:
 1465 016e 6F6C6463 		.ascii	"oldcp\000"
 1465      7000
 1466              	.LASF11:
 1467 0174 696E7433 		.ascii	"int32_t\000"
 1467      325F7400 
 1468              	.LASF14:
 1469 017c 73697A65 		.ascii	"sizetype\000"
 1469      74797065 
 1469      00
 1470              	.LASF25:
 1471 0185 6D6F6465 		.ascii	"mode\000"
 1471      00
 1472              	.LASF9:
 1473 018a 6C6F6E67 		.ascii	"long long int\000"
 1473      206C6F6E 
 1473      6720696E 
ARM GAS  /tmp/ccFtWMSA.s 			page 29


 1473      7400
 1474              	.LASF27:
 1475 0198 6368616E 		.ascii	"channels\000"
 1475      6E656C73 
 1475      00
 1476              	.LASF33:
 1477 01a1 65787443 		.ascii	"extChannelEnable\000"
 1477      68616E6E 
 1477      656C456E 
 1477      61626C65 
 1477      00
 1478              	.LASF3:
 1479 01b2 73686F72 		.ascii	"short int\000"
 1479      7420696E 
 1479      7400
 1480              	.LASF39:
 1481 01bc 474E5520 		.ascii	"GNU C 4.8.4 20141219 (release) -mcpu=cortex-m4 -mfl"
 1481      4320342E 
 1481      382E3420 
 1481      32303134 
 1481      31323139 
 1482 01ef 6F61742D 		.ascii	"oat-abi=hard -mfpu=fpv4-sp-d16 -mno-thumb-interwork"
 1482      6162693D 
 1482      68617264 
 1482      202D6D66 
 1482      70753D66 
 1483 0222 202D6D74 		.ascii	" -mthumb -ggdb -O0 -fomit-frame-pointer -falign-fun"
 1483      68756D62 
 1483      202D6767 
 1483      6462202D 
 1483      4F30202D 
 1484 0255 6374696F 		.ascii	"ctions=16 -ffunction-sections -fdata-sections -fno-"
 1484      6E733D31 
 1484      36202D66 
 1484      66756E63 
 1484      74696F6E 
 1485 0288 636F6D6D 		.ascii	"common -fsingle-precision-constant\000"
 1485      6F6E202D 
 1485      6673696E 
 1485      676C652D 
 1485      70726563 
 1486              	.LASF29:
 1487 02ab 6578744F 		.ascii	"extObjectInit\000"
 1487      626A6563 
 1487      74496E69 
 1487      7400
 1488              	.LASF12:
 1489 02b9 75696E74 		.ascii	"uint32_t\000"
 1489      33325F74 
 1489      00
 1490              	.LASF5:
 1491 02c2 6C6F6E67 		.ascii	"long int\000"
 1491      20696E74 
 1491      00
 1492              	.LASF1:
 1493 02cb 7369676E 		.ascii	"signed char\000"
 1493      65642063 
ARM GAS  /tmp/ccFtWMSA.s 			page 30


 1493      68617200 
 1494              	.LASF13:
 1495 02d7 5F426F6F 		.ascii	"_Bool\000"
 1495      6C00
 1496              	.LASF17:
 1497 02dd 4558545F 		.ascii	"EXT_STOP\000"
 1497      53544F50 
 1497      00
 1498              		.ident	"GCC: (4.8.4-1+11-1) 4.8.4 20141219 (release)"
ARM GAS  /tmp/ccFtWMSA.s 			page 31


DEFINED SYMBOLS
                            *ABS*:0000000000000000 ext.c
     /tmp/ccFtWMSA.s:21     .text.extInit:0000000000000000 $t
     /tmp/ccFtWMSA.s:27     .text.extInit:0000000000000000 extInit
     /tmp/ccFtWMSA.s:46     .text.extObjectInit:0000000000000000 $t
     /tmp/ccFtWMSA.s:52     .text.extObjectInit:0000000000000000 extObjectInit
     /tmp/ccFtWMSA.s:78     .rodata:0000000000000000 $d
     /tmp/ccFtWMSA.s:85     .text.extStart:0000000000000000 $t
     /tmp/ccFtWMSA.s:91     .text.extStart:0000000000000000 extStart
     /tmp/ccFtWMSA.s:166    .text.extStart:000000000000005c $d
     /tmp/ccFtWMSA.s:179    .text.extStop:0000000000000000 $t
     /tmp/ccFtWMSA.s:185    .text.extStop:0000000000000000 extStop
     /tmp/ccFtWMSA.s:250    .text.extStop:0000000000000050 $d
     /tmp/ccFtWMSA.s:263    .text.extChannelEnable:0000000000000000 $t
     /tmp/ccFtWMSA.s:269    .text.extChannelEnable:0000000000000000 extChannelEnable
     /tmp/ccFtWMSA.s:342    .text.extChannelEnable:000000000000005c $d
     /tmp/ccFtWMSA.s:355    .text.extChannelDisable:0000000000000000 $t
     /tmp/ccFtWMSA.s:361    .text.extChannelDisable:0000000000000000 extChannelDisable
     /tmp/ccFtWMSA.s:434    .text.extChannelDisable:000000000000005c $d
     /tmp/ccFtWMSA.s:447    .text.extSetChannelModeI:0000000000000000 $t
     /tmp/ccFtWMSA.s:453    .text.extSetChannelModeI:0000000000000000 extSetChannelModeI
     /tmp/ccFtWMSA.s:515    .text.extSetChannelModeI:0000000000000058 $d
                     .debug_frame:0000000000000010 $d
     /tmp/ccFtWMSA.s:171    .text.extStart:0000000000000064 $t
     /tmp/ccFtWMSA.s:255    .text.extStop:0000000000000058 $t
     /tmp/ccFtWMSA.s:347    .text.extChannelEnable:0000000000000064 $t
     /tmp/ccFtWMSA.s:439    .text.extChannelDisable:0000000000000064 $t

UNDEFINED SYMBOLS
ext_lld_init
chDbgPanic
dbg_check_lock
ext_lld_start
dbg_check_unlock
ext_lld_stop
ext_lld_channel_enable
ext_lld_channel_disable
