ARM GAS  /tmp/ccVm9ZyL.s 			page 1


   1              		.syntax unified
   2              		.cpu cortex-m4
   3              		.eabi_attribute 27, 3
   4              		.eabi_attribute 28, 1
   5              		.fpu fpv4-sp-d16
   6              		.eabi_attribute 20, 1
   7              		.eabi_attribute 21, 1
   8              		.eabi_attribute 23, 3
   9              		.eabi_attribute 24, 1
  10              		.eabi_attribute 25, 1
  11              		.eabi_attribute 26, 1
  12              		.eabi_attribute 30, 6
  13              		.eabi_attribute 34, 1
  14              		.eabi_attribute 18, 4
  15              		.thumb
  16              		.file	"ext_lld.c"
  17              		.text
  18              	.Ltext0:
  19              		.cfi_sections	.debug_frame
  20              		.global	EXTD1
  21              		.section	.bss.EXTD1,"aw",%nobits
  22              		.align	2
  23              		.type	EXTD1, %object
  24              		.size	EXTD1, 8
  25              	EXTD1:
  26 0000 00000000 		.space	8
  26      00000000 
  27              		.section	.text.ext_lld_init,"ax",%progbits
  28              		.align	2
  29              		.p2align 4,,15
  30              		.global	ext_lld_init
  31              		.thumb
  32              		.thumb_func
  33              		.type	ext_lld_init, %function
  34              	ext_lld_init:
  35              	.LFB118:
  36              		.file 1 "/home/dave/r2p-sdk/core/ChibiOS/os/hal/platforms/STM32/ext_lld.c"
  37              		.loc 1 66 0
  38              		.cfi_startproc
  39              		@ args = 0, pretend = 0, frame = 0
  40              		@ frame_needed = 0, uses_anonymous_args = 0
  41 0000 08B5     		push	{r3, lr}
  42              		.cfi_def_cfa_offset 8
  43              		.cfi_offset 3, -8
  44              		.cfi_offset 14, -4
  45              		.loc 1 69 0
  46 0002 0248     		ldr	r0, .L2
  47 0004 FFF7FEFF 		bl	extObjectInit
  48              		.loc 1 70 0
  49 0008 08BD     		pop	{r3, pc}
  50              	.L3:
  51 000a 00BF     		.align	2
  52              	.L2:
  53 000c 00000000 		.word	EXTD1
  54              		.cfi_endproc
  55              	.LFE118:
  56              		.size	ext_lld_init, .-ext_lld_init
ARM GAS  /tmp/ccVm9ZyL.s 			page 2


  57              		.section	.text.ext_lld_start,"ax",%progbits
  58              		.align	2
  59              		.p2align 4,,15
  60              		.global	ext_lld_start
  61              		.thumb
  62              		.thumb_func
  63              		.type	ext_lld_start, %function
  64              	ext_lld_start:
  65              	.LFB119:
  66              		.loc 1 79 0
  67              		.cfi_startproc
  68              		@ args = 0, pretend = 0, frame = 16
  69              		@ frame_needed = 0, uses_anonymous_args = 0
  70 0000 00B5     		push	{lr}
  71              		.cfi_def_cfa_offset 4
  72              		.cfi_offset 14, -4
  73 0002 85B0     		sub	sp, sp, #20
  74              		.cfi_def_cfa_offset 24
  75 0004 0190     		str	r0, [sp, #4]
  76              		.loc 1 82 0
  77 0006 019B     		ldr	r3, [sp, #4]
  78 0008 1B78     		ldrb	r3, [r3]	@ zero_extendqisi2
  79 000a 012B     		cmp	r3, #1
  80 000c 01D1     		bne	.L5
  81              		.loc 1 83 0
  82 000e FFF7FEFF 		bl	ext_lld_exti_irq_enable
  83              	.L5:
  84              		.loc 1 86 0
  85 0012 0023     		movs	r3, #0
  86 0014 0393     		str	r3, [sp, #12]
  87 0016 14E0     		b	.L6
  88              	.L9:
  89              		.loc 1 87 0
  90 0018 019B     		ldr	r3, [sp, #4]
  91 001a 5B68     		ldr	r3, [r3, #4]
  92 001c 039A     		ldr	r2, [sp, #12]
  93 001e 53F83230 		ldr	r3, [r3, r2, lsl #3]
  94 0022 03F00403 		and	r3, r3, #4
  95 0026 002B     		cmp	r3, #0
  96 0028 04D0     		beq	.L7
  97              		.loc 1 88 0
  98 002a 0198     		ldr	r0, [sp, #4]
  99 002c 0399     		ldr	r1, [sp, #12]
 100 002e FFF7FEFF 		bl	ext_lld_channel_enable
 101 0032 03E0     		b	.L8
 102              	.L7:
 103              		.loc 1 90 0
 104 0034 0198     		ldr	r0, [sp, #4]
 105 0036 0399     		ldr	r1, [sp, #12]
 106 0038 FFF7FEFF 		bl	ext_lld_channel_disable
 107              	.L8:
 108              		.loc 1 86 0
 109 003c 039B     		ldr	r3, [sp, #12]
 110 003e 0133     		adds	r3, r3, #1
 111 0040 0393     		str	r3, [sp, #12]
 112              	.L6:
 113              		.loc 1 86 0 is_stmt 0 discriminator 1
ARM GAS  /tmp/ccVm9ZyL.s 			page 3


 114 0042 039B     		ldr	r3, [sp, #12]
 115 0044 212B     		cmp	r3, #33
 116 0046 E7D9     		bls	.L9
 117              		.loc 1 91 0 is_stmt 1
 118 0048 05B0     		add	sp, sp, #20
 119              		@ sp needed
 120 004a 5DF804FB 		ldr	pc, [sp], #4
 121              		.cfi_endproc
 122              	.LFE119:
 123              		.size	ext_lld_start, .-ext_lld_start
 124 004e 00BF     		.section	.text.ext_lld_stop,"ax",%progbits
 125              		.align	2
 126              		.p2align 4,,15
 127              		.global	ext_lld_stop
 128              		.thumb
 129              		.thumb_func
 130              		.type	ext_lld_stop, %function
 131              	ext_lld_stop:
 132              	.LFB120:
 133              		.loc 1 100 0
 134              		.cfi_startproc
 135              		@ args = 0, pretend = 0, frame = 8
 136              		@ frame_needed = 0, uses_anonymous_args = 0
 137 0000 00B5     		push	{lr}
 138              		.cfi_def_cfa_offset 4
 139              		.cfi_offset 14, -4
 140 0002 83B0     		sub	sp, sp, #12
 141              		.cfi_def_cfa_offset 16
 142 0004 0190     		str	r0, [sp, #4]
 143              		.loc 1 102 0
 144 0006 019B     		ldr	r3, [sp, #4]
 145 0008 1B78     		ldrb	r3, [r3]	@ zero_extendqisi2
 146 000a 022B     		cmp	r3, #2
 147 000c 01D1     		bne	.L11
 148              		.loc 1 103 0
 149 000e FFF7FEFF 		bl	ext_lld_exti_irq_disable
 150              	.L11:
 151              		.loc 1 105 0
 152 0012 084B     		ldr	r3, .L12
 153 0014 0022     		movs	r2, #0
 154 0016 5A60     		str	r2, [r3, #4]
 155              		.loc 1 106 0
 156 0018 064B     		ldr	r3, .L12
 157 001a 0022     		movs	r2, #0
 158 001c 1A60     		str	r2, [r3]
 159              		.loc 1 107 0
 160 001e 054B     		ldr	r3, .L12
 161 0020 4FF0FF32 		mov	r2, #-1
 162 0024 5A61     		str	r2, [r3, #20]
 163              		.loc 1 109 0
 164 0026 034B     		ldr	r3, .L12
 165 0028 4FF0FF32 		mov	r2, #-1
 166 002c 5A63     		str	r2, [r3, #52]
 167              		.loc 1 111 0
 168 002e 03B0     		add	sp, sp, #12
 169              		@ sp needed
 170 0030 5DF804FB 		ldr	pc, [sp], #4
ARM GAS  /tmp/ccVm9ZyL.s 			page 4


 171              	.L13:
 172              		.align	2
 173              	.L12:
 174 0034 00040140 		.word	1073808384
 175              		.cfi_endproc
 176              	.LFE120:
 177              		.size	ext_lld_stop, .-ext_lld_stop
 178 0038 AFF30080 		.section	.text.ext_lld_channel_enable,"ax",%progbits
 178      AFF30080 
 179              		.align	2
 180              		.p2align 4,,15
 181              		.global	ext_lld_channel_enable
 182              		.thumb
 183              		.thumb_func
 184              		.type	ext_lld_channel_enable, %function
 185              	ext_lld_channel_enable:
 186              	.LFB121:
 187              		.loc 1 121 0
 188              		.cfi_startproc
 189              		@ args = 0, pretend = 0, frame = 24
 190              		@ frame_needed = 0, uses_anonymous_args = 0
 191              		@ link register save eliminated.
 192 0000 86B0     		sub	sp, sp, #24
 193              		.cfi_def_cfa_offset 24
 194 0002 0190     		str	r0, [sp, #4]
 195 0004 0091     		str	r1, [sp]
 196              		.loc 1 124 0
 197 0006 009B     		ldr	r3, [sp]
 198 0008 0F2B     		cmp	r3, #15
 199 000a 28D8     		bhi	.L15
 200              	.LBB2:
 201              		.loc 1 125 0
 202 000c 009B     		ldr	r3, [sp]
 203 000e 9B08     		lsrs	r3, r3, #2
 204 0010 0593     		str	r3, [sp, #20]
 205              		.loc 1 126 0
 206 0012 009B     		ldr	r3, [sp]
 207 0014 03F00303 		and	r3, r3, #3
 208 0018 9B00     		lsls	r3, r3, #2
 209 001a 0F22     		movs	r2, #15
 210 001c 02FA03F3 		lsl	r3, r2, r3
 211 0020 DB43     		mvns	r3, r3
 212 0022 0493     		str	r3, [sp, #16]
 213              		.loc 1 127 0
 214 0024 019B     		ldr	r3, [sp, #4]
 215 0026 5B68     		ldr	r3, [r3, #4]
 216 0028 009A     		ldr	r2, [sp]
 217 002a 53F83230 		ldr	r3, [r3, r2, lsl #3]
 218 002e 03F0F003 		and	r3, r3, #240
 219              		.loc 1 128 0
 220 0032 1A09     		lsrs	r2, r3, #4
 221              		.loc 1 129 0
 222 0034 009B     		ldr	r3, [sp]
 223 0036 03F00303 		and	r3, r3, #3
 224 003a 9B00     		lsls	r3, r3, #2
 225              		.loc 1 127 0
 226 003c 02FA03F3 		lsl	r3, r2, r3
ARM GAS  /tmp/ccVm9ZyL.s 			page 5


 227 0040 0393     		str	r3, [sp, #12]
 228              		.loc 1 137 0
 229 0042 7B4B     		ldr	r3, .L29
 230 0044 7A4A     		ldr	r2, .L29
 231 0046 0599     		ldr	r1, [sp, #20]
 232 0048 0231     		adds	r1, r1, #2
 233 004a 52F82110 		ldr	r1, [r2, r1, lsl #2]
 234 004e 049A     		ldr	r2, [sp, #16]
 235 0050 1140     		ands	r1, r1, r2
 236 0052 039A     		ldr	r2, [sp, #12]
 237 0054 1143     		orrs	r1, r1, r2
 238 0056 059A     		ldr	r2, [sp, #20]
 239 0058 0232     		adds	r2, r2, #2
 240 005a 43F82210 		str	r1, [r3, r2, lsl #2]
 241              	.L15:
 242              	.LBE2:
 243              		.loc 1 142 0
 244 005e 009B     		ldr	r3, [sp]
 245 0060 1F2B     		cmp	r3, #31
 246 0062 69D8     		bhi	.L16
 247              		.loc 1 145 0
 248 0064 019B     		ldr	r3, [sp, #4]
 249 0066 5B68     		ldr	r3, [r3, #4]
 250 0068 009A     		ldr	r2, [sp]
 251 006a 53F83230 		ldr	r3, [r3, r2, lsl #3]
 252 006e 03F00103 		and	r3, r3, #1
 253 0072 002B     		cmp	r3, #0
 254 0074 09D0     		beq	.L17
 255              		.loc 1 146 0
 256 0076 6F4B     		ldr	r3, .L29+4
 257 0078 6E4A     		ldr	r2, .L29+4
 258 007a 9168     		ldr	r1, [r2, #8]
 259 007c 009A     		ldr	r2, [sp]
 260 007e 0120     		movs	r0, #1
 261 0080 00FA02F2 		lsl	r2, r0, r2
 262 0084 0A43     		orrs	r2, r2, r1
 263 0086 9A60     		str	r2, [r3, #8]
 264 0088 09E0     		b	.L18
 265              	.L17:
 266              		.loc 1 148 0
 267 008a 6A4B     		ldr	r3, .L29+4
 268 008c 694A     		ldr	r2, .L29+4
 269 008e 9168     		ldr	r1, [r2, #8]
 270 0090 009A     		ldr	r2, [sp]
 271 0092 0120     		movs	r0, #1
 272 0094 00FA02F2 		lsl	r2, r0, r2
 273 0098 D243     		mvns	r2, r2
 274 009a 0A40     		ands	r2, r2, r1
 275 009c 9A60     		str	r2, [r3, #8]
 276              	.L18:
 277              		.loc 1 149 0
 278 009e 019B     		ldr	r3, [sp, #4]
 279 00a0 5B68     		ldr	r3, [r3, #4]
 280 00a2 009A     		ldr	r2, [sp]
 281 00a4 53F83230 		ldr	r3, [r3, r2, lsl #3]
 282 00a8 03F00203 		and	r3, r3, #2
 283 00ac 002B     		cmp	r3, #0
ARM GAS  /tmp/ccVm9ZyL.s 			page 6


 284 00ae 09D0     		beq	.L19
 285              		.loc 1 150 0
 286 00b0 604B     		ldr	r3, .L29+4
 287 00b2 604A     		ldr	r2, .L29+4
 288 00b4 D168     		ldr	r1, [r2, #12]
 289 00b6 009A     		ldr	r2, [sp]
 290 00b8 0120     		movs	r0, #1
 291 00ba 00FA02F2 		lsl	r2, r0, r2
 292 00be 0A43     		orrs	r2, r2, r1
 293 00c0 DA60     		str	r2, [r3, #12]
 294 00c2 09E0     		b	.L20
 295              	.L19:
 296              		.loc 1 152 0
 297 00c4 5B4B     		ldr	r3, .L29+4
 298 00c6 5B4A     		ldr	r2, .L29+4
 299 00c8 D168     		ldr	r1, [r2, #12]
 300 00ca 009A     		ldr	r2, [sp]
 301 00cc 0120     		movs	r0, #1
 302 00ce 00FA02F2 		lsl	r2, r0, r2
 303 00d2 D243     		mvns	r2, r2
 304 00d4 0A40     		ands	r2, r2, r1
 305 00d6 DA60     		str	r2, [r3, #12]
 306              	.L20:
 307              		.loc 1 155 0
 308 00d8 019B     		ldr	r3, [sp, #4]
 309 00da 5A68     		ldr	r2, [r3, #4]
 310 00dc 009B     		ldr	r3, [sp]
 311 00de DB00     		lsls	r3, r3, #3
 312 00e0 1344     		add	r3, r3, r2
 313 00e2 5B68     		ldr	r3, [r3, #4]
 314 00e4 002B     		cmp	r3, #0
 315 00e6 13D0     		beq	.L21
 316              		.loc 1 156 0
 317 00e8 524B     		ldr	r3, .L29+4
 318 00ea 524A     		ldr	r2, .L29+4
 319 00ec 1168     		ldr	r1, [r2]
 320 00ee 009A     		ldr	r2, [sp]
 321 00f0 0120     		movs	r0, #1
 322 00f2 00FA02F2 		lsl	r2, r0, r2
 323 00f6 0A43     		orrs	r2, r2, r1
 324 00f8 1A60     		str	r2, [r3]
 325              		.loc 1 157 0
 326 00fa 4E4B     		ldr	r3, .L29+4
 327 00fc 4D4A     		ldr	r2, .L29+4
 328 00fe 5168     		ldr	r1, [r2, #4]
 329 0100 009A     		ldr	r2, [sp]
 330 0102 0120     		movs	r0, #1
 331 0104 00FA02F2 		lsl	r2, r0, r2
 332 0108 D243     		mvns	r2, r2
 333 010a 0A40     		ands	r2, r2, r1
 334 010c 5A60     		str	r2, [r3, #4]
 335 010e 8CE0     		b	.L14
 336              	.L21:
 337              		.loc 1 160 0
 338 0110 484B     		ldr	r3, .L29+4
 339 0112 484A     		ldr	r2, .L29+4
 340 0114 5168     		ldr	r1, [r2, #4]
ARM GAS  /tmp/ccVm9ZyL.s 			page 7


 341 0116 009A     		ldr	r2, [sp]
 342 0118 0120     		movs	r0, #1
 343 011a 00FA02F2 		lsl	r2, r0, r2
 344 011e 0A43     		orrs	r2, r2, r1
 345 0120 5A60     		str	r2, [r3, #4]
 346              		.loc 1 161 0
 347 0122 444B     		ldr	r3, .L29+4
 348 0124 434A     		ldr	r2, .L29+4
 349 0126 1168     		ldr	r1, [r2]
 350 0128 009A     		ldr	r2, [sp]
 351 012a 0120     		movs	r0, #1
 352 012c 00FA02F2 		lsl	r2, r0, r2
 353 0130 D243     		mvns	r2, r2
 354 0132 0A40     		ands	r2, r2, r1
 355 0134 1A60     		str	r2, [r3]
 356 0136 78E0     		b	.L14
 357              	.L16:
 358              		.loc 1 167 0
 359 0138 019B     		ldr	r3, [sp, #4]
 360 013a 5B68     		ldr	r3, [r3, #4]
 361 013c 009A     		ldr	r2, [sp]
 362 013e 53F83230 		ldr	r3, [r3, r2, lsl #3]
 363 0142 03F00103 		and	r3, r3, #1
 364 0146 002B     		cmp	r3, #0
 365 0148 0BD0     		beq	.L24
 366              		.loc 1 168 0
 367 014a 3A4B     		ldr	r3, .L29+4
 368 014c 394A     		ldr	r2, .L29+4
 369 014e 916A     		ldr	r1, [r2, #40]
 370 0150 009A     		ldr	r2, [sp]
 371 0152 C2F12002 		rsb	r2, r2, #32
 372 0156 0120     		movs	r0, #1
 373 0158 00FA02F2 		lsl	r2, r0, r2
 374 015c 0A43     		orrs	r2, r2, r1
 375 015e 9A62     		str	r2, [r3, #40]
 376 0160 0BE0     		b	.L25
 377              	.L24:
 378              		.loc 1 170 0
 379 0162 344B     		ldr	r3, .L29+4
 380 0164 334A     		ldr	r2, .L29+4
 381 0166 916A     		ldr	r1, [r2, #40]
 382 0168 009A     		ldr	r2, [sp]
 383 016a C2F12002 		rsb	r2, r2, #32
 384 016e 0120     		movs	r0, #1
 385 0170 00FA02F2 		lsl	r2, r0, r2
 386 0174 D243     		mvns	r2, r2
 387 0176 0A40     		ands	r2, r2, r1
 388 0178 9A62     		str	r2, [r3, #40]
 389              	.L25:
 390              		.loc 1 171 0
 391 017a 019B     		ldr	r3, [sp, #4]
 392 017c 5B68     		ldr	r3, [r3, #4]
 393 017e 009A     		ldr	r2, [sp]
 394 0180 53F83230 		ldr	r3, [r3, r2, lsl #3]
 395 0184 03F00203 		and	r3, r3, #2
 396 0188 002B     		cmp	r3, #0
 397 018a 0BD0     		beq	.L26
ARM GAS  /tmp/ccVm9ZyL.s 			page 8


 398              		.loc 1 172 0
 399 018c 294B     		ldr	r3, .L29+4
 400 018e 294A     		ldr	r2, .L29+4
 401 0190 D16A     		ldr	r1, [r2, #44]
 402 0192 009A     		ldr	r2, [sp]
 403 0194 C2F12002 		rsb	r2, r2, #32
 404 0198 0120     		movs	r0, #1
 405 019a 00FA02F2 		lsl	r2, r0, r2
 406 019e 0A43     		orrs	r2, r2, r1
 407 01a0 DA62     		str	r2, [r3, #44]
 408 01a2 0BE0     		b	.L27
 409              	.L26:
 410              		.loc 1 174 0
 411 01a4 234B     		ldr	r3, .L29+4
 412 01a6 234A     		ldr	r2, .L29+4
 413 01a8 D16A     		ldr	r1, [r2, #44]
 414 01aa 009A     		ldr	r2, [sp]
 415 01ac C2F12002 		rsb	r2, r2, #32
 416 01b0 0120     		movs	r0, #1
 417 01b2 00FA02F2 		lsl	r2, r0, r2
 418 01b6 D243     		mvns	r2, r2
 419 01b8 0A40     		ands	r2, r2, r1
 420 01ba DA62     		str	r2, [r3, #44]
 421              	.L27:
 422              		.loc 1 177 0
 423 01bc 019B     		ldr	r3, [sp, #4]
 424 01be 5A68     		ldr	r2, [r3, #4]
 425 01c0 009B     		ldr	r3, [sp]
 426 01c2 DB00     		lsls	r3, r3, #3
 427 01c4 1344     		add	r3, r3, r2
 428 01c6 5B68     		ldr	r3, [r3, #4]
 429 01c8 002B     		cmp	r3, #0
 430 01ca 17D0     		beq	.L28
 431              		.loc 1 178 0
 432 01cc 194B     		ldr	r3, .L29+4
 433 01ce 194A     		ldr	r2, .L29+4
 434 01d0 116A     		ldr	r1, [r2, #32]
 435 01d2 009A     		ldr	r2, [sp]
 436 01d4 C2F12002 		rsb	r2, r2, #32
 437 01d8 0120     		movs	r0, #1
 438 01da 00FA02F2 		lsl	r2, r0, r2
 439 01de 0A43     		orrs	r2, r2, r1
 440 01e0 1A62     		str	r2, [r3, #32]
 441              		.loc 1 179 0
 442 01e2 144B     		ldr	r3, .L29+4
 443 01e4 134A     		ldr	r2, .L29+4
 444 01e6 516A     		ldr	r1, [r2, #36]
 445 01e8 009A     		ldr	r2, [sp]
 446 01ea C2F12002 		rsb	r2, r2, #32
 447 01ee 0120     		movs	r0, #1
 448 01f0 00FA02F2 		lsl	r2, r0, r2
 449 01f4 D243     		mvns	r2, r2
 450 01f6 0A40     		ands	r2, r2, r1
 451 01f8 5A62     		str	r2, [r3, #36]
 452 01fa 16E0     		b	.L14
 453              	.L28:
 454              		.loc 1 182 0
ARM GAS  /tmp/ccVm9ZyL.s 			page 9


 455 01fc 0D4B     		ldr	r3, .L29+4
 456 01fe 0D4A     		ldr	r2, .L29+4
 457 0200 516A     		ldr	r1, [r2, #36]
 458 0202 009A     		ldr	r2, [sp]
 459 0204 C2F12002 		rsb	r2, r2, #32
 460 0208 0120     		movs	r0, #1
 461 020a 00FA02F2 		lsl	r2, r0, r2
 462 020e 0A43     		orrs	r2, r2, r1
 463 0210 5A62     		str	r2, [r3, #36]
 464              		.loc 1 183 0
 465 0212 084B     		ldr	r3, .L29+4
 466 0214 074A     		ldr	r2, .L29+4
 467 0216 116A     		ldr	r1, [r2, #32]
 468 0218 009A     		ldr	r2, [sp]
 469 021a C2F12002 		rsb	r2, r2, #32
 470 021e 0120     		movs	r0, #1
 471 0220 00FA02F2 		lsl	r2, r0, r2
 472 0224 D243     		mvns	r2, r2
 473 0226 0A40     		ands	r2, r2, r1
 474 0228 1A62     		str	r2, [r3, #32]
 475              	.L14:
 476              		.loc 1 187 0
 477 022a 06B0     		add	sp, sp, #24
 478              		@ sp needed
 479 022c 7047     		bx	lr
 480              	.L30:
 481 022e 00BF     		.align	2
 482              	.L29:
 483 0230 00000140 		.word	1073807360
 484 0234 00040140 		.word	1073808384
 485              		.cfi_endproc
 486              	.LFE121:
 487              		.size	ext_lld_channel_enable, .-ext_lld_channel_enable
 488 0238 AFF30080 		.section	.text.ext_lld_channel_disable,"ax",%progbits
 488      AFF30080 
 489              		.align	2
 490              		.p2align 4,,15
 491              		.global	ext_lld_channel_disable
 492              		.thumb
 493              		.thumb_func
 494              		.type	ext_lld_channel_disable, %function
 495              	ext_lld_channel_disable:
 496              	.LFB122:
 497              		.loc 1 197 0
 498              		.cfi_startproc
 499              		@ args = 0, pretend = 0, frame = 8
 500              		@ frame_needed = 0, uses_anonymous_args = 0
 501              		@ link register save eliminated.
 502 0000 82B0     		sub	sp, sp, #8
 503              		.cfi_def_cfa_offset 8
 504 0002 0190     		str	r0, [sp, #4]
 505 0004 0091     		str	r1, [sp]
 506              		.loc 1 202 0
 507 0006 009B     		ldr	r3, [sp]
 508 0008 1F2B     		cmp	r3, #31
 509 000a 2ED8     		bhi	.L32
 510              		.loc 1 204 0
ARM GAS  /tmp/ccVm9ZyL.s 			page 10


 511 000c 344B     		ldr	r3, .L34
 512 000e 344A     		ldr	r2, .L34
 513 0010 1168     		ldr	r1, [r2]
 514 0012 009A     		ldr	r2, [sp]
 515 0014 0120     		movs	r0, #1
 516 0016 00FA02F2 		lsl	r2, r0, r2
 517 001a D243     		mvns	r2, r2
 518 001c 0A40     		ands	r2, r2, r1
 519 001e 1A60     		str	r2, [r3]
 520              		.loc 1 205 0
 521 0020 2F4B     		ldr	r3, .L34
 522 0022 2F4A     		ldr	r2, .L34
 523 0024 5168     		ldr	r1, [r2, #4]
 524 0026 009A     		ldr	r2, [sp]
 525 0028 0120     		movs	r0, #1
 526 002a 00FA02F2 		lsl	r2, r0, r2
 527 002e D243     		mvns	r2, r2
 528 0030 0A40     		ands	r2, r2, r1
 529 0032 5A60     		str	r2, [r3, #4]
 530              		.loc 1 206 0
 531 0034 2A4B     		ldr	r3, .L34
 532 0036 2A4A     		ldr	r2, .L34
 533 0038 9168     		ldr	r1, [r2, #8]
 534 003a 009A     		ldr	r2, [sp]
 535 003c 0120     		movs	r0, #1
 536 003e 00FA02F2 		lsl	r2, r0, r2
 537 0042 D243     		mvns	r2, r2
 538 0044 0A40     		ands	r2, r2, r1
 539 0046 9A60     		str	r2, [r3, #8]
 540              		.loc 1 207 0
 541 0048 254B     		ldr	r3, .L34
 542 004a 254A     		ldr	r2, .L34
 543 004c D168     		ldr	r1, [r2, #12]
 544 004e 009A     		ldr	r2, [sp]
 545 0050 0120     		movs	r0, #1
 546 0052 00FA02F2 		lsl	r2, r0, r2
 547 0056 D243     		mvns	r2, r2
 548 0058 0A40     		ands	r2, r2, r1
 549 005a DA60     		str	r2, [r3, #12]
 550              		.loc 1 208 0
 551 005c 204B     		ldr	r3, .L34
 552 005e 009A     		ldr	r2, [sp]
 553 0060 0121     		movs	r1, #1
 554 0062 01FA02F2 		lsl	r2, r1, r2
 555 0066 5A61     		str	r2, [r3, #20]
 556 0068 37E0     		b	.L31
 557              	.L32:
 558              		.loc 1 212 0
 559 006a 1D4B     		ldr	r3, .L34
 560 006c 1C4A     		ldr	r2, .L34
 561 006e 116A     		ldr	r1, [r2, #32]
 562 0070 009A     		ldr	r2, [sp]
 563 0072 C2F12002 		rsb	r2, r2, #32
 564 0076 0120     		movs	r0, #1
 565 0078 00FA02F2 		lsl	r2, r0, r2
 566 007c D243     		mvns	r2, r2
 567 007e 0A40     		ands	r2, r2, r1
ARM GAS  /tmp/ccVm9ZyL.s 			page 11


 568 0080 1A62     		str	r2, [r3, #32]
 569              		.loc 1 213 0
 570 0082 174B     		ldr	r3, .L34
 571 0084 164A     		ldr	r2, .L34
 572 0086 516A     		ldr	r1, [r2, #36]
 573 0088 009A     		ldr	r2, [sp]
 574 008a C2F12002 		rsb	r2, r2, #32
 575 008e 0120     		movs	r0, #1
 576 0090 00FA02F2 		lsl	r2, r0, r2
 577 0094 D243     		mvns	r2, r2
 578 0096 0A40     		ands	r2, r2, r1
 579 0098 5A62     		str	r2, [r3, #36]
 580              		.loc 1 214 0
 581 009a 114B     		ldr	r3, .L34
 582 009c 104A     		ldr	r2, .L34
 583 009e 916A     		ldr	r1, [r2, #40]
 584 00a0 009A     		ldr	r2, [sp]
 585 00a2 C2F12002 		rsb	r2, r2, #32
 586 00a6 0120     		movs	r0, #1
 587 00a8 00FA02F2 		lsl	r2, r0, r2
 588 00ac D243     		mvns	r2, r2
 589 00ae 0A40     		ands	r2, r2, r1
 590 00b0 9A62     		str	r2, [r3, #40]
 591              		.loc 1 215 0
 592 00b2 0B4B     		ldr	r3, .L34
 593 00b4 0A4A     		ldr	r2, .L34
 594 00b6 D16A     		ldr	r1, [r2, #44]
 595 00b8 009A     		ldr	r2, [sp]
 596 00ba C2F12002 		rsb	r2, r2, #32
 597 00be 0120     		movs	r0, #1
 598 00c0 00FA02F2 		lsl	r2, r0, r2
 599 00c4 D243     		mvns	r2, r2
 600 00c6 0A40     		ands	r2, r2, r1
 601 00c8 DA62     		str	r2, [r3, #44]
 602              		.loc 1 216 0
 603 00ca 054B     		ldr	r3, .L34
 604 00cc 009A     		ldr	r2, [sp]
 605 00ce C2F12002 		rsb	r2, r2, #32
 606 00d2 0121     		movs	r1, #1
 607 00d4 01FA02F2 		lsl	r2, r1, r2
 608 00d8 5A63     		str	r2, [r3, #52]
 609              	.L31:
 610              		.loc 1 219 0
 611 00da 02B0     		add	sp, sp, #8
 612              		@ sp needed
 613 00dc 7047     		bx	lr
 614              	.L35:
 615 00de 00BF     		.align	2
 616              	.L34:
 617 00e0 00040140 		.word	1073808384
 618              		.cfi_endproc
 619              	.LFE122:
 620              		.size	ext_lld_channel_disable, .-ext_lld_channel_disable
 621 00e4 AFF30080 		.text
 621      AFF30080 
 621      AFF30080 
 622              	.Letext0:
ARM GAS  /tmp/ccVm9ZyL.s 			page 12


 623              		.file 2 "/usr/include/newlib/machine/_default_types.h"
 624              		.file 3 "/usr/include/newlib/stdint.h"
 625              		.file 4 "/home/dave/r2p-sdk/core/ChibiOS/os/hal/platforms/STM32F30x/stm32f30x.h"
 626              		.file 5 "/home/dave/r2p-sdk/core/ChibiOS/os/hal/include/ext.h"
 627              		.file 6 "/home/dave/r2p-sdk/core/ChibiOS/os/hal/platforms/STM32/ext_lld.h"
 628              		.file 7 "/home/dave/r2p-sdk/core/ChibiOS/os/ports/common/ARMCMx/CMSIS/include/core_cm4.h"
 629              		.section	.debug_info,"",%progbits
 630              	.Ldebug_info0:
 631 0000 E0030000 		.4byte	0x3e0
 632 0004 0400     		.2byte	0x4
 633 0006 00000000 		.4byte	.Ldebug_abbrev0
 634 000a 04       		.byte	0x4
 635 000b 01       		.uleb128 0x1
 636 000c 0A000000 		.4byte	.LASF54
 637 0010 01       		.byte	0x1
 638 0011 1D030000 		.4byte	.LASF55
 639 0015 00000000 		.4byte	.Ldebug_ranges0+0
 640 0019 00000000 		.4byte	0
 641 001d 00000000 		.4byte	.Ldebug_line0
 642 0021 02       		.uleb128 0x2
 643 0022 04       		.byte	0x4
 644 0023 05       		.byte	0x5
 645 0024 696E7400 		.ascii	"int\000"
 646 0028 03       		.uleb128 0x3
 647 0029 04       		.byte	0x4
 648 002a 07       		.byte	0x7
 649 002b 27020000 		.4byte	.LASF0
 650 002f 03       		.uleb128 0x3
 651 0030 01       		.byte	0x1
 652 0031 06       		.byte	0x6
 653 0032 FB010000 		.4byte	.LASF1
 654 0036 03       		.uleb128 0x3
 655 0037 01       		.byte	0x1
 656 0038 08       		.byte	0x8
 657 0039 E2010000 		.4byte	.LASF2
 658 003d 03       		.uleb128 0x3
 659 003e 02       		.byte	0x2
 660 003f 05       		.byte	0x5
 661 0040 26010000 		.4byte	.LASF3
 662 0044 03       		.uleb128 0x3
 663 0045 02       		.byte	0x2
 664 0046 07       		.byte	0x7
 665 0047 3F020000 		.4byte	.LASF4
 666 004b 04       		.uleb128 0x4
 667 004c DC020000 		.4byte	.LASF6
 668 0050 02       		.byte	0x2
 669 0051 3F       		.byte	0x3f
 670 0052 56000000 		.4byte	0x56
 671 0056 03       		.uleb128 0x3
 672 0057 04       		.byte	0x4
 673 0058 05       		.byte	0x5
 674 0059 93010000 		.4byte	.LASF5
 675 005d 04       		.uleb128 0x4
 676 005e 44010000 		.4byte	.LASF7
 677 0062 02       		.byte	0x2
 678 0063 41       		.byte	0x41
 679 0064 68000000 		.4byte	0x68
ARM GAS  /tmp/ccVm9ZyL.s 			page 13


 680 0068 03       		.uleb128 0x3
 681 0069 04       		.byte	0x4
 682 006a 07       		.byte	0x7
 683 006b A7020000 		.4byte	.LASF8
 684 006f 03       		.uleb128 0x3
 685 0070 08       		.byte	0x8
 686 0071 05       		.byte	0x5
 687 0072 78010000 		.4byte	.LASF9
 688 0076 03       		.uleb128 0x3
 689 0077 08       		.byte	0x8
 690 0078 07       		.byte	0x7
 691 0079 07020000 		.4byte	.LASF10
 692 007d 04       		.uleb128 0x4
 693 007e 68020000 		.4byte	.LASF11
 694 0082 03       		.byte	0x3
 695 0083 41       		.byte	0x41
 696 0084 4B000000 		.4byte	0x4b
 697 0088 04       		.uleb128 0x4
 698 0089 1E020000 		.4byte	.LASF12
 699 008d 03       		.byte	0x3
 700 008e 42       		.byte	0x42
 701 008f 5D000000 		.4byte	0x5d
 702 0093 03       		.uleb128 0x3
 703 0094 01       		.byte	0x1
 704 0095 02       		.byte	0x2
 705 0096 7B020000 		.4byte	.LASF13
 706 009a 05       		.uleb128 0x5
 707 009b 88000000 		.4byte	0x88
 708 009f 03       		.uleb128 0x3
 709 00a0 04       		.byte	0x4
 710 00a1 07       		.byte	0x7
 711 00a2 30010000 		.4byte	.LASF14
 712 00a6 03       		.uleb128 0x3
 713 00a7 01       		.byte	0x1
 714 00a8 08       		.byte	0x8
 715 00a9 63020000 		.4byte	.LASF15
 716 00ad 06       		.uleb128 0x6
 717 00ae 88000000 		.4byte	0x88
 718 00b2 BD000000 		.4byte	0xbd
 719 00b6 07       		.uleb128 0x7
 720 00b7 9F000000 		.4byte	0x9f
 721 00bb 03       		.byte	0x3
 722 00bc 00       		.byte	0
 723 00bd 05       		.uleb128 0x5
 724 00be 7D000000 		.4byte	0x7d
 725 00c2 08       		.uleb128 0x8
 726 00c3 38       		.byte	0x38
 727 00c4 04       		.byte	0x4
 728 00c5 F701     		.2byte	0x1f7
 729 00c7 81010000 		.4byte	0x181
 730 00cb 09       		.uleb128 0x9
 731 00cc 494D5200 		.ascii	"IMR\000"
 732 00d0 04       		.byte	0x4
 733 00d1 F901     		.2byte	0x1f9
 734 00d3 9A000000 		.4byte	0x9a
 735 00d7 00       		.byte	0
 736 00d8 09       		.uleb128 0x9
ARM GAS  /tmp/ccVm9ZyL.s 			page 14


 737 00d9 454D5200 		.ascii	"EMR\000"
 738 00dd 04       		.byte	0x4
 739 00de FA01     		.2byte	0x1fa
 740 00e0 9A000000 		.4byte	0x9a
 741 00e4 04       		.byte	0x4
 742 00e5 0A       		.uleb128 0xa
 743 00e6 76020000 		.4byte	.LASF16
 744 00ea 04       		.byte	0x4
 745 00eb FB01     		.2byte	0x1fb
 746 00ed 9A000000 		.4byte	0x9a
 747 00f1 08       		.byte	0x8
 748 00f2 0A       		.uleb128 0xa
 749 00f3 3A020000 		.4byte	.LASF17
 750 00f7 04       		.byte	0x4
 751 00f8 FC01     		.2byte	0x1fc
 752 00fa 9A000000 		.4byte	0x9a
 753 00fe 0C       		.byte	0xc
 754 00ff 0A       		.uleb128 0xa
 755 0100 5E030000 		.4byte	.LASF18
 756 0104 04       		.byte	0x4
 757 0105 FD01     		.2byte	0x1fd
 758 0107 9A000000 		.4byte	0x9a
 759 010b 10       		.byte	0x10
 760 010c 09       		.uleb128 0x9
 761 010d 505200   		.ascii	"PR\000"
 762 0110 04       		.byte	0x4
 763 0111 FE01     		.2byte	0x1fe
 764 0113 9A000000 		.4byte	0x9a
 765 0117 14       		.byte	0x14
 766 0118 0A       		.uleb128 0xa
 767 0119 8E020000 		.4byte	.LASF19
 768 011d 04       		.byte	0x4
 769 011e FF01     		.2byte	0x1ff
 770 0120 88000000 		.4byte	0x88
 771 0124 18       		.byte	0x18
 772 0125 0A       		.uleb128 0xa
 773 0126 98020000 		.4byte	.LASF20
 774 012a 04       		.byte	0x4
 775 012b 0002     		.2byte	0x200
 776 012d 88000000 		.4byte	0x88
 777 0131 1C       		.byte	0x1c
 778 0132 0A       		.uleb128 0xa
 779 0133 B9020000 		.4byte	.LASF21
 780 0137 04       		.byte	0x4
 781 0138 0102     		.2byte	0x201
 782 013a 9A000000 		.4byte	0x9a
 783 013e 20       		.byte	0x20
 784 013f 0A       		.uleb128 0xa
 785 0140 89020000 		.4byte	.LASF22
 786 0144 04       		.byte	0x4
 787 0145 0202     		.2byte	0x202
 788 0147 9A000000 		.4byte	0x9a
 789 014b 24       		.byte	0x24
 790 014c 0A       		.uleb128 0xa
 791 014d F9000000 		.4byte	.LASF23
 792 0151 04       		.byte	0x4
 793 0152 0302     		.2byte	0x203
ARM GAS  /tmp/ccVm9ZyL.s 			page 15


 794 0154 9A000000 		.4byte	0x9a
 795 0158 28       		.byte	0x28
 796 0159 0A       		.uleb128 0xa
 797 015a E6020000 		.4byte	.LASF24
 798 015e 04       		.byte	0x4
 799 015f 0402     		.2byte	0x204
 800 0161 9A000000 		.4byte	0x9a
 801 0165 2C       		.byte	0x2c
 802 0166 0A       		.uleb128 0xa
 803 0167 71010000 		.4byte	.LASF25
 804 016b 04       		.byte	0x4
 805 016c 0502     		.2byte	0x205
 806 016e 9A000000 		.4byte	0x9a
 807 0172 30       		.byte	0x30
 808 0173 09       		.uleb128 0x9
 809 0174 50523200 		.ascii	"PR2\000"
 810 0178 04       		.byte	0x4
 811 0179 0602     		.2byte	0x206
 812 017b 9A000000 		.4byte	0x9a
 813 017f 34       		.byte	0x34
 814 0180 00       		.byte	0
 815 0181 0B       		.uleb128 0xb
 816 0182 86010000 		.4byte	.LASF26
 817 0186 04       		.byte	0x4
 818 0187 0702     		.2byte	0x207
 819 0189 C2000000 		.4byte	0xc2
 820 018d 08       		.uleb128 0x8
 821 018e 1C       		.byte	0x1c
 822 018f 04       		.byte	0x4
 823 0190 5002     		.2byte	0x250
 824 0192 CB010000 		.4byte	0x1cb
 825 0196 0A       		.uleb128 0xa
 826 0197 54010000 		.4byte	.LASF27
 827 019b 04       		.byte	0x4
 828 019c 5202     		.2byte	0x252
 829 019e 9A000000 		.4byte	0x9a
 830 01a2 00       		.byte	0
 831 01a3 09       		.uleb128 0x9
 832 01a4 52435200 		.ascii	"RCR\000"
 833 01a8 04       		.byte	0x4
 834 01a9 5302     		.2byte	0x253
 835 01ab 9A000000 		.4byte	0x9a
 836 01af 04       		.byte	0x4
 837 01b0 0A       		.uleb128 0xa
 838 01b1 61010000 		.4byte	.LASF28
 839 01b5 04       		.byte	0x4
 840 01b6 5402     		.2byte	0x254
 841 01b8 CB010000 		.4byte	0x1cb
 842 01bc 08       		.byte	0x8
 843 01bd 0A       		.uleb128 0xa
 844 01be 34020000 		.4byte	.LASF29
 845 01c2 04       		.byte	0x4
 846 01c3 5502     		.2byte	0x255
 847 01c5 9A000000 		.4byte	0x9a
 848 01c9 18       		.byte	0x18
 849 01ca 00       		.byte	0
 850 01cb 05       		.uleb128 0x5
ARM GAS  /tmp/ccVm9ZyL.s 			page 16


 851 01cc AD000000 		.4byte	0xad
 852 01d0 0B       		.uleb128 0xb
 853 01d1 AF010000 		.4byte	.LASF30
 854 01d5 04       		.byte	0x4
 855 01d6 5602     		.2byte	0x256
 856 01d8 8D010000 		.4byte	0x18d
 857 01dc 0C       		.uleb128 0xc
 858 01dd 01       		.byte	0x1
 859 01de 05       		.byte	0x5
 860 01df 4A       		.byte	0x4a
 861 01e0 F7010000 		.4byte	0x1f7
 862 01e4 0D       		.uleb128 0xd
 863 01e5 F0010000 		.4byte	.LASF31
 864 01e9 00       		.sleb128 0
 865 01ea 0D       		.uleb128 0xd
 866 01eb 17010000 		.4byte	.LASF32
 867 01ef 01       		.sleb128 1
 868 01f0 0D       		.uleb128 0xd
 869 01f1 39010000 		.4byte	.LASF33
 870 01f5 02       		.sleb128 2
 871 01f6 00       		.byte	0
 872 01f7 04       		.uleb128 0x4
 873 01f8 BE020000 		.4byte	.LASF34
 874 01fc 05       		.byte	0x5
 875 01fd 4E       		.byte	0x4e
 876 01fe DC010000 		.4byte	0x1dc
 877 0202 04       		.uleb128 0x4
 878 0203 F9020000 		.4byte	.LASF35
 879 0207 05       		.byte	0x5
 880 0208 53       		.byte	0x53
 881 0209 0D020000 		.4byte	0x20d
 882 020d 0E       		.uleb128 0xe
 883 020e F9020000 		.4byte	.LASF35
 884 0212 08       		.byte	0x8
 885 0213 06       		.byte	0x6
 886 0214 71       		.byte	0x71
 887 0215 32020000 		.4byte	0x232
 888 0219 0F       		.uleb128 0xf
 889 021a 20010000 		.4byte	.LASF36
 890 021e 06       		.byte	0x6
 891 021f 75       		.byte	0x75
 892 0220 F7010000 		.4byte	0x1f7
 893 0224 00       		.byte	0
 894 0225 0F       		.uleb128 0xf
 895 0226 5A010000 		.4byte	.LASF37
 896 022a 06       		.byte	0x6
 897 022b 79       		.byte	0x79
 898 022c C0020000 		.4byte	0x2c0
 899 0230 04       		.byte	0x4
 900 0231 00       		.byte	0
 901 0232 04       		.uleb128 0x4
 902 0233 EC020000 		.4byte	.LASF38
 903 0237 06       		.byte	0x6
 904 0238 47       		.byte	0x47
 905 0239 88000000 		.4byte	0x88
 906 023d 04       		.uleb128 0x4
 907 023e A1010000 		.4byte	.LASF39
ARM GAS  /tmp/ccVm9ZyL.s 			page 17


 908 0242 06       		.byte	0x6
 909 0243 4F       		.byte	0x4f
 910 0244 48020000 		.4byte	0x248
 911 0248 10       		.uleb128 0x10
 912 0249 04       		.byte	0x4
 913 024a 4E020000 		.4byte	0x24e
 914 024e 11       		.uleb128 0x11
 915 024f 5E020000 		.4byte	0x25e
 916 0253 12       		.uleb128 0x12
 917 0254 5E020000 		.4byte	0x25e
 918 0258 12       		.uleb128 0x12
 919 0259 32020000 		.4byte	0x232
 920 025d 00       		.byte	0
 921 025e 10       		.uleb128 0x10
 922 025f 04       		.byte	0x4
 923 0260 02020000 		.4byte	0x202
 924 0264 13       		.uleb128 0x13
 925 0265 08       		.byte	0x8
 926 0266 06       		.byte	0x6
 927 0267 54       		.byte	0x54
 928 0268 84020000 		.4byte	0x284
 929 026c 0F       		.uleb128 0xf
 930 026d 4F010000 		.4byte	.LASF40
 931 0271 06       		.byte	0x6
 932 0272 58       		.byte	0x58
 933 0273 88000000 		.4byte	0x88
 934 0277 00       		.byte	0
 935 0278 14       		.uleb128 0x14
 936 0279 636200   		.ascii	"cb\000"
 937 027c 06       		.byte	0x6
 938 027d 5F       		.byte	0x5f
 939 027e 3D020000 		.4byte	0x23d
 940 0282 04       		.byte	0x4
 941 0283 00       		.byte	0
 942 0284 04       		.uleb128 0x4
 943 0285 52020000 		.4byte	.LASF41
 944 0289 06       		.byte	0x6
 945 028a 60       		.byte	0x60
 946 028b 64020000 		.4byte	0x264
 947 028f 15       		.uleb128 0x15
 948 0290 1001     		.2byte	0x110
 949 0292 06       		.byte	0x6
 950 0293 66       		.byte	0x66
 951 0294 A5020000 		.4byte	0x2a5
 952 0298 0F       		.uleb128 0xf
 953 0299 68010000 		.4byte	.LASF42
 954 029d 06       		.byte	0x6
 955 029e 6A       		.byte	0x6a
 956 029f A5020000 		.4byte	0x2a5
 957 02a3 00       		.byte	0
 958 02a4 00       		.byte	0
 959 02a5 06       		.uleb128 0x6
 960 02a6 84020000 		.4byte	0x284
 961 02aa B5020000 		.4byte	0x2b5
 962 02ae 07       		.uleb128 0x7
 963 02af 9F000000 		.4byte	0x9f
 964 02b3 21       		.byte	0x21
ARM GAS  /tmp/ccVm9ZyL.s 			page 18


 965 02b4 00       		.byte	0
 966 02b5 04       		.uleb128 0x4
 967 02b6 00000000 		.4byte	.LASF43
 968 02ba 06       		.byte	0x6
 969 02bb 6C       		.byte	0x6c
 970 02bc 8F020000 		.4byte	0x28f
 971 02c0 10       		.uleb128 0x10
 972 02c1 04       		.byte	0x4
 973 02c2 C6020000 		.4byte	0x2c6
 974 02c6 16       		.uleb128 0x16
 975 02c7 B5020000 		.4byte	0x2b5
 976 02cb 17       		.uleb128 0x17
 977 02cc 10030000 		.4byte	.LASF56
 978 02d0 01       		.byte	0x1
 979 02d1 42       		.byte	0x42
 980 02d2 00000000 		.4byte	.LFB118
 981 02d6 10000000 		.4byte	.LFE118-.LFB118
 982 02da 01       		.uleb128 0x1
 983 02db 9C       		.byte	0x9c
 984 02dc 18       		.uleb128 0x18
 985 02dd C9020000 		.4byte	.LASF44
 986 02e1 01       		.byte	0x1
 987 02e2 4F       		.byte	0x4f
 988 02e3 00000000 		.4byte	.LFB119
 989 02e7 4E000000 		.4byte	.LFE119-.LFB119
 990 02eb 01       		.uleb128 0x1
 991 02ec 9C       		.byte	0x9c
 992 02ed 0C030000 		.4byte	0x30c
 993 02f1 19       		.uleb128 0x19
 994 02f2 9C010000 		.4byte	.LASF46
 995 02f6 01       		.byte	0x1
 996 02f7 4F       		.byte	0x4f
 997 02f8 5E020000 		.4byte	0x25e
 998 02fc 02       		.uleb128 0x2
 999 02fd 91       		.byte	0x91
 1000 02fe 6C       		.sleb128 -20
 1001 02ff 1A       		.uleb128 0x1a
 1002 0300 6900     		.ascii	"i\000"
 1003 0302 01       		.byte	0x1
 1004 0303 50       		.byte	0x50
 1005 0304 28000000 		.4byte	0x28
 1006 0308 02       		.uleb128 0x2
 1007 0309 91       		.byte	0x91
 1008 030a 74       		.sleb128 -12
 1009 030b 00       		.byte	0
 1010 030c 18       		.uleb128 0x18
 1011 030d BE010000 		.4byte	.LASF45
 1012 0311 01       		.byte	0x1
 1013 0312 64       		.byte	0x64
 1014 0313 00000000 		.4byte	.LFB120
 1015 0317 38000000 		.4byte	.LFE120-.LFB120
 1016 031b 01       		.uleb128 0x1
 1017 031c 9C       		.byte	0x9c
 1018 031d 30030000 		.4byte	0x330
 1019 0321 19       		.uleb128 0x19
 1020 0322 9C010000 		.4byte	.LASF46
 1021 0326 01       		.byte	0x1
ARM GAS  /tmp/ccVm9ZyL.s 			page 19


 1022 0327 64       		.byte	0x64
 1023 0328 5E020000 		.4byte	0x25e
 1024 032c 02       		.uleb128 0x2
 1025 032d 91       		.byte	0x91
 1026 032e 74       		.sleb128 -12
 1027 032f 00       		.byte	0
 1028 0330 1B       		.uleb128 0x1b
 1029 0331 CB010000 		.4byte	.LASF47
 1030 0335 01       		.byte	0x1
 1031 0336 79       		.byte	0x79
 1032 0337 00000000 		.4byte	.LFB121
 1033 033b 38020000 		.4byte	.LFE121-.LFB121
 1034 033f 01       		.uleb128 0x1
 1035 0340 9C       		.byte	0x9c
 1036 0341 94030000 		.4byte	0x394
 1037 0345 19       		.uleb128 0x19
 1038 0346 9C010000 		.4byte	.LASF46
 1039 034a 01       		.byte	0x1
 1040 034b 79       		.byte	0x79
 1041 034c 5E020000 		.4byte	0x25e
 1042 0350 02       		.uleb128 0x2
 1043 0351 91       		.byte	0x91
 1044 0352 6C       		.sleb128 -20
 1045 0353 19       		.uleb128 0x19
 1046 0354 81020000 		.4byte	.LASF48
 1047 0358 01       		.byte	0x1
 1048 0359 79       		.byte	0x79
 1049 035a 32020000 		.4byte	0x232
 1050 035e 02       		.uleb128 0x2
 1051 035f 91       		.byte	0x91
 1052 0360 68       		.sleb128 -24
 1053 0361 1C       		.uleb128 0x1c
 1054 0362 0C000000 		.4byte	.LBB2
 1055 0366 52000000 		.4byte	.LBE2-.LBB2
 1056 036a 1A       		.uleb128 0x1a
 1057 036b 6E00     		.ascii	"n\000"
 1058 036d 01       		.byte	0x1
 1059 036e 7D       		.byte	0x7d
 1060 036f 88000000 		.4byte	0x88
 1061 0373 02       		.uleb128 0x2
 1062 0374 91       		.byte	0x91
 1063 0375 7C       		.sleb128 -4
 1064 0376 1D       		.uleb128 0x1d
 1065 0377 D7020000 		.4byte	.LASF49
 1066 037b 01       		.byte	0x1
 1067 037c 7E       		.byte	0x7e
 1068 037d 88000000 		.4byte	0x88
 1069 0381 02       		.uleb128 0x2
 1070 0382 91       		.byte	0x91
 1071 0383 78       		.sleb128 -8
 1072 0384 1D       		.uleb128 0x1d
 1073 0385 A2020000 		.4byte	.LASF50
 1074 0389 01       		.byte	0x1
 1075 038a 7F       		.byte	0x7f
 1076 038b 88000000 		.4byte	0x88
 1077 038f 02       		.uleb128 0x2
 1078 0390 91       		.byte	0x91
ARM GAS  /tmp/ccVm9ZyL.s 			page 20


 1079 0391 74       		.sleb128 -12
 1080 0392 00       		.byte	0
 1081 0393 00       		.byte	0
 1082 0394 1B       		.uleb128 0x1b
 1083 0395 FF000000 		.4byte	.LASF51
 1084 0399 01       		.byte	0x1
 1085 039a C5       		.byte	0xc5
 1086 039b 00000000 		.4byte	.LFB122
 1087 039f E4000000 		.4byte	.LFE122-.LFB122
 1088 03a3 01       		.uleb128 0x1
 1089 03a4 9C       		.byte	0x9c
 1090 03a5 C6030000 		.4byte	0x3c6
 1091 03a9 19       		.uleb128 0x19
 1092 03aa 9C010000 		.4byte	.LASF46
 1093 03ae 01       		.byte	0x1
 1094 03af C5       		.byte	0xc5
 1095 03b0 5E020000 		.4byte	0x25e
 1096 03b4 02       		.uleb128 0x2
 1097 03b5 91       		.byte	0x91
 1098 03b6 7C       		.sleb128 -4
 1099 03b7 19       		.uleb128 0x19
 1100 03b8 81020000 		.4byte	.LASF48
 1101 03bc 01       		.byte	0x1
 1102 03bd C5       		.byte	0xc5
 1103 03be 32020000 		.4byte	0x232
 1104 03c2 02       		.uleb128 0x2
 1105 03c3 91       		.byte	0x91
 1106 03c4 78       		.sleb128 -8
 1107 03c5 00       		.byte	0
 1108 03c6 1E       		.uleb128 0x1e
 1109 03c7 03030000 		.4byte	.LASF52
 1110 03cb 07       		.byte	0x7
 1111 03cc 9806     		.2byte	0x698
 1112 03ce BD000000 		.4byte	0xbd
 1113 03d2 1F       		.uleb128 0x1f
 1114 03d3 70020000 		.4byte	.LASF53
 1115 03d7 01       		.byte	0x1
 1116 03d8 2B       		.byte	0x2b
 1117 03d9 02020000 		.4byte	0x202
 1118 03dd 05       		.uleb128 0x5
 1119 03de 03       		.byte	0x3
 1120 03df 00000000 		.4byte	EXTD1
 1121 03e3 00       		.byte	0
 1122              		.section	.debug_abbrev,"",%progbits
 1123              	.Ldebug_abbrev0:
 1124 0000 01       		.uleb128 0x1
 1125 0001 11       		.uleb128 0x11
 1126 0002 01       		.byte	0x1
 1127 0003 25       		.uleb128 0x25
 1128 0004 0E       		.uleb128 0xe
 1129 0005 13       		.uleb128 0x13
 1130 0006 0B       		.uleb128 0xb
 1131 0007 03       		.uleb128 0x3
 1132 0008 0E       		.uleb128 0xe
 1133 0009 55       		.uleb128 0x55
 1134 000a 17       		.uleb128 0x17
 1135 000b 11       		.uleb128 0x11
ARM GAS  /tmp/ccVm9ZyL.s 			page 21


 1136 000c 01       		.uleb128 0x1
 1137 000d 10       		.uleb128 0x10
 1138 000e 17       		.uleb128 0x17
 1139 000f 00       		.byte	0
 1140 0010 00       		.byte	0
 1141 0011 02       		.uleb128 0x2
 1142 0012 24       		.uleb128 0x24
 1143 0013 00       		.byte	0
 1144 0014 0B       		.uleb128 0xb
 1145 0015 0B       		.uleb128 0xb
 1146 0016 3E       		.uleb128 0x3e
 1147 0017 0B       		.uleb128 0xb
 1148 0018 03       		.uleb128 0x3
 1149 0019 08       		.uleb128 0x8
 1150 001a 00       		.byte	0
 1151 001b 00       		.byte	0
 1152 001c 03       		.uleb128 0x3
 1153 001d 24       		.uleb128 0x24
 1154 001e 00       		.byte	0
 1155 001f 0B       		.uleb128 0xb
 1156 0020 0B       		.uleb128 0xb
 1157 0021 3E       		.uleb128 0x3e
 1158 0022 0B       		.uleb128 0xb
 1159 0023 03       		.uleb128 0x3
 1160 0024 0E       		.uleb128 0xe
 1161 0025 00       		.byte	0
 1162 0026 00       		.byte	0
 1163 0027 04       		.uleb128 0x4
 1164 0028 16       		.uleb128 0x16
 1165 0029 00       		.byte	0
 1166 002a 03       		.uleb128 0x3
 1167 002b 0E       		.uleb128 0xe
 1168 002c 3A       		.uleb128 0x3a
 1169 002d 0B       		.uleb128 0xb
 1170 002e 3B       		.uleb128 0x3b
 1171 002f 0B       		.uleb128 0xb
 1172 0030 49       		.uleb128 0x49
 1173 0031 13       		.uleb128 0x13
 1174 0032 00       		.byte	0
 1175 0033 00       		.byte	0
 1176 0034 05       		.uleb128 0x5
 1177 0035 35       		.uleb128 0x35
 1178 0036 00       		.byte	0
 1179 0037 49       		.uleb128 0x49
 1180 0038 13       		.uleb128 0x13
 1181 0039 00       		.byte	0
 1182 003a 00       		.byte	0
 1183 003b 06       		.uleb128 0x6
 1184 003c 01       		.uleb128 0x1
 1185 003d 01       		.byte	0x1
 1186 003e 49       		.uleb128 0x49
 1187 003f 13       		.uleb128 0x13
 1188 0040 01       		.uleb128 0x1
 1189 0041 13       		.uleb128 0x13
 1190 0042 00       		.byte	0
 1191 0043 00       		.byte	0
 1192 0044 07       		.uleb128 0x7
ARM GAS  /tmp/ccVm9ZyL.s 			page 22


 1193 0045 21       		.uleb128 0x21
 1194 0046 00       		.byte	0
 1195 0047 49       		.uleb128 0x49
 1196 0048 13       		.uleb128 0x13
 1197 0049 2F       		.uleb128 0x2f
 1198 004a 0B       		.uleb128 0xb
 1199 004b 00       		.byte	0
 1200 004c 00       		.byte	0
 1201 004d 08       		.uleb128 0x8
 1202 004e 13       		.uleb128 0x13
 1203 004f 01       		.byte	0x1
 1204 0050 0B       		.uleb128 0xb
 1205 0051 0B       		.uleb128 0xb
 1206 0052 3A       		.uleb128 0x3a
 1207 0053 0B       		.uleb128 0xb
 1208 0054 3B       		.uleb128 0x3b
 1209 0055 05       		.uleb128 0x5
 1210 0056 01       		.uleb128 0x1
 1211 0057 13       		.uleb128 0x13
 1212 0058 00       		.byte	0
 1213 0059 00       		.byte	0
 1214 005a 09       		.uleb128 0x9
 1215 005b 0D       		.uleb128 0xd
 1216 005c 00       		.byte	0
 1217 005d 03       		.uleb128 0x3
 1218 005e 08       		.uleb128 0x8
 1219 005f 3A       		.uleb128 0x3a
 1220 0060 0B       		.uleb128 0xb
 1221 0061 3B       		.uleb128 0x3b
 1222 0062 05       		.uleb128 0x5
 1223 0063 49       		.uleb128 0x49
 1224 0064 13       		.uleb128 0x13
 1225 0065 38       		.uleb128 0x38
 1226 0066 0B       		.uleb128 0xb
 1227 0067 00       		.byte	0
 1228 0068 00       		.byte	0
 1229 0069 0A       		.uleb128 0xa
 1230 006a 0D       		.uleb128 0xd
 1231 006b 00       		.byte	0
 1232 006c 03       		.uleb128 0x3
 1233 006d 0E       		.uleb128 0xe
 1234 006e 3A       		.uleb128 0x3a
 1235 006f 0B       		.uleb128 0xb
 1236 0070 3B       		.uleb128 0x3b
 1237 0071 05       		.uleb128 0x5
 1238 0072 49       		.uleb128 0x49
 1239 0073 13       		.uleb128 0x13
 1240 0074 38       		.uleb128 0x38
 1241 0075 0B       		.uleb128 0xb
 1242 0076 00       		.byte	0
 1243 0077 00       		.byte	0
 1244 0078 0B       		.uleb128 0xb
 1245 0079 16       		.uleb128 0x16
 1246 007a 00       		.byte	0
 1247 007b 03       		.uleb128 0x3
 1248 007c 0E       		.uleb128 0xe
 1249 007d 3A       		.uleb128 0x3a
ARM GAS  /tmp/ccVm9ZyL.s 			page 23


 1250 007e 0B       		.uleb128 0xb
 1251 007f 3B       		.uleb128 0x3b
 1252 0080 05       		.uleb128 0x5
 1253 0081 49       		.uleb128 0x49
 1254 0082 13       		.uleb128 0x13
 1255 0083 00       		.byte	0
 1256 0084 00       		.byte	0
 1257 0085 0C       		.uleb128 0xc
 1258 0086 04       		.uleb128 0x4
 1259 0087 01       		.byte	0x1
 1260 0088 0B       		.uleb128 0xb
 1261 0089 0B       		.uleb128 0xb
 1262 008a 3A       		.uleb128 0x3a
 1263 008b 0B       		.uleb128 0xb
 1264 008c 3B       		.uleb128 0x3b
 1265 008d 0B       		.uleb128 0xb
 1266 008e 01       		.uleb128 0x1
 1267 008f 13       		.uleb128 0x13
 1268 0090 00       		.byte	0
 1269 0091 00       		.byte	0
 1270 0092 0D       		.uleb128 0xd
 1271 0093 28       		.uleb128 0x28
 1272 0094 00       		.byte	0
 1273 0095 03       		.uleb128 0x3
 1274 0096 0E       		.uleb128 0xe
 1275 0097 1C       		.uleb128 0x1c
 1276 0098 0D       		.uleb128 0xd
 1277 0099 00       		.byte	0
 1278 009a 00       		.byte	0
 1279 009b 0E       		.uleb128 0xe
 1280 009c 13       		.uleb128 0x13
 1281 009d 01       		.byte	0x1
 1282 009e 03       		.uleb128 0x3
 1283 009f 0E       		.uleb128 0xe
 1284 00a0 0B       		.uleb128 0xb
 1285 00a1 0B       		.uleb128 0xb
 1286 00a2 3A       		.uleb128 0x3a
 1287 00a3 0B       		.uleb128 0xb
 1288 00a4 3B       		.uleb128 0x3b
 1289 00a5 0B       		.uleb128 0xb
 1290 00a6 01       		.uleb128 0x1
 1291 00a7 13       		.uleb128 0x13
 1292 00a8 00       		.byte	0
 1293 00a9 00       		.byte	0
 1294 00aa 0F       		.uleb128 0xf
 1295 00ab 0D       		.uleb128 0xd
 1296 00ac 00       		.byte	0
 1297 00ad 03       		.uleb128 0x3
 1298 00ae 0E       		.uleb128 0xe
 1299 00af 3A       		.uleb128 0x3a
 1300 00b0 0B       		.uleb128 0xb
 1301 00b1 3B       		.uleb128 0x3b
 1302 00b2 0B       		.uleb128 0xb
 1303 00b3 49       		.uleb128 0x49
 1304 00b4 13       		.uleb128 0x13
 1305 00b5 38       		.uleb128 0x38
 1306 00b6 0B       		.uleb128 0xb
ARM GAS  /tmp/ccVm9ZyL.s 			page 24


 1307 00b7 00       		.byte	0
 1308 00b8 00       		.byte	0
 1309 00b9 10       		.uleb128 0x10
 1310 00ba 0F       		.uleb128 0xf
 1311 00bb 00       		.byte	0
 1312 00bc 0B       		.uleb128 0xb
 1313 00bd 0B       		.uleb128 0xb
 1314 00be 49       		.uleb128 0x49
 1315 00bf 13       		.uleb128 0x13
 1316 00c0 00       		.byte	0
 1317 00c1 00       		.byte	0
 1318 00c2 11       		.uleb128 0x11
 1319 00c3 15       		.uleb128 0x15
 1320 00c4 01       		.byte	0x1
 1321 00c5 27       		.uleb128 0x27
 1322 00c6 19       		.uleb128 0x19
 1323 00c7 01       		.uleb128 0x1
 1324 00c8 13       		.uleb128 0x13
 1325 00c9 00       		.byte	0
 1326 00ca 00       		.byte	0
 1327 00cb 12       		.uleb128 0x12
 1328 00cc 05       		.uleb128 0x5
 1329 00cd 00       		.byte	0
 1330 00ce 49       		.uleb128 0x49
 1331 00cf 13       		.uleb128 0x13
 1332 00d0 00       		.byte	0
 1333 00d1 00       		.byte	0
 1334 00d2 13       		.uleb128 0x13
 1335 00d3 13       		.uleb128 0x13
 1336 00d4 01       		.byte	0x1
 1337 00d5 0B       		.uleb128 0xb
 1338 00d6 0B       		.uleb128 0xb
 1339 00d7 3A       		.uleb128 0x3a
 1340 00d8 0B       		.uleb128 0xb
 1341 00d9 3B       		.uleb128 0x3b
 1342 00da 0B       		.uleb128 0xb
 1343 00db 01       		.uleb128 0x1
 1344 00dc 13       		.uleb128 0x13
 1345 00dd 00       		.byte	0
 1346 00de 00       		.byte	0
 1347 00df 14       		.uleb128 0x14
 1348 00e0 0D       		.uleb128 0xd
 1349 00e1 00       		.byte	0
 1350 00e2 03       		.uleb128 0x3
 1351 00e3 08       		.uleb128 0x8
 1352 00e4 3A       		.uleb128 0x3a
 1353 00e5 0B       		.uleb128 0xb
 1354 00e6 3B       		.uleb128 0x3b
 1355 00e7 0B       		.uleb128 0xb
 1356 00e8 49       		.uleb128 0x49
 1357 00e9 13       		.uleb128 0x13
 1358 00ea 38       		.uleb128 0x38
 1359 00eb 0B       		.uleb128 0xb
 1360 00ec 00       		.byte	0
 1361 00ed 00       		.byte	0
 1362 00ee 15       		.uleb128 0x15
 1363 00ef 13       		.uleb128 0x13
ARM GAS  /tmp/ccVm9ZyL.s 			page 25


 1364 00f0 01       		.byte	0x1
 1365 00f1 0B       		.uleb128 0xb
 1366 00f2 05       		.uleb128 0x5
 1367 00f3 3A       		.uleb128 0x3a
 1368 00f4 0B       		.uleb128 0xb
 1369 00f5 3B       		.uleb128 0x3b
 1370 00f6 0B       		.uleb128 0xb
 1371 00f7 01       		.uleb128 0x1
 1372 00f8 13       		.uleb128 0x13
 1373 00f9 00       		.byte	0
 1374 00fa 00       		.byte	0
 1375 00fb 16       		.uleb128 0x16
 1376 00fc 26       		.uleb128 0x26
 1377 00fd 00       		.byte	0
 1378 00fe 49       		.uleb128 0x49
 1379 00ff 13       		.uleb128 0x13
 1380 0100 00       		.byte	0
 1381 0101 00       		.byte	0
 1382 0102 17       		.uleb128 0x17
 1383 0103 2E       		.uleb128 0x2e
 1384 0104 00       		.byte	0
 1385 0105 3F       		.uleb128 0x3f
 1386 0106 19       		.uleb128 0x19
 1387 0107 03       		.uleb128 0x3
 1388 0108 0E       		.uleb128 0xe
 1389 0109 3A       		.uleb128 0x3a
 1390 010a 0B       		.uleb128 0xb
 1391 010b 3B       		.uleb128 0x3b
 1392 010c 0B       		.uleb128 0xb
 1393 010d 27       		.uleb128 0x27
 1394 010e 19       		.uleb128 0x19
 1395 010f 11       		.uleb128 0x11
 1396 0110 01       		.uleb128 0x1
 1397 0111 12       		.uleb128 0x12
 1398 0112 06       		.uleb128 0x6
 1399 0113 40       		.uleb128 0x40
 1400 0114 18       		.uleb128 0x18
 1401 0115 9642     		.uleb128 0x2116
 1402 0117 19       		.uleb128 0x19
 1403 0118 00       		.byte	0
 1404 0119 00       		.byte	0
 1405 011a 18       		.uleb128 0x18
 1406 011b 2E       		.uleb128 0x2e
 1407 011c 01       		.byte	0x1
 1408 011d 3F       		.uleb128 0x3f
 1409 011e 19       		.uleb128 0x19
 1410 011f 03       		.uleb128 0x3
 1411 0120 0E       		.uleb128 0xe
 1412 0121 3A       		.uleb128 0x3a
 1413 0122 0B       		.uleb128 0xb
 1414 0123 3B       		.uleb128 0x3b
 1415 0124 0B       		.uleb128 0xb
 1416 0125 27       		.uleb128 0x27
 1417 0126 19       		.uleb128 0x19
 1418 0127 11       		.uleb128 0x11
 1419 0128 01       		.uleb128 0x1
 1420 0129 12       		.uleb128 0x12
ARM GAS  /tmp/ccVm9ZyL.s 			page 26


 1421 012a 06       		.uleb128 0x6
 1422 012b 40       		.uleb128 0x40
 1423 012c 18       		.uleb128 0x18
 1424 012d 9642     		.uleb128 0x2116
 1425 012f 19       		.uleb128 0x19
 1426 0130 01       		.uleb128 0x1
 1427 0131 13       		.uleb128 0x13
 1428 0132 00       		.byte	0
 1429 0133 00       		.byte	0
 1430 0134 19       		.uleb128 0x19
 1431 0135 05       		.uleb128 0x5
 1432 0136 00       		.byte	0
 1433 0137 03       		.uleb128 0x3
 1434 0138 0E       		.uleb128 0xe
 1435 0139 3A       		.uleb128 0x3a
 1436 013a 0B       		.uleb128 0xb
 1437 013b 3B       		.uleb128 0x3b
 1438 013c 0B       		.uleb128 0xb
 1439 013d 49       		.uleb128 0x49
 1440 013e 13       		.uleb128 0x13
 1441 013f 02       		.uleb128 0x2
 1442 0140 18       		.uleb128 0x18
 1443 0141 00       		.byte	0
 1444 0142 00       		.byte	0
 1445 0143 1A       		.uleb128 0x1a
 1446 0144 34       		.uleb128 0x34
 1447 0145 00       		.byte	0
 1448 0146 03       		.uleb128 0x3
 1449 0147 08       		.uleb128 0x8
 1450 0148 3A       		.uleb128 0x3a
 1451 0149 0B       		.uleb128 0xb
 1452 014a 3B       		.uleb128 0x3b
 1453 014b 0B       		.uleb128 0xb
 1454 014c 49       		.uleb128 0x49
 1455 014d 13       		.uleb128 0x13
 1456 014e 02       		.uleb128 0x2
 1457 014f 18       		.uleb128 0x18
 1458 0150 00       		.byte	0
 1459 0151 00       		.byte	0
 1460 0152 1B       		.uleb128 0x1b
 1461 0153 2E       		.uleb128 0x2e
 1462 0154 01       		.byte	0x1
 1463 0155 3F       		.uleb128 0x3f
 1464 0156 19       		.uleb128 0x19
 1465 0157 03       		.uleb128 0x3
 1466 0158 0E       		.uleb128 0xe
 1467 0159 3A       		.uleb128 0x3a
 1468 015a 0B       		.uleb128 0xb
 1469 015b 3B       		.uleb128 0x3b
 1470 015c 0B       		.uleb128 0xb
 1471 015d 27       		.uleb128 0x27
 1472 015e 19       		.uleb128 0x19
 1473 015f 11       		.uleb128 0x11
 1474 0160 01       		.uleb128 0x1
 1475 0161 12       		.uleb128 0x12
 1476 0162 06       		.uleb128 0x6
 1477 0163 40       		.uleb128 0x40
ARM GAS  /tmp/ccVm9ZyL.s 			page 27


 1478 0164 18       		.uleb128 0x18
 1479 0165 9742     		.uleb128 0x2117
 1480 0167 19       		.uleb128 0x19
 1481 0168 01       		.uleb128 0x1
 1482 0169 13       		.uleb128 0x13
 1483 016a 00       		.byte	0
 1484 016b 00       		.byte	0
 1485 016c 1C       		.uleb128 0x1c
 1486 016d 0B       		.uleb128 0xb
 1487 016e 01       		.byte	0x1
 1488 016f 11       		.uleb128 0x11
 1489 0170 01       		.uleb128 0x1
 1490 0171 12       		.uleb128 0x12
 1491 0172 06       		.uleb128 0x6
 1492 0173 00       		.byte	0
 1493 0174 00       		.byte	0
 1494 0175 1D       		.uleb128 0x1d
 1495 0176 34       		.uleb128 0x34
 1496 0177 00       		.byte	0
 1497 0178 03       		.uleb128 0x3
 1498 0179 0E       		.uleb128 0xe
 1499 017a 3A       		.uleb128 0x3a
 1500 017b 0B       		.uleb128 0xb
 1501 017c 3B       		.uleb128 0x3b
 1502 017d 0B       		.uleb128 0xb
 1503 017e 49       		.uleb128 0x49
 1504 017f 13       		.uleb128 0x13
 1505 0180 02       		.uleb128 0x2
 1506 0181 18       		.uleb128 0x18
 1507 0182 00       		.byte	0
 1508 0183 00       		.byte	0
 1509 0184 1E       		.uleb128 0x1e
 1510 0185 34       		.uleb128 0x34
 1511 0186 00       		.byte	0
 1512 0187 03       		.uleb128 0x3
 1513 0188 0E       		.uleb128 0xe
 1514 0189 3A       		.uleb128 0x3a
 1515 018a 0B       		.uleb128 0xb
 1516 018b 3B       		.uleb128 0x3b
 1517 018c 05       		.uleb128 0x5
 1518 018d 49       		.uleb128 0x49
 1519 018e 13       		.uleb128 0x13
 1520 018f 3F       		.uleb128 0x3f
 1521 0190 19       		.uleb128 0x19
 1522 0191 3C       		.uleb128 0x3c
 1523 0192 19       		.uleb128 0x19
 1524 0193 00       		.byte	0
 1525 0194 00       		.byte	0
 1526 0195 1F       		.uleb128 0x1f
 1527 0196 34       		.uleb128 0x34
 1528 0197 00       		.byte	0
 1529 0198 03       		.uleb128 0x3
 1530 0199 0E       		.uleb128 0xe
 1531 019a 3A       		.uleb128 0x3a
 1532 019b 0B       		.uleb128 0xb
 1533 019c 3B       		.uleb128 0x3b
 1534 019d 0B       		.uleb128 0xb
ARM GAS  /tmp/ccVm9ZyL.s 			page 28


 1535 019e 49       		.uleb128 0x49
 1536 019f 13       		.uleb128 0x13
 1537 01a0 3F       		.uleb128 0x3f
 1538 01a1 19       		.uleb128 0x19
 1539 01a2 02       		.uleb128 0x2
 1540 01a3 18       		.uleb128 0x18
 1541 01a4 00       		.byte	0
 1542 01a5 00       		.byte	0
 1543 01a6 00       		.byte	0
 1544              		.section	.debug_aranges,"",%progbits
 1545 0000 3C000000 		.4byte	0x3c
 1546 0004 0200     		.2byte	0x2
 1547 0006 00000000 		.4byte	.Ldebug_info0
 1548 000a 04       		.byte	0x4
 1549 000b 00       		.byte	0
 1550 000c 0000     		.2byte	0
 1551 000e 0000     		.2byte	0
 1552 0010 00000000 		.4byte	.LFB118
 1553 0014 10000000 		.4byte	.LFE118-.LFB118
 1554 0018 00000000 		.4byte	.LFB119
 1555 001c 4E000000 		.4byte	.LFE119-.LFB119
 1556 0020 00000000 		.4byte	.LFB120
 1557 0024 38000000 		.4byte	.LFE120-.LFB120
 1558 0028 00000000 		.4byte	.LFB121
 1559 002c 38020000 		.4byte	.LFE121-.LFB121
 1560 0030 00000000 		.4byte	.LFB122
 1561 0034 E4000000 		.4byte	.LFE122-.LFB122
 1562 0038 00000000 		.4byte	0
 1563 003c 00000000 		.4byte	0
 1564              		.section	.debug_ranges,"",%progbits
 1565              	.Ldebug_ranges0:
 1566 0000 00000000 		.4byte	.LFB118
 1567 0004 10000000 		.4byte	.LFE118
 1568 0008 00000000 		.4byte	.LFB119
 1569 000c 4E000000 		.4byte	.LFE119
 1570 0010 00000000 		.4byte	.LFB120
 1571 0014 38000000 		.4byte	.LFE120
 1572 0018 00000000 		.4byte	.LFB121
 1573 001c 38020000 		.4byte	.LFE121
 1574 0020 00000000 		.4byte	.LFB122
 1575 0024 E4000000 		.4byte	.LFE122
 1576 0028 00000000 		.4byte	0
 1577 002c 00000000 		.4byte	0
 1578              		.section	.debug_line,"",%progbits
 1579              	.Ldebug_line0:
 1580 0000 25020000 		.section	.debug_str,"MS",%progbits,1
 1580      02008901 
 1580      00000201 
 1580      FB0E0D00 
 1580      01010101 
 1581              	.LASF43:
 1582 0000 45585443 		.ascii	"EXTConfig\000"
 1582      6F6E6669 
 1582      6700
 1583              	.LASF54:
 1584 000a 474E5520 		.ascii	"GNU C 4.8.4 20141219 (release) -mcpu=cortex-m4 -mfl"
 1584      4320342E 
ARM GAS  /tmp/ccVm9ZyL.s 			page 29


 1584      382E3420 
 1584      32303134 
 1584      31323139 
 1585 003d 6F61742D 		.ascii	"oat-abi=hard -mfpu=fpv4-sp-d16 -mno-thumb-interwork"
 1585      6162693D 
 1585      68617264 
 1585      202D6D66 
 1585      70753D66 
 1586 0070 202D6D74 		.ascii	" -mthumb -ggdb -O0 -fomit-frame-pointer -falign-fun"
 1586      68756D62 
 1586      202D6767 
 1586      6462202D 
 1586      4F30202D 
 1587 00a3 6374696F 		.ascii	"ctions=16 -ffunction-sections -fdata-sections -fno-"
 1587      6E733D31 
 1587      36202D66 
 1587      66756E63 
 1587      74696F6E 
 1588 00d6 636F6D6D 		.ascii	"common -fsingle-precision-constant\000"
 1588      6F6E202D 
 1588      6673696E 
 1588      676C652D 
 1588      70726563 
 1589              	.LASF23:
 1590 00f9 52545352 		.ascii	"RTSR2\000"
 1590      3200
 1591              	.LASF51:
 1592 00ff 6578745F 		.ascii	"ext_lld_channel_disable\000"
 1592      6C6C645F 
 1592      6368616E 
 1592      6E656C5F 
 1592      64697361 
 1593              	.LASF32:
 1594 0117 4558545F 		.ascii	"EXT_STOP\000"
 1594      53544F50 
 1594      00
 1595              	.LASF36:
 1596 0120 73746174 		.ascii	"state\000"
 1596      6500
 1597              	.LASF3:
 1598 0126 73686F72 		.ascii	"short int\000"
 1598      7420696E 
 1598      7400
 1599              	.LASF14:
 1600 0130 73697A65 		.ascii	"sizetype\000"
 1600      74797065 
 1600      00
 1601              	.LASF33:
 1602 0139 4558545F 		.ascii	"EXT_ACTIVE\000"
 1602      41435449 
 1602      564500
 1603              	.LASF7:
 1604 0144 5F5F7569 		.ascii	"__uint32_t\000"
 1604      6E743332 
 1604      5F7400
 1605              	.LASF40:
 1606 014f 6D6F6465 		.ascii	"mode\000"
ARM GAS  /tmp/ccVm9ZyL.s 			page 30


 1606      00
 1607              	.LASF27:
 1608 0154 43464752 		.ascii	"CFGR1\000"
 1608      3100
 1609              	.LASF37:
 1610 015a 636F6E66 		.ascii	"config\000"
 1610      696700
 1611              	.LASF28:
 1612 0161 45585449 		.ascii	"EXTICR\000"
 1612      435200
 1613              	.LASF42:
 1614 0168 6368616E 		.ascii	"channels\000"
 1614      6E656C73 
 1614      00
 1615              	.LASF25:
 1616 0171 53574945 		.ascii	"SWIER2\000"
 1616      523200
 1617              	.LASF9:
 1618 0178 6C6F6E67 		.ascii	"long long int\000"
 1618      206C6F6E 
 1618      6720696E 
 1618      7400
 1619              	.LASF26:
 1620 0186 45585449 		.ascii	"EXTI_TypeDef\000"
 1620      5F547970 
 1620      65446566 
 1620      00
 1621              	.LASF5:
 1622 0193 6C6F6E67 		.ascii	"long int\000"
 1622      20696E74 
 1622      00
 1623              	.LASF46:
 1624 019c 65787470 		.ascii	"extp\000"
 1624      00
 1625              	.LASF39:
 1626 01a1 65787463 		.ascii	"extcallback_t\000"
 1626      616C6C62 
 1626      61636B5F 
 1626      7400
 1627              	.LASF30:
 1628 01af 53595343 		.ascii	"SYSCFG_TypeDef\000"
 1628      46475F54 
 1628      79706544 
 1628      656600
 1629              	.LASF45:
 1630 01be 6578745F 		.ascii	"ext_lld_stop\000"
 1630      6C6C645F 
 1630      73746F70 
 1630      00
 1631              	.LASF47:
 1632 01cb 6578745F 		.ascii	"ext_lld_channel_enable\000"
 1632      6C6C645F 
 1632      6368616E 
 1632      6E656C5F 
 1632      656E6162 
 1633              	.LASF2:
 1634 01e2 756E7369 		.ascii	"unsigned char\000"
ARM GAS  /tmp/ccVm9ZyL.s 			page 31


 1634      676E6564 
 1634      20636861 
 1634      7200
 1635              	.LASF31:
 1636 01f0 4558545F 		.ascii	"EXT_UNINIT\000"
 1636      554E494E 
 1636      495400
 1637              	.LASF1:
 1638 01fb 7369676E 		.ascii	"signed char\000"
 1638      65642063 
 1638      68617200 
 1639              	.LASF10:
 1640 0207 6C6F6E67 		.ascii	"long long unsigned int\000"
 1640      206C6F6E 
 1640      6720756E 
 1640      7369676E 
 1640      65642069 
 1641              	.LASF12:
 1642 021e 75696E74 		.ascii	"uint32_t\000"
 1642      33325F74 
 1642      00
 1643              	.LASF0:
 1644 0227 756E7369 		.ascii	"unsigned int\000"
 1644      676E6564 
 1644      20696E74 
 1644      00
 1645              	.LASF29:
 1646 0234 43464752 		.ascii	"CFGR2\000"
 1646      3200
 1647              	.LASF17:
 1648 023a 46545352 		.ascii	"FTSR\000"
 1648      00
 1649              	.LASF4:
 1650 023f 73686F72 		.ascii	"short unsigned int\000"
 1650      7420756E 
 1650      7369676E 
 1650      65642069 
 1650      6E7400
 1651              	.LASF41:
 1652 0252 45585443 		.ascii	"EXTChannelConfig\000"
 1652      68616E6E 
 1652      656C436F 
 1652      6E666967 
 1652      00
 1653              	.LASF15:
 1654 0263 63686172 		.ascii	"char\000"
 1654      00
 1655              	.LASF11:
 1656 0268 696E7433 		.ascii	"int32_t\000"
 1656      325F7400 
 1657              	.LASF53:
 1658 0270 45585444 		.ascii	"EXTD1\000"
 1658      3100
 1659              	.LASF16:
 1660 0276 52545352 		.ascii	"RTSR\000"
 1660      00
 1661              	.LASF13:
ARM GAS  /tmp/ccVm9ZyL.s 			page 32


 1662 027b 5F426F6F 		.ascii	"_Bool\000"
 1662      6C00
 1663              	.LASF48:
 1664 0281 6368616E 		.ascii	"channel\000"
 1664      6E656C00 
 1665              	.LASF22:
 1666 0289 454D5232 		.ascii	"EMR2\000"
 1666      00
 1667              	.LASF19:
 1668 028e 52455345 		.ascii	"RESERVED1\000"
 1668      52564544 
 1668      3100
 1669              	.LASF20:
 1670 0298 52455345 		.ascii	"RESERVED2\000"
 1670      52564544 
 1670      3200
 1671              	.LASF50:
 1672 02a2 706F7274 		.ascii	"port\000"
 1672      00
 1673              	.LASF8:
 1674 02a7 6C6F6E67 		.ascii	"long unsigned int\000"
 1674      20756E73 
 1674      69676E65 
 1674      6420696E 
 1674      7400
 1675              	.LASF21:
 1676 02b9 494D5232 		.ascii	"IMR2\000"
 1676      00
 1677              	.LASF34:
 1678 02be 65787473 		.ascii	"extstate_t\000"
 1678      74617465 
 1678      5F7400
 1679              	.LASF44:
 1680 02c9 6578745F 		.ascii	"ext_lld_start\000"
 1680      6C6C645F 
 1680      73746172 
 1680      7400
 1681              	.LASF49:
 1682 02d7 6D61736B 		.ascii	"mask\000"
 1682      00
 1683              	.LASF6:
 1684 02dc 5F5F696E 		.ascii	"__int32_t\000"
 1684      7433325F 
 1684      7400
 1685              	.LASF24:
 1686 02e6 46545352 		.ascii	"FTSR2\000"
 1686      3200
 1687              	.LASF38:
 1688 02ec 65787063 		.ascii	"expchannel_t\000"
 1688      68616E6E 
 1688      656C5F74 
 1688      00
 1689              	.LASF35:
 1690 02f9 45585444 		.ascii	"EXTDriver\000"
 1690      72697665 
 1690      7200
 1691              	.LASF52:
ARM GAS  /tmp/ccVm9ZyL.s 			page 33


 1692 0303 49544D5F 		.ascii	"ITM_RxBuffer\000"
 1692      52784275 
 1692      66666572 
 1692      00
 1693              	.LASF56:
 1694 0310 6578745F 		.ascii	"ext_lld_init\000"
 1694      6C6C645F 
 1694      696E6974 
 1694      00
 1695              	.LASF55:
 1696 031d 2F686F6D 		.ascii	"/home/dave/r2p-sdk/core/ChibiOS/os/hal/platforms/ST"
 1696      652F6461 
 1696      76652F72 
 1696      32702D73 
 1696      646B2F63 
 1697 0350 4D33322F 		.ascii	"M32/ext_lld.c\000"
 1697      6578745F 
 1697      6C6C642E 
 1697      6300
 1698              	.LASF18:
 1699 035e 53574945 		.ascii	"SWIER\000"
 1699      5200
 1700              		.ident	"GCC: (4.8.4-1+11-1) 4.8.4 20141219 (release)"
ARM GAS  /tmp/ccVm9ZyL.s 			page 34


DEFINED SYMBOLS
                            *ABS*:0000000000000000 ext_lld.c
     /tmp/ccVm9ZyL.s:25     .bss.EXTD1:0000000000000000 EXTD1
     /tmp/ccVm9ZyL.s:22     .bss.EXTD1:0000000000000000 $d
     /tmp/ccVm9ZyL.s:28     .text.ext_lld_init:0000000000000000 $t
     /tmp/ccVm9ZyL.s:34     .text.ext_lld_init:0000000000000000 ext_lld_init
     /tmp/ccVm9ZyL.s:53     .text.ext_lld_init:000000000000000c $d
     /tmp/ccVm9ZyL.s:58     .text.ext_lld_start:0000000000000000 $t
     /tmp/ccVm9ZyL.s:64     .text.ext_lld_start:0000000000000000 ext_lld_start
     /tmp/ccVm9ZyL.s:185    .text.ext_lld_channel_enable:0000000000000000 ext_lld_channel_enable
     /tmp/ccVm9ZyL.s:495    .text.ext_lld_channel_disable:0000000000000000 ext_lld_channel_disable
     /tmp/ccVm9ZyL.s:125    .text.ext_lld_stop:0000000000000000 $t
     /tmp/ccVm9ZyL.s:131    .text.ext_lld_stop:0000000000000000 ext_lld_stop
     /tmp/ccVm9ZyL.s:174    .text.ext_lld_stop:0000000000000034 $d
     /tmp/ccVm9ZyL.s:179    .text.ext_lld_channel_enable:0000000000000000 $t
     /tmp/ccVm9ZyL.s:483    .text.ext_lld_channel_enable:0000000000000230 $d
     /tmp/ccVm9ZyL.s:489    .text.ext_lld_channel_disable:0000000000000000 $t
     /tmp/ccVm9ZyL.s:617    .text.ext_lld_channel_disable:00000000000000e0 $d
                     .debug_frame:0000000000000010 $d
     /tmp/ccVm9ZyL.s:178    .text.ext_lld_stop:0000000000000038 $t
     /tmp/ccVm9ZyL.s:488    .text.ext_lld_channel_enable:0000000000000238 $t
     /tmp/ccVm9ZyL.s:621    .text.ext_lld_channel_disable:00000000000000e4 $t

UNDEFINED SYMBOLS
extObjectInit
ext_lld_exti_irq_enable
ext_lld_exti_irq_disable
