ARM GAS  /tmp/ccFkEblW.s 			page 1


   1              		.syntax unified
   2              		.cpu cortex-m4
   3              		.eabi_attribute 27, 3
   4              		.eabi_attribute 28, 1
   5              		.fpu fpv4-sp-d16
   6              		.eabi_attribute 20, 1
   7              		.eabi_attribute 21, 1
   8              		.eabi_attribute 23, 3
   9              		.eabi_attribute 24, 1
  10              		.eabi_attribute 25, 1
  11              		.eabi_attribute 26, 1
  12              		.eabi_attribute 30, 6
  13              		.eabi_attribute 34, 1
  14              		.eabi_attribute 18, 4
  15              		.thumb
  16              		.file	"pwm_lld.c"
  17              		.text
  18              	.Ltext0:
  19              		.cfi_sections	.debug_frame
  20              		.global	PWMD1
  21              		.section	.bss.PWMD1,"aw",%nobits
  22              		.align	2
  23              		.type	PWMD1, %object
  24              		.size	PWMD1, 20
  25              	PWMD1:
  26 0000 00000000 		.space	20
  26      00000000 
  26      00000000 
  26      00000000 
  26      00000000 
  27              		.section	.text.VectorA4,"ax",%progbits
  28              		.align	2
  29              		.p2align 4,,15
  30              		.global	VectorA4
  31              		.thumb
  32              		.thumb_func
  33              		.type	VectorA4, %function
  34              	VectorA4:
  35              	.LFB118:
  36              		.file 1 "/home/dave/r2p-sdk/core/ChibiOS/os/hal/platforms/STM32/TIMv1/pwm_lld.c"
  37              		.loc 1 147 0
  38              		.cfi_startproc
  39              		@ args = 0, pretend = 0, frame = 0
  40              		@ frame_needed = 0, uses_anonymous_args = 0
  41 0000 08B5     		push	{r3, lr}
  42              		.cfi_def_cfa_offset 8
  43              		.cfi_offset 3, -8
  44              		.cfi_offset 14, -4
  45              		.loc 1 149 0
  46 0002 FFF7FEFF 		bl	dbg_check_enter_isr
  47              		.loc 1 151 0
  48 0006 074B     		ldr	r3, .L2
  49 0008 6FF00102 		mvn	r2, #1
  50 000c 1A61     		str	r2, [r3, #16]
  51              		.loc 1 152 0
  52 000e 064B     		ldr	r3, .L2+4
  53 0010 5B68     		ldr	r3, [r3, #4]
ARM GAS  /tmp/ccFkEblW.s 			page 2


  54 0012 9B68     		ldr	r3, [r3, #8]
  55 0014 0448     		ldr	r0, .L2+4
  56 0016 9847     		blx	r3
  57              		.loc 1 154 0
  58 0018 FFF7FEFF 		bl	dbg_check_leave_isr
  59 001c FFF7FEFF 		bl	_port_irq_epilogue
  60              		.loc 1 155 0
  61 0020 08BD     		pop	{r3, pc}
  62              	.L3:
  63 0022 00BF     		.align	2
  64              	.L2:
  65 0024 002C0140 		.word	1073818624
  66 0028 00000000 		.word	PWMD1
  67              		.cfi_endproc
  68              	.LFE118:
  69              		.size	VectorA4, .-VectorA4
  70 002c AFF30080 		.section	.text.VectorAC,"ax",%progbits
  71              		.align	2
  72              		.p2align 4,,15
  73              		.global	VectorAC
  74              		.thumb
  75              		.thumb_func
  76              		.type	VectorAC, %function
  77              	VectorAC:
  78              	.LFB119:
  79              		.loc 1 168 0
  80              		.cfi_startproc
  81              		@ args = 0, pretend = 0, frame = 8
  82              		@ frame_needed = 0, uses_anonymous_args = 0
  83 0000 00B5     		push	{lr}
  84              		.cfi_def_cfa_offset 4
  85              		.cfi_offset 14, -4
  86 0002 83B0     		sub	sp, sp, #12
  87              		.cfi_def_cfa_offset 16
  88              		.loc 1 171 0
  89 0004 FFF7FEFF 		bl	dbg_check_enter_isr
  90              		.loc 1 173 0
  91 0008 214B     		ldr	r3, .L9
  92 000a 1B69     		ldr	r3, [r3, #16]
  93 000c 9AB2     		uxth	r2, r3
  94 000e 204B     		ldr	r3, .L9
  95 0010 DB68     		ldr	r3, [r3, #12]
  96 0012 9BB2     		uxth	r3, r3
  97 0014 1340     		ands	r3, r3, r2
  98 0016 9BB2     		uxth	r3, r3
  99 0018 DBB2     		uxtb	r3, r3
 100 001a ADF80630 		strh	r3, [sp, #6]	@ movhi
 101              		.loc 1 174 0
 102 001e 1C4B     		ldr	r3, .L9
 103 0020 BDF80620 		ldrh	r2, [sp, #6]
 104 0024 D243     		mvns	r2, r2
 105 0026 1A61     		str	r2, [r3, #16]
 106              		.loc 1 175 0
 107 0028 BDF80630 		ldrh	r3, [sp, #6]
 108 002c 03F00203 		and	r3, r3, #2
 109 0030 002B     		cmp	r3, #0
 110 0032 04D0     		beq	.L5
ARM GAS  /tmp/ccFkEblW.s 			page 3


 111              		.loc 1 176 0
 112 0034 174B     		ldr	r3, .L9+4
 113 0036 5B68     		ldr	r3, [r3, #4]
 114 0038 1B69     		ldr	r3, [r3, #16]
 115 003a 1648     		ldr	r0, .L9+4
 116 003c 9847     		blx	r3
 117              	.L5:
 118              		.loc 1 177 0
 119 003e BDF80630 		ldrh	r3, [sp, #6]
 120 0042 03F00403 		and	r3, r3, #4
 121 0046 002B     		cmp	r3, #0
 122 0048 04D0     		beq	.L6
 123              		.loc 1 178 0
 124 004a 124B     		ldr	r3, .L9+4
 125 004c 5B68     		ldr	r3, [r3, #4]
 126 004e 9B69     		ldr	r3, [r3, #24]
 127 0050 1048     		ldr	r0, .L9+4
 128 0052 9847     		blx	r3
 129              	.L6:
 130              		.loc 1 179 0
 131 0054 BDF80630 		ldrh	r3, [sp, #6]
 132 0058 03F00803 		and	r3, r3, #8
 133 005c 002B     		cmp	r3, #0
 134 005e 04D0     		beq	.L7
 135              		.loc 1 180 0
 136 0060 0C4B     		ldr	r3, .L9+4
 137 0062 5B68     		ldr	r3, [r3, #4]
 138 0064 1B6A     		ldr	r3, [r3, #32]
 139 0066 0B48     		ldr	r0, .L9+4
 140 0068 9847     		blx	r3
 141              	.L7:
 142              		.loc 1 181 0
 143 006a BDF80630 		ldrh	r3, [sp, #6]
 144 006e 03F01003 		and	r3, r3, #16
 145 0072 002B     		cmp	r3, #0
 146 0074 04D0     		beq	.L8
 147              		.loc 1 182 0
 148 0076 074B     		ldr	r3, .L9+4
 149 0078 5B68     		ldr	r3, [r3, #4]
 150 007a 9B6A     		ldr	r3, [r3, #40]
 151 007c 0548     		ldr	r0, .L9+4
 152 007e 9847     		blx	r3
 153              	.L8:
 154              		.loc 1 184 0
 155 0080 FFF7FEFF 		bl	dbg_check_leave_isr
 156 0084 FFF7FEFF 		bl	_port_irq_epilogue
 157              		.loc 1 185 0
 158 0088 03B0     		add	sp, sp, #12
 159              		@ sp needed
 160 008a 5DF804FB 		ldr	pc, [sp], #4
 161              	.L10:
 162 008e 00BF     		.align	2
 163              	.L9:
 164 0090 002C0140 		.word	1073818624
 165 0094 00000000 		.word	PWMD1
 166              		.cfi_endproc
 167              	.LFE119:
ARM GAS  /tmp/ccFkEblW.s 			page 4


 168              		.size	VectorAC, .-VectorAC
 169 0098 AFF30080 		.section	.text.pwm_lld_init,"ax",%progbits
 169      AFF30080 
 170              		.align	2
 171              		.p2align 4,,15
 172              		.global	pwm_lld_init
 173              		.thumb
 174              		.thumb_func
 175              		.type	pwm_lld_init, %function
 176              	pwm_lld_init:
 177              	.LFB120:
 178              		.loc 1 345 0
 179              		.cfi_startproc
 180              		@ args = 0, pretend = 0, frame = 0
 181              		@ frame_needed = 0, uses_anonymous_args = 0
 182 0000 08B5     		push	{r3, lr}
 183              		.cfi_def_cfa_offset 8
 184              		.cfi_offset 3, -8
 185              		.cfi_offset 14, -4
 186              		.loc 1 349 0
 187 0002 0348     		ldr	r0, .L12
 188 0004 FFF7FEFF 		bl	pwmObjectInit
 189              		.loc 1 350 0
 190 0008 014B     		ldr	r3, .L12
 191 000a 024A     		ldr	r2, .L12+4
 192 000c 1A61     		str	r2, [r3, #16]
 193              		.loc 1 388 0
 194 000e 08BD     		pop	{r3, pc}
 195              	.L13:
 196              		.align	2
 197              	.L12:
 198 0010 00000000 		.word	PWMD1
 199 0014 002C0140 		.word	1073818624
 200              		.cfi_endproc
 201              	.LFE120:
 202              		.size	pwm_lld_init, .-pwm_lld_init
 203 0018 AFF30080 		.section	.rodata
 203      AFF30080 
 204              		.align	2
 205              	.LC0:
 206 0000 70776D5F 		.ascii	"pwm_lld_start(), #1\000"
 206      6C6C645F 
 206      73746172 
 206      7428292C 
 206      20233100 
 207              		.section	.text.pwm_lld_start,"ax",%progbits
 208              		.align	2
 209              		.p2align 4,,15
 210              		.global	pwm_lld_start
 211              		.thumb
 212              		.thumb_func
 213              		.type	pwm_lld_start, %function
 214              	pwm_lld_start:
 215              	.LFB121:
 216              		.loc 1 399 0
 217              		.cfi_startproc
 218              		@ args = 0, pretend = 0, frame = 16
ARM GAS  /tmp/ccFkEblW.s 			page 5


 219              		@ frame_needed = 0, uses_anonymous_args = 0
 220 0000 00B5     		push	{lr}
 221              		.cfi_def_cfa_offset 4
 222              		.cfi_offset 14, -4
 223 0002 85B0     		sub	sp, sp, #20
 224              		.cfi_def_cfa_offset 24
 225 0004 0190     		str	r0, [sp, #4]
 226              		.loc 1 403 0
 227 0006 019B     		ldr	r3, [sp, #4]
 228 0008 1B78     		ldrb	r3, [r3]	@ zero_extendqisi2
 229 000a 012B     		cmp	r3, #1
 230 000c 28D1     		bne	.L15
 231              		.loc 1 406 0
 232 000e 019A     		ldr	r2, [sp, #4]
 233 0010 7B4B     		ldr	r3, .L32
 234 0012 9A42     		cmp	r2, r3
 235 0014 19D1     		bne	.L16
 236              		.loc 1 407 0
 237 0016 7B4B     		ldr	r3, .L32+4
 238 0018 7A4A     		ldr	r2, .L32+4
 239 001a 9269     		ldr	r2, [r2, #24]
 240 001c 42F40062 		orr	r2, r2, #2048
 241 0020 9A61     		str	r2, [r3, #24]
 242              		.loc 1 408 0
 243 0022 784B     		ldr	r3, .L32+4
 244 0024 774A     		ldr	r2, .L32+4
 245 0026 D268     		ldr	r2, [r2, #12]
 246 0028 42F40072 		orr	r2, r2, #512
 247 002c DA60     		str	r2, [r3, #12]
 248 002e 754B     		ldr	r3, .L32+4
 249 0030 0022     		movs	r2, #0
 250 0032 DA60     		str	r2, [r3, #12]
 251              		.loc 1 409 0
 252 0034 1920     		movs	r0, #25
 253 0036 7021     		movs	r1, #112
 254 0038 FFF7FEFF 		bl	nvicEnableVector
 255              		.loc 1 411 0
 256 003c 1B20     		movs	r0, #27
 257 003e 7021     		movs	r1, #112
 258 0040 FFF7FEFF 		bl	nvicEnableVector
 259              		.loc 1 414 0
 260 0044 019B     		ldr	r3, [sp, #4]
 261 0046 704A     		ldr	r2, .L32+8
 262 0048 DA60     		str	r2, [r3, #12]
 263              	.L16:
 264              		.loc 1 484 0
 265 004a 019B     		ldr	r3, [sp, #4]
 266 004c 1B69     		ldr	r3, [r3, #16]
 267 004e 46F66802 		movw	r2, #26728
 268 0052 9A61     		str	r2, [r3, #24]
 269              		.loc 1 486 0
 270 0054 019B     		ldr	r3, [sp, #4]
 271 0056 1B69     		ldr	r3, [r3, #16]
 272 0058 46F66802 		movw	r2, #26728
 273 005c DA61     		str	r2, [r3, #28]
 274 005e 23E0     		b	.L17
 275              	.L15:
ARM GAS  /tmp/ccFkEblW.s 			page 6


 276              		.loc 1 491 0
 277 0060 019B     		ldr	r3, [sp, #4]
 278 0062 1B69     		ldr	r3, [r3, #16]
 279 0064 0022     		movs	r2, #0
 280 0066 1A60     		str	r2, [r3]
 281              		.loc 1 492 0
 282 0068 019B     		ldr	r3, [sp, #4]
 283 006a 1B69     		ldr	r3, [r3, #16]
 284 006c 019A     		ldr	r2, [sp, #4]
 285 006e 5268     		ldr	r2, [r2, #4]
 286 0070 126B     		ldr	r2, [r2, #48]
 287 0072 22F0FF02 		bic	r2, r2, #255
 288 0076 DA60     		str	r2, [r3, #12]
 289              		.loc 1 494 0
 290 0078 019B     		ldr	r3, [sp, #4]
 291 007a 1B69     		ldr	r3, [r3, #16]
 292 007c 0022     		movs	r2, #0
 293 007e 1A61     		str	r2, [r3, #16]
 294              		.loc 1 495 0
 295 0080 019B     		ldr	r3, [sp, #4]
 296 0082 1B69     		ldr	r3, [r3, #16]
 297 0084 0022     		movs	r2, #0
 298 0086 5A63     		str	r2, [r3, #52]
 299              		.loc 1 496 0
 300 0088 019B     		ldr	r3, [sp, #4]
 301 008a 1B69     		ldr	r3, [r3, #16]
 302 008c 0022     		movs	r2, #0
 303 008e 9A63     		str	r2, [r3, #56]
 304              		.loc 1 497 0
 305 0090 019B     		ldr	r3, [sp, #4]
 306 0092 1B69     		ldr	r3, [r3, #16]
 307 0094 0022     		movs	r2, #0
 308 0096 DA63     		str	r2, [r3, #60]
 309              		.loc 1 498 0
 310 0098 019B     		ldr	r3, [sp, #4]
 311 009a 1B69     		ldr	r3, [r3, #16]
 312 009c 0022     		movs	r2, #0
 313 009e 1A64     		str	r2, [r3, #64]
 314              		.loc 1 499 0
 315 00a0 019B     		ldr	r3, [sp, #4]
 316 00a2 1B69     		ldr	r3, [r3, #16]
 317 00a4 0022     		movs	r2, #0
 318 00a6 5A62     		str	r2, [r3, #36]
 319              	.L17:
 320              		.loc 1 503 0
 321 00a8 019B     		ldr	r3, [sp, #4]
 322 00aa DA68     		ldr	r2, [r3, #12]
 323 00ac 019B     		ldr	r3, [sp, #4]
 324 00ae 5B68     		ldr	r3, [r3, #4]
 325 00b0 1B68     		ldr	r3, [r3]
 326 00b2 B2FBF3F3 		udiv	r3, r2, r3
 327 00b6 013B     		subs	r3, r3, #1
 328 00b8 0293     		str	r3, [sp, #8]
 329              		.loc 1 504 0
 330 00ba 029B     		ldr	r3, [sp, #8]
 331 00bc B3F5803F 		cmp	r3, #65536
 332 00c0 0AD2     		bcs	.L18
ARM GAS  /tmp/ccFkEblW.s 			page 7


 333              		.loc 1 504 0 is_stmt 0 discriminator 2
 334 00c2 029B     		ldr	r3, [sp, #8]
 335 00c4 0133     		adds	r3, r3, #1
 336 00c6 019A     		ldr	r2, [sp, #4]
 337 00c8 5268     		ldr	r2, [r2, #4]
 338 00ca 1268     		ldr	r2, [r2]
 339 00cc 02FB03F2 		mul	r2, r2, r3
 340 00d0 019B     		ldr	r3, [sp, #4]
 341 00d2 DB68     		ldr	r3, [r3, #12]
 342 00d4 9A42     		cmp	r2, r3
 343 00d6 02D0     		beq	.L19
 344              	.L18:
 345              		.loc 1 504 0 discriminator 1
 346 00d8 4C48     		ldr	r0, .L32+12
 347 00da FFF7FEFF 		bl	chDbgPanic
 348              	.L19:
 349              		.loc 1 507 0 is_stmt 1
 350 00de 019B     		ldr	r3, [sp, #4]
 351 00e0 1B69     		ldr	r3, [r3, #16]
 352 00e2 029A     		ldr	r2, [sp, #8]
 353 00e4 92B2     		uxth	r2, r2
 354 00e6 9A62     		str	r2, [r3, #40]
 355              		.loc 1 508 0
 356 00e8 019B     		ldr	r3, [sp, #4]
 357 00ea 1B69     		ldr	r3, [r3, #16]
 358 00ec 019A     		ldr	r2, [sp, #4]
 359 00ee 1289     		ldrh	r2, [r2, #8]
 360 00f0 013A     		subs	r2, r2, #1
 361 00f2 92B2     		uxth	r2, r2
 362 00f4 DA62     		str	r2, [r3, #44]
 363              		.loc 1 509 0
 364 00f6 019B     		ldr	r3, [sp, #4]
 365 00f8 1B69     		ldr	r3, [r3, #16]
 366 00fa 019A     		ldr	r2, [sp, #4]
 367 00fc 5268     		ldr	r2, [r2, #4]
 368 00fe D26A     		ldr	r2, [r2, #44]
 369 0100 5A60     		str	r2, [r3, #4]
 370              		.loc 1 512 0
 371 0102 0023     		movs	r3, #0
 372 0104 ADF80E30 		strh	r3, [sp, #14]	@ movhi
 373              		.loc 1 513 0
 374 0108 019B     		ldr	r3, [sp, #4]
 375 010a 5B68     		ldr	r3, [r3, #4]
 376 010c DB68     		ldr	r3, [r3, #12]
 377 010e 03F00F03 		and	r3, r3, #15
 378 0112 012B     		cmp	r3, #1
 379 0114 07D0     		beq	.L21
 380 0116 022B     		cmp	r3, #2
 381 0118 0BD1     		bne	.L20
 382              		.loc 1 515 0
 383 011a BDF80E30 		ldrh	r3, [sp, #14]	@ movhi
 384 011e 43F00203 		orr	r3, r3, #2
 385 0122 ADF80E30 		strh	r3, [sp, #14]	@ movhi
 386              	.L21:
 387              		.loc 1 517 0
 388 0126 BDF80E30 		ldrh	r3, [sp, #14]	@ movhi
 389 012a 43F00103 		orr	r3, r3, #1
ARM GAS  /tmp/ccFkEblW.s 			page 8


 390 012e ADF80E30 		strh	r3, [sp, #14]	@ movhi
 391              	.L20:
 392              		.loc 1 521 0
 393 0132 019B     		ldr	r3, [sp, #4]
 394 0134 5B68     		ldr	r3, [r3, #4]
 395 0136 5B69     		ldr	r3, [r3, #20]
 396 0138 03F00F03 		and	r3, r3, #15
 397 013c 012B     		cmp	r3, #1
 398 013e 07D0     		beq	.L24
 399 0140 022B     		cmp	r3, #2
 400 0142 0BD1     		bne	.L23
 401              		.loc 1 523 0
 402 0144 BDF80E30 		ldrh	r3, [sp, #14]	@ movhi
 403 0148 43F02003 		orr	r3, r3, #32
 404 014c ADF80E30 		strh	r3, [sp, #14]	@ movhi
 405              	.L24:
 406              		.loc 1 525 0
 407 0150 BDF80E30 		ldrh	r3, [sp, #14]	@ movhi
 408 0154 43F01003 		orr	r3, r3, #16
 409 0158 ADF80E30 		strh	r3, [sp, #14]	@ movhi
 410              	.L23:
 411              		.loc 1 529 0
 412 015c 019B     		ldr	r3, [sp, #4]
 413 015e 5B68     		ldr	r3, [r3, #4]
 414 0160 DB69     		ldr	r3, [r3, #28]
 415 0162 03F00F03 		and	r3, r3, #15
 416 0166 012B     		cmp	r3, #1
 417 0168 07D0     		beq	.L27
 418 016a 022B     		cmp	r3, #2
 419 016c 0BD1     		bne	.L26
 420              		.loc 1 531 0
 421 016e BDF80E30 		ldrh	r3, [sp, #14]	@ movhi
 422 0172 43F40073 		orr	r3, r3, #512
 423 0176 ADF80E30 		strh	r3, [sp, #14]	@ movhi
 424              	.L27:
 425              		.loc 1 533 0
 426 017a BDF80E30 		ldrh	r3, [sp, #14]	@ movhi
 427 017e 43F48073 		orr	r3, r3, #256
 428 0182 ADF80E30 		strh	r3, [sp, #14]	@ movhi
 429              	.L26:
 430              		.loc 1 537 0
 431 0186 019B     		ldr	r3, [sp, #4]
 432 0188 5B68     		ldr	r3, [r3, #4]
 433 018a 5B6A     		ldr	r3, [r3, #36]
 434 018c 03F00F03 		and	r3, r3, #15
 435 0190 012B     		cmp	r3, #1
 436 0192 07D0     		beq	.L30
 437 0194 022B     		cmp	r3, #2
 438 0196 0BD1     		bne	.L29
 439              		.loc 1 539 0
 440 0198 BDF80E30 		ldrh	r3, [sp, #14]	@ movhi
 441 019c 43F40053 		orr	r3, r3, #8192
 442 01a0 ADF80E30 		strh	r3, [sp, #14]	@ movhi
 443              	.L30:
 444              		.loc 1 541 0
 445 01a4 BDF80E30 		ldrh	r3, [sp, #14]	@ movhi
 446 01a8 43F48053 		orr	r3, r3, #4096
ARM GAS  /tmp/ccFkEblW.s 			page 9


 447 01ac ADF80E30 		strh	r3, [sp, #14]	@ movhi
 448              	.L29:
 449              		.loc 1 582 0
 450 01b0 019B     		ldr	r3, [sp, #4]
 451 01b2 1B69     		ldr	r3, [r3, #16]
 452 01b4 BDF80E20 		ldrh	r2, [sp, #14]
 453 01b8 1A62     		str	r2, [r3, #32]
 454              		.loc 1 583 0
 455 01ba 019B     		ldr	r3, [sp, #4]
 456 01bc 1B69     		ldr	r3, [r3, #16]
 457 01be 0122     		movs	r2, #1
 458 01c0 5A61     		str	r2, [r3, #20]
 459              		.loc 1 584 0
 460 01c2 019B     		ldr	r3, [sp, #4]
 461 01c4 1B69     		ldr	r3, [r3, #16]
 462 01c6 019A     		ldr	r2, [sp, #4]
 463 01c8 1269     		ldr	r2, [r2, #16]
 464 01ca D168     		ldr	r1, [r2, #12]
 465 01cc 019A     		ldr	r2, [sp, #4]
 466 01ce 5268     		ldr	r2, [r2, #4]
 467 01d0 9268     		ldr	r2, [r2, #8]
 468 01d2 002A     		cmp	r2, #0
 469 01d4 0CBF     		ite	eq
 470 01d6 0022     		moveq	r2, #0
 471 01d8 0122     		movne	r2, #1
 472 01da D2B2     		uxtb	r2, r2
 473 01dc 0A43     		orrs	r2, r2, r1
 474 01de DA60     		str	r2, [r3, #12]
 475              		.loc 1 585 0
 476 01e0 019B     		ldr	r3, [sp, #4]
 477 01e2 1B69     		ldr	r3, [r3, #16]
 478 01e4 0022     		movs	r2, #0
 479 01e6 1A61     		str	r2, [r3, #16]
 480              		.loc 1 590 0
 481 01e8 019B     		ldr	r3, [sp, #4]
 482 01ea 1B69     		ldr	r3, [r3, #16]
 483 01ec 4FF40042 		mov	r2, #32768
 484 01f0 5A64     		str	r2, [r3, #68]
 485              		.loc 1 594 0
 486 01f2 019B     		ldr	r3, [sp, #4]
 487 01f4 1B69     		ldr	r3, [r3, #16]
 488 01f6 8522     		movs	r2, #133
 489 01f8 1A60     		str	r2, [r3]
 490              		.loc 1 596 0
 491 01fa 05B0     		add	sp, sp, #20
 492              		@ sp needed
 493 01fc 5DF804FB 		ldr	pc, [sp], #4
 494              	.L33:
 495              		.align	2
 496              	.L32:
 497 0200 00000000 		.word	PWMD1
 498 0204 00100240 		.word	1073876992
 499 0208 00512502 		.word	36000000
 500 020c 00000000 		.word	.LC0
 501              		.cfi_endproc
 502              	.LFE121:
 503              		.size	pwm_lld_start, .-pwm_lld_start
ARM GAS  /tmp/ccFkEblW.s 			page 10


 504              		.section	.text.pwm_lld_stop,"ax",%progbits
 505              		.align	2
 506              		.p2align 4,,15
 507              		.global	pwm_lld_stop
 508              		.thumb
 509              		.thumb_func
 510              		.type	pwm_lld_stop, %function
 511              	pwm_lld_stop:
 512              	.LFB122:
 513              		.loc 1 605 0
 514              		.cfi_startproc
 515              		@ args = 0, pretend = 0, frame = 8
 516              		@ frame_needed = 0, uses_anonymous_args = 0
 517 0000 00B5     		push	{lr}
 518              		.cfi_def_cfa_offset 4
 519              		.cfi_offset 14, -4
 520 0002 83B0     		sub	sp, sp, #12
 521              		.cfi_def_cfa_offset 16
 522 0004 0190     		str	r0, [sp, #4]
 523              		.loc 1 608 0
 524 0006 019B     		ldr	r3, [sp, #4]
 525 0008 1B78     		ldrb	r3, [r3]	@ zero_extendqisi2
 526 000a 022B     		cmp	r3, #2
 527 000c 1FD1     		bne	.L34
 528              		.loc 1 609 0
 529 000e 019B     		ldr	r3, [sp, #4]
 530 0010 1B69     		ldr	r3, [r3, #16]
 531 0012 0022     		movs	r2, #0
 532 0014 1A60     		str	r2, [r3]
 533              		.loc 1 610 0
 534 0016 019B     		ldr	r3, [sp, #4]
 535 0018 1B69     		ldr	r3, [r3, #16]
 536 001a 0022     		movs	r2, #0
 537 001c DA60     		str	r2, [r3, #12]
 538              		.loc 1 611 0
 539 001e 019B     		ldr	r3, [sp, #4]
 540 0020 1B69     		ldr	r3, [r3, #16]
 541 0022 0022     		movs	r2, #0
 542 0024 1A61     		str	r2, [r3, #16]
 543              		.loc 1 613 0
 544 0026 019B     		ldr	r3, [sp, #4]
 545 0028 1B69     		ldr	r3, [r3, #16]
 546 002a 0022     		movs	r2, #0
 547 002c 5A64     		str	r2, [r3, #68]
 548              		.loc 1 617 0
 549 002e 019A     		ldr	r2, [sp, #4]
 550 0030 084B     		ldr	r3, .L36
 551 0032 9A42     		cmp	r2, r3
 552 0034 0BD1     		bne	.L34
 553              		.loc 1 618 0
 554 0036 1920     		movs	r0, #25
 555 0038 FFF7FEFF 		bl	nvicDisableVector
 556              		.loc 1 619 0
 557 003c 1B20     		movs	r0, #27
 558 003e FFF7FEFF 		bl	nvicDisableVector
 559              		.loc 1 620 0
 560 0042 054B     		ldr	r3, .L36+4
ARM GAS  /tmp/ccFkEblW.s 			page 11


 561 0044 044A     		ldr	r2, .L36+4
 562 0046 9269     		ldr	r2, [r2, #24]
 563 0048 22F40062 		bic	r2, r2, #2048
 564 004c 9A61     		str	r2, [r3, #24]
 565              	.L34:
 566              		.loc 1 661 0
 567 004e 03B0     		add	sp, sp, #12
 568              		@ sp needed
 569 0050 5DF804FB 		ldr	pc, [sp], #4
 570              	.L37:
 571              		.align	2
 572              	.L36:
 573 0054 00000000 		.word	PWMD1
 574 0058 00100240 		.word	1073876992
 575              		.cfi_endproc
 576              	.LFE122:
 577              		.size	pwm_lld_stop, .-pwm_lld_stop
 578 005c AFF30080 		.section	.text.pwm_lld_enable_channel,"ax",%progbits
 579              		.align	2
 580              		.p2align 4,,15
 581              		.global	pwm_lld_enable_channel
 582              		.thumb
 583              		.thumb_func
 584              		.type	pwm_lld_enable_channel, %function
 585              	pwm_lld_enable_channel:
 586              	.LFB123:
 587              		.loc 1 677 0
 588              		.cfi_startproc
 589              		@ args = 0, pretend = 0, frame = 16
 590              		@ frame_needed = 0, uses_anonymous_args = 0
 591              		@ link register save eliminated.
 592 0000 84B0     		sub	sp, sp, #16
 593              		.cfi_def_cfa_offset 16
 594 0002 0190     		str	r0, [sp, #4]
 595 0004 1346     		mov	r3, r2
 596 0006 0A46     		mov	r2, r1
 597 0008 8DF80320 		strb	r2, [sp, #3]
 598 000c ADF80030 		strh	r3, [sp]	@ movhi
 599              		.loc 1 679 0
 600 0010 019B     		ldr	r3, [sp, #4]
 601 0012 1969     		ldr	r1, [r3, #16]
 602 0014 9DF80330 		ldrb	r3, [sp, #3]	@ zero_extendqisi2
 603 0018 BDF80020 		ldrh	r2, [sp]
 604 001c 0C33     		adds	r3, r3, #12
 605 001e 9B00     		lsls	r3, r3, #2
 606 0020 0B44     		add	r3, r3, r1
 607 0022 5A60     		str	r2, [r3, #4]
 608              		.loc 1 682 0
 609 0024 019B     		ldr	r3, [sp, #4]
 610 0026 5A68     		ldr	r2, [r3, #4]
 611 0028 9DF80330 		ldrb	r3, [sp, #3]	@ zero_extendqisi2
 612 002c 0133     		adds	r3, r3, #1
 613 002e DB00     		lsls	r3, r3, #3
 614 0030 1344     		add	r3, r3, r2
 615 0032 9B68     		ldr	r3, [r3, #8]
 616 0034 002B     		cmp	r3, #0
 617 0036 21D0     		beq	.L38
ARM GAS  /tmp/ccFkEblW.s 			page 12


 618              	.LBB2:
 619              		.loc 1 683 0
 620 0038 019B     		ldr	r3, [sp, #4]
 621 003a 1B69     		ldr	r3, [r3, #16]
 622 003c DB68     		ldr	r3, [r3, #12]
 623 003e 0393     		str	r3, [sp, #12]
 624              		.loc 1 686 0
 625 0040 9DF80330 		ldrb	r3, [sp, #3]	@ zero_extendqisi2
 626 0044 0222     		movs	r2, #2
 627 0046 02FA03F3 		lsl	r3, r2, r3
 628 004a 1A46     		mov	r2, r3
 629 004c 039B     		ldr	r3, [sp, #12]
 630 004e 1340     		ands	r3, r3, r2
 631 0050 002B     		cmp	r3, #0
 632 0052 13D1     		bne	.L38
 633              		.loc 1 687 0
 634 0054 019B     		ldr	r3, [sp, #4]
 635 0056 1B69     		ldr	r3, [r3, #16]
 636 0058 9DF80320 		ldrb	r2, [sp, #3]	@ zero_extendqisi2
 637 005c 0221     		movs	r1, #2
 638 005e 01FA02F2 		lsl	r2, r1, r2
 639 0062 1146     		mov	r1, r2
 640 0064 039A     		ldr	r2, [sp, #12]
 641 0066 0A43     		orrs	r2, r2, r1
 642 0068 DA60     		str	r2, [r3, #12]
 643              		.loc 1 688 0
 644 006a 019B     		ldr	r3, [sp, #4]
 645 006c 1B69     		ldr	r3, [r3, #16]
 646 006e 9DF80320 		ldrb	r2, [sp, #3]	@ zero_extendqisi2
 647 0072 0221     		movs	r1, #2
 648 0074 01FA02F2 		lsl	r2, r1, r2
 649 0078 D243     		mvns	r2, r2
 650 007a 1A61     		str	r2, [r3, #16]
 651              	.L38:
 652              	.LBE2:
 653              		.loc 1 691 0
 654 007c 04B0     		add	sp, sp, #16
 655              		@ sp needed
 656 007e 7047     		bx	lr
 657              		.cfi_endproc
 658              	.LFE123:
 659              		.size	pwm_lld_enable_channel, .-pwm_lld_enable_channel
 660              		.section	.text.pwm_lld_disable_channel,"ax",%progbits
 661              		.align	2
 662              		.p2align 4,,15
 663              		.global	pwm_lld_disable_channel
 664              		.thumb
 665              		.thumb_func
 666              		.type	pwm_lld_disable_channel, %function
 667              	pwm_lld_disable_channel:
 668              	.LFB124:
 669              		.loc 1 705 0
 670              		.cfi_startproc
 671              		@ args = 0, pretend = 0, frame = 8
 672              		@ frame_needed = 0, uses_anonymous_args = 0
 673              		@ link register save eliminated.
 674 0000 82B0     		sub	sp, sp, #8
ARM GAS  /tmp/ccFkEblW.s 			page 13


 675              		.cfi_def_cfa_offset 8
 676 0002 0190     		str	r0, [sp, #4]
 677 0004 0B46     		mov	r3, r1
 678 0006 8DF80330 		strb	r3, [sp, #3]
 679              		.loc 1 707 0
 680 000a 019B     		ldr	r3, [sp, #4]
 681 000c 1A69     		ldr	r2, [r3, #16]
 682 000e 9DF80330 		ldrb	r3, [sp, #3]	@ zero_extendqisi2
 683 0012 0C33     		adds	r3, r3, #12
 684 0014 9B00     		lsls	r3, r3, #2
 685 0016 1344     		add	r3, r3, r2
 686 0018 0022     		movs	r2, #0
 687 001a 5A60     		str	r2, [r3, #4]
 688              		.loc 1 708 0
 689 001c 019B     		ldr	r3, [sp, #4]
 690 001e 1B69     		ldr	r3, [r3, #16]
 691 0020 019A     		ldr	r2, [sp, #4]
 692 0022 1269     		ldr	r2, [r2, #16]
 693 0024 D168     		ldr	r1, [r2, #12]
 694 0026 9DF80320 		ldrb	r2, [sp, #3]	@ zero_extendqisi2
 695 002a 0220     		movs	r0, #2
 696 002c 00FA02F2 		lsl	r2, r0, r2
 697 0030 D243     		mvns	r2, r2
 698 0032 0A40     		ands	r2, r2, r1
 699 0034 DA60     		str	r2, [r3, #12]
 700              		.loc 1 709 0
 701 0036 02B0     		add	sp, sp, #8
 702              		@ sp needed
 703 0038 7047     		bx	lr
 704              		.cfi_endproc
 705              	.LFE124:
 706              		.size	pwm_lld_disable_channel, .-pwm_lld_disable_channel
 707 003a 00BFAFF3 		.text
 707      0080
 708              	.Letext0:
 709              		.file 2 "/usr/include/newlib/machine/_default_types.h"
 710              		.file 3 "/usr/include/newlib/stdint.h"
 711              		.file 4 "/home/dave/r2p-sdk/core/ChibiOS/os/hal/platforms/STM32F30x/stm32f30x.h"
 712              		.file 5 "/home/dave/r2p-sdk/core/ChibiOS/os/hal/include/pwm.h"
 713              		.file 6 "/home/dave/r2p-sdk/core/ChibiOS/os/hal/platforms/STM32/TIMv1/pwm_lld.h"
 714              		.file 7 "/home/dave/r2p-sdk/core/ChibiOS/os/hal/platforms/STM32/TIMv1/stm32_tim.h"
 715              		.file 8 "/home/dave/r2p-sdk/core/ChibiOS/os/ports/common/ARMCMx/CMSIS/include/core_cm4.h"
 716              		.section	.debug_info,"",%progbits
 717              	.Ldebug_info0:
 718 0000 AD050000 		.4byte	0x5ad
 719 0004 0400     		.2byte	0x4
 720 0006 00000000 		.4byte	.Ldebug_abbrev0
 721 000a 04       		.byte	0x4
 722 000b 01       		.uleb128 0x1
 723 000c 12000000 		.4byte	.LASF75
 724 0010 01       		.byte	0x1
 725 0011 D9010000 		.4byte	.LASF76
 726 0015 00000000 		.4byte	.Ldebug_ranges0+0
 727 0019 00000000 		.4byte	0
 728 001d 00000000 		.4byte	.Ldebug_line0
 729 0021 02       		.uleb128 0x2
 730 0022 04       		.byte	0x4
ARM GAS  /tmp/ccFkEblW.s 			page 14


 731 0023 05       		.byte	0x5
 732 0024 696E7400 		.ascii	"int\000"
 733 0028 03       		.uleb128 0x3
 734 0029 04       		.byte	0x4
 735 002a 07       		.byte	0x7
 736 002b BC020000 		.4byte	.LASF0
 737 002f 03       		.uleb128 0x3
 738 0030 01       		.byte	0x1
 739 0031 06       		.byte	0x6
 740 0032 99020000 		.4byte	.LASF1
 741 0036 04       		.uleb128 0x4
 742 0037 29020000 		.4byte	.LASF4
 743 003b 02       		.byte	0x2
 744 003c 1D       		.byte	0x1d
 745 003d 41000000 		.4byte	0x41
 746 0041 03       		.uleb128 0x3
 747 0042 01       		.byte	0x1
 748 0043 08       		.byte	0x8
 749 0044 6C020000 		.4byte	.LASF2
 750 0048 03       		.uleb128 0x3
 751 0049 02       		.byte	0x2
 752 004a 05       		.byte	0x5
 753 004b 1B010000 		.4byte	.LASF3
 754 004f 04       		.uleb128 0x4
 755 0050 59010000 		.4byte	.LASF5
 756 0054 02       		.byte	0x2
 757 0055 2B       		.byte	0x2b
 758 0056 5A000000 		.4byte	0x5a
 759 005a 03       		.uleb128 0x3
 760 005b 02       		.byte	0x2
 761 005c 07       		.byte	0x7
 762 005d E6020000 		.4byte	.LASF6
 763 0061 04       		.uleb128 0x4
 764 0062 79030000 		.4byte	.LASF7
 765 0066 02       		.byte	0x2
 766 0067 3F       		.byte	0x3f
 767 0068 6C000000 		.4byte	0x6c
 768 006c 03       		.uleb128 0x3
 769 006d 04       		.byte	0x4
 770 006e 05       		.byte	0x5
 771 006f BF010000 		.4byte	.LASF8
 772 0073 04       		.uleb128 0x4
 773 0074 49010000 		.4byte	.LASF9
 774 0078 02       		.byte	0x2
 775 0079 41       		.byte	0x41
 776 007a 7E000000 		.4byte	0x7e
 777 007e 03       		.uleb128 0x3
 778 007f 04       		.byte	0x4
 779 0080 07       		.byte	0x7
 780 0081 49030000 		.4byte	.LASF10
 781 0085 03       		.uleb128 0x3
 782 0086 08       		.byte	0x8
 783 0087 05       		.byte	0x5
 784 0088 B1010000 		.4byte	.LASF11
 785 008c 03       		.uleb128 0x3
 786 008d 08       		.byte	0x8
 787 008e 07       		.byte	0x7
ARM GAS  /tmp/ccFkEblW.s 			page 15


 788 008f A5020000 		.4byte	.LASF12
 789 0093 04       		.uleb128 0x4
 790 0094 79010000 		.4byte	.LASF13
 791 0098 03       		.byte	0x3
 792 0099 2A       		.byte	0x2a
 793 009a 36000000 		.4byte	0x36
 794 009e 04       		.uleb128 0x4
 795 009f 0B030000 		.4byte	.LASF14
 796 00a3 03       		.byte	0x3
 797 00a4 36       		.byte	0x36
 798 00a5 4F000000 		.4byte	0x4f
 799 00a9 04       		.uleb128 0x4
 800 00aa 2A030000 		.4byte	.LASF15
 801 00ae 03       		.byte	0x3
 802 00af 41       		.byte	0x41
 803 00b0 61000000 		.4byte	0x61
 804 00b4 04       		.uleb128 0x4
 805 00b5 89010000 		.4byte	.LASF16
 806 00b9 03       		.byte	0x3
 807 00ba 42       		.byte	0x42
 808 00bb 73000000 		.4byte	0x73
 809 00bf 03       		.uleb128 0x3
 810 00c0 01       		.byte	0x1
 811 00c1 02       		.byte	0x2
 812 00c2 32030000 		.4byte	.LASF17
 813 00c6 05       		.uleb128 0x5
 814 00c7 B4000000 		.4byte	0xb4
 815 00cb 03       		.uleb128 0x3
 816 00cc 04       		.byte	0x4
 817 00cd 07       		.byte	0x7
 818 00ce 2E010000 		.4byte	.LASF18
 819 00d2 03       		.uleb128 0x3
 820 00d3 01       		.byte	0x1
 821 00d4 08       		.byte	0x8
 822 00d5 06030000 		.4byte	.LASF19
 823 00d9 06       		.uleb128 0x6
 824 00da B4000000 		.4byte	0xb4
 825 00de E9000000 		.4byte	0xe9
 826 00e2 07       		.uleb128 0x7
 827 00e3 CB000000 		.4byte	0xcb
 828 00e7 03       		.byte	0x3
 829 00e8 00       		.byte	0
 830 00e9 05       		.uleb128 0x5
 831 00ea A9000000 		.4byte	0xa9
 832 00ee 08       		.uleb128 0x8
 833 00ef 34       		.byte	0x34
 834 00f0 04       		.byte	0x4
 835 00f1 8502     		.2byte	0x285
 836 00f3 A0010000 		.4byte	0x1a0
 837 00f7 09       		.uleb128 0x9
 838 00f8 435200   		.ascii	"CR\000"
 839 00fb 04       		.byte	0x4
 840 00fc 8702     		.2byte	0x287
 841 00fe C6000000 		.4byte	0xc6
 842 0102 00       		.byte	0
 843 0103 0A       		.uleb128 0xa
 844 0104 6B010000 		.4byte	.LASF20
ARM GAS  /tmp/ccFkEblW.s 			page 16


 845 0108 04       		.byte	0x4
 846 0109 8802     		.2byte	0x288
 847 010b C6000000 		.4byte	0xc6
 848 010f 04       		.byte	0x4
 849 0110 09       		.uleb128 0x9
 850 0111 43495200 		.ascii	"CIR\000"
 851 0115 04       		.byte	0x4
 852 0116 8902     		.2byte	0x289
 853 0118 C6000000 		.4byte	0xc6
 854 011c 08       		.byte	0x8
 855 011d 0A       		.uleb128 0xa
 856 011e 20020000 		.4byte	.LASF21
 857 0122 04       		.byte	0x4
 858 0123 8A02     		.2byte	0x28a
 859 0125 C6000000 		.4byte	0xc6
 860 0129 0C       		.byte	0xc
 861 012a 0A       		.uleb128 0xa
 862 012b 01010000 		.4byte	.LASF22
 863 012f 04       		.byte	0x4
 864 0130 8B02     		.2byte	0x28b
 865 0132 C6000000 		.4byte	0xc6
 866 0136 10       		.byte	0x10
 867 0137 0A       		.uleb128 0xa
 868 0138 D5020000 		.4byte	.LASF23
 869 013c 04       		.byte	0x4
 870 013d 8C02     		.2byte	0x28c
 871 013f C6000000 		.4byte	0xc6
 872 0143 14       		.byte	0x14
 873 0144 0A       		.uleb128 0xa
 874 0145 91020000 		.4byte	.LASF24
 875 0149 04       		.byte	0x4
 876 014a 8D02     		.2byte	0x28d
 877 014c C6000000 		.4byte	0xc6
 878 0150 18       		.byte	0x18
 879 0151 0A       		.uleb128 0xa
 880 0152 81010000 		.4byte	.LASF25
 881 0156 04       		.byte	0x4
 882 0157 8E02     		.2byte	0x28e
 883 0159 C6000000 		.4byte	0xc6
 884 015d 1C       		.byte	0x1c
 885 015e 0A       		.uleb128 0xa
 886 015f 37010000 		.4byte	.LASF26
 887 0163 04       		.byte	0x4
 888 0164 8F02     		.2byte	0x28f
 889 0166 C6000000 		.4byte	0xc6
 890 016a 20       		.byte	0x20
 891 016b 09       		.uleb128 0x9
 892 016c 43535200 		.ascii	"CSR\000"
 893 0170 04       		.byte	0x4
 894 0171 9002     		.2byte	0x290
 895 0173 C6000000 		.4byte	0xc6
 896 0177 24       		.byte	0x24
 897 0178 0A       		.uleb128 0xa
 898 0179 A9010000 		.4byte	.LASF27
 899 017d 04       		.byte	0x4
 900 017e 9102     		.2byte	0x291
 901 0180 C6000000 		.4byte	0xc6
ARM GAS  /tmp/ccFkEblW.s 			page 17


 902 0184 28       		.byte	0x28
 903 0185 0A       		.uleb128 0xa
 904 0186 C9020000 		.4byte	.LASF28
 905 018a 04       		.byte	0x4
 906 018b 9202     		.2byte	0x292
 907 018d C6000000 		.4byte	0xc6
 908 0191 2C       		.byte	0x2c
 909 0192 0A       		.uleb128 0xa
 910 0193 CF020000 		.4byte	.LASF29
 911 0197 04       		.byte	0x4
 912 0198 9302     		.2byte	0x293
 913 019a C6000000 		.4byte	0xc6
 914 019e 30       		.byte	0x30
 915 019f 00       		.byte	0
 916 01a0 0B       		.uleb128 0xb
 917 01a1 9D010000 		.4byte	.LASF30
 918 01a5 04       		.byte	0x4
 919 01a6 9402     		.2byte	0x294
 920 01a8 EE000000 		.4byte	0xee
 921 01ac 0C       		.uleb128 0xc
 922 01ad 01       		.byte	0x1
 923 01ae 05       		.byte	0x5
 924 01af 55       		.byte	0x55
 925 01b0 C7010000 		.4byte	0x1c7
 926 01b4 0D       		.uleb128 0xd
 927 01b5 61020000 		.4byte	.LASF31
 928 01b9 00       		.sleb128 0
 929 01ba 0D       		.uleb128 0xd
 930 01bb 8D030000 		.4byte	.LASF32
 931 01bf 01       		.sleb128 1
 932 01c0 0D       		.uleb128 0xd
 933 01c1 83030000 		.4byte	.LASF33
 934 01c5 02       		.sleb128 2
 935 01c6 00       		.byte	0
 936 01c7 04       		.uleb128 0x4
 937 01c8 DC030000 		.4byte	.LASF34
 938 01cc 05       		.byte	0x5
 939 01cd 59       		.byte	0x59
 940 01ce AC010000 		.4byte	0x1ac
 941 01d2 04       		.uleb128 0x4
 942 01d3 20030000 		.4byte	.LASF35
 943 01d7 05       		.byte	0x5
 944 01d8 5E       		.byte	0x5e
 945 01d9 DD010000 		.4byte	0x1dd
 946 01dd 0E       		.uleb128 0xe
 947 01de 20030000 		.4byte	.LASF35
 948 01e2 14       		.byte	0x14
 949 01e3 06       		.byte	0x6
 950 01e4 6F01     		.2byte	0x16f
 951 01e6 2C020000 		.4byte	0x22c
 952 01ea 0A       		.uleb128 0xa
 953 01eb 0F010000 		.4byte	.LASF36
 954 01ef 06       		.byte	0x6
 955 01f0 7301     		.2byte	0x173
 956 01f2 C7010000 		.4byte	0x1c7
 957 01f6 00       		.byte	0
 958 01f7 0A       		.uleb128 0xa
ARM GAS  /tmp/ccFkEblW.s 			page 18


 959 01f8 64010000 		.4byte	.LASF37
 960 01fc 06       		.byte	0x6
 961 01fd 7701     		.2byte	0x177
 962 01ff 40040000 		.4byte	0x440
 963 0203 04       		.byte	0x4
 964 0204 0A       		.uleb128 0xa
 965 0205 D2010000 		.4byte	.LASF38
 966 0209 06       		.byte	0x6
 967 020a 7B01     		.2byte	0x17b
 968 020c 90030000 		.4byte	0x390
 969 0210 08       		.byte	0x8
 970 0211 0A       		.uleb128 0xa
 971 0212 5B030000 		.4byte	.LASF39
 972 0216 06       		.byte	0x6
 973 0217 8301     		.2byte	0x183
 974 0219 B4000000 		.4byte	0xb4
 975 021d 0C       		.byte	0xc
 976 021e 09       		.uleb128 0x9
 977 021f 74696D00 		.ascii	"tim\000"
 978 0223 06       		.byte	0x6
 979 0224 8701     		.2byte	0x187
 980 0226 4B040000 		.4byte	0x44b
 981 022a 10       		.byte	0x10
 982 022b 00       		.byte	0
 983 022c 04       		.uleb128 0x4
 984 022d E7030000 		.4byte	.LASF40
 985 0231 05       		.byte	0x5
 986 0232 65       		.byte	0x65
 987 0233 37020000 		.4byte	0x237
 988 0237 0F       		.uleb128 0xf
 989 0238 04       		.byte	0x4
 990 0239 3D020000 		.4byte	0x23d
 991 023d 10       		.uleb128 0x10
 992 023e 48020000 		.4byte	0x248
 993 0242 11       		.uleb128 0x11
 994 0243 48020000 		.4byte	0x248
 995 0247 00       		.byte	0
 996 0248 0F       		.uleb128 0xf
 997 0249 04       		.byte	0x4
 998 024a D2010000 		.4byte	0x1d2
 999 024e 08       		.uleb128 0x8
 1000 024f 60       		.byte	0x60
 1001 0250 07       		.byte	0x7
 1002 0251 9E01     		.2byte	0x19e
 1003 0253 67030000 		.4byte	0x367
 1004 0257 09       		.uleb128 0x9
 1005 0258 43523100 		.ascii	"CR1\000"
 1006 025c 07       		.byte	0x7
 1007 025d 9F01     		.2byte	0x19f
 1008 025f C6000000 		.4byte	0xc6
 1009 0263 00       		.byte	0
 1010 0264 09       		.uleb128 0x9
 1011 0265 43523200 		.ascii	"CR2\000"
 1012 0269 07       		.byte	0x7
 1013 026a A001     		.2byte	0x1a0
 1014 026c C6000000 		.4byte	0xc6
 1015 0270 04       		.byte	0x4
ARM GAS  /tmp/ccFkEblW.s 			page 19


 1016 0271 0A       		.uleb128 0xa
 1017 0272 5C020000 		.4byte	.LASF41
 1018 0276 07       		.byte	0x7
 1019 0277 A101     		.2byte	0x1a1
 1020 0279 C6000000 		.4byte	0xc6
 1021 027d 08       		.byte	0x8
 1022 027e 0A       		.uleb128 0xa
 1023 027f E1020000 		.4byte	.LASF42
 1024 0283 07       		.byte	0x7
 1025 0284 A201     		.2byte	0x1a2
 1026 0286 C6000000 		.4byte	0xc6
 1027 028a 0C       		.byte	0xc
 1028 028b 09       		.uleb128 0x9
 1029 028c 535200   		.ascii	"SR\000"
 1030 028f 07       		.byte	0x7
 1031 0290 A301     		.2byte	0x1a3
 1032 0292 C6000000 		.4byte	0xc6
 1033 0296 10       		.byte	0x10
 1034 0297 09       		.uleb128 0x9
 1035 0298 45475200 		.ascii	"EGR\000"
 1036 029c 07       		.byte	0x7
 1037 029d A401     		.2byte	0x1a4
 1038 029f C6000000 		.4byte	0xc6
 1039 02a3 14       		.byte	0x14
 1040 02a4 0A       		.uleb128 0xa
 1041 02a5 33020000 		.4byte	.LASF43
 1042 02a9 07       		.byte	0x7
 1043 02aa A501     		.2byte	0x1a5
 1044 02ac C6000000 		.4byte	0xc6
 1045 02b0 18       		.byte	0x18
 1046 02b1 0A       		.uleb128 0xa
 1047 02b2 15010000 		.4byte	.LASF44
 1048 02b6 07       		.byte	0x7
 1049 02b7 A601     		.2byte	0x1a6
 1050 02b9 C6000000 		.4byte	0xc6
 1051 02bd 1C       		.byte	0x1c
 1052 02be 0A       		.uleb128 0xa
 1053 02bf 00000000 		.4byte	.LASF45
 1054 02c3 07       		.byte	0x7
 1055 02c4 A701     		.2byte	0x1a7
 1056 02c6 C6000000 		.4byte	0xc6
 1057 02ca 20       		.byte	0x20
 1058 02cb 09       		.uleb128 0x9
 1059 02cc 434E5400 		.ascii	"CNT\000"
 1060 02d0 07       		.byte	0x7
 1061 02d1 A801     		.2byte	0x1a8
 1062 02d3 C6000000 		.4byte	0xc6
 1063 02d7 24       		.byte	0x24
 1064 02d8 09       		.uleb128 0x9
 1065 02d9 50534300 		.ascii	"PSC\000"
 1066 02dd 07       		.byte	0x7
 1067 02de A901     		.2byte	0x1a9
 1068 02e0 C6000000 		.4byte	0xc6
 1069 02e4 28       		.byte	0x28
 1070 02e5 09       		.uleb128 0x9
 1071 02e6 41525200 		.ascii	"ARR\000"
 1072 02ea 07       		.byte	0x7
ARM GAS  /tmp/ccFkEblW.s 			page 20


 1073 02eb AA01     		.2byte	0x1aa
 1074 02ed C6000000 		.4byte	0xc6
 1075 02f1 2C       		.byte	0x2c
 1076 02f2 09       		.uleb128 0x9
 1077 02f3 52435200 		.ascii	"RCR\000"
 1078 02f7 07       		.byte	0x7
 1079 02f8 AB01     		.2byte	0x1ab
 1080 02fa C6000000 		.4byte	0xc6
 1081 02fe 30       		.byte	0x30
 1082 02ff 09       		.uleb128 0x9
 1083 0300 43435200 		.ascii	"CCR\000"
 1084 0304 07       		.byte	0x7
 1085 0305 AC01     		.2byte	0x1ac
 1086 0307 67030000 		.4byte	0x367
 1087 030b 34       		.byte	0x34
 1088 030c 0A       		.uleb128 0xa
 1089 030d DC020000 		.4byte	.LASF46
 1090 0311 07       		.byte	0x7
 1091 0312 AD01     		.2byte	0x1ad
 1092 0314 C6000000 		.4byte	0xc6
 1093 0318 44       		.byte	0x44
 1094 0319 09       		.uleb128 0x9
 1095 031a 44435200 		.ascii	"DCR\000"
 1096 031e 07       		.byte	0x7
 1097 031f AE01     		.2byte	0x1ae
 1098 0321 C6000000 		.4byte	0xc6
 1099 0325 48       		.byte	0x48
 1100 0326 0A       		.uleb128 0xa
 1101 0327 0A010000 		.4byte	.LASF47
 1102 032b 07       		.byte	0x7
 1103 032c AF01     		.2byte	0x1af
 1104 032e C6000000 		.4byte	0xc6
 1105 0332 4C       		.byte	0x4c
 1106 0333 09       		.uleb128 0x9
 1107 0334 4F5200   		.ascii	"OR\000"
 1108 0337 07       		.byte	0x7
 1109 0338 B001     		.2byte	0x1b0
 1110 033a C6000000 		.4byte	0xc6
 1111 033e 50       		.byte	0x50
 1112 033f 0A       		.uleb128 0xa
 1113 0340 51020000 		.4byte	.LASF48
 1114 0344 07       		.byte	0x7
 1115 0345 B101     		.2byte	0x1b1
 1116 0347 C6000000 		.4byte	0xc6
 1117 034b 54       		.byte	0x54
 1118 034c 0A       		.uleb128 0xa
 1119 034d C8010000 		.4byte	.LASF49
 1120 0351 07       		.byte	0x7
 1121 0352 B201     		.2byte	0x1b2
 1122 0354 C6000000 		.4byte	0xc6
 1123 0358 58       		.byte	0x58
 1124 0359 0A       		.uleb128 0xa
 1125 035a CD010000 		.4byte	.LASF50
 1126 035e 07       		.byte	0x7
 1127 035f B301     		.2byte	0x1b3
 1128 0361 C6000000 		.4byte	0xc6
 1129 0365 5C       		.byte	0x5c
ARM GAS  /tmp/ccFkEblW.s 			page 21


 1130 0366 00       		.byte	0
 1131 0367 05       		.uleb128 0x5
 1132 0368 D9000000 		.4byte	0xd9
 1133 036c 0B       		.uleb128 0xb
 1134 036d 14030000 		.4byte	.LASF51
 1135 0371 07       		.byte	0x7
 1136 0372 B401     		.2byte	0x1b4
 1137 0374 4E020000 		.4byte	0x24e
 1138 0378 0B       		.uleb128 0xb
 1139 0379 C5030000 		.4byte	.LASF52
 1140 037d 06       		.byte	0x6
 1141 037e 2001     		.2byte	0x120
 1142 0380 B4000000 		.4byte	0xb4
 1143 0384 0B       		.uleb128 0xb
 1144 0385 3C010000 		.4byte	.LASF53
 1145 0389 06       		.byte	0x6
 1146 038a 2501     		.2byte	0x125
 1147 038c 93000000 		.4byte	0x93
 1148 0390 0B       		.uleb128 0xb
 1149 0391 25010000 		.4byte	.LASF54
 1150 0395 06       		.byte	0x6
 1151 0396 2A01     		.2byte	0x12a
 1152 0398 9E000000 		.4byte	0x9e
 1153 039c 08       		.uleb128 0x8
 1154 039d 08       		.byte	0x8
 1155 039e 06       		.byte	0x6
 1156 039f 2F01     		.2byte	0x12f
 1157 03a1 C0030000 		.4byte	0x3c0
 1158 03a5 0A       		.uleb128 0xa
 1159 03a6 54010000 		.4byte	.LASF55
 1160 03aa 06       		.byte	0x6
 1161 03ab 3301     		.2byte	0x133
 1162 03ad 78030000 		.4byte	0x378
 1163 03b1 00       		.byte	0
 1164 03b2 0A       		.uleb128 0xa
 1165 03b3 F5030000 		.4byte	.LASF56
 1166 03b7 06       		.byte	0x6
 1167 03b8 3901     		.2byte	0x139
 1168 03ba 2C020000 		.4byte	0x22c
 1169 03be 04       		.byte	0x4
 1170 03bf 00       		.byte	0
 1171 03c0 0B       		.uleb128 0xb
 1172 03c1 AB030000 		.4byte	.LASF57
 1173 03c5 06       		.byte	0x6
 1174 03c6 3B01     		.2byte	0x13b
 1175 03c8 9C030000 		.4byte	0x39c
 1176 03cc 08       		.uleb128 0x8
 1177 03cd 34       		.byte	0x34
 1178 03ce 06       		.byte	0x6
 1179 03cf 4001     		.2byte	0x140
 1180 03d1 24040000 		.4byte	0x424
 1181 03d5 0A       		.uleb128 0xa
 1182 03d6 9B030000 		.4byte	.LASF58
 1183 03da 06       		.byte	0x6
 1184 03db 4601     		.2byte	0x146
 1185 03dd B4000000 		.4byte	0xb4
 1186 03e1 00       		.byte	0
ARM GAS  /tmp/ccFkEblW.s 			page 22


 1187 03e2 0A       		.uleb128 0xa
 1188 03e3 D2010000 		.4byte	.LASF38
 1189 03e7 06       		.byte	0x6
 1190 03e8 4C01     		.2byte	0x14c
 1191 03ea 90030000 		.4byte	0x390
 1192 03ee 04       		.byte	0x4
 1193 03ef 0A       		.uleb128 0xa
 1194 03f0 F5030000 		.4byte	.LASF56
 1195 03f4 06       		.byte	0x6
 1196 03f5 5201     		.2byte	0x152
 1197 03f7 2C020000 		.4byte	0x22c
 1198 03fb 08       		.byte	0x8
 1199 03fc 0A       		.uleb128 0xa
 1200 03fd 40030000 		.4byte	.LASF59
 1201 0401 06       		.byte	0x6
 1202 0402 5601     		.2byte	0x156
 1203 0404 24040000 		.4byte	0x424
 1204 0408 0C       		.byte	0xc
 1205 0409 09       		.uleb128 0x9
 1206 040a 63723200 		.ascii	"cr2\000"
 1207 040e 06       		.byte	0x6
 1208 040f 5C01     		.2byte	0x15c
 1209 0411 B4000000 		.4byte	0xb4
 1210 0415 2C       		.byte	0x2c
 1211 0416 0A       		.uleb128 0xa
 1212 0417 96030000 		.4byte	.LASF60
 1213 041b 06       		.byte	0x6
 1214 041c 6901     		.2byte	0x169
 1215 041e B4000000 		.4byte	0xb4
 1216 0422 30       		.byte	0x30
 1217 0423 00       		.byte	0
 1218 0424 06       		.uleb128 0x6
 1219 0425 C0030000 		.4byte	0x3c0
 1220 0429 34040000 		.4byte	0x434
 1221 042d 07       		.uleb128 0x7
 1222 042e CB000000 		.4byte	0xcb
 1223 0432 03       		.byte	0x3
 1224 0433 00       		.byte	0
 1225 0434 0B       		.uleb128 0xb
 1226 0435 47020000 		.4byte	.LASF61
 1227 0439 06       		.byte	0x6
 1228 043a 6A01     		.2byte	0x16a
 1229 043c CC030000 		.4byte	0x3cc
 1230 0440 0F       		.uleb128 0xf
 1231 0441 04       		.byte	0x4
 1232 0442 46040000 		.4byte	0x446
 1233 0446 12       		.uleb128 0x12
 1234 0447 34040000 		.4byte	0x434
 1235 044b 0F       		.uleb128 0xf
 1236 044c 04       		.byte	0x4
 1237 044d 6C030000 		.4byte	0x36c
 1238 0451 13       		.uleb128 0x13
 1239 0452 BC030000 		.4byte	.LASF62
 1240 0456 01       		.byte	0x1
 1241 0457 93       		.byte	0x93
 1242 0458 00000000 		.4byte	.LFB118
 1243 045c 2C000000 		.4byte	.LFE118-.LFB118
ARM GAS  /tmp/ccFkEblW.s 			page 23


 1244 0460 01       		.uleb128 0x1
 1245 0461 9C       		.byte	0x9c
 1246 0462 14       		.uleb128 0x14
 1247 0463 70010000 		.4byte	.LASF64
 1248 0467 01       		.byte	0x1
 1249 0468 A8       		.byte	0xa8
 1250 0469 00000000 		.4byte	.LFB119
 1251 046d 98000000 		.4byte	.LFE119-.LFB119
 1252 0471 01       		.uleb128 0x1
 1253 0472 9C       		.byte	0x9c
 1254 0473 85040000 		.4byte	0x485
 1255 0477 15       		.uleb128 0x15
 1256 0478 737200   		.ascii	"sr\000"
 1257 047b 01       		.byte	0x1
 1258 047c A9       		.byte	0xa9
 1259 047d 9E000000 		.4byte	0x9e
 1260 0481 02       		.uleb128 0x2
 1261 0482 91       		.byte	0x91
 1262 0483 76       		.sleb128 -10
 1263 0484 00       		.byte	0
 1264 0485 16       		.uleb128 0x16
 1265 0486 F9020000 		.4byte	.LASF63
 1266 048a 01       		.byte	0x1
 1267 048b 5901     		.2byte	0x159
 1268 048d 00000000 		.4byte	.LFB120
 1269 0491 18000000 		.4byte	.LFE120-.LFB120
 1270 0495 01       		.uleb128 0x1
 1271 0496 9C       		.byte	0x9c
 1272 0497 17       		.uleb128 0x17
 1273 0498 39020000 		.4byte	.LASF65
 1274 049c 01       		.byte	0x1
 1275 049d 8F01     		.2byte	0x18f
 1276 049f 00000000 		.4byte	.LFB121
 1277 04a3 10020000 		.4byte	.LFE121-.LFB121
 1278 04a7 01       		.uleb128 0x1
 1279 04a8 9C       		.byte	0x9c
 1280 04a9 DB040000 		.4byte	0x4db
 1281 04ad 18       		.uleb128 0x18
 1282 04ae 57020000 		.4byte	.LASF68
 1283 04b2 01       		.byte	0x1
 1284 04b3 8F01     		.2byte	0x18f
 1285 04b5 48020000 		.4byte	0x248
 1286 04b9 02       		.uleb128 0x2
 1287 04ba 91       		.byte	0x91
 1288 04bb 6C       		.sleb128 -20
 1289 04bc 19       		.uleb128 0x19
 1290 04bd 70736300 		.ascii	"psc\000"
 1291 04c1 01       		.byte	0x1
 1292 04c2 9001     		.2byte	0x190
 1293 04c4 B4000000 		.4byte	0xb4
 1294 04c8 02       		.uleb128 0x2
 1295 04c9 91       		.byte	0x91
 1296 04ca 70       		.sleb128 -16
 1297 04cb 1A       		.uleb128 0x1a
 1298 04cc 92010000 		.4byte	.LASF66
 1299 04d0 01       		.byte	0x1
 1300 04d1 9101     		.2byte	0x191
ARM GAS  /tmp/ccFkEblW.s 			page 24


 1301 04d3 9E000000 		.4byte	0x9e
 1302 04d7 02       		.uleb128 0x2
 1303 04d8 91       		.byte	0x91
 1304 04d9 76       		.sleb128 -10
 1305 04da 00       		.byte	0
 1306 04db 17       		.uleb128 0x17
 1307 04dc 05000000 		.4byte	.LASF67
 1308 04e0 01       		.byte	0x1
 1309 04e1 5D02     		.2byte	0x25d
 1310 04e3 00000000 		.4byte	.LFB122
 1311 04e7 5C000000 		.4byte	.LFE122-.LFB122
 1312 04eb 01       		.uleb128 0x1
 1313 04ec 9C       		.byte	0x9c
 1314 04ed 01050000 		.4byte	0x501
 1315 04f1 18       		.uleb128 0x18
 1316 04f2 57020000 		.4byte	.LASF68
 1317 04f6 01       		.byte	0x1
 1318 04f7 5D02     		.2byte	0x25d
 1319 04f9 48020000 		.4byte	0x248
 1320 04fd 02       		.uleb128 0x2
 1321 04fe 91       		.byte	0x91
 1322 04ff 74       		.sleb128 -12
 1323 0500 00       		.byte	0
 1324 0501 1B       		.uleb128 0x1b
 1325 0502 7A020000 		.4byte	.LASF69
 1326 0506 01       		.byte	0x1
 1327 0507 A302     		.2byte	0x2a3
 1328 0509 00000000 		.4byte	.LFB123
 1329 050d 80000000 		.4byte	.LFE123-.LFB123
 1330 0511 01       		.uleb128 0x1
 1331 0512 9C       		.byte	0x9c
 1332 0513 5E050000 		.4byte	0x55e
 1333 0517 18       		.uleb128 0x18
 1334 0518 57020000 		.4byte	.LASF68
 1335 051c 01       		.byte	0x1
 1336 051d A302     		.2byte	0x2a3
 1337 051f 48020000 		.4byte	0x248
 1338 0523 02       		.uleb128 0x2
 1339 0524 91       		.byte	0x91
 1340 0525 74       		.sleb128 -12
 1341 0526 18       		.uleb128 0x18
 1342 0527 38030000 		.4byte	.LASF70
 1343 052b 01       		.byte	0x1
 1344 052c A402     		.2byte	0x2a4
 1345 052e 84030000 		.4byte	0x384
 1346 0532 02       		.uleb128 0x2
 1347 0533 91       		.byte	0x91
 1348 0534 73       		.sleb128 -13
 1349 0535 18       		.uleb128 0x18
 1350 0536 97010000 		.4byte	.LASF71
 1351 053a 01       		.byte	0x1
 1352 053b A502     		.2byte	0x2a5
 1353 053d 90030000 		.4byte	0x390
 1354 0541 02       		.uleb128 0x2
 1355 0542 91       		.byte	0x91
 1356 0543 70       		.sleb128 -16
 1357 0544 1C       		.uleb128 0x1c
ARM GAS  /tmp/ccFkEblW.s 			page 25


 1358 0545 38000000 		.4byte	.LBB2
 1359 0549 44000000 		.4byte	.LBE2-.LBB2
 1360 054d 1A       		.uleb128 0x1a
 1361 054e 96030000 		.4byte	.LASF60
 1362 0552 01       		.byte	0x1
 1363 0553 AB02     		.2byte	0x2ab
 1364 0555 B4000000 		.4byte	0xb4
 1365 0559 02       		.uleb128 0x2
 1366 055a 91       		.byte	0x91
 1367 055b 7C       		.sleb128 -4
 1368 055c 00       		.byte	0
 1369 055d 00       		.byte	0
 1370 055e 1B       		.uleb128 0x1b
 1371 055f 61030000 		.4byte	.LASF72
 1372 0563 01       		.byte	0x1
 1373 0564 C102     		.2byte	0x2c1
 1374 0566 00000000 		.4byte	.LFB124
 1375 056a 3A000000 		.4byte	.LFE124-.LFB124
 1376 056e 01       		.uleb128 0x1
 1377 056f 9C       		.byte	0x9c
 1378 0570 93050000 		.4byte	0x593
 1379 0574 18       		.uleb128 0x18
 1380 0575 57020000 		.4byte	.LASF68
 1381 0579 01       		.byte	0x1
 1382 057a C102     		.2byte	0x2c1
 1383 057c 48020000 		.4byte	0x248
 1384 0580 02       		.uleb128 0x2
 1385 0581 91       		.byte	0x91
 1386 0582 7C       		.sleb128 -4
 1387 0583 18       		.uleb128 0x18
 1388 0584 38030000 		.4byte	.LASF70
 1389 0588 01       		.byte	0x1
 1390 0589 C102     		.2byte	0x2c1
 1391 058b 84030000 		.4byte	0x384
 1392 058f 02       		.uleb128 0x2
 1393 0590 91       		.byte	0x91
 1394 0591 7B       		.sleb128 -5
 1395 0592 00       		.byte	0
 1396 0593 1D       		.uleb128 0x1d
 1397 0594 CF030000 		.4byte	.LASF73
 1398 0598 08       		.byte	0x8
 1399 0599 9806     		.2byte	0x698
 1400 059b E9000000 		.4byte	0xe9
 1401 059f 1E       		.uleb128 0x1e
 1402 05a0 A5030000 		.4byte	.LASF74
 1403 05a4 01       		.byte	0x1
 1404 05a5 2B       		.byte	0x2b
 1405 05a6 D2010000 		.4byte	0x1d2
 1406 05aa 05       		.uleb128 0x5
 1407 05ab 03       		.byte	0x3
 1408 05ac 00000000 		.4byte	PWMD1
 1409 05b0 00       		.byte	0
 1410              		.section	.debug_abbrev,"",%progbits
 1411              	.Ldebug_abbrev0:
 1412 0000 01       		.uleb128 0x1
 1413 0001 11       		.uleb128 0x11
 1414 0002 01       		.byte	0x1
ARM GAS  /tmp/ccFkEblW.s 			page 26


 1415 0003 25       		.uleb128 0x25
 1416 0004 0E       		.uleb128 0xe
 1417 0005 13       		.uleb128 0x13
 1418 0006 0B       		.uleb128 0xb
 1419 0007 03       		.uleb128 0x3
 1420 0008 0E       		.uleb128 0xe
 1421 0009 55       		.uleb128 0x55
 1422 000a 17       		.uleb128 0x17
 1423 000b 11       		.uleb128 0x11
 1424 000c 01       		.uleb128 0x1
 1425 000d 10       		.uleb128 0x10
 1426 000e 17       		.uleb128 0x17
 1427 000f 00       		.byte	0
 1428 0010 00       		.byte	0
 1429 0011 02       		.uleb128 0x2
 1430 0012 24       		.uleb128 0x24
 1431 0013 00       		.byte	0
 1432 0014 0B       		.uleb128 0xb
 1433 0015 0B       		.uleb128 0xb
 1434 0016 3E       		.uleb128 0x3e
 1435 0017 0B       		.uleb128 0xb
 1436 0018 03       		.uleb128 0x3
 1437 0019 08       		.uleb128 0x8
 1438 001a 00       		.byte	0
 1439 001b 00       		.byte	0
 1440 001c 03       		.uleb128 0x3
 1441 001d 24       		.uleb128 0x24
 1442 001e 00       		.byte	0
 1443 001f 0B       		.uleb128 0xb
 1444 0020 0B       		.uleb128 0xb
 1445 0021 3E       		.uleb128 0x3e
 1446 0022 0B       		.uleb128 0xb
 1447 0023 03       		.uleb128 0x3
 1448 0024 0E       		.uleb128 0xe
 1449 0025 00       		.byte	0
 1450 0026 00       		.byte	0
 1451 0027 04       		.uleb128 0x4
 1452 0028 16       		.uleb128 0x16
 1453 0029 00       		.byte	0
 1454 002a 03       		.uleb128 0x3
 1455 002b 0E       		.uleb128 0xe
 1456 002c 3A       		.uleb128 0x3a
 1457 002d 0B       		.uleb128 0xb
 1458 002e 3B       		.uleb128 0x3b
 1459 002f 0B       		.uleb128 0xb
 1460 0030 49       		.uleb128 0x49
 1461 0031 13       		.uleb128 0x13
 1462 0032 00       		.byte	0
 1463 0033 00       		.byte	0
 1464 0034 05       		.uleb128 0x5
 1465 0035 35       		.uleb128 0x35
 1466 0036 00       		.byte	0
 1467 0037 49       		.uleb128 0x49
 1468 0038 13       		.uleb128 0x13
 1469 0039 00       		.byte	0
 1470 003a 00       		.byte	0
 1471 003b 06       		.uleb128 0x6
ARM GAS  /tmp/ccFkEblW.s 			page 27


 1472 003c 01       		.uleb128 0x1
 1473 003d 01       		.byte	0x1
 1474 003e 49       		.uleb128 0x49
 1475 003f 13       		.uleb128 0x13
 1476 0040 01       		.uleb128 0x1
 1477 0041 13       		.uleb128 0x13
 1478 0042 00       		.byte	0
 1479 0043 00       		.byte	0
 1480 0044 07       		.uleb128 0x7
 1481 0045 21       		.uleb128 0x21
 1482 0046 00       		.byte	0
 1483 0047 49       		.uleb128 0x49
 1484 0048 13       		.uleb128 0x13
 1485 0049 2F       		.uleb128 0x2f
 1486 004a 0B       		.uleb128 0xb
 1487 004b 00       		.byte	0
 1488 004c 00       		.byte	0
 1489 004d 08       		.uleb128 0x8
 1490 004e 13       		.uleb128 0x13
 1491 004f 01       		.byte	0x1
 1492 0050 0B       		.uleb128 0xb
 1493 0051 0B       		.uleb128 0xb
 1494 0052 3A       		.uleb128 0x3a
 1495 0053 0B       		.uleb128 0xb
 1496 0054 3B       		.uleb128 0x3b
 1497 0055 05       		.uleb128 0x5
 1498 0056 01       		.uleb128 0x1
 1499 0057 13       		.uleb128 0x13
 1500 0058 00       		.byte	0
 1501 0059 00       		.byte	0
 1502 005a 09       		.uleb128 0x9
 1503 005b 0D       		.uleb128 0xd
 1504 005c 00       		.byte	0
 1505 005d 03       		.uleb128 0x3
 1506 005e 08       		.uleb128 0x8
 1507 005f 3A       		.uleb128 0x3a
 1508 0060 0B       		.uleb128 0xb
 1509 0061 3B       		.uleb128 0x3b
 1510 0062 05       		.uleb128 0x5
 1511 0063 49       		.uleb128 0x49
 1512 0064 13       		.uleb128 0x13
 1513 0065 38       		.uleb128 0x38
 1514 0066 0B       		.uleb128 0xb
 1515 0067 00       		.byte	0
 1516 0068 00       		.byte	0
 1517 0069 0A       		.uleb128 0xa
 1518 006a 0D       		.uleb128 0xd
 1519 006b 00       		.byte	0
 1520 006c 03       		.uleb128 0x3
 1521 006d 0E       		.uleb128 0xe
 1522 006e 3A       		.uleb128 0x3a
 1523 006f 0B       		.uleb128 0xb
 1524 0070 3B       		.uleb128 0x3b
 1525 0071 05       		.uleb128 0x5
 1526 0072 49       		.uleb128 0x49
 1527 0073 13       		.uleb128 0x13
 1528 0074 38       		.uleb128 0x38
ARM GAS  /tmp/ccFkEblW.s 			page 28


 1529 0075 0B       		.uleb128 0xb
 1530 0076 00       		.byte	0
 1531 0077 00       		.byte	0
 1532 0078 0B       		.uleb128 0xb
 1533 0079 16       		.uleb128 0x16
 1534 007a 00       		.byte	0
 1535 007b 03       		.uleb128 0x3
 1536 007c 0E       		.uleb128 0xe
 1537 007d 3A       		.uleb128 0x3a
 1538 007e 0B       		.uleb128 0xb
 1539 007f 3B       		.uleb128 0x3b
 1540 0080 05       		.uleb128 0x5
 1541 0081 49       		.uleb128 0x49
 1542 0082 13       		.uleb128 0x13
 1543 0083 00       		.byte	0
 1544 0084 00       		.byte	0
 1545 0085 0C       		.uleb128 0xc
 1546 0086 04       		.uleb128 0x4
 1547 0087 01       		.byte	0x1
 1548 0088 0B       		.uleb128 0xb
 1549 0089 0B       		.uleb128 0xb
 1550 008a 3A       		.uleb128 0x3a
 1551 008b 0B       		.uleb128 0xb
 1552 008c 3B       		.uleb128 0x3b
 1553 008d 0B       		.uleb128 0xb
 1554 008e 01       		.uleb128 0x1
 1555 008f 13       		.uleb128 0x13
 1556 0090 00       		.byte	0
 1557 0091 00       		.byte	0
 1558 0092 0D       		.uleb128 0xd
 1559 0093 28       		.uleb128 0x28
 1560 0094 00       		.byte	0
 1561 0095 03       		.uleb128 0x3
 1562 0096 0E       		.uleb128 0xe
 1563 0097 1C       		.uleb128 0x1c
 1564 0098 0D       		.uleb128 0xd
 1565 0099 00       		.byte	0
 1566 009a 00       		.byte	0
 1567 009b 0E       		.uleb128 0xe
 1568 009c 13       		.uleb128 0x13
 1569 009d 01       		.byte	0x1
 1570 009e 03       		.uleb128 0x3
 1571 009f 0E       		.uleb128 0xe
 1572 00a0 0B       		.uleb128 0xb
 1573 00a1 0B       		.uleb128 0xb
 1574 00a2 3A       		.uleb128 0x3a
 1575 00a3 0B       		.uleb128 0xb
 1576 00a4 3B       		.uleb128 0x3b
 1577 00a5 05       		.uleb128 0x5
 1578 00a6 01       		.uleb128 0x1
 1579 00a7 13       		.uleb128 0x13
 1580 00a8 00       		.byte	0
 1581 00a9 00       		.byte	0
 1582 00aa 0F       		.uleb128 0xf
 1583 00ab 0F       		.uleb128 0xf
 1584 00ac 00       		.byte	0
 1585 00ad 0B       		.uleb128 0xb
ARM GAS  /tmp/ccFkEblW.s 			page 29


 1586 00ae 0B       		.uleb128 0xb
 1587 00af 49       		.uleb128 0x49
 1588 00b0 13       		.uleb128 0x13
 1589 00b1 00       		.byte	0
 1590 00b2 00       		.byte	0
 1591 00b3 10       		.uleb128 0x10
 1592 00b4 15       		.uleb128 0x15
 1593 00b5 01       		.byte	0x1
 1594 00b6 27       		.uleb128 0x27
 1595 00b7 19       		.uleb128 0x19
 1596 00b8 01       		.uleb128 0x1
 1597 00b9 13       		.uleb128 0x13
 1598 00ba 00       		.byte	0
 1599 00bb 00       		.byte	0
 1600 00bc 11       		.uleb128 0x11
 1601 00bd 05       		.uleb128 0x5
 1602 00be 00       		.byte	0
 1603 00bf 49       		.uleb128 0x49
 1604 00c0 13       		.uleb128 0x13
 1605 00c1 00       		.byte	0
 1606 00c2 00       		.byte	0
 1607 00c3 12       		.uleb128 0x12
 1608 00c4 26       		.uleb128 0x26
 1609 00c5 00       		.byte	0
 1610 00c6 49       		.uleb128 0x49
 1611 00c7 13       		.uleb128 0x13
 1612 00c8 00       		.byte	0
 1613 00c9 00       		.byte	0
 1614 00ca 13       		.uleb128 0x13
 1615 00cb 2E       		.uleb128 0x2e
 1616 00cc 00       		.byte	0
 1617 00cd 3F       		.uleb128 0x3f
 1618 00ce 19       		.uleb128 0x19
 1619 00cf 03       		.uleb128 0x3
 1620 00d0 0E       		.uleb128 0xe
 1621 00d1 3A       		.uleb128 0x3a
 1622 00d2 0B       		.uleb128 0xb
 1623 00d3 3B       		.uleb128 0x3b
 1624 00d4 0B       		.uleb128 0xb
 1625 00d5 27       		.uleb128 0x27
 1626 00d6 19       		.uleb128 0x19
 1627 00d7 11       		.uleb128 0x11
 1628 00d8 01       		.uleb128 0x1
 1629 00d9 12       		.uleb128 0x12
 1630 00da 06       		.uleb128 0x6
 1631 00db 40       		.uleb128 0x40
 1632 00dc 18       		.uleb128 0x18
 1633 00dd 9642     		.uleb128 0x2116
 1634 00df 19       		.uleb128 0x19
 1635 00e0 00       		.byte	0
 1636 00e1 00       		.byte	0
 1637 00e2 14       		.uleb128 0x14
 1638 00e3 2E       		.uleb128 0x2e
 1639 00e4 01       		.byte	0x1
 1640 00e5 3F       		.uleb128 0x3f
 1641 00e6 19       		.uleb128 0x19
 1642 00e7 03       		.uleb128 0x3
ARM GAS  /tmp/ccFkEblW.s 			page 30


 1643 00e8 0E       		.uleb128 0xe
 1644 00e9 3A       		.uleb128 0x3a
 1645 00ea 0B       		.uleb128 0xb
 1646 00eb 3B       		.uleb128 0x3b
 1647 00ec 0B       		.uleb128 0xb
 1648 00ed 27       		.uleb128 0x27
 1649 00ee 19       		.uleb128 0x19
 1650 00ef 11       		.uleb128 0x11
 1651 00f0 01       		.uleb128 0x1
 1652 00f1 12       		.uleb128 0x12
 1653 00f2 06       		.uleb128 0x6
 1654 00f3 40       		.uleb128 0x40
 1655 00f4 18       		.uleb128 0x18
 1656 00f5 9642     		.uleb128 0x2116
 1657 00f7 19       		.uleb128 0x19
 1658 00f8 01       		.uleb128 0x1
 1659 00f9 13       		.uleb128 0x13
 1660 00fa 00       		.byte	0
 1661 00fb 00       		.byte	0
 1662 00fc 15       		.uleb128 0x15
 1663 00fd 34       		.uleb128 0x34
 1664 00fe 00       		.byte	0
 1665 00ff 03       		.uleb128 0x3
 1666 0100 08       		.uleb128 0x8
 1667 0101 3A       		.uleb128 0x3a
 1668 0102 0B       		.uleb128 0xb
 1669 0103 3B       		.uleb128 0x3b
 1670 0104 0B       		.uleb128 0xb
 1671 0105 49       		.uleb128 0x49
 1672 0106 13       		.uleb128 0x13
 1673 0107 02       		.uleb128 0x2
 1674 0108 18       		.uleb128 0x18
 1675 0109 00       		.byte	0
 1676 010a 00       		.byte	0
 1677 010b 16       		.uleb128 0x16
 1678 010c 2E       		.uleb128 0x2e
 1679 010d 00       		.byte	0
 1680 010e 3F       		.uleb128 0x3f
 1681 010f 19       		.uleb128 0x19
 1682 0110 03       		.uleb128 0x3
 1683 0111 0E       		.uleb128 0xe
 1684 0112 3A       		.uleb128 0x3a
 1685 0113 0B       		.uleb128 0xb
 1686 0114 3B       		.uleb128 0x3b
 1687 0115 05       		.uleb128 0x5
 1688 0116 27       		.uleb128 0x27
 1689 0117 19       		.uleb128 0x19
 1690 0118 11       		.uleb128 0x11
 1691 0119 01       		.uleb128 0x1
 1692 011a 12       		.uleb128 0x12
 1693 011b 06       		.uleb128 0x6
 1694 011c 40       		.uleb128 0x40
 1695 011d 18       		.uleb128 0x18
 1696 011e 9642     		.uleb128 0x2116
 1697 0120 19       		.uleb128 0x19
 1698 0121 00       		.byte	0
 1699 0122 00       		.byte	0
ARM GAS  /tmp/ccFkEblW.s 			page 31


 1700 0123 17       		.uleb128 0x17
 1701 0124 2E       		.uleb128 0x2e
 1702 0125 01       		.byte	0x1
 1703 0126 3F       		.uleb128 0x3f
 1704 0127 19       		.uleb128 0x19
 1705 0128 03       		.uleb128 0x3
 1706 0129 0E       		.uleb128 0xe
 1707 012a 3A       		.uleb128 0x3a
 1708 012b 0B       		.uleb128 0xb
 1709 012c 3B       		.uleb128 0x3b
 1710 012d 05       		.uleb128 0x5
 1711 012e 27       		.uleb128 0x27
 1712 012f 19       		.uleb128 0x19
 1713 0130 11       		.uleb128 0x11
 1714 0131 01       		.uleb128 0x1
 1715 0132 12       		.uleb128 0x12
 1716 0133 06       		.uleb128 0x6
 1717 0134 40       		.uleb128 0x40
 1718 0135 18       		.uleb128 0x18
 1719 0136 9642     		.uleb128 0x2116
 1720 0138 19       		.uleb128 0x19
 1721 0139 01       		.uleb128 0x1
 1722 013a 13       		.uleb128 0x13
 1723 013b 00       		.byte	0
 1724 013c 00       		.byte	0
 1725 013d 18       		.uleb128 0x18
 1726 013e 05       		.uleb128 0x5
 1727 013f 00       		.byte	0
 1728 0140 03       		.uleb128 0x3
 1729 0141 0E       		.uleb128 0xe
 1730 0142 3A       		.uleb128 0x3a
 1731 0143 0B       		.uleb128 0xb
 1732 0144 3B       		.uleb128 0x3b
 1733 0145 05       		.uleb128 0x5
 1734 0146 49       		.uleb128 0x49
 1735 0147 13       		.uleb128 0x13
 1736 0148 02       		.uleb128 0x2
 1737 0149 18       		.uleb128 0x18
 1738 014a 00       		.byte	0
 1739 014b 00       		.byte	0
 1740 014c 19       		.uleb128 0x19
 1741 014d 34       		.uleb128 0x34
 1742 014e 00       		.byte	0
 1743 014f 03       		.uleb128 0x3
 1744 0150 08       		.uleb128 0x8
 1745 0151 3A       		.uleb128 0x3a
 1746 0152 0B       		.uleb128 0xb
 1747 0153 3B       		.uleb128 0x3b
 1748 0154 05       		.uleb128 0x5
 1749 0155 49       		.uleb128 0x49
 1750 0156 13       		.uleb128 0x13
 1751 0157 02       		.uleb128 0x2
 1752 0158 18       		.uleb128 0x18
 1753 0159 00       		.byte	0
 1754 015a 00       		.byte	0
 1755 015b 1A       		.uleb128 0x1a
 1756 015c 34       		.uleb128 0x34
ARM GAS  /tmp/ccFkEblW.s 			page 32


 1757 015d 00       		.byte	0
 1758 015e 03       		.uleb128 0x3
 1759 015f 0E       		.uleb128 0xe
 1760 0160 3A       		.uleb128 0x3a
 1761 0161 0B       		.uleb128 0xb
 1762 0162 3B       		.uleb128 0x3b
 1763 0163 05       		.uleb128 0x5
 1764 0164 49       		.uleb128 0x49
 1765 0165 13       		.uleb128 0x13
 1766 0166 02       		.uleb128 0x2
 1767 0167 18       		.uleb128 0x18
 1768 0168 00       		.byte	0
 1769 0169 00       		.byte	0
 1770 016a 1B       		.uleb128 0x1b
 1771 016b 2E       		.uleb128 0x2e
 1772 016c 01       		.byte	0x1
 1773 016d 3F       		.uleb128 0x3f
 1774 016e 19       		.uleb128 0x19
 1775 016f 03       		.uleb128 0x3
 1776 0170 0E       		.uleb128 0xe
 1777 0171 3A       		.uleb128 0x3a
 1778 0172 0B       		.uleb128 0xb
 1779 0173 3B       		.uleb128 0x3b
 1780 0174 05       		.uleb128 0x5
 1781 0175 27       		.uleb128 0x27
 1782 0176 19       		.uleb128 0x19
 1783 0177 11       		.uleb128 0x11
 1784 0178 01       		.uleb128 0x1
 1785 0179 12       		.uleb128 0x12
 1786 017a 06       		.uleb128 0x6
 1787 017b 40       		.uleb128 0x40
 1788 017c 18       		.uleb128 0x18
 1789 017d 9742     		.uleb128 0x2117
 1790 017f 19       		.uleb128 0x19
 1791 0180 01       		.uleb128 0x1
 1792 0181 13       		.uleb128 0x13
 1793 0182 00       		.byte	0
 1794 0183 00       		.byte	0
 1795 0184 1C       		.uleb128 0x1c
 1796 0185 0B       		.uleb128 0xb
 1797 0186 01       		.byte	0x1
 1798 0187 11       		.uleb128 0x11
 1799 0188 01       		.uleb128 0x1
 1800 0189 12       		.uleb128 0x12
 1801 018a 06       		.uleb128 0x6
 1802 018b 00       		.byte	0
 1803 018c 00       		.byte	0
 1804 018d 1D       		.uleb128 0x1d
 1805 018e 34       		.uleb128 0x34
 1806 018f 00       		.byte	0
 1807 0190 03       		.uleb128 0x3
 1808 0191 0E       		.uleb128 0xe
 1809 0192 3A       		.uleb128 0x3a
 1810 0193 0B       		.uleb128 0xb
 1811 0194 3B       		.uleb128 0x3b
 1812 0195 05       		.uleb128 0x5
 1813 0196 49       		.uleb128 0x49
ARM GAS  /tmp/ccFkEblW.s 			page 33


 1814 0197 13       		.uleb128 0x13
 1815 0198 3F       		.uleb128 0x3f
 1816 0199 19       		.uleb128 0x19
 1817 019a 3C       		.uleb128 0x3c
 1818 019b 19       		.uleb128 0x19
 1819 019c 00       		.byte	0
 1820 019d 00       		.byte	0
 1821 019e 1E       		.uleb128 0x1e
 1822 019f 34       		.uleb128 0x34
 1823 01a0 00       		.byte	0
 1824 01a1 03       		.uleb128 0x3
 1825 01a2 0E       		.uleb128 0xe
 1826 01a3 3A       		.uleb128 0x3a
 1827 01a4 0B       		.uleb128 0xb
 1828 01a5 3B       		.uleb128 0x3b
 1829 01a6 0B       		.uleb128 0xb
 1830 01a7 49       		.uleb128 0x49
 1831 01a8 13       		.uleb128 0x13
 1832 01a9 3F       		.uleb128 0x3f
 1833 01aa 19       		.uleb128 0x19
 1834 01ab 02       		.uleb128 0x2
 1835 01ac 18       		.uleb128 0x18
 1836 01ad 00       		.byte	0
 1837 01ae 00       		.byte	0
 1838 01af 00       		.byte	0
 1839              		.section	.debug_aranges,"",%progbits
 1840 0000 4C000000 		.4byte	0x4c
 1841 0004 0200     		.2byte	0x2
 1842 0006 00000000 		.4byte	.Ldebug_info0
 1843 000a 04       		.byte	0x4
 1844 000b 00       		.byte	0
 1845 000c 0000     		.2byte	0
 1846 000e 0000     		.2byte	0
 1847 0010 00000000 		.4byte	.LFB118
 1848 0014 2C000000 		.4byte	.LFE118-.LFB118
 1849 0018 00000000 		.4byte	.LFB119
 1850 001c 98000000 		.4byte	.LFE119-.LFB119
 1851 0020 00000000 		.4byte	.LFB120
 1852 0024 18000000 		.4byte	.LFE120-.LFB120
 1853 0028 00000000 		.4byte	.LFB121
 1854 002c 10020000 		.4byte	.LFE121-.LFB121
 1855 0030 00000000 		.4byte	.LFB122
 1856 0034 5C000000 		.4byte	.LFE122-.LFB122
 1857 0038 00000000 		.4byte	.LFB123
 1858 003c 80000000 		.4byte	.LFE123-.LFB123
 1859 0040 00000000 		.4byte	.LFB124
 1860 0044 3A000000 		.4byte	.LFE124-.LFB124
 1861 0048 00000000 		.4byte	0
 1862 004c 00000000 		.4byte	0
 1863              		.section	.debug_ranges,"",%progbits
 1864              	.Ldebug_ranges0:
 1865 0000 00000000 		.4byte	.LFB118
 1866 0004 2C000000 		.4byte	.LFE118
 1867 0008 00000000 		.4byte	.LFB119
 1868 000c 98000000 		.4byte	.LFE119
 1869 0010 00000000 		.4byte	.LFB120
 1870 0014 18000000 		.4byte	.LFE120
ARM GAS  /tmp/ccFkEblW.s 			page 34


 1871 0018 00000000 		.4byte	.LFB121
 1872 001c 10020000 		.4byte	.LFE121
 1873 0020 00000000 		.4byte	.LFB122
 1874 0024 5C000000 		.4byte	.LFE122
 1875 0028 00000000 		.4byte	.LFB123
 1876 002c 80000000 		.4byte	.LFE123
 1877 0030 00000000 		.4byte	.LFB124
 1878 0034 3A000000 		.4byte	.LFE124
 1879 0038 00000000 		.4byte	0
 1880 003c 00000000 		.4byte	0
 1881              		.section	.debug_line,"",%progbits
 1882              	.Ldebug_line0:
 1883 0000 7C020000 		.section	.debug_str,"MS",%progbits,1
 1883      02009E01 
 1883      00000201 
 1883      FB0E0D00 
 1883      01010101 
 1884              	.LASF45:
 1885 0000 43434552 		.ascii	"CCER\000"
 1885      00
 1886              	.LASF67:
 1887 0005 70776D5F 		.ascii	"pwm_lld_stop\000"
 1887      6C6C645F 
 1887      73746F70 
 1887      00
 1888              	.LASF75:
 1889 0012 474E5520 		.ascii	"GNU C 4.8.4 20141219 (release) -mcpu=cortex-m4 -mfl"
 1889      4320342E 
 1889      382E3420 
 1889      32303134 
 1889      31323139 
 1890 0045 6F61742D 		.ascii	"oat-abi=hard -mfpu=fpv4-sp-d16 -mno-thumb-interwork"
 1890      6162693D 
 1890      68617264 
 1890      202D6D66 
 1890      70753D66 
 1891 0078 202D6D74 		.ascii	" -mthumb -ggdb -O0 -fomit-frame-pointer -falign-fun"
 1891      68756D62 
 1891      202D6767 
 1891      6462202D 
 1891      4F30202D 
 1892 00ab 6374696F 		.ascii	"ctions=16 -ffunction-sections -fdata-sections -fno-"
 1892      6E733D31 
 1892      36202D66 
 1892      66756E63 
 1892      74696F6E 
 1893 00de 636F6D6D 		.ascii	"common -fsingle-precision-constant\000"
 1893      6F6E202D 
 1893      6673696E 
 1893      676C652D 
 1893      70726563 
 1894              	.LASF22:
 1895 0101 41504231 		.ascii	"APB1RSTR\000"
 1895      52535452 
 1895      00
 1896              	.LASF47:
 1897 010a 444D4152 		.ascii	"DMAR\000"
ARM GAS  /tmp/ccFkEblW.s 			page 35


 1897      00
 1898              	.LASF36:
 1899 010f 73746174 		.ascii	"state\000"
 1899      6500
 1900              	.LASF44:
 1901 0115 43434D52 		.ascii	"CCMR2\000"
 1901      3200
 1902              	.LASF3:
 1903 011b 73686F72 		.ascii	"short int\000"
 1903      7420696E 
 1903      7400
 1904              	.LASF54:
 1905 0125 70776D63 		.ascii	"pwmcnt_t\000"
 1905      6E745F74 
 1905      00
 1906              	.LASF18:
 1907 012e 73697A65 		.ascii	"sizetype\000"
 1907      74797065 
 1907      00
 1908              	.LASF26:
 1909 0137 42444352 		.ascii	"BDCR\000"
 1909      00
 1910              	.LASF53:
 1911 013c 70776D63 		.ascii	"pwmchannel_t\000"
 1911      68616E6E 
 1911      656C5F74 
 1911      00
 1912              	.LASF9:
 1913 0149 5F5F7569 		.ascii	"__uint32_t\000"
 1913      6E743332 
 1913      5F7400
 1914              	.LASF55:
 1915 0154 6D6F6465 		.ascii	"mode\000"
 1915      00
 1916              	.LASF5:
 1917 0159 5F5F7569 		.ascii	"__uint16_t\000"
 1917      6E743136 
 1917      5F7400
 1918              	.LASF37:
 1919 0164 636F6E66 		.ascii	"config\000"
 1919      696700
 1920              	.LASF20:
 1921 016b 43464752 		.ascii	"CFGR\000"
 1921      00
 1922              	.LASF64:
 1923 0170 56656374 		.ascii	"VectorAC\000"
 1923      6F724143 
 1923      00
 1924              	.LASF13:
 1925 0179 75696E74 		.ascii	"uint8_t\000"
 1925      385F7400 
 1926              	.LASF25:
 1927 0181 41504231 		.ascii	"APB1ENR\000"
 1927      454E5200 
 1928              	.LASF16:
 1929 0189 75696E74 		.ascii	"uint32_t\000"
 1929      33325F74 
ARM GAS  /tmp/ccFkEblW.s 			page 36


 1929      00
 1930              	.LASF66:
 1931 0192 63636572 		.ascii	"ccer\000"
 1931      00
 1932              	.LASF71:
 1933 0197 77696474 		.ascii	"width\000"
 1933      6800
 1934              	.LASF30:
 1935 019d 5243435F 		.ascii	"RCC_TypeDef\000"
 1935      54797065 
 1935      44656600 
 1936              	.LASF27:
 1937 01a9 41484252 		.ascii	"AHBRSTR\000"
 1937      53545200 
 1938              	.LASF11:
 1939 01b1 6C6F6E67 		.ascii	"long long int\000"
 1939      206C6F6E 
 1939      6720696E 
 1939      7400
 1940              	.LASF8:
 1941 01bf 6C6F6E67 		.ascii	"long int\000"
 1941      20696E74 
 1941      00
 1942              	.LASF49:
 1943 01c8 43435235 		.ascii	"CCR5\000"
 1943      00
 1944              	.LASF50:
 1945 01cd 43435236 		.ascii	"CCR6\000"
 1945      00
 1946              	.LASF38:
 1947 01d2 70657269 		.ascii	"period\000"
 1947      6F6400
 1948              	.LASF76:
 1949 01d9 2F686F6D 		.ascii	"/home/dave/r2p-sdk/core/ChibiOS/os/hal/platforms/ST"
 1949      652F6461 
 1949      76652F72 
 1949      32702D73 
 1949      646B2F63 
 1950 020c 4D33322F 		.ascii	"M32/TIMv1/pwm_lld.c\000"
 1950      54494D76 
 1950      312F7077 
 1950      6D5F6C6C 
 1950      642E6300 
 1951              	.LASF21:
 1952 0220 41504232 		.ascii	"APB2RSTR\000"
 1952      52535452 
 1952      00
 1953              	.LASF4:
 1954 0229 5F5F7569 		.ascii	"__uint8_t\000"
 1954      6E74385F 
 1954      7400
 1955              	.LASF43:
 1956 0233 43434D52 		.ascii	"CCMR1\000"
 1956      3100
 1957              	.LASF65:
 1958 0239 70776D5F 		.ascii	"pwm_lld_start\000"
 1958      6C6C645F 
ARM GAS  /tmp/ccFkEblW.s 			page 37


 1958      73746172 
 1958      7400
 1959              	.LASF61:
 1960 0247 50574D43 		.ascii	"PWMConfig\000"
 1960      6F6E6669 
 1960      6700
 1961              	.LASF48:
 1962 0251 43434D52 		.ascii	"CCMR3\000"
 1962      3300
 1963              	.LASF68:
 1964 0257 70776D70 		.ascii	"pwmp\000"
 1964      00
 1965              	.LASF41:
 1966 025c 534D4352 		.ascii	"SMCR\000"
 1966      00
 1967              	.LASF31:
 1968 0261 50574D5F 		.ascii	"PWM_UNINIT\000"
 1968      554E494E 
 1968      495400
 1969              	.LASF2:
 1970 026c 756E7369 		.ascii	"unsigned char\000"
 1970      676E6564 
 1970      20636861 
 1970      7200
 1971              	.LASF69:
 1972 027a 70776D5F 		.ascii	"pwm_lld_enable_channel\000"
 1972      6C6C645F 
 1972      656E6162 
 1972      6C655F63 
 1972      68616E6E 
 1973              	.LASF24:
 1974 0291 41504232 		.ascii	"APB2ENR\000"
 1974      454E5200 
 1975              	.LASF1:
 1976 0299 7369676E 		.ascii	"signed char\000"
 1976      65642063 
 1976      68617200 
 1977              	.LASF12:
 1978 02a5 6C6F6E67 		.ascii	"long long unsigned int\000"
 1978      206C6F6E 
 1978      6720756E 
 1978      7369676E 
 1978      65642069 
 1979              	.LASF0:
 1980 02bc 756E7369 		.ascii	"unsigned int\000"
 1980      676E6564 
 1980      20696E74 
 1980      00
 1981              	.LASF28:
 1982 02c9 43464752 		.ascii	"CFGR2\000"
 1982      3200
 1983              	.LASF29:
 1984 02cf 43464752 		.ascii	"CFGR3\000"
 1984      3300
 1985              	.LASF23:
 1986 02d5 41484245 		.ascii	"AHBENR\000"
 1986      4E5200
ARM GAS  /tmp/ccFkEblW.s 			page 38


 1987              	.LASF46:
 1988 02dc 42445452 		.ascii	"BDTR\000"
 1988      00
 1989              	.LASF42:
 1990 02e1 44494552 		.ascii	"DIER\000"
 1990      00
 1991              	.LASF6:
 1992 02e6 73686F72 		.ascii	"short unsigned int\000"
 1992      7420756E 
 1992      7369676E 
 1992      65642069 
 1992      6E7400
 1993              	.LASF63:
 1994 02f9 70776D5F 		.ascii	"pwm_lld_init\000"
 1994      6C6C645F 
 1994      696E6974 
 1994      00
 1995              	.LASF19:
 1996 0306 63686172 		.ascii	"char\000"
 1996      00
 1997              	.LASF14:
 1998 030b 75696E74 		.ascii	"uint16_t\000"
 1998      31365F74 
 1998      00
 1999              	.LASF51:
 2000 0314 73746D33 		.ascii	"stm32_tim_t\000"
 2000      325F7469 
 2000      6D5F7400 
 2001              	.LASF35:
 2002 0320 50574D44 		.ascii	"PWMDriver\000"
 2002      72697665 
 2002      7200
 2003              	.LASF15:
 2004 032a 696E7433 		.ascii	"int32_t\000"
 2004      325F7400 
 2005              	.LASF17:
 2006 0332 5F426F6F 		.ascii	"_Bool\000"
 2006      6C00
 2007              	.LASF70:
 2008 0338 6368616E 		.ascii	"channel\000"
 2008      6E656C00 
 2009              	.LASF59:
 2010 0340 6368616E 		.ascii	"channels\000"
 2010      6E656C73 
 2010      00
 2011              	.LASF10:
 2012 0349 6C6F6E67 		.ascii	"long unsigned int\000"
 2012      20756E73 
 2012      69676E65 
 2012      6420696E 
 2012      7400
 2013              	.LASF39:
 2014 035b 636C6F63 		.ascii	"clock\000"
 2014      6B00
 2015              	.LASF72:
 2016 0361 70776D5F 		.ascii	"pwm_lld_disable_channel\000"
 2016      6C6C645F 
ARM GAS  /tmp/ccFkEblW.s 			page 39


 2016      64697361 
 2016      626C655F 
 2016      6368616E 
 2017              	.LASF7:
 2018 0379 5F5F696E 		.ascii	"__int32_t\000"
 2018      7433325F 
 2018      7400
 2019              	.LASF33:
 2020 0383 50574D5F 		.ascii	"PWM_READY\000"
 2020      52454144 
 2020      5900
 2021              	.LASF32:
 2022 038d 50574D5F 		.ascii	"PWM_STOP\000"
 2022      53544F50 
 2022      00
 2023              	.LASF60:
 2024 0396 64696572 		.ascii	"dier\000"
 2024      00
 2025              	.LASF58:
 2026 039b 66726571 		.ascii	"frequency\000"
 2026      75656E63 
 2026      7900
 2027              	.LASF74:
 2028 03a5 50574D44 		.ascii	"PWMD1\000"
 2028      3100
 2029              	.LASF57:
 2030 03ab 50574D43 		.ascii	"PWMChannelConfig\000"
 2030      68616E6E 
 2030      656C436F 
 2030      6E666967 
 2030      00
 2031              	.LASF62:
 2032 03bc 56656374 		.ascii	"VectorA4\000"
 2032      6F724134 
 2032      00
 2033              	.LASF52:
 2034 03c5 70776D6D 		.ascii	"pwmmode_t\000"
 2034      6F64655F 
 2034      7400
 2035              	.LASF73:
 2036 03cf 49544D5F 		.ascii	"ITM_RxBuffer\000"
 2036      52784275 
 2036      66666572 
 2036      00
 2037              	.LASF34:
 2038 03dc 70776D73 		.ascii	"pwmstate_t\000"
 2038      74617465 
 2038      5F7400
 2039              	.LASF40:
 2040 03e7 70776D63 		.ascii	"pwmcallback_t\000"
 2040      616C6C62 
 2040      61636B5F 
 2040      7400
 2041              	.LASF56:
 2042 03f5 63616C6C 		.ascii	"callback\000"
 2042      6261636B 
 2042      00
ARM GAS  /tmp/ccFkEblW.s 			page 40


 2043              		.ident	"GCC: (4.8.4-1+11-1) 4.8.4 20141219 (release)"
ARM GAS  /tmp/ccFkEblW.s 			page 41


DEFINED SYMBOLS
                            *ABS*:0000000000000000 pwm_lld.c
     /tmp/ccFkEblW.s:25     .bss.PWMD1:0000000000000000 PWMD1
     /tmp/ccFkEblW.s:22     .bss.PWMD1:0000000000000000 $d
     /tmp/ccFkEblW.s:28     .text.VectorA4:0000000000000000 $t
     /tmp/ccFkEblW.s:34     .text.VectorA4:0000000000000000 VectorA4
     /tmp/ccFkEblW.s:65     .text.VectorA4:0000000000000024 $d
     /tmp/ccFkEblW.s:71     .text.VectorAC:0000000000000000 $t
     /tmp/ccFkEblW.s:77     .text.VectorAC:0000000000000000 VectorAC
     /tmp/ccFkEblW.s:164    .text.VectorAC:0000000000000090 $d
     /tmp/ccFkEblW.s:170    .text.pwm_lld_init:0000000000000000 $t
     /tmp/ccFkEblW.s:176    .text.pwm_lld_init:0000000000000000 pwm_lld_init
     /tmp/ccFkEblW.s:198    .text.pwm_lld_init:0000000000000010 $d
     /tmp/ccFkEblW.s:204    .rodata:0000000000000000 $d
     /tmp/ccFkEblW.s:208    .text.pwm_lld_start:0000000000000000 $t
     /tmp/ccFkEblW.s:214    .text.pwm_lld_start:0000000000000000 pwm_lld_start
     /tmp/ccFkEblW.s:497    .text.pwm_lld_start:0000000000000200 $d
     /tmp/ccFkEblW.s:505    .text.pwm_lld_stop:0000000000000000 $t
     /tmp/ccFkEblW.s:511    .text.pwm_lld_stop:0000000000000000 pwm_lld_stop
     /tmp/ccFkEblW.s:573    .text.pwm_lld_stop:0000000000000054 $d
     /tmp/ccFkEblW.s:579    .text.pwm_lld_enable_channel:0000000000000000 $t
     /tmp/ccFkEblW.s:585    .text.pwm_lld_enable_channel:0000000000000000 pwm_lld_enable_channel
     /tmp/ccFkEblW.s:661    .text.pwm_lld_disable_channel:0000000000000000 $t
     /tmp/ccFkEblW.s:667    .text.pwm_lld_disable_channel:0000000000000000 pwm_lld_disable_channel
                     .debug_frame:0000000000000010 $d
     /tmp/ccFkEblW.s:70     .text.VectorA4:000000000000002c $t
     /tmp/ccFkEblW.s:169    .text.VectorAC:0000000000000098 $t
     /tmp/ccFkEblW.s:203    .text.pwm_lld_init:0000000000000018 $t
     /tmp/ccFkEblW.s:578    .text.pwm_lld_stop:000000000000005c $t

UNDEFINED SYMBOLS
dbg_check_enter_isr
dbg_check_leave_isr
_port_irq_epilogue
pwmObjectInit
nvicEnableVector
chDbgPanic
nvicDisableVector
