ARM GAS  /tmp/cce1Fjel.s 			page 1


   1              		.syntax unified
   2              		.cpu cortex-m4
   3              		.eabi_attribute 27, 3
   4              		.eabi_attribute 28, 1
   5              		.fpu fpv4-sp-d16
   6              		.eabi_attribute 20, 1
   7              		.eabi_attribute 21, 1
   8              		.eabi_attribute 23, 3
   9              		.eabi_attribute 24, 1
  10              		.eabi_attribute 25, 1
  11              		.eabi_attribute 26, 1
  12              		.eabi_attribute 30, 6
  13              		.eabi_attribute 34, 1
  14              		.eabi_attribute 18, 4
  15              		.thumb
  16              		.file	"srt.c"
  17              		.text
  18              	.Ltext0:
  19              		.cfi_sections	.debug_frame
  20              		.section	.text.srt_laxity,"ax",%progbits
  21              		.align	2
  22              		.p2align 4,,15
  23              		.global	srt_laxity
  24              		.thumb
  25              		.thumb_func
  26              		.type	srt_laxity, %function
  27              	srt_laxity:
  28              	.LFB118:
  29              		.file 1 "/home/dave/r2p-sdk/core/RTCAN/src/srt.c"
  30              		.loc 1 22 0
  31              		.cfi_startproc
  32              		@ args = 0, pretend = 0, frame = 16
  33              		@ frame_needed = 0, uses_anonymous_args = 0
  34              		@ link register save eliminated.
  35 0000 84B0     		sub	sp, sp, #16
  36              		.cfi_def_cfa_offset 16
  37 0002 0190     		str	r0, [sp, #4]
  38              		.loc 1 25 0
  39 0004 019B     		ldr	r3, [sp, #4]
  40 0006 D3F80D20 		ldr	r2, [r3, #13]	@ unaligned
  41 000a 0A4B     		ldr	r3, .L5
  42 000c DB68     		ldr	r3, [r3, #12]
  43 000e D31A     		subs	r3, r2, r3
  44 0010 0393     		str	r3, [sp, #12]
  45              		.loc 1 27 0
  46 0012 039B     		ldr	r3, [sp, #12]
  47 0014 002B     		cmp	r3, #0
  48 0016 02DB     		blt	.L2
  49              		.loc 1 27 0 is_stmt 0 discriminator 1
  50 0018 039B     		ldr	r3, [sp, #12]
  51 001a 402B     		cmp	r3, #64
  52 001c 01DD     		ble	.L3
  53              	.L2:
  54              		.loc 1 28 0 is_stmt 1
  55 001e 3F23     		movs	r3, #63
  56 0020 04E0     		b	.L4
  57              	.L3:
ARM GAS  /tmp/cce1Fjel.s 			page 2


  58              		.loc 1 31 0
  59 0022 039B     		ldr	r3, [sp, #12]
  60 0024 DBB2     		uxtb	r3, r3
  61 0026 03F03F03 		and	r3, r3, #63
  62 002a DBB2     		uxtb	r3, r3
  63              	.L4:
  64              		.loc 1 32 0
  65 002c 1846     		mov	r0, r3
  66 002e 04B0     		add	sp, sp, #16
  67              		@ sp needed
  68 0030 7047     		bx	lr
  69              	.L6:
  70 0032 00BF     		.align	2
  71              	.L5:
  72 0034 00000000 		.word	vtlist
  73              		.cfi_endproc
  74              	.LFE118:
  75              		.size	srt_laxity, .-srt_laxity
  76 0038 AFF30080 		.section	.text.srt_transmit,"ax",%progbits
  76      AFF30080 
  77              		.align	2
  78              		.p2align 4,,15
  79              		.global	srt_transmit
  80              		.thumb
  81              		.thumb_func
  82              		.type	srt_transmit, %function
  83              	srt_transmit:
  84              	.LFB119:
  85              		.loc 1 40 0
  86              		.cfi_startproc
  87              		@ args = 0, pretend = 0, frame = 32
  88              		@ frame_needed = 0, uses_anonymous_args = 0
  89 0000 00B5     		push	{lr}
  90              		.cfi_def_cfa_offset 4
  91              		.cfi_offset 14, -4
  92 0002 89B0     		sub	sp, sp, #36
  93              		.cfi_def_cfa_offset 40
  94 0004 0190     		str	r0, [sp, #4]
  95              		.loc 1 44 0
  96 0006 019B     		ldr	r3, [sp, #4]
  97 0008 03F10C02 		add	r2, r3, #12
  98 000c 019B     		ldr	r3, [sp, #4]
  99 000e DB68     		ldr	r3, [r3, #12]
 100 0010 9A42     		cmp	r2, r3
 101 0012 01D1     		bne	.L8
 102              		.loc 1 45 0
 103 0014 0023     		movs	r3, #0
 104 0016 70E0     		b	.L14
 105              	.L8:
 106              		.loc 1 48 0
 107 0018 0198     		ldr	r0, [sp, #4]
 108 001a FFF7FEFF 		bl	rtcan_lld_can_txe
 109 001e 0346     		mov	r3, r0
 110 0020 83F00103 		eor	r3, r3, #1
 111 0024 DBB2     		uxtb	r3, r3
 112 0026 002B     		cmp	r3, #0
 113 0028 01D0     		beq	.L10
ARM GAS  /tmp/cce1Fjel.s 			page 3


 114              		.loc 1 49 0
 115 002a 0023     		movs	r3, #0
 116 002c 65E0     		b	.L14
 117              	.L10:
 118              		.loc 1 52 0
 119 002e 019B     		ldr	r3, [sp, #4]
 120 0030 1B69     		ldr	r3, [r3, #16]
 121 0032 002B     		cmp	r3, #0
 122 0034 01D0     		beq	.L11
 123              		.loc 1 53 0
 124 0036 0023     		movs	r3, #0
 125 0038 5FE0     		b	.L14
 126              	.L11:
 127              		.loc 1 56 0
 128 003a 019B     		ldr	r3, [sp, #4]
 129 003c 0C33     		adds	r3, r3, #12
 130 003e 1846     		mov	r0, r3
 131 0040 FFF7FEFF 		bl	msgqueue_get
 132 0044 0790     		str	r0, [sp, #28]
 133              		.loc 1 67 0
 134 0046 0798     		ldr	r0, [sp, #28]
 135 0048 FFF7FEFF 		bl	srt_laxity
 136 004c 0346     		mov	r3, r0
 137 004e DA05     		lsls	r2, r3, #23
 138 0050 079B     		ldr	r3, [sp, #28]
 139 0052 B3F81130 		ldrh	r3, [r3, #17]	@ unaligned
 140 0056 9BB2     		uxth	r3, r3
 141 0058 DB01     		lsls	r3, r3, #7
 142 005a 1A43     		orrs	r2, r2, r3
 143 005c 079B     		ldr	r3, [sp, #28]
 144 005e 5B7F     		ldrb	r3, [r3, #29]
 145 0060 C3F30603 		ubfx	r3, r3, #0, #7
 146 0064 DBB2     		uxtb	r3, r3
 147 0066 03F07F03 		and	r3, r3, #127
 148 006a 1343     		orrs	r3, r3, r2
 149 006c 23F06042 		bic	r2, r3, #-536870912
 150 0070 039B     		ldr	r3, [sp, #12]
 151 0072 62F31C03 		bfi	r3, r2, #0, #29
 152 0076 0393     		str	r3, [sp, #12]
 153              		.loc 1 69 0
 154 0078 079B     		ldr	r3, [sp, #28]
 155 007a 5B7F     		ldrb	r3, [r3, #29]
 156 007c C3F30603 		ubfx	r3, r3, #0, #7
 157 0080 DBB2     		uxtb	r3, r3
 158 0082 002B     		cmp	r3, #0
 159 0084 07DD     		ble	.L12
 160              		.loc 1 70 0
 161 0086 9DF81030 		ldrb	r3, [sp, #16]
 162 008a 0822     		movs	r2, #8
 163 008c 62F30303 		bfi	r3, r2, #0, #4
 164 0090 8DF81030 		strb	r3, [sp, #16]
 165 0094 16E0     		b	.L13
 166              	.L12:
 167              		.loc 1 72 0
 168 0096 079B     		ldr	r3, [sp, #28]
 169 0098 D3F81520 		ldr	r2, [r3, #21]	@ unaligned
 170 009c 079B     		ldr	r3, [sp, #28]
ARM GAS  /tmp/cce1Fjel.s 			page 4


 171 009e B3F81330 		ldrh	r3, [r3, #19]	@ unaligned
 172 00a2 9BB2     		uxth	r3, r3
 173 00a4 1344     		add	r3, r3, r2
 174 00a6 1A46     		mov	r2, r3
 175 00a8 079B     		ldr	r3, [sp, #28]
 176 00aa D3F81930 		ldr	r3, [r3, #25]	@ unaligned
 177 00ae D31A     		subs	r3, r2, r3
 178 00b0 DBB2     		uxtb	r3, r3
 179 00b2 03F00F03 		and	r3, r3, #15
 180 00b6 DAB2     		uxtb	r2, r3
 181 00b8 9DF81030 		ldrb	r3, [sp, #16]
 182 00bc 62F30303 		bfi	r3, r2, #0, #4
 183 00c0 8DF81030 		strb	r3, [sp, #16]
 184              	.L13:
 185              		.loc 1 75 0
 186 00c4 079B     		ldr	r3, [sp, #28]
 187 00c6 D3F81930 		ldr	r3, [r3, #25]	@ unaligned
 188 00ca 1B68     		ldr	r3, [r3]
 189 00cc 0593     		str	r3, [sp, #20]
 190              		.loc 1 76 0
 191 00ce 079B     		ldr	r3, [sp, #28]
 192 00d0 D3F81930 		ldr	r3, [r3, #25]	@ unaligned
 193 00d4 5B68     		ldr	r3, [r3, #4]
 194 00d6 0693     		str	r3, [sp, #24]
 195              		.loc 1 78 0
 196 00d8 03AB     		add	r3, sp, #12
 197 00da 0198     		ldr	r0, [sp, #4]
 198 00dc 1946     		mov	r1, r3
 199 00de FFF7FEFF 		bl	rtcan_lld_can_transmit
 200              		.loc 1 79 0
 201 00e2 9DF81130 		ldrb	r3, [sp, #17]	@ zero_extendqisi2
 202 00e6 1A46     		mov	r2, r3
 203 00e8 019B     		ldr	r3, [sp, #4]
 204 00ea 0432     		adds	r2, r2, #4
 205 00ec 0799     		ldr	r1, [sp, #28]
 206 00ee 43F82210 		str	r1, [r3, r2, lsl #2]
 207              		.loc 1 80 0
 208 00f2 079B     		ldr	r3, [sp, #28]
 209 00f4 0422     		movs	r2, #4
 210 00f6 1A71     		strb	r2, [r3, #4]
 211              		.loc 1 82 0
 212 00f8 0123     		movs	r3, #1
 213              	.L14:
 214              		.loc 1 83 0
 215 00fa 1846     		mov	r0, r3
 216 00fc 09B0     		add	sp, sp, #36
 217              		@ sp needed
 218 00fe 5DF804FB 		ldr	pc, [sp], #4
 219              		.cfi_endproc
 220              	.LFE119:
 221              		.size	srt_transmit, .-srt_transmit
 222 0102 00BFAFF3 		.text
 222      0080AFF3 
 222      0080AFF3 
 222      0080
 223              	.Letext0:
 224              		.file 2 "/usr/include/newlib/machine/_default_types.h"
ARM GAS  /tmp/cce1Fjel.s 			page 5


 225              		.file 3 "/usr/include/newlib/stdint.h"
 226              		.file 4 "/home/dave/r2p-sdk/core/ChibiOS/os/ports/GCC/ARMCMx/chtypes.h"
 227              		.file 5 "/home/dave/r2p-sdk/core/ChibiOS/os/kernel/include/chvt.h"
 228              		.file 6 "/home/dave/r2p-sdk/core/ChibiOS/os/hal/platforms/STM32F30x/stm32f30x.h"
 229              		.file 7 "/home/dave/r2p-sdk/core/RTCAN/include/rtcan.h"
 230              		.file 8 "/home/dave/r2p-sdk/core/RTCAN/include/msgqueue.h"
 231              		.file 9 "/home/dave/r2p-sdk/core/ChibiOS/os/ports/common/ARMCMx/CMSIS/include/core_cm4.h"
 232              		.section	.debug_info,"",%progbits
 233              	.Ldebug_info0:
 234 0000 78090000 		.4byte	0x978
 235 0004 0400     		.2byte	0x4
 236 0006 00000000 		.4byte	.Ldebug_abbrev0
 237 000a 04       		.byte	0x4
 238 000b 01       		.uleb128 0x1
 239 000c A1030000 		.4byte	.LASF129
 240 0010 01       		.byte	0x1
 241 0011 1B000000 		.4byte	.LASF130
 242 0015 00000000 		.4byte	.Ldebug_ranges0+0
 243 0019 00000000 		.4byte	0
 244 001d 00000000 		.4byte	.Ldebug_line0
 245 0021 02       		.uleb128 0x2
 246 0022 04       		.byte	0x4
 247 0023 05       		.byte	0x5
 248 0024 696E7400 		.ascii	"int\000"
 249 0028 03       		.uleb128 0x3
 250 0029 04       		.byte	0x4
 251 002a 07       		.byte	0x7
 252 002b A6010000 		.4byte	.LASF0
 253 002f 03       		.uleb128 0x3
 254 0030 01       		.byte	0x1
 255 0031 06       		.byte	0x6
 256 0032 C0000000 		.4byte	.LASF1
 257 0036 04       		.uleb128 0x4
 258 0037 4A000000 		.4byte	.LASF4
 259 003b 02       		.byte	0x2
 260 003c 1D       		.byte	0x1d
 261 003d 41000000 		.4byte	0x41
 262 0041 03       		.uleb128 0x3
 263 0042 01       		.byte	0x1
 264 0043 08       		.byte	0x8
 265 0044 7C030000 		.4byte	.LASF2
 266 0048 03       		.uleb128 0x3
 267 0049 02       		.byte	0x2
 268 004a 05       		.byte	0x5
 269 004b 97030000 		.4byte	.LASF3
 270 004f 04       		.uleb128 0x4
 271 0050 69010000 		.4byte	.LASF5
 272 0054 02       		.byte	0x2
 273 0055 2B       		.byte	0x2b
 274 0056 5A000000 		.4byte	0x5a
 275 005a 03       		.uleb128 0x3
 276 005b 02       		.byte	0x2
 277 005c 07       		.byte	0x7
 278 005d 44050000 		.4byte	.LASF6
 279 0061 04       		.uleb128 0x4
 280 0062 5A020000 		.4byte	.LASF7
 281 0066 02       		.byte	0x2
ARM GAS  /tmp/cce1Fjel.s 			page 6


 282 0067 3F       		.byte	0x3f
 283 0068 6C000000 		.4byte	0x6c
 284 006c 03       		.uleb128 0x3
 285 006d 04       		.byte	0x4
 286 006e 05       		.byte	0x5
 287 006f 19010000 		.4byte	.LASF8
 288 0073 04       		.uleb128 0x4
 289 0074 74010000 		.4byte	.LASF9
 290 0078 02       		.byte	0x2
 291 0079 41       		.byte	0x41
 292 007a 7E000000 		.4byte	0x7e
 293 007e 03       		.uleb128 0x3
 294 007f 04       		.byte	0x4
 295 0080 07       		.byte	0x7
 296 0081 D0010000 		.4byte	.LASF10
 297 0085 03       		.uleb128 0x3
 298 0086 08       		.byte	0x8
 299 0087 05       		.byte	0x5
 300 0088 4A010000 		.4byte	.LASF11
 301 008c 03       		.uleb128 0x3
 302 008d 08       		.byte	0x8
 303 008e 07       		.byte	0x7
 304 008f 7F000000 		.4byte	.LASF12
 305 0093 04       		.uleb128 0x4
 306 0094 A3050000 		.4byte	.LASF13
 307 0098 03       		.byte	0x3
 308 0099 2A       		.byte	0x2a
 309 009a 36000000 		.4byte	0x36
 310 009e 04       		.uleb128 0x4
 311 009f BB010000 		.4byte	.LASF14
 312 00a3 03       		.byte	0x3
 313 00a4 36       		.byte	0x36
 314 00a5 4F000000 		.4byte	0x4f
 315 00a9 04       		.uleb128 0x4
 316 00aa 74030000 		.4byte	.LASF15
 317 00ae 03       		.byte	0x3
 318 00af 41       		.byte	0x41
 319 00b0 61000000 		.4byte	0x61
 320 00b4 04       		.uleb128 0x4
 321 00b5 CE040000 		.4byte	.LASF16
 322 00b9 03       		.byte	0x3
 323 00ba 42       		.byte	0x42
 324 00bb 73000000 		.4byte	0x73
 325 00bf 04       		.uleb128 0x4
 326 00c0 DD000000 		.4byte	.LASF17
 327 00c4 04       		.byte	0x4
 328 00c5 2B       		.byte	0x2b
 329 00c6 CA000000 		.4byte	0xca
 330 00ca 03       		.uleb128 0x3
 331 00cb 01       		.byte	0x1
 332 00cc 02       		.byte	0x2
 333 00cd 6E030000 		.4byte	.LASF18
 334 00d1 04       		.uleb128 0x4
 335 00d2 0E050000 		.4byte	.LASF19
 336 00d6 04       		.byte	0x4
 337 00d7 35       		.byte	0x35
 338 00d8 B4000000 		.4byte	0xb4
ARM GAS  /tmp/cce1Fjel.s 			page 7


 339 00dc 05       		.uleb128 0x5
 340 00dd 04       		.byte	0x4
 341 00de 06       		.uleb128 0x6
 342 00df B4000000 		.4byte	0xb4
 343 00e3 03       		.uleb128 0x3
 344 00e4 04       		.byte	0x4
 345 00e5 07       		.byte	0x7
 346 00e6 AE020000 		.4byte	.LASF20
 347 00ea 04       		.uleb128 0x4
 348 00eb 18050000 		.4byte	.LASF21
 349 00ef 05       		.byte	0x5
 350 00f0 58       		.byte	0x58
 351 00f1 F5000000 		.4byte	0xf5
 352 00f5 07       		.uleb128 0x7
 353 00f6 04       		.byte	0x4
 354 00f7 FB000000 		.4byte	0xfb
 355 00fb 08       		.uleb128 0x8
 356 00fc 06010000 		.4byte	0x106
 357 0100 09       		.uleb128 0x9
 358 0101 DC000000 		.4byte	0xdc
 359 0105 00       		.byte	0
 360 0106 04       		.uleb128 0x4
 361 0107 EC010000 		.4byte	.LASF22
 362 010b 05       		.byte	0x5
 363 010c 5D       		.byte	0x5d
 364 010d 11010000 		.4byte	0x111
 365 0111 0A       		.uleb128 0xa
 366 0112 EC010000 		.4byte	.LASF22
 367 0116 14       		.byte	0x14
 368 0117 05       		.byte	0x5
 369 0118 64       		.byte	0x64
 370 0119 5A010000 		.4byte	0x15a
 371 011d 0B       		.uleb128 0xb
 372 011e B3010000 		.4byte	.LASF23
 373 0122 05       		.byte	0x5
 374 0123 65       		.byte	0x65
 375 0124 5A010000 		.4byte	0x15a
 376 0128 00       		.byte	0
 377 0129 0B       		.uleb128 0xb
 378 012a 7F010000 		.4byte	.LASF24
 379 012e 05       		.byte	0x5
 380 012f 67       		.byte	0x67
 381 0130 5A010000 		.4byte	0x15a
 382 0134 04       		.byte	0x4
 383 0135 0B       		.uleb128 0xb
 384 0136 9B020000 		.4byte	.LASF25
 385 013a 05       		.byte	0x5
 386 013b 69       		.byte	0x69
 387 013c D1000000 		.4byte	0xd1
 388 0140 08       		.byte	0x8
 389 0141 0B       		.uleb128 0xb
 390 0142 C6020000 		.4byte	.LASF26
 391 0146 05       		.byte	0x5
 392 0147 6A       		.byte	0x6a
 393 0148 EA000000 		.4byte	0xea
 394 014c 0C       		.byte	0xc
 395 014d 0B       		.uleb128 0xb
ARM GAS  /tmp/cce1Fjel.s 			page 8


 396 014e 57050000 		.4byte	.LASF27
 397 0152 05       		.byte	0x5
 398 0153 6C       		.byte	0x6c
 399 0154 DC000000 		.4byte	0xdc
 400 0158 10       		.byte	0x10
 401 0159 00       		.byte	0
 402 015a 07       		.uleb128 0x7
 403 015b 04       		.byte	0x4
 404 015c 06010000 		.4byte	0x106
 405 0160 0C       		.uleb128 0xc
 406 0161 10       		.byte	0x10
 407 0162 05       		.byte	0x5
 408 0163 76       		.byte	0x76
 409 0164 99010000 		.4byte	0x199
 410 0168 0B       		.uleb128 0xb
 411 0169 B3010000 		.4byte	.LASF23
 412 016d 05       		.byte	0x5
 413 016e 77       		.byte	0x77
 414 016f 5A010000 		.4byte	0x15a
 415 0173 00       		.byte	0
 416 0174 0B       		.uleb128 0xb
 417 0175 7F010000 		.4byte	.LASF24
 418 0179 05       		.byte	0x5
 419 017a 79       		.byte	0x79
 420 017b 5A010000 		.4byte	0x15a
 421 017f 04       		.byte	0x4
 422 0180 0B       		.uleb128 0xb
 423 0181 9B020000 		.4byte	.LASF25
 424 0185 05       		.byte	0x5
 425 0186 7B       		.byte	0x7b
 426 0187 D1000000 		.4byte	0xd1
 427 018b 08       		.byte	0x8
 428 018c 0B       		.uleb128 0xb
 429 018d D7040000 		.4byte	.LASF28
 430 0191 05       		.byte	0x5
 431 0192 7C       		.byte	0x7c
 432 0193 99010000 		.4byte	0x199
 433 0197 0C       		.byte	0xc
 434 0198 00       		.byte	0
 435 0199 06       		.uleb128 0x6
 436 019a D1000000 		.4byte	0xd1
 437 019e 04       		.uleb128 0x4
 438 019f E7020000 		.4byte	.LASF29
 439 01a3 05       		.byte	0x5
 440 01a4 7D       		.byte	0x7d
 441 01a5 60010000 		.4byte	0x160
 442 01a9 03       		.uleb128 0x3
 443 01aa 01       		.byte	0x1
 444 01ab 08       		.byte	0x8
 445 01ac E2040000 		.4byte	.LASF30
 446 01b0 07       		.uleb128 0x7
 447 01b1 04       		.byte	0x4
 448 01b2 93000000 		.4byte	0x93
 449 01b6 07       		.uleb128 0x7
 450 01b7 04       		.byte	0x4
 451 01b8 BC010000 		.4byte	0x1bc
 452 01bc 0D       		.uleb128 0xd
ARM GAS  /tmp/cce1Fjel.s 			page 9


 453 01bd 93000000 		.4byte	0x93
 454 01c1 0E       		.uleb128 0xe
 455 01c2 B4000000 		.4byte	0xb4
 456 01c6 D1010000 		.4byte	0x1d1
 457 01ca 0F       		.uleb128 0xf
 458 01cb E3000000 		.4byte	0xe3
 459 01cf 07       		.byte	0x7
 460 01d0 00       		.byte	0
 461 01d1 0E       		.uleb128 0xe
 462 01d2 B4000000 		.4byte	0xb4
 463 01d6 E1010000 		.4byte	0x1e1
 464 01da 0F       		.uleb128 0xf
 465 01db E3000000 		.4byte	0xe3
 466 01df 01       		.byte	0x1
 467 01e0 00       		.byte	0
 468 01e1 06       		.uleb128 0x6
 469 01e2 9E000000 		.4byte	0x9e
 470 01e6 06       		.uleb128 0x6
 471 01e7 A9000000 		.4byte	0xa9
 472 01eb 10       		.uleb128 0x10
 473 01ec 10       		.byte	0x10
 474 01ed 06       		.byte	0x6
 475 01ee 6C01     		.2byte	0x16c
 476 01f0 29020000 		.4byte	0x229
 477 01f4 11       		.uleb128 0x11
 478 01f5 54495200 		.ascii	"TIR\000"
 479 01f9 06       		.byte	0x6
 480 01fa 6E01     		.2byte	0x16e
 481 01fc DE000000 		.4byte	0xde
 482 0200 00       		.byte	0
 483 0201 12       		.uleb128 0x12
 484 0202 87010000 		.4byte	.LASF31
 485 0206 06       		.byte	0x6
 486 0207 6F01     		.2byte	0x16f
 487 0209 DE000000 		.4byte	0xde
 488 020d 04       		.byte	0x4
 489 020e 12       		.uleb128 0x12
 490 020f 14010000 		.4byte	.LASF32
 491 0213 06       		.byte	0x6
 492 0214 7001     		.2byte	0x170
 493 0216 DE000000 		.4byte	0xde
 494 021a 08       		.byte	0x8
 495 021b 12       		.uleb128 0x12
 496 021c EE020000 		.4byte	.LASF33
 497 0220 06       		.byte	0x6
 498 0221 7101     		.2byte	0x171
 499 0223 DE000000 		.4byte	0xde
 500 0227 0C       		.byte	0xc
 501 0228 00       		.byte	0
 502 0229 13       		.uleb128 0x13
 503 022a 22010000 		.4byte	.LASF34
 504 022e 06       		.byte	0x6
 505 022f 7201     		.2byte	0x172
 506 0231 EB010000 		.4byte	0x1eb
 507 0235 10       		.uleb128 0x10
 508 0236 10       		.byte	0x10
 509 0237 06       		.byte	0x6
ARM GAS  /tmp/cce1Fjel.s 			page 10


 510 0238 7701     		.2byte	0x177
 511 023a 73020000 		.4byte	0x273
 512 023e 11       		.uleb128 0x11
 513 023f 52495200 		.ascii	"RIR\000"
 514 0243 06       		.byte	0x6
 515 0244 7901     		.2byte	0x179
 516 0246 DE000000 		.4byte	0xde
 517 024a 00       		.byte	0
 518 024b 12       		.uleb128 0x12
 519 024c E2010000 		.4byte	.LASF35
 520 0250 06       		.byte	0x6
 521 0251 7A01     		.2byte	0x17a
 522 0253 DE000000 		.4byte	0xde
 523 0257 04       		.byte	0x4
 524 0258 12       		.uleb128 0x12
 525 0259 91010000 		.4byte	.LASF36
 526 025d 06       		.byte	0x6
 527 025e 7B01     		.2byte	0x17b
 528 0260 DE000000 		.4byte	0xde
 529 0264 08       		.byte	0x8
 530 0265 12       		.uleb128 0x12
 531 0266 09050000 		.4byte	.LASF37
 532 026a 06       		.byte	0x6
 533 026b 7C01     		.2byte	0x17c
 534 026d DE000000 		.4byte	0xde
 535 0271 0C       		.byte	0xc
 536 0272 00       		.byte	0
 537 0273 13       		.uleb128 0x13
 538 0274 8B050000 		.4byte	.LASF38
 539 0278 06       		.byte	0x6
 540 0279 7D01     		.2byte	0x17d
 541 027b 35020000 		.4byte	0x235
 542 027f 10       		.uleb128 0x10
 543 0280 08       		.byte	0x8
 544 0281 06       		.byte	0x6
 545 0282 8201     		.2byte	0x182
 546 0284 A3020000 		.4byte	0x2a3
 547 0288 11       		.uleb128 0x11
 548 0289 46523100 		.ascii	"FR1\000"
 549 028d 06       		.byte	0x6
 550 028e 8401     		.2byte	0x184
 551 0290 DE000000 		.4byte	0xde
 552 0294 00       		.byte	0
 553 0295 11       		.uleb128 0x11
 554 0296 46523200 		.ascii	"FR2\000"
 555 029a 06       		.byte	0x6
 556 029b 8501     		.2byte	0x185
 557 029d DE000000 		.4byte	0xde
 558 02a1 04       		.byte	0x4
 559 02a2 00       		.byte	0
 560 02a3 13       		.uleb128 0x13
 561 02a4 08020000 		.4byte	.LASF39
 562 02a8 06       		.byte	0x6
 563 02a9 8601     		.2byte	0x186
 564 02ab 7F020000 		.4byte	0x27f
 565 02af 14       		.uleb128 0x14
 566 02b0 2003     		.2byte	0x320
ARM GAS  /tmp/cce1Fjel.s 			page 11


 567 02b2 06       		.byte	0x6
 568 02b3 8B01     		.2byte	0x18b
 569 02b5 E5030000 		.4byte	0x3e5
 570 02b9 11       		.uleb128 0x11
 571 02ba 4D435200 		.ascii	"MCR\000"
 572 02be 06       		.byte	0x6
 573 02bf 8D01     		.2byte	0x18d
 574 02c1 DE000000 		.4byte	0xde
 575 02c5 00       		.byte	0
 576 02c6 11       		.uleb128 0x11
 577 02c7 4D535200 		.ascii	"MSR\000"
 578 02cb 06       		.byte	0x6
 579 02cc 8E01     		.2byte	0x18e
 580 02ce DE000000 		.4byte	0xde
 581 02d2 04       		.byte	0x4
 582 02d3 11       		.uleb128 0x11
 583 02d4 54535200 		.ascii	"TSR\000"
 584 02d8 06       		.byte	0x6
 585 02d9 8F01     		.2byte	0x18f
 586 02db DE000000 		.4byte	0xde
 587 02df 08       		.byte	0x8
 588 02e0 12       		.uleb128 0x12
 589 02e1 64010000 		.4byte	.LASF40
 590 02e5 06       		.byte	0x6
 591 02e6 9001     		.2byte	0x190
 592 02e8 DE000000 		.4byte	0xde
 593 02ec 0C       		.byte	0xc
 594 02ed 12       		.uleb128 0x12
 595 02ee 03020000 		.4byte	.LASF41
 596 02f2 06       		.byte	0x6
 597 02f3 9101     		.2byte	0x191
 598 02f5 DE000000 		.4byte	0xde
 599 02f9 10       		.byte	0x10
 600 02fa 11       		.uleb128 0x11
 601 02fb 49455200 		.ascii	"IER\000"
 602 02ff 06       		.byte	0x6
 603 0300 9201     		.2byte	0x192
 604 0302 DE000000 		.4byte	0xde
 605 0306 14       		.byte	0x14
 606 0307 11       		.uleb128 0x11
 607 0308 45535200 		.ascii	"ESR\000"
 608 030c 06       		.byte	0x6
 609 030d 9301     		.2byte	0x193
 610 030f DE000000 		.4byte	0xde
 611 0313 18       		.byte	0x18
 612 0314 11       		.uleb128 0x11
 613 0315 42545200 		.ascii	"BTR\000"
 614 0319 06       		.byte	0x6
 615 031a 9401     		.2byte	0x194
 616 031c DE000000 		.4byte	0xde
 617 0320 1C       		.byte	0x1c
 618 0321 12       		.uleb128 0x12
 619 0322 25030000 		.4byte	.LASF42
 620 0326 06       		.byte	0x6
 621 0327 9501     		.2byte	0x195
 622 0329 E5030000 		.4byte	0x3e5
 623 032d 20       		.byte	0x20
ARM GAS  /tmp/cce1Fjel.s 			page 12


 624 032e 15       		.uleb128 0x15
 625 032f 05000000 		.4byte	.LASF43
 626 0333 06       		.byte	0x6
 627 0334 9601     		.2byte	0x196
 628 0336 F5030000 		.4byte	0x3f5
 629 033a 8001     		.2byte	0x180
 630 033c 15       		.uleb128 0x15
 631 033d 21050000 		.4byte	.LASF44
 632 0341 06       		.byte	0x6
 633 0342 9701     		.2byte	0x197
 634 0344 05040000 		.4byte	0x405
 635 0348 B001     		.2byte	0x1b0
 636 034a 15       		.uleb128 0x15
 637 034b 2F030000 		.4byte	.LASF45
 638 034f 06       		.byte	0x6
 639 0350 9801     		.2byte	0x198
 640 0352 15040000 		.4byte	0x415
 641 0356 D001     		.2byte	0x1d0
 642 0358 16       		.uleb128 0x16
 643 0359 464D5200 		.ascii	"FMR\000"
 644 035d 06       		.byte	0x6
 645 035e 9901     		.2byte	0x199
 646 0360 DE000000 		.4byte	0xde
 647 0364 0002     		.2byte	0x200
 648 0366 15       		.uleb128 0x15
 649 0367 55020000 		.4byte	.LASF46
 650 036b 06       		.byte	0x6
 651 036c 9A01     		.2byte	0x19a
 652 036e DE000000 		.4byte	0xde
 653 0372 0402     		.2byte	0x204
 654 0374 15       		.uleb128 0x15
 655 0375 39030000 		.4byte	.LASF47
 656 0379 06       		.byte	0x6
 657 037a 9B01     		.2byte	0x19b
 658 037c B4000000 		.4byte	0xb4
 659 0380 0802     		.2byte	0x208
 660 0382 15       		.uleb128 0x15
 661 0383 E7010000 		.4byte	.LASF48
 662 0387 06       		.byte	0x6
 663 0388 9C01     		.2byte	0x19c
 664 038a DE000000 		.4byte	0xde
 665 038e 0C02     		.2byte	0x20c
 666 0390 15       		.uleb128 0x15
 667 0391 43030000 		.4byte	.LASF49
 668 0395 06       		.byte	0x6
 669 0396 9D01     		.2byte	0x19d
 670 0398 B4000000 		.4byte	0xb4
 671 039c 1002     		.2byte	0x210
 672 039e 15       		.uleb128 0x15
 673 039f 0D030000 		.4byte	.LASF50
 674 03a3 06       		.byte	0x6
 675 03a4 9E01     		.2byte	0x19e
 676 03a6 DE000000 		.4byte	0xde
 677 03aa 1402     		.2byte	0x214
 678 03ac 15       		.uleb128 0x15
 679 03ad BA040000 		.4byte	.LASF51
 680 03b1 06       		.byte	0x6
ARM GAS  /tmp/cce1Fjel.s 			page 13


 681 03b2 9F01     		.2byte	0x19f
 682 03b4 B4000000 		.4byte	0xb4
 683 03b8 1802     		.2byte	0x218
 684 03ba 15       		.uleb128 0x15
 685 03bb 5F030000 		.4byte	.LASF52
 686 03bf 06       		.byte	0x6
 687 03c0 A001     		.2byte	0x1a0
 688 03c2 DE000000 		.4byte	0xde
 689 03c6 1C02     		.2byte	0x21c
 690 03c8 15       		.uleb128 0x15
 691 03c9 C4040000 		.4byte	.LASF53
 692 03cd 06       		.byte	0x6
 693 03ce A101     		.2byte	0x1a1
 694 03d0 C1010000 		.4byte	0x1c1
 695 03d4 2002     		.2byte	0x220
 696 03d6 15       		.uleb128 0x15
 697 03d7 37020000 		.4byte	.LASF54
 698 03db 06       		.byte	0x6
 699 03dc A201     		.2byte	0x1a2
 700 03de 25040000 		.4byte	0x425
 701 03e2 4002     		.2byte	0x240
 702 03e4 00       		.byte	0
 703 03e5 0E       		.uleb128 0xe
 704 03e6 B4000000 		.4byte	0xb4
 705 03ea F5030000 		.4byte	0x3f5
 706 03ee 0F       		.uleb128 0xf
 707 03ef E3000000 		.4byte	0xe3
 708 03f3 57       		.byte	0x57
 709 03f4 00       		.byte	0
 710 03f5 0E       		.uleb128 0xe
 711 03f6 29020000 		.4byte	0x229
 712 03fa 05040000 		.4byte	0x405
 713 03fe 0F       		.uleb128 0xf
 714 03ff E3000000 		.4byte	0xe3
 715 0403 02       		.byte	0x2
 716 0404 00       		.byte	0
 717 0405 0E       		.uleb128 0xe
 718 0406 73020000 		.4byte	0x273
 719 040a 15040000 		.4byte	0x415
 720 040e 0F       		.uleb128 0xf
 721 040f E3000000 		.4byte	0xe3
 722 0413 01       		.byte	0x1
 723 0414 00       		.byte	0
 724 0415 0E       		.uleb128 0xe
 725 0416 B4000000 		.4byte	0xb4
 726 041a 25040000 		.4byte	0x425
 727 041e 0F       		.uleb128 0xf
 728 041f E3000000 		.4byte	0xe3
 729 0423 0B       		.byte	0xb
 730 0424 00       		.byte	0
 731 0425 0E       		.uleb128 0xe
 732 0426 A3020000 		.4byte	0x2a3
 733 042a 35040000 		.4byte	0x435
 734 042e 0F       		.uleb128 0xf
 735 042f E3000000 		.4byte	0xe3
 736 0433 1B       		.byte	0x1b
 737 0434 00       		.byte	0
ARM GAS  /tmp/cce1Fjel.s 			page 14


 738 0435 13       		.uleb128 0x13
 739 0436 5B000000 		.4byte	.LASF55
 740 043a 06       		.byte	0x6
 741 043b A301     		.2byte	0x1a3
 742 043d AF020000 		.4byte	0x2af
 743 0441 10       		.uleb128 0x10
 744 0442 60       		.byte	0x60
 745 0443 06       		.byte	0x6
 746 0444 E002     		.2byte	0x2e0
 747 0446 C2050000 		.4byte	0x5c2
 748 044a 11       		.uleb128 0x11
 749 044b 43523100 		.ascii	"CR1\000"
 750 044f 06       		.byte	0x6
 751 0450 E202     		.2byte	0x2e2
 752 0452 E1010000 		.4byte	0x1e1
 753 0456 00       		.byte	0
 754 0457 12       		.uleb128 0x12
 755 0458 25030000 		.4byte	.LASF42
 756 045c 06       		.byte	0x6
 757 045d E302     		.2byte	0x2e3
 758 045f 9E000000 		.4byte	0x9e
 759 0463 02       		.byte	0x2
 760 0464 11       		.uleb128 0x11
 761 0465 43523200 		.ascii	"CR2\000"
 762 0469 06       		.byte	0x6
 763 046a E402     		.2byte	0x2e4
 764 046c DE000000 		.4byte	0xde
 765 0470 04       		.byte	0x4
 766 0471 12       		.uleb128 0x12
 767 0472 FE010000 		.4byte	.LASF56
 768 0476 06       		.byte	0x6
 769 0477 E502     		.2byte	0x2e5
 770 0479 DE000000 		.4byte	0xde
 771 047d 08       		.byte	0x8
 772 047e 12       		.uleb128 0x12
 773 047f 00000000 		.4byte	.LASF57
 774 0483 06       		.byte	0x6
 775 0484 E602     		.2byte	0x2e6
 776 0486 DE000000 		.4byte	0xde
 777 048a 0C       		.byte	0xc
 778 048b 11       		.uleb128 0x11
 779 048c 535200   		.ascii	"SR\000"
 780 048f 06       		.byte	0x6
 781 0490 E702     		.2byte	0x2e7
 782 0492 DE000000 		.4byte	0xde
 783 0496 10       		.byte	0x10
 784 0497 11       		.uleb128 0x11
 785 0498 45475200 		.ascii	"EGR\000"
 786 049c 06       		.byte	0x6
 787 049d E802     		.2byte	0x2e8
 788 049f DE000000 		.4byte	0xde
 789 04a3 14       		.byte	0x14
 790 04a4 12       		.uleb128 0x12
 791 04a5 AE000000 		.4byte	.LASF58
 792 04a9 06       		.byte	0x6
 793 04aa E902     		.2byte	0x2e9
 794 04ac DE000000 		.4byte	0xde
ARM GAS  /tmp/cce1Fjel.s 			page 15


 795 04b0 18       		.byte	0x18
 796 04b1 12       		.uleb128 0x12
 797 04b2 B4000000 		.4byte	.LASF59
 798 04b6 06       		.byte	0x6
 799 04b7 EA02     		.2byte	0x2ea
 800 04b9 DE000000 		.4byte	0xde
 801 04bd 1C       		.byte	0x1c
 802 04be 12       		.uleb128 0x12
 803 04bf 45010000 		.4byte	.LASF60
 804 04c3 06       		.byte	0x6
 805 04c4 EB02     		.2byte	0x2eb
 806 04c6 DE000000 		.4byte	0xde
 807 04ca 20       		.byte	0x20
 808 04cb 11       		.uleb128 0x11
 809 04cc 434E5400 		.ascii	"CNT\000"
 810 04d0 06       		.byte	0x6
 811 04d1 EC02     		.2byte	0x2ec
 812 04d3 DE000000 		.4byte	0xde
 813 04d7 24       		.byte	0x24
 814 04d8 11       		.uleb128 0x11
 815 04d9 50534300 		.ascii	"PSC\000"
 816 04dd 06       		.byte	0x6
 817 04de ED02     		.2byte	0x2ed
 818 04e0 E1010000 		.4byte	0x1e1
 819 04e4 28       		.byte	0x28
 820 04e5 12       		.uleb128 0x12
 821 04e6 64030000 		.4byte	.LASF61
 822 04ea 06       		.byte	0x6
 823 04eb EE02     		.2byte	0x2ee
 824 04ed 9E000000 		.4byte	0x9e
 825 04f1 2A       		.byte	0x2a
 826 04f2 11       		.uleb128 0x11
 827 04f3 41525200 		.ascii	"ARR\000"
 828 04f7 06       		.byte	0x6
 829 04f8 EF02     		.2byte	0x2ef
 830 04fa DE000000 		.4byte	0xde
 831 04fe 2C       		.byte	0x2c
 832 04ff 11       		.uleb128 0x11
 833 0500 52435200 		.ascii	"RCR\000"
 834 0504 06       		.byte	0x6
 835 0505 F002     		.2byte	0x2f0
 836 0507 E1010000 		.4byte	0x1e1
 837 050b 30       		.byte	0x30
 838 050c 12       		.uleb128 0x12
 839 050d ED000000 		.4byte	.LASF62
 840 0511 06       		.byte	0x6
 841 0512 F102     		.2byte	0x2f1
 842 0514 9E000000 		.4byte	0x9e
 843 0518 32       		.byte	0x32
 844 0519 12       		.uleb128 0x12
 845 051a 7A000000 		.4byte	.LASF63
 846 051e 06       		.byte	0x6
 847 051f F202     		.2byte	0x2f2
 848 0521 DE000000 		.4byte	0xde
 849 0525 34       		.byte	0x34
 850 0526 12       		.uleb128 0x12
 851 0527 6B050000 		.4byte	.LASF64
ARM GAS  /tmp/cce1Fjel.s 			page 16


 852 052b 06       		.byte	0x6
 853 052c F302     		.2byte	0x2f3
 854 052e DE000000 		.4byte	0xde
 855 0532 38       		.byte	0x38
 856 0533 12       		.uleb128 0x12
 857 0534 70050000 		.4byte	.LASF65
 858 0538 06       		.byte	0x6
 859 0539 F402     		.2byte	0x2f4
 860 053b DE000000 		.4byte	0xde
 861 053f 3C       		.byte	0x3c
 862 0540 12       		.uleb128 0x12
 863 0541 75050000 		.4byte	.LASF66
 864 0545 06       		.byte	0x6
 865 0546 F502     		.2byte	0x2f5
 866 0548 DE000000 		.4byte	0xde
 867 054c 40       		.byte	0x40
 868 054d 12       		.uleb128 0x12
 869 054e 8C010000 		.4byte	.LASF67
 870 0552 06       		.byte	0x6
 871 0553 F602     		.2byte	0x2f6
 872 0555 DE000000 		.4byte	0xde
 873 0559 44       		.byte	0x44
 874 055a 11       		.uleb128 0x11
 875 055b 44435200 		.ascii	"DCR\000"
 876 055f 06       		.byte	0x6
 877 0560 F702     		.2byte	0x2f7
 878 0562 E1010000 		.4byte	0x1e1
 879 0566 48       		.byte	0x48
 880 0567 12       		.uleb128 0x12
 881 0568 F8000000 		.4byte	.LASF68
 882 056c 06       		.byte	0x6
 883 056d F802     		.2byte	0x2f8
 884 056f 9E000000 		.4byte	0x9e
 885 0573 4A       		.byte	0x4a
 886 0574 12       		.uleb128 0x12
 887 0575 04050000 		.4byte	.LASF69
 888 0579 06       		.byte	0x6
 889 057a F902     		.2byte	0x2f9
 890 057c E1010000 		.4byte	0x1e1
 891 0580 4C       		.byte	0x4c
 892 0581 12       		.uleb128 0x12
 893 0582 03010000 		.4byte	.LASF70
 894 0586 06       		.byte	0x6
 895 0587 FA02     		.2byte	0x2fa
 896 0589 9E000000 		.4byte	0x9e
 897 058d 4E       		.byte	0x4e
 898 058e 11       		.uleb128 0x11
 899 058f 4F5200   		.ascii	"OR\000"
 900 0592 06       		.byte	0x6
 901 0593 FB02     		.2byte	0x2fb
 902 0595 E1010000 		.4byte	0x1e1
 903 0599 50       		.byte	0x50
 904 059a 12       		.uleb128 0x12
 905 059b BA000000 		.4byte	.LASF71
 906 059f 06       		.byte	0x6
 907 05a0 FC02     		.2byte	0x2fc
 908 05a2 DE000000 		.4byte	0xde
ARM GAS  /tmp/cce1Fjel.s 			page 17


 909 05a6 54       		.byte	0x54
 910 05a7 12       		.uleb128 0x12
 911 05a8 7A050000 		.4byte	.LASF72
 912 05ac 06       		.byte	0x6
 913 05ad FD02     		.2byte	0x2fd
 914 05af DE000000 		.4byte	0xde
 915 05b3 58       		.byte	0x58
 916 05b4 12       		.uleb128 0x12
 917 05b5 7F050000 		.4byte	.LASF73
 918 05b9 06       		.byte	0x6
 919 05ba FE02     		.2byte	0x2fe
 920 05bc DE000000 		.4byte	0xde
 921 05c0 5C       		.byte	0x5c
 922 05c1 00       		.byte	0
 923 05c2 13       		.uleb128 0x13
 924 05c3 67000000 		.4byte	.LASF74
 925 05c7 06       		.byte	0x6
 926 05c8 FF02     		.2byte	0x2ff
 927 05ca 41040000 		.4byte	0x441
 928 05ce 04       		.uleb128 0x4
 929 05cf E7040000 		.4byte	.LASF75
 930 05d3 07       		.byte	0x7
 931 05d4 5E       		.byte	0x5e
 932 05d5 D9050000 		.4byte	0x5d9
 933 05d9 0A       		.uleb128 0xa
 934 05da E7040000 		.4byte	.LASF75
 935 05de 1E       		.byte	0x1e
 936 05df 07       		.byte	0x7
 937 05e0 B9       		.byte	0xb9
 938 05e1 5A060000 		.4byte	0x65a
 939 05e5 0B       		.uleb128 0xb
 940 05e6 A9000000 		.4byte	.LASF76
 941 05ea 07       		.byte	0x7
 942 05eb BA       		.byte	0xba
 943 05ec 76060000 		.4byte	0x676
 944 05f0 00       		.byte	0
 945 05f1 0B       		.uleb128 0xb
 946 05f2 84050000 		.4byte	.LASF77
 947 05f6 07       		.byte	0x7
 948 05f7 BB       		.byte	0xbb
 949 05f8 ED060000 		.4byte	0x6ed
 950 05fc 04       		.byte	0x4
 951 05fd 0B       		.uleb128 0xb
 952 05fe 23020000 		.4byte	.LASF78
 953 0602 07       		.byte	0x7
 954 0603 BC       		.byte	0xbc
 955 0604 5A060000 		.4byte	0x65a
 956 0608 05       		.byte	0x5
 957 0609 0B       		.uleb128 0xb
 958 060a 58010000 		.4byte	.LASF79
 959 060e 07       		.byte	0x7
 960 060f BD       		.byte	0xbd
 961 0610 DC000000 		.4byte	0xdc
 962 0614 09       		.byte	0x9
 963 0615 17       		.uleb128 0x17
 964 0616 62080000 		.4byte	0x862
 965 061a 0D       		.byte	0xd
ARM GAS  /tmp/cce1Fjel.s 			page 18


 966 061b 18       		.uleb128 0x18
 967 061c 696400   		.ascii	"id\000"
 968 061f 07       		.byte	0x7
 969 0620 C7       		.byte	0xc7
 970 0621 F8060000 		.4byte	0x6f8
 971 0625 11       		.byte	0x11
 972 0626 0B       		.uleb128 0xb
 973 0627 B7050000 		.4byte	.LASF80
 974 062b 07       		.byte	0x7
 975 062c C8       		.byte	0xc8
 976 062d 9E000000 		.4byte	0x9e
 977 0631 13       		.byte	0x13
 978 0632 0B       		.uleb128 0xb
 979 0633 F9010000 		.4byte	.LASF81
 980 0637 07       		.byte	0x7
 981 0638 C9       		.byte	0xc9
 982 0639 B6010000 		.4byte	0x1b6
 983 063d 15       		.byte	0x15
 984 063e 18       		.uleb128 0x18
 985 063f 70747200 		.ascii	"ptr\000"
 986 0643 07       		.byte	0x7
 987 0644 CA       		.byte	0xca
 988 0645 B0010000 		.4byte	0x1b0
 989 0649 19       		.byte	0x19
 990 064a 19       		.uleb128 0x19
 991 064b A1040000 		.4byte	.LASF112
 992 064f 07       		.byte	0x7
 993 0650 CB       		.byte	0xcb
 994 0651 93000000 		.4byte	0x93
 995 0655 01       		.byte	0x1
 996 0656 07       		.byte	0x7
 997 0657 01       		.byte	0x1
 998 0658 1D       		.byte	0x1d
 999 0659 00       		.byte	0
 1000 065a 04       		.uleb128 0x4
 1001 065b F9020000 		.4byte	.LASF82
 1002 065f 07       		.byte	0x7
 1003 0660 63       		.byte	0x63
 1004 0661 65060000 		.4byte	0x665
 1005 0665 07       		.uleb128 0x7
 1006 0666 04       		.byte	0x4
 1007 0667 6B060000 		.4byte	0x66b
 1008 066b 08       		.uleb128 0x8
 1009 066c 76060000 		.4byte	0x676
 1010 0670 09       		.uleb128 0x9
 1011 0671 76060000 		.4byte	0x676
 1012 0675 00       		.byte	0
 1013 0676 07       		.uleb128 0x7
 1014 0677 04       		.byte	0x4
 1015 0678 CE050000 		.4byte	0x5ce
 1016 067c 1A       		.uleb128 0x1a
 1017 067d 01       		.byte	0x1
 1018 067e 07       		.byte	0x7
 1019 067f 68       		.byte	0x68
 1020 0680 AF060000 		.4byte	0x6af
 1021 0684 1B       		.uleb128 0x1b
 1022 0685 D4020000 		.4byte	.LASF83
ARM GAS  /tmp/cce1Fjel.s 			page 19


 1023 0689 00       		.sleb128 0
 1024 068a 1B       		.uleb128 0x1b
 1025 068b 10000000 		.4byte	.LASF84
 1026 068f 01       		.sleb128 1
 1027 0690 1B       		.uleb128 0x1b
 1028 0691 B7020000 		.4byte	.LASF85
 1029 0695 02       		.sleb128 2
 1030 0696 1B       		.uleb128 0x1b
 1031 0697 AB050000 		.4byte	.LASF86
 1032 069b 03       		.sleb128 3
 1033 069c 1B       		.uleb128 0x1b
 1034 069d 47020000 		.4byte	.LASF87
 1035 06a1 04       		.sleb128 4
 1036 06a2 1B       		.uleb128 0x1b
 1037 06a3 C4010000 		.4byte	.LASF88
 1038 06a7 05       		.sleb128 5
 1039 06a8 1B       		.uleb128 0x1b
 1040 06a9 BC050000 		.4byte	.LASF89
 1041 06ad 06       		.sleb128 6
 1042 06ae 00       		.byte	0
 1043 06af 04       		.uleb128 0x4
 1044 06b0 13030000 		.4byte	.LASF90
 1045 06b4 07       		.byte	0x7
 1046 06b5 70       		.byte	0x70
 1047 06b6 7C060000 		.4byte	0x67c
 1048 06ba 1A       		.uleb128 0x1a
 1049 06bb 01       		.byte	0x1
 1050 06bc 07       		.byte	0x7
 1051 06bd 75       		.byte	0x75
 1052 06be ED060000 		.4byte	0x6ed
 1053 06c2 1B       		.uleb128 0x1b
 1054 06c3 CC000000 		.4byte	.LASF91
 1055 06c7 00       		.sleb128 0
 1056 06c8 1B       		.uleb128 0x1b
 1057 06c9 35050000 		.4byte	.LASF92
 1058 06cd 01       		.sleb128 1
 1059 06ce 1B       		.uleb128 0x1b
 1060 06cf AA040000 		.4byte	.LASF93
 1061 06d3 02       		.sleb128 2
 1062 06d4 1B       		.uleb128 0x1b
 1063 06d5 90040000 		.4byte	.LASF94
 1064 06d9 03       		.sleb128 3
 1065 06da 1B       		.uleb128 0x1b
 1066 06db 8B020000 		.4byte	.LASF95
 1067 06df 04       		.sleb128 4
 1068 06e0 1B       		.uleb128 0x1b
 1069 06e1 4D030000 		.4byte	.LASF96
 1070 06e5 05       		.sleb128 5
 1071 06e6 1B       		.uleb128 0x1b
 1072 06e7 69020000 		.4byte	.LASF97
 1073 06eb 06       		.sleb128 6
 1074 06ec 00       		.byte	0
 1075 06ed 04       		.uleb128 0x4
 1076 06ee 79020000 		.4byte	.LASF98
 1077 06f2 07       		.byte	0x7
 1078 06f3 7D       		.byte	0x7d
 1079 06f4 BA060000 		.4byte	0x6ba
ARM GAS  /tmp/cce1Fjel.s 			page 20


 1080 06f8 04       		.uleb128 0x4
 1081 06f9 2C020000 		.4byte	.LASF99
 1082 06fd 07       		.byte	0x7
 1083 06fe 83       		.byte	0x83
 1084 06ff 9E000000 		.4byte	0x9e
 1085 0703 0C       		.uleb128 0xc
 1086 0704 04       		.byte	0x4
 1087 0705 08       		.byte	0x8
 1088 0706 1E       		.byte	0x1e
 1089 0707 18070000 		.4byte	0x718
 1090 070b 0B       		.uleb128 0xb
 1091 070c A9000000 		.4byte	.LASF76
 1092 0710 08       		.byte	0x8
 1093 0711 20       		.byte	0x20
 1094 0712 76060000 		.4byte	0x676
 1095 0716 00       		.byte	0
 1096 0717 00       		.byte	0
 1097 0718 04       		.uleb128 0x4
 1098 0719 F1050000 		.4byte	.LASF100
 1099 071d 08       		.byte	0x8
 1100 071e 21       		.byte	0x21
 1101 071f 03070000 		.4byte	0x703
 1102 0723 0A       		.uleb128 0xa
 1103 0724 96000000 		.4byte	.LASF101
 1104 0728 60       		.byte	0x60
 1105 0729 07       		.byte	0x7
 1106 072a E3       		.byte	0xe3
 1107 072b 9F070000 		.4byte	0x79f
 1108 072f 0B       		.uleb128 0xb
 1109 0730 0E010000 		.4byte	.LASF102
 1110 0734 07       		.byte	0x7
 1111 0735 E7       		.byte	0xe7
 1112 0736 AF060000 		.4byte	0x6af
 1113 073a 00       		.byte	0
 1114 073b 0B       		.uleb128 0xb
 1115 073c 5F010000 		.4byte	.LASF103
 1116 0740 07       		.byte	0x7
 1117 0741 EB       		.byte	0xeb
 1118 0742 B4000000 		.4byte	0xb4
 1119 0746 04       		.byte	0x4
 1120 0747 0B       		.uleb128 0xb
 1121 0748 5E050000 		.4byte	.LASF104
 1122 074c 07       		.byte	0x7
 1123 074d EF       		.byte	0xef
 1124 074e B4000000 		.4byte	0xb4
 1125 0752 08       		.byte	0x8
 1126 0753 0B       		.uleb128 0xb
 1127 0754 F3040000 		.4byte	.LASF105
 1128 0758 07       		.byte	0x7
 1129 0759 F3       		.byte	0xf3
 1130 075a 18070000 		.4byte	0x718
 1131 075e 0C       		.byte	0xc
 1132 075f 0B       		.uleb128 0xb
 1133 0760 CE020000 		.4byte	.LASF106
 1134 0764 07       		.byte	0x7
 1135 0765 F7       		.byte	0xf7
 1136 0766 AD080000 		.4byte	0x8ad
ARM GAS  /tmp/cce1Fjel.s 			page 21


 1137 076a 10       		.byte	0x10
 1138 076b 0B       		.uleb128 0xb
 1139 076c E9050000 		.4byte	.LASF107
 1140 0770 07       		.byte	0x7
 1141 0771 FB       		.byte	0xfb
 1142 0772 BD080000 		.4byte	0x8bd
 1143 0776 1C       		.byte	0x1c
 1144 0777 12       		.uleb128 0x12
 1145 0778 FD040000 		.4byte	.LASF108
 1146 077c 07       		.byte	0x7
 1147 077d 0901     		.2byte	0x109
 1148 077f CD080000 		.4byte	0x8cd
 1149 0783 54       		.byte	0x54
 1150 0784 11       		.uleb128 0x11
 1151 0785 74696D00 		.ascii	"tim\000"
 1152 0789 07       		.byte	0x7
 1153 078a 0E01     		.2byte	0x10e
 1154 078c D8080000 		.4byte	0x8d8
 1155 0790 58       		.byte	0x58
 1156 0791 11       		.uleb128 0x11
 1157 0792 63616E00 		.ascii	"can\000"
 1158 0796 07       		.byte	0x7
 1159 0797 1301     		.2byte	0x113
 1160 0799 DE080000 		.4byte	0x8de
 1161 079d 5C       		.byte	0x5c
 1162 079e 00       		.byte	0
 1163 079f 1C       		.uleb128 0x1c
 1164 07a0 08       		.byte	0x8
 1165 07a1 07       		.byte	0x7
 1166 07a2 A1       		.byte	0xa1
 1167 07a3 C9070000 		.4byte	0x7c9
 1168 07a7 1D       		.uleb128 0x1d
 1169 07a8 E1020000 		.4byte	.LASF109
 1170 07ac 07       		.byte	0x7
 1171 07ad A2       		.byte	0xa2
 1172 07ae C9070000 		.4byte	0x7c9
 1173 07b2 1D       		.uleb128 0x1d
 1174 07b3 64050000 		.4byte	.LASF110
 1175 07b7 07       		.byte	0x7
 1176 07b8 A3       		.byte	0xa3
 1177 07b9 D9070000 		.4byte	0x7d9
 1178 07bd 1D       		.uleb128 0x1d
 1179 07be A2000000 		.4byte	.LASF111
 1180 07c2 07       		.byte	0x7
 1181 07c3 A4       		.byte	0xa4
 1182 07c4 D1010000 		.4byte	0x1d1
 1183 07c8 00       		.byte	0
 1184 07c9 0E       		.uleb128 0xe
 1185 07ca 93000000 		.4byte	0x93
 1186 07ce D9070000 		.4byte	0x7d9
 1187 07d2 0F       		.uleb128 0xf
 1188 07d3 E3000000 		.4byte	0xe3
 1189 07d7 07       		.byte	0x7
 1190 07d8 00       		.byte	0
 1191 07d9 0E       		.uleb128 0xe
 1192 07da 9E000000 		.4byte	0x9e
 1193 07de E9070000 		.4byte	0x7e9
ARM GAS  /tmp/cce1Fjel.s 			page 22


 1194 07e2 0F       		.uleb128 0xf
 1195 07e3 E3000000 		.4byte	0xe3
 1196 07e7 03       		.byte	0x3
 1197 07e8 00       		.byte	0
 1198 07e9 0C       		.uleb128 0xc
 1199 07ea 10       		.byte	0x10
 1200 07eb 07       		.byte	0x7
 1201 07ec 9D       		.byte	0x9d
 1202 07ed 21080000 		.4byte	0x821
 1203 07f1 1E       		.uleb128 0x1e
 1204 07f2 696400   		.ascii	"id\000"
 1205 07f5 07       		.byte	0x7
 1206 07f6 9E       		.byte	0x9e
 1207 07f7 B4000000 		.4byte	0xb4
 1208 07fb 04       		.byte	0x4
 1209 07fc 1D       		.byte	0x1d
 1210 07fd 03       		.byte	0x3
 1211 07fe 00       		.byte	0
 1212 07ff 1E       		.uleb128 0x1e
 1213 0800 6C656E00 		.ascii	"len\000"
 1214 0804 07       		.byte	0x7
 1215 0805 9F       		.byte	0x9f
 1216 0806 93000000 		.4byte	0x93
 1217 080a 01       		.byte	0x1
 1218 080b 04       		.byte	0x4
 1219 080c 04       		.byte	0x4
 1220 080d 04       		.byte	0x4
 1221 080e 0B       		.uleb128 0xb
 1222 080f 20030000 		.4byte	.LASF113
 1223 0813 07       		.byte	0x7
 1224 0814 A0       		.byte	0xa0
 1225 0815 93000000 		.4byte	0x93
 1226 0819 05       		.byte	0x5
 1227 081a 17       		.uleb128 0x17
 1228 081b 9F070000 		.4byte	0x79f
 1229 081f 08       		.byte	0x8
 1230 0820 00       		.byte	0
 1231 0821 04       		.uleb128 0x4
 1232 0822 96010000 		.4byte	.LASF114
 1233 0826 07       		.byte	0x7
 1234 0827 A6       		.byte	0xa6
 1235 0828 E9070000 		.4byte	0x7e9
 1236 082c 0C       		.uleb128 0xc
 1237 082d 04       		.byte	0x4
 1238 082e 07       		.byte	0x7
 1239 082f BF       		.byte	0xbf
 1240 0830 41080000 		.4byte	0x841
 1241 0834 0B       		.uleb128 0xb
 1242 0835 E0050000 		.4byte	.LASF115
 1243 0839 07       		.byte	0x7
 1244 083a C0       		.byte	0xc0
 1245 083b B4000000 		.4byte	0xb4
 1246 083f 00       		.byte	0
 1247 0840 00       		.byte	0
 1248 0841 0C       		.uleb128 0xc
 1249 0842 04       		.byte	0x4
 1250 0843 07       		.byte	0x7
ARM GAS  /tmp/cce1Fjel.s 			page 23


 1251 0844 C2       		.byte	0xc2
 1252 0845 62080000 		.4byte	0x862
 1253 0849 0B       		.uleb128 0xb
 1254 084a 5F010000 		.4byte	.LASF103
 1255 084e 07       		.byte	0x7
 1256 084f C3       		.byte	0xc3
 1257 0850 9E000000 		.4byte	0x9e
 1258 0854 00       		.byte	0
 1259 0855 0B       		.uleb128 0xb
 1260 0856 73000000 		.4byte	.LASF116
 1261 085a 07       		.byte	0x7
 1262 085b C4       		.byte	0xc4
 1263 085c 9E000000 		.4byte	0x9e
 1264 0860 02       		.byte	0x2
 1265 0861 00       		.byte	0
 1266 0862 1C       		.uleb128 0x1c
 1267 0863 04       		.byte	0x4
 1268 0864 07       		.byte	0x7
 1269 0865 BE       		.byte	0xbe
 1270 0866 75080000 		.4byte	0x875
 1271 086a 1F       		.uleb128 0x1f
 1272 086b 2C080000 		.4byte	0x82c
 1273 086f 1F       		.uleb128 0x1f
 1274 0870 41080000 		.4byte	0x841
 1275 0874 00       		.byte	0
 1276 0875 0C       		.uleb128 0xc
 1277 0876 0C       		.byte	0xc
 1278 0877 07       		.byte	0x7
 1279 0878 D1       		.byte	0xd1
 1280 0879 A2080000 		.4byte	0x8a2
 1281 087d 0B       		.uleb128 0xb
 1282 087e E4000000 		.4byte	.LASF117
 1283 0882 07       		.byte	0x7
 1284 0883 D5       		.byte	0xd5
 1285 0884 B4000000 		.4byte	0xb4
 1286 0888 00       		.byte	0
 1287 0889 0B       		.uleb128 0xb
 1288 088a D5050000 		.4byte	.LASF118
 1289 088e 07       		.byte	0x7
 1290 088f D9       		.byte	0xd9
 1291 0890 B4000000 		.4byte	0xb4
 1292 0894 04       		.byte	0x4
 1293 0895 0B       		.uleb128 0xb
 1294 0896 F3020000 		.4byte	.LASF119
 1295 089a 07       		.byte	0x7
 1296 089b DD       		.byte	0xdd
 1297 089c B4000000 		.4byte	0xb4
 1298 08a0 08       		.byte	0x8
 1299 08a1 00       		.byte	0
 1300 08a2 04       		.uleb128 0x4
 1301 08a3 C9050000 		.4byte	.LASF120
 1302 08a7 07       		.byte	0x7
 1303 08a8 DE       		.byte	0xde
 1304 08a9 75080000 		.4byte	0x875
 1305 08ad 0E       		.uleb128 0xe
 1306 08ae 76060000 		.4byte	0x676
 1307 08b2 BD080000 		.4byte	0x8bd
ARM GAS  /tmp/cce1Fjel.s 			page 24


 1308 08b6 0F       		.uleb128 0xf
 1309 08b7 E3000000 		.4byte	0xe3
 1310 08bb 02       		.byte	0x2
 1311 08bc 00       		.byte	0
 1312 08bd 0E       		.uleb128 0xe
 1313 08be 76060000 		.4byte	0x676
 1314 08c2 CD080000 		.4byte	0x8cd
 1315 08c6 0F       		.uleb128 0xf
 1316 08c7 E3000000 		.4byte	0xe3
 1317 08cb 0D       		.byte	0xd
 1318 08cc 00       		.byte	0
 1319 08cd 07       		.uleb128 0x7
 1320 08ce 04       		.byte	0x4
 1321 08cf D3080000 		.4byte	0x8d3
 1322 08d3 0D       		.uleb128 0xd
 1323 08d4 A2080000 		.4byte	0x8a2
 1324 08d8 07       		.uleb128 0x7
 1325 08d9 04       		.byte	0x4
 1326 08da C2050000 		.4byte	0x5c2
 1327 08de 07       		.uleb128 0x7
 1328 08df 04       		.byte	0x4
 1329 08e0 35040000 		.4byte	0x435
 1330 08e4 20       		.uleb128 0x20
 1331 08e5 A3020000 		.4byte	.LASF121
 1332 08e9 01       		.byte	0x1
 1333 08ea 16       		.byte	0x16
 1334 08eb 93000000 		.4byte	0x93
 1335 08ef 00000000 		.4byte	.LFB118
 1336 08f3 38000000 		.4byte	.LFE118-.LFB118
 1337 08f7 01       		.uleb128 0x1
 1338 08f8 9C       		.byte	0x9c
 1339 08f9 1A090000 		.4byte	0x91a
 1340 08fd 21       		.uleb128 0x21
 1341 08fe 64020000 		.4byte	.LASF123
 1342 0902 01       		.byte	0x1
 1343 0903 16       		.byte	0x16
 1344 0904 76060000 		.4byte	0x676
 1345 0908 02       		.uleb128 0x2
 1346 0909 91       		.byte	0x91
 1347 090a 74       		.sleb128 -12
 1348 090b 22       		.uleb128 0x22
 1349 090c 2E050000 		.4byte	.LASF125
 1350 0910 01       		.byte	0x1
 1351 0911 17       		.byte	0x17
 1352 0912 A9000000 		.4byte	0xa9
 1353 0916 02       		.uleb128 0x2
 1354 0917 91       		.byte	0x91
 1355 0918 7C       		.sleb128 -4
 1356 0919 00       		.byte	0
 1357 091a 23       		.uleb128 0x23
 1358 091b 38010000 		.4byte	.LASF122
 1359 091f 01       		.byte	0x1
 1360 0920 28       		.byte	0x28
 1361 0921 BF000000 		.4byte	0xbf
 1362 0925 00000000 		.4byte	.LFB119
 1363 0929 02010000 		.4byte	.LFE119-.LFB119
 1364 092d 01       		.uleb128 0x1
ARM GAS  /tmp/cce1Fjel.s 			page 25


 1365 092e 9C       		.byte	0x9c
 1366 092f 5E090000 		.4byte	0x95e
 1367 0933 21       		.uleb128 0x21
 1368 0934 43000000 		.4byte	.LASF124
 1369 0938 01       		.byte	0x1
 1370 0939 28       		.byte	0x28
 1371 093a 5E090000 		.4byte	0x95e
 1372 093e 02       		.uleb128 0x2
 1373 093f 91       		.byte	0x91
 1374 0940 5C       		.sleb128 -36
 1375 0941 22       		.uleb128 0x22
 1376 0942 64020000 		.4byte	.LASF123
 1377 0946 01       		.byte	0x1
 1378 0947 29       		.byte	0x29
 1379 0948 76060000 		.4byte	0x676
 1380 094c 02       		.uleb128 0x2
 1381 094d 91       		.byte	0x91
 1382 094e 74       		.sleb128 -12
 1383 094f 22       		.uleb128 0x22
 1384 0950 DB050000 		.4byte	.LASF126
 1385 0954 01       		.byte	0x1
 1386 0955 2A       		.byte	0x2a
 1387 0956 21080000 		.4byte	0x821
 1388 095a 02       		.uleb128 0x2
 1389 095b 91       		.byte	0x91
 1390 095c 64       		.sleb128 -28
 1391 095d 00       		.byte	0
 1392 095e 07       		.uleb128 0x7
 1393 095f 04       		.byte	0x4
 1394 0960 23070000 		.4byte	0x723
 1395 0964 24       		.uleb128 0x24
 1396 0965 54000000 		.4byte	.LASF127
 1397 0969 05       		.byte	0x5
 1398 096a F5       		.byte	0xf5
 1399 096b 9E010000 		.4byte	0x19e
 1400 096f 25       		.uleb128 0x25
 1401 0970 8A030000 		.4byte	.LASF128
 1402 0974 09       		.byte	0x9
 1403 0975 9806     		.2byte	0x698
 1404 0977 E6010000 		.4byte	0x1e6
 1405 097b 00       		.byte	0
 1406              		.section	.debug_abbrev,"",%progbits
 1407              	.Ldebug_abbrev0:
 1408 0000 01       		.uleb128 0x1
 1409 0001 11       		.uleb128 0x11
 1410 0002 01       		.byte	0x1
 1411 0003 25       		.uleb128 0x25
 1412 0004 0E       		.uleb128 0xe
 1413 0005 13       		.uleb128 0x13
 1414 0006 0B       		.uleb128 0xb
 1415 0007 03       		.uleb128 0x3
 1416 0008 0E       		.uleb128 0xe
 1417 0009 55       		.uleb128 0x55
 1418 000a 17       		.uleb128 0x17
 1419 000b 11       		.uleb128 0x11
 1420 000c 01       		.uleb128 0x1
 1421 000d 10       		.uleb128 0x10
ARM GAS  /tmp/cce1Fjel.s 			page 26


 1422 000e 17       		.uleb128 0x17
 1423 000f 00       		.byte	0
 1424 0010 00       		.byte	0
 1425 0011 02       		.uleb128 0x2
 1426 0012 24       		.uleb128 0x24
 1427 0013 00       		.byte	0
 1428 0014 0B       		.uleb128 0xb
 1429 0015 0B       		.uleb128 0xb
 1430 0016 3E       		.uleb128 0x3e
 1431 0017 0B       		.uleb128 0xb
 1432 0018 03       		.uleb128 0x3
 1433 0019 08       		.uleb128 0x8
 1434 001a 00       		.byte	0
 1435 001b 00       		.byte	0
 1436 001c 03       		.uleb128 0x3
 1437 001d 24       		.uleb128 0x24
 1438 001e 00       		.byte	0
 1439 001f 0B       		.uleb128 0xb
 1440 0020 0B       		.uleb128 0xb
 1441 0021 3E       		.uleb128 0x3e
 1442 0022 0B       		.uleb128 0xb
 1443 0023 03       		.uleb128 0x3
 1444 0024 0E       		.uleb128 0xe
 1445 0025 00       		.byte	0
 1446 0026 00       		.byte	0
 1447 0027 04       		.uleb128 0x4
 1448 0028 16       		.uleb128 0x16
 1449 0029 00       		.byte	0
 1450 002a 03       		.uleb128 0x3
 1451 002b 0E       		.uleb128 0xe
 1452 002c 3A       		.uleb128 0x3a
 1453 002d 0B       		.uleb128 0xb
 1454 002e 3B       		.uleb128 0x3b
 1455 002f 0B       		.uleb128 0xb
 1456 0030 49       		.uleb128 0x49
 1457 0031 13       		.uleb128 0x13
 1458 0032 00       		.byte	0
 1459 0033 00       		.byte	0
 1460 0034 05       		.uleb128 0x5
 1461 0035 0F       		.uleb128 0xf
 1462 0036 00       		.byte	0
 1463 0037 0B       		.uleb128 0xb
 1464 0038 0B       		.uleb128 0xb
 1465 0039 00       		.byte	0
 1466 003a 00       		.byte	0
 1467 003b 06       		.uleb128 0x6
 1468 003c 35       		.uleb128 0x35
 1469 003d 00       		.byte	0
 1470 003e 49       		.uleb128 0x49
 1471 003f 13       		.uleb128 0x13
 1472 0040 00       		.byte	0
 1473 0041 00       		.byte	0
 1474 0042 07       		.uleb128 0x7
 1475 0043 0F       		.uleb128 0xf
 1476 0044 00       		.byte	0
 1477 0045 0B       		.uleb128 0xb
 1478 0046 0B       		.uleb128 0xb
ARM GAS  /tmp/cce1Fjel.s 			page 27


 1479 0047 49       		.uleb128 0x49
 1480 0048 13       		.uleb128 0x13
 1481 0049 00       		.byte	0
 1482 004a 00       		.byte	0
 1483 004b 08       		.uleb128 0x8
 1484 004c 15       		.uleb128 0x15
 1485 004d 01       		.byte	0x1
 1486 004e 27       		.uleb128 0x27
 1487 004f 19       		.uleb128 0x19
 1488 0050 01       		.uleb128 0x1
 1489 0051 13       		.uleb128 0x13
 1490 0052 00       		.byte	0
 1491 0053 00       		.byte	0
 1492 0054 09       		.uleb128 0x9
 1493 0055 05       		.uleb128 0x5
 1494 0056 00       		.byte	0
 1495 0057 49       		.uleb128 0x49
 1496 0058 13       		.uleb128 0x13
 1497 0059 00       		.byte	0
 1498 005a 00       		.byte	0
 1499 005b 0A       		.uleb128 0xa
 1500 005c 13       		.uleb128 0x13
 1501 005d 01       		.byte	0x1
 1502 005e 03       		.uleb128 0x3
 1503 005f 0E       		.uleb128 0xe
 1504 0060 0B       		.uleb128 0xb
 1505 0061 0B       		.uleb128 0xb
 1506 0062 3A       		.uleb128 0x3a
 1507 0063 0B       		.uleb128 0xb
 1508 0064 3B       		.uleb128 0x3b
 1509 0065 0B       		.uleb128 0xb
 1510 0066 01       		.uleb128 0x1
 1511 0067 13       		.uleb128 0x13
 1512 0068 00       		.byte	0
 1513 0069 00       		.byte	0
 1514 006a 0B       		.uleb128 0xb
 1515 006b 0D       		.uleb128 0xd
 1516 006c 00       		.byte	0
 1517 006d 03       		.uleb128 0x3
 1518 006e 0E       		.uleb128 0xe
 1519 006f 3A       		.uleb128 0x3a
 1520 0070 0B       		.uleb128 0xb
 1521 0071 3B       		.uleb128 0x3b
 1522 0072 0B       		.uleb128 0xb
 1523 0073 49       		.uleb128 0x49
 1524 0074 13       		.uleb128 0x13
 1525 0075 38       		.uleb128 0x38
 1526 0076 0B       		.uleb128 0xb
 1527 0077 00       		.byte	0
 1528 0078 00       		.byte	0
 1529 0079 0C       		.uleb128 0xc
 1530 007a 13       		.uleb128 0x13
 1531 007b 01       		.byte	0x1
 1532 007c 0B       		.uleb128 0xb
 1533 007d 0B       		.uleb128 0xb
 1534 007e 3A       		.uleb128 0x3a
 1535 007f 0B       		.uleb128 0xb
ARM GAS  /tmp/cce1Fjel.s 			page 28


 1536 0080 3B       		.uleb128 0x3b
 1537 0081 0B       		.uleb128 0xb
 1538 0082 01       		.uleb128 0x1
 1539 0083 13       		.uleb128 0x13
 1540 0084 00       		.byte	0
 1541 0085 00       		.byte	0
 1542 0086 0D       		.uleb128 0xd
 1543 0087 26       		.uleb128 0x26
 1544 0088 00       		.byte	0
 1545 0089 49       		.uleb128 0x49
 1546 008a 13       		.uleb128 0x13
 1547 008b 00       		.byte	0
 1548 008c 00       		.byte	0
 1549 008d 0E       		.uleb128 0xe
 1550 008e 01       		.uleb128 0x1
 1551 008f 01       		.byte	0x1
 1552 0090 49       		.uleb128 0x49
 1553 0091 13       		.uleb128 0x13
 1554 0092 01       		.uleb128 0x1
 1555 0093 13       		.uleb128 0x13
 1556 0094 00       		.byte	0
 1557 0095 00       		.byte	0
 1558 0096 0F       		.uleb128 0xf
 1559 0097 21       		.uleb128 0x21
 1560 0098 00       		.byte	0
 1561 0099 49       		.uleb128 0x49
 1562 009a 13       		.uleb128 0x13
 1563 009b 2F       		.uleb128 0x2f
 1564 009c 0B       		.uleb128 0xb
 1565 009d 00       		.byte	0
 1566 009e 00       		.byte	0
 1567 009f 10       		.uleb128 0x10
 1568 00a0 13       		.uleb128 0x13
 1569 00a1 01       		.byte	0x1
 1570 00a2 0B       		.uleb128 0xb
 1571 00a3 0B       		.uleb128 0xb
 1572 00a4 3A       		.uleb128 0x3a
 1573 00a5 0B       		.uleb128 0xb
 1574 00a6 3B       		.uleb128 0x3b
 1575 00a7 05       		.uleb128 0x5
 1576 00a8 01       		.uleb128 0x1
 1577 00a9 13       		.uleb128 0x13
 1578 00aa 00       		.byte	0
 1579 00ab 00       		.byte	0
 1580 00ac 11       		.uleb128 0x11
 1581 00ad 0D       		.uleb128 0xd
 1582 00ae 00       		.byte	0
 1583 00af 03       		.uleb128 0x3
 1584 00b0 08       		.uleb128 0x8
 1585 00b1 3A       		.uleb128 0x3a
 1586 00b2 0B       		.uleb128 0xb
 1587 00b3 3B       		.uleb128 0x3b
 1588 00b4 05       		.uleb128 0x5
 1589 00b5 49       		.uleb128 0x49
 1590 00b6 13       		.uleb128 0x13
 1591 00b7 38       		.uleb128 0x38
 1592 00b8 0B       		.uleb128 0xb
ARM GAS  /tmp/cce1Fjel.s 			page 29


 1593 00b9 00       		.byte	0
 1594 00ba 00       		.byte	0
 1595 00bb 12       		.uleb128 0x12
 1596 00bc 0D       		.uleb128 0xd
 1597 00bd 00       		.byte	0
 1598 00be 03       		.uleb128 0x3
 1599 00bf 0E       		.uleb128 0xe
 1600 00c0 3A       		.uleb128 0x3a
 1601 00c1 0B       		.uleb128 0xb
 1602 00c2 3B       		.uleb128 0x3b
 1603 00c3 05       		.uleb128 0x5
 1604 00c4 49       		.uleb128 0x49
 1605 00c5 13       		.uleb128 0x13
 1606 00c6 38       		.uleb128 0x38
 1607 00c7 0B       		.uleb128 0xb
 1608 00c8 00       		.byte	0
 1609 00c9 00       		.byte	0
 1610 00ca 13       		.uleb128 0x13
 1611 00cb 16       		.uleb128 0x16
 1612 00cc 00       		.byte	0
 1613 00cd 03       		.uleb128 0x3
 1614 00ce 0E       		.uleb128 0xe
 1615 00cf 3A       		.uleb128 0x3a
 1616 00d0 0B       		.uleb128 0xb
 1617 00d1 3B       		.uleb128 0x3b
 1618 00d2 05       		.uleb128 0x5
 1619 00d3 49       		.uleb128 0x49
 1620 00d4 13       		.uleb128 0x13
 1621 00d5 00       		.byte	0
 1622 00d6 00       		.byte	0
 1623 00d7 14       		.uleb128 0x14
 1624 00d8 13       		.uleb128 0x13
 1625 00d9 01       		.byte	0x1
 1626 00da 0B       		.uleb128 0xb
 1627 00db 05       		.uleb128 0x5
 1628 00dc 3A       		.uleb128 0x3a
 1629 00dd 0B       		.uleb128 0xb
 1630 00de 3B       		.uleb128 0x3b
 1631 00df 05       		.uleb128 0x5
 1632 00e0 01       		.uleb128 0x1
 1633 00e1 13       		.uleb128 0x13
 1634 00e2 00       		.byte	0
 1635 00e3 00       		.byte	0
 1636 00e4 15       		.uleb128 0x15
 1637 00e5 0D       		.uleb128 0xd
 1638 00e6 00       		.byte	0
 1639 00e7 03       		.uleb128 0x3
 1640 00e8 0E       		.uleb128 0xe
 1641 00e9 3A       		.uleb128 0x3a
 1642 00ea 0B       		.uleb128 0xb
 1643 00eb 3B       		.uleb128 0x3b
 1644 00ec 05       		.uleb128 0x5
 1645 00ed 49       		.uleb128 0x49
 1646 00ee 13       		.uleb128 0x13
 1647 00ef 38       		.uleb128 0x38
 1648 00f0 05       		.uleb128 0x5
 1649 00f1 00       		.byte	0
ARM GAS  /tmp/cce1Fjel.s 			page 30


 1650 00f2 00       		.byte	0
 1651 00f3 16       		.uleb128 0x16
 1652 00f4 0D       		.uleb128 0xd
 1653 00f5 00       		.byte	0
 1654 00f6 03       		.uleb128 0x3
 1655 00f7 08       		.uleb128 0x8
 1656 00f8 3A       		.uleb128 0x3a
 1657 00f9 0B       		.uleb128 0xb
 1658 00fa 3B       		.uleb128 0x3b
 1659 00fb 05       		.uleb128 0x5
 1660 00fc 49       		.uleb128 0x49
 1661 00fd 13       		.uleb128 0x13
 1662 00fe 38       		.uleb128 0x38
 1663 00ff 05       		.uleb128 0x5
 1664 0100 00       		.byte	0
 1665 0101 00       		.byte	0
 1666 0102 17       		.uleb128 0x17
 1667 0103 0D       		.uleb128 0xd
 1668 0104 00       		.byte	0
 1669 0105 49       		.uleb128 0x49
 1670 0106 13       		.uleb128 0x13
 1671 0107 38       		.uleb128 0x38
 1672 0108 0B       		.uleb128 0xb
 1673 0109 00       		.byte	0
 1674 010a 00       		.byte	0
 1675 010b 18       		.uleb128 0x18
 1676 010c 0D       		.uleb128 0xd
 1677 010d 00       		.byte	0
 1678 010e 03       		.uleb128 0x3
 1679 010f 08       		.uleb128 0x8
 1680 0110 3A       		.uleb128 0x3a
 1681 0111 0B       		.uleb128 0xb
 1682 0112 3B       		.uleb128 0x3b
 1683 0113 0B       		.uleb128 0xb
 1684 0114 49       		.uleb128 0x49
 1685 0115 13       		.uleb128 0x13
 1686 0116 38       		.uleb128 0x38
 1687 0117 0B       		.uleb128 0xb
 1688 0118 00       		.byte	0
 1689 0119 00       		.byte	0
 1690 011a 19       		.uleb128 0x19
 1691 011b 0D       		.uleb128 0xd
 1692 011c 00       		.byte	0
 1693 011d 03       		.uleb128 0x3
 1694 011e 0E       		.uleb128 0xe
 1695 011f 3A       		.uleb128 0x3a
 1696 0120 0B       		.uleb128 0xb
 1697 0121 3B       		.uleb128 0x3b
 1698 0122 0B       		.uleb128 0xb
 1699 0123 49       		.uleb128 0x49
 1700 0124 13       		.uleb128 0x13
 1701 0125 0B       		.uleb128 0xb
 1702 0126 0B       		.uleb128 0xb
 1703 0127 0D       		.uleb128 0xd
 1704 0128 0B       		.uleb128 0xb
 1705 0129 0C       		.uleb128 0xc
 1706 012a 0B       		.uleb128 0xb
ARM GAS  /tmp/cce1Fjel.s 			page 31


 1707 012b 38       		.uleb128 0x38
 1708 012c 0B       		.uleb128 0xb
 1709 012d 00       		.byte	0
 1710 012e 00       		.byte	0
 1711 012f 1A       		.uleb128 0x1a
 1712 0130 04       		.uleb128 0x4
 1713 0131 01       		.byte	0x1
 1714 0132 0B       		.uleb128 0xb
 1715 0133 0B       		.uleb128 0xb
 1716 0134 3A       		.uleb128 0x3a
 1717 0135 0B       		.uleb128 0xb
 1718 0136 3B       		.uleb128 0x3b
 1719 0137 0B       		.uleb128 0xb
 1720 0138 01       		.uleb128 0x1
 1721 0139 13       		.uleb128 0x13
 1722 013a 00       		.byte	0
 1723 013b 00       		.byte	0
 1724 013c 1B       		.uleb128 0x1b
 1725 013d 28       		.uleb128 0x28
 1726 013e 00       		.byte	0
 1727 013f 03       		.uleb128 0x3
 1728 0140 0E       		.uleb128 0xe
 1729 0141 1C       		.uleb128 0x1c
 1730 0142 0D       		.uleb128 0xd
 1731 0143 00       		.byte	0
 1732 0144 00       		.byte	0
 1733 0145 1C       		.uleb128 0x1c
 1734 0146 17       		.uleb128 0x17
 1735 0147 01       		.byte	0x1
 1736 0148 0B       		.uleb128 0xb
 1737 0149 0B       		.uleb128 0xb
 1738 014a 3A       		.uleb128 0x3a
 1739 014b 0B       		.uleb128 0xb
 1740 014c 3B       		.uleb128 0x3b
 1741 014d 0B       		.uleb128 0xb
 1742 014e 01       		.uleb128 0x1
 1743 014f 13       		.uleb128 0x13
 1744 0150 00       		.byte	0
 1745 0151 00       		.byte	0
 1746 0152 1D       		.uleb128 0x1d
 1747 0153 0D       		.uleb128 0xd
 1748 0154 00       		.byte	0
 1749 0155 03       		.uleb128 0x3
 1750 0156 0E       		.uleb128 0xe
 1751 0157 3A       		.uleb128 0x3a
 1752 0158 0B       		.uleb128 0xb
 1753 0159 3B       		.uleb128 0x3b
 1754 015a 0B       		.uleb128 0xb
 1755 015b 49       		.uleb128 0x49
 1756 015c 13       		.uleb128 0x13
 1757 015d 00       		.byte	0
 1758 015e 00       		.byte	0
 1759 015f 1E       		.uleb128 0x1e
 1760 0160 0D       		.uleb128 0xd
 1761 0161 00       		.byte	0
 1762 0162 03       		.uleb128 0x3
 1763 0163 08       		.uleb128 0x8
ARM GAS  /tmp/cce1Fjel.s 			page 32


 1764 0164 3A       		.uleb128 0x3a
 1765 0165 0B       		.uleb128 0xb
 1766 0166 3B       		.uleb128 0x3b
 1767 0167 0B       		.uleb128 0xb
 1768 0168 49       		.uleb128 0x49
 1769 0169 13       		.uleb128 0x13
 1770 016a 0B       		.uleb128 0xb
 1771 016b 0B       		.uleb128 0xb
 1772 016c 0D       		.uleb128 0xd
 1773 016d 0B       		.uleb128 0xb
 1774 016e 0C       		.uleb128 0xc
 1775 016f 0B       		.uleb128 0xb
 1776 0170 38       		.uleb128 0x38
 1777 0171 0B       		.uleb128 0xb
 1778 0172 00       		.byte	0
 1779 0173 00       		.byte	0
 1780 0174 1F       		.uleb128 0x1f
 1781 0175 0D       		.uleb128 0xd
 1782 0176 00       		.byte	0
 1783 0177 49       		.uleb128 0x49
 1784 0178 13       		.uleb128 0x13
 1785 0179 00       		.byte	0
 1786 017a 00       		.byte	0
 1787 017b 20       		.uleb128 0x20
 1788 017c 2E       		.uleb128 0x2e
 1789 017d 01       		.byte	0x1
 1790 017e 3F       		.uleb128 0x3f
 1791 017f 19       		.uleb128 0x19
 1792 0180 03       		.uleb128 0x3
 1793 0181 0E       		.uleb128 0xe
 1794 0182 3A       		.uleb128 0x3a
 1795 0183 0B       		.uleb128 0xb
 1796 0184 3B       		.uleb128 0x3b
 1797 0185 0B       		.uleb128 0xb
 1798 0186 27       		.uleb128 0x27
 1799 0187 19       		.uleb128 0x19
 1800 0188 49       		.uleb128 0x49
 1801 0189 13       		.uleb128 0x13
 1802 018a 11       		.uleb128 0x11
 1803 018b 01       		.uleb128 0x1
 1804 018c 12       		.uleb128 0x12
 1805 018d 06       		.uleb128 0x6
 1806 018e 40       		.uleb128 0x40
 1807 018f 18       		.uleb128 0x18
 1808 0190 9742     		.uleb128 0x2117
 1809 0192 19       		.uleb128 0x19
 1810 0193 01       		.uleb128 0x1
 1811 0194 13       		.uleb128 0x13
 1812 0195 00       		.byte	0
 1813 0196 00       		.byte	0
 1814 0197 21       		.uleb128 0x21
 1815 0198 05       		.uleb128 0x5
 1816 0199 00       		.byte	0
 1817 019a 03       		.uleb128 0x3
 1818 019b 0E       		.uleb128 0xe
 1819 019c 3A       		.uleb128 0x3a
 1820 019d 0B       		.uleb128 0xb
ARM GAS  /tmp/cce1Fjel.s 			page 33


 1821 019e 3B       		.uleb128 0x3b
 1822 019f 0B       		.uleb128 0xb
 1823 01a0 49       		.uleb128 0x49
 1824 01a1 13       		.uleb128 0x13
 1825 01a2 02       		.uleb128 0x2
 1826 01a3 18       		.uleb128 0x18
 1827 01a4 00       		.byte	0
 1828 01a5 00       		.byte	0
 1829 01a6 22       		.uleb128 0x22
 1830 01a7 34       		.uleb128 0x34
 1831 01a8 00       		.byte	0
 1832 01a9 03       		.uleb128 0x3
 1833 01aa 0E       		.uleb128 0xe
 1834 01ab 3A       		.uleb128 0x3a
 1835 01ac 0B       		.uleb128 0xb
 1836 01ad 3B       		.uleb128 0x3b
 1837 01ae 0B       		.uleb128 0xb
 1838 01af 49       		.uleb128 0x49
 1839 01b0 13       		.uleb128 0x13
 1840 01b1 02       		.uleb128 0x2
 1841 01b2 18       		.uleb128 0x18
 1842 01b3 00       		.byte	0
 1843 01b4 00       		.byte	0
 1844 01b5 23       		.uleb128 0x23
 1845 01b6 2E       		.uleb128 0x2e
 1846 01b7 01       		.byte	0x1
 1847 01b8 3F       		.uleb128 0x3f
 1848 01b9 19       		.uleb128 0x19
 1849 01ba 03       		.uleb128 0x3
 1850 01bb 0E       		.uleb128 0xe
 1851 01bc 3A       		.uleb128 0x3a
 1852 01bd 0B       		.uleb128 0xb
 1853 01be 3B       		.uleb128 0x3b
 1854 01bf 0B       		.uleb128 0xb
 1855 01c0 27       		.uleb128 0x27
 1856 01c1 19       		.uleb128 0x19
 1857 01c2 49       		.uleb128 0x49
 1858 01c3 13       		.uleb128 0x13
 1859 01c4 11       		.uleb128 0x11
 1860 01c5 01       		.uleb128 0x1
 1861 01c6 12       		.uleb128 0x12
 1862 01c7 06       		.uleb128 0x6
 1863 01c8 40       		.uleb128 0x40
 1864 01c9 18       		.uleb128 0x18
 1865 01ca 9642     		.uleb128 0x2116
 1866 01cc 19       		.uleb128 0x19
 1867 01cd 01       		.uleb128 0x1
 1868 01ce 13       		.uleb128 0x13
 1869 01cf 00       		.byte	0
 1870 01d0 00       		.byte	0
 1871 01d1 24       		.uleb128 0x24
 1872 01d2 34       		.uleb128 0x34
 1873 01d3 00       		.byte	0
 1874 01d4 03       		.uleb128 0x3
 1875 01d5 0E       		.uleb128 0xe
 1876 01d6 3A       		.uleb128 0x3a
 1877 01d7 0B       		.uleb128 0xb
ARM GAS  /tmp/cce1Fjel.s 			page 34


 1878 01d8 3B       		.uleb128 0x3b
 1879 01d9 0B       		.uleb128 0xb
 1880 01da 49       		.uleb128 0x49
 1881 01db 13       		.uleb128 0x13
 1882 01dc 3F       		.uleb128 0x3f
 1883 01dd 19       		.uleb128 0x19
 1884 01de 3C       		.uleb128 0x3c
 1885 01df 19       		.uleb128 0x19
 1886 01e0 00       		.byte	0
 1887 01e1 00       		.byte	0
 1888 01e2 25       		.uleb128 0x25
 1889 01e3 34       		.uleb128 0x34
 1890 01e4 00       		.byte	0
 1891 01e5 03       		.uleb128 0x3
 1892 01e6 0E       		.uleb128 0xe
 1893 01e7 3A       		.uleb128 0x3a
 1894 01e8 0B       		.uleb128 0xb
 1895 01e9 3B       		.uleb128 0x3b
 1896 01ea 05       		.uleb128 0x5
 1897 01eb 49       		.uleb128 0x49
 1898 01ec 13       		.uleb128 0x13
 1899 01ed 3F       		.uleb128 0x3f
 1900 01ee 19       		.uleb128 0x19
 1901 01ef 3C       		.uleb128 0x3c
 1902 01f0 19       		.uleb128 0x19
 1903 01f1 00       		.byte	0
 1904 01f2 00       		.byte	0
 1905 01f3 00       		.byte	0
 1906              		.section	.debug_aranges,"",%progbits
 1907 0000 24000000 		.4byte	0x24
 1908 0004 0200     		.2byte	0x2
 1909 0006 00000000 		.4byte	.Ldebug_info0
 1910 000a 04       		.byte	0x4
 1911 000b 00       		.byte	0
 1912 000c 0000     		.2byte	0
 1913 000e 0000     		.2byte	0
 1914 0010 00000000 		.4byte	.LFB118
 1915 0014 38000000 		.4byte	.LFE118-.LFB118
 1916 0018 00000000 		.4byte	.LFB119
 1917 001c 02010000 		.4byte	.LFE119-.LFB119
 1918 0020 00000000 		.4byte	0
 1919 0024 00000000 		.4byte	0
 1920              		.section	.debug_ranges,"",%progbits
 1921              	.Ldebug_ranges0:
 1922 0000 00000000 		.4byte	.LFB118
 1923 0004 38000000 		.4byte	.LFE118
 1924 0008 00000000 		.4byte	.LFB119
 1925 000c 02010000 		.4byte	.LFE119
 1926 0010 00000000 		.4byte	0
 1927 0014 00000000 		.4byte	0
 1928              		.section	.debug_line,"",%progbits
 1929              	.Ldebug_line0:
 1930 0000 2D020000 		.section	.debug_str,"MS",%progbits,1
 1930      0200E701 
 1930      00000201 
 1930      FB0E0D00 
 1930      01010101 
ARM GAS  /tmp/cce1Fjel.s 			page 35


 1931              	.LASF57:
 1932 0000 44494552 		.ascii	"DIER\000"
 1932      00
 1933              	.LASF43:
 1934 0005 7354784D 		.ascii	"sTxMailBox\000"
 1934      61696C42 
 1934      6F7800
 1935              	.LASF84:
 1936 0010 52544341 		.ascii	"RTCAN_STOP\000"
 1936      4E5F5354 
 1936      4F5000
 1937              	.LASF130:
 1938 001b 2F686F6D 		.ascii	"/home/dave/r2p-sdk/core/RTCAN/src/srt.c\000"
 1938      652F6461 
 1938      76652F72 
 1938      32702D73 
 1938      646B2F63 
 1939              	.LASF124:
 1940 0043 72746361 		.ascii	"rtcanp\000"
 1940      6E7000
 1941              	.LASF4:
 1942 004a 5F5F7569 		.ascii	"__uint8_t\000"
 1942      6E74385F 
 1942      7400
 1943              	.LASF127:
 1944 0054 76746C69 		.ascii	"vtlist\000"
 1944      737400
 1945              	.LASF55:
 1946 005b 43414E5F 		.ascii	"CAN_TypeDef\000"
 1946      54797065 
 1946      44656600 
 1947              	.LASF74:
 1948 0067 54494D5F 		.ascii	"TIM_TypeDef\000"
 1948      54797065 
 1948      44656600 
 1949              	.LASF116:
 1950 0073 70657269 		.ascii	"period\000"
 1950      6F6400
 1951              	.LASF63:
 1952 007a 43435231 		.ascii	"CCR1\000"
 1952      00
 1953              	.LASF12:
 1954 007f 6C6F6E67 		.ascii	"long long unsigned int\000"
 1954      206C6F6E 
 1954      6720756E 
 1954      7369676E 
 1954      65642069 
 1955              	.LASF101:
 1956 0096 52544341 		.ascii	"RTCANDriver\000"
 1956      4E447269 
 1956      76657200 
 1957              	.LASF111:
 1958 00a2 64617461 		.ascii	"data32\000"
 1958      333200
 1959              	.LASF76:
 1960 00a9 6E657874 		.ascii	"next\000"
 1960      00
ARM GAS  /tmp/cce1Fjel.s 			page 36


 1961              	.LASF58:
 1962 00ae 43434D52 		.ascii	"CCMR1\000"
 1962      3100
 1963              	.LASF59:
 1964 00b4 43434D52 		.ascii	"CCMR2\000"
 1964      3200
 1965              	.LASF71:
 1966 00ba 43434D52 		.ascii	"CCMR3\000"
 1966      3300
 1967              	.LASF1:
 1968 00c0 7369676E 		.ascii	"signed char\000"
 1968      65642063 
 1968      68617200 
 1969              	.LASF91:
 1970 00cc 52544341 		.ascii	"RTCAN_MSG_UNINIT\000"
 1970      4E5F4D53 
 1970      475F554E 
 1970      494E4954 
 1970      00
 1971              	.LASF17:
 1972 00dd 626F6F6C 		.ascii	"bool_t\000"
 1972      5F7400
 1973              	.LASF117:
 1974 00e4 62617564 		.ascii	"baudrate\000"
 1974      72617465 
 1974      00
 1975              	.LASF62:
 1976 00ed 52455345 		.ascii	"RESERVED10\000"
 1976      52564544 
 1976      313000
 1977              	.LASF68:
 1978 00f8 52455345 		.ascii	"RESERVED12\000"
 1978      52564544 
 1978      313200
 1979              	.LASF70:
 1980 0103 52455345 		.ascii	"RESERVED13\000"
 1980      52564544 
 1980      313300
 1981              	.LASF102:
 1982 010e 73746174 		.ascii	"state\000"
 1982      6500
 1983              	.LASF32:
 1984 0114 54444C52 		.ascii	"TDLR\000"
 1984      00
 1985              	.LASF8:
 1986 0119 6C6F6E67 		.ascii	"long int\000"
 1986      20696E74 
 1986      00
 1987              	.LASF34:
 1988 0122 43414E5F 		.ascii	"CAN_TxMailBox_TypeDef\000"
 1988      54784D61 
 1988      696C426F 
 1988      785F5479 
 1988      70654465 
 1989              	.LASF122:
 1990 0138 7372745F 		.ascii	"srt_transmit\000"
 1990      7472616E 
ARM GAS  /tmp/cce1Fjel.s 			page 37


 1990      736D6974 
 1990      00
 1991              	.LASF60:
 1992 0145 43434552 		.ascii	"CCER\000"
 1992      00
 1993              	.LASF11:
 1994 014a 6C6F6E67 		.ascii	"long long int\000"
 1994      206C6F6E 
 1994      6720696E 
 1994      7400
 1995              	.LASF79:
 1996 0158 70617261 		.ascii	"params\000"
 1996      6D7300
 1997              	.LASF103:
 1998 015f 736C6F74 		.ascii	"slot\000"
 1998      00
 1999              	.LASF40:
 2000 0164 52463052 		.ascii	"RF0R\000"
 2000      00
 2001              	.LASF5:
 2002 0169 5F5F7569 		.ascii	"__uint16_t\000"
 2002      6E743136 
 2002      5F7400
 2003              	.LASF9:
 2004 0174 5F5F7569 		.ascii	"__uint32_t\000"
 2004      6E743332 
 2004      5F7400
 2005              	.LASF24:
 2006 017f 76745F70 		.ascii	"vt_prev\000"
 2006      72657600 
 2007              	.LASF31:
 2008 0187 54445452 		.ascii	"TDTR\000"
 2008      00
 2009              	.LASF67:
 2010 018c 42445452 		.ascii	"BDTR\000"
 2010      00
 2011              	.LASF36:
 2012 0191 52444C52 		.ascii	"RDLR\000"
 2012      00
 2013              	.LASF114:
 2014 0196 72746361 		.ascii	"rtcan_txframe_t\000"
 2014      6E5F7478 
 2014      6672616D 
 2014      655F7400 
 2015              	.LASF0:
 2016 01a6 756E7369 		.ascii	"unsigned int\000"
 2016      676E6564 
 2016      20696E74 
 2016      00
 2017              	.LASF23:
 2018 01b3 76745F6E 		.ascii	"vt_next\000"
 2018      65787400 
 2019              	.LASF14:
 2020 01bb 75696E74 		.ascii	"uint16_t\000"
 2020      31365F74 
 2020      00
 2021              	.LASF88:
ARM GAS  /tmp/cce1Fjel.s 			page 38


 2022 01c4 52544341 		.ascii	"RTCAN_SLAVE\000"
 2022      4E5F534C 
 2022      41564500 
 2023              	.LASF10:
 2024 01d0 6C6F6E67 		.ascii	"long unsigned int\000"
 2024      20756E73 
 2024      69676E65 
 2024      6420696E 
 2024      7400
 2025              	.LASF35:
 2026 01e2 52445452 		.ascii	"RDTR\000"
 2026      00
 2027              	.LASF48:
 2028 01e7 46533152 		.ascii	"FS1R\000"
 2028      00
 2029              	.LASF22:
 2030 01ec 56697274 		.ascii	"VirtualTimer\000"
 2030      75616C54 
 2030      696D6572 
 2030      00
 2031              	.LASF81:
 2032 01f9 64617461 		.ascii	"data\000"
 2032      00
 2033              	.LASF56:
 2034 01fe 534D4352 		.ascii	"SMCR\000"
 2034      00
 2035              	.LASF41:
 2036 0203 52463152 		.ascii	"RF1R\000"
 2036      00
 2037              	.LASF39:
 2038 0208 43414E5F 		.ascii	"CAN_FilterRegister_TypeDef\000"
 2038      46696C74 
 2038      65725265 
 2038      67697374 
 2038      65725F54 
 2039              	.LASF78:
 2040 0223 63616C6C 		.ascii	"callback\000"
 2040      6261636B 
 2040      00
 2041              	.LASF99:
 2042 022c 72746361 		.ascii	"rtcan_id_t\000"
 2042      6E5F6964 
 2042      5F7400
 2043              	.LASF54:
 2044 0237 7346696C 		.ascii	"sFilterRegister\000"
 2044      74657252 
 2044      65676973 
 2044      74657200 
 2045              	.LASF87:
 2046 0247 52544341 		.ascii	"RTCAN_SYNCING\000"
 2046      4E5F5359 
 2046      4E43494E 
 2046      4700
 2047              	.LASF46:
 2048 0255 464D3152 		.ascii	"FM1R\000"
 2048      00
 2049              	.LASF7:
ARM GAS  /tmp/cce1Fjel.s 			page 39


 2050 025a 5F5F696E 		.ascii	"__int32_t\000"
 2050      7433325F 
 2050      7400
 2051              	.LASF123:
 2052 0264 6D736770 		.ascii	"msgp\000"
 2052      00
 2053              	.LASF97:
 2054 0269 52544341 		.ascii	"RTCAN_MSG_ERROR\000"
 2054      4E5F4D53 
 2054      475F4552 
 2054      524F5200 
 2055              	.LASF98:
 2056 0279 72746361 		.ascii	"rtcan_msgstatus_t\000"
 2056      6E5F6D73 
 2056      67737461 
 2056      7475735F 
 2056      7400
 2057              	.LASF95:
 2058 028b 52544341 		.ascii	"RTCAN_MSG_ONAIR\000"
 2058      4E5F4D53 
 2058      475F4F4E 
 2058      41495200 
 2059              	.LASF25:
 2060 029b 76745F74 		.ascii	"vt_time\000"
 2060      696D6500 
 2061              	.LASF121:
 2062 02a3 7372745F 		.ascii	"srt_laxity\000"
 2062      6C617869 
 2062      747900
 2063              	.LASF20:
 2064 02ae 73697A65 		.ascii	"sizetype\000"
 2064      74797065 
 2064      00
 2065              	.LASF85:
 2066 02b7 52544341 		.ascii	"RTCAN_STARTING\000"
 2066      4E5F5354 
 2066      41525449 
 2066      4E4700
 2067              	.LASF26:
 2068 02c6 76745F66 		.ascii	"vt_func\000"
 2068      756E6300 
 2069              	.LASF106:
 2070 02ce 6F6E6169 		.ascii	"onair\000"
 2070      7200
 2071              	.LASF83:
 2072 02d4 52544341 		.ascii	"RTCAN_UNINIT\000"
 2072      4E5F554E 
 2072      494E4954 
 2072      00
 2073              	.LASF109:
 2074 02e1 64617461 		.ascii	"data8\000"
 2074      3800
 2075              	.LASF29:
 2076 02e7 56544C69 		.ascii	"VTList\000"
 2076      737400
 2077              	.LASF33:
 2078 02ee 54444852 		.ascii	"TDHR\000"
ARM GAS  /tmp/cce1Fjel.s 			page 40


 2078      00
 2079              	.LASF119:
 2080 02f3 736C6F74 		.ascii	"slots\000"
 2080      7300
 2081              	.LASF82:
 2082 02f9 72746361 		.ascii	"rtcan_msgcallback_t\000"
 2082      6E5F6D73 
 2082      6763616C 
 2082      6C626163 
 2082      6B5F7400 
 2083              	.LASF50:
 2084 030d 46464131 		.ascii	"FFA1R\000"
 2084      5200
 2085              	.LASF90:
 2086 0313 72746361 		.ascii	"rtcanstate_t\000"
 2086      6E737461 
 2086      74655F74 
 2086      00
 2087              	.LASF113:
 2088 0320 6D626F78 		.ascii	"mbox\000"
 2088      00
 2089              	.LASF42:
 2090 0325 52455345 		.ascii	"RESERVED0\000"
 2090      52564544 
 2090      3000
 2091              	.LASF45:
 2092 032f 52455345 		.ascii	"RESERVED1\000"
 2092      52564544 
 2092      3100
 2093              	.LASF47:
 2094 0339 52455345 		.ascii	"RESERVED2\000"
 2094      52564544 
 2094      3200
 2095              	.LASF49:
 2096 0343 52455345 		.ascii	"RESERVED3\000"
 2096      52564544 
 2096      3300
 2097              	.LASF96:
 2098 034d 52544341 		.ascii	"RTCAN_MSG_TIMEOUT\000"
 2098      4E5F4D53 
 2098      475F5449 
 2098      4D454F55 
 2098      5400
 2099              	.LASF52:
 2100 035f 46413152 		.ascii	"FA1R\000"
 2100      00
 2101              	.LASF61:
 2102 0364 52455345 		.ascii	"RESERVED9\000"
 2102      52564544 
 2102      3900
 2103              	.LASF18:
 2104 036e 5F426F6F 		.ascii	"_Bool\000"
 2104      6C00
 2105              	.LASF15:
 2106 0374 696E7433 		.ascii	"int32_t\000"
 2106      325F7400 
 2107              	.LASF2:
ARM GAS  /tmp/cce1Fjel.s 			page 41


 2108 037c 756E7369 		.ascii	"unsigned char\000"
 2108      676E6564 
 2108      20636861 
 2108      7200
 2109              	.LASF128:
 2110 038a 49544D5F 		.ascii	"ITM_RxBuffer\000"
 2110      52784275 
 2110      66666572 
 2110      00
 2111              	.LASF3:
 2112 0397 73686F72 		.ascii	"short int\000"
 2112      7420696E 
 2112      7400
 2113              	.LASF129:
 2114 03a1 474E5520 		.ascii	"GNU C 4.8.4 20141219 (release) -mcpu=cortex-m4 -mfl"
 2114      4320342E 
 2114      382E3420 
 2114      32303134 
 2114      31323139 
 2115 03d4 6F61742D 		.ascii	"oat-abi=hard -mfpu=fpv4-sp-d16 -mno-thumb-interwork"
 2115      6162693D 
 2115      68617264 
 2115      202D6D66 
 2115      70753D66 
 2116 0407 202D6D74 		.ascii	" -mthumb -ggdb -O0 -fomit-frame-pointer -falign-fun"
 2116      68756D62 
 2116      202D6767 
 2116      6462202D 
 2116      4F30202D 
 2117 043a 6374696F 		.ascii	"ctions=16 -ffunction-sections -fdata-sections -fno-"
 2117      6E733D31 
 2117      36202D66 
 2117      66756E63 
 2117      74696F6E 
 2118 046d 636F6D6D 		.ascii	"common -fsingle-precision-constant\000"
 2118      6F6E202D 
 2118      6673696E 
 2118      676C652D 
 2118      70726563 
 2119              	.LASF94:
 2120 0490 52544341 		.ascii	"RTCAN_MSG_QUEUED\000"
 2120      4E5F4D53 
 2120      475F5155 
 2120      45554544 
 2120      00
 2121              	.LASF112:
 2122 04a1 66726167 		.ascii	"fragment\000"
 2122      6D656E74 
 2122      00
 2123              	.LASF93:
 2124 04aa 52544341 		.ascii	"RTCAN_MSG_READY\000"
 2124      4E5F4D53 
 2124      475F5245 
 2124      41445900 
 2125              	.LASF51:
 2126 04ba 52455345 		.ascii	"RESERVED4\000"
 2126      52564544 
ARM GAS  /tmp/cce1Fjel.s 			page 42


 2126      3400
 2127              	.LASF53:
 2128 04c4 52455345 		.ascii	"RESERVED5\000"
 2128      52564544 
 2128      3500
 2129              	.LASF16:
 2130 04ce 75696E74 		.ascii	"uint32_t\000"
 2130      33325F74 
 2130      00
 2131              	.LASF28:
 2132 04d7 76745F73 		.ascii	"vt_systime\000"
 2132      79737469 
 2132      6D6500
 2133              	.LASF30:
 2134 04e2 63686172 		.ascii	"char\000"
 2134      00
 2135              	.LASF75:
 2136 04e7 72746361 		.ascii	"rtcan_msg_t\000"
 2136      6E5F6D73 
 2136      675F7400 
 2137              	.LASF105:
 2138 04f3 7372745F 		.ascii	"srt_queue\000"
 2138      71756575 
 2138      6500
 2139              	.LASF108:
 2140 04fd 636F6E66 		.ascii	"config\000"
 2140      696700
 2141              	.LASF69:
 2142 0504 444D4152 		.ascii	"DMAR\000"
 2142      00
 2143              	.LASF37:
 2144 0509 52444852 		.ascii	"RDHR\000"
 2144      00
 2145              	.LASF19:
 2146 050e 73797374 		.ascii	"systime_t\000"
 2146      696D655F 
 2146      7400
 2147              	.LASF21:
 2148 0518 76746675 		.ascii	"vtfunc_t\000"
 2148      6E635F74 
 2148      00
 2149              	.LASF44:
 2150 0521 73464946 		.ascii	"sFIFOMailBox\000"
 2150      4F4D6169 
 2150      6C426F78 
 2150      00
 2151              	.LASF125:
 2152 052e 6C617869 		.ascii	"laxity\000"
 2152      747900
 2153              	.LASF92:
 2154 0535 52544341 		.ascii	"RTCAN_MSG_BUSY\000"
 2154      4E5F4D53 
 2154      475F4255 
 2154      535900
 2155              	.LASF6:
 2156 0544 73686F72 		.ascii	"short unsigned int\000"
 2156      7420756E 
ARM GAS  /tmp/cce1Fjel.s 			page 43


 2156      7369676E 
 2156      65642069 
 2156      6E7400
 2157              	.LASF27:
 2158 0557 76745F70 		.ascii	"vt_par\000"
 2158      617200
 2159              	.LASF104:
 2160 055e 6379636C 		.ascii	"cycle\000"
 2160      6500
 2161              	.LASF110:
 2162 0564 64617461 		.ascii	"data16\000"
 2162      313600
 2163              	.LASF64:
 2164 056b 43435232 		.ascii	"CCR2\000"
 2164      00
 2165              	.LASF65:
 2166 0570 43435233 		.ascii	"CCR3\000"
 2166      00
 2167              	.LASF66:
 2168 0575 43435234 		.ascii	"CCR4\000"
 2168      00
 2169              	.LASF72:
 2170 057a 43435235 		.ascii	"CCR5\000"
 2170      00
 2171              	.LASF73:
 2172 057f 43435236 		.ascii	"CCR6\000"
 2172      00
 2173              	.LASF77:
 2174 0584 73746174 		.ascii	"status\000"
 2174      757300
 2175              	.LASF38:
 2176 058b 43414E5F 		.ascii	"CAN_FIFOMailBox_TypeDef\000"
 2176      4649464F 
 2176      4D61696C 
 2176      426F785F 
 2176      54797065 
 2177              	.LASF13:
 2178 05a3 75696E74 		.ascii	"uint8_t\000"
 2178      385F7400 
 2179              	.LASF86:
 2180 05ab 52544341 		.ascii	"RTCAN_ERROR\000"
 2180      4E5F4552 
 2180      524F5200 
 2181              	.LASF80:
 2182 05b7 73697A65 		.ascii	"size\000"
 2182      00
 2183              	.LASF89:
 2184 05bc 52544341 		.ascii	"RTCAN_MASTER\000"
 2184      4E5F4D41 
 2184      53544552 
 2184      00
 2185              	.LASF120:
 2186 05c9 52544341 		.ascii	"RTCANConfig\000"
 2186      4E436F6E 
 2186      66696700 
 2187              	.LASF118:
 2188 05d5 636C6F63 		.ascii	"clock\000"
ARM GAS  /tmp/cce1Fjel.s 			page 44


 2188      6B00
 2189              	.LASF126:
 2190 05db 74786670 		.ascii	"txfp\000"
 2190      00
 2191              	.LASF115:
 2192 05e0 64656164 		.ascii	"deadline\000"
 2192      6C696E65 
 2192      00
 2193              	.LASF107:
 2194 05e9 66696C74 		.ascii	"filters\000"
 2194      65727300 
 2195              	.LASF100:
 2196 05f1 6D736771 		.ascii	"msgqueue_t\000"
 2196      75657565 
 2196      5F7400
 2197              		.ident	"GCC: (4.8.4-1+11-1) 4.8.4 20141219 (release)"
ARM GAS  /tmp/cce1Fjel.s 			page 45


DEFINED SYMBOLS
                            *ABS*:0000000000000000 srt.c
     /tmp/cce1Fjel.s:21     .text.srt_laxity:0000000000000000 $t
     /tmp/cce1Fjel.s:27     .text.srt_laxity:0000000000000000 srt_laxity
     /tmp/cce1Fjel.s:72     .text.srt_laxity:0000000000000034 $d
     /tmp/cce1Fjel.s:77     .text.srt_transmit:0000000000000000 $t
     /tmp/cce1Fjel.s:83     .text.srt_transmit:0000000000000000 srt_transmit
                     .debug_frame:0000000000000010 $d
     /tmp/cce1Fjel.s:76     .text.srt_laxity:0000000000000038 $t

UNDEFINED SYMBOLS
vtlist
rtcan_lld_can_txe
msgqueue_get
rtcan_lld_can_transmit
