ARM GAS  /tmp/ccw6Vt5X.s 			page 1


   1              		.syntax unified
   2              		.cpu cortex-m4
   3              		.eabi_attribute 27, 3
   4              		.eabi_attribute 28, 1
   5              		.fpu fpv4-sp-d16
   6              		.eabi_attribute 20, 1
   7              		.eabi_attribute 21, 1
   8              		.eabi_attribute 23, 3
   9              		.eabi_attribute 24, 1
  10              		.eabi_attribute 25, 1
  11              		.eabi_attribute 26, 1
  12              		.eabi_attribute 30, 6
  13              		.eabi_attribute 34, 1
  14              		.eabi_attribute 18, 4
  15              		.thumb
  16              		.file	"chcond.c"
  17              		.text
  18              	.Ltext0:
  19              		.cfi_sections	.debug_frame
  20              		.section	.text.prio_insert,"ax",%progbits
  21              		.align	2
  22              		.p2align 4,,15
  23              		.thumb
  24              		.thumb_func
  25              		.type	prio_insert, %function
  26              	prio_insert:
  27              	.LFB0:
  28              		.file 1 "/home/dave/r2p-sdk/core/ChibiOS/os/kernel/include/chinline.h"
  29              		.loc 1 41 0
  30              		.cfi_startproc
  31              		@ args = 0, pretend = 0, frame = 16
  32              		@ frame_needed = 0, uses_anonymous_args = 0
  33              		@ link register save eliminated.
  34 0000 84B0     		sub	sp, sp, #16
  35              		.cfi_def_cfa_offset 16
  36 0002 0190     		str	r0, [sp, #4]
  37 0004 0091     		str	r1, [sp]
  38              		.loc 1 43 0
  39 0006 009B     		ldr	r3, [sp]
  40 0008 0393     		str	r3, [sp, #12]
  41              	.L3:
  42              		.loc 1 45 0 discriminator 1
  43 000a 039B     		ldr	r3, [sp, #12]
  44 000c 1B68     		ldr	r3, [r3]
  45 000e 0393     		str	r3, [sp, #12]
  46              		.loc 1 46 0 discriminator 1
  47 0010 039A     		ldr	r2, [sp, #12]
  48 0012 009B     		ldr	r3, [sp]
  49 0014 9A42     		cmp	r2, r3
  50 0016 05D0     		beq	.L2
  51 0018 039B     		ldr	r3, [sp, #12]
  52 001a 9A68     		ldr	r2, [r3, #8]
  53 001c 019B     		ldr	r3, [sp, #4]
  54 001e 9B68     		ldr	r3, [r3, #8]
  55 0020 9A42     		cmp	r2, r3
  56 0022 F2D2     		bcs	.L3
  57              	.L2:
ARM GAS  /tmp/ccw6Vt5X.s 			page 2


  58              		.loc 1 47 0
  59 0024 019B     		ldr	r3, [sp, #4]
  60 0026 039A     		ldr	r2, [sp, #12]
  61 0028 1A60     		str	r2, [r3]
  62              		.loc 1 48 0
  63 002a 039B     		ldr	r3, [sp, #12]
  64 002c 5A68     		ldr	r2, [r3, #4]
  65 002e 019B     		ldr	r3, [sp, #4]
  66 0030 5A60     		str	r2, [r3, #4]
  67              		.loc 1 49 0
  68 0032 019B     		ldr	r3, [sp, #4]
  69 0034 5B68     		ldr	r3, [r3, #4]
  70 0036 039A     		ldr	r2, [sp, #12]
  71 0038 0199     		ldr	r1, [sp, #4]
  72 003a 5160     		str	r1, [r2, #4]
  73 003c 039A     		ldr	r2, [sp, #12]
  74 003e 5268     		ldr	r2, [r2, #4]
  75 0040 1A60     		str	r2, [r3]
  76              		.loc 1 50 0
  77 0042 04B0     		add	sp, sp, #16
  78              		@ sp needed
  79 0044 7047     		bx	lr
  80              		.cfi_endproc
  81              	.LFE0:
  82              		.size	prio_insert, .-prio_insert
  83 0046 00BFAFF3 		.section	.text.fifo_remove,"ax",%progbits
  83      0080AFF3 
  83      0080
  84              		.align	2
  85              		.p2align 4,,15
  86              		.thumb
  87              		.thumb_func
  88              		.type	fifo_remove, %function
  89              	fifo_remove:
  90              	.LFB2:
  91              		.loc 1 59 0
  92              		.cfi_startproc
  93              		@ args = 0, pretend = 0, frame = 16
  94              		@ frame_needed = 0, uses_anonymous_args = 0
  95              		@ link register save eliminated.
  96 0000 84B0     		sub	sp, sp, #16
  97              		.cfi_def_cfa_offset 16
  98 0002 0190     		str	r0, [sp, #4]
  99              		.loc 1 60 0
 100 0004 019B     		ldr	r3, [sp, #4]
 101 0006 1B68     		ldr	r3, [r3]
 102 0008 0393     		str	r3, [sp, #12]
 103              		.loc 1 62 0
 104 000a 039B     		ldr	r3, [sp, #12]
 105 000c 1A68     		ldr	r2, [r3]
 106 000e 019B     		ldr	r3, [sp, #4]
 107 0010 1A60     		str	r2, [r3]
 108 0012 019B     		ldr	r3, [sp, #4]
 109 0014 1B68     		ldr	r3, [r3]
 110 0016 019A     		ldr	r2, [sp, #4]
 111 0018 5A60     		str	r2, [r3, #4]
 112              		.loc 1 63 0
ARM GAS  /tmp/ccw6Vt5X.s 			page 3


 113 001a 039B     		ldr	r3, [sp, #12]
 114              		.loc 1 64 0
 115 001c 1846     		mov	r0, r3
 116 001e 04B0     		add	sp, sp, #16
 117              		@ sp needed
 118 0020 7047     		bx	lr
 119              		.cfi_endproc
 120              	.LFE2:
 121              		.size	fifo_remove, .-fifo_remove
 122 0022 00BFAFF3 		.section	.rodata
 122      0080AFF3 
 122      0080AFF3 
 122      0080
 123              		.align	2
 124              	.LC0:
 125 0000 22636843 		.ascii	"\"chCondInit\"()\000"
 125      6F6E6449 
 125      6E697422 
 125      282900
 126              		.section	.text.chCondInit,"ax",%progbits
 127              		.align	2
 128              		.p2align 4,,15
 129              		.global	chCondInit
 130              		.thumb
 131              		.thumb_func
 132              		.type	chCondInit, %function
 133              	chCondInit:
 134              	.LFB7:
 135              		.file 2 "/home/dave/r2p-sdk/core/ChibiOS/os/kernel/src/chcond.c"
 136              		.loc 2 59 0
 137              		.cfi_startproc
 138              		@ args = 0, pretend = 0, frame = 8
 139              		@ frame_needed = 0, uses_anonymous_args = 0
 140 0000 00B5     		push	{lr}
 141              		.cfi_def_cfa_offset 4
 142              		.cfi_offset 14, -4
 143 0002 83B0     		sub	sp, sp, #12
 144              		.cfi_def_cfa_offset 16
 145 0004 0190     		str	r0, [sp, #4]
 146              		.loc 2 61 0
 147 0006 019B     		ldr	r3, [sp, #4]
 148 0008 002B     		cmp	r3, #0
 149 000a 02D1     		bne	.L7
 150              		.loc 2 61 0 is_stmt 0 discriminator 1
 151 000c 0648     		ldr	r0, .L8
 152 000e FFF7FEFF 		bl	chDbgPanic
 153              	.L7:
 154              		.loc 2 63 0 is_stmt 1
 155 0012 019A     		ldr	r2, [sp, #4]
 156 0014 019B     		ldr	r3, [sp, #4]
 157 0016 5A60     		str	r2, [r3, #4]
 158 0018 019B     		ldr	r3, [sp, #4]
 159 001a 5A68     		ldr	r2, [r3, #4]
 160 001c 019B     		ldr	r3, [sp, #4]
 161 001e 1A60     		str	r2, [r3]
 162              		.loc 2 64 0
 163 0020 03B0     		add	sp, sp, #12
ARM GAS  /tmp/ccw6Vt5X.s 			page 4


 164              		@ sp needed
 165 0022 5DF804FB 		ldr	pc, [sp], #4
 166              	.L9:
 167 0026 00BF     		.align	2
 168              	.L8:
 169 0028 00000000 		.word	.LC0
 170              		.cfi_endproc
 171              	.LFE7:
 172              		.size	chCondInit, .-chCondInit
 173 002c AFF30080 		.section	.rodata
 174 000f 00       		.align	2
 175              	.LC1:
 176 0010 22636843 		.ascii	"\"chCondSignal\"()\000"
 176      6F6E6453 
 176      69676E61 
 176      6C222829 
 176      00
 177              		.section	.text.chCondSignal,"ax",%progbits
 178              		.align	2
 179              		.p2align 4,,15
 180              		.global	chCondSignal
 181              		.thumb
 182              		.thumb_func
 183              		.type	chCondSignal, %function
 184              	chCondSignal:
 185              	.LFB8:
 186              		.loc 2 73 0
 187              		.cfi_startproc
 188              		@ args = 0, pretend = 0, frame = 8
 189              		@ frame_needed = 0, uses_anonymous_args = 0
 190 0000 00B5     		push	{lr}
 191              		.cfi_def_cfa_offset 4
 192              		.cfi_offset 14, -4
 193 0002 83B0     		sub	sp, sp, #12
 194              		.cfi_def_cfa_offset 16
 195 0004 0190     		str	r0, [sp, #4]
 196              		.loc 2 75 0
 197 0006 019B     		ldr	r3, [sp, #4]
 198 0008 002B     		cmp	r3, #0
 199 000a 02D1     		bne	.L11
 200              		.loc 2 75 0 is_stmt 0 discriminator 1
 201 000c 0E48     		ldr	r0, .L13
 202 000e FFF7FEFF 		bl	chDbgPanic
 203              	.L11:
 204              	.LBB2:
 205              		.loc 2 77 0 is_stmt 1
 206 0012 2023     		movs	r3, #32
 207              	@ 77 "/home/dave/r2p-sdk/core/ChibiOS/os/kernel/src/chcond.c" 1
 208 0014 83F31188 		msr     BASEPRI, r3
 209              	@ 0 "" 2
 210              		.thumb
 211              	.LBE2:
 212 0018 FFF7FEFF 		bl	dbg_check_lock
 213              		.loc 2 78 0
 214 001c 019B     		ldr	r3, [sp, #4]
 215 001e 1A68     		ldr	r2, [r3]
 216 0020 019B     		ldr	r3, [sp, #4]
ARM GAS  /tmp/ccw6Vt5X.s 			page 5


 217 0022 9A42     		cmp	r2, r3
 218 0024 08D0     		beq	.L12
 219              		.loc 2 79 0
 220 0026 019B     		ldr	r3, [sp, #4]
 221 0028 1846     		mov	r0, r3
 222 002a FFF7FEFF 		bl	fifo_remove
 223 002e 0346     		mov	r3, r0
 224 0030 1846     		mov	r0, r3
 225 0032 0021     		movs	r1, #0
 226 0034 FFF7FEFF 		bl	chSchWakeupS
 227              	.L12:
 228              		.loc 2 80 0
 229 0038 FFF7FEFF 		bl	dbg_check_unlock
 230              	.LBB3:
 231 003c 0023     		movs	r3, #0
 232              	@ 80 "/home/dave/r2p-sdk/core/ChibiOS/os/kernel/src/chcond.c" 1
 233 003e 83F31188 		msr     BASEPRI, r3
 234              	@ 0 "" 2
 235              		.thumb
 236              	.LBE3:
 237              		.loc 2 81 0
 238 0042 03B0     		add	sp, sp, #12
 239              		@ sp needed
 240 0044 5DF804FB 		ldr	pc, [sp], #4
 241              	.L14:
 242              		.align	2
 243              	.L13:
 244 0048 10000000 		.word	.LC1
 245              		.cfi_endproc
 246              	.LFE8:
 247              		.size	chCondSignal, .-chCondSignal
 248 004c AFF30080 		.section	.rodata
 249 0021 000000   		.align	2
 250              	.LC2:
 251 0024 22636843 		.ascii	"\"chCondSignalI\"()\000"
 251      6F6E6453 
 251      69676E61 
 251      6C492228 
 251      2900
 252              		.section	.text.chCondSignalI,"ax",%progbits
 253              		.align	2
 254              		.p2align 4,,15
 255              		.global	chCondSignalI
 256              		.thumb
 257              		.thumb_func
 258              		.type	chCondSignalI, %function
 259              	chCondSignalI:
 260              	.LFB9:
 261              		.loc 2 94 0
 262              		.cfi_startproc
 263              		@ args = 0, pretend = 0, frame = 8
 264              		@ frame_needed = 0, uses_anonymous_args = 0
 265 0000 00B5     		push	{lr}
 266              		.cfi_def_cfa_offset 4
 267              		.cfi_offset 14, -4
 268 0002 83B0     		sub	sp, sp, #12
 269              		.cfi_def_cfa_offset 16
ARM GAS  /tmp/ccw6Vt5X.s 			page 6


 270 0004 0190     		str	r0, [sp, #4]
 271              		.loc 2 96 0
 272 0006 FFF7FEFF 		bl	chDbgCheckClassI
 273              		.loc 2 97 0
 274 000a 019B     		ldr	r3, [sp, #4]
 275 000c 002B     		cmp	r3, #0
 276 000e 02D1     		bne	.L16
 277              		.loc 2 97 0 is_stmt 0 discriminator 1
 278 0010 0A48     		ldr	r0, .L18
 279 0012 FFF7FEFF 		bl	chDbgPanic
 280              	.L16:
 281              		.loc 2 99 0 is_stmt 1
 282 0016 019B     		ldr	r3, [sp, #4]
 283 0018 1A68     		ldr	r2, [r3]
 284 001a 019B     		ldr	r3, [sp, #4]
 285 001c 9A42     		cmp	r2, r3
 286 001e 0AD0     		beq	.L15
 287              		.loc 2 100 0
 288 0020 019B     		ldr	r3, [sp, #4]
 289 0022 1846     		mov	r0, r3
 290 0024 FFF7FEFF 		bl	fifo_remove
 291 0028 0346     		mov	r3, r0
 292 002a 1846     		mov	r0, r3
 293 002c FFF7FEFF 		bl	chSchReadyI
 294 0030 0346     		mov	r3, r0
 295 0032 0022     		movs	r2, #0
 296 0034 9A62     		str	r2, [r3, #40]
 297              	.L15:
 298              		.loc 2 101 0
 299 0036 03B0     		add	sp, sp, #12
 300              		@ sp needed
 301 0038 5DF804FB 		ldr	pc, [sp], #4
 302              	.L19:
 303              		.align	2
 304              	.L18:
 305 003c 24000000 		.word	.LC2
 306              		.cfi_endproc
 307              	.LFE9:
 308              		.size	chCondSignalI, .-chCondSignalI
 309              		.section	.text.chCondBroadcast,"ax",%progbits
 310              		.align	2
 311              		.p2align 4,,15
 312              		.global	chCondBroadcast
 313              		.thumb
 314              		.thumb_func
 315              		.type	chCondBroadcast, %function
 316              	chCondBroadcast:
 317              	.LFB10:
 318              		.loc 2 110 0
 319              		.cfi_startproc
 320              		@ args = 0, pretend = 0, frame = 8
 321              		@ frame_needed = 0, uses_anonymous_args = 0
 322 0000 00B5     		push	{lr}
 323              		.cfi_def_cfa_offset 4
 324              		.cfi_offset 14, -4
 325 0002 83B0     		sub	sp, sp, #12
 326              		.cfi_def_cfa_offset 16
ARM GAS  /tmp/ccw6Vt5X.s 			page 7


 327 0004 0190     		str	r0, [sp, #4]
 328              	.LBB4:
 329              		.loc 2 112 0
 330 0006 2023     		movs	r3, #32
 331              	@ 112 "/home/dave/r2p-sdk/core/ChibiOS/os/kernel/src/chcond.c" 1
 332 0008 83F31188 		msr     BASEPRI, r3
 333              	@ 0 "" 2
 334              		.thumb
 335              	.LBE4:
 336 000c FFF7FEFF 		bl	dbg_check_lock
 337              		.loc 2 113 0
 338 0010 0198     		ldr	r0, [sp, #4]
 339 0012 FFF7FEFF 		bl	chCondBroadcastI
 340              		.loc 2 114 0
 341 0016 FFF7FEFF 		bl	chSchRescheduleS
 342              		.loc 2 115 0
 343 001a FFF7FEFF 		bl	dbg_check_unlock
 344              	.LBB5:
 345 001e 0023     		movs	r3, #0
 346              	@ 115 "/home/dave/r2p-sdk/core/ChibiOS/os/kernel/src/chcond.c" 1
 347 0020 83F31188 		msr     BASEPRI, r3
 348              	@ 0 "" 2
 349              		.thumb
 350              	.LBE5:
 351              		.loc 2 116 0
 352 0024 03B0     		add	sp, sp, #12
 353              		@ sp needed
 354 0026 5DF804FB 		ldr	pc, [sp], #4
 355              		.cfi_endproc
 356              	.LFE10:
 357              		.size	chCondBroadcast, .-chCondBroadcast
 358 002a 00BFAFF3 		.section	.rodata
 358      0080
 359 0036 0000     		.align	2
 360              	.LC3:
 361 0038 22636843 		.ascii	"\"chCondBroadcastI\"()\000"
 361      6F6E6442 
 361      726F6164 
 361      63617374 
 361      49222829 
 362              		.section	.text.chCondBroadcastI,"ax",%progbits
 363              		.align	2
 364              		.p2align 4,,15
 365              		.global	chCondBroadcastI
 366              		.thumb
 367              		.thumb_func
 368              		.type	chCondBroadcastI, %function
 369              	chCondBroadcastI:
 370              	.LFB11:
 371              		.loc 2 129 0
 372              		.cfi_startproc
 373              		@ args = 0, pretend = 0, frame = 8
 374              		@ frame_needed = 0, uses_anonymous_args = 0
 375 0000 00B5     		push	{lr}
 376              		.cfi_def_cfa_offset 4
 377              		.cfi_offset 14, -4
 378 0002 83B0     		sub	sp, sp, #12
ARM GAS  /tmp/ccw6Vt5X.s 			page 8


 379              		.cfi_def_cfa_offset 16
 380 0004 0190     		str	r0, [sp, #4]
 381              		.loc 2 131 0
 382 0006 FFF7FEFF 		bl	chDbgCheckClassI
 383              		.loc 2 132 0
 384 000a 019B     		ldr	r3, [sp, #4]
 385 000c 002B     		cmp	r3, #0
 386 000e 03D1     		bne	.L22
 387              		.loc 2 132 0 is_stmt 0 discriminator 1
 388 0010 0C48     		ldr	r0, .L25
 389 0012 FFF7FEFF 		bl	chDbgPanic
 390              		.loc 2 137 0 is_stmt 1 discriminator 1
 391 0016 0CE0     		b	.L23
 392              	.L22:
 393              		.loc 2 137 0 is_stmt 0
 394 0018 0BE0     		b	.L23
 395              	.L24:
 396              		.loc 2 138 0 is_stmt 1
 397 001a 019B     		ldr	r3, [sp, #4]
 398 001c 1846     		mov	r0, r3
 399 001e FFF7FEFF 		bl	fifo_remove
 400 0022 0346     		mov	r3, r0
 401 0024 1846     		mov	r0, r3
 402 0026 FFF7FEFF 		bl	chSchReadyI
 403 002a 0346     		mov	r3, r0
 404 002c 6FF00102 		mvn	r2, #1
 405 0030 9A62     		str	r2, [r3, #40]
 406              	.L23:
 407              		.loc 2 137 0 discriminator 1
 408 0032 019B     		ldr	r3, [sp, #4]
 409 0034 1A68     		ldr	r2, [r3]
 410 0036 019B     		ldr	r3, [sp, #4]
 411 0038 9A42     		cmp	r2, r3
 412 003a EED1     		bne	.L24
 413              		.loc 2 139 0
 414 003c 03B0     		add	sp, sp, #12
 415              		@ sp needed
 416 003e 5DF804FB 		ldr	pc, [sp], #4
 417              	.L26:
 418 0042 00BF     		.align	2
 419              	.L25:
 420 0044 38000000 		.word	.LC3
 421              		.cfi_endproc
 422              	.LFE11:
 423              		.size	chCondBroadcastI, .-chCondBroadcastI
 424 0048 AFF30080 		.section	.text.chCondWait,"ax",%progbits
 424      AFF30080 
 425              		.align	2
 426              		.p2align 4,,15
 427              		.global	chCondWait
 428              		.thumb
 429              		.thumb_func
 430              		.type	chCondWait, %function
 431              	chCondWait:
 432              	.LFB12:
 433              		.loc 2 158 0
 434              		.cfi_startproc
ARM GAS  /tmp/ccw6Vt5X.s 			page 9


 435              		@ args = 0, pretend = 0, frame = 16
 436              		@ frame_needed = 0, uses_anonymous_args = 0
 437 0000 00B5     		push	{lr}
 438              		.cfi_def_cfa_offset 4
 439              		.cfi_offset 14, -4
 440 0002 85B0     		sub	sp, sp, #20
 441              		.cfi_def_cfa_offset 24
 442 0004 0190     		str	r0, [sp, #4]
 443              	.LBB6:
 444              		.loc 2 161 0
 445 0006 2023     		movs	r3, #32
 446              	@ 161 "/home/dave/r2p-sdk/core/ChibiOS/os/kernel/src/chcond.c" 1
 447 0008 83F31188 		msr     BASEPRI, r3
 448              	@ 0 "" 2
 449              		.thumb
 450              	.LBE6:
 451 000c FFF7FEFF 		bl	dbg_check_lock
 452              		.loc 2 162 0
 453 0010 0198     		ldr	r0, [sp, #4]
 454 0012 FFF7FEFF 		bl	chCondWaitS
 455 0016 0390     		str	r0, [sp, #12]
 456              		.loc 2 163 0
 457 0018 FFF7FEFF 		bl	dbg_check_unlock
 458              	.LBB7:
 459 001c 0023     		movs	r3, #0
 460              	@ 163 "/home/dave/r2p-sdk/core/ChibiOS/os/kernel/src/chcond.c" 1
 461 001e 83F31188 		msr     BASEPRI, r3
 462              	@ 0 "" 2
 463              		.thumb
 464              	.LBE7:
 465              		.loc 2 164 0
 466 0022 039B     		ldr	r3, [sp, #12]
 467              		.loc 2 165 0
 468 0024 1846     		mov	r0, r3
 469 0026 05B0     		add	sp, sp, #20
 470              		@ sp needed
 471 0028 5DF804FB 		ldr	pc, [sp], #4
 472              		.cfi_endproc
 473              	.LFE12:
 474              		.size	chCondWait, .-chCondWait
 475 002c AFF30080 		.section	.rodata
 476 004d 000000   		.align	2
 477              	.LC4:
 478 0050 22636843 		.ascii	"\"chCondWaitS\"()\000"
 478      6F6E6457 
 478      61697453 
 478      22282900 
 479              		.align	2
 480              	.LC5:
 481 0060 6368436F 		.ascii	"chCondWaitS(), #1\000"
 481      6E645761 
 481      69745328 
 481      292C2023 
 481      3100
 482              		.section	.text.chCondWaitS,"ax",%progbits
 483              		.align	2
 484              		.p2align 4,,15
ARM GAS  /tmp/ccw6Vt5X.s 			page 10


 485              		.global	chCondWaitS
 486              		.thumb
 487              		.thumb_func
 488              		.type	chCondWaitS, %function
 489              	chCondWaitS:
 490              	.LFB13:
 491              		.loc 2 184 0
 492              		.cfi_startproc
 493              		@ args = 0, pretend = 0, frame = 24
 494              		@ frame_needed = 0, uses_anonymous_args = 0
 495 0000 00B5     		push	{lr}
 496              		.cfi_def_cfa_offset 4
 497              		.cfi_offset 14, -4
 498 0002 87B0     		sub	sp, sp, #28
 499              		.cfi_def_cfa_offset 32
 500 0004 0190     		str	r0, [sp, #4]
 501              		.loc 2 185 0
 502 0006 154B     		ldr	r3, .L33
 503 0008 9B69     		ldr	r3, [r3, #24]
 504 000a 0593     		str	r3, [sp, #20]
 505              		.loc 2 189 0
 506 000c FFF7FEFF 		bl	chDbgCheckClassS
 507              		.loc 2 190 0
 508 0010 019B     		ldr	r3, [sp, #4]
 509 0012 002B     		cmp	r3, #0
 510 0014 02D1     		bne	.L30
 511              		.loc 2 190 0 is_stmt 0 discriminator 1
 512 0016 1248     		ldr	r0, .L33+4
 513 0018 FFF7FEFF 		bl	chDbgPanic
 514              	.L30:
 515              		.loc 2 191 0 is_stmt 1
 516 001c 059B     		ldr	r3, [sp, #20]
 517 001e 1B6C     		ldr	r3, [r3, #64]
 518 0020 002B     		cmp	r3, #0
 519 0022 02D1     		bne	.L31
 520              		.loc 2 191 0 is_stmt 0 discriminator 1
 521 0024 0F48     		ldr	r0, .L33+8
 522 0026 FFF7FEFF 		bl	chDbgPanic
 523              	.L31:
 524              		.loc 2 195 0 is_stmt 1
 525 002a FFF7FEFF 		bl	chMtxUnlockS
 526 002e 0490     		str	r0, [sp, #16]
 527              		.loc 2 196 0
 528 0030 059B     		ldr	r3, [sp, #20]
 529 0032 019A     		ldr	r2, [sp, #4]
 530 0034 9A62     		str	r2, [r3, #40]
 531              		.loc 2 197 0
 532 0036 019B     		ldr	r3, [sp, #4]
 533 0038 0598     		ldr	r0, [sp, #20]
 534 003a 1946     		mov	r1, r3
 535 003c FFF7FEFF 		bl	prio_insert
 536              		.loc 2 198 0
 537 0040 0520     		movs	r0, #5
 538 0042 FFF7FEFF 		bl	chSchGoSleepS
 539              		.loc 2 199 0
 540 0046 059B     		ldr	r3, [sp, #20]
 541 0048 9B6A     		ldr	r3, [r3, #40]
ARM GAS  /tmp/ccw6Vt5X.s 			page 11


 542 004a 0393     		str	r3, [sp, #12]
 543              		.loc 2 200 0
 544 004c 0498     		ldr	r0, [sp, #16]
 545 004e FFF7FEFF 		bl	chMtxLockS
 546              		.loc 2 201 0
 547 0052 039B     		ldr	r3, [sp, #12]
 548              		.loc 2 202 0
 549 0054 1846     		mov	r0, r3
 550 0056 07B0     		add	sp, sp, #28
 551              		@ sp needed
 552 0058 5DF804FB 		ldr	pc, [sp], #4
 553              	.L34:
 554              		.align	2
 555              	.L33:
 556 005c 00000000 		.word	rlist
 557 0060 50000000 		.word	.LC4
 558 0064 60000000 		.word	.LC5
 559              		.cfi_endproc
 560              	.LFE13:
 561              		.size	chCondWaitS, .-chCondWaitS
 562 0068 AFF30080 		.section	.text.chCondWaitTimeout,"ax",%progbits
 562      AFF30080 
 563              		.align	2
 564              		.p2align 4,,15
 565              		.global	chCondWaitTimeout
 566              		.thumb
 567              		.thumb_func
 568              		.type	chCondWaitTimeout, %function
 569              	chCondWaitTimeout:
 570              	.LFB14:
 571              		.loc 2 233 0
 572              		.cfi_startproc
 573              		@ args = 0, pretend = 0, frame = 16
 574              		@ frame_needed = 0, uses_anonymous_args = 0
 575 0000 00B5     		push	{lr}
 576              		.cfi_def_cfa_offset 4
 577              		.cfi_offset 14, -4
 578 0002 85B0     		sub	sp, sp, #20
 579              		.cfi_def_cfa_offset 24
 580 0004 0190     		str	r0, [sp, #4]
 581 0006 0091     		str	r1, [sp]
 582              	.LBB8:
 583              		.loc 2 236 0
 584 0008 2023     		movs	r3, #32
 585              	@ 236 "/home/dave/r2p-sdk/core/ChibiOS/os/kernel/src/chcond.c" 1
 586 000a 83F31188 		msr     BASEPRI, r3
 587              	@ 0 "" 2
 588              		.thumb
 589              	.LBE8:
 590 000e FFF7FEFF 		bl	dbg_check_lock
 591              		.loc 2 237 0
 592 0012 0198     		ldr	r0, [sp, #4]
 593 0014 0099     		ldr	r1, [sp]
 594 0016 FFF7FEFF 		bl	chCondWaitTimeoutS
 595 001a 0390     		str	r0, [sp, #12]
 596              		.loc 2 238 0
 597 001c FFF7FEFF 		bl	dbg_check_unlock
ARM GAS  /tmp/ccw6Vt5X.s 			page 12


 598              	.LBB9:
 599 0020 0023     		movs	r3, #0
 600              	@ 238 "/home/dave/r2p-sdk/core/ChibiOS/os/kernel/src/chcond.c" 1
 601 0022 83F31188 		msr     BASEPRI, r3
 602              	@ 0 "" 2
 603              		.thumb
 604              	.LBE9:
 605              		.loc 2 239 0
 606 0026 039B     		ldr	r3, [sp, #12]
 607              		.loc 2 240 0
 608 0028 1846     		mov	r0, r3
 609 002a 05B0     		add	sp, sp, #20
 610              		@ sp needed
 611 002c 5DF804FB 		ldr	pc, [sp], #4
 612              		.cfi_endproc
 613              	.LFE14:
 614              		.size	chCondWaitTimeout, .-chCondWaitTimeout
 615              		.section	.rodata
 616 0072 0000     		.align	2
 617              	.LC6:
 618 0074 22636843 		.ascii	"\"chCondWaitTimeoutS\"()\000"
 618      6F6E6457 
 618      61697454 
 618      696D656F 
 618      75745322 
 619 008b 00       		.align	2
 620              	.LC7:
 621 008c 6368436F 		.ascii	"chCondWaitTimeoutS(), #1\000"
 621      6E645761 
 621      69745469 
 621      6D656F75 
 621      74532829 
 622 00a5 000000   		.section	.text.chCondWaitTimeoutS,"ax",%progbits
 623              		.align	2
 624              		.p2align 4,,15
 625              		.global	chCondWaitTimeoutS
 626              		.thumb
 627              		.thumb_func
 628              		.type	chCondWaitTimeoutS, %function
 629              	chCondWaitTimeoutS:
 630              	.LFB15:
 631              		.loc 2 270 0
 632              		.cfi_startproc
 633              		@ args = 0, pretend = 0, frame = 16
 634              		@ frame_needed = 0, uses_anonymous_args = 0
 635 0000 00B5     		push	{lr}
 636              		.cfi_def_cfa_offset 4
 637              		.cfi_offset 14, -4
 638 0002 85B0     		sub	sp, sp, #20
 639              		.cfi_def_cfa_offset 24
 640 0004 0190     		str	r0, [sp, #4]
 641 0006 0091     		str	r1, [sp]
 642              		.loc 2 274 0
 643 0008 FFF7FEFF 		bl	chDbgCheckClassS
 644              		.loc 2 275 0
 645 000c 019B     		ldr	r3, [sp, #4]
 646 000e 002B     		cmp	r3, #0
ARM GAS  /tmp/ccw6Vt5X.s 			page 13


 647 0010 02D0     		beq	.L38
 648              		.loc 2 275 0 is_stmt 0 discriminator 2
 649 0012 009B     		ldr	r3, [sp]
 650 0014 002B     		cmp	r3, #0
 651 0016 02D1     		bne	.L39
 652              	.L38:
 653              		.loc 2 275 0 discriminator 1
 654 0018 1448     		ldr	r0, .L43
 655 001a FFF7FEFF 		bl	chDbgPanic
 656              	.L39:
 657              		.loc 2 276 0 is_stmt 1
 658 001e 144B     		ldr	r3, .L43+4
 659 0020 9B69     		ldr	r3, [r3, #24]
 660 0022 1B6C     		ldr	r3, [r3, #64]
 661 0024 002B     		cmp	r3, #0
 662 0026 02D1     		bne	.L40
 663              		.loc 2 276 0 is_stmt 0 discriminator 1
 664 0028 1248     		ldr	r0, .L43+8
 665 002a FFF7FEFF 		bl	chDbgPanic
 666              	.L40:
 667              		.loc 2 280 0 is_stmt 1
 668 002e FFF7FEFF 		bl	chMtxUnlockS
 669 0032 0390     		str	r0, [sp, #12]
 670              		.loc 2 281 0
 671 0034 0E4B     		ldr	r3, .L43+4
 672 0036 9B69     		ldr	r3, [r3, #24]
 673 0038 019A     		ldr	r2, [sp, #4]
 674 003a 9A62     		str	r2, [r3, #40]
 675              		.loc 2 282 0
 676 003c 0C4B     		ldr	r3, .L43+4
 677 003e 9A69     		ldr	r2, [r3, #24]
 678 0040 019B     		ldr	r3, [sp, #4]
 679 0042 1046     		mov	r0, r2
 680 0044 1946     		mov	r1, r3
 681 0046 FFF7FEFF 		bl	prio_insert
 682              		.loc 2 283 0
 683 004a 0520     		movs	r0, #5
 684 004c 0099     		ldr	r1, [sp]
 685 004e FFF7FEFF 		bl	chSchGoSleepTimeoutS
 686 0052 0290     		str	r0, [sp, #8]
 687              		.loc 2 284 0
 688 0054 029B     		ldr	r3, [sp, #8]
 689 0056 B3F1FF3F 		cmp	r3, #-1
 690 005a 02D0     		beq	.L41
 691              		.loc 2 285 0
 692 005c 0398     		ldr	r0, [sp, #12]
 693 005e FFF7FEFF 		bl	chMtxLockS
 694              	.L41:
 695              		.loc 2 286 0
 696 0062 029B     		ldr	r3, [sp, #8]
 697              		.loc 2 287 0
 698 0064 1846     		mov	r0, r3
 699 0066 05B0     		add	sp, sp, #20
 700              		@ sp needed
 701 0068 5DF804FB 		ldr	pc, [sp], #4
 702              	.L44:
 703              		.align	2
ARM GAS  /tmp/ccw6Vt5X.s 			page 14


 704              	.L43:
 705 006c 74000000 		.word	.LC6
 706 0070 00000000 		.word	rlist
 707 0074 8C000000 		.word	.LC7
 708              		.cfi_endproc
 709              	.LFE15:
 710              		.size	chCondWaitTimeoutS, .-chCondWaitTimeoutS
 711 0078 AFF30080 		.text
 711      AFF30080 
 712              	.Letext0:
 713              		.file 3 "/usr/include/newlib/machine/_default_types.h"
 714              		.file 4 "/usr/include/newlib/stdint.h"
 715              		.file 5 "/home/dave/r2p-sdk/core/ChibiOS/os/ports/GCC/ARMCMx/chtypes.h"
 716              		.file 6 "/home/dave/r2p-sdk/core/ChibiOS/os/kernel/include/chlists.h"
 717              		.file 7 "/home/dave/r2p-sdk/core/ChibiOS/os/kernel/include/chthreads.h"
 718              		.file 8 "/home/dave/r2p-sdk/core/ChibiOS/os/ports/GCC/ARMCMx/chcore_v7m.h"
 719              		.file 9 "/home/dave/r2p-sdk/core/ChibiOS/os/kernel/include/chschd.h"
 720              		.file 10 "/home/dave/r2p-sdk/core/ChibiOS/os/kernel/include/chmtx.h"
 721              		.file 11 "/home/dave/r2p-sdk/core/ChibiOS/os/kernel/include/chcond.h"
 722              		.section	.debug_info,"",%progbits
 723              	.Ldebug_info0:
 724 0000 45080000 		.4byte	0x845
 725 0004 0400     		.2byte	0x4
 726 0006 00000000 		.4byte	.Ldebug_abbrev0
 727 000a 04       		.byte	0x4
 728 000b 01       		.uleb128 0x1
 729 000c 6C020000 		.4byte	.LASF82
 730 0010 01       		.byte	0x1
 731 0011 F2000000 		.4byte	.LASF83
 732 0015 00000000 		.4byte	.Ldebug_ranges0+0
 733 0019 00000000 		.4byte	0
 734 001d 00000000 		.4byte	.Ldebug_line0
 735 0021 02       		.uleb128 0x2
 736 0022 04       		.byte	0x4
 737 0023 05       		.byte	0x5
 738 0024 696E7400 		.ascii	"int\000"
 739 0028 03       		.uleb128 0x3
 740 0029 04       		.byte	0x4
 741 002a 07       		.byte	0x7
 742 002b E5000000 		.4byte	.LASF0
 743 002f 03       		.uleb128 0x3
 744 0030 01       		.byte	0x1
 745 0031 06       		.byte	0x6
 746 0032 68000000 		.4byte	.LASF1
 747 0036 04       		.uleb128 0x4
 748 0037 21000000 		.4byte	.LASF5
 749 003b 03       		.byte	0x3
 750 003c 1D       		.byte	0x1d
 751 003d 41000000 		.4byte	0x41
 752 0041 03       		.uleb128 0x3
 753 0042 01       		.byte	0x1
 754 0043 08       		.byte	0x8
 755 0044 31020000 		.4byte	.LASF2
 756 0048 03       		.uleb128 0x3
 757 0049 02       		.byte	0x2
 758 004a 05       		.byte	0x5
 759 004b 49020000 		.4byte	.LASF3
ARM GAS  /tmp/ccw6Vt5X.s 			page 15


 760 004f 03       		.uleb128 0x3
 761 0050 02       		.byte	0x2
 762 0051 07       		.byte	0x7
 763 0052 43010000 		.4byte	.LASF4
 764 0056 04       		.uleb128 0x4
 765 0057 CE030000 		.4byte	.LASF6
 766 005b 03       		.byte	0x3
 767 005c 3F       		.byte	0x3f
 768 005d 61000000 		.4byte	0x61
 769 0061 03       		.uleb128 0x3
 770 0062 04       		.byte	0x4
 771 0063 05       		.byte	0x5
 772 0064 96000000 		.4byte	.LASF7
 773 0068 04       		.uleb128 0x4
 774 0069 B9000000 		.4byte	.LASF8
 775 006d 03       		.byte	0x3
 776 006e 41       		.byte	0x41
 777 006f 73000000 		.4byte	0x73
 778 0073 03       		.uleb128 0x3
 779 0074 04       		.byte	0x4
 780 0075 07       		.byte	0x7
 781 0076 29010000 		.4byte	.LASF9
 782 007a 03       		.uleb128 0x3
 783 007b 08       		.byte	0x8
 784 007c 05       		.byte	0x5
 785 007d 5A000000 		.4byte	.LASF10
 786 0081 04       		.uleb128 0x4
 787 0082 F3010000 		.4byte	.LASF11
 788 0086 03       		.byte	0x3
 789 0087 5B       		.byte	0x5b
 790 0088 8C000000 		.4byte	0x8c
 791 008c 03       		.uleb128 0x3
 792 008d 08       		.byte	0x8
 793 008e 07       		.byte	0x7
 794 008f 2B000000 		.4byte	.LASF12
 795 0093 04       		.uleb128 0x4
 796 0094 1F040000 		.4byte	.LASF13
 797 0098 04       		.byte	0x4
 798 0099 2A       		.byte	0x2a
 799 009a 36000000 		.4byte	0x36
 800 009e 04       		.uleb128 0x4
 801 009f 29020000 		.4byte	.LASF14
 802 00a3 04       		.byte	0x4
 803 00a4 41       		.byte	0x41
 804 00a5 56000000 		.4byte	0x56
 805 00a9 04       		.uleb128 0x4
 806 00aa 84030000 		.4byte	.LASF15
 807 00ae 04       		.byte	0x4
 808 00af 42       		.byte	0x42
 809 00b0 68000000 		.4byte	0x68
 810 00b4 04       		.uleb128 0x4
 811 00b5 18000000 		.4byte	.LASF16
 812 00b9 04       		.byte	0x4
 813 00ba 4E       		.byte	0x4e
 814 00bb 81000000 		.4byte	0x81
 815 00bf 03       		.uleb128 0x3
 816 00c0 01       		.byte	0x1
ARM GAS  /tmp/ccw6Vt5X.s 			page 16


 817 00c1 02       		.byte	0x2
 818 00c2 23020000 		.4byte	.LASF17
 819 00c6 04       		.uleb128 0x4
 820 00c7 64010000 		.4byte	.LASF18
 821 00cb 05       		.byte	0x5
 822 00cc 2C       		.byte	0x2c
 823 00cd 93000000 		.4byte	0x93
 824 00d1 04       		.uleb128 0x4
 825 00d2 9F000000 		.4byte	.LASF19
 826 00d6 05       		.byte	0x5
 827 00d7 2D       		.byte	0x2d
 828 00d8 93000000 		.4byte	0x93
 829 00dc 04       		.uleb128 0x4
 830 00dd FE010000 		.4byte	.LASF20
 831 00e1 05       		.byte	0x5
 832 00e2 2E       		.byte	0x2e
 833 00e3 93000000 		.4byte	0x93
 834 00e7 04       		.uleb128 0x4
 835 00e8 84000000 		.4byte	.LASF21
 836 00ec 05       		.byte	0x5
 837 00ed 2F       		.byte	0x2f
 838 00ee 93000000 		.4byte	0x93
 839 00f2 04       		.uleb128 0x4
 840 00f3 0D020000 		.4byte	.LASF22
 841 00f7 05       		.byte	0x5
 842 00f8 30       		.byte	0x30
 843 00f9 A9000000 		.4byte	0xa9
 844 00fd 04       		.uleb128 0x4
 845 00fe 56010000 		.4byte	.LASF23
 846 0102 05       		.byte	0x5
 847 0103 31       		.byte	0x31
 848 0104 9E000000 		.4byte	0x9e
 849 0108 04       		.uleb128 0x4
 850 0109 78010000 		.4byte	.LASF24
 851 010d 05       		.byte	0x5
 852 010e 33       		.byte	0x33
 853 010f A9000000 		.4byte	0xa9
 854 0113 04       		.uleb128 0x4
 855 0114 B9030000 		.4byte	.LASF25
 856 0118 05       		.byte	0x5
 857 0119 35       		.byte	0x35
 858 011a A9000000 		.4byte	0xa9
 859 011e 04       		.uleb128 0x4
 860 011f 6A030000 		.4byte	.LASF26
 861 0123 06       		.byte	0x6
 862 0124 2A       		.byte	0x2a
 863 0125 29010000 		.4byte	0x129
 864 0129 05       		.uleb128 0x5
 865 012a 6A030000 		.4byte	.LASF26
 866 012e 4C       		.byte	0x4c
 867 012f 07       		.byte	0x7
 868 0130 5E       		.byte	0x5e
 869 0131 32020000 		.4byte	0x232
 870 0135 06       		.uleb128 0x6
 871 0136 5B030000 		.4byte	.LASF27
 872 013a 07       		.byte	0x7
 873 013b 5F       		.byte	0x5f
ARM GAS  /tmp/ccw6Vt5X.s 			page 17


 874 013c 53020000 		.4byte	0x253
 875 0140 00       		.byte	0
 876 0141 06       		.uleb128 0x6
 877 0142 06020000 		.4byte	.LASF28
 878 0146 07       		.byte	0x7
 879 0147 61       		.byte	0x61
 880 0148 53020000 		.4byte	0x253
 881 014c 04       		.byte	0x4
 882 014d 06       		.uleb128 0x6
 883 014e 53000000 		.4byte	.LASF29
 884 0152 07       		.byte	0x7
 885 0153 63       		.byte	0x63
 886 0154 F2000000 		.4byte	0xf2
 887 0158 08       		.byte	0x8
 888 0159 06       		.uleb128 0x6
 889 015a 56040000 		.4byte	.LASF30
 890 015e 07       		.byte	0x7
 891 015f 64       		.byte	0x64
 892 0160 E8030000 		.4byte	0x3e8
 893 0164 0C       		.byte	0xc
 894 0165 06       		.uleb128 0x6
 895 0166 A8000000 		.4byte	.LASF31
 896 016a 07       		.byte	0x7
 897 016b 66       		.byte	0x66
 898 016c 53020000 		.4byte	0x253
 899 0170 10       		.byte	0x10
 900 0171 06       		.uleb128 0x6
 901 0172 B1010000 		.4byte	.LASF32
 902 0176 07       		.byte	0x7
 903 0177 67       		.byte	0x67
 904 0178 53020000 		.4byte	0x253
 905 017c 14       		.byte	0x14
 906 017d 06       		.uleb128 0x6
 907 017e 35040000 		.4byte	.LASF33
 908 0182 07       		.byte	0x7
 909 0183 6E       		.byte	0x6e
 910 0184 0C050000 		.4byte	0x50c
 911 0188 18       		.byte	0x18
 912 0189 06       		.uleb128 0x6
 913 018a DA000000 		.4byte	.LASF34
 914 018e 07       		.byte	0x7
 915 018f 74       		.byte	0x74
 916 0190 1E050000 		.4byte	0x51e
 917 0194 1C       		.byte	0x1c
 918 0195 06       		.uleb128 0x6
 919 0196 53020000 		.4byte	.LASF35
 920 019a 07       		.byte	0x7
 921 019b 79       		.byte	0x79
 922 019c D1000000 		.4byte	0xd1
 923 01a0 20       		.byte	0x20
 924 01a1 06       		.uleb128 0x6
 925 01a2 62030000 		.4byte	.LASF36
 926 01a6 07       		.byte	0x7
 927 01a7 7D       		.byte	0x7d
 928 01a8 C6000000 		.4byte	0xc6
 929 01ac 21       		.byte	0x21
 930 01ad 06       		.uleb128 0x6
ARM GAS  /tmp/ccw6Vt5X.s 			page 18


 931 01ae 08040000 		.4byte	.LASF37
 932 01b2 07       		.byte	0x7
 933 01b3 82       		.byte	0x82
 934 01b4 DC000000 		.4byte	0xdc
 935 01b8 22       		.byte	0x22
 936 01b9 06       		.uleb128 0x6
 937 01ba 5B020000 		.4byte	.LASF38
 938 01be 07       		.byte	0x7
 939 01bf 88       		.byte	0x88
 940 01c0 E7000000 		.4byte	0xe7
 941 01c4 23       		.byte	0x23
 942 01c5 06       		.uleb128 0x6
 943 01c6 EF030000 		.4byte	.LASF39
 944 01ca 07       		.byte	0x7
 945 01cb 8F       		.byte	0x8f
 946 01cc 10040000 		.4byte	0x410
 947 01d0 24       		.byte	0x24
 948 01d1 07       		.uleb128 0x7
 949 01d2 705F7500 		.ascii	"p_u\000"
 950 01d6 07       		.byte	0x7
 951 01d7 B4       		.byte	0xb4
 952 01d8 D7040000 		.4byte	0x4d7
 953 01dc 28       		.byte	0x28
 954 01dd 06       		.uleb128 0x6
 955 01de 5C040000 		.4byte	.LASF40
 956 01e2 07       		.byte	0x7
 957 01e3 B9       		.byte	0xb9
 958 01e4 79020000 		.4byte	0x279
 959 01e8 2C       		.byte	0x2c
 960 01e9 06       		.uleb128 0x6
 961 01ea FD030000 		.4byte	.LASF41
 962 01ee 07       		.byte	0x7
 963 01ef BF       		.byte	0xbf
 964 01f0 59020000 		.4byte	0x259
 965 01f4 30       		.byte	0x30
 966 01f5 06       		.uleb128 0x6
 967 01f6 00000000 		.4byte	.LASF42
 968 01fa 07       		.byte	0x7
 969 01fb C3       		.byte	0xc3
 970 01fc FD000000 		.4byte	0xfd
 971 0200 38       		.byte	0x38
 972 0201 06       		.uleb128 0x6
 973 0202 79030000 		.4byte	.LASF43
 974 0206 07       		.byte	0x7
 975 0207 C9       		.byte	0xc9
 976 0208 08010000 		.4byte	0x108
 977 020c 3C       		.byte	0x3c
 978 020d 06       		.uleb128 0x6
 979 020e 3F020000 		.4byte	.LASF44
 980 0212 07       		.byte	0x7
 981 0213 D0       		.byte	0xd0
 982 0214 24050000 		.4byte	0x524
 983 0218 40       		.byte	0x40
 984 0219 06       		.uleb128 0x6
 985 021a C3030000 		.4byte	.LASF45
 986 021e 07       		.byte	0x7
 987 021f D4       		.byte	0xd4
ARM GAS  /tmp/ccw6Vt5X.s 			page 19


 988 0220 F2000000 		.4byte	0xf2
 989 0224 44       		.byte	0x44
 990 0225 06       		.uleb128 0x6
 991 0226 74000000 		.4byte	.LASF46
 992 022a 07       		.byte	0x7
 993 022b DA       		.byte	0xda
 994 022c 8F020000 		.4byte	0x28f
 995 0230 48       		.byte	0x48
 996 0231 00       		.byte	0
 997 0232 08       		.uleb128 0x8
 998 0233 08       		.byte	0x8
 999 0234 06       		.byte	0x6
 1000 0235 61       		.byte	0x61
 1001 0236 53020000 		.4byte	0x253
 1002 023a 06       		.uleb128 0x6
 1003 023b 5B030000 		.4byte	.LASF27
 1004 023f 06       		.byte	0x6
 1005 0240 62       		.byte	0x62
 1006 0241 53020000 		.4byte	0x253
 1007 0245 00       		.byte	0
 1008 0246 06       		.uleb128 0x6
 1009 0247 06020000 		.4byte	.LASF28
 1010 024b 06       		.byte	0x6
 1011 024c 64       		.byte	0x64
 1012 024d 53020000 		.4byte	0x253
 1013 0251 04       		.byte	0x4
 1014 0252 00       		.byte	0
 1015 0253 09       		.uleb128 0x9
 1016 0254 04       		.byte	0x4
 1017 0255 1E010000 		.4byte	0x11e
 1018 0259 04       		.uleb128 0x4
 1019 025a BF010000 		.4byte	.LASF47
 1020 025e 06       		.byte	0x6
 1021 025f 66       		.byte	0x66
 1022 0260 32020000 		.4byte	0x232
 1023 0264 08       		.uleb128 0x8
 1024 0265 04       		.byte	0x4
 1025 0266 06       		.byte	0x6
 1026 0267 6B       		.byte	0x6b
 1027 0268 79020000 		.4byte	0x279
 1028 026c 06       		.uleb128 0x6
 1029 026d 5B030000 		.4byte	.LASF27
 1030 0271 06       		.byte	0x6
 1031 0272 6D       		.byte	0x6d
 1032 0273 53020000 		.4byte	0x253
 1033 0277 00       		.byte	0
 1034 0278 00       		.byte	0
 1035 0279 04       		.uleb128 0x4
 1036 027a 6C010000 		.4byte	.LASF48
 1037 027e 06       		.byte	0x6
 1038 027f 70       		.byte	0x70
 1039 0280 64020000 		.4byte	0x264
 1040 0284 04       		.uleb128 0x4
 1041 0285 C4000000 		.4byte	.LASF49
 1042 0289 08       		.byte	0x8
 1043 028a E5       		.byte	0xe5
 1044 028b 8F020000 		.4byte	0x28f
ARM GAS  /tmp/ccw6Vt5X.s 			page 20


 1045 028f 0A       		.uleb128 0xa
 1046 0290 04       		.byte	0x4
 1047 0291 04       		.uleb128 0x4
 1048 0292 8A010000 		.4byte	.LASF50
 1049 0296 08       		.byte	0x8
 1050 0297 EB       		.byte	0xeb
 1051 0298 B4000000 		.4byte	0xb4
 1052 029c 0B       		.uleb128 0xb
 1053 029d F6030000 		.4byte	.LASF51
 1054 02a1 64       		.byte	0x64
 1055 02a2 08       		.byte	0x8
 1056 02a3 0C01     		.2byte	0x10c
 1057 02a5 E8030000 		.4byte	0x3e8
 1058 02a9 0C       		.uleb128 0xc
 1059 02aa 73313600 		.ascii	"s16\000"
 1060 02ae 08       		.byte	0x8
 1061 02af 0E01     		.2byte	0x10e
 1062 02b1 84020000 		.4byte	0x284
 1063 02b5 00       		.byte	0
 1064 02b6 0C       		.uleb128 0xc
 1065 02b7 73313700 		.ascii	"s17\000"
 1066 02bb 08       		.byte	0x8
 1067 02bc 0F01     		.2byte	0x10f
 1068 02be 84020000 		.4byte	0x284
 1069 02c2 04       		.byte	0x4
 1070 02c3 0C       		.uleb128 0xc
 1071 02c4 73313800 		.ascii	"s18\000"
 1072 02c8 08       		.byte	0x8
 1073 02c9 1001     		.2byte	0x110
 1074 02cb 84020000 		.4byte	0x284
 1075 02cf 08       		.byte	0x8
 1076 02d0 0C       		.uleb128 0xc
 1077 02d1 73313900 		.ascii	"s19\000"
 1078 02d5 08       		.byte	0x8
 1079 02d6 1101     		.2byte	0x111
 1080 02d8 84020000 		.4byte	0x284
 1081 02dc 0C       		.byte	0xc
 1082 02dd 0C       		.uleb128 0xc
 1083 02de 73323000 		.ascii	"s20\000"
 1084 02e2 08       		.byte	0x8
 1085 02e3 1201     		.2byte	0x112
 1086 02e5 84020000 		.4byte	0x284
 1087 02e9 10       		.byte	0x10
 1088 02ea 0C       		.uleb128 0xc
 1089 02eb 73323100 		.ascii	"s21\000"
 1090 02ef 08       		.byte	0x8
 1091 02f0 1301     		.2byte	0x113
 1092 02f2 84020000 		.4byte	0x284
 1093 02f6 14       		.byte	0x14
 1094 02f7 0C       		.uleb128 0xc
 1095 02f8 73323200 		.ascii	"s22\000"
 1096 02fc 08       		.byte	0x8
 1097 02fd 1401     		.2byte	0x114
 1098 02ff 84020000 		.4byte	0x284
 1099 0303 18       		.byte	0x18
 1100 0304 0C       		.uleb128 0xc
 1101 0305 73323300 		.ascii	"s23\000"
ARM GAS  /tmp/ccw6Vt5X.s 			page 21


 1102 0309 08       		.byte	0x8
 1103 030a 1501     		.2byte	0x115
 1104 030c 84020000 		.4byte	0x284
 1105 0310 1C       		.byte	0x1c
 1106 0311 0C       		.uleb128 0xc
 1107 0312 73323400 		.ascii	"s24\000"
 1108 0316 08       		.byte	0x8
 1109 0317 1601     		.2byte	0x116
 1110 0319 84020000 		.4byte	0x284
 1111 031d 20       		.byte	0x20
 1112 031e 0C       		.uleb128 0xc
 1113 031f 73323500 		.ascii	"s25\000"
 1114 0323 08       		.byte	0x8
 1115 0324 1701     		.2byte	0x117
 1116 0326 84020000 		.4byte	0x284
 1117 032a 24       		.byte	0x24
 1118 032b 0C       		.uleb128 0xc
 1119 032c 73323600 		.ascii	"s26\000"
 1120 0330 08       		.byte	0x8
 1121 0331 1801     		.2byte	0x118
 1122 0333 84020000 		.4byte	0x284
 1123 0337 28       		.byte	0x28
 1124 0338 0C       		.uleb128 0xc
 1125 0339 73323700 		.ascii	"s27\000"
 1126 033d 08       		.byte	0x8
 1127 033e 1901     		.2byte	0x119
 1128 0340 84020000 		.4byte	0x284
 1129 0344 2C       		.byte	0x2c
 1130 0345 0C       		.uleb128 0xc
 1131 0346 73323800 		.ascii	"s28\000"
 1132 034a 08       		.byte	0x8
 1133 034b 1A01     		.2byte	0x11a
 1134 034d 84020000 		.4byte	0x284
 1135 0351 30       		.byte	0x30
 1136 0352 0C       		.uleb128 0xc
 1137 0353 73323900 		.ascii	"s29\000"
 1138 0357 08       		.byte	0x8
 1139 0358 1B01     		.2byte	0x11b
 1140 035a 84020000 		.4byte	0x284
 1141 035e 34       		.byte	0x34
 1142 035f 0C       		.uleb128 0xc
 1143 0360 73333000 		.ascii	"s30\000"
 1144 0364 08       		.byte	0x8
 1145 0365 1C01     		.2byte	0x11c
 1146 0367 84020000 		.4byte	0x284
 1147 036b 38       		.byte	0x38
 1148 036c 0C       		.uleb128 0xc
 1149 036d 73333100 		.ascii	"s31\000"
 1150 0371 08       		.byte	0x8
 1151 0372 1D01     		.2byte	0x11d
 1152 0374 84020000 		.4byte	0x284
 1153 0378 3C       		.byte	0x3c
 1154 0379 0C       		.uleb128 0xc
 1155 037a 723400   		.ascii	"r4\000"
 1156 037d 08       		.byte	0x8
 1157 037e 1F01     		.2byte	0x11f
 1158 0380 84020000 		.4byte	0x284
ARM GAS  /tmp/ccw6Vt5X.s 			page 22


 1159 0384 40       		.byte	0x40
 1160 0385 0C       		.uleb128 0xc
 1161 0386 723500   		.ascii	"r5\000"
 1162 0389 08       		.byte	0x8
 1163 038a 2001     		.2byte	0x120
 1164 038c 84020000 		.4byte	0x284
 1165 0390 44       		.byte	0x44
 1166 0391 0C       		.uleb128 0xc
 1167 0392 723600   		.ascii	"r6\000"
 1168 0395 08       		.byte	0x8
 1169 0396 2101     		.2byte	0x121
 1170 0398 84020000 		.4byte	0x284
 1171 039c 48       		.byte	0x48
 1172 039d 0C       		.uleb128 0xc
 1173 039e 723700   		.ascii	"r7\000"
 1174 03a1 08       		.byte	0x8
 1175 03a2 2201     		.2byte	0x122
 1176 03a4 84020000 		.4byte	0x284
 1177 03a8 4C       		.byte	0x4c
 1178 03a9 0C       		.uleb128 0xc
 1179 03aa 723800   		.ascii	"r8\000"
 1180 03ad 08       		.byte	0x8
 1181 03ae 2301     		.2byte	0x123
 1182 03b0 84020000 		.4byte	0x284
 1183 03b4 50       		.byte	0x50
 1184 03b5 0C       		.uleb128 0xc
 1185 03b6 723900   		.ascii	"r9\000"
 1186 03b9 08       		.byte	0x8
 1187 03ba 2401     		.2byte	0x124
 1188 03bc 84020000 		.4byte	0x284
 1189 03c0 54       		.byte	0x54
 1190 03c1 0C       		.uleb128 0xc
 1191 03c2 72313000 		.ascii	"r10\000"
 1192 03c6 08       		.byte	0x8
 1193 03c7 2501     		.2byte	0x125
 1194 03c9 84020000 		.4byte	0x284
 1195 03cd 58       		.byte	0x58
 1196 03ce 0C       		.uleb128 0xc
 1197 03cf 72313100 		.ascii	"r11\000"
 1198 03d3 08       		.byte	0x8
 1199 03d4 2601     		.2byte	0x126
 1200 03d6 84020000 		.4byte	0x284
 1201 03da 5C       		.byte	0x5c
 1202 03db 0C       		.uleb128 0xc
 1203 03dc 6C7200   		.ascii	"lr\000"
 1204 03df 08       		.byte	0x8
 1205 03e0 2701     		.2byte	0x127
 1206 03e2 84020000 		.4byte	0x284
 1207 03e6 60       		.byte	0x60
 1208 03e7 00       		.byte	0
 1209 03e8 0B       		.uleb128 0xb
 1210 03e9 3B010000 		.4byte	.LASF52
 1211 03ed 04       		.byte	0x4
 1212 03ee 08       		.byte	0x8
 1213 03ef 3101     		.2byte	0x131
 1214 03f1 03040000 		.4byte	0x403
 1215 03f5 0C       		.uleb128 0xc
ARM GAS  /tmp/ccw6Vt5X.s 			page 23


 1216 03f6 72313300 		.ascii	"r13\000"
 1217 03fa 08       		.byte	0x8
 1218 03fb 3201     		.2byte	0x132
 1219 03fd 03040000 		.4byte	0x403
 1220 0401 00       		.byte	0
 1221 0402 00       		.byte	0
 1222 0403 09       		.uleb128 0x9
 1223 0404 04       		.byte	0x4
 1224 0405 9C020000 		.4byte	0x29c
 1225 0409 03       		.uleb128 0x3
 1226 040a 04       		.byte	0x4
 1227 040b 07       		.byte	0x7
 1228 040c 95010000 		.4byte	.LASF53
 1229 0410 0D       		.uleb128 0xd
 1230 0411 13010000 		.4byte	0x113
 1231 0415 08       		.uleb128 0x8
 1232 0416 1C       		.byte	0x1c
 1233 0417 09       		.byte	0x9
 1234 0418 5E       		.byte	0x5e
 1235 0419 66040000 		.4byte	0x466
 1236 041d 06       		.uleb128 0x6
 1237 041e 8D030000 		.4byte	.LASF54
 1238 0422 09       		.byte	0x9
 1239 0423 5F       		.byte	0x5f
 1240 0424 59020000 		.4byte	0x259
 1241 0428 00       		.byte	0
 1242 0429 06       		.uleb128 0x6
 1243 042a 65020000 		.4byte	.LASF55
 1244 042e 09       		.byte	0x9
 1245 042f 60       		.byte	0x60
 1246 0430 F2000000 		.4byte	0xf2
 1247 0434 08       		.byte	0x8
 1248 0435 06       		.uleb128 0x6
 1249 0436 B9010000 		.4byte	.LASF56
 1250 043a 09       		.byte	0x9
 1251 043b 62       		.byte	0x62
 1252 043c E8030000 		.4byte	0x3e8
 1253 0440 0C       		.byte	0xc
 1254 0441 06       		.uleb128 0x6
 1255 0442 5C010000 		.4byte	.LASF57
 1256 0446 09       		.byte	0x9
 1257 0447 65       		.byte	0x65
 1258 0448 53020000 		.4byte	0x253
 1259 044c 10       		.byte	0x10
 1260 044d 06       		.uleb128 0x6
 1261 044e DB010000 		.4byte	.LASF58
 1262 0452 09       		.byte	0x9
 1263 0453 66       		.byte	0x66
 1264 0454 53020000 		.4byte	0x253
 1265 0458 14       		.byte	0x14
 1266 0459 06       		.uleb128 0x6
 1267 045a D1010000 		.4byte	.LASF59
 1268 045e 09       		.byte	0x9
 1269 045f 69       		.byte	0x69
 1270 0460 53020000 		.4byte	0x253
 1271 0464 18       		.byte	0x18
 1272 0465 00       		.byte	0
ARM GAS  /tmp/ccw6Vt5X.s 			page 24


 1273 0466 04       		.uleb128 0x4
 1274 0467 0F040000 		.4byte	.LASF60
 1275 046b 09       		.byte	0x9
 1276 046c 6B       		.byte	0x6b
 1277 046d 15040000 		.4byte	0x415
 1278 0471 05       		.uleb128 0x5
 1279 0472 84010000 		.4byte	.LASF61
 1280 0476 10       		.byte	0x10
 1281 0477 0A       		.byte	0xa
 1282 0478 2C       		.byte	0x2c
 1283 0479 A2040000 		.4byte	0x4a2
 1284 047d 06       		.uleb128 0x6
 1285 047e 7C000000 		.4byte	.LASF62
 1286 0482 0A       		.byte	0xa
 1287 0483 2D       		.byte	0x2d
 1288 0484 59020000 		.4byte	0x259
 1289 0488 00       		.byte	0
 1290 0489 06       		.uleb128 0x6
 1291 048a 4E040000 		.4byte	.LASF63
 1292 048e 0A       		.byte	0xa
 1293 048f 2F       		.byte	0x2f
 1294 0490 53020000 		.4byte	0x253
 1295 0494 08       		.byte	0x8
 1296 0495 06       		.uleb128 0x6
 1297 0496 B2030000 		.4byte	.LASF64
 1298 049a 0A       		.byte	0xa
 1299 049b 31       		.byte	0x31
 1300 049c A2040000 		.4byte	0x4a2
 1301 04a0 0C       		.byte	0xc
 1302 04a1 00       		.byte	0
 1303 04a2 09       		.uleb128 0x9
 1304 04a3 04       		.byte	0x4
 1305 04a4 71040000 		.4byte	0x471
 1306 04a8 04       		.uleb128 0x4
 1307 04a9 84010000 		.4byte	.LASF61
 1308 04ad 0A       		.byte	0xa
 1309 04ae 33       		.byte	0x33
 1310 04af 71040000 		.4byte	0x471
 1311 04b3 05       		.uleb128 0x5
 1312 04b4 8E000000 		.4byte	.LASF65
 1313 04b8 08       		.byte	0x8
 1314 04b9 0B       		.byte	0xb
 1315 04ba 36       		.byte	0x36
 1316 04bb CC040000 		.4byte	0x4cc
 1317 04bf 06       		.uleb128 0x6
 1318 04c0 71030000 		.4byte	.LASF66
 1319 04c4 0B       		.byte	0xb
 1320 04c5 37       		.byte	0x37
 1321 04c6 59020000 		.4byte	0x259
 1322 04ca 00       		.byte	0
 1323 04cb 00       		.byte	0
 1324 04cc 04       		.uleb128 0x4
 1325 04cd 8E000000 		.4byte	.LASF65
 1326 04d1 0B       		.byte	0xb
 1327 04d2 38       		.byte	0x38
 1328 04d3 B3040000 		.4byte	0x4b3
 1329 04d7 0E       		.uleb128 0xe
ARM GAS  /tmp/ccw6Vt5X.s 			page 25


 1330 04d8 04       		.byte	0x4
 1331 04d9 07       		.byte	0x7
 1332 04da 96       		.byte	0x96
 1333 04db 0C050000 		.4byte	0x50c
 1334 04df 0F       		.uleb128 0xf
 1335 04e0 11000000 		.4byte	.LASF67
 1336 04e4 07       		.byte	0x7
 1337 04e5 9D       		.byte	0x9d
 1338 04e6 FD000000 		.4byte	0xfd
 1339 04ea 0F       		.uleb128 0xf
 1340 04eb B0000000 		.4byte	.LASF68
 1341 04ef 07       		.byte	0x7
 1342 04f0 A4       		.byte	0xa4
 1343 04f1 FD000000 		.4byte	0xfd
 1344 04f5 0F       		.uleb128 0xf
 1345 04f6 2E040000 		.4byte	.LASF69
 1346 04fa 07       		.byte	0x7
 1347 04fb AB       		.byte	0xab
 1348 04fc 8F020000 		.4byte	0x28f
 1349 0500 0F       		.uleb128 0xf
 1350 0501 27040000 		.4byte	.LASF70
 1351 0505 07       		.byte	0x7
 1352 0506 B2       		.byte	0xb2
 1353 0507 08010000 		.4byte	0x108
 1354 050b 00       		.byte	0
 1355 050c 09       		.uleb128 0x9
 1356 050d 04       		.byte	0x4
 1357 050e 12050000 		.4byte	0x512
 1358 0512 10       		.uleb128 0x10
 1359 0513 17050000 		.4byte	0x517
 1360 0517 03       		.uleb128 0x3
 1361 0518 01       		.byte	0x1
 1362 0519 08       		.byte	0x8
 1363 051a 95030000 		.4byte	.LASF71
 1364 051e 09       		.uleb128 0x9
 1365 051f 04       		.byte	0x4
 1366 0520 91020000 		.4byte	0x291
 1367 0524 09       		.uleb128 0x9
 1368 0525 04       		.byte	0x4
 1369 0526 A8040000 		.4byte	0x4a8
 1370 052a 11       		.uleb128 0x11
 1371 052b D8030000 		.4byte	.LASF84
 1372 052f 01       		.byte	0x1
 1373 0530 29       		.byte	0x29
 1374 0531 00000000 		.4byte	.LFB0
 1375 0535 46000000 		.4byte	.LFE0-.LFB0
 1376 0539 01       		.uleb128 0x1
 1377 053a 9C       		.byte	0x9c
 1378 053b 68050000 		.4byte	0x568
 1379 053f 12       		.uleb128 0x12
 1380 0540 747000   		.ascii	"tp\000"
 1381 0543 01       		.byte	0x1
 1382 0544 29       		.byte	0x29
 1383 0545 53020000 		.4byte	0x253
 1384 0549 02       		.uleb128 0x2
 1385 054a 91       		.byte	0x91
 1386 054b 74       		.sleb128 -12
ARM GAS  /tmp/ccw6Vt5X.s 			page 26


 1387 054c 12       		.uleb128 0x12
 1388 054d 74717000 		.ascii	"tqp\000"
 1389 0551 01       		.byte	0x1
 1390 0552 29       		.byte	0x29
 1391 0553 68050000 		.4byte	0x568
 1392 0557 02       		.uleb128 0x2
 1393 0558 91       		.byte	0x91
 1394 0559 70       		.sleb128 -16
 1395 055a 13       		.uleb128 0x13
 1396 055b 637000   		.ascii	"cp\000"
 1397 055e 01       		.byte	0x1
 1398 055f 2B       		.byte	0x2b
 1399 0560 53020000 		.4byte	0x253
 1400 0564 02       		.uleb128 0x2
 1401 0565 91       		.byte	0x91
 1402 0566 7C       		.sleb128 -4
 1403 0567 00       		.byte	0
 1404 0568 09       		.uleb128 0x9
 1405 0569 04       		.byte	0x4
 1406 056a 59020000 		.4byte	0x259
 1407 056e 14       		.uleb128 0x14
 1408 056f 9A030000 		.4byte	.LASF85
 1409 0573 01       		.byte	0x1
 1410 0574 3B       		.byte	0x3b
 1411 0575 53020000 		.4byte	0x253
 1412 0579 00000000 		.4byte	.LFB2
 1413 057d 22000000 		.4byte	.LFE2-.LFB2
 1414 0581 01       		.uleb128 0x1
 1415 0582 9C       		.byte	0x9c
 1416 0583 A3050000 		.4byte	0x5a3
 1417 0587 12       		.uleb128 0x12
 1418 0588 74717000 		.ascii	"tqp\000"
 1419 058c 01       		.byte	0x1
 1420 058d 3B       		.byte	0x3b
 1421 058e 68050000 		.4byte	0x568
 1422 0592 02       		.uleb128 0x2
 1423 0593 91       		.byte	0x91
 1424 0594 74       		.sleb128 -12
 1425 0595 13       		.uleb128 0x13
 1426 0596 747000   		.ascii	"tp\000"
 1427 0599 01       		.byte	0x1
 1428 059a 3C       		.byte	0x3c
 1429 059b 53020000 		.4byte	0x253
 1430 059f 02       		.uleb128 0x2
 1431 05a0 91       		.byte	0x91
 1432 05a1 7C       		.sleb128 -4
 1433 05a2 00       		.byte	0
 1434 05a3 15       		.uleb128 0x15
 1435 05a4 06000000 		.4byte	.LASF72
 1436 05a8 02       		.byte	0x2
 1437 05a9 3B       		.byte	0x3b
 1438 05aa 00000000 		.4byte	.LFB7
 1439 05ae 2C000000 		.4byte	.LFE7-.LFB7
 1440 05b2 01       		.uleb128 0x1
 1441 05b3 9C       		.byte	0x9c
 1442 05b4 C6050000 		.4byte	0x5c6
 1443 05b8 12       		.uleb128 0x12
ARM GAS  /tmp/ccw6Vt5X.s 			page 27


 1444 05b9 637000   		.ascii	"cp\000"
 1445 05bc 02       		.byte	0x2
 1446 05bd 3B       		.byte	0x3b
 1447 05be C6050000 		.4byte	0x5c6
 1448 05c2 02       		.uleb128 0x2
 1449 05c3 91       		.byte	0x91
 1450 05c4 74       		.sleb128 -12
 1451 05c5 00       		.byte	0
 1452 05c6 09       		.uleb128 0x9
 1453 05c7 04       		.byte	0x4
 1454 05c8 CC040000 		.4byte	0x4cc
 1455 05cc 15       		.uleb128 0x15
 1456 05cd CD000000 		.4byte	.LASF73
 1457 05d1 02       		.byte	0x2
 1458 05d2 49       		.byte	0x49
 1459 05d3 00000000 		.4byte	.LFB8
 1460 05d7 4C000000 		.4byte	.LFE8-.LFB8
 1461 05db 01       		.uleb128 0x1
 1462 05dc 9C       		.byte	0x9c
 1463 05dd 21060000 		.4byte	0x621
 1464 05e1 12       		.uleb128 0x12
 1465 05e2 637000   		.ascii	"cp\000"
 1466 05e5 02       		.byte	0x2
 1467 05e6 49       		.byte	0x49
 1468 05e7 C6050000 		.4byte	0x5c6
 1469 05eb 02       		.uleb128 0x2
 1470 05ec 91       		.byte	0x91
 1471 05ed 74       		.sleb128 -12
 1472 05ee 16       		.uleb128 0x16
 1473 05ef 12000000 		.4byte	.LBB2
 1474 05f3 06000000 		.4byte	.LBE2-.LBB2
 1475 05f7 09060000 		.4byte	0x609
 1476 05fb 13       		.uleb128 0x13
 1477 05fc 746D7000 		.ascii	"tmp\000"
 1478 0600 02       		.byte	0x2
 1479 0601 4D       		.byte	0x4d
 1480 0602 A9000000 		.4byte	0xa9
 1481 0606 01       		.uleb128 0x1
 1482 0607 53       		.byte	0x53
 1483 0608 00       		.byte	0
 1484 0609 17       		.uleb128 0x17
 1485 060a 3C000000 		.4byte	.LBB3
 1486 060e 06000000 		.4byte	.LBE3-.LBB3
 1487 0612 13       		.uleb128 0x13
 1488 0613 746D7000 		.ascii	"tmp\000"
 1489 0617 02       		.byte	0x2
 1490 0618 50       		.byte	0x50
 1491 0619 A9000000 		.4byte	0xa9
 1492 061d 01       		.uleb128 0x1
 1493 061e 53       		.byte	0x53
 1494 061f 00       		.byte	0
 1495 0620 00       		.byte	0
 1496 0621 15       		.uleb128 0x15
 1497 0622 15020000 		.4byte	.LASF74
 1498 0626 02       		.byte	0x2
 1499 0627 5E       		.byte	0x5e
 1500 0628 00000000 		.4byte	.LFB9
ARM GAS  /tmp/ccw6Vt5X.s 			page 28


 1501 062c 40000000 		.4byte	.LFE9-.LFB9
 1502 0630 01       		.uleb128 0x1
 1503 0631 9C       		.byte	0x9c
 1504 0632 44060000 		.4byte	0x644
 1505 0636 12       		.uleb128 0x12
 1506 0637 637000   		.ascii	"cp\000"
 1507 063a 02       		.byte	0x2
 1508 063b 5E       		.byte	0x5e
 1509 063c C6050000 		.4byte	0x5c6
 1510 0640 02       		.uleb128 0x2
 1511 0641 91       		.byte	0x91
 1512 0642 74       		.sleb128 -12
 1513 0643 00       		.byte	0
 1514 0644 15       		.uleb128 0x15
 1515 0645 E3010000 		.4byte	.LASF75
 1516 0649 02       		.byte	0x2
 1517 064a 6E       		.byte	0x6e
 1518 064b 00000000 		.4byte	.LFB10
 1519 064f 2A000000 		.4byte	.LFE10-.LFB10
 1520 0653 01       		.uleb128 0x1
 1521 0654 9C       		.byte	0x9c
 1522 0655 99060000 		.4byte	0x699
 1523 0659 12       		.uleb128 0x12
 1524 065a 637000   		.ascii	"cp\000"
 1525 065d 02       		.byte	0x2
 1526 065e 6E       		.byte	0x6e
 1527 065f C6050000 		.4byte	0x5c6
 1528 0663 02       		.uleb128 0x2
 1529 0664 91       		.byte	0x91
 1530 0665 74       		.sleb128 -12
 1531 0666 16       		.uleb128 0x16
 1532 0667 06000000 		.4byte	.LBB4
 1533 066b 06000000 		.4byte	.LBE4-.LBB4
 1534 066f 81060000 		.4byte	0x681
 1535 0673 13       		.uleb128 0x13
 1536 0674 746D7000 		.ascii	"tmp\000"
 1537 0678 02       		.byte	0x2
 1538 0679 70       		.byte	0x70
 1539 067a A9000000 		.4byte	0xa9
 1540 067e 01       		.uleb128 0x1
 1541 067f 53       		.byte	0x53
 1542 0680 00       		.byte	0
 1543 0681 17       		.uleb128 0x17
 1544 0682 1E000000 		.4byte	.LBB5
 1545 0686 06000000 		.4byte	.LBE5-.LBB5
 1546 068a 13       		.uleb128 0x13
 1547 068b 746D7000 		.ascii	"tmp\000"
 1548 068f 02       		.byte	0x2
 1549 0690 73       		.byte	0x73
 1550 0691 A9000000 		.4byte	0xa9
 1551 0695 01       		.uleb128 0x1
 1552 0696 53       		.byte	0x53
 1553 0697 00       		.byte	0
 1554 0698 00       		.byte	0
 1555 0699 15       		.uleb128 0x15
 1556 069a 42000000 		.4byte	.LASF76
 1557 069e 02       		.byte	0x2
ARM GAS  /tmp/ccw6Vt5X.s 			page 29


 1558 069f 81       		.byte	0x81
 1559 06a0 00000000 		.4byte	.LFB11
 1560 06a4 48000000 		.4byte	.LFE11-.LFB11
 1561 06a8 01       		.uleb128 0x1
 1562 06a9 9C       		.byte	0x9c
 1563 06aa BC060000 		.4byte	0x6bc
 1564 06ae 12       		.uleb128 0x12
 1565 06af 637000   		.ascii	"cp\000"
 1566 06b2 02       		.byte	0x2
 1567 06b3 81       		.byte	0x81
 1568 06b4 C6050000 		.4byte	0x5c6
 1569 06b8 02       		.uleb128 0x2
 1570 06b9 91       		.byte	0x91
 1571 06ba 74       		.sleb128 -12
 1572 06bb 00       		.byte	0
 1573 06bc 18       		.uleb128 0x18
 1574 06bd E4030000 		.4byte	.LASF77
 1575 06c1 02       		.byte	0x2
 1576 06c2 9E       		.byte	0x9e
 1577 06c3 FD000000 		.4byte	0xfd
 1578 06c7 00000000 		.4byte	.LFB12
 1579 06cb 2C000000 		.4byte	.LFE12-.LFB12
 1580 06cf 01       		.uleb128 0x1
 1581 06d0 9C       		.byte	0x9c
 1582 06d1 23070000 		.4byte	0x723
 1583 06d5 12       		.uleb128 0x12
 1584 06d6 637000   		.ascii	"cp\000"
 1585 06d9 02       		.byte	0x2
 1586 06da 9E       		.byte	0x9e
 1587 06db C6050000 		.4byte	0x5c6
 1588 06df 02       		.uleb128 0x2
 1589 06e0 91       		.byte	0x91
 1590 06e1 6C       		.sleb128 -20
 1591 06e2 13       		.uleb128 0x13
 1592 06e3 6D736700 		.ascii	"msg\000"
 1593 06e7 02       		.byte	0x2
 1594 06e8 9F       		.byte	0x9f
 1595 06e9 FD000000 		.4byte	0xfd
 1596 06ed 02       		.uleb128 0x2
 1597 06ee 91       		.byte	0x91
 1598 06ef 74       		.sleb128 -12
 1599 06f0 16       		.uleb128 0x16
 1600 06f1 06000000 		.4byte	.LBB6
 1601 06f5 06000000 		.4byte	.LBE6-.LBB6
 1602 06f9 0B070000 		.4byte	0x70b
 1603 06fd 13       		.uleb128 0x13
 1604 06fe 746D7000 		.ascii	"tmp\000"
 1605 0702 02       		.byte	0x2
 1606 0703 A1       		.byte	0xa1
 1607 0704 A9000000 		.4byte	0xa9
 1608 0708 01       		.uleb128 0x1
 1609 0709 53       		.byte	0x53
 1610 070a 00       		.byte	0
 1611 070b 17       		.uleb128 0x17
 1612 070c 1C000000 		.4byte	.LBB7
 1613 0710 06000000 		.4byte	.LBE7-.LBB7
 1614 0714 13       		.uleb128 0x13
ARM GAS  /tmp/ccw6Vt5X.s 			page 30


 1615 0715 746D7000 		.ascii	"tmp\000"
 1616 0719 02       		.byte	0x2
 1617 071a A3       		.byte	0xa3
 1618 071b A9000000 		.4byte	0xa9
 1619 071f 01       		.uleb128 0x1
 1620 0720 53       		.byte	0x53
 1621 0721 00       		.byte	0
 1622 0722 00       		.byte	0
 1623 0723 18       		.uleb128 0x18
 1624 0724 A6030000 		.4byte	.LASF78
 1625 0728 02       		.byte	0x2
 1626 0729 B8       		.byte	0xb8
 1627 072a FD000000 		.4byte	0xfd
 1628 072e 00000000 		.4byte	.LFB13
 1629 0732 68000000 		.4byte	.LFE13-.LFB13
 1630 0736 01       		.uleb128 0x1
 1631 0737 9C       		.byte	0x9c
 1632 0738 73070000 		.4byte	0x773
 1633 073c 12       		.uleb128 0x12
 1634 073d 637000   		.ascii	"cp\000"
 1635 0740 02       		.byte	0x2
 1636 0741 B8       		.byte	0xb8
 1637 0742 C6050000 		.4byte	0x5c6
 1638 0746 02       		.uleb128 0x2
 1639 0747 91       		.byte	0x91
 1640 0748 64       		.sleb128 -28
 1641 0749 13       		.uleb128 0x13
 1642 074a 63747000 		.ascii	"ctp\000"
 1643 074e 02       		.byte	0x2
 1644 074f B9       		.byte	0xb9
 1645 0750 53020000 		.4byte	0x253
 1646 0754 02       		.uleb128 0x2
 1647 0755 91       		.byte	0x91
 1648 0756 74       		.sleb128 -12
 1649 0757 13       		.uleb128 0x13
 1650 0758 6D7000   		.ascii	"mp\000"
 1651 075b 02       		.byte	0x2
 1652 075c BA       		.byte	0xba
 1653 075d 24050000 		.4byte	0x524
 1654 0761 02       		.uleb128 0x2
 1655 0762 91       		.byte	0x91
 1656 0763 70       		.sleb128 -16
 1657 0764 13       		.uleb128 0x13
 1658 0765 6D736700 		.ascii	"msg\000"
 1659 0769 02       		.byte	0x2
 1660 076a BB       		.byte	0xbb
 1661 076b FD000000 		.4byte	0xfd
 1662 076f 02       		.uleb128 0x2
 1663 0770 91       		.byte	0x91
 1664 0771 6C       		.sleb128 -20
 1665 0772 00       		.byte	0
 1666 0773 18       		.uleb128 0x18
 1667 0774 3C040000 		.4byte	.LASF79
 1668 0778 02       		.byte	0x2
 1669 0779 E9       		.byte	0xe9
 1670 077a FD000000 		.4byte	0xfd
 1671 077e 00000000 		.4byte	.LFB14
ARM GAS  /tmp/ccw6Vt5X.s 			page 31


 1672 0782 30000000 		.4byte	.LFE14-.LFB14
 1673 0786 01       		.uleb128 0x1
 1674 0787 9C       		.byte	0x9c
 1675 0788 E8070000 		.4byte	0x7e8
 1676 078c 12       		.uleb128 0x12
 1677 078d 637000   		.ascii	"cp\000"
 1678 0790 02       		.byte	0x2
 1679 0791 E9       		.byte	0xe9
 1680 0792 C6050000 		.4byte	0x5c6
 1681 0796 02       		.uleb128 0x2
 1682 0797 91       		.byte	0x91
 1683 0798 6C       		.sleb128 -20
 1684 0799 19       		.uleb128 0x19
 1685 079a CC010000 		.4byte	.LASF80
 1686 079e 02       		.byte	0x2
 1687 079f E9       		.byte	0xe9
 1688 07a0 13010000 		.4byte	0x113
 1689 07a4 02       		.uleb128 0x2
 1690 07a5 91       		.byte	0x91
 1691 07a6 68       		.sleb128 -24
 1692 07a7 13       		.uleb128 0x13
 1693 07a8 6D736700 		.ascii	"msg\000"
 1694 07ac 02       		.byte	0x2
 1695 07ad EA       		.byte	0xea
 1696 07ae FD000000 		.4byte	0xfd
 1697 07b2 02       		.uleb128 0x2
 1698 07b3 91       		.byte	0x91
 1699 07b4 74       		.sleb128 -12
 1700 07b5 16       		.uleb128 0x16
 1701 07b6 08000000 		.4byte	.LBB8
 1702 07ba 06000000 		.4byte	.LBE8-.LBB8
 1703 07be D0070000 		.4byte	0x7d0
 1704 07c2 13       		.uleb128 0x13
 1705 07c3 746D7000 		.ascii	"tmp\000"
 1706 07c7 02       		.byte	0x2
 1707 07c8 EC       		.byte	0xec
 1708 07c9 A9000000 		.4byte	0xa9
 1709 07cd 01       		.uleb128 0x1
 1710 07ce 53       		.byte	0x53
 1711 07cf 00       		.byte	0
 1712 07d0 17       		.uleb128 0x17
 1713 07d1 20000000 		.4byte	.LBB9
 1714 07d5 06000000 		.4byte	.LBE9-.LBB9
 1715 07d9 13       		.uleb128 0x13
 1716 07da 746D7000 		.ascii	"tmp\000"
 1717 07de 02       		.byte	0x2
 1718 07df EE       		.byte	0xee
 1719 07e0 A9000000 		.4byte	0xa9
 1720 07e4 01       		.uleb128 0x1
 1721 07e5 53       		.byte	0x53
 1722 07e6 00       		.byte	0
 1723 07e7 00       		.byte	0
 1724 07e8 1A       		.uleb128 0x1a
 1725 07e9 9E010000 		.4byte	.LASF81
 1726 07ed 02       		.byte	0x2
 1727 07ee 0E01     		.2byte	0x10e
 1728 07f0 FD000000 		.4byte	0xfd
ARM GAS  /tmp/ccw6Vt5X.s 			page 32


 1729 07f4 00000000 		.4byte	.LFB15
 1730 07f8 78000000 		.4byte	.LFE15-.LFB15
 1731 07fc 01       		.uleb128 0x1
 1732 07fd 9C       		.byte	0x9c
 1733 07fe 3D080000 		.4byte	0x83d
 1734 0802 1B       		.uleb128 0x1b
 1735 0803 637000   		.ascii	"cp\000"
 1736 0806 02       		.byte	0x2
 1737 0807 0E01     		.2byte	0x10e
 1738 0809 C6050000 		.4byte	0x5c6
 1739 080d 02       		.uleb128 0x2
 1740 080e 91       		.byte	0x91
 1741 080f 6C       		.sleb128 -20
 1742 0810 1C       		.uleb128 0x1c
 1743 0811 CC010000 		.4byte	.LASF80
 1744 0815 02       		.byte	0x2
 1745 0816 0E01     		.2byte	0x10e
 1746 0818 13010000 		.4byte	0x113
 1747 081c 02       		.uleb128 0x2
 1748 081d 91       		.byte	0x91
 1749 081e 68       		.sleb128 -24
 1750 081f 1D       		.uleb128 0x1d
 1751 0820 6D7000   		.ascii	"mp\000"
 1752 0823 02       		.byte	0x2
 1753 0824 0F01     		.2byte	0x10f
 1754 0826 24050000 		.4byte	0x524
 1755 082a 02       		.uleb128 0x2
 1756 082b 91       		.byte	0x91
 1757 082c 74       		.sleb128 -12
 1758 082d 1D       		.uleb128 0x1d
 1759 082e 6D736700 		.ascii	"msg\000"
 1760 0832 02       		.byte	0x2
 1761 0833 1001     		.2byte	0x110
 1762 0835 FD000000 		.4byte	0xfd
 1763 0839 02       		.uleb128 0x2
 1764 083a 91       		.byte	0x91
 1765 083b 70       		.sleb128 -16
 1766 083c 00       		.byte	0
 1767 083d 1E       		.uleb128 0x1e
 1768 083e 19040000 		.4byte	.LASF86
 1769 0842 09       		.byte	0x9
 1770 0843 6F       		.byte	0x6f
 1771 0844 66040000 		.4byte	0x466
 1772 0848 00       		.byte	0
 1773              		.section	.debug_abbrev,"",%progbits
 1774              	.Ldebug_abbrev0:
 1775 0000 01       		.uleb128 0x1
 1776 0001 11       		.uleb128 0x11
 1777 0002 01       		.byte	0x1
 1778 0003 25       		.uleb128 0x25
 1779 0004 0E       		.uleb128 0xe
 1780 0005 13       		.uleb128 0x13
 1781 0006 0B       		.uleb128 0xb
 1782 0007 03       		.uleb128 0x3
 1783 0008 0E       		.uleb128 0xe
 1784 0009 55       		.uleb128 0x55
 1785 000a 17       		.uleb128 0x17
ARM GAS  /tmp/ccw6Vt5X.s 			page 33


 1786 000b 11       		.uleb128 0x11
 1787 000c 01       		.uleb128 0x1
 1788 000d 10       		.uleb128 0x10
 1789 000e 17       		.uleb128 0x17
 1790 000f 00       		.byte	0
 1791 0010 00       		.byte	0
 1792 0011 02       		.uleb128 0x2
 1793 0012 24       		.uleb128 0x24
 1794 0013 00       		.byte	0
 1795 0014 0B       		.uleb128 0xb
 1796 0015 0B       		.uleb128 0xb
 1797 0016 3E       		.uleb128 0x3e
 1798 0017 0B       		.uleb128 0xb
 1799 0018 03       		.uleb128 0x3
 1800 0019 08       		.uleb128 0x8
 1801 001a 00       		.byte	0
 1802 001b 00       		.byte	0
 1803 001c 03       		.uleb128 0x3
 1804 001d 24       		.uleb128 0x24
 1805 001e 00       		.byte	0
 1806 001f 0B       		.uleb128 0xb
 1807 0020 0B       		.uleb128 0xb
 1808 0021 3E       		.uleb128 0x3e
 1809 0022 0B       		.uleb128 0xb
 1810 0023 03       		.uleb128 0x3
 1811 0024 0E       		.uleb128 0xe
 1812 0025 00       		.byte	0
 1813 0026 00       		.byte	0
 1814 0027 04       		.uleb128 0x4
 1815 0028 16       		.uleb128 0x16
 1816 0029 00       		.byte	0
 1817 002a 03       		.uleb128 0x3
 1818 002b 0E       		.uleb128 0xe
 1819 002c 3A       		.uleb128 0x3a
 1820 002d 0B       		.uleb128 0xb
 1821 002e 3B       		.uleb128 0x3b
 1822 002f 0B       		.uleb128 0xb
 1823 0030 49       		.uleb128 0x49
 1824 0031 13       		.uleb128 0x13
 1825 0032 00       		.byte	0
 1826 0033 00       		.byte	0
 1827 0034 05       		.uleb128 0x5
 1828 0035 13       		.uleb128 0x13
 1829 0036 01       		.byte	0x1
 1830 0037 03       		.uleb128 0x3
 1831 0038 0E       		.uleb128 0xe
 1832 0039 0B       		.uleb128 0xb
 1833 003a 0B       		.uleb128 0xb
 1834 003b 3A       		.uleb128 0x3a
 1835 003c 0B       		.uleb128 0xb
 1836 003d 3B       		.uleb128 0x3b
 1837 003e 0B       		.uleb128 0xb
 1838 003f 01       		.uleb128 0x1
 1839 0040 13       		.uleb128 0x13
 1840 0041 00       		.byte	0
 1841 0042 00       		.byte	0
 1842 0043 06       		.uleb128 0x6
ARM GAS  /tmp/ccw6Vt5X.s 			page 34


 1843 0044 0D       		.uleb128 0xd
 1844 0045 00       		.byte	0
 1845 0046 03       		.uleb128 0x3
 1846 0047 0E       		.uleb128 0xe
 1847 0048 3A       		.uleb128 0x3a
 1848 0049 0B       		.uleb128 0xb
 1849 004a 3B       		.uleb128 0x3b
 1850 004b 0B       		.uleb128 0xb
 1851 004c 49       		.uleb128 0x49
 1852 004d 13       		.uleb128 0x13
 1853 004e 38       		.uleb128 0x38
 1854 004f 0B       		.uleb128 0xb
 1855 0050 00       		.byte	0
 1856 0051 00       		.byte	0
 1857 0052 07       		.uleb128 0x7
 1858 0053 0D       		.uleb128 0xd
 1859 0054 00       		.byte	0
 1860 0055 03       		.uleb128 0x3
 1861 0056 08       		.uleb128 0x8
 1862 0057 3A       		.uleb128 0x3a
 1863 0058 0B       		.uleb128 0xb
 1864 0059 3B       		.uleb128 0x3b
 1865 005a 0B       		.uleb128 0xb
 1866 005b 49       		.uleb128 0x49
 1867 005c 13       		.uleb128 0x13
 1868 005d 38       		.uleb128 0x38
 1869 005e 0B       		.uleb128 0xb
 1870 005f 00       		.byte	0
 1871 0060 00       		.byte	0
 1872 0061 08       		.uleb128 0x8
 1873 0062 13       		.uleb128 0x13
 1874 0063 01       		.byte	0x1
 1875 0064 0B       		.uleb128 0xb
 1876 0065 0B       		.uleb128 0xb
 1877 0066 3A       		.uleb128 0x3a
 1878 0067 0B       		.uleb128 0xb
 1879 0068 3B       		.uleb128 0x3b
 1880 0069 0B       		.uleb128 0xb
 1881 006a 01       		.uleb128 0x1
 1882 006b 13       		.uleb128 0x13
 1883 006c 00       		.byte	0
 1884 006d 00       		.byte	0
 1885 006e 09       		.uleb128 0x9
 1886 006f 0F       		.uleb128 0xf
 1887 0070 00       		.byte	0
 1888 0071 0B       		.uleb128 0xb
 1889 0072 0B       		.uleb128 0xb
 1890 0073 49       		.uleb128 0x49
 1891 0074 13       		.uleb128 0x13
 1892 0075 00       		.byte	0
 1893 0076 00       		.byte	0
 1894 0077 0A       		.uleb128 0xa
 1895 0078 0F       		.uleb128 0xf
 1896 0079 00       		.byte	0
 1897 007a 0B       		.uleb128 0xb
 1898 007b 0B       		.uleb128 0xb
 1899 007c 00       		.byte	0
ARM GAS  /tmp/ccw6Vt5X.s 			page 35


 1900 007d 00       		.byte	0
 1901 007e 0B       		.uleb128 0xb
 1902 007f 13       		.uleb128 0x13
 1903 0080 01       		.byte	0x1
 1904 0081 03       		.uleb128 0x3
 1905 0082 0E       		.uleb128 0xe
 1906 0083 0B       		.uleb128 0xb
 1907 0084 0B       		.uleb128 0xb
 1908 0085 3A       		.uleb128 0x3a
 1909 0086 0B       		.uleb128 0xb
 1910 0087 3B       		.uleb128 0x3b
 1911 0088 05       		.uleb128 0x5
 1912 0089 01       		.uleb128 0x1
 1913 008a 13       		.uleb128 0x13
 1914 008b 00       		.byte	0
 1915 008c 00       		.byte	0
 1916 008d 0C       		.uleb128 0xc
 1917 008e 0D       		.uleb128 0xd
 1918 008f 00       		.byte	0
 1919 0090 03       		.uleb128 0x3
 1920 0091 08       		.uleb128 0x8
 1921 0092 3A       		.uleb128 0x3a
 1922 0093 0B       		.uleb128 0xb
 1923 0094 3B       		.uleb128 0x3b
 1924 0095 05       		.uleb128 0x5
 1925 0096 49       		.uleb128 0x49
 1926 0097 13       		.uleb128 0x13
 1927 0098 38       		.uleb128 0x38
 1928 0099 0B       		.uleb128 0xb
 1929 009a 00       		.byte	0
 1930 009b 00       		.byte	0
 1931 009c 0D       		.uleb128 0xd
 1932 009d 35       		.uleb128 0x35
 1933 009e 00       		.byte	0
 1934 009f 49       		.uleb128 0x49
 1935 00a0 13       		.uleb128 0x13
 1936 00a1 00       		.byte	0
 1937 00a2 00       		.byte	0
 1938 00a3 0E       		.uleb128 0xe
 1939 00a4 17       		.uleb128 0x17
 1940 00a5 01       		.byte	0x1
 1941 00a6 0B       		.uleb128 0xb
 1942 00a7 0B       		.uleb128 0xb
 1943 00a8 3A       		.uleb128 0x3a
 1944 00a9 0B       		.uleb128 0xb
 1945 00aa 3B       		.uleb128 0x3b
 1946 00ab 0B       		.uleb128 0xb
 1947 00ac 01       		.uleb128 0x1
 1948 00ad 13       		.uleb128 0x13
 1949 00ae 00       		.byte	0
 1950 00af 00       		.byte	0
 1951 00b0 0F       		.uleb128 0xf
 1952 00b1 0D       		.uleb128 0xd
 1953 00b2 00       		.byte	0
 1954 00b3 03       		.uleb128 0x3
 1955 00b4 0E       		.uleb128 0xe
 1956 00b5 3A       		.uleb128 0x3a
ARM GAS  /tmp/ccw6Vt5X.s 			page 36


 1957 00b6 0B       		.uleb128 0xb
 1958 00b7 3B       		.uleb128 0x3b
 1959 00b8 0B       		.uleb128 0xb
 1960 00b9 49       		.uleb128 0x49
 1961 00ba 13       		.uleb128 0x13
 1962 00bb 00       		.byte	0
 1963 00bc 00       		.byte	0
 1964 00bd 10       		.uleb128 0x10
 1965 00be 26       		.uleb128 0x26
 1966 00bf 00       		.byte	0
 1967 00c0 49       		.uleb128 0x49
 1968 00c1 13       		.uleb128 0x13
 1969 00c2 00       		.byte	0
 1970 00c3 00       		.byte	0
 1971 00c4 11       		.uleb128 0x11
 1972 00c5 2E       		.uleb128 0x2e
 1973 00c6 01       		.byte	0x1
 1974 00c7 03       		.uleb128 0x3
 1975 00c8 0E       		.uleb128 0xe
 1976 00c9 3A       		.uleb128 0x3a
 1977 00ca 0B       		.uleb128 0xb
 1978 00cb 3B       		.uleb128 0x3b
 1979 00cc 0B       		.uleb128 0xb
 1980 00cd 27       		.uleb128 0x27
 1981 00ce 19       		.uleb128 0x19
 1982 00cf 11       		.uleb128 0x11
 1983 00d0 01       		.uleb128 0x1
 1984 00d1 12       		.uleb128 0x12
 1985 00d2 06       		.uleb128 0x6
 1986 00d3 40       		.uleb128 0x40
 1987 00d4 18       		.uleb128 0x18
 1988 00d5 9742     		.uleb128 0x2117
 1989 00d7 19       		.uleb128 0x19
 1990 00d8 01       		.uleb128 0x1
 1991 00d9 13       		.uleb128 0x13
 1992 00da 00       		.byte	0
 1993 00db 00       		.byte	0
 1994 00dc 12       		.uleb128 0x12
 1995 00dd 05       		.uleb128 0x5
 1996 00de 00       		.byte	0
 1997 00df 03       		.uleb128 0x3
 1998 00e0 08       		.uleb128 0x8
 1999 00e1 3A       		.uleb128 0x3a
 2000 00e2 0B       		.uleb128 0xb
 2001 00e3 3B       		.uleb128 0x3b
 2002 00e4 0B       		.uleb128 0xb
 2003 00e5 49       		.uleb128 0x49
 2004 00e6 13       		.uleb128 0x13
 2005 00e7 02       		.uleb128 0x2
 2006 00e8 18       		.uleb128 0x18
 2007 00e9 00       		.byte	0
 2008 00ea 00       		.byte	0
 2009 00eb 13       		.uleb128 0x13
 2010 00ec 34       		.uleb128 0x34
 2011 00ed 00       		.byte	0
 2012 00ee 03       		.uleb128 0x3
 2013 00ef 08       		.uleb128 0x8
ARM GAS  /tmp/ccw6Vt5X.s 			page 37


 2014 00f0 3A       		.uleb128 0x3a
 2015 00f1 0B       		.uleb128 0xb
 2016 00f2 3B       		.uleb128 0x3b
 2017 00f3 0B       		.uleb128 0xb
 2018 00f4 49       		.uleb128 0x49
 2019 00f5 13       		.uleb128 0x13
 2020 00f6 02       		.uleb128 0x2
 2021 00f7 18       		.uleb128 0x18
 2022 00f8 00       		.byte	0
 2023 00f9 00       		.byte	0
 2024 00fa 14       		.uleb128 0x14
 2025 00fb 2E       		.uleb128 0x2e
 2026 00fc 01       		.byte	0x1
 2027 00fd 03       		.uleb128 0x3
 2028 00fe 0E       		.uleb128 0xe
 2029 00ff 3A       		.uleb128 0x3a
 2030 0100 0B       		.uleb128 0xb
 2031 0101 3B       		.uleb128 0x3b
 2032 0102 0B       		.uleb128 0xb
 2033 0103 27       		.uleb128 0x27
 2034 0104 19       		.uleb128 0x19
 2035 0105 49       		.uleb128 0x49
 2036 0106 13       		.uleb128 0x13
 2037 0107 11       		.uleb128 0x11
 2038 0108 01       		.uleb128 0x1
 2039 0109 12       		.uleb128 0x12
 2040 010a 06       		.uleb128 0x6
 2041 010b 40       		.uleb128 0x40
 2042 010c 18       		.uleb128 0x18
 2043 010d 9742     		.uleb128 0x2117
 2044 010f 19       		.uleb128 0x19
 2045 0110 01       		.uleb128 0x1
 2046 0111 13       		.uleb128 0x13
 2047 0112 00       		.byte	0
 2048 0113 00       		.byte	0
 2049 0114 15       		.uleb128 0x15
 2050 0115 2E       		.uleb128 0x2e
 2051 0116 01       		.byte	0x1
 2052 0117 3F       		.uleb128 0x3f
 2053 0118 19       		.uleb128 0x19
 2054 0119 03       		.uleb128 0x3
 2055 011a 0E       		.uleb128 0xe
 2056 011b 3A       		.uleb128 0x3a
 2057 011c 0B       		.uleb128 0xb
 2058 011d 3B       		.uleb128 0x3b
 2059 011e 0B       		.uleb128 0xb
 2060 011f 27       		.uleb128 0x27
 2061 0120 19       		.uleb128 0x19
 2062 0121 11       		.uleb128 0x11
 2063 0122 01       		.uleb128 0x1
 2064 0123 12       		.uleb128 0x12
 2065 0124 06       		.uleb128 0x6
 2066 0125 40       		.uleb128 0x40
 2067 0126 18       		.uleb128 0x18
 2068 0127 9642     		.uleb128 0x2116
 2069 0129 19       		.uleb128 0x19
 2070 012a 01       		.uleb128 0x1
ARM GAS  /tmp/ccw6Vt5X.s 			page 38


 2071 012b 13       		.uleb128 0x13
 2072 012c 00       		.byte	0
 2073 012d 00       		.byte	0
 2074 012e 16       		.uleb128 0x16
 2075 012f 0B       		.uleb128 0xb
 2076 0130 01       		.byte	0x1
 2077 0131 11       		.uleb128 0x11
 2078 0132 01       		.uleb128 0x1
 2079 0133 12       		.uleb128 0x12
 2080 0134 06       		.uleb128 0x6
 2081 0135 01       		.uleb128 0x1
 2082 0136 13       		.uleb128 0x13
 2083 0137 00       		.byte	0
 2084 0138 00       		.byte	0
 2085 0139 17       		.uleb128 0x17
 2086 013a 0B       		.uleb128 0xb
 2087 013b 01       		.byte	0x1
 2088 013c 11       		.uleb128 0x11
 2089 013d 01       		.uleb128 0x1
 2090 013e 12       		.uleb128 0x12
 2091 013f 06       		.uleb128 0x6
 2092 0140 00       		.byte	0
 2093 0141 00       		.byte	0
 2094 0142 18       		.uleb128 0x18
 2095 0143 2E       		.uleb128 0x2e
 2096 0144 01       		.byte	0x1
 2097 0145 3F       		.uleb128 0x3f
 2098 0146 19       		.uleb128 0x19
 2099 0147 03       		.uleb128 0x3
 2100 0148 0E       		.uleb128 0xe
 2101 0149 3A       		.uleb128 0x3a
 2102 014a 0B       		.uleb128 0xb
 2103 014b 3B       		.uleb128 0x3b
 2104 014c 0B       		.uleb128 0xb
 2105 014d 27       		.uleb128 0x27
 2106 014e 19       		.uleb128 0x19
 2107 014f 49       		.uleb128 0x49
 2108 0150 13       		.uleb128 0x13
 2109 0151 11       		.uleb128 0x11
 2110 0152 01       		.uleb128 0x1
 2111 0153 12       		.uleb128 0x12
 2112 0154 06       		.uleb128 0x6
 2113 0155 40       		.uleb128 0x40
 2114 0156 18       		.uleb128 0x18
 2115 0157 9642     		.uleb128 0x2116
 2116 0159 19       		.uleb128 0x19
 2117 015a 01       		.uleb128 0x1
 2118 015b 13       		.uleb128 0x13
 2119 015c 00       		.byte	0
 2120 015d 00       		.byte	0
 2121 015e 19       		.uleb128 0x19
 2122 015f 05       		.uleb128 0x5
 2123 0160 00       		.byte	0
 2124 0161 03       		.uleb128 0x3
 2125 0162 0E       		.uleb128 0xe
 2126 0163 3A       		.uleb128 0x3a
 2127 0164 0B       		.uleb128 0xb
ARM GAS  /tmp/ccw6Vt5X.s 			page 39


 2128 0165 3B       		.uleb128 0x3b
 2129 0166 0B       		.uleb128 0xb
 2130 0167 49       		.uleb128 0x49
 2131 0168 13       		.uleb128 0x13
 2132 0169 02       		.uleb128 0x2
 2133 016a 18       		.uleb128 0x18
 2134 016b 00       		.byte	0
 2135 016c 00       		.byte	0
 2136 016d 1A       		.uleb128 0x1a
 2137 016e 2E       		.uleb128 0x2e
 2138 016f 01       		.byte	0x1
 2139 0170 3F       		.uleb128 0x3f
 2140 0171 19       		.uleb128 0x19
 2141 0172 03       		.uleb128 0x3
 2142 0173 0E       		.uleb128 0xe
 2143 0174 3A       		.uleb128 0x3a
 2144 0175 0B       		.uleb128 0xb
 2145 0176 3B       		.uleb128 0x3b
 2146 0177 05       		.uleb128 0x5
 2147 0178 27       		.uleb128 0x27
 2148 0179 19       		.uleb128 0x19
 2149 017a 49       		.uleb128 0x49
 2150 017b 13       		.uleb128 0x13
 2151 017c 11       		.uleb128 0x11
 2152 017d 01       		.uleb128 0x1
 2153 017e 12       		.uleb128 0x12
 2154 017f 06       		.uleb128 0x6
 2155 0180 40       		.uleb128 0x40
 2156 0181 18       		.uleb128 0x18
 2157 0182 9642     		.uleb128 0x2116
 2158 0184 19       		.uleb128 0x19
 2159 0185 01       		.uleb128 0x1
 2160 0186 13       		.uleb128 0x13
 2161 0187 00       		.byte	0
 2162 0188 00       		.byte	0
 2163 0189 1B       		.uleb128 0x1b
 2164 018a 05       		.uleb128 0x5
 2165 018b 00       		.byte	0
 2166 018c 03       		.uleb128 0x3
 2167 018d 08       		.uleb128 0x8
 2168 018e 3A       		.uleb128 0x3a
 2169 018f 0B       		.uleb128 0xb
 2170 0190 3B       		.uleb128 0x3b
 2171 0191 05       		.uleb128 0x5
 2172 0192 49       		.uleb128 0x49
 2173 0193 13       		.uleb128 0x13
 2174 0194 02       		.uleb128 0x2
 2175 0195 18       		.uleb128 0x18
 2176 0196 00       		.byte	0
 2177 0197 00       		.byte	0
 2178 0198 1C       		.uleb128 0x1c
 2179 0199 05       		.uleb128 0x5
 2180 019a 00       		.byte	0
 2181 019b 03       		.uleb128 0x3
 2182 019c 0E       		.uleb128 0xe
 2183 019d 3A       		.uleb128 0x3a
 2184 019e 0B       		.uleb128 0xb
ARM GAS  /tmp/ccw6Vt5X.s 			page 40


 2185 019f 3B       		.uleb128 0x3b
 2186 01a0 05       		.uleb128 0x5
 2187 01a1 49       		.uleb128 0x49
 2188 01a2 13       		.uleb128 0x13
 2189 01a3 02       		.uleb128 0x2
 2190 01a4 18       		.uleb128 0x18
 2191 01a5 00       		.byte	0
 2192 01a6 00       		.byte	0
 2193 01a7 1D       		.uleb128 0x1d
 2194 01a8 34       		.uleb128 0x34
 2195 01a9 00       		.byte	0
 2196 01aa 03       		.uleb128 0x3
 2197 01ab 08       		.uleb128 0x8
 2198 01ac 3A       		.uleb128 0x3a
 2199 01ad 0B       		.uleb128 0xb
 2200 01ae 3B       		.uleb128 0x3b
 2201 01af 05       		.uleb128 0x5
 2202 01b0 49       		.uleb128 0x49
 2203 01b1 13       		.uleb128 0x13
 2204 01b2 02       		.uleb128 0x2
 2205 01b3 18       		.uleb128 0x18
 2206 01b4 00       		.byte	0
 2207 01b5 00       		.byte	0
 2208 01b6 1E       		.uleb128 0x1e
 2209 01b7 34       		.uleb128 0x34
 2210 01b8 00       		.byte	0
 2211 01b9 03       		.uleb128 0x3
 2212 01ba 0E       		.uleb128 0xe
 2213 01bb 3A       		.uleb128 0x3a
 2214 01bc 0B       		.uleb128 0xb
 2215 01bd 3B       		.uleb128 0x3b
 2216 01be 0B       		.uleb128 0xb
 2217 01bf 49       		.uleb128 0x49
 2218 01c0 13       		.uleb128 0x13
 2219 01c1 3F       		.uleb128 0x3f
 2220 01c2 19       		.uleb128 0x19
 2221 01c3 3C       		.uleb128 0x3c
 2222 01c4 19       		.uleb128 0x19
 2223 01c5 00       		.byte	0
 2224 01c6 00       		.byte	0
 2225 01c7 00       		.byte	0
 2226              		.section	.debug_aranges,"",%progbits
 2227 0000 6C000000 		.4byte	0x6c
 2228 0004 0200     		.2byte	0x2
 2229 0006 00000000 		.4byte	.Ldebug_info0
 2230 000a 04       		.byte	0x4
 2231 000b 00       		.byte	0
 2232 000c 0000     		.2byte	0
 2233 000e 0000     		.2byte	0
 2234 0010 00000000 		.4byte	.LFB0
 2235 0014 46000000 		.4byte	.LFE0-.LFB0
 2236 0018 00000000 		.4byte	.LFB2
 2237 001c 22000000 		.4byte	.LFE2-.LFB2
 2238 0020 00000000 		.4byte	.LFB7
 2239 0024 2C000000 		.4byte	.LFE7-.LFB7
 2240 0028 00000000 		.4byte	.LFB8
 2241 002c 4C000000 		.4byte	.LFE8-.LFB8
ARM GAS  /tmp/ccw6Vt5X.s 			page 41


 2242 0030 00000000 		.4byte	.LFB9
 2243 0034 40000000 		.4byte	.LFE9-.LFB9
 2244 0038 00000000 		.4byte	.LFB10
 2245 003c 2A000000 		.4byte	.LFE10-.LFB10
 2246 0040 00000000 		.4byte	.LFB11
 2247 0044 48000000 		.4byte	.LFE11-.LFB11
 2248 0048 00000000 		.4byte	.LFB12
 2249 004c 2C000000 		.4byte	.LFE12-.LFB12
 2250 0050 00000000 		.4byte	.LFB13
 2251 0054 68000000 		.4byte	.LFE13-.LFB13
 2252 0058 00000000 		.4byte	.LFB14
 2253 005c 30000000 		.4byte	.LFE14-.LFB14
 2254 0060 00000000 		.4byte	.LFB15
 2255 0064 78000000 		.4byte	.LFE15-.LFB15
 2256 0068 00000000 		.4byte	0
 2257 006c 00000000 		.4byte	0
 2258              		.section	.debug_ranges,"",%progbits
 2259              	.Ldebug_ranges0:
 2260 0000 00000000 		.4byte	.LFB0
 2261 0004 46000000 		.4byte	.LFE0
 2262 0008 00000000 		.4byte	.LFB2
 2263 000c 22000000 		.4byte	.LFE2
 2264 0010 00000000 		.4byte	.LFB7
 2265 0014 2C000000 		.4byte	.LFE7
 2266 0018 00000000 		.4byte	.LFB8
 2267 001c 4C000000 		.4byte	.LFE8
 2268 0020 00000000 		.4byte	.LFB9
 2269 0024 40000000 		.4byte	.LFE9
 2270 0028 00000000 		.4byte	.LFB10
 2271 002c 2A000000 		.4byte	.LFE10
 2272 0030 00000000 		.4byte	.LFB11
 2273 0034 48000000 		.4byte	.LFE11
 2274 0038 00000000 		.4byte	.LFB12
 2275 003c 2C000000 		.4byte	.LFE12
 2276 0040 00000000 		.4byte	.LFB13
 2277 0044 68000000 		.4byte	.LFE13
 2278 0048 00000000 		.4byte	.LFB14
 2279 004c 30000000 		.4byte	.LFE14
 2280 0050 00000000 		.4byte	.LFB15
 2281 0054 78000000 		.4byte	.LFE15
 2282 0058 00000000 		.4byte	0
 2283 005c 00000000 		.4byte	0
 2284              		.section	.debug_line,"",%progbits
 2285              	.Ldebug_line0:
 2286 0000 C7020000 		.section	.debug_str,"MS",%progbits,1
 2286      02006D01 
 2286      00000201 
 2286      FB0E0D00 
 2286      01010101 
 2287              	.LASF42:
 2288 0000 705F6D73 		.ascii	"p_msg\000"
 2288      6700
 2289              	.LASF72:
 2290 0006 6368436F 		.ascii	"chCondInit\000"
 2290      6E64496E 
 2290      697400
 2291              	.LASF67:
ARM GAS  /tmp/ccw6Vt5X.s 			page 42


 2292 0011 7264796D 		.ascii	"rdymsg\000"
 2292      736700
 2293              	.LASF16:
 2294 0018 75696E74 		.ascii	"uint64_t\000"
 2294      36345F74 
 2294      00
 2295              	.LASF5:
 2296 0021 5F5F7569 		.ascii	"__uint8_t\000"
 2296      6E74385F 
 2296      7400
 2297              	.LASF12:
 2298 002b 6C6F6E67 		.ascii	"long long unsigned int\000"
 2298      206C6F6E 
 2298      6720756E 
 2298      7369676E 
 2298      65642069 
 2299              	.LASF76:
 2300 0042 6368436F 		.ascii	"chCondBroadcastI\000"
 2300      6E644272 
 2300      6F616463 
 2300      61737449 
 2300      00
 2301              	.LASF29:
 2302 0053 705F7072 		.ascii	"p_prio\000"
 2302      696F00
 2303              	.LASF10:
 2304 005a 6C6F6E67 		.ascii	"long long int\000"
 2304      206C6F6E 
 2304      6720696E 
 2304      7400
 2305              	.LASF1:
 2306 0068 7369676E 		.ascii	"signed char\000"
 2306      65642063 
 2306      68617200 
 2307              	.LASF46:
 2308 0074 705F6D70 		.ascii	"p_mpool\000"
 2308      6F6F6C00 
 2309              	.LASF62:
 2310 007c 6D5F7175 		.ascii	"m_queue\000"
 2310      65756500 
 2311              	.LASF21:
 2312 0084 74736C69 		.ascii	"tslices_t\000"
 2312      6365735F 
 2312      7400
 2313              	.LASF65:
 2314 008e 436F6E64 		.ascii	"CondVar\000"
 2314      56617200 
 2315              	.LASF7:
 2316 0096 6C6F6E67 		.ascii	"long int\000"
 2316      20696E74 
 2316      00
 2317              	.LASF19:
 2318 009f 74737461 		.ascii	"tstate_t\000"
 2318      74655F74 
 2318      00
 2319              	.LASF31:
 2320 00a8 705F6E65 		.ascii	"p_newer\000"
ARM GAS  /tmp/ccw6Vt5X.s 			page 43


 2320      77657200 
 2321              	.LASF68:
 2322 00b0 65786974 		.ascii	"exitcode\000"
 2322      636F6465 
 2322      00
 2323              	.LASF8:
 2324 00b9 5F5F7569 		.ascii	"__uint32_t\000"
 2324      6E743332 
 2324      5F7400
 2325              	.LASF49:
 2326 00c4 72656761 		.ascii	"regarm_t\000"
 2326      726D5F74 
 2326      00
 2327              	.LASF73:
 2328 00cd 6368436F 		.ascii	"chCondSignal\000"
 2328      6E645369 
 2328      676E616C 
 2328      00
 2329              	.LASF34:
 2330 00da 705F7374 		.ascii	"p_stklimit\000"
 2330      6B6C696D 
 2330      697400
 2331              	.LASF0:
 2332 00e5 756E7369 		.ascii	"unsigned int\000"
 2332      676E6564 
 2332      20696E74 
 2332      00
 2333              	.LASF83:
 2334 00f2 2F686F6D 		.ascii	"/home/dave/r2p-sdk/core/ChibiOS/os/kernel/src/chcon"
 2334      652F6461 
 2334      76652F72 
 2334      32702D73 
 2334      646B2F63 
 2335 0125 642E6300 		.ascii	"d.c\000"
 2336              	.LASF9:
 2337 0129 6C6F6E67 		.ascii	"long unsigned int\000"
 2337      20756E73 
 2337      69676E65 
 2337      6420696E 
 2337      7400
 2338              	.LASF52:
 2339 013b 636F6E74 		.ascii	"context\000"
 2339      65787400 
 2340              	.LASF4:
 2341 0143 73686F72 		.ascii	"short unsigned int\000"
 2341      7420756E 
 2341      7369676E 
 2341      65642069 
 2341      6E7400
 2342              	.LASF23:
 2343 0156 6D73675F 		.ascii	"msg_t\000"
 2343      7400
 2344              	.LASF57:
 2345 015c 725F6E65 		.ascii	"r_newer\000"
 2345      77657200 
 2346              	.LASF18:
 2347 0164 746D6F64 		.ascii	"tmode_t\000"
ARM GAS  /tmp/ccw6Vt5X.s 			page 44


 2347      655F7400 
 2348              	.LASF48:
 2349 016c 54687265 		.ascii	"ThreadsList\000"
 2349      6164734C 
 2349      69737400 
 2350              	.LASF24:
 2351 0178 6576656E 		.ascii	"eventmask_t\000"
 2351      746D6173 
 2351      6B5F7400 
 2352              	.LASF61:
 2353 0184 4D757465 		.ascii	"Mutex\000"
 2353      7800
 2354              	.LASF50:
 2355 018a 73746B61 		.ascii	"stkalign_t\000"
 2355      6C69676E 
 2355      5F7400
 2356              	.LASF53:
 2357 0195 73697A65 		.ascii	"sizetype\000"
 2357      74797065 
 2357      00
 2358              	.LASF81:
 2359 019e 6368436F 		.ascii	"chCondWaitTimeoutS\000"
 2359      6E645761 
 2359      69745469 
 2359      6D656F75 
 2359      745300
 2360              	.LASF32:
 2361 01b1 705F6F6C 		.ascii	"p_older\000"
 2361      64657200 
 2362              	.LASF56:
 2363 01b9 725F6374 		.ascii	"r_ctx\000"
 2363      7800
 2364              	.LASF47:
 2365 01bf 54687265 		.ascii	"ThreadsQueue\000"
 2365      61647351 
 2365      75657565 
 2365      00
 2366              	.LASF80:
 2367 01cc 74696D65 		.ascii	"time\000"
 2367      00
 2368              	.LASF59:
 2369 01d1 725F6375 		.ascii	"r_current\000"
 2369      7272656E 
 2369      7400
 2370              	.LASF58:
 2371 01db 725F6F6C 		.ascii	"r_older\000"
 2371      64657200 
 2372              	.LASF75:
 2373 01e3 6368436F 		.ascii	"chCondBroadcast\000"
 2373      6E644272 
 2373      6F616463 
 2373      61737400 
 2374              	.LASF11:
 2375 01f3 5F5F7569 		.ascii	"__uint64_t\000"
 2375      6E743634 
 2375      5F7400
 2376              	.LASF20:
ARM GAS  /tmp/ccw6Vt5X.s 			page 45


 2377 01fe 74726566 		.ascii	"trefs_t\000"
 2377      735F7400 
 2378              	.LASF28:
 2379 0206 705F7072 		.ascii	"p_prev\000"
 2379      657600
 2380              	.LASF22:
 2381 020d 74707269 		.ascii	"tprio_t\000"
 2381      6F5F7400 
 2382              	.LASF74:
 2383 0215 6368436F 		.ascii	"chCondSignalI\000"
 2383      6E645369 
 2383      676E616C 
 2383      4900
 2384              	.LASF17:
 2385 0223 5F426F6F 		.ascii	"_Bool\000"
 2385      6C00
 2386              	.LASF14:
 2387 0229 696E7433 		.ascii	"int32_t\000"
 2387      325F7400 
 2388              	.LASF2:
 2389 0231 756E7369 		.ascii	"unsigned char\000"
 2389      676E6564 
 2389      20636861 
 2389      7200
 2390              	.LASF44:
 2391 023f 705F6D74 		.ascii	"p_mtxlist\000"
 2391      786C6973 
 2391      7400
 2392              	.LASF3:
 2393 0249 73686F72 		.ascii	"short int\000"
 2393      7420696E 
 2393      7400
 2394              	.LASF35:
 2395 0253 705F7374 		.ascii	"p_state\000"
 2395      61746500 
 2396              	.LASF38:
 2397 025b 705F7072 		.ascii	"p_preempt\000"
 2397      65656D70 
 2397      7400
 2398              	.LASF55:
 2399 0265 725F7072 		.ascii	"r_prio\000"
 2399      696F00
 2400              	.LASF82:
 2401 026c 474E5520 		.ascii	"GNU C 4.8.4 20141219 (release) -mcpu=cortex-m4 -mfl"
 2401      4320342E 
 2401      382E3420 
 2401      32303134 
 2401      31323139 
 2402 029f 6F61742D 		.ascii	"oat-abi=hard -mfpu=fpv4-sp-d16 -mno-thumb-interwork"
 2402      6162693D 
 2402      68617264 
 2402      202D6D66 
 2402      70753D66 
 2403 02d2 202D6D74 		.ascii	" -mthumb -ggdb -O0 -fomit-frame-pointer -falign-fun"
 2403      68756D62 
 2403      202D6767 
 2403      6462202D 
ARM GAS  /tmp/ccw6Vt5X.s 			page 46


 2403      4F30202D 
 2404 0305 6374696F 		.ascii	"ctions=16 -ffunction-sections -fdata-sections -fno-"
 2404      6E733D31 
 2404      36202D66 
 2404      66756E63 
 2404      74696F6E 
 2405 0338 636F6D6D 		.ascii	"common -fsingle-precision-constant\000"
 2405      6F6E202D 
 2405      6673696E 
 2405      676C652D 
 2405      70726563 
 2406              	.LASF27:
 2407 035b 705F6E65 		.ascii	"p_next\000"
 2407      787400
 2408              	.LASF36:
 2409 0362 705F666C 		.ascii	"p_flags\000"
 2409      61677300 
 2410              	.LASF26:
 2411 036a 54687265 		.ascii	"Thread\000"
 2411      616400
 2412              	.LASF66:
 2413 0371 635F7175 		.ascii	"c_queue\000"
 2413      65756500 
 2414              	.LASF43:
 2415 0379 705F6570 		.ascii	"p_epending\000"
 2415      656E6469 
 2415      6E6700
 2416              	.LASF15:
 2417 0384 75696E74 		.ascii	"uint32_t\000"
 2417      33325F74 
 2417      00
 2418              	.LASF54:
 2419 038d 725F7175 		.ascii	"r_queue\000"
 2419      65756500 
 2420              	.LASF71:
 2421 0395 63686172 		.ascii	"char\000"
 2421      00
 2422              	.LASF85:
 2423 039a 6669666F 		.ascii	"fifo_remove\000"
 2423      5F72656D 
 2423      6F766500 
 2424              	.LASF78:
 2425 03a6 6368436F 		.ascii	"chCondWaitS\000"
 2425      6E645761 
 2425      69745300 
 2426              	.LASF64:
 2427 03b2 6D5F6E65 		.ascii	"m_next\000"
 2427      787400
 2428              	.LASF25:
 2429 03b9 73797374 		.ascii	"systime_t\000"
 2429      696D655F 
 2429      7400
 2430              	.LASF45:
 2431 03c3 705F7265 		.ascii	"p_realprio\000"
 2431      616C7072 
 2431      696F00
 2432              	.LASF6:
ARM GAS  /tmp/ccw6Vt5X.s 			page 47


 2433 03ce 5F5F696E 		.ascii	"__int32_t\000"
 2433      7433325F 
 2433      7400
 2434              	.LASF84:
 2435 03d8 7072696F 		.ascii	"prio_insert\000"
 2435      5F696E73 
 2435      65727400 
 2436              	.LASF77:
 2437 03e4 6368436F 		.ascii	"chCondWait\000"
 2437      6E645761 
 2437      697400
 2438              	.LASF39:
 2439 03ef 705F7469 		.ascii	"p_time\000"
 2439      6D6500
 2440              	.LASF51:
 2441 03f6 696E7463 		.ascii	"intctx\000"
 2441      747800
 2442              	.LASF41:
 2443 03fd 705F6D73 		.ascii	"p_msgqueue\000"
 2443      67717565 
 2443      756500
 2444              	.LASF37:
 2445 0408 705F7265 		.ascii	"p_refs\000"
 2445      667300
 2446              	.LASF60:
 2447 040f 52656164 		.ascii	"ReadyList\000"
 2447      794C6973 
 2447      7400
 2448              	.LASF86:
 2449 0419 726C6973 		.ascii	"rlist\000"
 2449      7400
 2450              	.LASF13:
 2451 041f 75696E74 		.ascii	"uint8_t\000"
 2451      385F7400 
 2452              	.LASF70:
 2453 0427 65776D61 		.ascii	"ewmask\000"
 2453      736B00
 2454              	.LASF69:
 2455 042e 77746F62 		.ascii	"wtobjp\000"
 2455      6A7000
 2456              	.LASF33:
 2457 0435 705F6E61 		.ascii	"p_name\000"
 2457      6D6500
 2458              	.LASF79:
 2459 043c 6368436F 		.ascii	"chCondWaitTimeout\000"
 2459      6E645761 
 2459      69745469 
 2459      6D656F75 
 2459      7400
 2460              	.LASF63:
 2461 044e 6D5F6F77 		.ascii	"m_owner\000"
 2461      6E657200 
 2462              	.LASF30:
 2463 0456 705F6374 		.ascii	"p_ctx\000"
 2463      7800
 2464              	.LASF40:
 2465 045c 705F7761 		.ascii	"p_waiting\000"
ARM GAS  /tmp/ccw6Vt5X.s 			page 48


 2465      6974696E 
 2465      6700
 2466              		.ident	"GCC: (4.8.4-1+11-1) 4.8.4 20141219 (release)"
ARM GAS  /tmp/ccw6Vt5X.s 			page 49


DEFINED SYMBOLS
                            *ABS*:0000000000000000 chcond.c
     /tmp/ccw6Vt5X.s:21     .text.prio_insert:0000000000000000 $t
     /tmp/ccw6Vt5X.s:26     .text.prio_insert:0000000000000000 prio_insert
     /tmp/ccw6Vt5X.s:84     .text.fifo_remove:0000000000000000 $t
     /tmp/ccw6Vt5X.s:89     .text.fifo_remove:0000000000000000 fifo_remove
     /tmp/ccw6Vt5X.s:123    .rodata:0000000000000000 $d
     /tmp/ccw6Vt5X.s:127    .text.chCondInit:0000000000000000 $t
     /tmp/ccw6Vt5X.s:133    .text.chCondInit:0000000000000000 chCondInit
     /tmp/ccw6Vt5X.s:169    .text.chCondInit:0000000000000028 $d
     /tmp/ccw6Vt5X.s:178    .text.chCondSignal:0000000000000000 $t
     /tmp/ccw6Vt5X.s:184    .text.chCondSignal:0000000000000000 chCondSignal
     /tmp/ccw6Vt5X.s:244    .text.chCondSignal:0000000000000048 $d
     /tmp/ccw6Vt5X.s:253    .text.chCondSignalI:0000000000000000 $t
     /tmp/ccw6Vt5X.s:259    .text.chCondSignalI:0000000000000000 chCondSignalI
     /tmp/ccw6Vt5X.s:305    .text.chCondSignalI:000000000000003c $d
     /tmp/ccw6Vt5X.s:310    .text.chCondBroadcast:0000000000000000 $t
     /tmp/ccw6Vt5X.s:316    .text.chCondBroadcast:0000000000000000 chCondBroadcast
     /tmp/ccw6Vt5X.s:369    .text.chCondBroadcastI:0000000000000000 chCondBroadcastI
     /tmp/ccw6Vt5X.s:363    .text.chCondBroadcastI:0000000000000000 $t
     /tmp/ccw6Vt5X.s:420    .text.chCondBroadcastI:0000000000000044 $d
     /tmp/ccw6Vt5X.s:425    .text.chCondWait:0000000000000000 $t
     /tmp/ccw6Vt5X.s:431    .text.chCondWait:0000000000000000 chCondWait
     /tmp/ccw6Vt5X.s:489    .text.chCondWaitS:0000000000000000 chCondWaitS
     /tmp/ccw6Vt5X.s:483    .text.chCondWaitS:0000000000000000 $t
     /tmp/ccw6Vt5X.s:556    .text.chCondWaitS:000000000000005c $d
     /tmp/ccw6Vt5X.s:563    .text.chCondWaitTimeout:0000000000000000 $t
     /tmp/ccw6Vt5X.s:569    .text.chCondWaitTimeout:0000000000000000 chCondWaitTimeout
     /tmp/ccw6Vt5X.s:629    .text.chCondWaitTimeoutS:0000000000000000 chCondWaitTimeoutS
     /tmp/ccw6Vt5X.s:623    .text.chCondWaitTimeoutS:0000000000000000 $t
     /tmp/ccw6Vt5X.s:705    .text.chCondWaitTimeoutS:000000000000006c $d
                     .debug_frame:0000000000000010 $d
     /tmp/ccw6Vt5X.s:173    .text.chCondInit:000000000000002c $t
     /tmp/ccw6Vt5X.s:248    .text.chCondSignal:000000000000004c $t
     /tmp/ccw6Vt5X.s:424    .text.chCondBroadcastI:0000000000000048 $t
     /tmp/ccw6Vt5X.s:562    .text.chCondWaitS:0000000000000068 $t
     /tmp/ccw6Vt5X.s:711    .text.chCondWaitTimeoutS:0000000000000078 $t

UNDEFINED SYMBOLS
chDbgPanic
dbg_check_lock
chSchWakeupS
dbg_check_unlock
chDbgCheckClassI
chSchReadyI
chSchRescheduleS
chDbgCheckClassS
chMtxUnlockS
chSchGoSleepS
chMtxLockS
rlist
chSchGoSleepTimeoutS
