ARM GAS  /tmp/ccGlluwx.s 			page 1


   1              		.syntax unified
   2              		.cpu cortex-m4
   3              		.eabi_attribute 27, 3
   4              		.eabi_attribute 28, 1
   5              		.fpu fpv4-sp-d16
   6              		.eabi_attribute 20, 1
   7              		.eabi_attribute 21, 1
   8              		.eabi_attribute 23, 3
   9              		.eabi_attribute 24, 1
  10              		.eabi_attribute 25, 1
  11              		.eabi_attribute 26, 1
  12              		.eabi_attribute 30, 6
  13              		.eabi_attribute 34, 1
  14              		.eabi_attribute 18, 4
  15              		.thumb
  16              		.file	"chsys.c"
  17              		.text
  18              	.Ltext0:
  19              		.cfi_sections	.debug_frame
  20              		.global	_idle_thread_wa
  21              		.section	.bss._idle_thread_wa,"aw",%nobits
  22              		.align	3
  23              		.type	_idle_thread_wa, %object
  24              		.size	_idle_thread_wa, 360
  25              	_idle_thread_wa:
  26 0000 00000000 		.space	360
  26      00000000 
  26      00000000 
  26      00000000 
  26      00000000 
  27              		.section	.rodata
  28              		.align	2
  29              	.LC0:
  30 0000 69646C65 		.ascii	"idle\000"
  30      00
  31 0005 000000   		.section	.text._idle_thread,"ax",%progbits
  32              		.align	2
  33              		.p2align 4,,15
  34              		.global	_idle_thread
  35              		.thumb
  36              		.thumb_func
  37              		.type	_idle_thread, %function
  38              	_idle_thread:
  39              	.LFB7:
  40              		.file 1 "/home/dave/r2p-sdk/core/ChibiOS/os/kernel/src/chsys.c"
  41              		.loc 1 61 0
  42              		.cfi_startproc
  43              		@ args = 0, pretend = 0, frame = 8
  44              		@ frame_needed = 0, uses_anonymous_args = 0
  45              		@ link register save eliminated.
  46 0000 82B0     		sub	sp, sp, #8
  47              		.cfi_def_cfa_offset 8
  48 0002 0190     		str	r0, [sp, #4]
  49              		.loc 1 64 0
  50 0004 024B     		ldr	r3, .L3
  51 0006 9B69     		ldr	r3, [r3, #24]
  52 0008 024A     		ldr	r2, .L3+4
ARM GAS  /tmp/ccGlluwx.s 			page 2


  53 000a 9A61     		str	r2, [r3, #24]
  54              	.L2:
  55              		.loc 1 68 0 discriminator 1
  56 000c FEE7     		b	.L2
  57              	.L4:
  58 000e 00BF     		.align	2
  59              	.L3:
  60 0010 00000000 		.word	rlist
  61 0014 00000000 		.word	.LC0
  62              		.cfi_endproc
  63              	.LFE7:
  64              		.size	_idle_thread, .-_idle_thread
  65 0018 AFF30080 		.section	.text.chSysInit,"ax",%progbits
  65      AFF30080 
  66              		.align	2
  67              		.p2align 4,,15
  68              		.global	chSysInit
  69              		.thumb
  70              		.thumb_func
  71              		.type	chSysInit, %function
  72              	chSysInit:
  73              	.LFB8:
  74              		.loc 1 84 0
  75              		.cfi_startproc
  76              		@ args = 0, pretend = 0, frame = 0
  77              		@ frame_needed = 0, uses_anonymous_args = 0
  78 0000 00B5     		push	{lr}
  79              		.cfi_def_cfa_offset 4
  80              		.cfi_offset 14, -4
  81 0002 83B0     		sub	sp, sp, #12
  82              		.cfi_def_cfa_offset 16
  83              		.loc 1 90 0
  84 0004 FFF7FEFF 		bl	_port_init
  85              		.loc 1 91 0
  86 0008 FFF7FEFF 		bl	_scheduler_init
  87              		.loc 1 92 0
  88 000c FFF7FEFF 		bl	_vt_init
  89              		.loc 1 94 0
  90 0010 FFF7FEFF 		bl	_core_init
  91              		.loc 1 97 0
  92 0014 FFF7FEFF 		bl	_heap_init
  93              		.loc 1 100 0
  94 0018 FFF7FEFF 		bl	_trace_init
  95              		.loc 1 104 0
  96 001c 1248     		ldr	r0, .L6
  97 001e 4021     		movs	r1, #64
  98 0020 FFF7FEFF 		bl	_thread_init
  99 0024 0246     		mov	r2, r0
 100 0026 114B     		ldr	r3, .L6+4
 101 0028 9A61     		str	r2, [r3, #24]
 102              		.loc 1 105 0
 103 002a 104B     		ldr	r3, .L6+4
 104 002c 9B69     		ldr	r3, [r3, #24]
 105 002e 0122     		movs	r2, #1
 106 0030 83F82020 		strb	r2, [r3, #32]
 107              		.loc 1 109 0
 108 0034 0D4B     		ldr	r3, .L6+4
ARM GAS  /tmp/ccGlluwx.s 			page 3


 109 0036 9B69     		ldr	r3, [r3, #24]
 110 0038 0D4A     		ldr	r2, .L6+8
 111 003a DA61     		str	r2, [r3, #28]
 112              		.loc 1 111 0
 113 003c FFF7FEFF 		bl	dbg_check_enable
 114              	.LBB2:
 115 0040 0023     		movs	r3, #0
 116              	@ 111 "/home/dave/r2p-sdk/core/ChibiOS/os/kernel/src/chsys.c" 1
 117 0042 83F31188 		msr     BASEPRI, r3                    
 118 0046 62B6     		cpsie   i
 119              	@ 0 "" 2
 120              		.thumb
 121              	.LBE2:
 122              		.loc 1 115 0
 123 0048 084B     		ldr	r3, .L6+4
 124 004a 9B69     		ldr	r3, [r3, #24]
 125 004c 094A     		ldr	r2, .L6+12
 126 004e 9A61     		str	r2, [r3, #24]
 127              		.loc 1 121 0
 128 0050 0023     		movs	r3, #0
 129 0052 0093     		str	r3, [sp]
 130 0054 0848     		ldr	r0, .L6+16
 131 0056 4FF4B471 		mov	r1, #360
 132 005a 0122     		movs	r2, #1
 133 005c 074B     		ldr	r3, .L6+20
 134 005e FFF7FEFF 		bl	chThdCreateStatic
 135              		.loc 1 124 0
 136 0062 03B0     		add	sp, sp, #12
 137              		@ sp needed
 138 0064 5DF804FB 		ldr	pc, [sp], #4
 139              	.L7:
 140              		.align	2
 141              	.L6:
 142 0068 00000000 		.word	mainthread.4887
 143 006c 00000000 		.word	rlist
 144 0070 00000000 		.word	__main_thread_stack_base__
 145 0074 00000000 		.word	ch_debug
 146 0078 00000000 		.word	_idle_thread_wa
 147 007c 00000000 		.word	_idle_thread
 148              		.cfi_endproc
 149              	.LFE8:
 150              		.size	chSysInit, .-chSysInit
 151              		.section	.text.chSysTimerHandlerI,"ax",%progbits
 152              		.align	2
 153              		.p2align 4,,15
 154              		.global	chSysTimerHandlerI
 155              		.thumb
 156              		.thumb_func
 157              		.type	chSysTimerHandlerI, %function
 158              	chSysTimerHandlerI:
 159              	.LFB9:
 160              		.loc 1 137 0
 161              		.cfi_startproc
 162              		@ args = 0, pretend = 0, frame = 8
 163              		@ frame_needed = 0, uses_anonymous_args = 0
 164 0000 00B5     		push	{lr}
 165              		.cfi_def_cfa_offset 4
ARM GAS  /tmp/ccGlluwx.s 			page 4


 166              		.cfi_offset 14, -4
 167 0002 83B0     		sub	sp, sp, #12
 168              		.cfi_def_cfa_offset 16
 169              		.loc 1 139 0
 170 0004 FFF7FEFF 		bl	chDbgCheckClassI
 171              		.loc 1 143 0
 172 0008 244B     		ldr	r3, .L13
 173 000a 9B69     		ldr	r3, [r3, #24]
 174 000c 93F82330 		ldrb	r3, [r3, #35]	@ zero_extendqisi2
 175 0010 002B     		cmp	r3, #0
 176 0012 07D0     		beq	.L9
 177              		.loc 1 145 0
 178 0014 214B     		ldr	r3, .L13
 179 0016 9B69     		ldr	r3, [r3, #24]
 180 0018 93F82320 		ldrb	r2, [r3, #35]	@ zero_extendqisi2
 181 001c 013A     		subs	r2, r2, #1
 182 001e D2B2     		uxtb	r2, r2
 183 0020 83F82320 		strb	r2, [r3, #35]
 184              	.L9:
 185              		.loc 1 148 0
 186 0024 1D4B     		ldr	r3, .L13
 187 0026 9B69     		ldr	r3, [r3, #24]
 188 0028 5A6A     		ldr	r2, [r3, #36]
 189 002a 0132     		adds	r2, r2, #1
 190 002c 5A62     		str	r2, [r3, #36]
 191              		.loc 1 150 0
 192 002e 1C4B     		ldr	r3, .L13+4
 193 0030 DB68     		ldr	r3, [r3, #12]
 194 0032 5A1C     		adds	r2, r3, #1
 195 0034 1A4B     		ldr	r3, .L13+4
 196 0036 DA60     		str	r2, [r3, #12]
 197 0038 194B     		ldr	r3, .L13+4
 198 003a 1A68     		ldr	r2, [r3]
 199 003c 184B     		ldr	r3, .L13+4
 200 003e 9A42     		cmp	r2, r3
 201 0040 29D0     		beq	.L8
 202              	.LBB3:
 203              		.loc 1 150 0 is_stmt 0 discriminator 1
 204 0042 174B     		ldr	r3, .L13+4
 205 0044 1B68     		ldr	r3, [r3]
 206 0046 9A68     		ldr	r2, [r3, #8]
 207 0048 013A     		subs	r2, r2, #1
 208 004a 9A60     		str	r2, [r3, #8]
 209 004c 1CE0     		b	.L11
 210              	.L12:
 211              	.LBB4:
 212              		.loc 1 150 0 discriminator 2
 213 004e 019B     		ldr	r3, [sp, #4]
 214 0050 DB68     		ldr	r3, [r3, #12]
 215 0052 0093     		str	r3, [sp]
 216 0054 019B     		ldr	r3, [sp, #4]
 217 0056 0022     		movs	r2, #0
 218 0058 DA60     		str	r2, [r3, #12]
 219 005a 019B     		ldr	r3, [sp, #4]
 220 005c 1B68     		ldr	r3, [r3]
 221 005e 104A     		ldr	r2, .L13+4
 222 0060 5A60     		str	r2, [r3, #4]
ARM GAS  /tmp/ccGlluwx.s 			page 5


 223 0062 019B     		ldr	r3, [sp, #4]
 224 0064 1A68     		ldr	r2, [r3]
 225 0066 0E4B     		ldr	r3, .L13+4
 226 0068 1A60     		str	r2, [r3]
 227 006a FFF7FEFF 		bl	dbg_check_unlock_from_isr
 228              	.LBB5:
 229 006e 0023     		movs	r3, #0
 230              	@ 150 "/home/dave/r2p-sdk/core/ChibiOS/os/kernel/src/chsys.c" 1
 231 0070 83F31188 		msr     BASEPRI, r3
 232              	@ 0 "" 2
 233              		.thumb
 234              	.LBE5:
 235 0074 019B     		ldr	r3, [sp, #4]
 236 0076 1A69     		ldr	r2, [r3, #16]
 237 0078 009B     		ldr	r3, [sp]
 238 007a 1046     		mov	r0, r2
 239 007c 9847     		blx	r3
 240              	.LBB6:
 241 007e 2023     		movs	r3, #32
 242              	@ 150 "/home/dave/r2p-sdk/core/ChibiOS/os/kernel/src/chsys.c" 1
 243 0080 83F31188 		msr     BASEPRI, r3
 244              	@ 0 "" 2
 245              		.thumb
 246              	.LBE6:
 247 0084 FFF7FEFF 		bl	dbg_check_lock_from_isr
 248              	.L11:
 249              	.LBE4:
 250              		.loc 1 150 0 discriminator 1
 251 0088 054B     		ldr	r3, .L13+4
 252 008a 1B68     		ldr	r3, [r3]
 253 008c 0193     		str	r3, [sp, #4]
 254 008e 019B     		ldr	r3, [sp, #4]
 255 0090 9B68     		ldr	r3, [r3, #8]
 256 0092 002B     		cmp	r3, #0
 257 0094 DBD0     		beq	.L12
 258              	.L8:
 259              	.LBE3:
 260              		.loc 1 154 0 is_stmt 1
 261 0096 03B0     		add	sp, sp, #12
 262              		@ sp needed
 263 0098 5DF804FB 		ldr	pc, [sp], #4
 264              	.L14:
 265              		.align	2
 266              	.L13:
 267 009c 00000000 		.word	rlist
 268 00a0 00000000 		.word	vtlist
 269              		.cfi_endproc
 270              	.LFE9:
 271              		.size	chSysTimerHandlerI, .-chSysTimerHandlerI
 272 00a4 AFF30080 		.section	.bss.mainthread.4887,"aw",%nobits
 272      AFF30080 
 272      AFF30080 
 273              		.align	2
 274              		.type	mainthread.4887, %object
 275              		.size	mainthread.4887, 76
 276              	mainthread.4887:
 277 0000 00000000 		.space	76
ARM GAS  /tmp/ccGlluwx.s 			page 6


 277      00000000 
 277      00000000 
 277      00000000 
 277      00000000 
 278              		.text
 279              	.Letext0:
 280              		.file 2 "/usr/include/newlib/machine/_default_types.h"
 281              		.file 3 "/usr/include/newlib/stdint.h"
 282              		.file 4 "/home/dave/r2p-sdk/core/ChibiOS/os/ports/GCC/ARMCMx/chtypes.h"
 283              		.file 5 "/home/dave/r2p-sdk/core/ChibiOS/os/kernel/include/chlists.h"
 284              		.file 6 "/home/dave/r2p-sdk/core/ChibiOS/os/kernel/include/chthreads.h"
 285              		.file 7 "/home/dave/r2p-sdk/core/ChibiOS/os/ports/GCC/ARMCMx/chcore_v7m.h"
 286              		.file 8 "/home/dave/r2p-sdk/core/ChibiOS/os/kernel/include/chvt.h"
 287              		.file 9 "/home/dave/r2p-sdk/core/ChibiOS/os/kernel/include/chschd.h"
 288              		.file 10 "/home/dave/r2p-sdk/core/ChibiOS/os/kernel/include/chmtx.h"
 289              		.file 11 "/home/dave/r2p-sdk/core/ChibiOS/os/kernel/include/chregistry.h"
 290              		.section	.debug_info,"",%progbits
 291              	.Ldebug_info0:
 292 0000 23080000 		.4byte	0x823
 293 0004 0400     		.2byte	0x4
 294 0006 00000000 		.4byte	.Ldebug_abbrev0
 295 000a 04       		.byte	0x4
 296 000b 01       		.uleb128 0x1
 297 000c 48030000 		.4byte	.LASF110
 298 0010 01       		.byte	0x1
 299 0011 D8010000 		.4byte	.LASF111
 300 0015 00000000 		.4byte	.Ldebug_ranges0+0
 301 0019 00000000 		.4byte	0
 302 001d 00000000 		.4byte	.Ldebug_line0
 303 0021 02       		.uleb128 0x2
 304 0022 04       		.byte	0x4
 305 0023 05       		.byte	0x5
 306 0024 696E7400 		.ascii	"int\000"
 307 0028 03       		.uleb128 0x3
 308 0029 04       		.byte	0x4
 309 002a 07       		.byte	0x7
 310 002b 5B010000 		.4byte	.LASF0
 311 002f 03       		.uleb128 0x3
 312 0030 01       		.byte	0x1
 313 0031 06       		.byte	0x6
 314 0032 A1000000 		.4byte	.LASF1
 315 0036 04       		.uleb128 0x4
 316 0037 2B000000 		.4byte	.LASF4
 317 003b 02       		.byte	0x2
 318 003c 1D       		.byte	0x1d
 319 003d 41000000 		.4byte	0x41
 320 0041 03       		.uleb128 0x3
 321 0042 01       		.byte	0x1
 322 0043 08       		.byte	0x8
 323 0044 01030000 		.4byte	.LASF2
 324 0048 03       		.uleb128 0x3
 325 0049 02       		.byte	0x2
 326 004a 05       		.byte	0x5
 327 004b 19030000 		.4byte	.LASF3
 328 004f 04       		.uleb128 0x4
 329 0050 96040000 		.4byte	.LASF5
 330 0054 02       		.byte	0x2
ARM GAS  /tmp/ccGlluwx.s 			page 7


 331 0055 2B       		.byte	0x2b
 332 0056 5A000000 		.4byte	0x5a
 333 005a 03       		.uleb128 0x3
 334 005b 02       		.byte	0x2
 335 005c 07       		.byte	0x7
 336 005d B7010000 		.4byte	.LASF6
 337 0061 04       		.uleb128 0x4
 338 0062 D8040000 		.4byte	.LASF7
 339 0066 02       		.byte	0x2
 340 0067 3F       		.byte	0x3f
 341 0068 6C000000 		.4byte	0x6c
 342 006c 03       		.uleb128 0x3
 343 006d 04       		.byte	0x4
 344 006e 05       		.byte	0x5
 345 006f E4000000 		.4byte	.LASF8
 346 0073 04       		.uleb128 0x4
 347 0074 2A010000 		.4byte	.LASF9
 348 0078 02       		.byte	0x2
 349 0079 41       		.byte	0x41
 350 007a 7E000000 		.4byte	0x7e
 351 007e 03       		.uleb128 0x3
 352 007f 04       		.byte	0x4
 353 0080 07       		.byte	0x7
 354 0081 70010000 		.4byte	.LASF10
 355 0085 03       		.uleb128 0x3
 356 0086 08       		.byte	0x8
 357 0087 05       		.byte	0x5
 358 0088 93000000 		.4byte	.LASF11
 359 008c 04       		.uleb128 0x4
 360 008d C6020000 		.4byte	.LASF12
 361 0091 02       		.byte	0x2
 362 0092 5B       		.byte	0x5b
 363 0093 97000000 		.4byte	0x97
 364 0097 03       		.uleb128 0x3
 365 0098 08       		.byte	0x8
 366 0099 07       		.byte	0x7
 367 009a 5D000000 		.4byte	.LASF13
 368 009e 04       		.uleb128 0x4
 369 009f 24050000 		.4byte	.LASF14
 370 00a3 03       		.byte	0x3
 371 00a4 2A       		.byte	0x2a
 372 00a5 36000000 		.4byte	0x36
 373 00a9 04       		.uleb128 0x4
 374 00aa F6000000 		.4byte	.LASF15
 375 00ae 03       		.byte	0x3
 376 00af 36       		.byte	0x36
 377 00b0 4F000000 		.4byte	0x4f
 378 00b4 04       		.uleb128 0x4
 379 00b5 F9020000 		.4byte	.LASF16
 380 00b9 03       		.byte	0x3
 381 00ba 41       		.byte	0x41
 382 00bb 61000000 		.4byte	0x61
 383 00bf 04       		.uleb128 0x4
 384 00c0 74040000 		.4byte	.LASF17
 385 00c4 03       		.byte	0x3
 386 00c5 42       		.byte	0x42
 387 00c6 73000000 		.4byte	0x73
ARM GAS  /tmp/ccGlluwx.s 			page 8


 388 00ca 04       		.uleb128 0x4
 389 00cb 22000000 		.4byte	.LASF18
 390 00cf 03       		.byte	0x3
 391 00d0 4E       		.byte	0x4e
 392 00d1 8C000000 		.4byte	0x8c
 393 00d5 03       		.uleb128 0x3
 394 00d6 01       		.byte	0x1
 395 00d7 02       		.byte	0x2
 396 00d8 F3020000 		.4byte	.LASF19
 397 00dc 04       		.uleb128 0x4
 398 00dd 0E020000 		.4byte	.LASF20
 399 00e1 04       		.byte	0x4
 400 00e2 2C       		.byte	0x2c
 401 00e3 9E000000 		.4byte	0x9e
 402 00e7 04       		.uleb128 0x4
 403 00e8 ED000000 		.4byte	.LASF21
 404 00ec 04       		.byte	0x4
 405 00ed 2D       		.byte	0x2d
 406 00ee 9E000000 		.4byte	0x9e
 407 00f2 04       		.uleb128 0x4
 408 00f3 D1020000 		.4byte	.LASF22
 409 00f7 04       		.byte	0x4
 410 00f8 2E       		.byte	0x2e
 411 00f9 9E000000 		.4byte	0x9e
 412 00fd 04       		.uleb128 0x4
 413 00fe DA000000 		.4byte	.LASF23
 414 0102 04       		.byte	0x4
 415 0103 2F       		.byte	0x2f
 416 0104 9E000000 		.4byte	0x9e
 417 0108 04       		.uleb128 0x4
 418 0109 EB020000 		.4byte	.LASF24
 419 010d 04       		.byte	0x4
 420 010e 30       		.byte	0x30
 421 010f BF000000 		.4byte	0xbf
 422 0113 04       		.uleb128 0x4
 423 0114 CA010000 		.4byte	.LASF25
 424 0118 04       		.byte	0x4
 425 0119 31       		.byte	0x31
 426 011a B4000000 		.4byte	0xb4
 427 011e 04       		.uleb128 0x4
 428 011f 22020000 		.4byte	.LASF26
 429 0123 04       		.byte	0x4
 430 0124 33       		.byte	0x33
 431 0125 BF000000 		.4byte	0xbf
 432 0129 04       		.uleb128 0x4
 433 012a C3040000 		.4byte	.LASF27
 434 012e 04       		.byte	0x4
 435 012f 35       		.byte	0x35
 436 0130 BF000000 		.4byte	0xbf
 437 0134 04       		.uleb128 0x4
 438 0135 55040000 		.4byte	.LASF28
 439 0139 05       		.byte	0x5
 440 013a 2A       		.byte	0x2a
 441 013b 3F010000 		.4byte	0x13f
 442 013f 05       		.uleb128 0x5
 443 0140 55040000 		.4byte	.LASF28
 444 0144 4C       		.byte	0x4c
ARM GAS  /tmp/ccGlluwx.s 			page 9


 445 0145 06       		.byte	0x6
 446 0146 5E       		.byte	0x5e
 447 0147 48020000 		.4byte	0x248
 448 014b 06       		.uleb128 0x6
 449 014c 37040000 		.4byte	.LASF29
 450 0150 06       		.byte	0x6
 451 0151 5F       		.byte	0x5f
 452 0152 69020000 		.4byte	0x269
 453 0156 00       		.byte	0
 454 0157 06       		.uleb128 0x6
 455 0158 E4020000 		.4byte	.LASF30
 456 015c 06       		.byte	0x6
 457 015d 61       		.byte	0x61
 458 015e 69020000 		.4byte	0x269
 459 0162 04       		.byte	0x4
 460 0163 06       		.uleb128 0x6
 461 0164 7F000000 		.4byte	.LASF31
 462 0168 06       		.byte	0x6
 463 0169 63       		.byte	0x63
 464 016a 08010000 		.4byte	0x108
 465 016e 08       		.byte	0x8
 466 016f 06       		.uleb128 0x6
 467 0170 66050000 		.4byte	.LASF32
 468 0174 06       		.byte	0x6
 469 0175 64       		.byte	0x64
 470 0176 FE030000 		.4byte	0x3fe
 471 017a 0C       		.byte	0xc
 472 017b 06       		.uleb128 0x6
 473 017c 09010000 		.4byte	.LASF33
 474 0180 06       		.byte	0x6
 475 0181 66       		.byte	0x66
 476 0182 69020000 		.4byte	0x269
 477 0186 10       		.byte	0x10
 478 0187 06       		.uleb128 0x6
 479 0188 84020000 		.4byte	.LASF34
 480 018c 06       		.byte	0x6
 481 018d 67       		.byte	0x67
 482 018e 69020000 		.4byte	0x269
 483 0192 14       		.byte	0x14
 484 0193 06       		.uleb128 0x6
 485 0194 3A050000 		.4byte	.LASF35
 486 0198 06       		.byte	0x6
 487 0199 6E       		.byte	0x6e
 488 019a B8050000 		.4byte	0x5b8
 489 019e 18       		.byte	0x18
 490 019f 06       		.uleb128 0x6
 491 01a0 50010000 		.4byte	.LASF36
 492 01a4 06       		.byte	0x6
 493 01a5 74       		.byte	0x74
 494 01a6 CA050000 		.4byte	0x5ca
 495 01aa 1C       		.byte	0x1c
 496 01ab 06       		.uleb128 0x6
 497 01ac 23030000 		.4byte	.LASF37
 498 01b0 06       		.byte	0x6
 499 01b1 79       		.byte	0x79
 500 01b2 E7000000 		.4byte	0xe7
 501 01b6 20       		.byte	0x20
ARM GAS  /tmp/ccGlluwx.s 			page 10


 502 01b7 06       		.uleb128 0x6
 503 01b8 4D040000 		.4byte	.LASF38
 504 01bc 06       		.byte	0x6
 505 01bd 7D       		.byte	0x7d
 506 01be DC000000 		.4byte	0xdc
 507 01c2 21       		.byte	0x21
 508 01c3 06       		.uleb128 0x6
 509 01c4 0D050000 		.4byte	.LASF39
 510 01c8 06       		.byte	0x6
 511 01c9 82       		.byte	0x82
 512 01ca F2000000 		.4byte	0xf2
 513 01ce 22       		.byte	0x22
 514 01cf 06       		.uleb128 0x6
 515 01d0 2B030000 		.4byte	.LASF40
 516 01d4 06       		.byte	0x6
 517 01d5 88       		.byte	0x88
 518 01d6 FD000000 		.4byte	0xfd
 519 01da 23       		.byte	0x23
 520 01db 06       		.uleb128 0x6
 521 01dc E2040000 		.4byte	.LASF41
 522 01e0 06       		.byte	0x6
 523 01e1 8F       		.byte	0x8f
 524 01e2 D5040000 		.4byte	0x4d5
 525 01e6 24       		.byte	0x24
 526 01e7 07       		.uleb128 0x7
 527 01e8 705F7500 		.ascii	"p_u\000"
 528 01ec 06       		.byte	0x6
 529 01ed B4       		.byte	0xb4
 530 01ee 83050000 		.4byte	0x583
 531 01f2 28       		.byte	0x28
 532 01f3 06       		.uleb128 0x6
 533 01f4 6C050000 		.4byte	.LASF42
 534 01f8 06       		.byte	0x6
 535 01f9 B9       		.byte	0xb9
 536 01fa 8F020000 		.4byte	0x28f
 537 01fe 2C       		.byte	0x2c
 538 01ff 06       		.uleb128 0x6
 539 0200 F0040000 		.4byte	.LASF43
 540 0204 06       		.byte	0x6
 541 0205 BF       		.byte	0xbf
 542 0206 6F020000 		.4byte	0x26f
 543 020a 30       		.byte	0x30
 544 020b 06       		.uleb128 0x6
 545 020c 15000000 		.4byte	.LASF44
 546 0210 06       		.byte	0x6
 547 0211 C3       		.byte	0xc3
 548 0212 13010000 		.4byte	0x113
 549 0216 38       		.byte	0x38
 550 0217 06       		.uleb128 0x6
 551 0218 69040000 		.4byte	.LASF45
 552 021c 06       		.byte	0x6
 553 021d C9       		.byte	0xc9
 554 021e 1E010000 		.4byte	0x11e
 555 0222 3C       		.byte	0x3c
 556 0223 06       		.uleb128 0x6
 557 0224 0F030000 		.4byte	.LASF46
 558 0228 06       		.byte	0x6
ARM GAS  /tmp/ccGlluwx.s 			page 11


 559 0229 D0       		.byte	0xd0
 560 022a D0050000 		.4byte	0x5d0
 561 022e 40       		.byte	0x40
 562 022f 06       		.uleb128 0x6
 563 0230 CD040000 		.4byte	.LASF47
 564 0234 06       		.byte	0x6
 565 0235 D4       		.byte	0xd4
 566 0236 08010000 		.4byte	0x108
 567 023a 44       		.byte	0x44
 568 023b 06       		.uleb128 0x6
 569 023c CA000000 		.4byte	.LASF48
 570 0240 06       		.byte	0x6
 571 0241 DA       		.byte	0xda
 572 0242 A5020000 		.4byte	0x2a5
 573 0246 48       		.byte	0x48
 574 0247 00       		.byte	0
 575 0248 08       		.uleb128 0x8
 576 0249 08       		.byte	0x8
 577 024a 05       		.byte	0x5
 578 024b 61       		.byte	0x61
 579 024c 69020000 		.4byte	0x269
 580 0250 06       		.uleb128 0x6
 581 0251 37040000 		.4byte	.LASF29
 582 0255 05       		.byte	0x5
 583 0256 62       		.byte	0x62
 584 0257 69020000 		.4byte	0x269
 585 025b 00       		.byte	0
 586 025c 06       		.uleb128 0x6
 587 025d E4020000 		.4byte	.LASF30
 588 0261 05       		.byte	0x5
 589 0262 64       		.byte	0x64
 590 0263 69020000 		.4byte	0x269
 591 0267 04       		.byte	0x4
 592 0268 00       		.byte	0
 593 0269 09       		.uleb128 0x9
 594 026a 04       		.byte	0x4
 595 026b 34010000 		.4byte	0x134
 596 026f 04       		.uleb128 0x4
 597 0270 92020000 		.4byte	.LASF49
 598 0274 05       		.byte	0x5
 599 0275 66       		.byte	0x66
 600 0276 48020000 		.4byte	0x248
 601 027a 08       		.uleb128 0x8
 602 027b 04       		.byte	0x4
 603 027c 05       		.byte	0x5
 604 027d 6B       		.byte	0x6b
 605 027e 8F020000 		.4byte	0x28f
 606 0282 06       		.uleb128 0x6
 607 0283 37040000 		.4byte	.LASF29
 608 0287 05       		.byte	0x5
 609 0288 6D       		.byte	0x6d
 610 0289 69020000 		.4byte	0x269
 611 028d 00       		.byte	0
 612 028e 00       		.byte	0
 613 028f 04       		.uleb128 0x4
 614 0290 16020000 		.4byte	.LASF50
 615 0294 05       		.byte	0x5
ARM GAS  /tmp/ccGlluwx.s 			page 12


 616 0295 70       		.byte	0x70
 617 0296 7A020000 		.4byte	0x27a
 618 029a 04       		.uleb128 0x4
 619 029b 35010000 		.4byte	.LASF51
 620 029f 07       		.byte	0x7
 621 02a0 E5       		.byte	0xe5
 622 02a1 A5020000 		.4byte	0x2a5
 623 02a5 0A       		.uleb128 0xa
 624 02a6 04       		.byte	0x4
 625 02a7 04       		.uleb128 0x4
 626 02a8 34020000 		.4byte	.LASF52
 627 02ac 07       		.byte	0x7
 628 02ad EB       		.byte	0xeb
 629 02ae CA000000 		.4byte	0xca
 630 02b2 0B       		.uleb128 0xb
 631 02b3 E9040000 		.4byte	.LASF53
 632 02b7 64       		.byte	0x64
 633 02b8 07       		.byte	0x7
 634 02b9 0C01     		.2byte	0x10c
 635 02bb FE030000 		.4byte	0x3fe
 636 02bf 0C       		.uleb128 0xc
 637 02c0 73313600 		.ascii	"s16\000"
 638 02c4 07       		.byte	0x7
 639 02c5 0E01     		.2byte	0x10e
 640 02c7 9A020000 		.4byte	0x29a
 641 02cb 00       		.byte	0
 642 02cc 0C       		.uleb128 0xc
 643 02cd 73313700 		.ascii	"s17\000"
 644 02d1 07       		.byte	0x7
 645 02d2 0F01     		.2byte	0x10f
 646 02d4 9A020000 		.4byte	0x29a
 647 02d8 04       		.byte	0x4
 648 02d9 0C       		.uleb128 0xc
 649 02da 73313800 		.ascii	"s18\000"
 650 02de 07       		.byte	0x7
 651 02df 1001     		.2byte	0x110
 652 02e1 9A020000 		.4byte	0x29a
 653 02e5 08       		.byte	0x8
 654 02e6 0C       		.uleb128 0xc
 655 02e7 73313900 		.ascii	"s19\000"
 656 02eb 07       		.byte	0x7
 657 02ec 1101     		.2byte	0x111
 658 02ee 9A020000 		.4byte	0x29a
 659 02f2 0C       		.byte	0xc
 660 02f3 0C       		.uleb128 0xc
 661 02f4 73323000 		.ascii	"s20\000"
 662 02f8 07       		.byte	0x7
 663 02f9 1201     		.2byte	0x112
 664 02fb 9A020000 		.4byte	0x29a
 665 02ff 10       		.byte	0x10
 666 0300 0C       		.uleb128 0xc
 667 0301 73323100 		.ascii	"s21\000"
 668 0305 07       		.byte	0x7
 669 0306 1301     		.2byte	0x113
 670 0308 9A020000 		.4byte	0x29a
 671 030c 14       		.byte	0x14
 672 030d 0C       		.uleb128 0xc
ARM GAS  /tmp/ccGlluwx.s 			page 13


 673 030e 73323200 		.ascii	"s22\000"
 674 0312 07       		.byte	0x7
 675 0313 1401     		.2byte	0x114
 676 0315 9A020000 		.4byte	0x29a
 677 0319 18       		.byte	0x18
 678 031a 0C       		.uleb128 0xc
 679 031b 73323300 		.ascii	"s23\000"
 680 031f 07       		.byte	0x7
 681 0320 1501     		.2byte	0x115
 682 0322 9A020000 		.4byte	0x29a
 683 0326 1C       		.byte	0x1c
 684 0327 0C       		.uleb128 0xc
 685 0328 73323400 		.ascii	"s24\000"
 686 032c 07       		.byte	0x7
 687 032d 1601     		.2byte	0x116
 688 032f 9A020000 		.4byte	0x29a
 689 0333 20       		.byte	0x20
 690 0334 0C       		.uleb128 0xc
 691 0335 73323500 		.ascii	"s25\000"
 692 0339 07       		.byte	0x7
 693 033a 1701     		.2byte	0x117
 694 033c 9A020000 		.4byte	0x29a
 695 0340 24       		.byte	0x24
 696 0341 0C       		.uleb128 0xc
 697 0342 73323600 		.ascii	"s26\000"
 698 0346 07       		.byte	0x7
 699 0347 1801     		.2byte	0x118
 700 0349 9A020000 		.4byte	0x29a
 701 034d 28       		.byte	0x28
 702 034e 0C       		.uleb128 0xc
 703 034f 73323700 		.ascii	"s27\000"
 704 0353 07       		.byte	0x7
 705 0354 1901     		.2byte	0x119
 706 0356 9A020000 		.4byte	0x29a
 707 035a 2C       		.byte	0x2c
 708 035b 0C       		.uleb128 0xc
 709 035c 73323800 		.ascii	"s28\000"
 710 0360 07       		.byte	0x7
 711 0361 1A01     		.2byte	0x11a
 712 0363 9A020000 		.4byte	0x29a
 713 0367 30       		.byte	0x30
 714 0368 0C       		.uleb128 0xc
 715 0369 73323900 		.ascii	"s29\000"
 716 036d 07       		.byte	0x7
 717 036e 1B01     		.2byte	0x11b
 718 0370 9A020000 		.4byte	0x29a
 719 0374 34       		.byte	0x34
 720 0375 0C       		.uleb128 0xc
 721 0376 73333000 		.ascii	"s30\000"
 722 037a 07       		.byte	0x7
 723 037b 1C01     		.2byte	0x11c
 724 037d 9A020000 		.4byte	0x29a
 725 0381 38       		.byte	0x38
 726 0382 0C       		.uleb128 0xc
 727 0383 73333100 		.ascii	"s31\000"
 728 0387 07       		.byte	0x7
 729 0388 1D01     		.2byte	0x11d
ARM GAS  /tmp/ccGlluwx.s 			page 14


 730 038a 9A020000 		.4byte	0x29a
 731 038e 3C       		.byte	0x3c
 732 038f 0C       		.uleb128 0xc
 733 0390 723400   		.ascii	"r4\000"
 734 0393 07       		.byte	0x7
 735 0394 1F01     		.2byte	0x11f
 736 0396 9A020000 		.4byte	0x29a
 737 039a 40       		.byte	0x40
 738 039b 0C       		.uleb128 0xc
 739 039c 723500   		.ascii	"r5\000"
 740 039f 07       		.byte	0x7
 741 03a0 2001     		.2byte	0x120
 742 03a2 9A020000 		.4byte	0x29a
 743 03a6 44       		.byte	0x44
 744 03a7 0C       		.uleb128 0xc
 745 03a8 723600   		.ascii	"r6\000"
 746 03ab 07       		.byte	0x7
 747 03ac 2101     		.2byte	0x121
 748 03ae 9A020000 		.4byte	0x29a
 749 03b2 48       		.byte	0x48
 750 03b3 0C       		.uleb128 0xc
 751 03b4 723700   		.ascii	"r7\000"
 752 03b7 07       		.byte	0x7
 753 03b8 2201     		.2byte	0x122
 754 03ba 9A020000 		.4byte	0x29a
 755 03be 4C       		.byte	0x4c
 756 03bf 0C       		.uleb128 0xc
 757 03c0 723800   		.ascii	"r8\000"
 758 03c3 07       		.byte	0x7
 759 03c4 2301     		.2byte	0x123
 760 03c6 9A020000 		.4byte	0x29a
 761 03ca 50       		.byte	0x50
 762 03cb 0C       		.uleb128 0xc
 763 03cc 723900   		.ascii	"r9\000"
 764 03cf 07       		.byte	0x7
 765 03d0 2401     		.2byte	0x124
 766 03d2 9A020000 		.4byte	0x29a
 767 03d6 54       		.byte	0x54
 768 03d7 0C       		.uleb128 0xc
 769 03d8 72313000 		.ascii	"r10\000"
 770 03dc 07       		.byte	0x7
 771 03dd 2501     		.2byte	0x125
 772 03df 9A020000 		.4byte	0x29a
 773 03e3 58       		.byte	0x58
 774 03e4 0C       		.uleb128 0xc
 775 03e5 72313100 		.ascii	"r11\000"
 776 03e9 07       		.byte	0x7
 777 03ea 2601     		.2byte	0x126
 778 03ec 9A020000 		.4byte	0x29a
 779 03f0 5C       		.byte	0x5c
 780 03f1 0C       		.uleb128 0xc
 781 03f2 6C7200   		.ascii	"lr\000"
 782 03f5 07       		.byte	0x7
 783 03f6 2701     		.2byte	0x127
 784 03f8 9A020000 		.4byte	0x29a
 785 03fc 60       		.byte	0x60
 786 03fd 00       		.byte	0
ARM GAS  /tmp/ccGlluwx.s 			page 15


 787 03fe 0B       		.uleb128 0xb
 788 03ff AF010000 		.4byte	.LASF54
 789 0403 04       		.byte	0x4
 790 0404 07       		.byte	0x7
 791 0405 3101     		.2byte	0x131
 792 0407 19040000 		.4byte	0x419
 793 040b 0C       		.uleb128 0xc
 794 040c 72313300 		.ascii	"r13\000"
 795 0410 07       		.byte	0x7
 796 0411 3201     		.2byte	0x132
 797 0413 19040000 		.4byte	0x419
 798 0417 00       		.byte	0
 799 0418 00       		.byte	0
 800 0419 09       		.uleb128 0x9
 801 041a 04       		.byte	0x4
 802 041b B2020000 		.4byte	0x2b2
 803 041f 03       		.uleb128 0x3
 804 0420 04       		.byte	0x4
 805 0421 07       		.byte	0x7
 806 0422 5B020000 		.4byte	.LASF55
 807 0426 04       		.uleb128 0x4
 808 0427 8B010000 		.4byte	.LASF56
 809 042b 08       		.byte	0x8
 810 042c 58       		.byte	0x58
 811 042d 31040000 		.4byte	0x431
 812 0431 09       		.uleb128 0x9
 813 0432 04       		.byte	0x4
 814 0433 37040000 		.4byte	0x437
 815 0437 0D       		.uleb128 0xd
 816 0438 42040000 		.4byte	0x442
 817 043c 0E       		.uleb128 0xe
 818 043d A5020000 		.4byte	0x2a5
 819 0441 00       		.byte	0
 820 0442 04       		.uleb128 0x4
 821 0443 A2010000 		.4byte	.LASF57
 822 0447 08       		.byte	0x8
 823 0448 5D       		.byte	0x5d
 824 0449 4D040000 		.4byte	0x44d
 825 044d 05       		.uleb128 0x5
 826 044e A2010000 		.4byte	.LASF57
 827 0452 14       		.byte	0x14
 828 0453 08       		.byte	0x8
 829 0454 64       		.byte	0x64
 830 0455 96040000 		.4byte	0x496
 831 0459 06       		.uleb128 0x6
 832 045a 68010000 		.4byte	.LASF58
 833 045e 08       		.byte	0x8
 834 045f 65       		.byte	0x65
 835 0460 96040000 		.4byte	0x496
 836 0464 00       		.byte	0
 837 0465 06       		.uleb128 0x6
 838 0466 3E010000 		.4byte	.LASF59
 839 046a 08       		.byte	0x8
 840 046b 67       		.byte	0x67
 841 046c 96040000 		.4byte	0x496
 842 0470 04       		.byte	0x4
 843 0471 06       		.uleb128 0x6
ARM GAS  /tmp/ccGlluwx.s 			page 16


 844 0472 53020000 		.4byte	.LASF60
 845 0476 08       		.byte	0x8
 846 0477 69       		.byte	0x69
 847 0478 29010000 		.4byte	0x129
 848 047c 08       		.byte	0x8
 849 047d 06       		.uleb128 0x6
 850 047e 64020000 		.4byte	.LASF61
 851 0482 08       		.byte	0x8
 852 0483 6A       		.byte	0x6a
 853 0484 26040000 		.4byte	0x426
 854 0488 0C       		.byte	0xc
 855 0489 06       		.uleb128 0x6
 856 048a FB040000 		.4byte	.LASF62
 857 048e 08       		.byte	0x8
 858 048f 6C       		.byte	0x6c
 859 0490 A5020000 		.4byte	0x2a5
 860 0494 10       		.byte	0x10
 861 0495 00       		.byte	0
 862 0496 09       		.uleb128 0x9
 863 0497 04       		.byte	0x4
 864 0498 42040000 		.4byte	0x442
 865 049c 08       		.uleb128 0x8
 866 049d 10       		.byte	0x10
 867 049e 08       		.byte	0x8
 868 049f 76       		.byte	0x76
 869 04a0 D5040000 		.4byte	0x4d5
 870 04a4 06       		.uleb128 0x6
 871 04a5 68010000 		.4byte	.LASF58
 872 04a9 08       		.byte	0x8
 873 04aa 77       		.byte	0x77
 874 04ab 96040000 		.4byte	0x496
 875 04af 00       		.byte	0
 876 04b0 06       		.uleb128 0x6
 877 04b1 3E010000 		.4byte	.LASF59
 878 04b5 08       		.byte	0x8
 879 04b6 79       		.byte	0x79
 880 04b7 96040000 		.4byte	0x496
 881 04bb 04       		.byte	0x4
 882 04bc 06       		.uleb128 0x6
 883 04bd 53020000 		.4byte	.LASF60
 884 04c1 08       		.byte	0x8
 885 04c2 7B       		.byte	0x7b
 886 04c3 29010000 		.4byte	0x129
 887 04c7 08       		.byte	0x8
 888 04c8 06       		.uleb128 0x6
 889 04c9 41050000 		.4byte	.LASF63
 890 04cd 08       		.byte	0x8
 891 04ce 7C       		.byte	0x7c
 892 04cf D5040000 		.4byte	0x4d5
 893 04d3 0C       		.byte	0xc
 894 04d4 00       		.byte	0
 895 04d5 0F       		.uleb128 0xf
 896 04d6 29010000 		.4byte	0x129
 897 04da 04       		.uleb128 0x4
 898 04db 57050000 		.4byte	.LASF64
 899 04df 08       		.byte	0x8
 900 04e0 7D       		.byte	0x7d
ARM GAS  /tmp/ccGlluwx.s 			page 17


 901 04e1 9C040000 		.4byte	0x49c
 902 04e5 08       		.uleb128 0x8
 903 04e6 1C       		.byte	0x1c
 904 04e7 09       		.byte	0x9
 905 04e8 5E       		.byte	0x5e
 906 04e9 36050000 		.4byte	0x536
 907 04ed 06       		.uleb128 0x6
 908 04ee 89040000 		.4byte	.LASF65
 909 04f2 09       		.byte	0x9
 910 04f3 5F       		.byte	0x5f
 911 04f4 6F020000 		.4byte	0x26f
 912 04f8 00       		.byte	0
 913 04f9 06       		.uleb128 0x6
 914 04fa 41030000 		.4byte	.LASF66
 915 04fe 09       		.byte	0x9
 916 04ff 60       		.byte	0x60
 917 0500 08010000 		.4byte	0x108
 918 0504 08       		.byte	0x8
 919 0505 06       		.uleb128 0x6
 920 0506 8C020000 		.4byte	.LASF67
 921 050a 09       		.byte	0x9
 922 050b 62       		.byte	0x62
 923 050c FE030000 		.4byte	0x3fe
 924 0510 0C       		.byte	0xc
 925 0511 06       		.uleb128 0x6
 926 0512 D0010000 		.4byte	.LASF68
 927 0516 09       		.byte	0x9
 928 0517 65       		.byte	0x65
 929 0518 69020000 		.4byte	0x269
 930 051c 10       		.byte	0x10
 931 051d 06       		.uleb128 0x6
 932 051e B1020000 		.4byte	.LASF69
 933 0522 09       		.byte	0x9
 934 0523 66       		.byte	0x66
 935 0524 69020000 		.4byte	0x269
 936 0528 14       		.byte	0x14
 937 0529 06       		.uleb128 0x6
 938 052a A7020000 		.4byte	.LASF70
 939 052e 09       		.byte	0x9
 940 052f 69       		.byte	0x69
 941 0530 69020000 		.4byte	0x269
 942 0534 18       		.byte	0x18
 943 0535 00       		.byte	0
 944 0536 04       		.uleb128 0x4
 945 0537 14050000 		.4byte	.LASF71
 946 053b 09       		.byte	0x9
 947 053c 6B       		.byte	0x6b
 948 053d E5040000 		.4byte	0x4e5
 949 0541 05       		.uleb128 0x5
 950 0542 2E020000 		.4byte	.LASF72
 951 0546 10       		.byte	0x10
 952 0547 0A       		.byte	0xa
 953 0548 2C       		.byte	0x2c
 954 0549 72050000 		.4byte	0x572
 955 054d 06       		.uleb128 0x6
 956 054e D2000000 		.4byte	.LASF73
 957 0552 0A       		.byte	0xa
ARM GAS  /tmp/ccGlluwx.s 			page 18


 958 0553 2D       		.byte	0x2d
 959 0554 6F020000 		.4byte	0x26f
 960 0558 00       		.byte	0
 961 0559 06       		.uleb128 0x6
 962 055a 5E050000 		.4byte	.LASF74
 963 055e 0A       		.byte	0xa
 964 055f 2F       		.byte	0x2f
 965 0560 69020000 		.4byte	0x269
 966 0564 08       		.byte	0x8
 967 0565 06       		.uleb128 0x6
 968 0566 BC040000 		.4byte	.LASF75
 969 056a 0A       		.byte	0xa
 970 056b 31       		.byte	0x31
 971 056c 72050000 		.4byte	0x572
 972 0570 0C       		.byte	0xc
 973 0571 00       		.byte	0
 974 0572 09       		.uleb128 0x9
 975 0573 04       		.byte	0x4
 976 0574 41050000 		.4byte	0x541
 977 0578 04       		.uleb128 0x4
 978 0579 2E020000 		.4byte	.LASF72
 979 057d 0A       		.byte	0xa
 980 057e 33       		.byte	0x33
 981 057f 41050000 		.4byte	0x541
 982 0583 10       		.uleb128 0x10
 983 0584 04       		.byte	0x4
 984 0585 06       		.byte	0x6
 985 0586 96       		.byte	0x96
 986 0587 B8050000 		.4byte	0x5b8
 987 058b 11       		.uleb128 0x11
 988 058c 1B000000 		.4byte	.LASF76
 989 0590 06       		.byte	0x6
 990 0591 9D       		.byte	0x9d
 991 0592 13010000 		.4byte	0x113
 992 0596 11       		.uleb128 0x11
 993 0597 21010000 		.4byte	.LASF77
 994 059b 06       		.byte	0x6
 995 059c A4       		.byte	0xa4
 996 059d 13010000 		.4byte	0x113
 997 05a1 11       		.uleb128 0x11
 998 05a2 33050000 		.4byte	.LASF78
 999 05a6 06       		.byte	0x6
 1000 05a7 AB       		.byte	0xab
 1001 05a8 A5020000 		.4byte	0x2a5
 1002 05ac 11       		.uleb128 0x11
 1003 05ad 2C050000 		.4byte	.LASF79
 1004 05b1 06       		.byte	0x6
 1005 05b2 B2       		.byte	0xb2
 1006 05b3 1E010000 		.4byte	0x11e
 1007 05b7 00       		.byte	0
 1008 05b8 09       		.uleb128 0x9
 1009 05b9 04       		.byte	0x4
 1010 05ba BE050000 		.4byte	0x5be
 1011 05be 12       		.uleb128 0x12
 1012 05bf C3050000 		.4byte	0x5c3
 1013 05c3 03       		.uleb128 0x3
 1014 05c4 01       		.byte	0x1
ARM GAS  /tmp/ccGlluwx.s 			page 19


 1015 05c5 08       		.byte	0x8
 1016 05c6 91040000 		.4byte	.LASF80
 1017 05ca 09       		.uleb128 0x9
 1018 05cb 04       		.byte	0x4
 1019 05cc A7020000 		.4byte	0x2a7
 1020 05d0 09       		.uleb128 0x9
 1021 05d1 04       		.byte	0x4
 1022 05d2 78050000 		.4byte	0x578
 1023 05d6 04       		.uleb128 0x4
 1024 05d7 00000000 		.4byte	.LASF81
 1025 05db 06       		.byte	0x6
 1026 05dc E5       		.byte	0xe5
 1027 05dd E1050000 		.4byte	0x5e1
 1028 05e1 09       		.uleb128 0x9
 1029 05e2 04       		.byte	0x4
 1030 05e3 E7050000 		.4byte	0x5e7
 1031 05e7 13       		.uleb128 0x13
 1032 05e8 13010000 		.4byte	0x113
 1033 05ec F6050000 		.4byte	0x5f6
 1034 05f0 0E       		.uleb128 0xe
 1035 05f1 A5020000 		.4byte	0x2a5
 1036 05f5 00       		.byte	0
 1037 05f6 08       		.uleb128 0x8
 1038 05f7 16       		.byte	0x16
 1039 05f8 0B       		.byte	0xb
 1040 05f9 2C       		.byte	0x2c
 1041 05fa D7060000 		.4byte	0x6d7
 1042 05fe 06       		.uleb128 0x6
 1043 05ff 94010000 		.4byte	.LASF82
 1044 0603 0B       		.byte	0xb
 1045 0604 2D       		.byte	0x2d
 1046 0605 D7060000 		.4byte	0x6d7
 1047 0609 00       		.byte	0
 1048 060a 06       		.uleb128 0x6
 1049 060b 3F020000 		.4byte	.LASF83
 1050 060f 0B       		.byte	0xb
 1051 0610 2E       		.byte	0x2e
 1052 0611 9E000000 		.4byte	0x9e
 1053 0615 04       		.byte	0x4
 1054 0616 06       		.uleb128 0x6
 1055 0617 9F020000 		.4byte	.LASF84
 1056 061b 0B       		.byte	0xb
 1057 061c 2F       		.byte	0x2f
 1058 061d 9E000000 		.4byte	0x9e
 1059 0621 05       		.byte	0x5
 1060 0622 06       		.uleb128 0x6
 1061 0623 4C050000 		.4byte	.LASF85
 1062 0627 0B       		.byte	0xb
 1063 0628 30       		.byte	0x30
 1064 0629 A9000000 		.4byte	0xa9
 1065 062d 06       		.byte	0x6
 1066 062e 06       		.uleb128 0x6
 1067 062f D9020000 		.4byte	.LASF86
 1068 0633 0B       		.byte	0xb
 1069 0634 31       		.byte	0x31
 1070 0635 9E000000 		.4byte	0x9e
 1071 0639 08       		.byte	0x8
ARM GAS  /tmp/ccGlluwx.s 			page 20


 1072 063a 06       		.uleb128 0x6
 1073 063b 6C020000 		.4byte	.LASF87
 1074 063f 0B       		.byte	0xb
 1075 0640 32       		.byte	0x32
 1076 0641 9E000000 		.4byte	0x9e
 1077 0645 09       		.byte	0x9
 1078 0646 06       		.uleb128 0x6
 1079 0647 35000000 		.4byte	.LASF88
 1080 064b 0B       		.byte	0xb
 1081 064c 33       		.byte	0x33
 1082 064d 9E000000 		.4byte	0x9e
 1083 0651 0A       		.byte	0xa
 1084 0652 06       		.uleb128 0x6
 1085 0653 7D040000 		.4byte	.LASF89
 1086 0657 0B       		.byte	0xb
 1087 0658 34       		.byte	0x34
 1088 0659 9E000000 		.4byte	0x9e
 1089 065d 0B       		.byte	0xb
 1090 065e 06       		.uleb128 0x6
 1091 065f 02050000 		.4byte	.LASF90
 1092 0663 0B       		.byte	0xb
 1093 0664 35       		.byte	0x35
 1094 0665 9E000000 		.4byte	0x9e
 1095 0669 0C       		.byte	0xc
 1096 066a 06       		.uleb128 0x6
 1097 066b 5C040000 		.4byte	.LASF91
 1098 066f 0B       		.byte	0xb
 1099 0670 36       		.byte	0x36
 1100 0671 9E000000 		.4byte	0x9e
 1101 0675 0D       		.byte	0xd
 1102 0676 06       		.uleb128 0x6
 1103 0677 08000000 		.4byte	.LASF92
 1104 067b 0B       		.byte	0xb
 1105 067c 37       		.byte	0x37
 1106 067d 9E000000 		.4byte	0x9e
 1107 0681 0E       		.byte	0xe
 1108 0682 06       		.uleb128 0x6
 1109 0683 78020000 		.4byte	.LASF93
 1110 0687 0B       		.byte	0xb
 1111 0688 38       		.byte	0x38
 1112 0689 9E000000 		.4byte	0x9e
 1113 068d 0F       		.byte	0xf
 1114 068e 06       		.uleb128 0x6
 1115 068f AD000000 		.4byte	.LASF94
 1116 0693 0B       		.byte	0xb
 1117 0694 39       		.byte	0x39
 1118 0695 9E000000 		.4byte	0x9e
 1119 0699 10       		.byte	0x10
 1120 069a 06       		.uleb128 0x6
 1121 069b 86000000 		.4byte	.LASF95
 1122 069f 0B       		.byte	0xb
 1123 06a0 3B       		.byte	0x3b
 1124 06a1 9E000000 		.4byte	0x9e
 1125 06a5 11       		.byte	0x11
 1126 06a6 06       		.uleb128 0x6
 1127 06a7 BD000000 		.4byte	.LASF96
 1128 06ab 0B       		.byte	0xb
ARM GAS  /tmp/ccGlluwx.s 			page 21


 1129 06ac 3C       		.byte	0x3c
 1130 06ad 9E000000 		.4byte	0x9e
 1131 06b1 12       		.byte	0x12
 1132 06b2 06       		.uleb128 0x6
 1133 06b3 47020000 		.4byte	.LASF97
 1134 06b7 0B       		.byte	0xb
 1135 06b8 3D       		.byte	0x3d
 1136 06b9 9E000000 		.4byte	0x9e
 1137 06bd 13       		.byte	0x13
 1138 06be 06       		.uleb128 0x6
 1139 06bf 3E040000 		.4byte	.LASF98
 1140 06c3 0B       		.byte	0xb
 1141 06c4 3E       		.byte	0x3e
 1142 06c5 9E000000 		.4byte	0x9e
 1143 06c9 14       		.byte	0x14
 1144 06ca 06       		.uleb128 0x6
 1145 06cb 35030000 		.4byte	.LASF99
 1146 06cf 0B       		.byte	0xb
 1147 06d0 40       		.byte	0x40
 1148 06d1 9E000000 		.4byte	0x9e
 1149 06d5 15       		.byte	0x15
 1150 06d6 00       		.byte	0
 1151 06d7 14       		.uleb128 0x14
 1152 06d8 C3050000 		.4byte	0x5c3
 1153 06dc E7060000 		.4byte	0x6e7
 1154 06e0 15       		.uleb128 0x15
 1155 06e1 1F040000 		.4byte	0x41f
 1156 06e5 03       		.byte	0x3
 1157 06e6 00       		.byte	0
 1158 06e7 04       		.uleb128 0x4
 1159 06e8 FF000000 		.4byte	.LASF100
 1160 06ec 0B       		.byte	0xb
 1161 06ed 41       		.byte	0x41
 1162 06ee F6050000 		.4byte	0x5f6
 1163 06f2 16       		.uleb128 0x16
 1164 06f3 B9020000 		.4byte	.LASF101
 1165 06f7 01       		.byte	0x1
 1166 06f8 3D       		.byte	0x3d
 1167 06f9 00000000 		.4byte	.LFB7
 1168 06fd 18000000 		.4byte	.LFE7-.LFB7
 1169 0701 01       		.uleb128 0x1
 1170 0702 9C       		.byte	0x9c
 1171 0703 14070000 		.4byte	0x714
 1172 0707 17       		.uleb128 0x17
 1173 0708 7000     		.ascii	"p\000"
 1174 070a 01       		.byte	0x1
 1175 070b 3D       		.byte	0x3d
 1176 070c A5020000 		.4byte	0x2a5
 1177 0710 02       		.uleb128 0x2
 1178 0711 91       		.byte	0x91
 1179 0712 7C       		.sleb128 -4
 1180 0713 00       		.byte	0
 1181 0714 18       		.uleb128 0x18
 1182 0715 46010000 		.4byte	.LASF102
 1183 0719 01       		.byte	0x1
 1184 071a 54       		.byte	0x54
 1185 071b 00000000 		.4byte	.LFB8
ARM GAS  /tmp/ccGlluwx.s 			page 22


 1186 071f 80000000 		.4byte	.LFE8-.LFB8
 1187 0723 01       		.uleb128 0x1
 1188 0724 9C       		.byte	0x9c
 1189 0725 5D070000 		.4byte	0x75d
 1190 0729 19       		.uleb128 0x19
 1191 072a 74000000 		.4byte	.LASF103
 1192 072e 01       		.byte	0x1
 1193 072f 55       		.byte	0x55
 1194 0730 34010000 		.4byte	0x134
 1195 0734 05       		.uleb128 0x5
 1196 0735 03       		.byte	0x3
 1197 0736 00000000 		.4byte	mainthread.4887
 1198 073a 1A       		.uleb128 0x1a
 1199 073b A1040000 		.4byte	.LASF105
 1200 073f 01       		.byte	0x1
 1201 0740 57       		.byte	0x57
 1202 0741 A7020000 		.4byte	0x2a7
 1203 0745 1B       		.uleb128 0x1b
 1204 0746 40000000 		.4byte	.LBB2
 1205 074a 08000000 		.4byte	.LBE2-.LBB2
 1206 074e 1C       		.uleb128 0x1c
 1207 074f 746D7000 		.ascii	"tmp\000"
 1208 0753 01       		.byte	0x1
 1209 0754 6F       		.byte	0x6f
 1210 0755 BF000000 		.4byte	0xbf
 1211 0759 01       		.uleb128 0x1
 1212 075a 53       		.byte	0x53
 1213 075b 00       		.byte	0
 1214 075c 00       		.byte	0
 1215 075d 18       		.uleb128 0x18
 1216 075e 4A000000 		.4byte	.LASF104
 1217 0762 01       		.byte	0x1
 1218 0763 89       		.byte	0x89
 1219 0764 00000000 		.4byte	.LFB9
 1220 0768 A4000000 		.4byte	.LFE9-.LFB9
 1221 076c 01       		.uleb128 0x1
 1222 076d 9C       		.byte	0x9c
 1223 076e D4070000 		.4byte	0x7d4
 1224 0772 1B       		.uleb128 0x1b
 1225 0773 42000000 		.4byte	.LBB3
 1226 0777 54000000 		.4byte	.LBE3-.LBB3
 1227 077b 1C       		.uleb128 0x1c
 1228 077c 76747000 		.ascii	"vtp\000"
 1229 0780 01       		.byte	0x1
 1230 0781 96       		.byte	0x96
 1231 0782 96040000 		.4byte	0x496
 1232 0786 02       		.uleb128 0x2
 1233 0787 91       		.byte	0x91
 1234 0788 74       		.sleb128 -12
 1235 0789 1B       		.uleb128 0x1b
 1236 078a 4E000000 		.4byte	.LBB4
 1237 078e 3A000000 		.4byte	.LBE4-.LBB4
 1238 0792 1C       		.uleb128 0x1c
 1239 0793 666E00   		.ascii	"fn\000"
 1240 0796 01       		.byte	0x1
 1241 0797 96       		.byte	0x96
 1242 0798 26040000 		.4byte	0x426
ARM GAS  /tmp/ccGlluwx.s 			page 23


 1243 079c 02       		.uleb128 0x2
 1244 079d 91       		.byte	0x91
 1245 079e 70       		.sleb128 -16
 1246 079f 1D       		.uleb128 0x1d
 1247 07a0 6E000000 		.4byte	.LBB5
 1248 07a4 06000000 		.4byte	.LBE5-.LBB5
 1249 07a8 BA070000 		.4byte	0x7ba
 1250 07ac 1C       		.uleb128 0x1c
 1251 07ad 746D7000 		.ascii	"tmp\000"
 1252 07b1 01       		.byte	0x1
 1253 07b2 96       		.byte	0x96
 1254 07b3 BF000000 		.4byte	0xbf
 1255 07b7 01       		.uleb128 0x1
 1256 07b8 53       		.byte	0x53
 1257 07b9 00       		.byte	0
 1258 07ba 1B       		.uleb128 0x1b
 1259 07bb 7E000000 		.4byte	.LBB6
 1260 07bf 06000000 		.4byte	.LBE6-.LBB6
 1261 07c3 1C       		.uleb128 0x1c
 1262 07c4 746D7000 		.ascii	"tmp\000"
 1263 07c8 01       		.byte	0x1
 1264 07c9 96       		.byte	0x96
 1265 07ca BF000000 		.4byte	0xbf
 1266 07ce 01       		.uleb128 0x1
 1267 07cf 53       		.byte	0x53
 1268 07d0 00       		.byte	0
 1269 07d1 00       		.byte	0
 1270 07d2 00       		.byte	0
 1271 07d3 00       		.byte	0
 1272 07d4 1A       		.uleb128 0x1a
 1273 07d5 43000000 		.4byte	.LASF106
 1274 07d9 08       		.byte	0x8
 1275 07da F5       		.byte	0xf5
 1276 07db DA040000 		.4byte	0x4da
 1277 07df 1A       		.uleb128 0x1a
 1278 07e0 1E050000 		.4byte	.LASF107
 1279 07e4 09       		.byte	0x9
 1280 07e5 6F       		.byte	0x6f
 1281 07e6 36050000 		.4byte	0x536
 1282 07ea 1A       		.uleb128 0x1a
 1283 07eb 82010000 		.4byte	.LASF108
 1284 07ef 0B       		.byte	0xb
 1285 07f0 7E       		.byte	0x7e
 1286 07f1 F5070000 		.4byte	0x7f5
 1287 07f5 12       		.uleb128 0x12
 1288 07f6 E7060000 		.4byte	0x6e7
 1289 07fa 14       		.uleb128 0x14
 1290 07fb A7020000 		.4byte	0x2a7
 1291 07ff 0A080000 		.4byte	0x80a
 1292 0803 15       		.uleb128 0x15
 1293 0804 1F040000 		.4byte	0x41f
 1294 0808 2C       		.byte	0x2c
 1295 0809 00       		.byte	0
 1296 080a 1E       		.uleb128 0x1e
 1297 080b 11010000 		.4byte	.LASF109
 1298 080f 01       		.byte	0x1
 1299 0810 31       		.byte	0x31
ARM GAS  /tmp/ccGlluwx.s 			page 24


 1300 0811 FA070000 		.4byte	0x7fa
 1301 0815 05       		.uleb128 0x5
 1302 0816 03       		.byte	0x3
 1303 0817 00000000 		.4byte	_idle_thread_wa
 1304 081b 1A       		.uleb128 0x1a
 1305 081c A1040000 		.4byte	.LASF105
 1306 0820 01       		.byte	0x1
 1307 0821 57       		.byte	0x57
 1308 0822 A7020000 		.4byte	0x2a7
 1309 0826 00       		.byte	0
 1310              		.section	.debug_abbrev,"",%progbits
 1311              	.Ldebug_abbrev0:
 1312 0000 01       		.uleb128 0x1
 1313 0001 11       		.uleb128 0x11
 1314 0002 01       		.byte	0x1
 1315 0003 25       		.uleb128 0x25
 1316 0004 0E       		.uleb128 0xe
 1317 0005 13       		.uleb128 0x13
 1318 0006 0B       		.uleb128 0xb
 1319 0007 03       		.uleb128 0x3
 1320 0008 0E       		.uleb128 0xe
 1321 0009 55       		.uleb128 0x55
 1322 000a 17       		.uleb128 0x17
 1323 000b 11       		.uleb128 0x11
 1324 000c 01       		.uleb128 0x1
 1325 000d 10       		.uleb128 0x10
 1326 000e 17       		.uleb128 0x17
 1327 000f 00       		.byte	0
 1328 0010 00       		.byte	0
 1329 0011 02       		.uleb128 0x2
 1330 0012 24       		.uleb128 0x24
 1331 0013 00       		.byte	0
 1332 0014 0B       		.uleb128 0xb
 1333 0015 0B       		.uleb128 0xb
 1334 0016 3E       		.uleb128 0x3e
 1335 0017 0B       		.uleb128 0xb
 1336 0018 03       		.uleb128 0x3
 1337 0019 08       		.uleb128 0x8
 1338 001a 00       		.byte	0
 1339 001b 00       		.byte	0
 1340 001c 03       		.uleb128 0x3
 1341 001d 24       		.uleb128 0x24
 1342 001e 00       		.byte	0
 1343 001f 0B       		.uleb128 0xb
 1344 0020 0B       		.uleb128 0xb
 1345 0021 3E       		.uleb128 0x3e
 1346 0022 0B       		.uleb128 0xb
 1347 0023 03       		.uleb128 0x3
 1348 0024 0E       		.uleb128 0xe
 1349 0025 00       		.byte	0
 1350 0026 00       		.byte	0
 1351 0027 04       		.uleb128 0x4
 1352 0028 16       		.uleb128 0x16
 1353 0029 00       		.byte	0
 1354 002a 03       		.uleb128 0x3
 1355 002b 0E       		.uleb128 0xe
 1356 002c 3A       		.uleb128 0x3a
ARM GAS  /tmp/ccGlluwx.s 			page 25


 1357 002d 0B       		.uleb128 0xb
 1358 002e 3B       		.uleb128 0x3b
 1359 002f 0B       		.uleb128 0xb
 1360 0030 49       		.uleb128 0x49
 1361 0031 13       		.uleb128 0x13
 1362 0032 00       		.byte	0
 1363 0033 00       		.byte	0
 1364 0034 05       		.uleb128 0x5
 1365 0035 13       		.uleb128 0x13
 1366 0036 01       		.byte	0x1
 1367 0037 03       		.uleb128 0x3
 1368 0038 0E       		.uleb128 0xe
 1369 0039 0B       		.uleb128 0xb
 1370 003a 0B       		.uleb128 0xb
 1371 003b 3A       		.uleb128 0x3a
 1372 003c 0B       		.uleb128 0xb
 1373 003d 3B       		.uleb128 0x3b
 1374 003e 0B       		.uleb128 0xb
 1375 003f 01       		.uleb128 0x1
 1376 0040 13       		.uleb128 0x13
 1377 0041 00       		.byte	0
 1378 0042 00       		.byte	0
 1379 0043 06       		.uleb128 0x6
 1380 0044 0D       		.uleb128 0xd
 1381 0045 00       		.byte	0
 1382 0046 03       		.uleb128 0x3
 1383 0047 0E       		.uleb128 0xe
 1384 0048 3A       		.uleb128 0x3a
 1385 0049 0B       		.uleb128 0xb
 1386 004a 3B       		.uleb128 0x3b
 1387 004b 0B       		.uleb128 0xb
 1388 004c 49       		.uleb128 0x49
 1389 004d 13       		.uleb128 0x13
 1390 004e 38       		.uleb128 0x38
 1391 004f 0B       		.uleb128 0xb
 1392 0050 00       		.byte	0
 1393 0051 00       		.byte	0
 1394 0052 07       		.uleb128 0x7
 1395 0053 0D       		.uleb128 0xd
 1396 0054 00       		.byte	0
 1397 0055 03       		.uleb128 0x3
 1398 0056 08       		.uleb128 0x8
 1399 0057 3A       		.uleb128 0x3a
 1400 0058 0B       		.uleb128 0xb
 1401 0059 3B       		.uleb128 0x3b
 1402 005a 0B       		.uleb128 0xb
 1403 005b 49       		.uleb128 0x49
 1404 005c 13       		.uleb128 0x13
 1405 005d 38       		.uleb128 0x38
 1406 005e 0B       		.uleb128 0xb
 1407 005f 00       		.byte	0
 1408 0060 00       		.byte	0
 1409 0061 08       		.uleb128 0x8
 1410 0062 13       		.uleb128 0x13
 1411 0063 01       		.byte	0x1
 1412 0064 0B       		.uleb128 0xb
 1413 0065 0B       		.uleb128 0xb
ARM GAS  /tmp/ccGlluwx.s 			page 26


 1414 0066 3A       		.uleb128 0x3a
 1415 0067 0B       		.uleb128 0xb
 1416 0068 3B       		.uleb128 0x3b
 1417 0069 0B       		.uleb128 0xb
 1418 006a 01       		.uleb128 0x1
 1419 006b 13       		.uleb128 0x13
 1420 006c 00       		.byte	0
 1421 006d 00       		.byte	0
 1422 006e 09       		.uleb128 0x9
 1423 006f 0F       		.uleb128 0xf
 1424 0070 00       		.byte	0
 1425 0071 0B       		.uleb128 0xb
 1426 0072 0B       		.uleb128 0xb
 1427 0073 49       		.uleb128 0x49
 1428 0074 13       		.uleb128 0x13
 1429 0075 00       		.byte	0
 1430 0076 00       		.byte	0
 1431 0077 0A       		.uleb128 0xa
 1432 0078 0F       		.uleb128 0xf
 1433 0079 00       		.byte	0
 1434 007a 0B       		.uleb128 0xb
 1435 007b 0B       		.uleb128 0xb
 1436 007c 00       		.byte	0
 1437 007d 00       		.byte	0
 1438 007e 0B       		.uleb128 0xb
 1439 007f 13       		.uleb128 0x13
 1440 0080 01       		.byte	0x1
 1441 0081 03       		.uleb128 0x3
 1442 0082 0E       		.uleb128 0xe
 1443 0083 0B       		.uleb128 0xb
 1444 0084 0B       		.uleb128 0xb
 1445 0085 3A       		.uleb128 0x3a
 1446 0086 0B       		.uleb128 0xb
 1447 0087 3B       		.uleb128 0x3b
 1448 0088 05       		.uleb128 0x5
 1449 0089 01       		.uleb128 0x1
 1450 008a 13       		.uleb128 0x13
 1451 008b 00       		.byte	0
 1452 008c 00       		.byte	0
 1453 008d 0C       		.uleb128 0xc
 1454 008e 0D       		.uleb128 0xd
 1455 008f 00       		.byte	0
 1456 0090 03       		.uleb128 0x3
 1457 0091 08       		.uleb128 0x8
 1458 0092 3A       		.uleb128 0x3a
 1459 0093 0B       		.uleb128 0xb
 1460 0094 3B       		.uleb128 0x3b
 1461 0095 05       		.uleb128 0x5
 1462 0096 49       		.uleb128 0x49
 1463 0097 13       		.uleb128 0x13
 1464 0098 38       		.uleb128 0x38
 1465 0099 0B       		.uleb128 0xb
 1466 009a 00       		.byte	0
 1467 009b 00       		.byte	0
 1468 009c 0D       		.uleb128 0xd
 1469 009d 15       		.uleb128 0x15
 1470 009e 01       		.byte	0x1
ARM GAS  /tmp/ccGlluwx.s 			page 27


 1471 009f 27       		.uleb128 0x27
 1472 00a0 19       		.uleb128 0x19
 1473 00a1 01       		.uleb128 0x1
 1474 00a2 13       		.uleb128 0x13
 1475 00a3 00       		.byte	0
 1476 00a4 00       		.byte	0
 1477 00a5 0E       		.uleb128 0xe
 1478 00a6 05       		.uleb128 0x5
 1479 00a7 00       		.byte	0
 1480 00a8 49       		.uleb128 0x49
 1481 00a9 13       		.uleb128 0x13
 1482 00aa 00       		.byte	0
 1483 00ab 00       		.byte	0
 1484 00ac 0F       		.uleb128 0xf
 1485 00ad 35       		.uleb128 0x35
 1486 00ae 00       		.byte	0
 1487 00af 49       		.uleb128 0x49
 1488 00b0 13       		.uleb128 0x13
 1489 00b1 00       		.byte	0
 1490 00b2 00       		.byte	0
 1491 00b3 10       		.uleb128 0x10
 1492 00b4 17       		.uleb128 0x17
 1493 00b5 01       		.byte	0x1
 1494 00b6 0B       		.uleb128 0xb
 1495 00b7 0B       		.uleb128 0xb
 1496 00b8 3A       		.uleb128 0x3a
 1497 00b9 0B       		.uleb128 0xb
 1498 00ba 3B       		.uleb128 0x3b
 1499 00bb 0B       		.uleb128 0xb
 1500 00bc 01       		.uleb128 0x1
 1501 00bd 13       		.uleb128 0x13
 1502 00be 00       		.byte	0
 1503 00bf 00       		.byte	0
 1504 00c0 11       		.uleb128 0x11
 1505 00c1 0D       		.uleb128 0xd
 1506 00c2 00       		.byte	0
 1507 00c3 03       		.uleb128 0x3
 1508 00c4 0E       		.uleb128 0xe
 1509 00c5 3A       		.uleb128 0x3a
 1510 00c6 0B       		.uleb128 0xb
 1511 00c7 3B       		.uleb128 0x3b
 1512 00c8 0B       		.uleb128 0xb
 1513 00c9 49       		.uleb128 0x49
 1514 00ca 13       		.uleb128 0x13
 1515 00cb 00       		.byte	0
 1516 00cc 00       		.byte	0
 1517 00cd 12       		.uleb128 0x12
 1518 00ce 26       		.uleb128 0x26
 1519 00cf 00       		.byte	0
 1520 00d0 49       		.uleb128 0x49
 1521 00d1 13       		.uleb128 0x13
 1522 00d2 00       		.byte	0
 1523 00d3 00       		.byte	0
 1524 00d4 13       		.uleb128 0x13
 1525 00d5 15       		.uleb128 0x15
 1526 00d6 01       		.byte	0x1
 1527 00d7 27       		.uleb128 0x27
ARM GAS  /tmp/ccGlluwx.s 			page 28


 1528 00d8 19       		.uleb128 0x19
 1529 00d9 49       		.uleb128 0x49
 1530 00da 13       		.uleb128 0x13
 1531 00db 01       		.uleb128 0x1
 1532 00dc 13       		.uleb128 0x13
 1533 00dd 00       		.byte	0
 1534 00de 00       		.byte	0
 1535 00df 14       		.uleb128 0x14
 1536 00e0 01       		.uleb128 0x1
 1537 00e1 01       		.byte	0x1
 1538 00e2 49       		.uleb128 0x49
 1539 00e3 13       		.uleb128 0x13
 1540 00e4 01       		.uleb128 0x1
 1541 00e5 13       		.uleb128 0x13
 1542 00e6 00       		.byte	0
 1543 00e7 00       		.byte	0
 1544 00e8 15       		.uleb128 0x15
 1545 00e9 21       		.uleb128 0x21
 1546 00ea 00       		.byte	0
 1547 00eb 49       		.uleb128 0x49
 1548 00ec 13       		.uleb128 0x13
 1549 00ed 2F       		.uleb128 0x2f
 1550 00ee 0B       		.uleb128 0xb
 1551 00ef 00       		.byte	0
 1552 00f0 00       		.byte	0
 1553 00f1 16       		.uleb128 0x16
 1554 00f2 2E       		.uleb128 0x2e
 1555 00f3 01       		.byte	0x1
 1556 00f4 3F       		.uleb128 0x3f
 1557 00f5 19       		.uleb128 0x19
 1558 00f6 03       		.uleb128 0x3
 1559 00f7 0E       		.uleb128 0xe
 1560 00f8 3A       		.uleb128 0x3a
 1561 00f9 0B       		.uleb128 0xb
 1562 00fa 3B       		.uleb128 0x3b
 1563 00fb 0B       		.uleb128 0xb
 1564 00fc 27       		.uleb128 0x27
 1565 00fd 19       		.uleb128 0x19
 1566 00fe 11       		.uleb128 0x11
 1567 00ff 01       		.uleb128 0x1
 1568 0100 12       		.uleb128 0x12
 1569 0101 06       		.uleb128 0x6
 1570 0102 40       		.uleb128 0x40
 1571 0103 18       		.uleb128 0x18
 1572 0104 9742     		.uleb128 0x2117
 1573 0106 19       		.uleb128 0x19
 1574 0107 01       		.uleb128 0x1
 1575 0108 13       		.uleb128 0x13
 1576 0109 00       		.byte	0
 1577 010a 00       		.byte	0
 1578 010b 17       		.uleb128 0x17
 1579 010c 05       		.uleb128 0x5
 1580 010d 00       		.byte	0
 1581 010e 03       		.uleb128 0x3
 1582 010f 08       		.uleb128 0x8
 1583 0110 3A       		.uleb128 0x3a
 1584 0111 0B       		.uleb128 0xb
ARM GAS  /tmp/ccGlluwx.s 			page 29


 1585 0112 3B       		.uleb128 0x3b
 1586 0113 0B       		.uleb128 0xb
 1587 0114 49       		.uleb128 0x49
 1588 0115 13       		.uleb128 0x13
 1589 0116 02       		.uleb128 0x2
 1590 0117 18       		.uleb128 0x18
 1591 0118 00       		.byte	0
 1592 0119 00       		.byte	0
 1593 011a 18       		.uleb128 0x18
 1594 011b 2E       		.uleb128 0x2e
 1595 011c 01       		.byte	0x1
 1596 011d 3F       		.uleb128 0x3f
 1597 011e 19       		.uleb128 0x19
 1598 011f 03       		.uleb128 0x3
 1599 0120 0E       		.uleb128 0xe
 1600 0121 3A       		.uleb128 0x3a
 1601 0122 0B       		.uleb128 0xb
 1602 0123 3B       		.uleb128 0x3b
 1603 0124 0B       		.uleb128 0xb
 1604 0125 27       		.uleb128 0x27
 1605 0126 19       		.uleb128 0x19
 1606 0127 11       		.uleb128 0x11
 1607 0128 01       		.uleb128 0x1
 1608 0129 12       		.uleb128 0x12
 1609 012a 06       		.uleb128 0x6
 1610 012b 40       		.uleb128 0x40
 1611 012c 18       		.uleb128 0x18
 1612 012d 9642     		.uleb128 0x2116
 1613 012f 19       		.uleb128 0x19
 1614 0130 01       		.uleb128 0x1
 1615 0131 13       		.uleb128 0x13
 1616 0132 00       		.byte	0
 1617 0133 00       		.byte	0
 1618 0134 19       		.uleb128 0x19
 1619 0135 34       		.uleb128 0x34
 1620 0136 00       		.byte	0
 1621 0137 03       		.uleb128 0x3
 1622 0138 0E       		.uleb128 0xe
 1623 0139 3A       		.uleb128 0x3a
 1624 013a 0B       		.uleb128 0xb
 1625 013b 3B       		.uleb128 0x3b
 1626 013c 0B       		.uleb128 0xb
 1627 013d 49       		.uleb128 0x49
 1628 013e 13       		.uleb128 0x13
 1629 013f 02       		.uleb128 0x2
 1630 0140 18       		.uleb128 0x18
 1631 0141 00       		.byte	0
 1632 0142 00       		.byte	0
 1633 0143 1A       		.uleb128 0x1a
 1634 0144 34       		.uleb128 0x34
 1635 0145 00       		.byte	0
 1636 0146 03       		.uleb128 0x3
 1637 0147 0E       		.uleb128 0xe
 1638 0148 3A       		.uleb128 0x3a
 1639 0149 0B       		.uleb128 0xb
 1640 014a 3B       		.uleb128 0x3b
 1641 014b 0B       		.uleb128 0xb
ARM GAS  /tmp/ccGlluwx.s 			page 30


 1642 014c 49       		.uleb128 0x49
 1643 014d 13       		.uleb128 0x13
 1644 014e 3F       		.uleb128 0x3f
 1645 014f 19       		.uleb128 0x19
 1646 0150 3C       		.uleb128 0x3c
 1647 0151 19       		.uleb128 0x19
 1648 0152 00       		.byte	0
 1649 0153 00       		.byte	0
 1650 0154 1B       		.uleb128 0x1b
 1651 0155 0B       		.uleb128 0xb
 1652 0156 01       		.byte	0x1
 1653 0157 11       		.uleb128 0x11
 1654 0158 01       		.uleb128 0x1
 1655 0159 12       		.uleb128 0x12
 1656 015a 06       		.uleb128 0x6
 1657 015b 00       		.byte	0
 1658 015c 00       		.byte	0
 1659 015d 1C       		.uleb128 0x1c
 1660 015e 34       		.uleb128 0x34
 1661 015f 00       		.byte	0
 1662 0160 03       		.uleb128 0x3
 1663 0161 08       		.uleb128 0x8
 1664 0162 3A       		.uleb128 0x3a
 1665 0163 0B       		.uleb128 0xb
 1666 0164 3B       		.uleb128 0x3b
 1667 0165 0B       		.uleb128 0xb
 1668 0166 49       		.uleb128 0x49
 1669 0167 13       		.uleb128 0x13
 1670 0168 02       		.uleb128 0x2
 1671 0169 18       		.uleb128 0x18
 1672 016a 00       		.byte	0
 1673 016b 00       		.byte	0
 1674 016c 1D       		.uleb128 0x1d
 1675 016d 0B       		.uleb128 0xb
 1676 016e 01       		.byte	0x1
 1677 016f 11       		.uleb128 0x11
 1678 0170 01       		.uleb128 0x1
 1679 0171 12       		.uleb128 0x12
 1680 0172 06       		.uleb128 0x6
 1681 0173 01       		.uleb128 0x1
 1682 0174 13       		.uleb128 0x13
 1683 0175 00       		.byte	0
 1684 0176 00       		.byte	0
 1685 0177 1E       		.uleb128 0x1e
 1686 0178 34       		.uleb128 0x34
 1687 0179 00       		.byte	0
 1688 017a 03       		.uleb128 0x3
 1689 017b 0E       		.uleb128 0xe
 1690 017c 3A       		.uleb128 0x3a
 1691 017d 0B       		.uleb128 0xb
 1692 017e 3B       		.uleb128 0x3b
 1693 017f 0B       		.uleb128 0xb
 1694 0180 49       		.uleb128 0x49
 1695 0181 13       		.uleb128 0x13
 1696 0182 3F       		.uleb128 0x3f
 1697 0183 19       		.uleb128 0x19
 1698 0184 02       		.uleb128 0x2
ARM GAS  /tmp/ccGlluwx.s 			page 31


 1699 0185 18       		.uleb128 0x18
 1700 0186 00       		.byte	0
 1701 0187 00       		.byte	0
 1702 0188 00       		.byte	0
 1703              		.section	.debug_aranges,"",%progbits
 1704 0000 2C000000 		.4byte	0x2c
 1705 0004 0200     		.2byte	0x2
 1706 0006 00000000 		.4byte	.Ldebug_info0
 1707 000a 04       		.byte	0x4
 1708 000b 00       		.byte	0
 1709 000c 0000     		.2byte	0
 1710 000e 0000     		.2byte	0
 1711 0010 00000000 		.4byte	.LFB7
 1712 0014 18000000 		.4byte	.LFE7-.LFB7
 1713 0018 00000000 		.4byte	.LFB8
 1714 001c 80000000 		.4byte	.LFE8-.LFB8
 1715 0020 00000000 		.4byte	.LFB9
 1716 0024 A4000000 		.4byte	.LFE9-.LFB9
 1717 0028 00000000 		.4byte	0
 1718 002c 00000000 		.4byte	0
 1719              		.section	.debug_ranges,"",%progbits
 1720              	.Ldebug_ranges0:
 1721 0000 00000000 		.4byte	.LFB7
 1722 0004 18000000 		.4byte	.LFE7
 1723 0008 00000000 		.4byte	.LFB8
 1724 000c 80000000 		.4byte	.LFE8
 1725 0010 00000000 		.4byte	.LFB9
 1726 0014 A4000000 		.4byte	.LFE9
 1727 0018 00000000 		.4byte	0
 1728 001c 00000000 		.4byte	0
 1729              		.section	.debug_line,"",%progbits
 1730              	.Ldebug_line0:
 1731 0000 CC010000 		.section	.debug_str,"MS",%progbits,1
 1731      02006C01 
 1731      00000201 
 1731      FB0E0D00 
 1731      01010101 
 1732              	.LASF81:
 1733 0000 7466756E 		.ascii	"tfunc_t\000"
 1733      635F7400 
 1734              	.LASF92:
 1735 0008 63665F6F 		.ascii	"cf_off_older\000"
 1735      66665F6F 
 1735      6C646572 
 1735      00
 1736              	.LASF44:
 1737 0015 705F6D73 		.ascii	"p_msg\000"
 1737      6700
 1738              	.LASF76:
 1739 001b 7264796D 		.ascii	"rdymsg\000"
 1739      736700
 1740              	.LASF18:
 1741 0022 75696E74 		.ascii	"uint64_t\000"
 1741      36345F74 
 1741      00
 1742              	.LASF4:
 1743 002b 5F5F7569 		.ascii	"__uint8_t\000"
ARM GAS  /tmp/ccGlluwx.s 			page 32


 1743      6E74385F 
 1743      7400
 1744              	.LASF88:
 1745 0035 63685F74 		.ascii	"ch_threadsize\000"
 1745      68726561 
 1745      6473697A 
 1745      6500
 1746              	.LASF106:
 1747 0043 76746C69 		.ascii	"vtlist\000"
 1747      737400
 1748              	.LASF104:
 1749 004a 63685379 		.ascii	"chSysTimerHandlerI\000"
 1749      7354696D 
 1749      65724861 
 1749      6E646C65 
 1749      724900
 1750              	.LASF13:
 1751 005d 6C6F6E67 		.ascii	"long long unsigned int\000"
 1751      206C6F6E 
 1751      6720756E 
 1751      7369676E 
 1751      65642069 
 1752              	.LASF103:
 1753 0074 6D61696E 		.ascii	"mainthread\000"
 1753      74687265 
 1753      616400
 1754              	.LASF31:
 1755 007f 705F7072 		.ascii	"p_prio\000"
 1755      696F00
 1756              	.LASF95:
 1757 0086 63665F6F 		.ascii	"cf_off_state\000"
 1757      66665F73 
 1757      74617465 
 1757      00
 1758              	.LASF11:
 1759 0093 6C6F6E67 		.ascii	"long long int\000"
 1759      206C6F6E 
 1759      6720696E 
 1759      7400
 1760              	.LASF1:
 1761 00a1 7369676E 		.ascii	"signed char\000"
 1761      65642063 
 1761      68617200 
 1762              	.LASF94:
 1763 00ad 63665F6F 		.ascii	"cf_off_stklimit\000"
 1763      66665F73 
 1763      746B6C69 
 1763      6D697400 
 1764              	.LASF96:
 1765 00bd 63665F6F 		.ascii	"cf_off_flags\000"
 1765      66665F66 
 1765      6C616773 
 1765      00
 1766              	.LASF48:
 1767 00ca 705F6D70 		.ascii	"p_mpool\000"
 1767      6F6F6C00 
 1768              	.LASF73:
ARM GAS  /tmp/ccGlluwx.s 			page 33


 1769 00d2 6D5F7175 		.ascii	"m_queue\000"
 1769      65756500 
 1770              	.LASF23:
 1771 00da 74736C69 		.ascii	"tslices_t\000"
 1771      6365735F 
 1771      7400
 1772              	.LASF8:
 1773 00e4 6C6F6E67 		.ascii	"long int\000"
 1773      20696E74 
 1773      00
 1774              	.LASF21:
 1775 00ed 74737461 		.ascii	"tstate_t\000"
 1775      74655F74 
 1775      00
 1776              	.LASF15:
 1777 00f6 75696E74 		.ascii	"uint16_t\000"
 1777      31365F74 
 1777      00
 1778              	.LASF100:
 1779 00ff 63686465 		.ascii	"chdebug_t\000"
 1779      6275675F 
 1779      7400
 1780              	.LASF33:
 1781 0109 705F6E65 		.ascii	"p_newer\000"
 1781      77657200 
 1782              	.LASF109:
 1783 0111 5F69646C 		.ascii	"_idle_thread_wa\000"
 1783      655F7468 
 1783      72656164 
 1783      5F776100 
 1784              	.LASF77:
 1785 0121 65786974 		.ascii	"exitcode\000"
 1785      636F6465 
 1785      00
 1786              	.LASF9:
 1787 012a 5F5F7569 		.ascii	"__uint32_t\000"
 1787      6E743332 
 1787      5F7400
 1788              	.LASF51:
 1789 0135 72656761 		.ascii	"regarm_t\000"
 1789      726D5F74 
 1789      00
 1790              	.LASF59:
 1791 013e 76745F70 		.ascii	"vt_prev\000"
 1791      72657600 
 1792              	.LASF102:
 1793 0146 63685379 		.ascii	"chSysInit\000"
 1793      73496E69 
 1793      7400
 1794              	.LASF36:
 1795 0150 705F7374 		.ascii	"p_stklimit\000"
 1795      6B6C696D 
 1795      697400
 1796              	.LASF0:
 1797 015b 756E7369 		.ascii	"unsigned int\000"
 1797      676E6564 
 1797      20696E74 
ARM GAS  /tmp/ccGlluwx.s 			page 34


 1797      00
 1798              	.LASF58:
 1799 0168 76745F6E 		.ascii	"vt_next\000"
 1799      65787400 
 1800              	.LASF10:
 1801 0170 6C6F6E67 		.ascii	"long unsigned int\000"
 1801      20756E73 
 1801      69676E65 
 1801      6420696E 
 1801      7400
 1802              	.LASF108:
 1803 0182 63685F64 		.ascii	"ch_debug\000"
 1803      65627567 
 1803      00
 1804              	.LASF56:
 1805 018b 76746675 		.ascii	"vtfunc_t\000"
 1805      6E635F74 
 1805      00
 1806              	.LASF82:
 1807 0194 63685F69 		.ascii	"ch_identifier\000"
 1807      64656E74 
 1807      69666965 
 1807      7200
 1808              	.LASF57:
 1809 01a2 56697274 		.ascii	"VirtualTimer\000"
 1809      75616C54 
 1809      696D6572 
 1809      00
 1810              	.LASF54:
 1811 01af 636F6E74 		.ascii	"context\000"
 1811      65787400 
 1812              	.LASF6:
 1813 01b7 73686F72 		.ascii	"short unsigned int\000"
 1813      7420756E 
 1813      7369676E 
 1813      65642069 
 1813      6E7400
 1814              	.LASF25:
 1815 01ca 6D73675F 		.ascii	"msg_t\000"
 1815      7400
 1816              	.LASF68:
 1817 01d0 725F6E65 		.ascii	"r_newer\000"
 1817      77657200 
 1818              	.LASF111:
 1819 01d8 2F686F6D 		.ascii	"/home/dave/r2p-sdk/core/ChibiOS/os/kernel/src/chsys"
 1819      652F6461 
 1819      76652F72 
 1819      32702D73 
 1819      646B2F63 
 1820 020b 2E6300   		.ascii	".c\000"
 1821              	.LASF20:
 1822 020e 746D6F64 		.ascii	"tmode_t\000"
 1822      655F7400 
 1823              	.LASF50:
 1824 0216 54687265 		.ascii	"ThreadsList\000"
 1824      6164734C 
 1824      69737400 
ARM GAS  /tmp/ccGlluwx.s 			page 35


 1825              	.LASF26:
 1826 0222 6576656E 		.ascii	"eventmask_t\000"
 1826      746D6173 
 1826      6B5F7400 
 1827              	.LASF72:
 1828 022e 4D757465 		.ascii	"Mutex\000"
 1828      7800
 1829              	.LASF52:
 1830 0234 73746B61 		.ascii	"stkalign_t\000"
 1830      6C69676E 
 1830      5F7400
 1831              	.LASF83:
 1832 023f 63685F7A 		.ascii	"ch_zero\000"
 1832      65726F00 
 1833              	.LASF97:
 1834 0247 63665F6F 		.ascii	"cf_off_refs\000"
 1834      66665F72 
 1834      65667300 
 1835              	.LASF60:
 1836 0253 76745F74 		.ascii	"vt_time\000"
 1836      696D6500 
 1837              	.LASF55:
 1838 025b 73697A65 		.ascii	"sizetype\000"
 1838      74797065 
 1838      00
 1839              	.LASF61:
 1840 0264 76745F66 		.ascii	"vt_func\000"
 1840      756E6300 
 1841              	.LASF87:
 1842 026c 63685F74 		.ascii	"ch_timesize\000"
 1842      696D6573 
 1842      697A6500 
 1843              	.LASF93:
 1844 0278 63665F6F 		.ascii	"cf_off_name\000"
 1844      66665F6E 
 1844      616D6500 
 1845              	.LASF34:
 1846 0284 705F6F6C 		.ascii	"p_older\000"
 1846      64657200 
 1847              	.LASF67:
 1848 028c 725F6374 		.ascii	"r_ctx\000"
 1848      7800
 1849              	.LASF49:
 1850 0292 54687265 		.ascii	"ThreadsQueue\000"
 1850      61647351 
 1850      75657565 
 1850      00
 1851              	.LASF84:
 1852 029f 63685F73 		.ascii	"ch_size\000"
 1852      697A6500 
 1853              	.LASF70:
 1854 02a7 725F6375 		.ascii	"r_current\000"
 1854      7272656E 
 1854      7400
 1855              	.LASF69:
 1856 02b1 725F6F6C 		.ascii	"r_older\000"
 1856      64657200 
ARM GAS  /tmp/ccGlluwx.s 			page 36


 1857              	.LASF101:
 1858 02b9 5F69646C 		.ascii	"_idle_thread\000"
 1858      655F7468 
 1858      72656164 
 1858      00
 1859              	.LASF12:
 1860 02c6 5F5F7569 		.ascii	"__uint64_t\000"
 1860      6E743634 
 1860      5F7400
 1861              	.LASF22:
 1862 02d1 74726566 		.ascii	"trefs_t\000"
 1862      735F7400 
 1863              	.LASF86:
 1864 02d9 63685F70 		.ascii	"ch_ptrsize\000"
 1864      74727369 
 1864      7A6500
 1865              	.LASF30:
 1866 02e4 705F7072 		.ascii	"p_prev\000"
 1866      657600
 1867              	.LASF24:
 1868 02eb 74707269 		.ascii	"tprio_t\000"
 1868      6F5F7400 
 1869              	.LASF19:
 1870 02f3 5F426F6F 		.ascii	"_Bool\000"
 1870      6C00
 1871              	.LASF16:
 1872 02f9 696E7433 		.ascii	"int32_t\000"
 1872      325F7400 
 1873              	.LASF2:
 1874 0301 756E7369 		.ascii	"unsigned char\000"
 1874      676E6564 
 1874      20636861 
 1874      7200
 1875              	.LASF46:
 1876 030f 705F6D74 		.ascii	"p_mtxlist\000"
 1876      786C6973 
 1876      7400
 1877              	.LASF3:
 1878 0319 73686F72 		.ascii	"short int\000"
 1878      7420696E 
 1878      7400
 1879              	.LASF37:
 1880 0323 705F7374 		.ascii	"p_state\000"
 1880      61746500 
 1881              	.LASF40:
 1882 032b 705F7072 		.ascii	"p_preempt\000"
 1882      65656D70 
 1882      7400
 1883              	.LASF99:
 1884 0335 63665F6F 		.ascii	"cf_off_time\000"
 1884      66665F74 
 1884      696D6500 
 1885              	.LASF66:
 1886 0341 725F7072 		.ascii	"r_prio\000"
 1886      696F00
 1887              	.LASF110:
 1888 0348 474E5520 		.ascii	"GNU C 4.8.4 20141219 (release) -mcpu=cortex-m4 -mfl"
ARM GAS  /tmp/ccGlluwx.s 			page 37


 1888      4320342E 
 1888      382E3420 
 1888      32303134 
 1888      31323139 
 1889 037b 6F61742D 		.ascii	"oat-abi=hard -mfpu=fpv4-sp-d16 -mno-thumb-interwork"
 1889      6162693D 
 1889      68617264 
 1889      202D6D66 
 1889      70753D66 
 1890 03ae 202D6D74 		.ascii	" -mthumb -ggdb -O0 -fomit-frame-pointer -falign-fun"
 1890      68756D62 
 1890      202D6767 
 1890      6462202D 
 1890      4F30202D 
 1891 03e1 6374696F 		.ascii	"ctions=16 -ffunction-sections -fdata-sections -fno-"
 1891      6E733D31 
 1891      36202D66 
 1891      66756E63 
 1891      74696F6E 
 1892 0414 636F6D6D 		.ascii	"common -fsingle-precision-constant\000"
 1892      6F6E202D 
 1892      6673696E 
 1892      676C652D 
 1892      70726563 
 1893              	.LASF29:
 1894 0437 705F6E65 		.ascii	"p_next\000"
 1894      787400
 1895              	.LASF98:
 1896 043e 63665F6F 		.ascii	"cf_off_preempt\000"
 1896      66665F70 
 1896      7265656D 
 1896      707400
 1897              	.LASF38:
 1898 044d 705F666C 		.ascii	"p_flags\000"
 1898      61677300 
 1899              	.LASF28:
 1900 0455 54687265 		.ascii	"Thread\000"
 1900      616400
 1901              	.LASF91:
 1902 045c 63665F6F 		.ascii	"cf_off_newer\000"
 1902      66665F6E 
 1902      65776572 
 1902      00
 1903              	.LASF45:
 1904 0469 705F6570 		.ascii	"p_epending\000"
 1904      656E6469 
 1904      6E6700
 1905              	.LASF17:
 1906 0474 75696E74 		.ascii	"uint32_t\000"
 1906      33325F74 
 1906      00
 1907              	.LASF89:
 1908 047d 63665F6F 		.ascii	"cf_off_prio\000"
 1908      66665F70 
 1908      72696F00 
 1909              	.LASF65:
 1910 0489 725F7175 		.ascii	"r_queue\000"
ARM GAS  /tmp/ccGlluwx.s 			page 38


 1910      65756500 
 1911              	.LASF80:
 1912 0491 63686172 		.ascii	"char\000"
 1912      00
 1913              	.LASF5:
 1914 0496 5F5F7569 		.ascii	"__uint16_t\000"
 1914      6E743136 
 1914      5F7400
 1915              	.LASF105:
 1916 04a1 5F5F6D61 		.ascii	"__main_thread_stack_base__\000"
 1916      696E5F74 
 1916      68726561 
 1916      645F7374 
 1916      61636B5F 
 1917              	.LASF75:
 1918 04bc 6D5F6E65 		.ascii	"m_next\000"
 1918      787400
 1919              	.LASF27:
 1920 04c3 73797374 		.ascii	"systime_t\000"
 1920      696D655F 
 1920      7400
 1921              	.LASF47:
 1922 04cd 705F7265 		.ascii	"p_realprio\000"
 1922      616C7072 
 1922      696F00
 1923              	.LASF7:
 1924 04d8 5F5F696E 		.ascii	"__int32_t\000"
 1924      7433325F 
 1924      7400
 1925              	.LASF41:
 1926 04e2 705F7469 		.ascii	"p_time\000"
 1926      6D6500
 1927              	.LASF53:
 1928 04e9 696E7463 		.ascii	"intctx\000"
 1928      747800
 1929              	.LASF43:
 1930 04f0 705F6D73 		.ascii	"p_msgqueue\000"
 1930      67717565 
 1930      756500
 1931              	.LASF62:
 1932 04fb 76745F70 		.ascii	"vt_par\000"
 1932      617200
 1933              	.LASF90:
 1934 0502 63665F6F 		.ascii	"cf_off_ctx\000"
 1934      66665F63 
 1934      747800
 1935              	.LASF39:
 1936 050d 705F7265 		.ascii	"p_refs\000"
 1936      667300
 1937              	.LASF71:
 1938 0514 52656164 		.ascii	"ReadyList\000"
 1938      794C6973 
 1938      7400
 1939              	.LASF107:
 1940 051e 726C6973 		.ascii	"rlist\000"
 1940      7400
 1941              	.LASF14:
ARM GAS  /tmp/ccGlluwx.s 			page 39


 1942 0524 75696E74 		.ascii	"uint8_t\000"
 1942      385F7400 
 1943              	.LASF79:
 1944 052c 65776D61 		.ascii	"ewmask\000"
 1944      736B00
 1945              	.LASF78:
 1946 0533 77746F62 		.ascii	"wtobjp\000"
 1946      6A7000
 1947              	.LASF35:
 1948 053a 705F6E61 		.ascii	"p_name\000"
 1948      6D6500
 1949              	.LASF63:
 1950 0541 76745F73 		.ascii	"vt_systime\000"
 1950      79737469 
 1950      6D6500
 1951              	.LASF85:
 1952 054c 63685F76 		.ascii	"ch_version\000"
 1952      65727369 
 1952      6F6E00
 1953              	.LASF64:
 1954 0557 56544C69 		.ascii	"VTList\000"
 1954      737400
 1955              	.LASF74:
 1956 055e 6D5F6F77 		.ascii	"m_owner\000"
 1956      6E657200 
 1957              	.LASF32:
 1958 0566 705F6374 		.ascii	"p_ctx\000"
 1958      7800
 1959              	.LASF42:
 1960 056c 705F7761 		.ascii	"p_waiting\000"
 1960      6974696E 
 1960      6700
 1961              		.ident	"GCC: (4.8.4-1+11-1) 4.8.4 20141219 (release)"
ARM GAS  /tmp/ccGlluwx.s 			page 40


DEFINED SYMBOLS
                            *ABS*:0000000000000000 chsys.c
     /tmp/ccGlluwx.s:25     .bss._idle_thread_wa:0000000000000000 _idle_thread_wa
     /tmp/ccGlluwx.s:22     .bss._idle_thread_wa:0000000000000000 $d
     /tmp/ccGlluwx.s:28     .rodata:0000000000000000 $d
     /tmp/ccGlluwx.s:32     .text._idle_thread:0000000000000000 $t
     /tmp/ccGlluwx.s:38     .text._idle_thread:0000000000000000 _idle_thread
     /tmp/ccGlluwx.s:60     .text._idle_thread:0000000000000010 $d
     /tmp/ccGlluwx.s:66     .text.chSysInit:0000000000000000 $t
     /tmp/ccGlluwx.s:72     .text.chSysInit:0000000000000000 chSysInit
     /tmp/ccGlluwx.s:142    .text.chSysInit:0000000000000068 $d
     /tmp/ccGlluwx.s:276    .bss.mainthread.4887:0000000000000000 mainthread.4887
     /tmp/ccGlluwx.s:152    .text.chSysTimerHandlerI:0000000000000000 $t
     /tmp/ccGlluwx.s:158    .text.chSysTimerHandlerI:0000000000000000 chSysTimerHandlerI
     /tmp/ccGlluwx.s:267    .text.chSysTimerHandlerI:000000000000009c $d
     /tmp/ccGlluwx.s:273    .bss.mainthread.4887:0000000000000000 $d
                     .debug_frame:0000000000000010 $d
     /tmp/ccGlluwx.s:65     .text._idle_thread:0000000000000018 $t
     /tmp/ccGlluwx.s:272    .text.chSysTimerHandlerI:00000000000000a4 $t

UNDEFINED SYMBOLS
rlist
_port_init
_scheduler_init
_vt_init
_core_init
_heap_init
_trace_init
_thread_init
dbg_check_enable
chThdCreateStatic
__main_thread_stack_base__
ch_debug
chDbgCheckClassI
dbg_check_unlock_from_isr
dbg_check_lock_from_isr
vtlist
