ARM GAS  /tmp/ccfkR1OD.s 			page 1


   1              		.syntax unified
   2              		.cpu cortex-m4
   3              		.eabi_attribute 27, 3
   4              		.eabi_attribute 28, 1
   5              		.fpu fpv4-sp-d16
   6              		.eabi_attribute 20, 1
   7              		.eabi_attribute 21, 1
   8              		.eabi_attribute 23, 3
   9              		.eabi_attribute 24, 1
  10              		.eabi_attribute 25, 1
  11              		.eabi_attribute 26, 1
  12              		.eabi_attribute 30, 6
  13              		.eabi_attribute 34, 1
  14              		.eabi_attribute 18, 4
  15              		.thumb
  16              		.file	"evtimer.c"
  17              		.text
  18              	.Ltext0:
  19              		.cfi_sections	.debug_frame
  20              		.section	.text.tmrcb,"ax",%progbits
  21              		.align	2
  22              		.p2align 4,,15
  23              		.thumb
  24              		.thumb_func
  25              		.type	tmrcb, %function
  26              	tmrcb:
  27              	.LFB7:
  28              		.file 1 "/home/dave/r2p-sdk/core/ChibiOS/os/various/evtimer.c"
  29              		.loc 1 28 0
  30              		.cfi_startproc
  31              		@ args = 0, pretend = 0, frame = 16
  32              		@ frame_needed = 0, uses_anonymous_args = 0
  33 0000 00B5     		push	{lr}
  34              		.cfi_def_cfa_offset 4
  35              		.cfi_offset 14, -4
  36 0002 85B0     		sub	sp, sp, #20
  37              		.cfi_def_cfa_offset 24
  38 0004 0190     		str	r0, [sp, #4]
  39              		.loc 1 29 0
  40 0006 019B     		ldr	r3, [sp, #4]
  41 0008 0393     		str	r3, [sp, #12]
  42              	.LBB2:
  43              		.loc 1 31 0
  44 000a 2023     		movs	r3, #32
  45              	@ 31 "/home/dave/r2p-sdk/core/ChibiOS/os/various/evtimer.c" 1
  46 000c 83F31188 		msr     BASEPRI, r3
  47              	@ 0 "" 2
  48              		.thumb
  49              	.LBE2:
  50 0010 FFF7FEFF 		bl	dbg_check_lock_from_isr
  51              		.loc 1 32 0
  52 0014 039B     		ldr	r3, [sp, #12]
  53 0016 1433     		adds	r3, r3, #20
  54 0018 1846     		mov	r0, r3
  55 001a 0021     		movs	r1, #0
  56 001c FFF7FEFF 		bl	chEvtBroadcastFlagsI
  57              		.loc 1 33 0
ARM GAS  /tmp/ccfkR1OD.s 			page 2


  58 0020 039A     		ldr	r2, [sp, #12]
  59 0022 039B     		ldr	r3, [sp, #12]
  60 0024 9B69     		ldr	r3, [r3, #24]
  61 0026 1046     		mov	r0, r2
  62 0028 1946     		mov	r1, r3
  63 002a 064A     		ldr	r2, .L2
  64 002c 039B     		ldr	r3, [sp, #12]
  65 002e FFF7FEFF 		bl	chVTSetI
  66              		.loc 1 34 0
  67 0032 FFF7FEFF 		bl	dbg_check_unlock_from_isr
  68              	.LBB3:
  69 0036 0023     		movs	r3, #0
  70              	@ 34 "/home/dave/r2p-sdk/core/ChibiOS/os/various/evtimer.c" 1
  71 0038 83F31188 		msr     BASEPRI, r3
  72              	@ 0 "" 2
  73              		.thumb
  74              	.LBE3:
  75              		.loc 1 35 0
  76 003c 05B0     		add	sp, sp, #20
  77              		@ sp needed
  78 003e 5DF804FB 		ldr	pc, [sp], #4
  79              	.L3:
  80 0042 00BF     		.align	2
  81              	.L2:
  82 0044 00000000 		.word	tmrcb
  83              		.cfi_endproc
  84              	.LFE7:
  85              		.size	tmrcb, .-tmrcb
  86 0048 AFF30080 		.section	.text.evtStart,"ax",%progbits
  86      AFF30080 
  87              		.align	2
  88              		.p2align 4,,15
  89              		.global	evtStart
  90              		.thumb
  91              		.thumb_func
  92              		.type	evtStart, %function
  93              	evtStart:
  94              	.LFB8:
  95              		.loc 1 43 0
  96              		.cfi_startproc
  97              		@ args = 0, pretend = 0, frame = 8
  98              		@ frame_needed = 0, uses_anonymous_args = 0
  99 0000 00B5     		push	{lr}
 100              		.cfi_def_cfa_offset 4
 101              		.cfi_offset 14, -4
 102 0002 83B0     		sub	sp, sp, #12
 103              		.cfi_def_cfa_offset 16
 104 0004 0190     		str	r0, [sp, #4]
 105              	.LBB4:
 106              		.loc 1 45 0
 107 0006 2023     		movs	r3, #32
 108              	@ 45 "/home/dave/r2p-sdk/core/ChibiOS/os/various/evtimer.c" 1
 109 0008 83F31188 		msr     BASEPRI, r3
 110              	@ 0 "" 2
 111              		.thumb
 112              	.LBE4:
 113 000c FFF7FEFF 		bl	dbg_check_lock
ARM GAS  /tmp/ccfkR1OD.s 			page 3


 114              		.loc 1 47 0
 115 0010 019B     		ldr	r3, [sp, #4]
 116 0012 DB68     		ldr	r3, [r3, #12]
 117 0014 002B     		cmp	r3, #0
 118 0016 08D1     		bne	.L5
 119              		.loc 1 48 0
 120 0018 019A     		ldr	r2, [sp, #4]
 121 001a 019B     		ldr	r3, [sp, #4]
 122 001c 9B69     		ldr	r3, [r3, #24]
 123 001e 1046     		mov	r0, r2
 124 0020 1946     		mov	r1, r3
 125 0022 064A     		ldr	r2, .L6
 126 0024 019B     		ldr	r3, [sp, #4]
 127 0026 FFF7FEFF 		bl	chVTSetI
 128              	.L5:
 129              		.loc 1 50 0
 130 002a FFF7FEFF 		bl	dbg_check_unlock
 131              	.LBB5:
 132 002e 0023     		movs	r3, #0
 133              	@ 50 "/home/dave/r2p-sdk/core/ChibiOS/os/various/evtimer.c" 1
 134 0030 83F31188 		msr     BASEPRI, r3
 135              	@ 0 "" 2
 136              		.thumb
 137              	.LBE5:
 138              		.loc 1 51 0
 139 0034 03B0     		add	sp, sp, #12
 140              		@ sp needed
 141 0036 5DF804FB 		ldr	pc, [sp], #4
 142              	.L7:
 143 003a 00BF     		.align	2
 144              	.L6:
 145 003c 00000000 		.word	tmrcb
 146              		.cfi_endproc
 147              	.LFE8:
 148              		.size	evtStart, .-evtStart
 149              		.section	.text.evtStop,"ax",%progbits
 150              		.align	2
 151              		.p2align 4,,15
 152              		.global	evtStop
 153              		.thumb
 154              		.thumb_func
 155              		.type	evtStop, %function
 156              	evtStop:
 157              	.LFB9:
 158              		.loc 1 59 0
 159              		.cfi_startproc
 160              		@ args = 0, pretend = 0, frame = 8
 161              		@ frame_needed = 0, uses_anonymous_args = 0
 162 0000 00B5     		push	{lr}
 163              		.cfi_def_cfa_offset 4
 164              		.cfi_offset 14, -4
 165 0002 83B0     		sub	sp, sp, #12
 166              		.cfi_def_cfa_offset 16
 167 0004 0190     		str	r0, [sp, #4]
 168              	.LBB6:
 169              		.loc 1 61 0
 170 0006 2023     		movs	r3, #32
ARM GAS  /tmp/ccfkR1OD.s 			page 4


 171              	@ 61 "/home/dave/r2p-sdk/core/ChibiOS/os/various/evtimer.c" 1
 172 0008 83F31188 		msr     BASEPRI, r3
 173              	@ 0 "" 2
 174              		.thumb
 175              	.LBE6:
 176 000c FFF7FEFF 		bl	dbg_check_lock
 177 0010 019B     		ldr	r3, [sp, #4]
 178 0012 DB68     		ldr	r3, [r3, #12]
 179 0014 002B     		cmp	r3, #0
 180 0016 03D0     		beq	.L9
 181              		.loc 1 61 0 is_stmt 0 discriminator 1
 182 0018 019B     		ldr	r3, [sp, #4]
 183 001a 1846     		mov	r0, r3
 184 001c FFF7FEFF 		bl	chVTResetI
 185              	.L9:
 186              		.loc 1 61 0 discriminator 2
 187 0020 FFF7FEFF 		bl	dbg_check_unlock
 188              	.LBB7:
 189 0024 0023     		movs	r3, #0
 190              	@ 61 "/home/dave/r2p-sdk/core/ChibiOS/os/various/evtimer.c" 1
 191 0026 83F31188 		msr     BASEPRI, r3
 192              	@ 0 "" 2
 193              		.thumb
 194              	.LBE7:
 195              		.loc 1 62 0 is_stmt 1 discriminator 2
 196 002a 03B0     		add	sp, sp, #12
 197              		@ sp needed
 198 002c 5DF804FB 		ldr	pc, [sp], #4
 199              		.cfi_endproc
 200              	.LFE9:
 201              		.size	evtStop, .-evtStop
 202              		.text
 203              	.Letext0:
 204              		.file 2 "/usr/include/newlib/machine/_default_types.h"
 205              		.file 3 "/usr/include/newlib/stdint.h"
 206              		.file 4 "/home/dave/r2p-sdk/core/ChibiOS/os/ports/GCC/ARMCMx/chtypes.h"
 207              		.file 5 "/home/dave/r2p-sdk/core/ChibiOS/os/kernel/include/chlists.h"
 208              		.file 6 "/home/dave/r2p-sdk/core/ChibiOS/os/kernel/include/chthreads.h"
 209              		.file 7 "/home/dave/r2p-sdk/core/ChibiOS/os/ports/GCC/ARMCMx/chcore_v7m.h"
 210              		.file 8 "/home/dave/r2p-sdk/core/ChibiOS/os/kernel/include/chvt.h"
 211              		.file 9 "/home/dave/r2p-sdk/core/ChibiOS/os/kernel/include/chmtx.h"
 212              		.file 10 "/home/dave/r2p-sdk/core/ChibiOS/os/kernel/include/chevents.h"
 213              		.file 11 "/home/dave/r2p-sdk/core/ChibiOS/os/various/evtimer.h"
 214              		.section	.debug_info,"",%progbits
 215              	.Ldebug_info0:
 216 0000 E2060000 		.4byte	0x6e2
 217 0004 0400     		.2byte	0x4
 218 0006 00000000 		.4byte	.Ldebug_abbrev0
 219 000a 04       		.byte	0x4
 220 000b 01       		.uleb128 0x1
 221 000c 31020000 		.4byte	.LASF82
 222 0010 01       		.byte	0x1
 223 0011 83030000 		.4byte	.LASF83
 224 0015 00000000 		.4byte	.Ldebug_ranges0+0
 225 0019 00000000 		.4byte	0
 226 001d 00000000 		.4byte	.Ldebug_line0
 227 0021 02       		.uleb128 0x2
ARM GAS  /tmp/ccfkR1OD.s 			page 5


 228 0022 04       		.byte	0x4
 229 0023 05       		.byte	0x5
 230 0024 696E7400 		.ascii	"int\000"
 231 0028 03       		.uleb128 0x3
 232 0029 04       		.byte	0x4
 233 002a 07       		.byte	0x7
 234 002b E5000000 		.4byte	.LASF0
 235 002f 03       		.uleb128 0x3
 236 0030 01       		.byte	0x1
 237 0031 06       		.byte	0x6
 238 0032 61000000 		.4byte	.LASF1
 239 0036 04       		.uleb128 0x4
 240 0037 22000000 		.4byte	.LASF5
 241 003b 02       		.byte	0x2
 242 003c 1D       		.byte	0x1d
 243 003d 41000000 		.4byte	0x41
 244 0041 03       		.uleb128 0x3
 245 0042 01       		.byte	0x1
 246 0043 08       		.byte	0x8
 247 0044 E8010000 		.4byte	.LASF2
 248 0048 03       		.uleb128 0x3
 249 0049 02       		.byte	0x2
 250 004a 05       		.byte	0x5
 251 004b 15020000 		.4byte	.LASF3
 252 004f 03       		.uleb128 0x3
 253 0050 02       		.byte	0x2
 254 0051 07       		.byte	0x7
 255 0052 2A010000 		.4byte	.LASF4
 256 0056 04       		.uleb128 0x4
 257 0057 71030000 		.4byte	.LASF6
 258 005b 02       		.byte	0x2
 259 005c 3F       		.byte	0x3f
 260 005d 61000000 		.4byte	0x61
 261 0061 03       		.uleb128 0x3
 262 0062 04       		.byte	0x4
 263 0063 05       		.byte	0x5
 264 0064 8F000000 		.4byte	.LASF7
 265 0068 04       		.uleb128 0x4
 266 0069 B2000000 		.4byte	.LASF8
 267 006d 02       		.byte	0x2
 268 006e 41       		.byte	0x41
 269 006f 73000000 		.4byte	0x73
 270 0073 03       		.uleb128 0x3
 271 0074 04       		.byte	0x4
 272 0075 07       		.byte	0x7
 273 0076 FA000000 		.4byte	.LASF9
 274 007a 03       		.uleb128 0x3
 275 007b 08       		.byte	0x8
 276 007c 05       		.byte	0x5
 277 007d 53000000 		.4byte	.LASF10
 278 0081 04       		.uleb128 0x4
 279 0082 B8010000 		.4byte	.LASF11
 280 0086 02       		.byte	0x2
 281 0087 5B       		.byte	0x5b
 282 0088 8C000000 		.4byte	0x8c
 283 008c 03       		.uleb128 0x3
 284 008d 08       		.byte	0x8
ARM GAS  /tmp/ccfkR1OD.s 			page 6


 285 008e 07       		.byte	0x7
 286 008f 2C000000 		.4byte	.LASF12
 287 0093 04       		.uleb128 0x4
 288 0094 EB030000 		.4byte	.LASF13
 289 0098 03       		.byte	0x3
 290 0099 2A       		.byte	0x2a
 291 009a 36000000 		.4byte	0x36
 292 009e 04       		.uleb128 0x4
 293 009f E0010000 		.4byte	.LASF14
 294 00a3 03       		.byte	0x3
 295 00a4 41       		.byte	0x41
 296 00a5 56000000 		.4byte	0x56
 297 00a9 04       		.uleb128 0x4
 298 00aa 41030000 		.4byte	.LASF15
 299 00ae 03       		.byte	0x3
 300 00af 42       		.byte	0x42
 301 00b0 68000000 		.4byte	0x68
 302 00b4 04       		.uleb128 0x4
 303 00b5 19000000 		.4byte	.LASF16
 304 00b9 03       		.byte	0x3
 305 00ba 4E       		.byte	0x4e
 306 00bb 81000000 		.4byte	0x81
 307 00bf 03       		.uleb128 0x3
 308 00c0 01       		.byte	0x1
 309 00c1 02       		.byte	0x2
 310 00c2 DA010000 		.4byte	.LASF17
 311 00c6 04       		.uleb128 0x4
 312 00c7 4B010000 		.4byte	.LASF18
 313 00cb 04       		.byte	0x4
 314 00cc 2C       		.byte	0x2c
 315 00cd 93000000 		.4byte	0x93
 316 00d1 04       		.uleb128 0x4
 317 00d2 98000000 		.4byte	.LASF19
 318 00d6 04       		.byte	0x4
 319 00d7 2D       		.byte	0x2d
 320 00d8 93000000 		.4byte	0x93
 321 00dc 04       		.uleb128 0x4
 322 00dd C3010000 		.4byte	.LASF20
 323 00e1 04       		.byte	0x4
 324 00e2 2E       		.byte	0x2e
 325 00e3 93000000 		.4byte	0x93
 326 00e7 04       		.uleb128 0x4
 327 00e8 85000000 		.4byte	.LASF21
 328 00ec 04       		.byte	0x4
 329 00ed 2F       		.byte	0x2f
 330 00ee 93000000 		.4byte	0x93
 331 00f2 04       		.uleb128 0x4
 332 00f3 D2010000 		.4byte	.LASF22
 333 00f7 04       		.byte	0x4
 334 00f8 30       		.byte	0x30
 335 00f9 A9000000 		.4byte	0xa9
 336 00fd 04       		.uleb128 0x4
 337 00fe 3D010000 		.4byte	.LASF23
 338 0102 04       		.byte	0x4
 339 0103 31       		.byte	0x31
 340 0104 9E000000 		.4byte	0x9e
 341 0108 04       		.uleb128 0x4
ARM GAS  /tmp/ccfkR1OD.s 			page 7


 342 0109 5F010000 		.4byte	.LASF24
 343 010d 04       		.byte	0x4
 344 010e 33       		.byte	0x33
 345 010f A9000000 		.4byte	0xa9
 346 0113 04       		.uleb128 0x4
 347 0114 D8030000 		.4byte	.LASF25
 348 0118 04       		.byte	0x4
 349 0119 34       		.byte	0x34
 350 011a A9000000 		.4byte	0xa9
 351 011e 04       		.uleb128 0x4
 352 011f 5C030000 		.4byte	.LASF26
 353 0123 04       		.byte	0x4
 354 0124 35       		.byte	0x35
 355 0125 A9000000 		.4byte	0xa9
 356 0129 04       		.uleb128 0x4
 357 012a 2F030000 		.4byte	.LASF27
 358 012e 05       		.byte	0x5
 359 012f 2A       		.byte	0x2a
 360 0130 34010000 		.4byte	0x134
 361 0134 05       		.uleb128 0x5
 362 0135 2F030000 		.4byte	.LASF27
 363 0139 4C       		.byte	0x4c
 364 013a 06       		.byte	0x6
 365 013b 5E       		.byte	0x5e
 366 013c 3D020000 		.4byte	0x23d
 367 0140 06       		.uleb128 0x6
 368 0141 20030000 		.4byte	.LASF28
 369 0145 06       		.byte	0x6
 370 0146 5F       		.byte	0x5f
 371 0147 5E020000 		.4byte	0x25e
 372 014b 00       		.byte	0
 373 014c 06       		.uleb128 0x6
 374 014d CB010000 		.4byte	.LASF29
 375 0151 06       		.byte	0x6
 376 0152 61       		.byte	0x61
 377 0153 5E020000 		.4byte	0x25e
 378 0157 04       		.byte	0x4
 379 0158 06       		.uleb128 0x6
 380 0159 4C000000 		.4byte	.LASF30
 381 015d 06       		.byte	0x6
 382 015e 63       		.byte	0x63
 383 015f F2000000 		.4byte	0xf2
 384 0163 08       		.byte	0x8
 385 0164 06       		.uleb128 0x6
 386 0165 2C040000 		.4byte	.LASF31
 387 0169 06       		.byte	0x6
 388 016a 64       		.byte	0x64
 389 016b F3030000 		.4byte	0x3f3
 390 016f 0C       		.byte	0xc
 391 0170 06       		.uleb128 0x6
 392 0171 A1000000 		.4byte	.LASF32
 393 0175 06       		.byte	0x6
 394 0176 66       		.byte	0x66
 395 0177 5E020000 		.4byte	0x25e
 396 017b 10       		.byte	0x10
 397 017c 06       		.uleb128 0x6
 398 017d 9B010000 		.4byte	.LASF33
ARM GAS  /tmp/ccfkR1OD.s 			page 8


 399 0181 06       		.byte	0x6
 400 0182 67       		.byte	0x67
 401 0183 5E020000 		.4byte	0x25e
 402 0187 14       		.byte	0x14
 403 0188 06       		.uleb128 0x6
 404 0189 0F040000 		.4byte	.LASF34
 405 018d 06       		.byte	0x6
 406 018e 6E       		.byte	0x6e
 407 018f 7F050000 		.4byte	0x57f
 408 0193 18       		.byte	0x18
 409 0194 06       		.uleb128 0x6
 410 0195 DA000000 		.4byte	.LASF35
 411 0199 06       		.byte	0x6
 412 019a 74       		.byte	0x74
 413 019b 91050000 		.4byte	0x591
 414 019f 1C       		.byte	0x1c
 415 01a0 06       		.uleb128 0x6
 416 01a1 1F020000 		.4byte	.LASF36
 417 01a5 06       		.byte	0x6
 418 01a6 79       		.byte	0x79
 419 01a7 D1000000 		.4byte	0xd1
 420 01ab 20       		.byte	0x20
 421 01ac 06       		.uleb128 0x6
 422 01ad 27030000 		.4byte	.LASF37
 423 01b1 06       		.byte	0x6
 424 01b2 7D       		.byte	0x7d
 425 01b3 C6000000 		.4byte	0xc6
 426 01b7 21       		.byte	0x21
 427 01b8 06       		.uleb128 0x6
 428 01b9 E4030000 		.4byte	.LASF38
 429 01bd 06       		.byte	0x6
 430 01be 82       		.byte	0x82
 431 01bf DC000000 		.4byte	0xdc
 432 01c3 22       		.byte	0x22
 433 01c4 06       		.uleb128 0x6
 434 01c5 27020000 		.4byte	.LASF39
 435 01c9 06       		.byte	0x6
 436 01ca 88       		.byte	0x88
 437 01cb E7000000 		.4byte	0xe7
 438 01cf 23       		.byte	0x23
 439 01d0 06       		.uleb128 0x6
 440 01d1 B8030000 		.4byte	.LASF40
 441 01d5 06       		.byte	0x6
 442 01d6 8F       		.byte	0x8f
 443 01d7 91040000 		.4byte	0x491
 444 01db 24       		.byte	0x24
 445 01dc 07       		.uleb128 0x7
 446 01dd 705F7500 		.ascii	"p_u\000"
 447 01e1 06       		.byte	0x6
 448 01e2 B4       		.byte	0xb4
 449 01e3 4A050000 		.4byte	0x54a
 450 01e7 28       		.byte	0x28
 451 01e8 06       		.uleb128 0x6
 452 01e9 32040000 		.4byte	.LASF41
 453 01ed 06       		.byte	0x6
 454 01ee B9       		.byte	0xb9
 455 01ef 84020000 		.4byte	0x284
ARM GAS  /tmp/ccfkR1OD.s 			page 9


 456 01f3 2C       		.byte	0x2c
 457 01f4 06       		.uleb128 0x6
 458 01f5 C6030000 		.4byte	.LASF42
 459 01f9 06       		.byte	0x6
 460 01fa BF       		.byte	0xbf
 461 01fb 64020000 		.4byte	0x264
 462 01ff 30       		.byte	0x30
 463 0200 06       		.uleb128 0x6
 464 0201 0C000000 		.4byte	.LASF43
 465 0205 06       		.byte	0x6
 466 0206 C3       		.byte	0xc3
 467 0207 FD000000 		.4byte	0xfd
 468 020b 38       		.byte	0x38
 469 020c 06       		.uleb128 0x6
 470 020d 36030000 		.4byte	.LASF44
 471 0211 06       		.byte	0x6
 472 0212 C9       		.byte	0xc9
 473 0213 08010000 		.4byte	0x108
 474 0217 3C       		.byte	0x3c
 475 0218 06       		.uleb128 0x6
 476 0219 0B020000 		.4byte	.LASF45
 477 021d 06       		.byte	0x6
 478 021e D0       		.byte	0xd0
 479 021f 97050000 		.4byte	0x597
 480 0223 40       		.byte	0x40
 481 0224 06       		.uleb128 0x6
 482 0225 66030000 		.4byte	.LASF46
 483 0229 06       		.byte	0x6
 484 022a D4       		.byte	0xd4
 485 022b F2000000 		.4byte	0xf2
 486 022f 44       		.byte	0x44
 487 0230 06       		.uleb128 0x6
 488 0231 75000000 		.4byte	.LASF47
 489 0235 06       		.byte	0x6
 490 0236 DA       		.byte	0xda
 491 0237 9A020000 		.4byte	0x29a
 492 023b 48       		.byte	0x48
 493 023c 00       		.byte	0
 494 023d 08       		.uleb128 0x8
 495 023e 08       		.byte	0x8
 496 023f 05       		.byte	0x5
 497 0240 61       		.byte	0x61
 498 0241 5E020000 		.4byte	0x25e
 499 0245 06       		.uleb128 0x6
 500 0246 20030000 		.4byte	.LASF28
 501 024a 05       		.byte	0x5
 502 024b 62       		.byte	0x62
 503 024c 5E020000 		.4byte	0x25e
 504 0250 00       		.byte	0
 505 0251 06       		.uleb128 0x6
 506 0252 CB010000 		.4byte	.LASF29
 507 0256 05       		.byte	0x5
 508 0257 64       		.byte	0x64
 509 0258 5E020000 		.4byte	0x25e
 510 025c 04       		.byte	0x4
 511 025d 00       		.byte	0
 512 025e 09       		.uleb128 0x9
ARM GAS  /tmp/ccfkR1OD.s 			page 10


 513 025f 04       		.byte	0x4
 514 0260 29010000 		.4byte	0x129
 515 0264 04       		.uleb128 0x4
 516 0265 A3010000 		.4byte	.LASF48
 517 0269 05       		.byte	0x5
 518 026a 66       		.byte	0x66
 519 026b 3D020000 		.4byte	0x23d
 520 026f 08       		.uleb128 0x8
 521 0270 04       		.byte	0x4
 522 0271 05       		.byte	0x5
 523 0272 6B       		.byte	0x6b
 524 0273 84020000 		.4byte	0x284
 525 0277 06       		.uleb128 0x6
 526 0278 20030000 		.4byte	.LASF28
 527 027c 05       		.byte	0x5
 528 027d 6D       		.byte	0x6d
 529 027e 5E020000 		.4byte	0x25e
 530 0282 00       		.byte	0
 531 0283 00       		.byte	0
 532 0284 04       		.uleb128 0x4
 533 0285 53010000 		.4byte	.LASF49
 534 0289 05       		.byte	0x5
 535 028a 70       		.byte	0x70
 536 028b 6F020000 		.4byte	0x26f
 537 028f 04       		.uleb128 0x4
 538 0290 BD000000 		.4byte	.LASF50
 539 0294 07       		.byte	0x7
 540 0295 E5       		.byte	0xe5
 541 0296 9A020000 		.4byte	0x29a
 542 029a 0A       		.uleb128 0xa
 543 029b 04       		.byte	0x4
 544 029c 04       		.uleb128 0x4
 545 029d 71010000 		.4byte	.LASF51
 546 02a1 07       		.byte	0x7
 547 02a2 EB       		.byte	0xeb
 548 02a3 B4000000 		.4byte	0xb4
 549 02a7 0B       		.uleb128 0xb
 550 02a8 BF030000 		.4byte	.LASF52
 551 02ac 64       		.byte	0x64
 552 02ad 07       		.byte	0x7
 553 02ae 0C01     		.2byte	0x10c
 554 02b0 F3030000 		.4byte	0x3f3
 555 02b4 0C       		.uleb128 0xc
 556 02b5 73313600 		.ascii	"s16\000"
 557 02b9 07       		.byte	0x7
 558 02ba 0E01     		.2byte	0x10e
 559 02bc 8F020000 		.4byte	0x28f
 560 02c0 00       		.byte	0
 561 02c1 0C       		.uleb128 0xc
 562 02c2 73313700 		.ascii	"s17\000"
 563 02c6 07       		.byte	0x7
 564 02c7 0F01     		.2byte	0x10f
 565 02c9 8F020000 		.4byte	0x28f
 566 02cd 04       		.byte	0x4
 567 02ce 0C       		.uleb128 0xc
 568 02cf 73313800 		.ascii	"s18\000"
 569 02d3 07       		.byte	0x7
ARM GAS  /tmp/ccfkR1OD.s 			page 11


 570 02d4 1001     		.2byte	0x110
 571 02d6 8F020000 		.4byte	0x28f
 572 02da 08       		.byte	0x8
 573 02db 0C       		.uleb128 0xc
 574 02dc 73313900 		.ascii	"s19\000"
 575 02e0 07       		.byte	0x7
 576 02e1 1101     		.2byte	0x111
 577 02e3 8F020000 		.4byte	0x28f
 578 02e7 0C       		.byte	0xc
 579 02e8 0C       		.uleb128 0xc
 580 02e9 73323000 		.ascii	"s20\000"
 581 02ed 07       		.byte	0x7
 582 02ee 1201     		.2byte	0x112
 583 02f0 8F020000 		.4byte	0x28f
 584 02f4 10       		.byte	0x10
 585 02f5 0C       		.uleb128 0xc
 586 02f6 73323100 		.ascii	"s21\000"
 587 02fa 07       		.byte	0x7
 588 02fb 1301     		.2byte	0x113
 589 02fd 8F020000 		.4byte	0x28f
 590 0301 14       		.byte	0x14
 591 0302 0C       		.uleb128 0xc
 592 0303 73323200 		.ascii	"s22\000"
 593 0307 07       		.byte	0x7
 594 0308 1401     		.2byte	0x114
 595 030a 8F020000 		.4byte	0x28f
 596 030e 18       		.byte	0x18
 597 030f 0C       		.uleb128 0xc
 598 0310 73323300 		.ascii	"s23\000"
 599 0314 07       		.byte	0x7
 600 0315 1501     		.2byte	0x115
 601 0317 8F020000 		.4byte	0x28f
 602 031b 1C       		.byte	0x1c
 603 031c 0C       		.uleb128 0xc
 604 031d 73323400 		.ascii	"s24\000"
 605 0321 07       		.byte	0x7
 606 0322 1601     		.2byte	0x116
 607 0324 8F020000 		.4byte	0x28f
 608 0328 20       		.byte	0x20
 609 0329 0C       		.uleb128 0xc
 610 032a 73323500 		.ascii	"s25\000"
 611 032e 07       		.byte	0x7
 612 032f 1701     		.2byte	0x117
 613 0331 8F020000 		.4byte	0x28f
 614 0335 24       		.byte	0x24
 615 0336 0C       		.uleb128 0xc
 616 0337 73323600 		.ascii	"s26\000"
 617 033b 07       		.byte	0x7
 618 033c 1801     		.2byte	0x118
 619 033e 8F020000 		.4byte	0x28f
 620 0342 28       		.byte	0x28
 621 0343 0C       		.uleb128 0xc
 622 0344 73323700 		.ascii	"s27\000"
 623 0348 07       		.byte	0x7
 624 0349 1901     		.2byte	0x119
 625 034b 8F020000 		.4byte	0x28f
 626 034f 2C       		.byte	0x2c
ARM GAS  /tmp/ccfkR1OD.s 			page 12


 627 0350 0C       		.uleb128 0xc
 628 0351 73323800 		.ascii	"s28\000"
 629 0355 07       		.byte	0x7
 630 0356 1A01     		.2byte	0x11a
 631 0358 8F020000 		.4byte	0x28f
 632 035c 30       		.byte	0x30
 633 035d 0C       		.uleb128 0xc
 634 035e 73323900 		.ascii	"s29\000"
 635 0362 07       		.byte	0x7
 636 0363 1B01     		.2byte	0x11b
 637 0365 8F020000 		.4byte	0x28f
 638 0369 34       		.byte	0x34
 639 036a 0C       		.uleb128 0xc
 640 036b 73333000 		.ascii	"s30\000"
 641 036f 07       		.byte	0x7
 642 0370 1C01     		.2byte	0x11c
 643 0372 8F020000 		.4byte	0x28f
 644 0376 38       		.byte	0x38
 645 0377 0C       		.uleb128 0xc
 646 0378 73333100 		.ascii	"s31\000"
 647 037c 07       		.byte	0x7
 648 037d 1D01     		.2byte	0x11d
 649 037f 8F020000 		.4byte	0x28f
 650 0383 3C       		.byte	0x3c
 651 0384 0C       		.uleb128 0xc
 652 0385 723400   		.ascii	"r4\000"
 653 0388 07       		.byte	0x7
 654 0389 1F01     		.2byte	0x11f
 655 038b 8F020000 		.4byte	0x28f
 656 038f 40       		.byte	0x40
 657 0390 0C       		.uleb128 0xc
 658 0391 723500   		.ascii	"r5\000"
 659 0394 07       		.byte	0x7
 660 0395 2001     		.2byte	0x120
 661 0397 8F020000 		.4byte	0x28f
 662 039b 44       		.byte	0x44
 663 039c 0C       		.uleb128 0xc
 664 039d 723600   		.ascii	"r6\000"
 665 03a0 07       		.byte	0x7
 666 03a1 2101     		.2byte	0x121
 667 03a3 8F020000 		.4byte	0x28f
 668 03a7 48       		.byte	0x48
 669 03a8 0C       		.uleb128 0xc
 670 03a9 723700   		.ascii	"r7\000"
 671 03ac 07       		.byte	0x7
 672 03ad 2201     		.2byte	0x122
 673 03af 8F020000 		.4byte	0x28f
 674 03b3 4C       		.byte	0x4c
 675 03b4 0C       		.uleb128 0xc
 676 03b5 723800   		.ascii	"r8\000"
 677 03b8 07       		.byte	0x7
 678 03b9 2301     		.2byte	0x123
 679 03bb 8F020000 		.4byte	0x28f
 680 03bf 50       		.byte	0x50
 681 03c0 0C       		.uleb128 0xc
 682 03c1 723900   		.ascii	"r9\000"
 683 03c4 07       		.byte	0x7
ARM GAS  /tmp/ccfkR1OD.s 			page 13


 684 03c5 2401     		.2byte	0x124
 685 03c7 8F020000 		.4byte	0x28f
 686 03cb 54       		.byte	0x54
 687 03cc 0C       		.uleb128 0xc
 688 03cd 72313000 		.ascii	"r10\000"
 689 03d1 07       		.byte	0x7
 690 03d2 2501     		.2byte	0x125
 691 03d4 8F020000 		.4byte	0x28f
 692 03d8 58       		.byte	0x58
 693 03d9 0C       		.uleb128 0xc
 694 03da 72313100 		.ascii	"r11\000"
 695 03de 07       		.byte	0x7
 696 03df 2601     		.2byte	0x126
 697 03e1 8F020000 		.4byte	0x28f
 698 03e5 5C       		.byte	0x5c
 699 03e6 0C       		.uleb128 0xc
 700 03e7 6C7200   		.ascii	"lr\000"
 701 03ea 07       		.byte	0x7
 702 03eb 2701     		.2byte	0x127
 703 03ed 8F020000 		.4byte	0x28f
 704 03f1 60       		.byte	0x60
 705 03f2 00       		.byte	0
 706 03f3 0B       		.uleb128 0xb
 707 03f4 22010000 		.4byte	.LASF53
 708 03f8 04       		.byte	0x4
 709 03f9 07       		.byte	0x7
 710 03fa 3101     		.2byte	0x131
 711 03fc 0E040000 		.4byte	0x40e
 712 0400 0C       		.uleb128 0xc
 713 0401 72313300 		.ascii	"r13\000"
 714 0405 07       		.byte	0x7
 715 0406 3201     		.2byte	0x132
 716 0408 0E040000 		.4byte	0x40e
 717 040c 00       		.byte	0
 718 040d 00       		.byte	0
 719 040e 09       		.uleb128 0x9
 720 040f 04       		.byte	0x4
 721 0410 A7020000 		.4byte	0x2a7
 722 0414 03       		.uleb128 0x3
 723 0415 04       		.byte	0x4
 724 0416 07       		.byte	0x7
 725 0417 8A010000 		.4byte	.LASF54
 726 041b 04       		.uleb128 0x4
 727 041c 0C010000 		.4byte	.LASF55
 728 0420 08       		.byte	0x8
 729 0421 58       		.byte	0x58
 730 0422 26040000 		.4byte	0x426
 731 0426 09       		.uleb128 0x9
 732 0427 04       		.byte	0x4
 733 0428 2C040000 		.4byte	0x42c
 734 042c 0D       		.uleb128 0xd
 735 042d 37040000 		.4byte	0x437
 736 0431 0E       		.uleb128 0xe
 737 0432 9A020000 		.4byte	0x29a
 738 0436 00       		.byte	0
 739 0437 04       		.uleb128 0x4
 740 0438 15010000 		.4byte	.LASF56
ARM GAS  /tmp/ccfkR1OD.s 			page 14


 741 043c 08       		.byte	0x8
 742 043d 5D       		.byte	0x5d
 743 043e 42040000 		.4byte	0x442
 744 0442 05       		.uleb128 0x5
 745 0443 15010000 		.4byte	.LASF56
 746 0447 14       		.byte	0x14
 747 0448 08       		.byte	0x8
 748 0449 64       		.byte	0x64
 749 044a 8B040000 		.4byte	0x48b
 750 044e 06       		.uleb128 0x6
 751 044f F2000000 		.4byte	.LASF57
 752 0453 08       		.byte	0x8
 753 0454 65       		.byte	0x65
 754 0455 8B040000 		.4byte	0x48b
 755 0459 00       		.byte	0
 756 045a 06       		.uleb128 0x6
 757 045b C6000000 		.4byte	.LASF58
 758 045f 08       		.byte	0x8
 759 0460 67       		.byte	0x67
 760 0461 8B040000 		.4byte	0x48b
 761 0465 04       		.byte	0x4
 762 0466 06       		.uleb128 0x6
 763 0467 7C010000 		.4byte	.LASF59
 764 046b 08       		.byte	0x8
 765 046c 69       		.byte	0x69
 766 046d 1E010000 		.4byte	0x11e
 767 0471 08       		.byte	0x8
 768 0472 06       		.uleb128 0x6
 769 0473 93010000 		.4byte	.LASF60
 770 0477 08       		.byte	0x8
 771 0478 6A       		.byte	0x6a
 772 0479 1B040000 		.4byte	0x41b
 773 047d 0C       		.byte	0xc
 774 047e 06       		.uleb128 0x6
 775 047f D1030000 		.4byte	.LASF61
 776 0483 08       		.byte	0x8
 777 0484 6C       		.byte	0x6c
 778 0485 9A020000 		.4byte	0x29a
 779 0489 10       		.byte	0x10
 780 048a 00       		.byte	0
 781 048b 09       		.uleb128 0x9
 782 048c 04       		.byte	0x4
 783 048d 37040000 		.4byte	0x437
 784 0491 0F       		.uleb128 0xf
 785 0492 1E010000 		.4byte	0x11e
 786 0496 05       		.uleb128 0x5
 787 0497 6B010000 		.4byte	.LASF62
 788 049b 10       		.byte	0x10
 789 049c 09       		.byte	0x9
 790 049d 2C       		.byte	0x2c
 791 049e C7040000 		.4byte	0x4c7
 792 04a2 06       		.uleb128 0x6
 793 04a3 7D000000 		.4byte	.LASF63
 794 04a7 09       		.byte	0x9
 795 04a8 2D       		.byte	0x2d
 796 04a9 64020000 		.4byte	0x264
 797 04ad 00       		.byte	0
ARM GAS  /tmp/ccfkR1OD.s 			page 15


 798 04ae 06       		.uleb128 0x6
 799 04af 24040000 		.4byte	.LASF64
 800 04b3 09       		.byte	0x9
 801 04b4 2F       		.byte	0x2f
 802 04b5 5E020000 		.4byte	0x25e
 803 04b9 08       		.byte	0x8
 804 04ba 06       		.uleb128 0x6
 805 04bb 55030000 		.4byte	.LASF65
 806 04bf 09       		.byte	0x9
 807 04c0 31       		.byte	0x31
 808 04c1 C7040000 		.4byte	0x4c7
 809 04c5 0C       		.byte	0xc
 810 04c6 00       		.byte	0
 811 04c7 09       		.uleb128 0x9
 812 04c8 04       		.byte	0x4
 813 04c9 96040000 		.4byte	0x496
 814 04cd 04       		.uleb128 0x4
 815 04ce 6B010000 		.4byte	.LASF62
 816 04d2 09       		.byte	0x9
 817 04d3 33       		.byte	0x33
 818 04d4 96040000 		.4byte	0x496
 819 04d8 04       		.uleb128 0x4
 820 04d9 FA030000 		.4byte	.LASF66
 821 04dd 0A       		.byte	0xa
 822 04de 2C       		.byte	0x2c
 823 04df E3040000 		.4byte	0x4e3
 824 04e3 05       		.uleb128 0x5
 825 04e4 FA030000 		.4byte	.LASF66
 826 04e8 10       		.byte	0x10
 827 04e9 0A       		.byte	0xa
 828 04ea 31       		.byte	0x31
 829 04eb 20050000 		.4byte	0x520
 830 04ef 06       		.uleb128 0x6
 831 04f0 43010000 		.4byte	.LASF67
 832 04f4 0A       		.byte	0xa
 833 04f5 32       		.byte	0x32
 834 04f6 20050000 		.4byte	0x520
 835 04fa 00       		.byte	0
 836 04fb 06       		.uleb128 0x6
 837 04fc F6010000 		.4byte	.LASF68
 838 0500 0A       		.byte	0xa
 839 0501 35       		.byte	0x35
 840 0502 5E020000 		.4byte	0x25e
 841 0506 04       		.byte	0x4
 842 0507 06       		.uleb128 0x6
 843 0508 B0010000 		.4byte	.LASF69
 844 050c 0A       		.byte	0xa
 845 050d 37       		.byte	0x37
 846 050e 08010000 		.4byte	0x108
 847 0512 08       		.byte	0x8
 848 0513 06       		.uleb128 0x6
 849 0514 02020000 		.4byte	.LASF70
 850 0518 0A       		.byte	0xa
 851 0519 3A       		.byte	0x3a
 852 051a 13010000 		.4byte	0x113
 853 051e 0C       		.byte	0xc
 854 051f 00       		.byte	0
ARM GAS  /tmp/ccfkR1OD.s 			page 16


 855 0520 09       		.uleb128 0x9
 856 0521 04       		.byte	0x4
 857 0522 D8040000 		.4byte	0x4d8
 858 0526 05       		.uleb128 0x5
 859 0527 CE000000 		.4byte	.LASF71
 860 052b 04       		.byte	0x4
 861 052c 0A       		.byte	0xa
 862 052d 41       		.byte	0x41
 863 052e 3F050000 		.4byte	0x53f
 864 0532 06       		.uleb128 0x6
 865 0533 16040000 		.4byte	.LASF72
 866 0537 0A       		.byte	0xa
 867 0538 42       		.byte	0x42
 868 0539 20050000 		.4byte	0x520
 869 053d 00       		.byte	0
 870 053e 00       		.byte	0
 871 053f 04       		.uleb128 0x4
 872 0540 CE000000 		.4byte	.LASF71
 873 0544 0A       		.byte	0xa
 874 0545 45       		.byte	0x45
 875 0546 26050000 		.4byte	0x526
 876 054a 10       		.uleb128 0x10
 877 054b 04       		.byte	0x4
 878 054c 06       		.byte	0x6
 879 054d 96       		.byte	0x96
 880 054e 7F050000 		.4byte	0x57f
 881 0552 11       		.uleb128 0x11
 882 0553 12000000 		.4byte	.LASF73
 883 0557 06       		.byte	0x6
 884 0558 9D       		.byte	0x9d
 885 0559 FD000000 		.4byte	0xfd
 886 055d 11       		.uleb128 0x11
 887 055e A9000000 		.4byte	.LASF74
 888 0562 06       		.byte	0x6
 889 0563 A4       		.byte	0xa4
 890 0564 FD000000 		.4byte	0xfd
 891 0568 11       		.uleb128 0x11
 892 0569 08040000 		.4byte	.LASF75
 893 056d 06       		.byte	0x6
 894 056e AB       		.byte	0xab
 895 056f 9A020000 		.4byte	0x29a
 896 0573 11       		.uleb128 0x11
 897 0574 F3030000 		.4byte	.LASF76
 898 0578 06       		.byte	0x6
 899 0579 B2       		.byte	0xb2
 900 057a 08010000 		.4byte	0x108
 901 057e 00       		.byte	0
 902 057f 09       		.uleb128 0x9
 903 0580 04       		.byte	0x4
 904 0581 85050000 		.4byte	0x585
 905 0585 12       		.uleb128 0x12
 906 0586 8A050000 		.4byte	0x58a
 907 058a 03       		.uleb128 0x3
 908 058b 01       		.byte	0x1
 909 058c 08       		.byte	0x8
 910 058d 4A030000 		.4byte	.LASF77
 911 0591 09       		.uleb128 0x9
ARM GAS  /tmp/ccfkR1OD.s 			page 17


 912 0592 04       		.byte	0x4
 913 0593 9C020000 		.4byte	0x29c
 914 0597 09       		.uleb128 0x9
 915 0598 04       		.byte	0x4
 916 0599 CD040000 		.4byte	0x4cd
 917 059d 08       		.uleb128 0x8
 918 059e 1C       		.byte	0x1c
 919 059f 0B       		.byte	0xb
 920 05a0 27       		.byte	0x27
 921 05a1 CA050000 		.4byte	0x5ca
 922 05a5 06       		.uleb128 0x6
 923 05a6 1E040000 		.4byte	.LASF78
 924 05aa 0B       		.byte	0xb
 925 05ab 28       		.byte	0x28
 926 05ac 37040000 		.4byte	0x437
 927 05b0 00       		.byte	0
 928 05b1 06       		.uleb128 0x6
 929 05b2 84010000 		.4byte	.LASF79
 930 05b6 0B       		.byte	0xb
 931 05b7 29       		.byte	0x29
 932 05b8 3F050000 		.4byte	0x53f
 933 05bc 14       		.byte	0x14
 934 05bd 06       		.uleb128 0x6
 935 05be 00000000 		.4byte	.LASF80
 936 05c2 0B       		.byte	0xb
 937 05c3 2A       		.byte	0x2a
 938 05c4 1E010000 		.4byte	0x11e
 939 05c8 18       		.byte	0x18
 940 05c9 00       		.byte	0
 941 05ca 04       		.uleb128 0x4
 942 05cb 6D000000 		.4byte	.LASF81
 943 05cf 0B       		.byte	0xb
 944 05d0 2B       		.byte	0x2b
 945 05d1 9D050000 		.4byte	0x59d
 946 05d5 13       		.uleb128 0x13
 947 05d6 4F030000 		.4byte	.LASF84
 948 05da 01       		.byte	0x1
 949 05db 1C       		.byte	0x1c
 950 05dc 00000000 		.4byte	.LFB7
 951 05e0 48000000 		.4byte	.LFE7-.LFB7
 952 05e4 01       		.uleb128 0x1
 953 05e5 9C       		.byte	0x9c
 954 05e6 37060000 		.4byte	0x637
 955 05ea 14       		.uleb128 0x14
 956 05eb 7000     		.ascii	"p\000"
 957 05ed 01       		.byte	0x1
 958 05ee 1C       		.byte	0x1c
 959 05ef 9A020000 		.4byte	0x29a
 960 05f3 02       		.uleb128 0x2
 961 05f4 91       		.byte	0x91
 962 05f5 6C       		.sleb128 -20
 963 05f6 15       		.uleb128 0x15
 964 05f7 65747000 		.ascii	"etp\000"
 965 05fb 01       		.byte	0x1
 966 05fc 1D       		.byte	0x1d
 967 05fd 37060000 		.4byte	0x637
 968 0601 02       		.uleb128 0x2
ARM GAS  /tmp/ccfkR1OD.s 			page 18


 969 0602 91       		.byte	0x91
 970 0603 74       		.sleb128 -12
 971 0604 16       		.uleb128 0x16
 972 0605 0A000000 		.4byte	.LBB2
 973 0609 06000000 		.4byte	.LBE2-.LBB2
 974 060d 1F060000 		.4byte	0x61f
 975 0611 15       		.uleb128 0x15
 976 0612 746D7000 		.ascii	"tmp\000"
 977 0616 01       		.byte	0x1
 978 0617 1F       		.byte	0x1f
 979 0618 A9000000 		.4byte	0xa9
 980 061c 01       		.uleb128 0x1
 981 061d 53       		.byte	0x53
 982 061e 00       		.byte	0
 983 061f 17       		.uleb128 0x17
 984 0620 36000000 		.4byte	.LBB3
 985 0624 06000000 		.4byte	.LBE3-.LBB3
 986 0628 15       		.uleb128 0x15
 987 0629 746D7000 		.ascii	"tmp\000"
 988 062d 01       		.byte	0x1
 989 062e 22       		.byte	0x22
 990 062f A9000000 		.4byte	0xa9
 991 0633 01       		.uleb128 0x1
 992 0634 53       		.byte	0x53
 993 0635 00       		.byte	0
 994 0636 00       		.byte	0
 995 0637 09       		.uleb128 0x9
 996 0638 04       		.byte	0x4
 997 0639 CA050000 		.4byte	0x5ca
 998 063d 18       		.uleb128 0x18
 999 063e 43000000 		.4byte	.LASF85
 1000 0642 01       		.byte	0x1
 1001 0643 2B       		.byte	0x2b
 1002 0644 00000000 		.4byte	.LFB8
 1003 0648 40000000 		.4byte	.LFE8-.LFB8
 1004 064c 01       		.uleb128 0x1
 1005 064d 9C       		.byte	0x9c
 1006 064e 93060000 		.4byte	0x693
 1007 0652 14       		.uleb128 0x14
 1008 0653 65747000 		.ascii	"etp\000"
 1009 0657 01       		.byte	0x1
 1010 0658 2B       		.byte	0x2b
 1011 0659 37060000 		.4byte	0x637
 1012 065d 02       		.uleb128 0x2
 1013 065e 91       		.byte	0x91
 1014 065f 74       		.sleb128 -12
 1015 0660 16       		.uleb128 0x16
 1016 0661 06000000 		.4byte	.LBB4
 1017 0665 06000000 		.4byte	.LBE4-.LBB4
 1018 0669 7B060000 		.4byte	0x67b
 1019 066d 15       		.uleb128 0x15
 1020 066e 746D7000 		.ascii	"tmp\000"
 1021 0672 01       		.byte	0x1
 1022 0673 2D       		.byte	0x2d
 1023 0674 A9000000 		.4byte	0xa9
 1024 0678 01       		.uleb128 0x1
 1025 0679 53       		.byte	0x53
ARM GAS  /tmp/ccfkR1OD.s 			page 19


 1026 067a 00       		.byte	0
 1027 067b 17       		.uleb128 0x17
 1028 067c 2E000000 		.4byte	.LBB5
 1029 0680 06000000 		.4byte	.LBE5-.LBB5
 1030 0684 15       		.uleb128 0x15
 1031 0685 746D7000 		.ascii	"tmp\000"
 1032 0689 01       		.byte	0x1
 1033 068a 32       		.byte	0x32
 1034 068b A9000000 		.4byte	0xa9
 1035 068f 01       		.uleb128 0x1
 1036 0690 53       		.byte	0x53
 1037 0691 00       		.byte	0
 1038 0692 00       		.byte	0
 1039 0693 19       		.uleb128 0x19
 1040 0694 7B030000 		.4byte	.LASF86
 1041 0698 01       		.byte	0x1
 1042 0699 3B       		.byte	0x3b
 1043 069a 00000000 		.4byte	.LFB9
 1044 069e 30000000 		.4byte	.LFE9-.LFB9
 1045 06a2 01       		.uleb128 0x1
 1046 06a3 9C       		.byte	0x9c
 1047 06a4 14       		.uleb128 0x14
 1048 06a5 65747000 		.ascii	"etp\000"
 1049 06a9 01       		.byte	0x1
 1050 06aa 3B       		.byte	0x3b
 1051 06ab 37060000 		.4byte	0x637
 1052 06af 02       		.uleb128 0x2
 1053 06b0 91       		.byte	0x91
 1054 06b1 74       		.sleb128 -12
 1055 06b2 16       		.uleb128 0x16
 1056 06b3 06000000 		.4byte	.LBB6
 1057 06b7 06000000 		.4byte	.LBE6-.LBB6
 1058 06bb CD060000 		.4byte	0x6cd
 1059 06bf 15       		.uleb128 0x15
 1060 06c0 746D7000 		.ascii	"tmp\000"
 1061 06c4 01       		.byte	0x1
 1062 06c5 3D       		.byte	0x3d
 1063 06c6 A9000000 		.4byte	0xa9
 1064 06ca 01       		.uleb128 0x1
 1065 06cb 53       		.byte	0x53
 1066 06cc 00       		.byte	0
 1067 06cd 17       		.uleb128 0x17
 1068 06ce 24000000 		.4byte	.LBB7
 1069 06d2 06000000 		.4byte	.LBE7-.LBB7
 1070 06d6 15       		.uleb128 0x15
 1071 06d7 746D7000 		.ascii	"tmp\000"
 1072 06db 01       		.byte	0x1
 1073 06dc 3D       		.byte	0x3d
 1074 06dd A9000000 		.4byte	0xa9
 1075 06e1 01       		.uleb128 0x1
 1076 06e2 53       		.byte	0x53
 1077 06e3 00       		.byte	0
 1078 06e4 00       		.byte	0
 1079 06e5 00       		.byte	0
 1080              		.section	.debug_abbrev,"",%progbits
 1081              	.Ldebug_abbrev0:
 1082 0000 01       		.uleb128 0x1
ARM GAS  /tmp/ccfkR1OD.s 			page 20


 1083 0001 11       		.uleb128 0x11
 1084 0002 01       		.byte	0x1
 1085 0003 25       		.uleb128 0x25
 1086 0004 0E       		.uleb128 0xe
 1087 0005 13       		.uleb128 0x13
 1088 0006 0B       		.uleb128 0xb
 1089 0007 03       		.uleb128 0x3
 1090 0008 0E       		.uleb128 0xe
 1091 0009 55       		.uleb128 0x55
 1092 000a 17       		.uleb128 0x17
 1093 000b 11       		.uleb128 0x11
 1094 000c 01       		.uleb128 0x1
 1095 000d 10       		.uleb128 0x10
 1096 000e 17       		.uleb128 0x17
 1097 000f 00       		.byte	0
 1098 0010 00       		.byte	0
 1099 0011 02       		.uleb128 0x2
 1100 0012 24       		.uleb128 0x24
 1101 0013 00       		.byte	0
 1102 0014 0B       		.uleb128 0xb
 1103 0015 0B       		.uleb128 0xb
 1104 0016 3E       		.uleb128 0x3e
 1105 0017 0B       		.uleb128 0xb
 1106 0018 03       		.uleb128 0x3
 1107 0019 08       		.uleb128 0x8
 1108 001a 00       		.byte	0
 1109 001b 00       		.byte	0
 1110 001c 03       		.uleb128 0x3
 1111 001d 24       		.uleb128 0x24
 1112 001e 00       		.byte	0
 1113 001f 0B       		.uleb128 0xb
 1114 0020 0B       		.uleb128 0xb
 1115 0021 3E       		.uleb128 0x3e
 1116 0022 0B       		.uleb128 0xb
 1117 0023 03       		.uleb128 0x3
 1118 0024 0E       		.uleb128 0xe
 1119 0025 00       		.byte	0
 1120 0026 00       		.byte	0
 1121 0027 04       		.uleb128 0x4
 1122 0028 16       		.uleb128 0x16
 1123 0029 00       		.byte	0
 1124 002a 03       		.uleb128 0x3
 1125 002b 0E       		.uleb128 0xe
 1126 002c 3A       		.uleb128 0x3a
 1127 002d 0B       		.uleb128 0xb
 1128 002e 3B       		.uleb128 0x3b
 1129 002f 0B       		.uleb128 0xb
 1130 0030 49       		.uleb128 0x49
 1131 0031 13       		.uleb128 0x13
 1132 0032 00       		.byte	0
 1133 0033 00       		.byte	0
 1134 0034 05       		.uleb128 0x5
 1135 0035 13       		.uleb128 0x13
 1136 0036 01       		.byte	0x1
 1137 0037 03       		.uleb128 0x3
 1138 0038 0E       		.uleb128 0xe
 1139 0039 0B       		.uleb128 0xb
ARM GAS  /tmp/ccfkR1OD.s 			page 21


 1140 003a 0B       		.uleb128 0xb
 1141 003b 3A       		.uleb128 0x3a
 1142 003c 0B       		.uleb128 0xb
 1143 003d 3B       		.uleb128 0x3b
 1144 003e 0B       		.uleb128 0xb
 1145 003f 01       		.uleb128 0x1
 1146 0040 13       		.uleb128 0x13
 1147 0041 00       		.byte	0
 1148 0042 00       		.byte	0
 1149 0043 06       		.uleb128 0x6
 1150 0044 0D       		.uleb128 0xd
 1151 0045 00       		.byte	0
 1152 0046 03       		.uleb128 0x3
 1153 0047 0E       		.uleb128 0xe
 1154 0048 3A       		.uleb128 0x3a
 1155 0049 0B       		.uleb128 0xb
 1156 004a 3B       		.uleb128 0x3b
 1157 004b 0B       		.uleb128 0xb
 1158 004c 49       		.uleb128 0x49
 1159 004d 13       		.uleb128 0x13
 1160 004e 38       		.uleb128 0x38
 1161 004f 0B       		.uleb128 0xb
 1162 0050 00       		.byte	0
 1163 0051 00       		.byte	0
 1164 0052 07       		.uleb128 0x7
 1165 0053 0D       		.uleb128 0xd
 1166 0054 00       		.byte	0
 1167 0055 03       		.uleb128 0x3
 1168 0056 08       		.uleb128 0x8
 1169 0057 3A       		.uleb128 0x3a
 1170 0058 0B       		.uleb128 0xb
 1171 0059 3B       		.uleb128 0x3b
 1172 005a 0B       		.uleb128 0xb
 1173 005b 49       		.uleb128 0x49
 1174 005c 13       		.uleb128 0x13
 1175 005d 38       		.uleb128 0x38
 1176 005e 0B       		.uleb128 0xb
 1177 005f 00       		.byte	0
 1178 0060 00       		.byte	0
 1179 0061 08       		.uleb128 0x8
 1180 0062 13       		.uleb128 0x13
 1181 0063 01       		.byte	0x1
 1182 0064 0B       		.uleb128 0xb
 1183 0065 0B       		.uleb128 0xb
 1184 0066 3A       		.uleb128 0x3a
 1185 0067 0B       		.uleb128 0xb
 1186 0068 3B       		.uleb128 0x3b
 1187 0069 0B       		.uleb128 0xb
 1188 006a 01       		.uleb128 0x1
 1189 006b 13       		.uleb128 0x13
 1190 006c 00       		.byte	0
 1191 006d 00       		.byte	0
 1192 006e 09       		.uleb128 0x9
 1193 006f 0F       		.uleb128 0xf
 1194 0070 00       		.byte	0
 1195 0071 0B       		.uleb128 0xb
 1196 0072 0B       		.uleb128 0xb
ARM GAS  /tmp/ccfkR1OD.s 			page 22


 1197 0073 49       		.uleb128 0x49
 1198 0074 13       		.uleb128 0x13
 1199 0075 00       		.byte	0
 1200 0076 00       		.byte	0
 1201 0077 0A       		.uleb128 0xa
 1202 0078 0F       		.uleb128 0xf
 1203 0079 00       		.byte	0
 1204 007a 0B       		.uleb128 0xb
 1205 007b 0B       		.uleb128 0xb
 1206 007c 00       		.byte	0
 1207 007d 00       		.byte	0
 1208 007e 0B       		.uleb128 0xb
 1209 007f 13       		.uleb128 0x13
 1210 0080 01       		.byte	0x1
 1211 0081 03       		.uleb128 0x3
 1212 0082 0E       		.uleb128 0xe
 1213 0083 0B       		.uleb128 0xb
 1214 0084 0B       		.uleb128 0xb
 1215 0085 3A       		.uleb128 0x3a
 1216 0086 0B       		.uleb128 0xb
 1217 0087 3B       		.uleb128 0x3b
 1218 0088 05       		.uleb128 0x5
 1219 0089 01       		.uleb128 0x1
 1220 008a 13       		.uleb128 0x13
 1221 008b 00       		.byte	0
 1222 008c 00       		.byte	0
 1223 008d 0C       		.uleb128 0xc
 1224 008e 0D       		.uleb128 0xd
 1225 008f 00       		.byte	0
 1226 0090 03       		.uleb128 0x3
 1227 0091 08       		.uleb128 0x8
 1228 0092 3A       		.uleb128 0x3a
 1229 0093 0B       		.uleb128 0xb
 1230 0094 3B       		.uleb128 0x3b
 1231 0095 05       		.uleb128 0x5
 1232 0096 49       		.uleb128 0x49
 1233 0097 13       		.uleb128 0x13
 1234 0098 38       		.uleb128 0x38
 1235 0099 0B       		.uleb128 0xb
 1236 009a 00       		.byte	0
 1237 009b 00       		.byte	0
 1238 009c 0D       		.uleb128 0xd
 1239 009d 15       		.uleb128 0x15
 1240 009e 01       		.byte	0x1
 1241 009f 27       		.uleb128 0x27
 1242 00a0 19       		.uleb128 0x19
 1243 00a1 01       		.uleb128 0x1
 1244 00a2 13       		.uleb128 0x13
 1245 00a3 00       		.byte	0
 1246 00a4 00       		.byte	0
 1247 00a5 0E       		.uleb128 0xe
 1248 00a6 05       		.uleb128 0x5
 1249 00a7 00       		.byte	0
 1250 00a8 49       		.uleb128 0x49
 1251 00a9 13       		.uleb128 0x13
 1252 00aa 00       		.byte	0
 1253 00ab 00       		.byte	0
ARM GAS  /tmp/ccfkR1OD.s 			page 23


 1254 00ac 0F       		.uleb128 0xf
 1255 00ad 35       		.uleb128 0x35
 1256 00ae 00       		.byte	0
 1257 00af 49       		.uleb128 0x49
 1258 00b0 13       		.uleb128 0x13
 1259 00b1 00       		.byte	0
 1260 00b2 00       		.byte	0
 1261 00b3 10       		.uleb128 0x10
 1262 00b4 17       		.uleb128 0x17
 1263 00b5 01       		.byte	0x1
 1264 00b6 0B       		.uleb128 0xb
 1265 00b7 0B       		.uleb128 0xb
 1266 00b8 3A       		.uleb128 0x3a
 1267 00b9 0B       		.uleb128 0xb
 1268 00ba 3B       		.uleb128 0x3b
 1269 00bb 0B       		.uleb128 0xb
 1270 00bc 01       		.uleb128 0x1
 1271 00bd 13       		.uleb128 0x13
 1272 00be 00       		.byte	0
 1273 00bf 00       		.byte	0
 1274 00c0 11       		.uleb128 0x11
 1275 00c1 0D       		.uleb128 0xd
 1276 00c2 00       		.byte	0
 1277 00c3 03       		.uleb128 0x3
 1278 00c4 0E       		.uleb128 0xe
 1279 00c5 3A       		.uleb128 0x3a
 1280 00c6 0B       		.uleb128 0xb
 1281 00c7 3B       		.uleb128 0x3b
 1282 00c8 0B       		.uleb128 0xb
 1283 00c9 49       		.uleb128 0x49
 1284 00ca 13       		.uleb128 0x13
 1285 00cb 00       		.byte	0
 1286 00cc 00       		.byte	0
 1287 00cd 12       		.uleb128 0x12
 1288 00ce 26       		.uleb128 0x26
 1289 00cf 00       		.byte	0
 1290 00d0 49       		.uleb128 0x49
 1291 00d1 13       		.uleb128 0x13
 1292 00d2 00       		.byte	0
 1293 00d3 00       		.byte	0
 1294 00d4 13       		.uleb128 0x13
 1295 00d5 2E       		.uleb128 0x2e
 1296 00d6 01       		.byte	0x1
 1297 00d7 03       		.uleb128 0x3
 1298 00d8 0E       		.uleb128 0xe
 1299 00d9 3A       		.uleb128 0x3a
 1300 00da 0B       		.uleb128 0xb
 1301 00db 3B       		.uleb128 0x3b
 1302 00dc 0B       		.uleb128 0xb
 1303 00dd 27       		.uleb128 0x27
 1304 00de 19       		.uleb128 0x19
 1305 00df 11       		.uleb128 0x11
 1306 00e0 01       		.uleb128 0x1
 1307 00e1 12       		.uleb128 0x12
 1308 00e2 06       		.uleb128 0x6
 1309 00e3 40       		.uleb128 0x40
 1310 00e4 18       		.uleb128 0x18
ARM GAS  /tmp/ccfkR1OD.s 			page 24


 1311 00e5 9642     		.uleb128 0x2116
 1312 00e7 19       		.uleb128 0x19
 1313 00e8 01       		.uleb128 0x1
 1314 00e9 13       		.uleb128 0x13
 1315 00ea 00       		.byte	0
 1316 00eb 00       		.byte	0
 1317 00ec 14       		.uleb128 0x14
 1318 00ed 05       		.uleb128 0x5
 1319 00ee 00       		.byte	0
 1320 00ef 03       		.uleb128 0x3
 1321 00f0 08       		.uleb128 0x8
 1322 00f1 3A       		.uleb128 0x3a
 1323 00f2 0B       		.uleb128 0xb
 1324 00f3 3B       		.uleb128 0x3b
 1325 00f4 0B       		.uleb128 0xb
 1326 00f5 49       		.uleb128 0x49
 1327 00f6 13       		.uleb128 0x13
 1328 00f7 02       		.uleb128 0x2
 1329 00f8 18       		.uleb128 0x18
 1330 00f9 00       		.byte	0
 1331 00fa 00       		.byte	0
 1332 00fb 15       		.uleb128 0x15
 1333 00fc 34       		.uleb128 0x34
 1334 00fd 00       		.byte	0
 1335 00fe 03       		.uleb128 0x3
 1336 00ff 08       		.uleb128 0x8
 1337 0100 3A       		.uleb128 0x3a
 1338 0101 0B       		.uleb128 0xb
 1339 0102 3B       		.uleb128 0x3b
 1340 0103 0B       		.uleb128 0xb
 1341 0104 49       		.uleb128 0x49
 1342 0105 13       		.uleb128 0x13
 1343 0106 02       		.uleb128 0x2
 1344 0107 18       		.uleb128 0x18
 1345 0108 00       		.byte	0
 1346 0109 00       		.byte	0
 1347 010a 16       		.uleb128 0x16
 1348 010b 0B       		.uleb128 0xb
 1349 010c 01       		.byte	0x1
 1350 010d 11       		.uleb128 0x11
 1351 010e 01       		.uleb128 0x1
 1352 010f 12       		.uleb128 0x12
 1353 0110 06       		.uleb128 0x6
 1354 0111 01       		.uleb128 0x1
 1355 0112 13       		.uleb128 0x13
 1356 0113 00       		.byte	0
 1357 0114 00       		.byte	0
 1358 0115 17       		.uleb128 0x17
 1359 0116 0B       		.uleb128 0xb
 1360 0117 01       		.byte	0x1
 1361 0118 11       		.uleb128 0x11
 1362 0119 01       		.uleb128 0x1
 1363 011a 12       		.uleb128 0x12
 1364 011b 06       		.uleb128 0x6
 1365 011c 00       		.byte	0
 1366 011d 00       		.byte	0
 1367 011e 18       		.uleb128 0x18
ARM GAS  /tmp/ccfkR1OD.s 			page 25


 1368 011f 2E       		.uleb128 0x2e
 1369 0120 01       		.byte	0x1
 1370 0121 3F       		.uleb128 0x3f
 1371 0122 19       		.uleb128 0x19
 1372 0123 03       		.uleb128 0x3
 1373 0124 0E       		.uleb128 0xe
 1374 0125 3A       		.uleb128 0x3a
 1375 0126 0B       		.uleb128 0xb
 1376 0127 3B       		.uleb128 0x3b
 1377 0128 0B       		.uleb128 0xb
 1378 0129 27       		.uleb128 0x27
 1379 012a 19       		.uleb128 0x19
 1380 012b 11       		.uleb128 0x11
 1381 012c 01       		.uleb128 0x1
 1382 012d 12       		.uleb128 0x12
 1383 012e 06       		.uleb128 0x6
 1384 012f 40       		.uleb128 0x40
 1385 0130 18       		.uleb128 0x18
 1386 0131 9642     		.uleb128 0x2116
 1387 0133 19       		.uleb128 0x19
 1388 0134 01       		.uleb128 0x1
 1389 0135 13       		.uleb128 0x13
 1390 0136 00       		.byte	0
 1391 0137 00       		.byte	0
 1392 0138 19       		.uleb128 0x19
 1393 0139 2E       		.uleb128 0x2e
 1394 013a 01       		.byte	0x1
 1395 013b 3F       		.uleb128 0x3f
 1396 013c 19       		.uleb128 0x19
 1397 013d 03       		.uleb128 0x3
 1398 013e 0E       		.uleb128 0xe
 1399 013f 3A       		.uleb128 0x3a
 1400 0140 0B       		.uleb128 0xb
 1401 0141 3B       		.uleb128 0x3b
 1402 0142 0B       		.uleb128 0xb
 1403 0143 27       		.uleb128 0x27
 1404 0144 19       		.uleb128 0x19
 1405 0145 11       		.uleb128 0x11
 1406 0146 01       		.uleb128 0x1
 1407 0147 12       		.uleb128 0x12
 1408 0148 06       		.uleb128 0x6
 1409 0149 40       		.uleb128 0x40
 1410 014a 18       		.uleb128 0x18
 1411 014b 9642     		.uleb128 0x2116
 1412 014d 19       		.uleb128 0x19
 1413 014e 00       		.byte	0
 1414 014f 00       		.byte	0
 1415 0150 00       		.byte	0
 1416              		.section	.debug_aranges,"",%progbits
 1417 0000 2C000000 		.4byte	0x2c
 1418 0004 0200     		.2byte	0x2
 1419 0006 00000000 		.4byte	.Ldebug_info0
 1420 000a 04       		.byte	0x4
 1421 000b 00       		.byte	0
 1422 000c 0000     		.2byte	0
 1423 000e 0000     		.2byte	0
 1424 0010 00000000 		.4byte	.LFB7
ARM GAS  /tmp/ccfkR1OD.s 			page 26


 1425 0014 48000000 		.4byte	.LFE7-.LFB7
 1426 0018 00000000 		.4byte	.LFB8
 1427 001c 40000000 		.4byte	.LFE8-.LFB8
 1428 0020 00000000 		.4byte	.LFB9
 1429 0024 30000000 		.4byte	.LFE9-.LFB9
 1430 0028 00000000 		.4byte	0
 1431 002c 00000000 		.4byte	0
 1432              		.section	.debug_ranges,"",%progbits
 1433              	.Ldebug_ranges0:
 1434 0000 00000000 		.4byte	.LFB7
 1435 0004 48000000 		.4byte	.LFE7
 1436 0008 00000000 		.4byte	.LFB8
 1437 000c 40000000 		.4byte	.LFE8
 1438 0010 00000000 		.4byte	.LFB9
 1439 0014 30000000 		.4byte	.LFE9
 1440 0018 00000000 		.4byte	0
 1441 001c 00000000 		.4byte	0
 1442              		.section	.debug_line,"",%progbits
 1443              	.Ldebug_line0:
 1444 0000 BA010000 		.section	.debug_str,"MS",%progbits,1
 1444      02006A01 
 1444      00000201 
 1444      FB0E0D00 
 1444      01010101 
 1445              	.LASF80:
 1446 0000 65745F69 		.ascii	"et_interval\000"
 1446      6E746572 
 1446      76616C00 
 1447              	.LASF43:
 1448 000c 705F6D73 		.ascii	"p_msg\000"
 1448      6700
 1449              	.LASF73:
 1450 0012 7264796D 		.ascii	"rdymsg\000"
 1450      736700
 1451              	.LASF16:
 1452 0019 75696E74 		.ascii	"uint64_t\000"
 1452      36345F74 
 1452      00
 1453              	.LASF5:
 1454 0022 5F5F7569 		.ascii	"__uint8_t\000"
 1454      6E74385F 
 1454      7400
 1455              	.LASF12:
 1456 002c 6C6F6E67 		.ascii	"long long unsigned int\000"
 1456      206C6F6E 
 1456      6720756E 
 1456      7369676E 
 1456      65642069 
 1457              	.LASF85:
 1458 0043 65767453 		.ascii	"evtStart\000"
 1458      74617274 
 1458      00
 1459              	.LASF30:
 1460 004c 705F7072 		.ascii	"p_prio\000"
 1460      696F00
 1461              	.LASF10:
 1462 0053 6C6F6E67 		.ascii	"long long int\000"
ARM GAS  /tmp/ccfkR1OD.s 			page 27


 1462      206C6F6E 
 1462      6720696E 
 1462      7400
 1463              	.LASF1:
 1464 0061 7369676E 		.ascii	"signed char\000"
 1464      65642063 
 1464      68617200 
 1465              	.LASF81:
 1466 006d 45765469 		.ascii	"EvTimer\000"
 1466      6D657200 
 1467              	.LASF47:
 1468 0075 705F6D70 		.ascii	"p_mpool\000"
 1468      6F6F6C00 
 1469              	.LASF63:
 1470 007d 6D5F7175 		.ascii	"m_queue\000"
 1470      65756500 
 1471              	.LASF21:
 1472 0085 74736C69 		.ascii	"tslices_t\000"
 1472      6365735F 
 1472      7400
 1473              	.LASF7:
 1474 008f 6C6F6E67 		.ascii	"long int\000"
 1474      20696E74 
 1474      00
 1475              	.LASF19:
 1476 0098 74737461 		.ascii	"tstate_t\000"
 1476      74655F74 
 1476      00
 1477              	.LASF32:
 1478 00a1 705F6E65 		.ascii	"p_newer\000"
 1478      77657200 
 1479              	.LASF74:
 1480 00a9 65786974 		.ascii	"exitcode\000"
 1480      636F6465 
 1480      00
 1481              	.LASF8:
 1482 00b2 5F5F7569 		.ascii	"__uint32_t\000"
 1482      6E743332 
 1482      5F7400
 1483              	.LASF50:
 1484 00bd 72656761 		.ascii	"regarm_t\000"
 1484      726D5F74 
 1484      00
 1485              	.LASF58:
 1486 00c6 76745F70 		.ascii	"vt_prev\000"
 1486      72657600 
 1487              	.LASF71:
 1488 00ce 4576656E 		.ascii	"EventSource\000"
 1488      74536F75 
 1488      72636500 
 1489              	.LASF35:
 1490 00da 705F7374 		.ascii	"p_stklimit\000"
 1490      6B6C696D 
 1490      697400
 1491              	.LASF0:
 1492 00e5 756E7369 		.ascii	"unsigned int\000"
 1492      676E6564 
ARM GAS  /tmp/ccfkR1OD.s 			page 28


 1492      20696E74 
 1492      00
 1493              	.LASF57:
 1494 00f2 76745F6E 		.ascii	"vt_next\000"
 1494      65787400 
 1495              	.LASF9:
 1496 00fa 6C6F6E67 		.ascii	"long unsigned int\000"
 1496      20756E73 
 1496      69676E65 
 1496      6420696E 
 1496      7400
 1497              	.LASF55:
 1498 010c 76746675 		.ascii	"vtfunc_t\000"
 1498      6E635F74 
 1498      00
 1499              	.LASF56:
 1500 0115 56697274 		.ascii	"VirtualTimer\000"
 1500      75616C54 
 1500      696D6572 
 1500      00
 1501              	.LASF53:
 1502 0122 636F6E74 		.ascii	"context\000"
 1502      65787400 
 1503              	.LASF4:
 1504 012a 73686F72 		.ascii	"short unsigned int\000"
 1504      7420756E 
 1504      7369676E 
 1504      65642069 
 1504      6E7400
 1505              	.LASF23:
 1506 013d 6D73675F 		.ascii	"msg_t\000"
 1506      7400
 1507              	.LASF67:
 1508 0143 656C5F6E 		.ascii	"el_next\000"
 1508      65787400 
 1509              	.LASF18:
 1510 014b 746D6F64 		.ascii	"tmode_t\000"
 1510      655F7400 
 1511              	.LASF49:
 1512 0153 54687265 		.ascii	"ThreadsList\000"
 1512      6164734C 
 1512      69737400 
 1513              	.LASF24:
 1514 015f 6576656E 		.ascii	"eventmask_t\000"
 1514      746D6173 
 1514      6B5F7400 
 1515              	.LASF62:
 1516 016b 4D757465 		.ascii	"Mutex\000"
 1516      7800
 1517              	.LASF51:
 1518 0171 73746B61 		.ascii	"stkalign_t\000"
 1518      6C69676E 
 1518      5F7400
 1519              	.LASF59:
 1520 017c 76745F74 		.ascii	"vt_time\000"
 1520      696D6500 
 1521              	.LASF79:
ARM GAS  /tmp/ccfkR1OD.s 			page 29


 1522 0184 65745F65 		.ascii	"et_es\000"
 1522      7300
 1523              	.LASF54:
 1524 018a 73697A65 		.ascii	"sizetype\000"
 1524      74797065 
 1524      00
 1525              	.LASF60:
 1526 0193 76745F66 		.ascii	"vt_func\000"
 1526      756E6300 
 1527              	.LASF33:
 1528 019b 705F6F6C 		.ascii	"p_older\000"
 1528      64657200 
 1529              	.LASF48:
 1530 01a3 54687265 		.ascii	"ThreadsQueue\000"
 1530      61647351 
 1530      75657565 
 1530      00
 1531              	.LASF69:
 1532 01b0 656C5F6D 		.ascii	"el_mask\000"
 1532      61736B00 
 1533              	.LASF11:
 1534 01b8 5F5F7569 		.ascii	"__uint64_t\000"
 1534      6E743634 
 1534      5F7400
 1535              	.LASF20:
 1536 01c3 74726566 		.ascii	"trefs_t\000"
 1536      735F7400 
 1537              	.LASF29:
 1538 01cb 705F7072 		.ascii	"p_prev\000"
 1538      657600
 1539              	.LASF22:
 1540 01d2 74707269 		.ascii	"tprio_t\000"
 1540      6F5F7400 
 1541              	.LASF17:
 1542 01da 5F426F6F 		.ascii	"_Bool\000"
 1542      6C00
 1543              	.LASF14:
 1544 01e0 696E7433 		.ascii	"int32_t\000"
 1544      325F7400 
 1545              	.LASF2:
 1546 01e8 756E7369 		.ascii	"unsigned char\000"
 1546      676E6564 
 1546      20636861 
 1546      7200
 1547              	.LASF68:
 1548 01f6 656C5F6C 		.ascii	"el_listener\000"
 1548      69737465 
 1548      6E657200 
 1549              	.LASF70:
 1550 0202 656C5F66 		.ascii	"el_flags\000"
 1550      6C616773 
 1550      00
 1551              	.LASF45:
 1552 020b 705F6D74 		.ascii	"p_mtxlist\000"
 1552      786C6973 
 1552      7400
 1553              	.LASF3:
ARM GAS  /tmp/ccfkR1OD.s 			page 30


 1554 0215 73686F72 		.ascii	"short int\000"
 1554      7420696E 
 1554      7400
 1555              	.LASF36:
 1556 021f 705F7374 		.ascii	"p_state\000"
 1556      61746500 
 1557              	.LASF39:
 1558 0227 705F7072 		.ascii	"p_preempt\000"
 1558      65656D70 
 1558      7400
 1559              	.LASF82:
 1560 0231 474E5520 		.ascii	"GNU C 4.8.4 20141219 (release) -mcpu=cortex-m4 -mfl"
 1560      4320342E 
 1560      382E3420 
 1560      32303134 
 1560      31323139 
 1561 0264 6F61742D 		.ascii	"oat-abi=hard -mfpu=fpv4-sp-d16 -mno-thumb-interwork"
 1561      6162693D 
 1561      68617264 
 1561      202D6D66 
 1561      70753D66 
 1562 0297 202D6D74 		.ascii	" -mthumb -ggdb -O0 -fomit-frame-pointer -falign-fun"
 1562      68756D62 
 1562      202D6767 
 1562      6462202D 
 1562      4F30202D 
 1563 02ca 6374696F 		.ascii	"ctions=16 -ffunction-sections -fdata-sections -fno-"
 1563      6E733D31 
 1563      36202D66 
 1563      66756E63 
 1563      74696F6E 
 1564 02fd 636F6D6D 		.ascii	"common -fsingle-precision-constant\000"
 1564      6F6E202D 
 1564      6673696E 
 1564      676C652D 
 1564      70726563 
 1565              	.LASF28:
 1566 0320 705F6E65 		.ascii	"p_next\000"
 1566      787400
 1567              	.LASF37:
 1568 0327 705F666C 		.ascii	"p_flags\000"
 1568      61677300 
 1569              	.LASF27:
 1570 032f 54687265 		.ascii	"Thread\000"
 1570      616400
 1571              	.LASF44:
 1572 0336 705F6570 		.ascii	"p_epending\000"
 1572      656E6469 
 1572      6E6700
 1573              	.LASF15:
 1574 0341 75696E74 		.ascii	"uint32_t\000"
 1574      33325F74 
 1574      00
 1575              	.LASF77:
 1576 034a 63686172 		.ascii	"char\000"
 1576      00
 1577              	.LASF84:
ARM GAS  /tmp/ccfkR1OD.s 			page 31


 1578 034f 746D7263 		.ascii	"tmrcb\000"
 1578      6200
 1579              	.LASF65:
 1580 0355 6D5F6E65 		.ascii	"m_next\000"
 1580      787400
 1581              	.LASF26:
 1582 035c 73797374 		.ascii	"systime_t\000"
 1582      696D655F 
 1582      7400
 1583              	.LASF46:
 1584 0366 705F7265 		.ascii	"p_realprio\000"
 1584      616C7072 
 1584      696F00
 1585              	.LASF6:
 1586 0371 5F5F696E 		.ascii	"__int32_t\000"
 1586      7433325F 
 1586      7400
 1587              	.LASF86:
 1588 037b 65767453 		.ascii	"evtStop\000"
 1588      746F7000 
 1589              	.LASF83:
 1590 0383 2F686F6D 		.ascii	"/home/dave/r2p-sdk/core/ChibiOS/os/various/evtimer."
 1590      652F6461 
 1590      76652F72 
 1590      32702D73 
 1590      646B2F63 
 1591 03b6 6300     		.ascii	"c\000"
 1592              	.LASF40:
 1593 03b8 705F7469 		.ascii	"p_time\000"
 1593      6D6500
 1594              	.LASF52:
 1595 03bf 696E7463 		.ascii	"intctx\000"
 1595      747800
 1596              	.LASF42:
 1597 03c6 705F6D73 		.ascii	"p_msgqueue\000"
 1597      67717565 
 1597      756500
 1598              	.LASF61:
 1599 03d1 76745F70 		.ascii	"vt_par\000"
 1599      617200
 1600              	.LASF25:
 1601 03d8 666C6167 		.ascii	"flagsmask_t\000"
 1601      736D6173 
 1601      6B5F7400 
 1602              	.LASF38:
 1603 03e4 705F7265 		.ascii	"p_refs\000"
 1603      667300
 1604              	.LASF13:
 1605 03eb 75696E74 		.ascii	"uint8_t\000"
 1605      385F7400 
 1606              	.LASF76:
 1607 03f3 65776D61 		.ascii	"ewmask\000"
 1607      736B00
 1608              	.LASF66:
 1609 03fa 4576656E 		.ascii	"EventListener\000"
 1609      744C6973 
 1609      74656E65 
ARM GAS  /tmp/ccfkR1OD.s 			page 32


 1609      7200
 1610              	.LASF75:
 1611 0408 77746F62 		.ascii	"wtobjp\000"
 1611      6A7000
 1612              	.LASF34:
 1613 040f 705F6E61 		.ascii	"p_name\000"
 1613      6D6500
 1614              	.LASF72:
 1615 0416 65735F6E 		.ascii	"es_next\000"
 1615      65787400 
 1616              	.LASF78:
 1617 041e 65745F76 		.ascii	"et_vt\000"
 1617      7400
 1618              	.LASF64:
 1619 0424 6D5F6F77 		.ascii	"m_owner\000"
 1619      6E657200 
 1620              	.LASF31:
 1621 042c 705F6374 		.ascii	"p_ctx\000"
 1621      7800
 1622              	.LASF41:
 1623 0432 705F7761 		.ascii	"p_waiting\000"
 1623      6974696E 
 1623      6700
 1624              		.ident	"GCC: (4.8.4-1+11-1) 4.8.4 20141219 (release)"
ARM GAS  /tmp/ccfkR1OD.s 			page 33


DEFINED SYMBOLS
                            *ABS*:0000000000000000 evtimer.c
     /tmp/ccfkR1OD.s:21     .text.tmrcb:0000000000000000 $t
     /tmp/ccfkR1OD.s:26     .text.tmrcb:0000000000000000 tmrcb
     /tmp/ccfkR1OD.s:82     .text.tmrcb:0000000000000044 $d
     /tmp/ccfkR1OD.s:87     .text.evtStart:0000000000000000 $t
     /tmp/ccfkR1OD.s:93     .text.evtStart:0000000000000000 evtStart
     /tmp/ccfkR1OD.s:145    .text.evtStart:000000000000003c $d
     /tmp/ccfkR1OD.s:150    .text.evtStop:0000000000000000 $t
     /tmp/ccfkR1OD.s:156    .text.evtStop:0000000000000000 evtStop
                     .debug_frame:0000000000000010 $d
     /tmp/ccfkR1OD.s:86     .text.tmrcb:0000000000000048 $t

UNDEFINED SYMBOLS
dbg_check_lock_from_isr
chEvtBroadcastFlagsI
chVTSetI
dbg_check_unlock_from_isr
dbg_check_lock
dbg_check_unlock
chVTResetI
