ARM GAS  /tmp/ccxlW2kN.s 			page 1


   1              		.syntax unified
   2              		.cpu cortex-m4
   3              		.eabi_attribute 27, 3
   4              		.eabi_attribute 28, 1
   5              		.fpu fpv4-sp-d16
   6              		.eabi_attribute 20, 1
   7              		.eabi_attribute 21, 1
   8              		.eabi_attribute 23, 3
   9              		.eabi_attribute 24, 1
  10              		.eabi_attribute 25, 1
  11              		.eabi_attribute 26, 1
  12              		.eabi_attribute 30, 6
  13              		.eabi_attribute 34, 1
  14              		.eabi_attribute 18, 4
  15              		.thumb
  16              		.file	"MessagePtrQueue.cpp"
  17              		.text
  18              	.Ltext0:
  19              		.cfi_sections	.debug_frame
  20              		.section	.text._ZN3r2p10UncopyableC2Ev,"axG",%progbits,_ZN3r2p10UncopyableC5Ev,comdat
  21              		.align	2
  22              		.p2align 4,,15
  23              		.weak	_ZN3r2p10UncopyableC2Ev
  24              		.thumb
  25              		.thumb_func
  26              		.type	_ZN3r2p10UncopyableC2Ev, %function
  27              	_ZN3r2p10UncopyableC2Ev:
  28              	.LFB6:
  29              		.file 1 "/home/dave/r2p-sdk/core/Middleware/include/r2p/Uncopyable.hpp"
  30              		.loc 1 20 0
  31              		.cfi_startproc
  32              		@ args = 0, pretend = 0, frame = 8
  33              		@ frame_needed = 0, uses_anonymous_args = 0
  34              		@ link register save eliminated.
  35 0000 82B0     		sub	sp, sp, #8
  36              		.cfi_def_cfa_offset 8
  37 0002 0190     		str	r0, [sp, #4]
  38              		.loc 1 20 0
  39 0004 019B     		ldr	r3, [sp, #4]
  40 0006 1846     		mov	r0, r3
  41 0008 02B0     		add	sp, sp, #8
  42              		@ sp needed
  43 000a 7047     		bx	lr
  44              		.cfi_endproc
  45              	.LFE6:
  46              		.size	_ZN3r2p10UncopyableC2Ev, .-_ZN3r2p10UncopyableC2Ev
  47              		.weak	_ZN3r2p10UncopyableC1Ev
  48              		.thumb_set _ZN3r2p10UncopyableC1Ev,_ZN3r2p10UncopyableC2Ev
  49 000c AFF30080 		.section	.text._ZN3r2p15MessagePtrQueueC2EPPNS_7MessageEj,"ax",%progbits
  50              		.align	2
  51              		.p2align 4,,15
  52              		.global	_ZN3r2p15MessagePtrQueueC2EPPNS_7MessageEj
  53              		.thumb
  54              		.thumb_func
  55              		.type	_ZN3r2p15MessagePtrQueueC2EPPNS_7MessageEj, %function
  56              	_ZN3r2p15MessagePtrQueueC2EPPNS_7MessageEj:
  57              	.LFB49:
ARM GAS  /tmp/ccxlW2kN.s 			page 2


  58              		.file 2 "/home/dave/r2p-sdk/core/Middleware/src/MessagePtrQueue.cpp"
  59              		.loc 2 7 0
  60              		.cfi_startproc
  61              		@ args = 0, pretend = 0, frame = 16
  62              		@ frame_needed = 0, uses_anonymous_args = 0
  63 0000 00B5     		push	{lr}
  64              		.cfi_def_cfa_offset 4
  65              		.cfi_offset 14, -4
  66 0002 85B0     		sub	sp, sp, #20
  67              		.cfi_def_cfa_offset 24
  68 0004 0390     		str	r0, [sp, #12]
  69 0006 0291     		str	r1, [sp, #8]
  70 0008 0192     		str	r2, [sp, #4]
  71              	.LBB2:
  72              		.loc 2 9 0
  73 000a 039B     		ldr	r3, [sp, #12]
  74 000c 1846     		mov	r0, r3
  75 000e 0299     		ldr	r1, [sp, #8]
  76 0010 019A     		ldr	r2, [sp, #4]
  77 0012 FFF7FEFF 		bl	_ZN3r2p10ArrayQueueIPNS_7MessageEEC2EPS2_j
  78              	.LBE2:
  79              		.loc 2 10 0
  80 0016 039B     		ldr	r3, [sp, #12]
  81 0018 1846     		mov	r0, r3
  82 001a 05B0     		add	sp, sp, #20
  83              		@ sp needed
  84 001c 5DF804FB 		ldr	pc, [sp], #4
  85              		.cfi_endproc
  86              	.LFE49:
  87              		.size	_ZN3r2p15MessagePtrQueueC2EPPNS_7MessageEj, .-_ZN3r2p15MessagePtrQueueC2EPPNS_7MessageEj
  88              		.global	_ZN3r2p15MessagePtrQueueC1EPPNS_7MessageEj
  89              		.thumb_set _ZN3r2p15MessagePtrQueueC1EPPNS_7MessageEj,_ZN3r2p15MessagePtrQueueC2EPPNS_7MessageEj
  90              		.section	.rodata
  91              		.align	2
  92              	.LC0:
  93 0000 5232505F 		.ascii	"R2P_ASSERT()\000"
  93      41535345 
  93      52542829 
  93      00
  94 000d 000000   		.section	.text._ZN3r2p10ArrayQueueIPNS_7MessageEEC2EPS2_j,"axG",%progbits,_ZN3r2p10ArrayQueueIPNS_
  95              		.align	2
  96              		.p2align 4,,15
  97              		.weak	_ZN3r2p10ArrayQueueIPNS_7MessageEEC2EPS2_j
  98              		.thumb
  99              		.thumb_func
 100              		.type	_ZN3r2p10ArrayQueueIPNS_7MessageEEC2EPS2_j, %function
 101              	_ZN3r2p10ArrayQueueIPNS_7MessageEEC2EPS2_j:
 102              	.LFB52:
 103              		.file 3 "/home/dave/r2p-sdk/core/Middleware/include/r2p/ArrayQueue.hpp"
 104              		.loc 3 125 0
 105              		.cfi_startproc
 106              		@ args = 0, pretend = 0, frame = 16
 107              		@ frame_needed = 0, uses_anonymous_args = 0
 108 0000 00B5     		push	{lr}
 109              		.cfi_def_cfa_offset 4
 110              		.cfi_offset 14, -4
 111 0002 85B0     		sub	sp, sp, #20
ARM GAS  /tmp/ccxlW2kN.s 			page 3


 112              		.cfi_def_cfa_offset 24
 113 0004 0390     		str	r0, [sp, #12]
 114 0006 0291     		str	r1, [sp, #8]
 115 0008 0192     		str	r2, [sp, #4]
 116              	.LBB3:
 117              		.loc 3 131 0
 118 000a 0398     		ldr	r0, [sp, #12]
 119 000c FFF7FEFF 		bl	_ZN3r2p10UncopyableC2Ev
 120 0010 039B     		ldr	r3, [sp, #12]
 121 0012 029A     		ldr	r2, [sp, #8]
 122 0014 1A60     		str	r2, [r3]
 123 0016 039B     		ldr	r3, [sp, #12]
 124 0018 019A     		ldr	r2, [sp, #4]
 125 001a 5A60     		str	r2, [r3, #4]
 126 001c 039B     		ldr	r3, [sp, #12]
 127 001e 0022     		movs	r2, #0
 128 0020 9A60     		str	r2, [r3, #8]
 129 0022 039B     		ldr	r3, [sp, #12]
 130 0024 029A     		ldr	r2, [sp, #8]
 131 0026 DA60     		str	r2, [r3, #12]
 132 0028 039B     		ldr	r3, [sp, #12]
 133 002a 029A     		ldr	r2, [sp, #8]
 134 002c 1A61     		str	r2, [r3, #16]
 135              		.loc 3 133 0
 136 002e 029B     		ldr	r3, [sp, #8]
 137 0030 002B     		cmp	r3, #0
 138 0032 02D1     		bne	.L8
 139              		.loc 3 133 0 is_stmt 0 discriminator 1
 140 0034 0648     		ldr	r0, .L11
 141 0036 FFF7FEFF 		bl	chDbgPanic
 142              	.L8:
 143              		.loc 3 134 0 is_stmt 1
 144 003a 019B     		ldr	r3, [sp, #4]
 145 003c 002B     		cmp	r3, #0
 146 003e 02D1     		bne	.L9
 147              		.loc 3 134 0 is_stmt 0 discriminator 1
 148 0040 0348     		ldr	r0, .L11
 149 0042 FFF7FEFF 		bl	chDbgPanic
 150              	.L9:
 151              	.LBE3:
 152              		.loc 3 135 0 is_stmt 1
 153 0046 039B     		ldr	r3, [sp, #12]
 154 0048 1846     		mov	r0, r3
 155 004a 05B0     		add	sp, sp, #20
 156              		@ sp needed
 157 004c 5DF804FB 		ldr	pc, [sp], #4
 158              	.L12:
 159              		.align	2
 160              	.L11:
 161 0050 00000000 		.word	.LC0
 162              		.cfi_endproc
 163              	.LFE52:
 164              		.size	_ZN3r2p10ArrayQueueIPNS_7MessageEEC2EPS2_j, .-_ZN3r2p10ArrayQueueIPNS_7MessageEEC2EPS2_j
 165              		.weak	_ZN3r2p10ArrayQueueIPNS_7MessageEEC1EPS2_j
 166              		.thumb_set _ZN3r2p10ArrayQueueIPNS_7MessageEEC1EPS2_j,_ZN3r2p10ArrayQueueIPNS_7MessageEEC2EPS2_j
 167 0054 AFF30080 		.text
 167      AFF30080 
ARM GAS  /tmp/ccxlW2kN.s 			page 4


 167      AFF30080 
 168              	.Letext0:
 169              		.file 4 "/usr/include/newlib/c++/4.8/cstring"
 170              		.file 5 "/usr/include/newlib/string.h"
 171              		.file 6 "<built-in>"
 172              		.file 7 "/home/dave/r2p-sdk/core/Middleware/include/r2p/MessagePtrQueue.hpp"
 173              		.file 8 "/usr/lib/gcc/arm-none-eabi/4.8/include/stddef.h"
 174              		.section	.debug_info,"",%progbits
 175              	.Ldebug_info0:
 176 0000 93040000 		.4byte	0x493
 177 0004 0400     		.2byte	0x4
 178 0006 00000000 		.4byte	.Ldebug_abbrev0
 179 000a 04       		.byte	0x4
 180 000b 01       		.uleb128 0x1
 181 000c A8010000 		.4byte	.LASF46
 182 0010 04       		.byte	0x4
 183 0011 40000000 		.4byte	.LASF47
 184 0015 A7040000 		.4byte	.LASF48
 185 0019 00000000 		.4byte	.Ldebug_ranges0+0
 186 001d 00000000 		.4byte	0
 187 0021 00000000 		.4byte	.Ldebug_line0
 188 0025 02       		.uleb128 0x2
 189 0026 04       		.byte	0x4
 190 0027 05       		.byte	0x5
 191 0028 696E7400 		.ascii	"int\000"
 192 002c 03       		.uleb128 0x3
 193 002d 08000000 		.4byte	.LASF49
 194 0031 08       		.byte	0x8
 195 0032 D4       		.byte	0xd4
 196 0033 37000000 		.4byte	0x37
 197 0037 04       		.uleb128 0x4
 198 0038 04       		.byte	0x4
 199 0039 07       		.byte	0x7
 200 003a 6F030000 		.4byte	.LASF0
 201 003e 04       		.uleb128 0x4
 202 003f 01       		.byte	0x1
 203 0040 06       		.byte	0x6
 204 0041 34010000 		.4byte	.LASF1
 205 0045 04       		.uleb128 0x4
 206 0046 01       		.byte	0x1
 207 0047 08       		.byte	0x8
 208 0048 51010000 		.4byte	.LASF2
 209 004c 04       		.uleb128 0x4
 210 004d 02       		.byte	0x2
 211 004e 05       		.byte	0x5
 212 004f 2B040000 		.4byte	.LASF3
 213 0053 04       		.uleb128 0x4
 214 0054 02       		.byte	0x2
 215 0055 07       		.byte	0x7
 216 0056 CB020000 		.4byte	.LASF4
 217 005a 04       		.uleb128 0x4
 218 005b 04       		.byte	0x4
 219 005c 05       		.byte	0x5
 220 005d 32000000 		.4byte	.LASF5
 221 0061 04       		.uleb128 0x4
 222 0062 04       		.byte	0x4
 223 0063 07       		.byte	0x7
ARM GAS  /tmp/ccxlW2kN.s 			page 5


 224 0064 96010000 		.4byte	.LASF6
 225 0068 04       		.uleb128 0x4
 226 0069 08       		.byte	0x8
 227 006a 05       		.byte	0x5
 228 006b 0C040000 		.4byte	.LASF7
 229 006f 04       		.uleb128 0x4
 230 0070 08       		.byte	0x8
 231 0071 07       		.byte	0x7
 232 0072 83030000 		.4byte	.LASF8
 233 0076 04       		.uleb128 0x4
 234 0077 04       		.byte	0x4
 235 0078 07       		.byte	0x7
 236 0079 EB030000 		.4byte	.LASF9
 237 007d 05       		.uleb128 0x5
 238 007e 04       		.byte	0x4
 239 007f 06       		.uleb128 0x6
 240 0080 04       		.byte	0x4
 241 0081 85000000 		.4byte	0x85
 242 0085 04       		.uleb128 0x4
 243 0086 01       		.byte	0x1
 244 0087 08       		.byte	0x8
 245 0088 1A040000 		.4byte	.LASF10
 246 008c 06       		.uleb128 0x6
 247 008d 04       		.byte	0x4
 248 008e 92000000 		.4byte	0x92
 249 0092 07       		.uleb128 0x7
 250 0093 85000000 		.4byte	0x85
 251 0097 08       		.uleb128 0x8
 252 0098 73746400 		.ascii	"std\000"
 253 009c 06       		.byte	0x6
 254 009d 00       		.byte	0
 255 009e BF000000 		.4byte	0xbf
 256 00a2 09       		.uleb128 0x9
 257 00a3 04       		.byte	0x4
 258 00a4 52       		.byte	0x52
 259 00a5 BF000000 		.4byte	0xbf
 260 00a9 09       		.uleb128 0x9
 261 00aa 04       		.byte	0x4
 262 00ab 55       		.byte	0x55
 263 00ac D9000000 		.4byte	0xd9
 264 00b0 09       		.uleb128 0x9
 265 00b1 04       		.byte	0x4
 266 00b2 5B       		.byte	0x5b
 267 00b3 EE000000 		.4byte	0xee
 268 00b7 09       		.uleb128 0x9
 269 00b8 04       		.byte	0x4
 270 00b9 5C       		.byte	0x5c
 271 00ba 08010000 		.4byte	0x108
 272 00be 00       		.byte	0
 273 00bf 0A       		.uleb128 0xa
 274 00c0 00000000 		.4byte	.LASF11
 275 00c4 05       		.byte	0x5
 276 00c5 1D       		.byte	0x1d
 277 00c6 25000000 		.4byte	0x25
 278 00ca D9000000 		.4byte	0xd9
 279 00ce 0B       		.uleb128 0xb
 280 00cf 8C000000 		.4byte	0x8c
ARM GAS  /tmp/ccxlW2kN.s 			page 6


 281 00d3 0B       		.uleb128 0xb
 282 00d4 8C000000 		.4byte	0x8c
 283 00d8 00       		.byte	0
 284 00d9 0A       		.uleb128 0xa
 285 00da 9E040000 		.4byte	.LASF12
 286 00de 05       		.byte	0x5
 287 00df 20       		.byte	0x20
 288 00e0 7F000000 		.4byte	0x7f
 289 00e4 EE000000 		.4byte	0xee
 290 00e8 0B       		.uleb128 0xb
 291 00e9 25000000 		.4byte	0x25
 292 00ed 00       		.byte	0
 293 00ee 0A       		.uleb128 0xa
 294 00ef 7C030000 		.4byte	.LASF13
 295 00f3 05       		.byte	0x5
 296 00f4 2B       		.byte	0x2b
 297 00f5 7F000000 		.4byte	0x7f
 298 00f9 08010000 		.4byte	0x108
 299 00fd 0B       		.uleb128 0xb
 300 00fe 7F000000 		.4byte	0x7f
 301 0102 0B       		.uleb128 0xb
 302 0103 8C000000 		.4byte	0x8c
 303 0107 00       		.byte	0
 304 0108 0A       		.uleb128 0xa
 305 0109 5B030000 		.4byte	.LASF14
 306 010d 05       		.byte	0x5
 307 010e 2E       		.byte	0x2e
 308 010f 2C000000 		.4byte	0x2c
 309 0113 27010000 		.4byte	0x127
 310 0117 0B       		.uleb128 0xb
 311 0118 7F000000 		.4byte	0x7f
 312 011c 0B       		.uleb128 0xb
 313 011d 8C000000 		.4byte	0x8c
 314 0121 0B       		.uleb128 0xb
 315 0122 2C000000 		.4byte	0x2c
 316 0126 00       		.byte	0
 317 0127 08       		.uleb128 0x8
 318 0128 72327000 		.ascii	"r2p\000"
 319 012c 01       		.byte	0x1
 320 012d 03       		.byte	0x3
 321 012e 52030000 		.4byte	0x352
 322 0132 0C       		.uleb128 0xc
 323 0133 50030000 		.4byte	.LASF15
 324 0137 01       		.byte	0x1
 325 0138 01       		.byte	0x1
 326 0139 06       		.byte	0x6
 327 013a 92010000 		.4byte	0x192
 328 013e 0D       		.uleb128 0xd
 329 013f 50030000 		.4byte	.LASF15
 330 0143 01       		.byte	0x1
 331 0144 09       		.byte	0x9
 332 0145 52030000 		.4byte	0x352
 333 0149 51010000 		.4byte	0x151
 334 014d 5C010000 		.4byte	0x15c
 335 0151 0E       		.uleb128 0xe
 336 0152 52030000 		.4byte	0x352
 337 0156 0B       		.uleb128 0xb
ARM GAS  /tmp/ccxlW2kN.s 			page 7


 338 0157 58030000 		.4byte	0x358
 339 015b 00       		.byte	0
 340 015c 0F       		.uleb128 0xf
 341 015d 50030000 		.4byte	.LASF15
 342 0161 01       		.byte	0x1
 343 0162 14       		.byte	0x14
 344 0163 52030000 		.4byte	0x352
 345 0167 02       		.byte	0x2
 346 0168 70010000 		.4byte	0x170
 347 016c 76010000 		.4byte	0x176
 348 0170 0E       		.uleb128 0xe
 349 0171 52030000 		.4byte	0x352
 350 0175 00       		.byte	0
 351 0176 10       		.uleb128 0x10
 352 0177 63030000 		.4byte	.LASF16
 353 017b 01       		.byte	0x1
 354 017c 15       		.byte	0x15
 355 017d 7D000000 		.4byte	0x7d
 356 0181 02       		.byte	0x2
 357 0182 86010000 		.4byte	0x186
 358 0186 0E       		.uleb128 0xe
 359 0187 52030000 		.4byte	0x352
 360 018b 0E       		.uleb128 0xe
 361 018c 25000000 		.4byte	0x25
 362 0190 00       		.byte	0
 363 0191 00       		.byte	0
 364 0192 07       		.uleb128 0x7
 365 0193 32010000 		.4byte	0x132
 366 0197 0C       		.uleb128 0xc
 367 0198 9A030000 		.4byte	.LASF17
 368 019c 14       		.byte	0x14
 369 019d 03       		.byte	0x3
 370 019e 09       		.byte	0x9
 371 019f 17030000 		.4byte	0x317
 372 01a3 11       		.uleb128 0x11
 373 01a4 32010000 		.4byte	0x132
 374 01a8 00       		.byte	0
 375 01a9 12       		.uleb128 0x12
 376 01aa D6000000 		.4byte	.LASF18
 377 01ae 03       		.byte	0x3
 378 01af 0B       		.byte	0xb
 379 01b0 65030000 		.4byte	0x365
 380 01b4 00       		.byte	0
 381 01b5 12       		.uleb128 0x12
 382 01b6 DC040000 		.4byte	.LASF19
 383 01ba 03       		.byte	0x3
 384 01bb 0C       		.byte	0xc
 385 01bc 2C000000 		.4byte	0x2c
 386 01c0 04       		.byte	0x4
 387 01c1 12       		.uleb128 0x12
 388 01c2 27000000 		.4byte	.LASF20
 389 01c6 03       		.byte	0x3
 390 01c7 0D       		.byte	0xd
 391 01c8 2C000000 		.4byte	0x2c
 392 01cc 08       		.byte	0x8
 393 01cd 12       		.uleb128 0x12
 394 01ce E3040000 		.4byte	.LASF21
ARM GAS  /tmp/ccxlW2kN.s 			page 8


 395 01d2 03       		.byte	0x3
 396 01d3 0E       		.byte	0xe
 397 01d4 65030000 		.4byte	0x365
 398 01d8 0C       		.byte	0xc
 399 01d9 12       		.uleb128 0x12
 400 01da CB040000 		.4byte	.LASF22
 401 01de 03       		.byte	0x3
 402 01df 0F       		.byte	0xf
 403 01e0 65030000 		.4byte	0x365
 404 01e4 10       		.byte	0x10
 405 01e5 13       		.uleb128 0x13
 406 01e6 1F040000 		.4byte	.LASF23
 407 01ea 03       		.byte	0x3
 408 01eb 25       		.byte	0x25
 409 01ec 16030000 		.4byte	.LASF25
 410 01f0 5E030000 		.4byte	0x35e
 411 01f4 01       		.byte	0x1
 412 01f5 FD010000 		.4byte	0x1fd
 413 01f9 08020000 		.4byte	0x208
 414 01fd 0E       		.uleb128 0xe
 415 01fe 71030000 		.4byte	0x371
 416 0202 0B       		.uleb128 0xb
 417 0203 6B030000 		.4byte	0x36b
 418 0207 00       		.byte	0
 419 0208 13       		.uleb128 0x13
 420 0209 DE030000 		.4byte	.LASF24
 421 020d 03       		.byte	0x3
 422 020e 34       		.byte	0x34
 423 020f 35040000 		.4byte	.LASF26
 424 0213 5E030000 		.4byte	0x35e
 425 0217 01       		.byte	0x1
 426 0218 20020000 		.4byte	0x220
 427 021c 2B020000 		.4byte	0x22b
 428 0220 0E       		.uleb128 0xe
 429 0221 71030000 		.4byte	0x371
 430 0225 0B       		.uleb128 0xb
 431 0226 77030000 		.4byte	0x377
 432 022a 00       		.byte	0
 433 022b 13       		.uleb128 0x13
 434 022c 40010000 		.4byte	.LASF27
 435 0230 03       		.byte	0x3
 436 0231 43       		.byte	0x43
 437 0232 DE020000 		.4byte	.LASF28
 438 0236 5E030000 		.4byte	0x35e
 439 023a 01       		.byte	0x1
 440 023b 43020000 		.4byte	0x243
 441 023f 49020000 		.4byte	0x249
 442 0243 0E       		.uleb128 0xe
 443 0244 71030000 		.4byte	0x371
 444 0248 00       		.byte	0
 445 0249 13       		.uleb128 0x13
 446 024a D1040000 		.4byte	.LASF29
 447 024e 03       		.byte	0x3
 448 024f 51       		.byte	0x51
 449 0250 64010000 		.4byte	.LASF30
 450 0254 2C000000 		.4byte	0x2c
 451 0258 01       		.byte	0x1
ARM GAS  /tmp/ccxlW2kN.s 			page 9


 452 0259 61020000 		.4byte	0x261
 453 025d 67020000 		.4byte	0x267
 454 0261 0E       		.uleb128 0xe
 455 0262 7D030000 		.4byte	0x37d
 456 0266 00       		.byte	0
 457 0267 13       		.uleb128 0x13
 458 0268 F4040000 		.4byte	.LASF31
 459 026c 03       		.byte	0x3
 460 026d 58       		.byte	0x58
 461 026e A6000000 		.4byte	.LASF32
 462 0272 2C000000 		.4byte	0x2c
 463 0276 01       		.byte	0x1
 464 0277 7F020000 		.4byte	0x27f
 465 027b 85020000 		.4byte	0x285
 466 027f 0E       		.uleb128 0xe
 467 0280 7D030000 		.4byte	0x37d
 468 0284 00       		.byte	0
 469 0285 13       		.uleb128 0x13
 470 0286 6B040000 		.4byte	.LASF33
 471 028a 03       		.byte	0x3
 472 028b 5F       		.byte	0x5f
 473 028c 08010000 		.4byte	.LASF34
 474 0290 5E030000 		.4byte	0x35e
 475 0294 01       		.byte	0x1
 476 0295 9D020000 		.4byte	0x29d
 477 0299 A8020000 		.4byte	0x2a8
 478 029d 0E       		.uleb128 0xe
 479 029e 71030000 		.4byte	0x371
 480 02a2 0B       		.uleb128 0xb
 481 02a3 6B030000 		.4byte	0x36b
 482 02a7 00       		.byte	0
 483 02a8 13       		.uleb128 0x13
 484 02a9 4A030000 		.4byte	.LASF35
 485 02ad 03       		.byte	0x3
 486 02ae 69       		.byte	0x69
 487 02af 70040000 		.4byte	.LASF36
 488 02b3 5E030000 		.4byte	0x35e
 489 02b7 01       		.byte	0x1
 490 02b8 C0020000 		.4byte	0x2c0
 491 02bc CB020000 		.4byte	0x2cb
 492 02c0 0E       		.uleb128 0xe
 493 02c1 71030000 		.4byte	0x371
 494 02c5 0B       		.uleb128 0xb
 495 02c6 77030000 		.4byte	0x377
 496 02ca 00       		.byte	0
 497 02cb 13       		.uleb128 0x13
 498 02cc 2D000000 		.4byte	.LASF37
 499 02d0 03       		.byte	0x3
 500 02d1 73       		.byte	0x73
 501 02d2 B4030000 		.4byte	.LASF38
 502 02d6 5E030000 		.4byte	0x35e
 503 02da 01       		.byte	0x1
 504 02db E3020000 		.4byte	0x2e3
 505 02df E9020000 		.4byte	0x2e9
 506 02e3 0E       		.uleb128 0xe
 507 02e4 71030000 		.4byte	0x371
 508 02e8 00       		.byte	0
ARM GAS  /tmp/ccxlW2kN.s 			page 10


 509 02e9 0F       		.uleb128 0xf
 510 02ea E9040000 		.4byte	.LASF39
 511 02ee 03       		.byte	0x3
 512 02ef 7D       		.byte	0x7d
 513 02f0 71030000 		.4byte	0x371
 514 02f4 01       		.byte	0x1
 515 02f5 FD020000 		.4byte	0x2fd
 516 02f9 0D030000 		.4byte	0x30d
 517 02fd 0E       		.uleb128 0xe
 518 02fe 71030000 		.4byte	0x371
 519 0302 0B       		.uleb128 0xb
 520 0303 65030000 		.4byte	0x365
 521 0307 0B       		.uleb128 0xb
 522 0308 2C000000 		.4byte	0x2c
 523 030c 00       		.byte	0
 524 030d 14       		.uleb128 0x14
 525 030e 4C010000 		.4byte	.LASF50
 526 0312 6B030000 		.4byte	0x36b
 527 0316 00       		.byte	0
 528 0317 15       		.uleb128 0x15
 529 0318 1F000000 		.4byte	.LASF51
 530 031c 07       		.uleb128 0x7
 531 031d 97010000 		.4byte	0x197
 532 0321 16       		.uleb128 0x16
 533 0322 0F000000 		.4byte	.LASF40
 534 0326 14       		.byte	0x14
 535 0327 07       		.byte	0x7
 536 0328 0B       		.byte	0xb
 537 0329 17       		.uleb128 0x17
 538 032a 97010000 		.4byte	0x197
 539 032e 00       		.byte	0
 540 032f 01       		.byte	0x1
 541 0330 10       		.uleb128 0x10
 542 0331 0F000000 		.4byte	.LASF40
 543 0335 07       		.byte	0x7
 544 0336 0D       		.byte	0xd
 545 0337 83030000 		.4byte	0x383
 546 033b 01       		.byte	0x1
 547 033c 40030000 		.4byte	0x340
 548 0340 0E       		.uleb128 0xe
 549 0341 83030000 		.4byte	0x383
 550 0345 0B       		.uleb128 0xb
 551 0346 65030000 		.4byte	0x365
 552 034a 0B       		.uleb128 0xb
 553 034b 2C000000 		.4byte	0x2c
 554 034f 00       		.byte	0
 555 0350 00       		.byte	0
 556 0351 00       		.byte	0
 557 0352 06       		.uleb128 0x6
 558 0353 04       		.byte	0x4
 559 0354 32010000 		.4byte	0x132
 560 0358 18       		.uleb128 0x18
 561 0359 04       		.byte	0x4
 562 035a 92010000 		.4byte	0x192
 563 035e 04       		.uleb128 0x4
 564 035f 01       		.byte	0x1
 565 0360 02       		.byte	0x2
ARM GAS  /tmp/ccxlW2kN.s 			page 11


 566 0361 3B000000 		.4byte	.LASF41
 567 0365 06       		.uleb128 0x6
 568 0366 04       		.byte	0x4
 569 0367 6B030000 		.4byte	0x36b
 570 036b 06       		.uleb128 0x6
 571 036c 04       		.byte	0x4
 572 036d 17030000 		.4byte	0x317
 573 0371 06       		.uleb128 0x6
 574 0372 04       		.byte	0x4
 575 0373 97010000 		.4byte	0x197
 576 0377 18       		.uleb128 0x18
 577 0378 04       		.byte	0x4
 578 0379 6B030000 		.4byte	0x36b
 579 037d 06       		.uleb128 0x6
 580 037e 04       		.byte	0x4
 581 037f 1C030000 		.4byte	0x31c
 582 0383 06       		.uleb128 0x6
 583 0384 04       		.byte	0x4
 584 0385 21030000 		.4byte	0x321
 585 0389 19       		.uleb128 0x19
 586 038a 5C010000 		.4byte	0x15c
 587 038e 02       		.byte	0x2
 588 038f 97030000 		.4byte	0x397
 589 0393 A1030000 		.4byte	0x3a1
 590 0397 1A       		.uleb128 0x1a
 591 0398 5F010000 		.4byte	.LASF42
 592 039c A1030000 		.4byte	0x3a1
 593 03a0 00       		.byte	0
 594 03a1 07       		.uleb128 0x7
 595 03a2 52030000 		.4byte	0x352
 596 03a6 1B       		.uleb128 0x1b
 597 03a7 89030000 		.4byte	0x389
 598 03ab F4030000 		.4byte	.LASF43
 599 03af 00000000 		.4byte	.LFB6
 600 03b3 0C000000 		.4byte	.LFE6-.LFB6
 601 03b7 01       		.uleb128 0x1
 602 03b8 9C       		.byte	0x9c
 603 03b9 C1030000 		.4byte	0x3c1
 604 03bd CA030000 		.4byte	0x3ca
 605 03c1 1C       		.uleb128 0x1c
 606 03c2 97030000 		.4byte	0x397
 607 03c6 02       		.uleb128 0x2
 608 03c7 91       		.byte	0x91
 609 03c8 7C       		.sleb128 -4
 610 03c9 00       		.byte	0
 611 03ca 1D       		.uleb128 0x1d
 612 03cb 30030000 		.4byte	0x330
 613 03cf 02       		.byte	0x2
 614 03d0 07       		.byte	0x7
 615 03d1 00       		.byte	0
 616 03d2 DA030000 		.4byte	0x3da
 617 03d6 FA030000 		.4byte	0x3fa
 618 03da 1A       		.uleb128 0x1a
 619 03db 5F010000 		.4byte	.LASF42
 620 03df FA030000 		.4byte	0x3fa
 621 03e3 1E       		.uleb128 0x1e
 622 03e4 D6000000 		.4byte	.LASF18
ARM GAS  /tmp/ccxlW2kN.s 			page 12


 623 03e8 02       		.byte	0x2
 624 03e9 07       		.byte	0x7
 625 03ea 65030000 		.4byte	0x365
 626 03ee 1E       		.uleb128 0x1e
 627 03ef DC040000 		.4byte	.LASF19
 628 03f3 02       		.byte	0x2
 629 03f4 07       		.byte	0x7
 630 03f5 2C000000 		.4byte	0x2c
 631 03f9 00       		.byte	0
 632 03fa 07       		.uleb128 0x7
 633 03fb 83030000 		.4byte	0x383
 634 03ff 1F       		.uleb128 0x1f
 635 0400 CA030000 		.4byte	0x3ca
 636 0404 DD000000 		.4byte	.LASF44
 637 0408 00000000 		.4byte	.LFB49
 638 040c 20000000 		.4byte	.LFE49-.LFB49
 639 0410 01       		.uleb128 0x1
 640 0411 9C       		.byte	0x9c
 641 0412 1A040000 		.4byte	0x41a
 642 0416 33040000 		.4byte	0x433
 643 041a 1C       		.uleb128 0x1c
 644 041b DA030000 		.4byte	0x3da
 645 041f 02       		.uleb128 0x2
 646 0420 91       		.byte	0x91
 647 0421 74       		.sleb128 -12
 648 0422 1C       		.uleb128 0x1c
 649 0423 E3030000 		.4byte	0x3e3
 650 0427 02       		.uleb128 0x2
 651 0428 91       		.byte	0x91
 652 0429 70       		.sleb128 -16
 653 042a 1C       		.uleb128 0x1c
 654 042b EE030000 		.4byte	0x3ee
 655 042f 02       		.uleb128 0x2
 656 0430 91       		.byte	0x91
 657 0431 6C       		.sleb128 -20
 658 0432 00       		.byte	0
 659 0433 19       		.uleb128 0x19
 660 0434 E9020000 		.4byte	0x2e9
 661 0438 02       		.byte	0x2
 662 0439 41040000 		.4byte	0x441
 663 043d 61040000 		.4byte	0x461
 664 0441 1A       		.uleb128 0x1a
 665 0442 5F010000 		.4byte	.LASF42
 666 0446 61040000 		.4byte	0x461
 667 044a 1E       		.uleb128 0x1e
 668 044b 10030000 		.4byte	.LASF45
 669 044f 03       		.byte	0x3
 670 0450 7D       		.byte	0x7d
 671 0451 65030000 		.4byte	0x365
 672 0455 1E       		.uleb128 0x1e
 673 0456 DC040000 		.4byte	.LASF19
 674 045a 03       		.byte	0x3
 675 045b 7D       		.byte	0x7d
 676 045c 2C000000 		.4byte	0x2c
 677 0460 00       		.byte	0
 678 0461 07       		.uleb128 0x7
 679 0462 71030000 		.4byte	0x371
ARM GAS  /tmp/ccxlW2kN.s 			page 13


 680 0466 20       		.uleb128 0x20
 681 0467 33040000 		.4byte	0x433
 682 046b 7B000000 		.4byte	.LASF52
 683 046f 00000000 		.4byte	.LFB52
 684 0473 54000000 		.4byte	.LFE52-.LFB52
 685 0477 01       		.uleb128 0x1
 686 0478 9C       		.byte	0x9c
 687 0479 7D040000 		.4byte	0x47d
 688 047d 1C       		.uleb128 0x1c
 689 047e 41040000 		.4byte	0x441
 690 0482 02       		.uleb128 0x2
 691 0483 91       		.byte	0x91
 692 0484 74       		.sleb128 -12
 693 0485 1C       		.uleb128 0x1c
 694 0486 4A040000 		.4byte	0x44a
 695 048a 02       		.uleb128 0x2
 696 048b 91       		.byte	0x91
 697 048c 70       		.sleb128 -16
 698 048d 1C       		.uleb128 0x1c
 699 048e 55040000 		.4byte	0x455
 700 0492 02       		.uleb128 0x2
 701 0493 91       		.byte	0x91
 702 0494 6C       		.sleb128 -20
 703 0495 00       		.byte	0
 704 0496 00       		.byte	0
 705              		.section	.debug_abbrev,"",%progbits
 706              	.Ldebug_abbrev0:
 707 0000 01       		.uleb128 0x1
 708 0001 11       		.uleb128 0x11
 709 0002 01       		.byte	0x1
 710 0003 25       		.uleb128 0x25
 711 0004 0E       		.uleb128 0xe
 712 0005 13       		.uleb128 0x13
 713 0006 0B       		.uleb128 0xb
 714 0007 03       		.uleb128 0x3
 715 0008 0E       		.uleb128 0xe
 716 0009 1B       		.uleb128 0x1b
 717 000a 0E       		.uleb128 0xe
 718 000b 55       		.uleb128 0x55
 719 000c 17       		.uleb128 0x17
 720 000d 11       		.uleb128 0x11
 721 000e 01       		.uleb128 0x1
 722 000f 10       		.uleb128 0x10
 723 0010 17       		.uleb128 0x17
 724 0011 00       		.byte	0
 725 0012 00       		.byte	0
 726 0013 02       		.uleb128 0x2
 727 0014 24       		.uleb128 0x24
 728 0015 00       		.byte	0
 729 0016 0B       		.uleb128 0xb
 730 0017 0B       		.uleb128 0xb
 731 0018 3E       		.uleb128 0x3e
 732 0019 0B       		.uleb128 0xb
 733 001a 03       		.uleb128 0x3
 734 001b 08       		.uleb128 0x8
 735 001c 00       		.byte	0
 736 001d 00       		.byte	0
ARM GAS  /tmp/ccxlW2kN.s 			page 14


 737 001e 03       		.uleb128 0x3
 738 001f 16       		.uleb128 0x16
 739 0020 00       		.byte	0
 740 0021 03       		.uleb128 0x3
 741 0022 0E       		.uleb128 0xe
 742 0023 3A       		.uleb128 0x3a
 743 0024 0B       		.uleb128 0xb
 744 0025 3B       		.uleb128 0x3b
 745 0026 0B       		.uleb128 0xb
 746 0027 49       		.uleb128 0x49
 747 0028 13       		.uleb128 0x13
 748 0029 00       		.byte	0
 749 002a 00       		.byte	0
 750 002b 04       		.uleb128 0x4
 751 002c 24       		.uleb128 0x24
 752 002d 00       		.byte	0
 753 002e 0B       		.uleb128 0xb
 754 002f 0B       		.uleb128 0xb
 755 0030 3E       		.uleb128 0x3e
 756 0031 0B       		.uleb128 0xb
 757 0032 03       		.uleb128 0x3
 758 0033 0E       		.uleb128 0xe
 759 0034 00       		.byte	0
 760 0035 00       		.byte	0
 761 0036 05       		.uleb128 0x5
 762 0037 0F       		.uleb128 0xf
 763 0038 00       		.byte	0
 764 0039 0B       		.uleb128 0xb
 765 003a 0B       		.uleb128 0xb
 766 003b 00       		.byte	0
 767 003c 00       		.byte	0
 768 003d 06       		.uleb128 0x6
 769 003e 0F       		.uleb128 0xf
 770 003f 00       		.byte	0
 771 0040 0B       		.uleb128 0xb
 772 0041 0B       		.uleb128 0xb
 773 0042 49       		.uleb128 0x49
 774 0043 13       		.uleb128 0x13
 775 0044 00       		.byte	0
 776 0045 00       		.byte	0
 777 0046 07       		.uleb128 0x7
 778 0047 26       		.uleb128 0x26
 779 0048 00       		.byte	0
 780 0049 49       		.uleb128 0x49
 781 004a 13       		.uleb128 0x13
 782 004b 00       		.byte	0
 783 004c 00       		.byte	0
 784 004d 08       		.uleb128 0x8
 785 004e 39       		.uleb128 0x39
 786 004f 01       		.byte	0x1
 787 0050 03       		.uleb128 0x3
 788 0051 08       		.uleb128 0x8
 789 0052 3A       		.uleb128 0x3a
 790 0053 0B       		.uleb128 0xb
 791 0054 3B       		.uleb128 0x3b
 792 0055 0B       		.uleb128 0xb
 793 0056 01       		.uleb128 0x1
ARM GAS  /tmp/ccxlW2kN.s 			page 15


 794 0057 13       		.uleb128 0x13
 795 0058 00       		.byte	0
 796 0059 00       		.byte	0
 797 005a 09       		.uleb128 0x9
 798 005b 08       		.uleb128 0x8
 799 005c 00       		.byte	0
 800 005d 3A       		.uleb128 0x3a
 801 005e 0B       		.uleb128 0xb
 802 005f 3B       		.uleb128 0x3b
 803 0060 0B       		.uleb128 0xb
 804 0061 18       		.uleb128 0x18
 805 0062 13       		.uleb128 0x13
 806 0063 00       		.byte	0
 807 0064 00       		.byte	0
 808 0065 0A       		.uleb128 0xa
 809 0066 2E       		.uleb128 0x2e
 810 0067 01       		.byte	0x1
 811 0068 3F       		.uleb128 0x3f
 812 0069 19       		.uleb128 0x19
 813 006a 03       		.uleb128 0x3
 814 006b 0E       		.uleb128 0xe
 815 006c 3A       		.uleb128 0x3a
 816 006d 0B       		.uleb128 0xb
 817 006e 3B       		.uleb128 0x3b
 818 006f 0B       		.uleb128 0xb
 819 0070 49       		.uleb128 0x49
 820 0071 13       		.uleb128 0x13
 821 0072 3C       		.uleb128 0x3c
 822 0073 19       		.uleb128 0x19
 823 0074 01       		.uleb128 0x1
 824 0075 13       		.uleb128 0x13
 825 0076 00       		.byte	0
 826 0077 00       		.byte	0
 827 0078 0B       		.uleb128 0xb
 828 0079 05       		.uleb128 0x5
 829 007a 00       		.byte	0
 830 007b 49       		.uleb128 0x49
 831 007c 13       		.uleb128 0x13
 832 007d 00       		.byte	0
 833 007e 00       		.byte	0
 834 007f 0C       		.uleb128 0xc
 835 0080 02       		.uleb128 0x2
 836 0081 01       		.byte	0x1
 837 0082 03       		.uleb128 0x3
 838 0083 0E       		.uleb128 0xe
 839 0084 0B       		.uleb128 0xb
 840 0085 0B       		.uleb128 0xb
 841 0086 3A       		.uleb128 0x3a
 842 0087 0B       		.uleb128 0xb
 843 0088 3B       		.uleb128 0x3b
 844 0089 0B       		.uleb128 0xb
 845 008a 01       		.uleb128 0x1
 846 008b 13       		.uleb128 0x13
 847 008c 00       		.byte	0
 848 008d 00       		.byte	0
 849 008e 0D       		.uleb128 0xd
 850 008f 2E       		.uleb128 0x2e
ARM GAS  /tmp/ccxlW2kN.s 			page 16


 851 0090 01       		.byte	0x1
 852 0091 3F       		.uleb128 0x3f
 853 0092 19       		.uleb128 0x19
 854 0093 03       		.uleb128 0x3
 855 0094 0E       		.uleb128 0xe
 856 0095 3A       		.uleb128 0x3a
 857 0096 0B       		.uleb128 0xb
 858 0097 3B       		.uleb128 0x3b
 859 0098 0B       		.uleb128 0xb
 860 0099 49       		.uleb128 0x49
 861 009a 13       		.uleb128 0x13
 862 009b 3C       		.uleb128 0x3c
 863 009c 19       		.uleb128 0x19
 864 009d 64       		.uleb128 0x64
 865 009e 13       		.uleb128 0x13
 866 009f 01       		.uleb128 0x1
 867 00a0 13       		.uleb128 0x13
 868 00a1 00       		.byte	0
 869 00a2 00       		.byte	0
 870 00a3 0E       		.uleb128 0xe
 871 00a4 05       		.uleb128 0x5
 872 00a5 00       		.byte	0
 873 00a6 49       		.uleb128 0x49
 874 00a7 13       		.uleb128 0x13
 875 00a8 34       		.uleb128 0x34
 876 00a9 19       		.uleb128 0x19
 877 00aa 00       		.byte	0
 878 00ab 00       		.byte	0
 879 00ac 0F       		.uleb128 0xf
 880 00ad 2E       		.uleb128 0x2e
 881 00ae 01       		.byte	0x1
 882 00af 3F       		.uleb128 0x3f
 883 00b0 19       		.uleb128 0x19
 884 00b1 03       		.uleb128 0x3
 885 00b2 0E       		.uleb128 0xe
 886 00b3 3A       		.uleb128 0x3a
 887 00b4 0B       		.uleb128 0xb
 888 00b5 3B       		.uleb128 0x3b
 889 00b6 0B       		.uleb128 0xb
 890 00b7 49       		.uleb128 0x49
 891 00b8 13       		.uleb128 0x13
 892 00b9 32       		.uleb128 0x32
 893 00ba 0B       		.uleb128 0xb
 894 00bb 3C       		.uleb128 0x3c
 895 00bc 19       		.uleb128 0x19
 896 00bd 64       		.uleb128 0x64
 897 00be 13       		.uleb128 0x13
 898 00bf 01       		.uleb128 0x1
 899 00c0 13       		.uleb128 0x13
 900 00c1 00       		.byte	0
 901 00c2 00       		.byte	0
 902 00c3 10       		.uleb128 0x10
 903 00c4 2E       		.uleb128 0x2e
 904 00c5 01       		.byte	0x1
 905 00c6 3F       		.uleb128 0x3f
 906 00c7 19       		.uleb128 0x19
 907 00c8 03       		.uleb128 0x3
ARM GAS  /tmp/ccxlW2kN.s 			page 17


 908 00c9 0E       		.uleb128 0xe
 909 00ca 3A       		.uleb128 0x3a
 910 00cb 0B       		.uleb128 0xb
 911 00cc 3B       		.uleb128 0x3b
 912 00cd 0B       		.uleb128 0xb
 913 00ce 49       		.uleb128 0x49
 914 00cf 13       		.uleb128 0x13
 915 00d0 32       		.uleb128 0x32
 916 00d1 0B       		.uleb128 0xb
 917 00d2 3C       		.uleb128 0x3c
 918 00d3 19       		.uleb128 0x19
 919 00d4 64       		.uleb128 0x64
 920 00d5 13       		.uleb128 0x13
 921 00d6 00       		.byte	0
 922 00d7 00       		.byte	0
 923 00d8 11       		.uleb128 0x11
 924 00d9 1C       		.uleb128 0x1c
 925 00da 00       		.byte	0
 926 00db 49       		.uleb128 0x49
 927 00dc 13       		.uleb128 0x13
 928 00dd 38       		.uleb128 0x38
 929 00de 0B       		.uleb128 0xb
 930 00df 00       		.byte	0
 931 00e0 00       		.byte	0
 932 00e1 12       		.uleb128 0x12
 933 00e2 0D       		.uleb128 0xd
 934 00e3 00       		.byte	0
 935 00e4 03       		.uleb128 0x3
 936 00e5 0E       		.uleb128 0xe
 937 00e6 3A       		.uleb128 0x3a
 938 00e7 0B       		.uleb128 0xb
 939 00e8 3B       		.uleb128 0x3b
 940 00e9 0B       		.uleb128 0xb
 941 00ea 49       		.uleb128 0x49
 942 00eb 13       		.uleb128 0x13
 943 00ec 38       		.uleb128 0x38
 944 00ed 0B       		.uleb128 0xb
 945 00ee 00       		.byte	0
 946 00ef 00       		.byte	0
 947 00f0 13       		.uleb128 0x13
 948 00f1 2E       		.uleb128 0x2e
 949 00f2 01       		.byte	0x1
 950 00f3 3F       		.uleb128 0x3f
 951 00f4 19       		.uleb128 0x19
 952 00f5 03       		.uleb128 0x3
 953 00f6 0E       		.uleb128 0xe
 954 00f7 3A       		.uleb128 0x3a
 955 00f8 0B       		.uleb128 0xb
 956 00f9 3B       		.uleb128 0x3b
 957 00fa 0B       		.uleb128 0xb
 958 00fb 6E       		.uleb128 0x6e
 959 00fc 0E       		.uleb128 0xe
 960 00fd 49       		.uleb128 0x49
 961 00fe 13       		.uleb128 0x13
 962 00ff 32       		.uleb128 0x32
 963 0100 0B       		.uleb128 0xb
 964 0101 3C       		.uleb128 0x3c
ARM GAS  /tmp/ccxlW2kN.s 			page 18


 965 0102 19       		.uleb128 0x19
 966 0103 64       		.uleb128 0x64
 967 0104 13       		.uleb128 0x13
 968 0105 01       		.uleb128 0x1
 969 0106 13       		.uleb128 0x13
 970 0107 00       		.byte	0
 971 0108 00       		.byte	0
 972 0109 14       		.uleb128 0x14
 973 010a 2F       		.uleb128 0x2f
 974 010b 00       		.byte	0
 975 010c 03       		.uleb128 0x3
 976 010d 0E       		.uleb128 0xe
 977 010e 49       		.uleb128 0x49
 978 010f 13       		.uleb128 0x13
 979 0110 00       		.byte	0
 980 0111 00       		.byte	0
 981 0112 15       		.uleb128 0x15
 982 0113 02       		.uleb128 0x2
 983 0114 00       		.byte	0
 984 0115 03       		.uleb128 0x3
 985 0116 0E       		.uleb128 0xe
 986 0117 3C       		.uleb128 0x3c
 987 0118 19       		.uleb128 0x19
 988 0119 00       		.byte	0
 989 011a 00       		.byte	0
 990 011b 16       		.uleb128 0x16
 991 011c 02       		.uleb128 0x2
 992 011d 01       		.byte	0x1
 993 011e 03       		.uleb128 0x3
 994 011f 0E       		.uleb128 0xe
 995 0120 0B       		.uleb128 0xb
 996 0121 0B       		.uleb128 0xb
 997 0122 3A       		.uleb128 0x3a
 998 0123 0B       		.uleb128 0xb
 999 0124 3B       		.uleb128 0x3b
 1000 0125 0B       		.uleb128 0xb
 1001 0126 00       		.byte	0
 1002 0127 00       		.byte	0
 1003 0128 17       		.uleb128 0x17
 1004 0129 1C       		.uleb128 0x1c
 1005 012a 00       		.byte	0
 1006 012b 49       		.uleb128 0x49
 1007 012c 13       		.uleb128 0x13
 1008 012d 38       		.uleb128 0x38
 1009 012e 0B       		.uleb128 0xb
 1010 012f 32       		.uleb128 0x32
 1011 0130 0B       		.uleb128 0xb
 1012 0131 00       		.byte	0
 1013 0132 00       		.byte	0
 1014 0133 18       		.uleb128 0x18
 1015 0134 10       		.uleb128 0x10
 1016 0135 00       		.byte	0
 1017 0136 0B       		.uleb128 0xb
 1018 0137 0B       		.uleb128 0xb
 1019 0138 49       		.uleb128 0x49
 1020 0139 13       		.uleb128 0x13
 1021 013a 00       		.byte	0
ARM GAS  /tmp/ccxlW2kN.s 			page 19


 1022 013b 00       		.byte	0
 1023 013c 19       		.uleb128 0x19
 1024 013d 2E       		.uleb128 0x2e
 1025 013e 01       		.byte	0x1
 1026 013f 47       		.uleb128 0x47
 1027 0140 13       		.uleb128 0x13
 1028 0141 20       		.uleb128 0x20
 1029 0142 0B       		.uleb128 0xb
 1030 0143 64       		.uleb128 0x64
 1031 0144 13       		.uleb128 0x13
 1032 0145 01       		.uleb128 0x1
 1033 0146 13       		.uleb128 0x13
 1034 0147 00       		.byte	0
 1035 0148 00       		.byte	0
 1036 0149 1A       		.uleb128 0x1a
 1037 014a 05       		.uleb128 0x5
 1038 014b 00       		.byte	0
 1039 014c 03       		.uleb128 0x3
 1040 014d 0E       		.uleb128 0xe
 1041 014e 49       		.uleb128 0x49
 1042 014f 13       		.uleb128 0x13
 1043 0150 34       		.uleb128 0x34
 1044 0151 19       		.uleb128 0x19
 1045 0152 00       		.byte	0
 1046 0153 00       		.byte	0
 1047 0154 1B       		.uleb128 0x1b
 1048 0155 2E       		.uleb128 0x2e
 1049 0156 01       		.byte	0x1
 1050 0157 31       		.uleb128 0x31
 1051 0158 13       		.uleb128 0x13
 1052 0159 6E       		.uleb128 0x6e
 1053 015a 0E       		.uleb128 0xe
 1054 015b 11       		.uleb128 0x11
 1055 015c 01       		.uleb128 0x1
 1056 015d 12       		.uleb128 0x12
 1057 015e 06       		.uleb128 0x6
 1058 015f 40       		.uleb128 0x40
 1059 0160 18       		.uleb128 0x18
 1060 0161 64       		.uleb128 0x64
 1061 0162 13       		.uleb128 0x13
 1062 0163 9742     		.uleb128 0x2117
 1063 0165 19       		.uleb128 0x19
 1064 0166 01       		.uleb128 0x1
 1065 0167 13       		.uleb128 0x13
 1066 0168 00       		.byte	0
 1067 0169 00       		.byte	0
 1068 016a 1C       		.uleb128 0x1c
 1069 016b 05       		.uleb128 0x5
 1070 016c 00       		.byte	0
 1071 016d 31       		.uleb128 0x31
 1072 016e 13       		.uleb128 0x13
 1073 016f 02       		.uleb128 0x2
 1074 0170 18       		.uleb128 0x18
 1075 0171 00       		.byte	0
 1076 0172 00       		.byte	0
 1077 0173 1D       		.uleb128 0x1d
 1078 0174 2E       		.uleb128 0x2e
ARM GAS  /tmp/ccxlW2kN.s 			page 20


 1079 0175 01       		.byte	0x1
 1080 0176 47       		.uleb128 0x47
 1081 0177 13       		.uleb128 0x13
 1082 0178 3A       		.uleb128 0x3a
 1083 0179 0B       		.uleb128 0xb
 1084 017a 3B       		.uleb128 0x3b
 1085 017b 0B       		.uleb128 0xb
 1086 017c 20       		.uleb128 0x20
 1087 017d 0B       		.uleb128 0xb
 1088 017e 64       		.uleb128 0x64
 1089 017f 13       		.uleb128 0x13
 1090 0180 01       		.uleb128 0x1
 1091 0181 13       		.uleb128 0x13
 1092 0182 00       		.byte	0
 1093 0183 00       		.byte	0
 1094 0184 1E       		.uleb128 0x1e
 1095 0185 05       		.uleb128 0x5
 1096 0186 00       		.byte	0
 1097 0187 03       		.uleb128 0x3
 1098 0188 0E       		.uleb128 0xe
 1099 0189 3A       		.uleb128 0x3a
 1100 018a 0B       		.uleb128 0xb
 1101 018b 3B       		.uleb128 0x3b
 1102 018c 0B       		.uleb128 0xb
 1103 018d 49       		.uleb128 0x49
 1104 018e 13       		.uleb128 0x13
 1105 018f 00       		.byte	0
 1106 0190 00       		.byte	0
 1107 0191 1F       		.uleb128 0x1f
 1108 0192 2E       		.uleb128 0x2e
 1109 0193 01       		.byte	0x1
 1110 0194 31       		.uleb128 0x31
 1111 0195 13       		.uleb128 0x13
 1112 0196 6E       		.uleb128 0x6e
 1113 0197 0E       		.uleb128 0xe
 1114 0198 11       		.uleb128 0x11
 1115 0199 01       		.uleb128 0x1
 1116 019a 12       		.uleb128 0x12
 1117 019b 06       		.uleb128 0x6
 1118 019c 40       		.uleb128 0x40
 1119 019d 18       		.uleb128 0x18
 1120 019e 64       		.uleb128 0x64
 1121 019f 13       		.uleb128 0x13
 1122 01a0 9642     		.uleb128 0x2116
 1123 01a2 19       		.uleb128 0x19
 1124 01a3 01       		.uleb128 0x1
 1125 01a4 13       		.uleb128 0x13
 1126 01a5 00       		.byte	0
 1127 01a6 00       		.byte	0
 1128 01a7 20       		.uleb128 0x20
 1129 01a8 2E       		.uleb128 0x2e
 1130 01a9 01       		.byte	0x1
 1131 01aa 31       		.uleb128 0x31
 1132 01ab 13       		.uleb128 0x13
 1133 01ac 6E       		.uleb128 0x6e
 1134 01ad 0E       		.uleb128 0xe
 1135 01ae 11       		.uleb128 0x11
ARM GAS  /tmp/ccxlW2kN.s 			page 21


 1136 01af 01       		.uleb128 0x1
 1137 01b0 12       		.uleb128 0x12
 1138 01b1 06       		.uleb128 0x6
 1139 01b2 40       		.uleb128 0x40
 1140 01b3 18       		.uleb128 0x18
 1141 01b4 64       		.uleb128 0x64
 1142 01b5 13       		.uleb128 0x13
 1143 01b6 9642     		.uleb128 0x2116
 1144 01b8 19       		.uleb128 0x19
 1145 01b9 00       		.byte	0
 1146 01ba 00       		.byte	0
 1147 01bb 00       		.byte	0
 1148              		.section	.debug_aranges,"",%progbits
 1149 0000 2C000000 		.4byte	0x2c
 1150 0004 0200     		.2byte	0x2
 1151 0006 00000000 		.4byte	.Ldebug_info0
 1152 000a 04       		.byte	0x4
 1153 000b 00       		.byte	0
 1154 000c 0000     		.2byte	0
 1155 000e 0000     		.2byte	0
 1156 0010 00000000 		.4byte	.LFB6
 1157 0014 0C000000 		.4byte	.LFE6-.LFB6
 1158 0018 00000000 		.4byte	.LFB49
 1159 001c 20000000 		.4byte	.LFE49-.LFB49
 1160 0020 00000000 		.4byte	.LFB52
 1161 0024 54000000 		.4byte	.LFE52-.LFB52
 1162 0028 00000000 		.4byte	0
 1163 002c 00000000 		.4byte	0
 1164              		.section	.debug_ranges,"",%progbits
 1165              	.Ldebug_ranges0:
 1166 0000 00000000 		.4byte	.LFB6
 1167 0004 0C000000 		.4byte	.LFE6
 1168 0008 00000000 		.4byte	.LFB49
 1169 000c 20000000 		.4byte	.LFE49
 1170 0010 00000000 		.4byte	.LFB52
 1171 0014 54000000 		.4byte	.LFE52
 1172 0018 00000000 		.4byte	0
 1173 001c 00000000 		.4byte	0
 1174              		.section	.debug_line,"",%progbits
 1175              	.Ldebug_line0:
 1176 0000 8F010000 		.section	.debug_str,"MS",%progbits,1
 1176      02004301 
 1176      00000201 
 1176      FB0E0D00 
 1176      01010101 
 1177              	.LASF11:
 1178 0000 73747263 		.ascii	"strcoll\000"
 1178      6F6C6C00 
 1179              	.LASF49:
 1180 0008 73697A65 		.ascii	"size_t\000"
 1180      5F7400
 1181              	.LASF40:
 1182 000f 4D657373 		.ascii	"MessagePtrQueue\000"
 1182      61676550 
 1182      74725175 
 1182      65756500 
 1183              	.LASF51:
ARM GAS  /tmp/ccxlW2kN.s 			page 22


 1184 001f 4D657373 		.ascii	"Message\000"
 1184      61676500 
 1185              	.LASF20:
 1186 0027 636F756E 		.ascii	"count\000"
 1186      7400
 1187              	.LASF37:
 1188 002d 736B6970 		.ascii	"skip\000"
 1188      00
 1189              	.LASF5:
 1190 0032 6C6F6E67 		.ascii	"long int\000"
 1190      20696E74 
 1190      00
 1191              	.LASF41:
 1192 003b 626F6F6C 		.ascii	"bool\000"
 1192      00
 1193              	.LASF47:
 1194 0040 2F686F6D 		.ascii	"/home/dave/r2p-sdk/core/Middleware/src/MessagePtrQu"
 1194      652F6461 
 1194      76652F72 
 1194      32702D73 
 1194      646B2F63 
 1195 0073 6575652E 		.ascii	"eue.cpp\000"
 1195      63707000 
 1196              	.LASF52:
 1197 007b 5F5A4E33 		.ascii	"_ZN3r2p10ArrayQueueIPNS_7MessageEEC2EPS2_j\000"
 1197      72327031 
 1197      30417272 
 1197      61795175 
 1197      65756549 
 1198              	.LASF32:
 1199 00a6 5F5A4E4B 		.ascii	"_ZNK3r2p10ArrayQueueIPNS_7MessageEE9get_countEv\000"
 1199      33723270 
 1199      31304172 
 1199      72617951 
 1199      75657565 
 1200              	.LASF18:
 1201 00d6 61727261 		.ascii	"arrayp\000"
 1201      797000
 1202              	.LASF44:
 1203 00dd 5F5A4E33 		.ascii	"_ZN3r2p15MessagePtrQueueC2EPPNS_7MessageEj\000"
 1203      72327031 
 1203      354D6573 
 1203      73616765 
 1203      50747251 
 1204              	.LASF34:
 1205 0108 5F5A4E33 		.ascii	"_ZN3r2p10ArrayQueueIPNS_7MessageEE4postES2_\000"
 1205      72327031 
 1205      30417272 
 1205      61795175 
 1205      65756549 
 1206              	.LASF1:
 1207 0134 7369676E 		.ascii	"signed char\000"
 1207      65642063 
 1207      68617200 
 1208              	.LASF27:
 1209 0140 736B6970 		.ascii	"skip_unsafe\000"
 1209      5F756E73 
ARM GAS  /tmp/ccxlW2kN.s 			page 23


 1209      61666500 
 1210              	.LASF50:
 1211 014c 4974656D 		.ascii	"Item\000"
 1211      00
 1212              	.LASF2:
 1213 0151 756E7369 		.ascii	"unsigned char\000"
 1213      676E6564 
 1213      20636861 
 1213      7200
 1214              	.LASF42:
 1215 015f 74686973 		.ascii	"this\000"
 1215      00
 1216              	.LASF30:
 1217 0164 5F5A4E4B 		.ascii	"_ZNK3r2p10ArrayQueueIPNS_7MessageEE10get_lengthEv\000"
 1217      33723270 
 1217      31304172 
 1217      72617951 
 1217      75657565 
 1218              	.LASF6:
 1219 0196 6C6F6E67 		.ascii	"long unsigned int\000"
 1219      20756E73 
 1219      69676E65 
 1219      6420696E 
 1219      7400
 1220              	.LASF46:
 1221 01a8 474E5520 		.ascii	"GNU C++ 4.8.4 20141219 (release) -mcpu=cortex-m4 -m"
 1221      432B2B20 
 1221      342E382E 
 1221      34203230 
 1221      31343132 
 1222 01db 666C6F61 		.ascii	"float-abi=hard -mfpu=fpv4-sp-d16 -mno-thumb-interwo"
 1222      742D6162 
 1222      693D6861 
 1222      7264202D 
 1222      6D667075 
 1223 020e 726B202D 		.ascii	"rk -mthumb -ggdb -O0 -fomit-frame-pointer -falign-f"
 1223      6D746875 
 1223      6D62202D 
 1223      67676462 
 1223      202D4F30 
 1224 0241 756E6374 		.ascii	"unctions=16 -ffunction-sections -fdata-sections -fn"
 1224      696F6E73 
 1224      3D313620 
 1224      2D666675 
 1224      6E637469 
 1225 0274 6F2D636F 		.ascii	"o-common -fsingle-precision-constant -fno-rtti -fno"
 1225      6D6D6F6E 
 1225      202D6673 
 1225      696E676C 
 1225      652D7072 
 1226 02a7 2D657863 		.ascii	"-exceptions -fno-threadsafe-statics\000"
 1226      65707469 
 1226      6F6E7320 
 1226      2D666E6F 
 1226      2D746872 
 1227              	.LASF4:
 1228 02cb 73686F72 		.ascii	"short unsigned int\000"
ARM GAS  /tmp/ccxlW2kN.s 			page 24


 1228      7420756E 
 1228      7369676E 
 1228      65642069 
 1228      6E7400
 1229              	.LASF28:
 1230 02de 5F5A4E33 		.ascii	"_ZN3r2p10ArrayQueueIPNS_7MessageEE11skip_unsafeEv\000"
 1230      72327031 
 1230      30417272 
 1230      61795175 
 1230      65756549 
 1231              	.LASF45:
 1232 0310 61727261 		.ascii	"array\000"
 1232      7900
 1233              	.LASF25:
 1234 0316 5F5A4E33 		.ascii	"_ZN3r2p10ArrayQueueIPNS_7MessageEE11post_unsafeES2_"
 1234      72327031 
 1234      30417272 
 1234      61795175 
 1234      65756549 
 1235 0349 00       		.ascii	"\000"
 1236              	.LASF35:
 1237 034a 66657463 		.ascii	"fetch\000"
 1237      6800
 1238              	.LASF15:
 1239 0350 556E636F 		.ascii	"Uncopyable\000"
 1239      70796162 
 1239      6C6500
 1240              	.LASF14:
 1241 035b 73747278 		.ascii	"strxfrm\000"
 1241      66726D00 
 1242              	.LASF16:
 1243 0363 7E556E63 		.ascii	"~Uncopyable\000"
 1243      6F707961 
 1243      626C6500 
 1244              	.LASF0:
 1245 036f 756E7369 		.ascii	"unsigned int\000"
 1245      676E6564 
 1245      20696E74 
 1245      00
 1246              	.LASF13:
 1247 037c 73747274 		.ascii	"strtok\000"
 1247      6F6B00
 1248              	.LASF8:
 1249 0383 6C6F6E67 		.ascii	"long long unsigned int\000"
 1249      206C6F6E 
 1249      6720756E 
 1249      7369676E 
 1249      65642069 
 1250              	.LASF17:
 1251 039a 41727261 		.ascii	"ArrayQueue<r2p::Message*>\000"
 1251      79517565 
 1251      75653C72 
 1251      32703A3A 
 1251      4D657373 
 1252              	.LASF38:
 1253 03b4 5F5A4E33 		.ascii	"_ZN3r2p10ArrayQueueIPNS_7MessageEE4skipEv\000"
 1253      72327031 
ARM GAS  /tmp/ccxlW2kN.s 			page 25


 1253      30417272 
 1253      61795175 
 1253      65756549 
 1254              	.LASF24:
 1255 03de 66657463 		.ascii	"fetch_unsafe\000"
 1255      685F756E 
 1255      73616665 
 1255      00
 1256              	.LASF9:
 1257 03eb 73697A65 		.ascii	"sizetype\000"
 1257      74797065 
 1257      00
 1258              	.LASF43:
 1259 03f4 5F5A4E33 		.ascii	"_ZN3r2p10UncopyableC2Ev\000"
 1259      72327031 
 1259      30556E63 
 1259      6F707961 
 1259      626C6543 
 1260              	.LASF7:
 1261 040c 6C6F6E67 		.ascii	"long long int\000"
 1261      206C6F6E 
 1261      6720696E 
 1261      7400
 1262              	.LASF10:
 1263 041a 63686172 		.ascii	"char\000"
 1263      00
 1264              	.LASF23:
 1265 041f 706F7374 		.ascii	"post_unsafe\000"
 1265      5F756E73 
 1265      61666500 
 1266              	.LASF3:
 1267 042b 73686F72 		.ascii	"short int\000"
 1267      7420696E 
 1267      7400
 1268              	.LASF26:
 1269 0435 5F5A4E33 		.ascii	"_ZN3r2p10ArrayQueueIPNS_7MessageEE12fetch_unsafeERS"
 1269      72327031 
 1269      30417272 
 1269      61795175 
 1269      65756549 
 1270 0468 325F00   		.ascii	"2_\000"
 1271              	.LASF33:
 1272 046b 706F7374 		.ascii	"post\000"
 1272      00
 1273              	.LASF36:
 1274 0470 5F5A4E33 		.ascii	"_ZN3r2p10ArrayQueueIPNS_7MessageEE5fetchERS2_\000"
 1274      72327031 
 1274      30417272 
 1274      61795175 
 1274      65756549 
 1275              	.LASF12:
 1276 049e 73747265 		.ascii	"strerror\000"
 1276      72726F72 
 1276      00
 1277              	.LASF48:
 1278 04a7 2F686F6D 		.ascii	"/home/dave/workspace-demo/uDC_left/\000"
 1278      652F6461 
ARM GAS  /tmp/ccxlW2kN.s 			page 26


 1278      76652F77 
 1278      6F726B73 
 1278      70616365 
 1279              	.LASF22:
 1280 04cb 7461696C 		.ascii	"tailp\000"
 1280      7000
 1281              	.LASF29:
 1282 04d1 6765745F 		.ascii	"get_length\000"
 1282      6C656E67 
 1282      746800
 1283              	.LASF19:
 1284 04dc 6C656E67 		.ascii	"length\000"
 1284      746800
 1285              	.LASF21:
 1286 04e3 68656164 		.ascii	"headp\000"
 1286      7000
 1287              	.LASF39:
 1288 04e9 41727261 		.ascii	"ArrayQueue\000"
 1288      79517565 
 1288      756500
 1289              	.LASF31:
 1290 04f4 6765745F 		.ascii	"get_count\000"
 1290      636F756E 
 1290      7400
 1291              		.ident	"GCC: (4.8.4-1+11-1) 4.8.4 20141219 (release)"
ARM GAS  /tmp/ccxlW2kN.s 			page 27


DEFINED SYMBOLS
                            *ABS*:0000000000000000 MessagePtrQueue.cpp
     /tmp/ccxlW2kN.s:21     .text._ZN3r2p10UncopyableC2Ev:0000000000000000 $t
     /tmp/ccxlW2kN.s:27     .text._ZN3r2p10UncopyableC2Ev:0000000000000000 _ZN3r2p10UncopyableC2Ev
     /tmp/ccxlW2kN.s:27     .text._ZN3r2p10UncopyableC2Ev:0000000000000000 _ZN3r2p10UncopyableC1Ev
     /tmp/ccxlW2kN.s:50     .text._ZN3r2p15MessagePtrQueueC2EPPNS_7MessageEj:0000000000000000 $t
     /tmp/ccxlW2kN.s:56     .text._ZN3r2p15MessagePtrQueueC2EPPNS_7MessageEj:0000000000000000 _ZN3r2p15MessagePtrQueueC2EPPNS_7MessageEj
     /tmp/ccxlW2kN.s:101    .text._ZN3r2p10ArrayQueueIPNS_7MessageEEC2EPS2_j:0000000000000000 _ZN3r2p10ArrayQueueIPNS_7MessageEEC2EPS2_j
     /tmp/ccxlW2kN.s:56     .text._ZN3r2p15MessagePtrQueueC2EPPNS_7MessageEj:0000000000000000 _ZN3r2p15MessagePtrQueueC1EPPNS_7MessageEj
     /tmp/ccxlW2kN.s:91     .rodata:0000000000000000 $d
     /tmp/ccxlW2kN.s:95     .text._ZN3r2p10ArrayQueueIPNS_7MessageEEC2EPS2_j:0000000000000000 $t
     /tmp/ccxlW2kN.s:161    .text._ZN3r2p10ArrayQueueIPNS_7MessageEEC2EPS2_j:0000000000000050 $d
     /tmp/ccxlW2kN.s:101    .text._ZN3r2p10ArrayQueueIPNS_7MessageEEC2EPS2_j:0000000000000000 _ZN3r2p10ArrayQueueIPNS_7MessageEEC1EPS2_j
                     .debug_frame:0000000000000010 $d
     /tmp/ccxlW2kN.s:167    .text._ZN3r2p10ArrayQueueIPNS_7MessageEEC2EPS2_j:0000000000000054 $t
                           .group:0000000000000000 _ZN3r2p10UncopyableC5Ev
                           .group:0000000000000000 _ZN3r2p10ArrayQueueIPNS_7MessageEEC5EPS2_j

UNDEFINED SYMBOLS
chDbgPanic
