ARM GAS  /tmp/cctmS2FO.s 			page 1


   1              		.syntax unified
   2              		.cpu cortex-m4
   3              		.eabi_attribute 27, 3
   4              		.eabi_attribute 28, 1
   5              		.fpu fpv4-sp-d16
   6              		.eabi_attribute 20, 1
   7              		.eabi_attribute 21, 1
   8              		.eabi_attribute 23, 3
   9              		.eabi_attribute 24, 1
  10              		.eabi_attribute 25, 1
  11              		.eabi_attribute 26, 1
  12              		.eabi_attribute 30, 6
  13              		.eabi_attribute 34, 1
  14              		.eabi_attribute 18, 4
  15              		.thumb
  16              		.file	"msgqueue.c"
  17              		.text
  18              	.Ltext0:
  19              		.cfi_sections	.debug_frame
  20              		.section	.text.msgqueue_init,"ax",%progbits
  21              		.align	2
  22              		.p2align 4,,15
  23              		.global	msgqueue_init
  24              		.thumb
  25              		.thumb_func
  26              		.type	msgqueue_init, %function
  27              	msgqueue_init:
  28              	.LFB118:
  29              		.file 1 "/home/dave/r2p-sdk/core/RTCAN/src/msgqueue.c"
  30              		.loc 1 11 0
  31              		.cfi_startproc
  32              		@ args = 0, pretend = 0, frame = 8
  33              		@ frame_needed = 0, uses_anonymous_args = 0
  34              		@ link register save eliminated.
  35 0000 82B0     		sub	sp, sp, #8
  36              		.cfi_def_cfa_offset 8
  37 0002 0190     		str	r0, [sp, #4]
  38              		.loc 1 12 0
  39 0004 019B     		ldr	r3, [sp, #4]
  40 0006 019A     		ldr	r2, [sp, #4]
  41 0008 1A60     		str	r2, [r3]
  42              		.loc 1 13 0
  43 000a 02B0     		add	sp, sp, #8
  44              		@ sp needed
  45 000c 7047     		bx	lr
  46              		.cfi_endproc
  47              	.LFE118:
  48              		.size	msgqueue_init, .-msgqueue_init
  49 000e 00BF     		.section	.rodata
  50              		.align	2
  51              	.LC0:
  52 0000 226D7367 		.ascii	"\"msgqueue_insert\"()\000"
  52      71756575 
  52      655F696E 
  52      73657274 
  52      22282900 
  53              		.section	.text.msgqueue_insert,"ax",%progbits
ARM GAS  /tmp/cctmS2FO.s 			page 2


  54              		.align	2
  55              		.p2align 4,,15
  56              		.global	msgqueue_insert
  57              		.thumb
  58              		.thumb_func
  59              		.type	msgqueue_insert, %function
  60              	msgqueue_insert:
  61              	.LFB119:
  62              		.loc 1 16 0
  63              		.cfi_startproc
  64              		@ args = 0, pretend = 0, frame = 16
  65              		@ frame_needed = 0, uses_anonymous_args = 0
  66 0000 00B5     		push	{lr}
  67              		.cfi_def_cfa_offset 4
  68              		.cfi_offset 14, -4
  69 0002 85B0     		sub	sp, sp, #20
  70              		.cfi_def_cfa_offset 24
  71 0004 0190     		str	r0, [sp, #4]
  72 0006 0091     		str	r1, [sp]
  73              		.loc 1 17 0
  74 0008 019B     		ldr	r3, [sp, #4]
  75 000a 0393     		str	r3, [sp, #12]
  76              		.loc 1 19 0
  77 000c 019B     		ldr	r3, [sp, #4]
  78 000e 002B     		cmp	r3, #0
  79 0010 02D0     		beq	.L3
  80              		.loc 1 19 0 is_stmt 0 discriminator 2
  81 0012 009B     		ldr	r3, [sp]
  82 0014 002B     		cmp	r3, #0
  83 0016 03D1     		bne	.L4
  84              	.L3:
  85              		.loc 1 19 0 discriminator 1
  86 0018 0F48     		ldr	r0, .L9
  87 001a FFF7FEFF 		bl	chDbgPanic
  88              		.loc 1 22 0 is_stmt 1 discriminator 1
  89 001e 0CE0     		b	.L5
  90              	.L4:
  91              		.loc 1 22 0 is_stmt 0
  92 0020 0BE0     		b	.L5
  93              	.L8:
  94              		.loc 1 23 0 is_stmt 1
  95 0022 039B     		ldr	r3, [sp, #12]
  96 0024 D3F80D20 		ldr	r2, [r3, #13]	@ unaligned
  97 0028 009B     		ldr	r3, [sp]
  98 002a D3F80D30 		ldr	r3, [r3, #13]	@ unaligned
  99 002e 9A42     		cmp	r2, r3
 100 0030 00D9     		bls	.L6
 101              		.loc 1 24 0
 102 0032 07E0     		b	.L7
 103              	.L6:
 104              		.loc 1 26 0
 105 0034 039B     		ldr	r3, [sp, #12]
 106 0036 1B68     		ldr	r3, [r3]	@ unaligned
 107 0038 0393     		str	r3, [sp, #12]
 108              	.L5:
 109              		.loc 1 22 0 discriminator 1
 110 003a 039B     		ldr	r3, [sp, #12]
ARM GAS  /tmp/cctmS2FO.s 			page 3


 111 003c 1A68     		ldr	r2, [r3]	@ unaligned
 112 003e 019B     		ldr	r3, [sp, #4]
 113 0040 9A42     		cmp	r2, r3
 114 0042 EED1     		bne	.L8
 115              	.L7:
 116              		.loc 1 29 0
 117 0044 039B     		ldr	r3, [sp, #12]
 118 0046 1A68     		ldr	r2, [r3]	@ unaligned
 119 0048 009B     		ldr	r3, [sp]
 120 004a 1A60     		str	r2, [r3]	@ unaligned
 121              		.loc 1 30 0
 122 004c 039B     		ldr	r3, [sp, #12]
 123 004e 009A     		ldr	r2, [sp]
 124 0050 1A60     		str	r2, [r3]	@ unaligned
 125              		.loc 1 31 0
 126 0052 05B0     		add	sp, sp, #20
 127              		@ sp needed
 128 0054 5DF804FB 		ldr	pc, [sp], #4
 129              	.L10:
 130              		.align	2
 131              	.L9:
 132 0058 00000000 		.word	.LC0
 133              		.cfi_endproc
 134              	.LFE119:
 135              		.size	msgqueue_insert, .-msgqueue_insert
 136 005c AFF30080 		.section	.rodata
 137              		.align	2
 138              	.LC1:
 139 0014 226D7367 		.ascii	"\"msgqueue_remove\"()\000"
 139      71756575 
 139      655F7265 
 139      6D6F7665 
 139      22282900 
 140              		.align	2
 141              	.LC2:
 142 0028 6D736771 		.ascii	"msgqueue_remove(), #1\000"
 142      75657565 
 142      5F72656D 
 142      6F766528 
 142      292C2023 
 143              		.section	.text.msgqueue_remove,"ax",%progbits
 144              		.align	2
 145              		.p2align 4,,15
 146              		.global	msgqueue_remove
 147              		.thumb
 148              		.thumb_func
 149              		.type	msgqueue_remove, %function
 150              	msgqueue_remove:
 151              	.LFB120:
 152              		.loc 1 34 0
 153              		.cfi_startproc
 154              		@ args = 0, pretend = 0, frame = 16
 155              		@ frame_needed = 0, uses_anonymous_args = 0
 156 0000 00B5     		push	{lr}
 157              		.cfi_def_cfa_offset 4
 158              		.cfi_offset 14, -4
 159 0002 85B0     		sub	sp, sp, #20
ARM GAS  /tmp/cctmS2FO.s 			page 4


 160              		.cfi_def_cfa_offset 24
 161 0004 0190     		str	r0, [sp, #4]
 162 0006 0091     		str	r1, [sp]
 163              		.loc 1 37 0
 164 0008 019B     		ldr	r3, [sp, #4]
 165 000a 002B     		cmp	r3, #0
 166 000c 02D0     		beq	.L12
 167              		.loc 1 37 0 is_stmt 0 discriminator 2
 168 000e 009B     		ldr	r3, [sp]
 169 0010 002B     		cmp	r3, #0
 170 0012 02D1     		bne	.L13
 171              	.L12:
 172              		.loc 1 37 0 discriminator 1
 173 0014 0E48     		ldr	r0, .L17
 174 0016 FFF7FEFF 		bl	chDbgPanic
 175              	.L13:
 176              		.loc 1 38 0 is_stmt 1
 177 001a 019B     		ldr	r3, [sp, #4]
 178 001c 1A68     		ldr	r2, [r3]
 179 001e 019B     		ldr	r3, [sp, #4]
 180 0020 9A42     		cmp	r2, r3
 181 0022 02D1     		bne	.L14
 182              		.loc 1 38 0 is_stmt 0 discriminator 1
 183 0024 0B48     		ldr	r0, .L17+4
 184 0026 FFF7FEFF 		bl	chDbgPanic
 185              	.L14:
 186              		.loc 1 41 0 is_stmt 1
 187 002a 019B     		ldr	r3, [sp, #4]
 188 002c 0393     		str	r3, [sp, #12]
 189              		.loc 1 43 0
 190 002e 02E0     		b	.L15
 191              	.L16:
 192              		.loc 1 44 0
 193 0030 039B     		ldr	r3, [sp, #12]
 194 0032 1B68     		ldr	r3, [r3]	@ unaligned
 195 0034 0393     		str	r3, [sp, #12]
 196              	.L15:
 197              		.loc 1 43 0 discriminator 1
 198 0036 039B     		ldr	r3, [sp, #12]
 199 0038 1A68     		ldr	r2, [r3]	@ unaligned
 200 003a 009B     		ldr	r3, [sp]
 201 003c 9A42     		cmp	r2, r3
 202 003e F7D1     		bne	.L16
 203              		.loc 1 47 0
 204 0040 009B     		ldr	r3, [sp]
 205 0042 1A68     		ldr	r2, [r3]	@ unaligned
 206 0044 039B     		ldr	r3, [sp, #12]
 207 0046 1A60     		str	r2, [r3]	@ unaligned
 208              		.loc 1 48 0
 209 0048 05B0     		add	sp, sp, #20
 210              		@ sp needed
 211 004a 5DF804FB 		ldr	pc, [sp], #4
 212              	.L18:
 213 004e 00BF     		.align	2
 214              	.L17:
 215 0050 14000000 		.word	.LC1
 216 0054 28000000 		.word	.LC2
ARM GAS  /tmp/cctmS2FO.s 			page 5


 217              		.cfi_endproc
 218              	.LFE120:
 219              		.size	msgqueue_remove, .-msgqueue_remove
 220 0058 AFF30080 		.section	.rodata
 220      AFF30080 
 221 003e 0000     		.align	2
 222              	.LC3:
 223 0040 226D7367 		.ascii	"\"msgqueue_get\"()\000"
 223      71756575 
 223      655F6765 
 223      74222829 
 223      00
 224 0051 000000   		.align	2
 225              	.LC4:
 226 0054 6D736771 		.ascii	"msgqueue_get(), #1\000"
 226      75657565 
 226      5F676574 
 226      28292C20 
 226      233100
 227 0067 00       		.section	.text.msgqueue_get,"ax",%progbits
 228              		.align	2
 229              		.p2align 4,,15
 230              		.global	msgqueue_get
 231              		.thumb
 232              		.thumb_func
 233              		.type	msgqueue_get, %function
 234              	msgqueue_get:
 235              	.LFB121:
 236              		.loc 1 50 0
 237              		.cfi_startproc
 238              		@ args = 0, pretend = 0, frame = 16
 239              		@ frame_needed = 0, uses_anonymous_args = 0
 240 0000 00B5     		push	{lr}
 241              		.cfi_def_cfa_offset 4
 242              		.cfi_offset 14, -4
 243 0002 85B0     		sub	sp, sp, #20
 244              		.cfi_def_cfa_offset 24
 245 0004 0190     		str	r0, [sp, #4]
 246              		.loc 1 53 0
 247 0006 019B     		ldr	r3, [sp, #4]
 248 0008 002B     		cmp	r3, #0
 249 000a 02D1     		bne	.L20
 250              		.loc 1 53 0 is_stmt 0 discriminator 1
 251 000c 0B48     		ldr	r0, .L23
 252 000e FFF7FEFF 		bl	chDbgPanic
 253              	.L20:
 254              		.loc 1 54 0 is_stmt 1
 255 0012 019B     		ldr	r3, [sp, #4]
 256 0014 1A68     		ldr	r2, [r3]
 257 0016 019B     		ldr	r3, [sp, #4]
 258 0018 9A42     		cmp	r2, r3
 259 001a 02D1     		bne	.L21
 260              		.loc 1 54 0 is_stmt 0 discriminator 1
 261 001c 0848     		ldr	r0, .L23+4
 262 001e FFF7FEFF 		bl	chDbgPanic
 263              	.L21:
 264              		.loc 1 57 0 is_stmt 1
ARM GAS  /tmp/cctmS2FO.s 			page 6


 265 0022 019B     		ldr	r3, [sp, #4]
 266 0024 1B68     		ldr	r3, [r3]
 267 0026 0393     		str	r3, [sp, #12]
 268              		.loc 1 58 0
 269 0028 039B     		ldr	r3, [sp, #12]
 270 002a 1A68     		ldr	r2, [r3]	@ unaligned
 271 002c 019B     		ldr	r3, [sp, #4]
 272 002e 1A60     		str	r2, [r3]
 273              		.loc 1 60 0
 274 0030 039B     		ldr	r3, [sp, #12]
 275              		.loc 1 61 0
 276 0032 1846     		mov	r0, r3
 277 0034 05B0     		add	sp, sp, #20
 278              		@ sp needed
 279 0036 5DF804FB 		ldr	pc, [sp], #4
 280              	.L24:
 281 003a 00BF     		.align	2
 282              	.L23:
 283 003c 40000000 		.word	.LC3
 284 0040 54000000 		.word	.LC4
 285              		.cfi_endproc
 286              	.LFE121:
 287              		.size	msgqueue_get, .-msgqueue_get
 288 0044 AFF30080 		.text
 288      AFF30080 
 288      AFF30080 
 289              	.Letext0:
 290              		.file 2 "/usr/include/newlib/machine/_default_types.h"
 291              		.file 3 "/usr/include/newlib/stdint.h"
 292              		.file 4 "/home/dave/r2p-sdk/core/RTCAN/include/rtcan.h"
 293              		.file 5 "/home/dave/r2p-sdk/core/RTCAN/include/msgqueue.h"
 294              		.file 6 "/home/dave/r2p-sdk/core/ChibiOS/os/ports/common/ARMCMx/CMSIS/include/core_cm4.h"
 295              		.section	.debug_info,"",%progbits
 296              	.Ldebug_info0:
 297 0000 35030000 		.4byte	0x335
 298 0004 0400     		.2byte	0x4
 299 0006 00000000 		.4byte	.Ldebug_abbrev0
 300 000a 04       		.byte	0x4
 301 000b 01       		.uleb128 0x1
 302 000c 0E020000 		.4byte	.LASF47
 303 0010 01       		.byte	0x1
 304 0011 35010000 		.4byte	.LASF48
 305 0015 00000000 		.4byte	.Ldebug_ranges0+0
 306 0019 00000000 		.4byte	0
 307 001d 00000000 		.4byte	.Ldebug_line0
 308 0021 02       		.uleb128 0x2
 309 0022 01       		.byte	0x1
 310 0023 06       		.byte	0x6
 311 0024 34030000 		.4byte	.LASF0
 312 0028 03       		.uleb128 0x3
 313 0029 00000000 		.4byte	.LASF3
 314 002d 02       		.byte	0x2
 315 002e 1D       		.byte	0x1d
 316 002f 33000000 		.4byte	0x33
 317 0033 02       		.uleb128 0x2
 318 0034 01       		.byte	0x1
 319 0035 08       		.byte	0x8
ARM GAS  /tmp/cctmS2FO.s 			page 7


 320 0036 AE000000 		.4byte	.LASF1
 321 003a 02       		.uleb128 0x2
 322 003b 02       		.byte	0x2
 323 003c 05       		.byte	0x5
 324 003d 58000000 		.4byte	.LASF2
 325 0041 03       		.uleb128 0x3
 326 0042 06010000 		.4byte	.LASF4
 327 0046 02       		.byte	0x2
 328 0047 2B       		.byte	0x2b
 329 0048 4C000000 		.4byte	0x4c
 330 004c 02       		.uleb128 0x2
 331 004d 02       		.byte	0x2
 332 004e 07       		.byte	0x7
 333 004f 45000000 		.4byte	.LASF5
 334 0053 03       		.uleb128 0x3
 335 0054 24000000 		.4byte	.LASF6
 336 0058 02       		.byte	0x2
 337 0059 3F       		.byte	0x3f
 338 005a 5E000000 		.4byte	0x5e
 339 005e 02       		.uleb128 0x2
 340 005f 04       		.byte	0x4
 341 0060 05       		.byte	0x5
 342 0061 06030000 		.4byte	.LASF7
 343 0065 03       		.uleb128 0x3
 344 0066 2A010000 		.4byte	.LASF8
 345 006a 02       		.byte	0x2
 346 006b 41       		.byte	0x41
 347 006c 70000000 		.4byte	0x70
 348 0070 02       		.uleb128 0x2
 349 0071 04       		.byte	0x4
 350 0072 07       		.byte	0x7
 351 0073 BC000000 		.4byte	.LASF9
 352 0077 02       		.uleb128 0x2
 353 0078 08       		.byte	0x8
 354 0079 05       		.byte	0x5
 355 007a D4010000 		.4byte	.LASF10
 356 007e 02       		.uleb128 0x2
 357 007f 08       		.byte	0x8
 358 0080 07       		.byte	0x7
 359 0081 89000000 		.4byte	.LASF11
 360 0085 04       		.uleb128 0x4
 361 0086 04       		.byte	0x4
 362 0087 05       		.byte	0x5
 363 0088 696E7400 		.ascii	"int\000"
 364 008c 02       		.uleb128 0x2
 365 008d 04       		.byte	0x4
 366 008e 07       		.byte	0x7
 367 008f 83010000 		.4byte	.LASF12
 368 0093 03       		.uleb128 0x3
 369 0094 A5010000 		.4byte	.LASF13
 370 0098 03       		.byte	0x3
 371 0099 2A       		.byte	0x2a
 372 009a 28000000 		.4byte	0x28
 373 009e 03       		.uleb128 0x3
 374 009f 05020000 		.4byte	.LASF14
 375 00a3 03       		.byte	0x3
 376 00a4 36       		.byte	0x36
ARM GAS  /tmp/cctmS2FO.s 			page 8


 377 00a5 41000000 		.4byte	0x41
 378 00a9 03       		.uleb128 0x3
 379 00aa C3010000 		.4byte	.LASF15
 380 00ae 03       		.byte	0x3
 381 00af 41       		.byte	0x41
 382 00b0 53000000 		.4byte	0x53
 383 00b4 03       		.uleb128 0x3
 384 00b5 FD020000 		.4byte	.LASF16
 385 00b9 03       		.byte	0x3
 386 00ba 42       		.byte	0x42
 387 00bb 65000000 		.4byte	0x65
 388 00bf 02       		.uleb128 0x2
 389 00c0 01       		.byte	0x1
 390 00c1 02       		.byte	0x2
 391 00c2 4A030000 		.4byte	.LASF17
 392 00c6 05       		.uleb128 0x5
 393 00c7 04       		.byte	0x4
 394 00c8 02       		.uleb128 0x2
 395 00c9 04       		.byte	0x4
 396 00ca 07       		.byte	0x7
 397 00cb CB010000 		.4byte	.LASF18
 398 00cf 02       		.uleb128 0x2
 399 00d0 01       		.byte	0x1
 400 00d1 08       		.byte	0x8
 401 00d2 A0010000 		.4byte	.LASF19
 402 00d6 06       		.uleb128 0x6
 403 00d7 04       		.byte	0x4
 404 00d8 93000000 		.4byte	0x93
 405 00dc 06       		.uleb128 0x6
 406 00dd 04       		.byte	0x4
 407 00de E2000000 		.4byte	0xe2
 408 00e2 07       		.uleb128 0x7
 409 00e3 93000000 		.4byte	0x93
 410 00e7 08       		.uleb128 0x8
 411 00e8 A9000000 		.4byte	0xa9
 412 00ec 03       		.uleb128 0x3
 413 00ed 62010000 		.4byte	.LASF20
 414 00f1 04       		.byte	0x4
 415 00f2 5E       		.byte	0x5e
 416 00f3 F7000000 		.4byte	0xf7
 417 00f7 09       		.uleb128 0x9
 418 00f8 62010000 		.4byte	.LASF20
 419 00fc 1E       		.byte	0x1e
 420 00fd 04       		.byte	0x4
 421 00fe B9       		.byte	0xb9
 422 00ff 78010000 		.4byte	0x178
 423 0103 0A       		.uleb128 0xa
 424 0104 40030000 		.4byte	.LASF21
 425 0108 04       		.byte	0x4
 426 0109 BA       		.byte	0xba
 427 010a 94010000 		.4byte	0x194
 428 010e 00       		.byte	0
 429 010f 0A       		.uleb128 0xa
 430 0110 62000000 		.4byte	.LASF22
 431 0114 04       		.byte	0x4
 432 0115 BB       		.byte	0xbb
 433 0116 CD010000 		.4byte	0x1cd
ARM GAS  /tmp/cctmS2FO.s 			page 9


 434 011a 04       		.byte	0x4
 435 011b 0A       		.uleb128 0xa
 436 011c CE000000 		.4byte	.LASF23
 437 0120 04       		.byte	0x4
 438 0121 BC       		.byte	0xbc
 439 0122 78010000 		.4byte	0x178
 440 0126 05       		.byte	0x5
 441 0127 0A       		.uleb128 0xa
 442 0128 FF000000 		.4byte	.LASF24
 443 012c 04       		.byte	0x4
 444 012d BD       		.byte	0xbd
 445 012e C6000000 		.4byte	0xc6
 446 0132 09       		.byte	0x9
 447 0133 0B       		.uleb128 0xb
 448 0134 39020000 		.4byte	0x239
 449 0138 0D       		.byte	0xd
 450 0139 0C       		.uleb128 0xc
 451 013a 696400   		.ascii	"id\000"
 452 013d 04       		.byte	0x4
 453 013e C7       		.byte	0xc7
 454 013f D8010000 		.4byte	0x1d8
 455 0143 11       		.byte	0x11
 456 0144 0A       		.uleb128 0xa
 457 0145 45030000 		.4byte	.LASF25
 458 0149 04       		.byte	0x4
 459 014a C8       		.byte	0xc8
 460 014b 9E000000 		.4byte	0x9e
 461 014f 13       		.byte	0x13
 462 0150 0A       		.uleb128 0xa
 463 0151 1A000000 		.4byte	.LASF26
 464 0155 04       		.byte	0x4
 465 0156 C9       		.byte	0xc9
 466 0157 DC000000 		.4byte	0xdc
 467 015b 15       		.byte	0x15
 468 015c 0C       		.uleb128 0xc
 469 015d 70747200 		.ascii	"ptr\000"
 470 0161 04       		.byte	0x4
 471 0162 CA       		.byte	0xca
 472 0163 D6000000 		.4byte	0xd6
 473 0167 19       		.byte	0x19
 474 0168 0D       		.uleb128 0xd
 475 0169 D7000000 		.4byte	.LASF49
 476 016d 04       		.byte	0x4
 477 016e CB       		.byte	0xcb
 478 016f 93000000 		.4byte	0x93
 479 0173 01       		.byte	0x1
 480 0174 07       		.byte	0x7
 481 0175 01       		.byte	0x1
 482 0176 1D       		.byte	0x1d
 483 0177 00       		.byte	0
 484 0178 03       		.uleb128 0x3
 485 0179 20030000 		.4byte	.LASF27
 486 017d 04       		.byte	0x4
 487 017e 63       		.byte	0x63
 488 017f 83010000 		.4byte	0x183
 489 0183 06       		.uleb128 0x6
 490 0184 04       		.byte	0x4
ARM GAS  /tmp/cctmS2FO.s 			page 10


 491 0185 89010000 		.4byte	0x189
 492 0189 0E       		.uleb128 0xe
 493 018a 94010000 		.4byte	0x194
 494 018e 0F       		.uleb128 0xf
 495 018f 94010000 		.4byte	0x194
 496 0193 00       		.byte	0
 497 0194 06       		.uleb128 0x6
 498 0195 04       		.byte	0x4
 499 0196 EC000000 		.4byte	0xec
 500 019a 10       		.uleb128 0x10
 501 019b 01       		.byte	0x1
 502 019c 04       		.byte	0x4
 503 019d 75       		.byte	0x75
 504 019e CD010000 		.4byte	0x1cd
 505 01a2 11       		.uleb128 0x11
 506 01a3 0F030000 		.4byte	.LASF28
 507 01a7 00       		.sleb128 0
 508 01a8 11       		.uleb128 0x11
 509 01a9 E2010000 		.4byte	.LASF29
 510 01ad 01       		.sleb128 1
 511 01ae 11       		.uleb128 0x11
 512 01af 0A000000 		.4byte	.LASF30
 513 01b3 02       		.sleb128 2
 514 01b4 11       		.uleb128 0x11
 515 01b5 AD010000 		.4byte	.LASF31
 516 01b9 03       		.sleb128 3
 517 01ba 11       		.uleb128 0x11
 518 01bb 69000000 		.4byte	.LASF32
 519 01bf 04       		.sleb128 4
 520 01c0 11       		.uleb128 0x11
 521 01c1 ED000000 		.4byte	.LASF33
 522 01c5 05       		.sleb128 5
 523 01c6 11       		.uleb128 0x11
 524 01c7 79000000 		.4byte	.LASF34
 525 01cb 06       		.sleb128 6
 526 01cc 00       		.byte	0
 527 01cd 03       		.uleb128 0x3
 528 01ce 11010000 		.4byte	.LASF35
 529 01d2 04       		.byte	0x4
 530 01d3 7D       		.byte	0x7d
 531 01d4 9A010000 		.4byte	0x19a
 532 01d8 03       		.uleb128 0x3
 533 01d9 78010000 		.4byte	.LASF36
 534 01dd 04       		.byte	0x4
 535 01de 83       		.byte	0x83
 536 01df 9E000000 		.4byte	0x9e
 537 01e3 12       		.uleb128 0x12
 538 01e4 04       		.byte	0x4
 539 01e5 05       		.byte	0x5
 540 01e6 1E       		.byte	0x1e
 541 01e7 F8010000 		.4byte	0x1f8
 542 01eb 0A       		.uleb128 0xa
 543 01ec 40030000 		.4byte	.LASF21
 544 01f0 05       		.byte	0x5
 545 01f1 20       		.byte	0x20
 546 01f2 94010000 		.4byte	0x194
 547 01f6 00       		.byte	0
ARM GAS  /tmp/cctmS2FO.s 			page 11


 548 01f7 00       		.byte	0
 549 01f8 03       		.uleb128 0x3
 550 01f9 FA010000 		.4byte	.LASF37
 551 01fd 05       		.byte	0x5
 552 01fe 21       		.byte	0x21
 553 01ff E3010000 		.4byte	0x1e3
 554 0203 12       		.uleb128 0x12
 555 0204 04       		.byte	0x4
 556 0205 04       		.byte	0x4
 557 0206 BF       		.byte	0xbf
 558 0207 18020000 		.4byte	0x218
 559 020b 0A       		.uleb128 0xa
 560 020c F1010000 		.4byte	.LASF38
 561 0210 04       		.byte	0x4
 562 0211 C0       		.byte	0xc0
 563 0212 B4000000 		.4byte	0xb4
 564 0216 00       		.byte	0
 565 0217 00       		.byte	0
 566 0218 12       		.uleb128 0x12
 567 0219 04       		.byte	0x4
 568 021a 04       		.byte	0x4
 569 021b C2       		.byte	0xc2
 570 021c 39020000 		.4byte	0x239
 571 0220 0A       		.uleb128 0xa
 572 0221 BE010000 		.4byte	.LASF39
 573 0225 04       		.byte	0x4
 574 0226 C3       		.byte	0xc3
 575 0227 9E000000 		.4byte	0x9e
 576 022b 00       		.byte	0
 577 022c 0A       		.uleb128 0xa
 578 022d 2E000000 		.4byte	.LASF40
 579 0231 04       		.byte	0x4
 580 0232 C4       		.byte	0xc4
 581 0233 9E000000 		.4byte	0x9e
 582 0237 02       		.byte	0x2
 583 0238 00       		.byte	0
 584 0239 13       		.uleb128 0x13
 585 023a 04       		.byte	0x4
 586 023b 04       		.byte	0x4
 587 023c BE       		.byte	0xbe
 588 023d 4C020000 		.4byte	0x24c
 589 0241 14       		.uleb128 0x14
 590 0242 03020000 		.4byte	0x203
 591 0246 14       		.uleb128 0x14
 592 0247 18020000 		.4byte	0x218
 593 024b 00       		.byte	0
 594 024c 15       		.uleb128 0x15
 595 024d A0000000 		.4byte	.LASF41
 596 0251 01       		.byte	0x1
 597 0252 0B       		.byte	0xb
 598 0253 00000000 		.4byte	.LFB118
 599 0257 0E000000 		.4byte	.LFE118-.LFB118
 600 025b 01       		.uleb128 0x1
 601 025c 9C       		.byte	0x9c
 602 025d 70020000 		.4byte	0x270
 603 0261 16       		.uleb128 0x16
 604 0262 23010000 		.4byte	.LASF43
ARM GAS  /tmp/cctmS2FO.s 			page 12


 605 0266 01       		.byte	0x1
 606 0267 0B       		.byte	0xb
 607 0268 70020000 		.4byte	0x270
 608 026c 02       		.uleb128 0x2
 609 026d 91       		.byte	0x91
 610 026e 7C       		.sleb128 -4
 611 026f 00       		.byte	0
 612 0270 06       		.uleb128 0x6
 613 0271 04       		.byte	0x4
 614 0272 F8010000 		.4byte	0x1f8
 615 0276 17       		.uleb128 0x17
 616 0277 90010000 		.4byte	.LASF42
 617 027b 01       		.byte	0x1
 618 027c 10       		.byte	0x10
 619 027d 00000000 		.4byte	.LFB119
 620 0281 5C000000 		.4byte	.LFE119-.LFB119
 621 0285 01       		.uleb128 0x1
 622 0286 9C       		.byte	0x9c
 623 0287 B6020000 		.4byte	0x2b6
 624 028b 16       		.uleb128 0x16
 625 028c 23010000 		.4byte	.LASF43
 626 0290 01       		.byte	0x1
 627 0291 10       		.byte	0x10
 628 0292 70020000 		.4byte	0x270
 629 0296 02       		.uleb128 0x2
 630 0297 91       		.byte	0x91
 631 0298 6C       		.sleb128 -20
 632 0299 16       		.uleb128 0x16
 633 029a 1F000000 		.4byte	.LASF44
 634 029e 01       		.byte	0x1
 635 029f 10       		.byte	0x10
 636 02a0 94010000 		.4byte	0x194
 637 02a4 02       		.uleb128 0x2
 638 02a5 91       		.byte	0x91
 639 02a6 68       		.sleb128 -24
 640 02a7 18       		.uleb128 0x18
 641 02a8 6E010000 		.4byte	.LASF46
 642 02ac 01       		.byte	0x1
 643 02ad 11       		.byte	0x11
 644 02ae 94010000 		.4byte	0x194
 645 02b2 02       		.uleb128 0x2
 646 02b3 91       		.byte	0x91
 647 02b4 74       		.sleb128 -12
 648 02b5 00       		.byte	0
 649 02b6 17       		.uleb128 0x17
 650 02b7 35000000 		.4byte	.LASF45
 651 02bb 01       		.byte	0x1
 652 02bc 22       		.byte	0x22
 653 02bd 00000000 		.4byte	.LFB120
 654 02c1 58000000 		.4byte	.LFE120-.LFB120
 655 02c5 01       		.uleb128 0x1
 656 02c6 9C       		.byte	0x9c
 657 02c7 F6020000 		.4byte	0x2f6
 658 02cb 16       		.uleb128 0x16
 659 02cc 23010000 		.4byte	.LASF43
 660 02d0 01       		.byte	0x1
 661 02d1 22       		.byte	0x22
ARM GAS  /tmp/cctmS2FO.s 			page 13


 662 02d2 70020000 		.4byte	0x270
 663 02d6 02       		.uleb128 0x2
 664 02d7 91       		.byte	0x91
 665 02d8 6C       		.sleb128 -20
 666 02d9 16       		.uleb128 0x16
 667 02da 1F000000 		.4byte	.LASF44
 668 02de 01       		.byte	0x1
 669 02df 22       		.byte	0x22
 670 02e0 94010000 		.4byte	0x194
 671 02e4 02       		.uleb128 0x2
 672 02e5 91       		.byte	0x91
 673 02e6 68       		.sleb128 -24
 674 02e7 18       		.uleb128 0x18
 675 02e8 6E010000 		.4byte	.LASF46
 676 02ec 01       		.byte	0x1
 677 02ed 23       		.byte	0x23
 678 02ee 94010000 		.4byte	0x194
 679 02f2 02       		.uleb128 0x2
 680 02f3 91       		.byte	0x91
 681 02f4 74       		.sleb128 -12
 682 02f5 00       		.byte	0
 683 02f6 19       		.uleb128 0x19
 684 02f7 50030000 		.4byte	.LASF50
 685 02fb 01       		.byte	0x1
 686 02fc 32       		.byte	0x32
 687 02fd 94010000 		.4byte	0x194
 688 0301 00000000 		.4byte	.LFB121
 689 0305 44000000 		.4byte	.LFE121-.LFB121
 690 0309 01       		.uleb128 0x1
 691 030a 9C       		.byte	0x9c
 692 030b 2C030000 		.4byte	0x32c
 693 030f 16       		.uleb128 0x16
 694 0310 23010000 		.4byte	.LASF43
 695 0314 01       		.byte	0x1
 696 0315 32       		.byte	0x32
 697 0316 70020000 		.4byte	0x270
 698 031a 02       		.uleb128 0x2
 699 031b 91       		.byte	0x91
 700 031c 6C       		.sleb128 -20
 701 031d 18       		.uleb128 0x18
 702 031e 1F000000 		.4byte	.LASF44
 703 0322 01       		.byte	0x1
 704 0323 33       		.byte	0x33
 705 0324 94010000 		.4byte	0x194
 706 0328 02       		.uleb128 0x2
 707 0329 91       		.byte	0x91
 708 032a 74       		.sleb128 -12
 709 032b 00       		.byte	0
 710 032c 1A       		.uleb128 0x1a
 711 032d E0000000 		.4byte	.LASF51
 712 0331 06       		.byte	0x6
 713 0332 9806     		.2byte	0x698
 714 0334 E7000000 		.4byte	0xe7
 715 0338 00       		.byte	0
 716              		.section	.debug_abbrev,"",%progbits
 717              	.Ldebug_abbrev0:
 718 0000 01       		.uleb128 0x1
ARM GAS  /tmp/cctmS2FO.s 			page 14


 719 0001 11       		.uleb128 0x11
 720 0002 01       		.byte	0x1
 721 0003 25       		.uleb128 0x25
 722 0004 0E       		.uleb128 0xe
 723 0005 13       		.uleb128 0x13
 724 0006 0B       		.uleb128 0xb
 725 0007 03       		.uleb128 0x3
 726 0008 0E       		.uleb128 0xe
 727 0009 55       		.uleb128 0x55
 728 000a 17       		.uleb128 0x17
 729 000b 11       		.uleb128 0x11
 730 000c 01       		.uleb128 0x1
 731 000d 10       		.uleb128 0x10
 732 000e 17       		.uleb128 0x17
 733 000f 00       		.byte	0
 734 0010 00       		.byte	0
 735 0011 02       		.uleb128 0x2
 736 0012 24       		.uleb128 0x24
 737 0013 00       		.byte	0
 738 0014 0B       		.uleb128 0xb
 739 0015 0B       		.uleb128 0xb
 740 0016 3E       		.uleb128 0x3e
 741 0017 0B       		.uleb128 0xb
 742 0018 03       		.uleb128 0x3
 743 0019 0E       		.uleb128 0xe
 744 001a 00       		.byte	0
 745 001b 00       		.byte	0
 746 001c 03       		.uleb128 0x3
 747 001d 16       		.uleb128 0x16
 748 001e 00       		.byte	0
 749 001f 03       		.uleb128 0x3
 750 0020 0E       		.uleb128 0xe
 751 0021 3A       		.uleb128 0x3a
 752 0022 0B       		.uleb128 0xb
 753 0023 3B       		.uleb128 0x3b
 754 0024 0B       		.uleb128 0xb
 755 0025 49       		.uleb128 0x49
 756 0026 13       		.uleb128 0x13
 757 0027 00       		.byte	0
 758 0028 00       		.byte	0
 759 0029 04       		.uleb128 0x4
 760 002a 24       		.uleb128 0x24
 761 002b 00       		.byte	0
 762 002c 0B       		.uleb128 0xb
 763 002d 0B       		.uleb128 0xb
 764 002e 3E       		.uleb128 0x3e
 765 002f 0B       		.uleb128 0xb
 766 0030 03       		.uleb128 0x3
 767 0031 08       		.uleb128 0x8
 768 0032 00       		.byte	0
 769 0033 00       		.byte	0
 770 0034 05       		.uleb128 0x5
 771 0035 0F       		.uleb128 0xf
 772 0036 00       		.byte	0
 773 0037 0B       		.uleb128 0xb
 774 0038 0B       		.uleb128 0xb
 775 0039 00       		.byte	0
ARM GAS  /tmp/cctmS2FO.s 			page 15


 776 003a 00       		.byte	0
 777 003b 06       		.uleb128 0x6
 778 003c 0F       		.uleb128 0xf
 779 003d 00       		.byte	0
 780 003e 0B       		.uleb128 0xb
 781 003f 0B       		.uleb128 0xb
 782 0040 49       		.uleb128 0x49
 783 0041 13       		.uleb128 0x13
 784 0042 00       		.byte	0
 785 0043 00       		.byte	0
 786 0044 07       		.uleb128 0x7
 787 0045 26       		.uleb128 0x26
 788 0046 00       		.byte	0
 789 0047 49       		.uleb128 0x49
 790 0048 13       		.uleb128 0x13
 791 0049 00       		.byte	0
 792 004a 00       		.byte	0
 793 004b 08       		.uleb128 0x8
 794 004c 35       		.uleb128 0x35
 795 004d 00       		.byte	0
 796 004e 49       		.uleb128 0x49
 797 004f 13       		.uleb128 0x13
 798 0050 00       		.byte	0
 799 0051 00       		.byte	0
 800 0052 09       		.uleb128 0x9
 801 0053 13       		.uleb128 0x13
 802 0054 01       		.byte	0x1
 803 0055 03       		.uleb128 0x3
 804 0056 0E       		.uleb128 0xe
 805 0057 0B       		.uleb128 0xb
 806 0058 0B       		.uleb128 0xb
 807 0059 3A       		.uleb128 0x3a
 808 005a 0B       		.uleb128 0xb
 809 005b 3B       		.uleb128 0x3b
 810 005c 0B       		.uleb128 0xb
 811 005d 01       		.uleb128 0x1
 812 005e 13       		.uleb128 0x13
 813 005f 00       		.byte	0
 814 0060 00       		.byte	0
 815 0061 0A       		.uleb128 0xa
 816 0062 0D       		.uleb128 0xd
 817 0063 00       		.byte	0
 818 0064 03       		.uleb128 0x3
 819 0065 0E       		.uleb128 0xe
 820 0066 3A       		.uleb128 0x3a
 821 0067 0B       		.uleb128 0xb
 822 0068 3B       		.uleb128 0x3b
 823 0069 0B       		.uleb128 0xb
 824 006a 49       		.uleb128 0x49
 825 006b 13       		.uleb128 0x13
 826 006c 38       		.uleb128 0x38
 827 006d 0B       		.uleb128 0xb
 828 006e 00       		.byte	0
 829 006f 00       		.byte	0
 830 0070 0B       		.uleb128 0xb
 831 0071 0D       		.uleb128 0xd
 832 0072 00       		.byte	0
ARM GAS  /tmp/cctmS2FO.s 			page 16


 833 0073 49       		.uleb128 0x49
 834 0074 13       		.uleb128 0x13
 835 0075 38       		.uleb128 0x38
 836 0076 0B       		.uleb128 0xb
 837 0077 00       		.byte	0
 838 0078 00       		.byte	0
 839 0079 0C       		.uleb128 0xc
 840 007a 0D       		.uleb128 0xd
 841 007b 00       		.byte	0
 842 007c 03       		.uleb128 0x3
 843 007d 08       		.uleb128 0x8
 844 007e 3A       		.uleb128 0x3a
 845 007f 0B       		.uleb128 0xb
 846 0080 3B       		.uleb128 0x3b
 847 0081 0B       		.uleb128 0xb
 848 0082 49       		.uleb128 0x49
 849 0083 13       		.uleb128 0x13
 850 0084 38       		.uleb128 0x38
 851 0085 0B       		.uleb128 0xb
 852 0086 00       		.byte	0
 853 0087 00       		.byte	0
 854 0088 0D       		.uleb128 0xd
 855 0089 0D       		.uleb128 0xd
 856 008a 00       		.byte	0
 857 008b 03       		.uleb128 0x3
 858 008c 0E       		.uleb128 0xe
 859 008d 3A       		.uleb128 0x3a
 860 008e 0B       		.uleb128 0xb
 861 008f 3B       		.uleb128 0x3b
 862 0090 0B       		.uleb128 0xb
 863 0091 49       		.uleb128 0x49
 864 0092 13       		.uleb128 0x13
 865 0093 0B       		.uleb128 0xb
 866 0094 0B       		.uleb128 0xb
 867 0095 0D       		.uleb128 0xd
 868 0096 0B       		.uleb128 0xb
 869 0097 0C       		.uleb128 0xc
 870 0098 0B       		.uleb128 0xb
 871 0099 38       		.uleb128 0x38
 872 009a 0B       		.uleb128 0xb
 873 009b 00       		.byte	0
 874 009c 00       		.byte	0
 875 009d 0E       		.uleb128 0xe
 876 009e 15       		.uleb128 0x15
 877 009f 01       		.byte	0x1
 878 00a0 27       		.uleb128 0x27
 879 00a1 19       		.uleb128 0x19
 880 00a2 01       		.uleb128 0x1
 881 00a3 13       		.uleb128 0x13
 882 00a4 00       		.byte	0
 883 00a5 00       		.byte	0
 884 00a6 0F       		.uleb128 0xf
 885 00a7 05       		.uleb128 0x5
 886 00a8 00       		.byte	0
 887 00a9 49       		.uleb128 0x49
 888 00aa 13       		.uleb128 0x13
 889 00ab 00       		.byte	0
ARM GAS  /tmp/cctmS2FO.s 			page 17


 890 00ac 00       		.byte	0
 891 00ad 10       		.uleb128 0x10
 892 00ae 04       		.uleb128 0x4
 893 00af 01       		.byte	0x1
 894 00b0 0B       		.uleb128 0xb
 895 00b1 0B       		.uleb128 0xb
 896 00b2 3A       		.uleb128 0x3a
 897 00b3 0B       		.uleb128 0xb
 898 00b4 3B       		.uleb128 0x3b
 899 00b5 0B       		.uleb128 0xb
 900 00b6 01       		.uleb128 0x1
 901 00b7 13       		.uleb128 0x13
 902 00b8 00       		.byte	0
 903 00b9 00       		.byte	0
 904 00ba 11       		.uleb128 0x11
 905 00bb 28       		.uleb128 0x28
 906 00bc 00       		.byte	0
 907 00bd 03       		.uleb128 0x3
 908 00be 0E       		.uleb128 0xe
 909 00bf 1C       		.uleb128 0x1c
 910 00c0 0D       		.uleb128 0xd
 911 00c1 00       		.byte	0
 912 00c2 00       		.byte	0
 913 00c3 12       		.uleb128 0x12
 914 00c4 13       		.uleb128 0x13
 915 00c5 01       		.byte	0x1
 916 00c6 0B       		.uleb128 0xb
 917 00c7 0B       		.uleb128 0xb
 918 00c8 3A       		.uleb128 0x3a
 919 00c9 0B       		.uleb128 0xb
 920 00ca 3B       		.uleb128 0x3b
 921 00cb 0B       		.uleb128 0xb
 922 00cc 01       		.uleb128 0x1
 923 00cd 13       		.uleb128 0x13
 924 00ce 00       		.byte	0
 925 00cf 00       		.byte	0
 926 00d0 13       		.uleb128 0x13
 927 00d1 17       		.uleb128 0x17
 928 00d2 01       		.byte	0x1
 929 00d3 0B       		.uleb128 0xb
 930 00d4 0B       		.uleb128 0xb
 931 00d5 3A       		.uleb128 0x3a
 932 00d6 0B       		.uleb128 0xb
 933 00d7 3B       		.uleb128 0x3b
 934 00d8 0B       		.uleb128 0xb
 935 00d9 01       		.uleb128 0x1
 936 00da 13       		.uleb128 0x13
 937 00db 00       		.byte	0
 938 00dc 00       		.byte	0
 939 00dd 14       		.uleb128 0x14
 940 00de 0D       		.uleb128 0xd
 941 00df 00       		.byte	0
 942 00e0 49       		.uleb128 0x49
 943 00e1 13       		.uleb128 0x13
 944 00e2 00       		.byte	0
 945 00e3 00       		.byte	0
 946 00e4 15       		.uleb128 0x15
ARM GAS  /tmp/cctmS2FO.s 			page 18


 947 00e5 2E       		.uleb128 0x2e
 948 00e6 01       		.byte	0x1
 949 00e7 3F       		.uleb128 0x3f
 950 00e8 19       		.uleb128 0x19
 951 00e9 03       		.uleb128 0x3
 952 00ea 0E       		.uleb128 0xe
 953 00eb 3A       		.uleb128 0x3a
 954 00ec 0B       		.uleb128 0xb
 955 00ed 3B       		.uleb128 0x3b
 956 00ee 0B       		.uleb128 0xb
 957 00ef 27       		.uleb128 0x27
 958 00f0 19       		.uleb128 0x19
 959 00f1 11       		.uleb128 0x11
 960 00f2 01       		.uleb128 0x1
 961 00f3 12       		.uleb128 0x12
 962 00f4 06       		.uleb128 0x6
 963 00f5 40       		.uleb128 0x40
 964 00f6 18       		.uleb128 0x18
 965 00f7 9742     		.uleb128 0x2117
 966 00f9 19       		.uleb128 0x19
 967 00fa 01       		.uleb128 0x1
 968 00fb 13       		.uleb128 0x13
 969 00fc 00       		.byte	0
 970 00fd 00       		.byte	0
 971 00fe 16       		.uleb128 0x16
 972 00ff 05       		.uleb128 0x5
 973 0100 00       		.byte	0
 974 0101 03       		.uleb128 0x3
 975 0102 0E       		.uleb128 0xe
 976 0103 3A       		.uleb128 0x3a
 977 0104 0B       		.uleb128 0xb
 978 0105 3B       		.uleb128 0x3b
 979 0106 0B       		.uleb128 0xb
 980 0107 49       		.uleb128 0x49
 981 0108 13       		.uleb128 0x13
 982 0109 02       		.uleb128 0x2
 983 010a 18       		.uleb128 0x18
 984 010b 00       		.byte	0
 985 010c 00       		.byte	0
 986 010d 17       		.uleb128 0x17
 987 010e 2E       		.uleb128 0x2e
 988 010f 01       		.byte	0x1
 989 0110 3F       		.uleb128 0x3f
 990 0111 19       		.uleb128 0x19
 991 0112 03       		.uleb128 0x3
 992 0113 0E       		.uleb128 0xe
 993 0114 3A       		.uleb128 0x3a
 994 0115 0B       		.uleb128 0xb
 995 0116 3B       		.uleb128 0x3b
 996 0117 0B       		.uleb128 0xb
 997 0118 27       		.uleb128 0x27
 998 0119 19       		.uleb128 0x19
 999 011a 11       		.uleb128 0x11
 1000 011b 01       		.uleb128 0x1
 1001 011c 12       		.uleb128 0x12
 1002 011d 06       		.uleb128 0x6
 1003 011e 40       		.uleb128 0x40
ARM GAS  /tmp/cctmS2FO.s 			page 19


 1004 011f 18       		.uleb128 0x18
 1005 0120 9642     		.uleb128 0x2116
 1006 0122 19       		.uleb128 0x19
 1007 0123 01       		.uleb128 0x1
 1008 0124 13       		.uleb128 0x13
 1009 0125 00       		.byte	0
 1010 0126 00       		.byte	0
 1011 0127 18       		.uleb128 0x18
 1012 0128 34       		.uleb128 0x34
 1013 0129 00       		.byte	0
 1014 012a 03       		.uleb128 0x3
 1015 012b 0E       		.uleb128 0xe
 1016 012c 3A       		.uleb128 0x3a
 1017 012d 0B       		.uleb128 0xb
 1018 012e 3B       		.uleb128 0x3b
 1019 012f 0B       		.uleb128 0xb
 1020 0130 49       		.uleb128 0x49
 1021 0131 13       		.uleb128 0x13
 1022 0132 02       		.uleb128 0x2
 1023 0133 18       		.uleb128 0x18
 1024 0134 00       		.byte	0
 1025 0135 00       		.byte	0
 1026 0136 19       		.uleb128 0x19
 1027 0137 2E       		.uleb128 0x2e
 1028 0138 01       		.byte	0x1
 1029 0139 3F       		.uleb128 0x3f
 1030 013a 19       		.uleb128 0x19
 1031 013b 03       		.uleb128 0x3
 1032 013c 0E       		.uleb128 0xe
 1033 013d 3A       		.uleb128 0x3a
 1034 013e 0B       		.uleb128 0xb
 1035 013f 3B       		.uleb128 0x3b
 1036 0140 0B       		.uleb128 0xb
 1037 0141 27       		.uleb128 0x27
 1038 0142 19       		.uleb128 0x19
 1039 0143 49       		.uleb128 0x49
 1040 0144 13       		.uleb128 0x13
 1041 0145 11       		.uleb128 0x11
 1042 0146 01       		.uleb128 0x1
 1043 0147 12       		.uleb128 0x12
 1044 0148 06       		.uleb128 0x6
 1045 0149 40       		.uleb128 0x40
 1046 014a 18       		.uleb128 0x18
 1047 014b 9642     		.uleb128 0x2116
 1048 014d 19       		.uleb128 0x19
 1049 014e 01       		.uleb128 0x1
 1050 014f 13       		.uleb128 0x13
 1051 0150 00       		.byte	0
 1052 0151 00       		.byte	0
 1053 0152 1A       		.uleb128 0x1a
 1054 0153 34       		.uleb128 0x34
 1055 0154 00       		.byte	0
 1056 0155 03       		.uleb128 0x3
 1057 0156 0E       		.uleb128 0xe
 1058 0157 3A       		.uleb128 0x3a
 1059 0158 0B       		.uleb128 0xb
 1060 0159 3B       		.uleb128 0x3b
ARM GAS  /tmp/cctmS2FO.s 			page 20


 1061 015a 05       		.uleb128 0x5
 1062 015b 49       		.uleb128 0x49
 1063 015c 13       		.uleb128 0x13
 1064 015d 3F       		.uleb128 0x3f
 1065 015e 19       		.uleb128 0x19
 1066 015f 3C       		.uleb128 0x3c
 1067 0160 19       		.uleb128 0x19
 1068 0161 00       		.byte	0
 1069 0162 00       		.byte	0
 1070 0163 00       		.byte	0
 1071              		.section	.debug_aranges,"",%progbits
 1072 0000 34000000 		.4byte	0x34
 1073 0004 0200     		.2byte	0x2
 1074 0006 00000000 		.4byte	.Ldebug_info0
 1075 000a 04       		.byte	0x4
 1076 000b 00       		.byte	0
 1077 000c 0000     		.2byte	0
 1078 000e 0000     		.2byte	0
 1079 0010 00000000 		.4byte	.LFB118
 1080 0014 0E000000 		.4byte	.LFE118-.LFB118
 1081 0018 00000000 		.4byte	.LFB119
 1082 001c 5C000000 		.4byte	.LFE119-.LFB119
 1083 0020 00000000 		.4byte	.LFB120
 1084 0024 58000000 		.4byte	.LFE120-.LFB120
 1085 0028 00000000 		.4byte	.LFB121
 1086 002c 44000000 		.4byte	.LFE121-.LFB121
 1087 0030 00000000 		.4byte	0
 1088 0034 00000000 		.4byte	0
 1089              		.section	.debug_ranges,"",%progbits
 1090              	.Ldebug_ranges0:
 1091 0000 00000000 		.4byte	.LFB118
 1092 0004 0E000000 		.4byte	.LFE118
 1093 0008 00000000 		.4byte	.LFB119
 1094 000c 5C000000 		.4byte	.LFE119
 1095 0010 00000000 		.4byte	.LFB120
 1096 0014 58000000 		.4byte	.LFE120
 1097 0018 00000000 		.4byte	.LFB121
 1098 001c 44000000 		.4byte	.LFE121
 1099 0020 00000000 		.4byte	0
 1100 0024 00000000 		.4byte	0
 1101              		.section	.debug_line,"",%progbits
 1102              	.Ldebug_line0:
 1103 0000 BD010000 		.section	.debug_str,"MS",%progbits,1
 1103      02002501 
 1103      00000201 
 1103      FB0E0D00 
 1103      01010101 
 1104              	.LASF3:
 1105 0000 5F5F7569 		.ascii	"__uint8_t\000"
 1105      6E74385F 
 1105      7400
 1106              	.LASF30:
 1107 000a 52544341 		.ascii	"RTCAN_MSG_READY\000"
 1107      4E5F4D53 
 1107      475F5245 
 1107      41445900 
 1108              	.LASF26:
ARM GAS  /tmp/cctmS2FO.s 			page 21


 1109 001a 64617461 		.ascii	"data\000"
 1109      00
 1110              	.LASF44:
 1111 001f 6D736770 		.ascii	"msgp\000"
 1111      00
 1112              	.LASF6:
 1113 0024 5F5F696E 		.ascii	"__int32_t\000"
 1113      7433325F 
 1113      7400
 1114              	.LASF40:
 1115 002e 70657269 		.ascii	"period\000"
 1115      6F6400
 1116              	.LASF45:
 1117 0035 6D736771 		.ascii	"msgqueue_remove\000"
 1117      75657565 
 1117      5F72656D 
 1117      6F766500 
 1118              	.LASF5:
 1119 0045 73686F72 		.ascii	"short unsigned int\000"
 1119      7420756E 
 1119      7369676E 
 1119      65642069 
 1119      6E7400
 1120              	.LASF2:
 1121 0058 73686F72 		.ascii	"short int\000"
 1121      7420696E 
 1121      7400
 1122              	.LASF22:
 1123 0062 73746174 		.ascii	"status\000"
 1123      757300
 1124              	.LASF32:
 1125 0069 52544341 		.ascii	"RTCAN_MSG_ONAIR\000"
 1125      4E5F4D53 
 1125      475F4F4E 
 1125      41495200 
 1126              	.LASF34:
 1127 0079 52544341 		.ascii	"RTCAN_MSG_ERROR\000"
 1127      4E5F4D53 
 1127      475F4552 
 1127      524F5200 
 1128              	.LASF11:
 1129 0089 6C6F6E67 		.ascii	"long long unsigned int\000"
 1129      206C6F6E 
 1129      6720756E 
 1129      7369676E 
 1129      65642069 
 1130              	.LASF41:
 1131 00a0 6D736771 		.ascii	"msgqueue_init\000"
 1131      75657565 
 1131      5F696E69 
 1131      7400
 1132              	.LASF1:
 1133 00ae 756E7369 		.ascii	"unsigned char\000"
 1133      676E6564 
 1133      20636861 
 1133      7200
 1134              	.LASF9:
ARM GAS  /tmp/cctmS2FO.s 			page 22


 1135 00bc 6C6F6E67 		.ascii	"long unsigned int\000"
 1135      20756E73 
 1135      69676E65 
 1135      6420696E 
 1135      7400
 1136              	.LASF23:
 1137 00ce 63616C6C 		.ascii	"callback\000"
 1137      6261636B 
 1137      00
 1138              	.LASF49:
 1139 00d7 66726167 		.ascii	"fragment\000"
 1139      6D656E74 
 1139      00
 1140              	.LASF51:
 1141 00e0 49544D5F 		.ascii	"ITM_RxBuffer\000"
 1141      52784275 
 1141      66666572 
 1141      00
 1142              	.LASF33:
 1143 00ed 52544341 		.ascii	"RTCAN_MSG_TIMEOUT\000"
 1143      4E5F4D53 
 1143      475F5449 
 1143      4D454F55 
 1143      5400
 1144              	.LASF24:
 1145 00ff 70617261 		.ascii	"params\000"
 1145      6D7300
 1146              	.LASF4:
 1147 0106 5F5F7569 		.ascii	"__uint16_t\000"
 1147      6E743136 
 1147      5F7400
 1148              	.LASF35:
 1149 0111 72746361 		.ascii	"rtcan_msgstatus_t\000"
 1149      6E5F6D73 
 1149      67737461 
 1149      7475735F 
 1149      7400
 1150              	.LASF43:
 1151 0123 71756575 		.ascii	"queuep\000"
 1151      657000
 1152              	.LASF8:
 1153 012a 5F5F7569 		.ascii	"__uint32_t\000"
 1153      6E743332 
 1153      5F7400
 1154              	.LASF48:
 1155 0135 2F686F6D 		.ascii	"/home/dave/r2p-sdk/core/RTCAN/src/msgqueue.c\000"
 1155      652F6461 
 1155      76652F72 
 1155      32702D73 
 1155      646B2F63 
 1156              	.LASF20:
 1157 0162 72746361 		.ascii	"rtcan_msg_t\000"
 1157      6E5F6D73 
 1157      675F7400 
 1158              	.LASF46:
 1159 016e 63757272 		.ascii	"curr_msgp\000"
 1159      5F6D7367 
ARM GAS  /tmp/cctmS2FO.s 			page 23


 1159      7000
 1160              	.LASF36:
 1161 0178 72746361 		.ascii	"rtcan_id_t\000"
 1161      6E5F6964 
 1161      5F7400
 1162              	.LASF12:
 1163 0183 756E7369 		.ascii	"unsigned int\000"
 1163      676E6564 
 1163      20696E74 
 1163      00
 1164              	.LASF42:
 1165 0190 6D736771 		.ascii	"msgqueue_insert\000"
 1165      75657565 
 1165      5F696E73 
 1165      65727400 
 1166              	.LASF19:
 1167 01a0 63686172 		.ascii	"char\000"
 1167      00
 1168              	.LASF13:
 1169 01a5 75696E74 		.ascii	"uint8_t\000"
 1169      385F7400 
 1170              	.LASF31:
 1171 01ad 52544341 		.ascii	"RTCAN_MSG_QUEUED\000"
 1171      4E5F4D53 
 1171      475F5155 
 1171      45554544 
 1171      00
 1172              	.LASF39:
 1173 01be 736C6F74 		.ascii	"slot\000"
 1173      00
 1174              	.LASF15:
 1175 01c3 696E7433 		.ascii	"int32_t\000"
 1175      325F7400 
 1176              	.LASF18:
 1177 01cb 73697A65 		.ascii	"sizetype\000"
 1177      74797065 
 1177      00
 1178              	.LASF10:
 1179 01d4 6C6F6E67 		.ascii	"long long int\000"
 1179      206C6F6E 
 1179      6720696E 
 1179      7400
 1180              	.LASF29:
 1181 01e2 52544341 		.ascii	"RTCAN_MSG_BUSY\000"
 1181      4E5F4D53 
 1181      475F4255 
 1181      535900
 1182              	.LASF38:
 1183 01f1 64656164 		.ascii	"deadline\000"
 1183      6C696E65 
 1183      00
 1184              	.LASF37:
 1185 01fa 6D736771 		.ascii	"msgqueue_t\000"
 1185      75657565 
 1185      5F7400
 1186              	.LASF14:
 1187 0205 75696E74 		.ascii	"uint16_t\000"
ARM GAS  /tmp/cctmS2FO.s 			page 24


 1187      31365F74 
 1187      00
 1188              	.LASF47:
 1189 020e 474E5520 		.ascii	"GNU C 4.8.4 20141219 (release) -mcpu=cortex-m4 -mfl"
 1189      4320342E 
 1189      382E3420 
 1189      32303134 
 1189      31323139 
 1190 0241 6F61742D 		.ascii	"oat-abi=hard -mfpu=fpv4-sp-d16 -mno-thumb-interwork"
 1190      6162693D 
 1190      68617264 
 1190      202D6D66 
 1190      70753D66 
 1191 0274 202D6D74 		.ascii	" -mthumb -ggdb -O0 -fomit-frame-pointer -falign-fun"
 1191      68756D62 
 1191      202D6767 
 1191      6462202D 
 1191      4F30202D 
 1192 02a7 6374696F 		.ascii	"ctions=16 -ffunction-sections -fdata-sections -fno-"
 1192      6E733D31 
 1192      36202D66 
 1192      66756E63 
 1192      74696F6E 
 1193 02da 636F6D6D 		.ascii	"common -fsingle-precision-constant\000"
 1193      6F6E202D 
 1193      6673696E 
 1193      676C652D 
 1193      70726563 
 1194              	.LASF16:
 1195 02fd 75696E74 		.ascii	"uint32_t\000"
 1195      33325F74 
 1195      00
 1196              	.LASF7:
 1197 0306 6C6F6E67 		.ascii	"long int\000"
 1197      20696E74 
 1197      00
 1198              	.LASF28:
 1199 030f 52544341 		.ascii	"RTCAN_MSG_UNINIT\000"
 1199      4E5F4D53 
 1199      475F554E 
 1199      494E4954 
 1199      00
 1200              	.LASF27:
 1201 0320 72746361 		.ascii	"rtcan_msgcallback_t\000"
 1201      6E5F6D73 
 1201      6763616C 
 1201      6C626163 
 1201      6B5F7400 
 1202              	.LASF0:
 1203 0334 7369676E 		.ascii	"signed char\000"
 1203      65642063 
 1203      68617200 
 1204              	.LASF21:
 1205 0340 6E657874 		.ascii	"next\000"
 1205      00
 1206              	.LASF25:
 1207 0345 73697A65 		.ascii	"size\000"
ARM GAS  /tmp/cctmS2FO.s 			page 25


 1207      00
 1208              	.LASF17:
 1209 034a 5F426F6F 		.ascii	"_Bool\000"
 1209      6C00
 1210              	.LASF50:
 1211 0350 6D736771 		.ascii	"msgqueue_get\000"
 1211      75657565 
 1211      5F676574 
 1211      00
 1212              		.ident	"GCC: (4.8.4-1+11-1) 4.8.4 20141219 (release)"
ARM GAS  /tmp/cctmS2FO.s 			page 26


DEFINED SYMBOLS
                            *ABS*:0000000000000000 msgqueue.c
     /tmp/cctmS2FO.s:21     .text.msgqueue_init:0000000000000000 $t
     /tmp/cctmS2FO.s:27     .text.msgqueue_init:0000000000000000 msgqueue_init
     /tmp/cctmS2FO.s:50     .rodata:0000000000000000 $d
     /tmp/cctmS2FO.s:54     .text.msgqueue_insert:0000000000000000 $t
     /tmp/cctmS2FO.s:60     .text.msgqueue_insert:0000000000000000 msgqueue_insert
     /tmp/cctmS2FO.s:132    .text.msgqueue_insert:0000000000000058 $d
     /tmp/cctmS2FO.s:144    .text.msgqueue_remove:0000000000000000 $t
     /tmp/cctmS2FO.s:150    .text.msgqueue_remove:0000000000000000 msgqueue_remove
     /tmp/cctmS2FO.s:215    .text.msgqueue_remove:0000000000000050 $d
     /tmp/cctmS2FO.s:228    .text.msgqueue_get:0000000000000000 $t
     /tmp/cctmS2FO.s:234    .text.msgqueue_get:0000000000000000 msgqueue_get
     /tmp/cctmS2FO.s:283    .text.msgqueue_get:000000000000003c $d
                     .debug_frame:0000000000000010 $d
     /tmp/cctmS2FO.s:136    .text.msgqueue_insert:000000000000005c $t
     /tmp/cctmS2FO.s:220    .text.msgqueue_remove:0000000000000058 $t
     /tmp/cctmS2FO.s:288    .text.msgqueue_get:0000000000000044 $t

UNDEFINED SYMBOLS
chDbgPanic
