ARM GAS  /tmp/ccKcg2Q7.s 			page 1


   1              		.syntax unified
   2              		.cpu cortex-m4
   3              		.eabi_attribute 27, 3
   4              		.eabi_attribute 28, 1
   5              		.fpu fpv4-sp-d16
   6              		.eabi_attribute 20, 1
   7              		.eabi_attribute 21, 1
   8              		.eabi_attribute 23, 3
   9              		.eabi_attribute 24, 1
  10              		.eabi_attribute 25, 1
  11              		.eabi_attribute 26, 1
  12              		.eabi_attribute 30, 6
  13              		.eabi_attribute 34, 1
  14              		.eabi_attribute 18, 4
  15              		.thumb
  16              		.file	"qei.c"
  17              		.text
  18              	.Ltext0:
  19              		.cfi_sections	.debug_frame
  20              		.section	.text.qeiInit,"ax",%progbits
  21              		.align	2
  22              		.p2align 4,,15
  23              		.global	qeiInit
  24              		.thumb
  25              		.thumb_func
  26              		.type	qeiInit, %function
  27              	qeiInit:
  28              	.LFB118:
  29              		.file 1 "/home/dave/r2p-sdk/modules/uDC_module/qei.c"
  30              		.loc 1 62 0
  31              		.cfi_startproc
  32              		@ args = 0, pretend = 0, frame = 0
  33              		@ frame_needed = 0, uses_anonymous_args = 0
  34 0000 08B5     		push	{r3, lr}
  35              		.cfi_def_cfa_offset 8
  36              		.cfi_offset 3, -8
  37              		.cfi_offset 14, -4
  38              		.loc 1 64 0
  39 0002 FFF7FEFF 		bl	qei_lld_init
  40              		.loc 1 65 0
  41 0006 08BD     		pop	{r3, pc}
  42              		.cfi_endproc
  43              	.LFE118:
  44              		.size	qeiInit, .-qeiInit
  45 0008 AFF30080 		.section	.text.qeiObjectInit,"ax",%progbits
  45      AFF30080 
  46              		.align	2
  47              		.p2align 4,,15
  48              		.global	qeiObjectInit
  49              		.thumb
  50              		.thumb_func
  51              		.type	qeiObjectInit, %function
  52              	qeiObjectInit:
  53              	.LFB119:
  54              		.loc 1 74 0
  55              		.cfi_startproc
  56              		@ args = 0, pretend = 0, frame = 8
ARM GAS  /tmp/ccKcg2Q7.s 			page 2


  57              		@ frame_needed = 0, uses_anonymous_args = 0
  58              		@ link register save eliminated.
  59 0000 82B0     		sub	sp, sp, #8
  60              		.cfi_def_cfa_offset 8
  61 0002 0190     		str	r0, [sp, #4]
  62              		.loc 1 76 0
  63 0004 019B     		ldr	r3, [sp, #4]
  64 0006 0122     		movs	r2, #1
  65 0008 1A70     		strb	r2, [r3]
  66              		.loc 1 77 0
  67 000a 019B     		ldr	r3, [sp, #4]
  68 000c 0022     		movs	r2, #0
  69 000e 5A80     		strh	r2, [r3, #2]	@ movhi
  70              		.loc 1 78 0
  71 0010 019B     		ldr	r3, [sp, #4]
  72 0012 0022     		movs	r2, #0
  73 0014 5A60     		str	r2, [r3, #4]
  74              		.loc 1 79 0
  75 0016 02B0     		add	sp, sp, #8
  76              		@ sp needed
  77 0018 7047     		bx	lr
  78              		.cfi_endproc
  79              	.LFE119:
  80              		.size	qeiObjectInit, .-qeiObjectInit
  81 001a 00BFAFF3 		.section	.rodata
  81      0080
  82              		.align	2
  83              	.LC0:
  84 0000 22716569 		.ascii	"\"qeiStart\"()\000"
  84      53746172 
  84      74222829 
  84      00
  85 000d 000000   		.align	2
  86              	.LC1:
  87 0010 71656953 		.ascii	"qeiStart(), #1\000"
  87      74617274 
  87      28292C20 
  87      233100
  88              		.section	.text.qeiStart,"ax",%progbits
  89              		.align	2
  90              		.p2align 4,,15
  91              		.global	qeiStart
  92              		.thumb
  93              		.thumb_func
  94              		.type	qeiStart, %function
  95              	qeiStart:
  96              	.LFB120:
  97              		.loc 1 89 0
  98              		.cfi_startproc
  99              		@ args = 0, pretend = 0, frame = 8
 100              		@ frame_needed = 0, uses_anonymous_args = 0
 101 0000 00B5     		push	{lr}
 102              		.cfi_def_cfa_offset 4
 103              		.cfi_offset 14, -4
 104 0002 83B0     		sub	sp, sp, #12
 105              		.cfi_def_cfa_offset 16
 106 0004 0190     		str	r0, [sp, #4]
ARM GAS  /tmp/ccKcg2Q7.s 			page 3


 107 0006 0091     		str	r1, [sp]
 108              		.loc 1 91 0
 109 0008 019B     		ldr	r3, [sp, #4]
 110 000a 002B     		cmp	r3, #0
 111 000c 02D0     		beq	.L4
 112              		.loc 1 91 0 is_stmt 0 discriminator 2
 113 000e 009B     		ldr	r3, [sp]
 114 0010 002B     		cmp	r3, #0
 115 0012 02D1     		bne	.L5
 116              	.L4:
 117              		.loc 1 91 0 discriminator 1
 118 0014 1148     		ldr	r0, .L7
 119 0016 FFF7FEFF 		bl	chDbgPanic
 120              	.L5:
 121              	.LBB2:
 122              		.loc 1 93 0 is_stmt 1
 123 001a 2023     		movs	r3, #32
 124              	@ 93 "/home/dave/r2p-sdk/modules/uDC_module/qei.c" 1
 125 001c 83F31188 		msr     BASEPRI, r3
 126              	@ 0 "" 2
 127              		.thumb
 128              	.LBE2:
 129 0020 FFF7FEFF 		bl	dbg_check_lock
 130              		.loc 1 94 0
 131 0024 019B     		ldr	r3, [sp, #4]
 132 0026 1B78     		ldrb	r3, [r3]	@ zero_extendqisi2
 133 0028 012B     		cmp	r3, #1
 134 002a 06D0     		beq	.L6
 135              		.loc 1 94 0 is_stmt 0 discriminator 1
 136 002c 019B     		ldr	r3, [sp, #4]
 137 002e 1B78     		ldrb	r3, [r3]	@ zero_extendqisi2
 138 0030 022B     		cmp	r3, #2
 139 0032 02D0     		beq	.L6
 140 0034 0A48     		ldr	r0, .L7+4
 141 0036 FFF7FEFF 		bl	chDbgPanic
 142              	.L6:
 143              		.loc 1 96 0 is_stmt 1
 144 003a 019B     		ldr	r3, [sp, #4]
 145 003c 009A     		ldr	r2, [sp]
 146 003e 5A60     		str	r2, [r3, #4]
 147              		.loc 1 97 0
 148 0040 0198     		ldr	r0, [sp, #4]
 149 0042 FFF7FEFF 		bl	qei_lld_start
 150              		.loc 1 98 0
 151 0046 019B     		ldr	r3, [sp, #4]
 152 0048 0222     		movs	r2, #2
 153 004a 1A70     		strb	r2, [r3]
 154              		.loc 1 99 0
 155 004c FFF7FEFF 		bl	dbg_check_unlock
 156              	.LBB3:
 157 0050 0023     		movs	r3, #0
 158              	@ 99 "/home/dave/r2p-sdk/modules/uDC_module/qei.c" 1
 159 0052 83F31188 		msr     BASEPRI, r3
 160              	@ 0 "" 2
 161              		.thumb
 162              	.LBE3:
 163              		.loc 1 100 0
ARM GAS  /tmp/ccKcg2Q7.s 			page 4


 164 0056 03B0     		add	sp, sp, #12
 165              		@ sp needed
 166 0058 5DF804FB 		ldr	pc, [sp], #4
 167              	.L8:
 168              		.align	2
 169              	.L7:
 170 005c 00000000 		.word	.LC0
 171 0060 10000000 		.word	.LC1
 172              		.cfi_endproc
 173              	.LFE120:
 174              		.size	qeiStart, .-qeiStart
 175 0064 AFF30080 		.section	.rodata
 175      AFF30080 
 175      AFF30080 
 176 001f 00       		.align	2
 177              	.LC2:
 178 0020 22716569 		.ascii	"\"qeiStop\"()\000"
 178      53746F70 
 178      22282900 
 179              		.align	2
 180              	.LC3:
 181 002c 71656953 		.ascii	"qeiStop(), #1\000"
 181      746F7028 
 181      292C2023 
 181      3100
 182              		.section	.text.qeiStop,"ax",%progbits
 183              		.align	2
 184              		.p2align 4,,15
 185              		.global	qeiStop
 186              		.thumb
 187              		.thumb_func
 188              		.type	qeiStop, %function
 189              	qeiStop:
 190              	.LFB121:
 191              		.loc 1 109 0
 192              		.cfi_startproc
 193              		@ args = 0, pretend = 0, frame = 8
 194              		@ frame_needed = 0, uses_anonymous_args = 0
 195 0000 00B5     		push	{lr}
 196              		.cfi_def_cfa_offset 4
 197              		.cfi_offset 14, -4
 198 0002 83B0     		sub	sp, sp, #12
 199              		.cfi_def_cfa_offset 16
 200 0004 0190     		str	r0, [sp, #4]
 201              		.loc 1 111 0
 202 0006 019B     		ldr	r3, [sp, #4]
 203 0008 002B     		cmp	r3, #0
 204 000a 02D1     		bne	.L10
 205              		.loc 1 111 0 is_stmt 0 discriminator 1
 206 000c 1048     		ldr	r0, .L12
 207 000e FFF7FEFF 		bl	chDbgPanic
 208              	.L10:
 209              	.LBB4:
 210              		.loc 1 113 0 is_stmt 1
 211 0012 2023     		movs	r3, #32
 212              	@ 113 "/home/dave/r2p-sdk/modules/uDC_module/qei.c" 1
 213 0014 83F31188 		msr     BASEPRI, r3
ARM GAS  /tmp/ccKcg2Q7.s 			page 5


 214              	@ 0 "" 2
 215              		.thumb
 216              	.LBE4:
 217 0018 FFF7FEFF 		bl	dbg_check_lock
 218              		.loc 1 114 0
 219 001c 019B     		ldr	r3, [sp, #4]
 220 001e 1B78     		ldrb	r3, [r3]	@ zero_extendqisi2
 221 0020 012B     		cmp	r3, #1
 222 0022 06D0     		beq	.L11
 223              		.loc 1 114 0 is_stmt 0 discriminator 1
 224 0024 019B     		ldr	r3, [sp, #4]
 225 0026 1B78     		ldrb	r3, [r3]	@ zero_extendqisi2
 226 0028 022B     		cmp	r3, #2
 227 002a 02D0     		beq	.L11
 228 002c 0948     		ldr	r0, .L12+4
 229 002e FFF7FEFF 		bl	chDbgPanic
 230              	.L11:
 231              		.loc 1 116 0 is_stmt 1
 232 0032 0198     		ldr	r0, [sp, #4]
 233 0034 FFF7FEFF 		bl	qei_lld_stop
 234              		.loc 1 117 0
 235 0038 019B     		ldr	r3, [sp, #4]
 236 003a 0122     		movs	r2, #1
 237 003c 1A70     		strb	r2, [r3]
 238              		.loc 1 118 0
 239 003e FFF7FEFF 		bl	dbg_check_unlock
 240              	.LBB5:
 241 0042 0023     		movs	r3, #0
 242              	@ 118 "/home/dave/r2p-sdk/modules/uDC_module/qei.c" 1
 243 0044 83F31188 		msr     BASEPRI, r3
 244              	@ 0 "" 2
 245              		.thumb
 246              	.LBE5:
 247              		.loc 1 119 0
 248 0048 03B0     		add	sp, sp, #12
 249              		@ sp needed
 250 004a 5DF804FB 		ldr	pc, [sp], #4
 251              	.L13:
 252 004e 00BF     		.align	2
 253              	.L12:
 254 0050 20000000 		.word	.LC2
 255 0054 2C000000 		.word	.LC3
 256              		.cfi_endproc
 257              	.LFE121:
 258              		.size	qeiStop, .-qeiStop
 259 0058 AFF30080 		.section	.rodata
 259      AFF30080 
 260 003a 0000     		.align	2
 261              	.LC4:
 262 003c 22716569 		.ascii	"\"qeiEnable\"()\000"
 262      456E6162 
 262      6C652228 
 262      2900
 263 004a 0000     		.align	2
 264              	.LC5:
 265 004c 71656945 		.ascii	"qeiEnable(), #1\000"
 265      6E61626C 
ARM GAS  /tmp/ccKcg2Q7.s 			page 6


 265      6528292C 
 265      20233100 
 266              		.section	.text.qeiEnable,"ax",%progbits
 267              		.align	2
 268              		.p2align 4,,15
 269              		.global	qeiEnable
 270              		.thumb
 271              		.thumb_func
 272              		.type	qeiEnable, %function
 273              	qeiEnable:
 274              	.LFB122:
 275              		.loc 1 128 0
 276              		.cfi_startproc
 277              		@ args = 0, pretend = 0, frame = 8
 278              		@ frame_needed = 0, uses_anonymous_args = 0
 279 0000 00B5     		push	{lr}
 280              		.cfi_def_cfa_offset 4
 281              		.cfi_offset 14, -4
 282 0002 83B0     		sub	sp, sp, #12
 283              		.cfi_def_cfa_offset 16
 284 0004 0190     		str	r0, [sp, #4]
 285              		.loc 1 130 0
 286 0006 019B     		ldr	r3, [sp, #4]
 287 0008 002B     		cmp	r3, #0
 288 000a 02D1     		bne	.L15
 289              		.loc 1 130 0 is_stmt 0 discriminator 1
 290 000c 0E48     		ldr	r0, .L17
 291 000e FFF7FEFF 		bl	chDbgPanic
 292              	.L15:
 293              	.LBB6:
 294              		.loc 1 132 0 is_stmt 1
 295 0012 2023     		movs	r3, #32
 296              	@ 132 "/home/dave/r2p-sdk/modules/uDC_module/qei.c" 1
 297 0014 83F31188 		msr     BASEPRI, r3
 298              	@ 0 "" 2
 299              		.thumb
 300              	.LBE6:
 301 0018 FFF7FEFF 		bl	dbg_check_lock
 302              		.loc 1 133 0
 303 001c 019B     		ldr	r3, [sp, #4]
 304 001e 1B78     		ldrb	r3, [r3]	@ zero_extendqisi2
 305 0020 022B     		cmp	r3, #2
 306 0022 02D0     		beq	.L16
 307              		.loc 1 133 0 is_stmt 0 discriminator 1
 308 0024 0948     		ldr	r0, .L17+4
 309 0026 FFF7FEFF 		bl	chDbgPanic
 310              	.L16:
 311              		.loc 1 134 0 is_stmt 1
 312 002a 0198     		ldr	r0, [sp, #4]
 313 002c FFF7FEFF 		bl	qei_lld_enable
 314              		.loc 1 135 0
 315 0030 019B     		ldr	r3, [sp, #4]
 316 0032 0322     		movs	r2, #3
 317 0034 1A70     		strb	r2, [r3]
 318              		.loc 1 136 0
 319 0036 FFF7FEFF 		bl	dbg_check_unlock
 320              	.LBB7:
ARM GAS  /tmp/ccKcg2Q7.s 			page 7


 321 003a 0023     		movs	r3, #0
 322              	@ 136 "/home/dave/r2p-sdk/modules/uDC_module/qei.c" 1
 323 003c 83F31188 		msr     BASEPRI, r3
 324              	@ 0 "" 2
 325              		.thumb
 326              	.LBE7:
 327              		.loc 1 137 0
 328 0040 03B0     		add	sp, sp, #12
 329              		@ sp needed
 330 0042 5DF804FB 		ldr	pc, [sp], #4
 331              	.L18:
 332 0046 00BF     		.align	2
 333              	.L17:
 334 0048 3C000000 		.word	.LC4
 335 004c 4C000000 		.word	.LC5
 336              		.cfi_endproc
 337              	.LFE122:
 338              		.size	qeiEnable, .-qeiEnable
 339              		.section	.rodata
 340              		.align	2
 341              	.LC6:
 342 005c 22716569 		.ascii	"\"qeiDisable\"()\000"
 342      44697361 
 342      626C6522 
 342      282900
 343 006b 00       		.align	2
 344              	.LC7:
 345 006c 71656944 		.ascii	"qeiDisable(), #1\000"
 345      69736162 
 345      6C652829 
 345      2C202331 
 345      00
 346              		.section	.text.qeiDisable,"ax",%progbits
 347              		.align	2
 348              		.p2align 4,,15
 349              		.global	qeiDisable
 350              		.thumb
 351              		.thumb_func
 352              		.type	qeiDisable, %function
 353              	qeiDisable:
 354              	.LFB123:
 355              		.loc 1 146 0
 356              		.cfi_startproc
 357              		@ args = 0, pretend = 0, frame = 8
 358              		@ frame_needed = 0, uses_anonymous_args = 0
 359 0000 00B5     		push	{lr}
 360              		.cfi_def_cfa_offset 4
 361              		.cfi_offset 14, -4
 362 0002 83B0     		sub	sp, sp, #12
 363              		.cfi_def_cfa_offset 16
 364 0004 0190     		str	r0, [sp, #4]
 365              		.loc 1 148 0
 366 0006 019B     		ldr	r3, [sp, #4]
 367 0008 002B     		cmp	r3, #0
 368 000a 02D1     		bne	.L20
 369              		.loc 1 148 0 is_stmt 0 discriminator 1
 370 000c 1048     		ldr	r0, .L22
ARM GAS  /tmp/ccKcg2Q7.s 			page 8


 371 000e FFF7FEFF 		bl	chDbgPanic
 372              	.L20:
 373              	.LBB8:
 374              		.loc 1 150 0 is_stmt 1
 375 0012 2023     		movs	r3, #32
 376              	@ 150 "/home/dave/r2p-sdk/modules/uDC_module/qei.c" 1
 377 0014 83F31188 		msr     BASEPRI, r3
 378              	@ 0 "" 2
 379              		.thumb
 380              	.LBE8:
 381 0018 FFF7FEFF 		bl	dbg_check_lock
 382              		.loc 1 151 0
 383 001c 019B     		ldr	r3, [sp, #4]
 384 001e 1B78     		ldrb	r3, [r3]	@ zero_extendqisi2
 385 0020 022B     		cmp	r3, #2
 386 0022 06D0     		beq	.L21
 387              		.loc 1 151 0 is_stmt 0 discriminator 1
 388 0024 019B     		ldr	r3, [sp, #4]
 389 0026 1B78     		ldrb	r3, [r3]	@ zero_extendqisi2
 390 0028 032B     		cmp	r3, #3
 391 002a 02D0     		beq	.L21
 392 002c 0948     		ldr	r0, .L22+4
 393 002e FFF7FEFF 		bl	chDbgPanic
 394              	.L21:
 395              		.loc 1 153 0 is_stmt 1
 396 0032 0198     		ldr	r0, [sp, #4]
 397 0034 FFF7FEFF 		bl	qei_lld_disable
 398              		.loc 1 154 0
 399 0038 019B     		ldr	r3, [sp, #4]
 400 003a 0222     		movs	r2, #2
 401 003c 1A70     		strb	r2, [r3]
 402              		.loc 1 155 0
 403 003e FFF7FEFF 		bl	dbg_check_unlock
 404              	.LBB9:
 405 0042 0023     		movs	r3, #0
 406              	@ 155 "/home/dave/r2p-sdk/modules/uDC_module/qei.c" 1
 407 0044 83F31188 		msr     BASEPRI, r3
 408              	@ 0 "" 2
 409              		.thumb
 410              	.LBE9:
 411              		.loc 1 156 0
 412 0048 03B0     		add	sp, sp, #12
 413              		@ sp needed
 414 004a 5DF804FB 		ldr	pc, [sp], #4
 415              	.L23:
 416 004e 00BF     		.align	2
 417              	.L22:
 418 0050 5C000000 		.word	.LC6
 419 0054 6C000000 		.word	.LC7
 420              		.cfi_endproc
 421              	.LFE123:
 422              		.size	qeiDisable, .-qeiDisable
 423 0058 AFF30080 		.section	.text.qeiGetCount,"ax",%progbits
 423      AFF30080 
 424              		.align	2
 425              		.p2align 4,,15
 426              		.global	qeiGetCount
ARM GAS  /tmp/ccKcg2Q7.s 			page 9


 427              		.thumb
 428              		.thumb_func
 429              		.type	qeiGetCount, %function
 430              	qeiGetCount:
 431              	.LFB124:
 432              		.loc 1 166 0
 433              		.cfi_startproc
 434              		@ args = 0, pretend = 0, frame = 16
 435              		@ frame_needed = 0, uses_anonymous_args = 0
 436 0000 00B5     		push	{lr}
 437              		.cfi_def_cfa_offset 4
 438              		.cfi_offset 14, -4
 439 0002 85B0     		sub	sp, sp, #20
 440              		.cfi_def_cfa_offset 24
 441 0004 0190     		str	r0, [sp, #4]
 442              	.LBB10:
 443              		.loc 1 169 0
 444 0006 2023     		movs	r3, #32
 445              	@ 169 "/home/dave/r2p-sdk/modules/uDC_module/qei.c" 1
 446 0008 83F31188 		msr     BASEPRI, r3
 447              	@ 0 "" 2
 448              		.thumb
 449              	.LBE10:
 450 000c FFF7FEFF 		bl	dbg_check_lock
 451              		.loc 1 170 0
 452 0010 019B     		ldr	r3, [sp, #4]
 453 0012 9B68     		ldr	r3, [r3, #8]
 454 0014 5B6A     		ldr	r3, [r3, #36]
 455 0016 ADF80E30 		strh	r3, [sp, #14]	@ movhi
 456              		.loc 1 171 0
 457 001a FFF7FEFF 		bl	dbg_check_unlock
 458              	.LBB11:
 459 001e 0023     		movs	r3, #0
 460              	@ 171 "/home/dave/r2p-sdk/modules/uDC_module/qei.c" 1
 461 0020 83F31188 		msr     BASEPRI, r3
 462              	@ 0 "" 2
 463              		.thumb
 464              	.LBE11:
 465              		.loc 1 173 0
 466 0024 BDF80E30 		ldrh	r3, [sp, #14]
 467              		.loc 1 174 0
 468 0028 1846     		mov	r0, r3
 469 002a 05B0     		add	sp, sp, #20
 470              		@ sp needed
 471 002c 5DF804FB 		ldr	pc, [sp], #4
 472              		.cfi_endproc
 473              	.LFE124:
 474              		.size	qeiGetCount, .-qeiGetCount
 475              		.section	.text.qeiUpdate,"ax",%progbits
 476              		.align	2
 477              		.p2align 4,,15
 478              		.global	qeiUpdate
 479              		.thumb
 480              		.thumb_func
 481              		.type	qeiUpdate, %function
 482              	qeiUpdate:
 483              	.LFB125:
ARM GAS  /tmp/ccKcg2Q7.s 			page 10


 484              		.loc 1 184 0
 485              		.cfi_startproc
 486              		@ args = 0, pretend = 0, frame = 16
 487              		@ frame_needed = 0, uses_anonymous_args = 0
 488 0000 00B5     		push	{lr}
 489              		.cfi_def_cfa_offset 4
 490              		.cfi_offset 14, -4
 491 0002 85B0     		sub	sp, sp, #20
 492              		.cfi_def_cfa_offset 24
 493 0004 0190     		str	r0, [sp, #4]
 494              	.LBB12:
 495              		.loc 1 187 0
 496 0006 2023     		movs	r3, #32
 497              	@ 187 "/home/dave/r2p-sdk/modules/uDC_module/qei.c" 1
 498 0008 83F31188 		msr     BASEPRI, r3
 499              	@ 0 "" 2
 500              		.thumb
 501              	.LBE12:
 502 000c FFF7FEFF 		bl	dbg_check_lock
 503              		.loc 1 188 0
 504 0010 0198     		ldr	r0, [sp, #4]
 505 0012 FFF7FEFF 		bl	qeiUpdateI
 506 0016 0346     		mov	r3, r0
 507 0018 ADF80E30 		strh	r3, [sp, #14]	@ movhi
 508              		.loc 1 189 0
 509 001c FFF7FEFF 		bl	dbg_check_unlock
 510              	.LBB13:
 511 0020 0023     		movs	r3, #0
 512              	@ 189 "/home/dave/r2p-sdk/modules/uDC_module/qei.c" 1
 513 0022 83F31188 		msr     BASEPRI, r3
 514              	@ 0 "" 2
 515              		.thumb
 516              	.LBE13:
 517              		.loc 1 191 0
 518 0026 BDF80E30 		ldrh	r3, [sp, #14]
 519 002a 1BB2     		sxth	r3, r3
 520              		.loc 1 192 0
 521 002c 1846     		mov	r0, r3
 522 002e 05B0     		add	sp, sp, #20
 523              		@ sp needed
 524 0030 5DF804FB 		ldr	pc, [sp], #4
 525              		.cfi_endproc
 526              	.LFE125:
 527              		.size	qeiUpdate, .-qeiUpdate
 528 0034 AFF30080 		.section	.rodata
 528      AFF30080 
 528      AFF30080 
 529 007d 000000   		.align	2
 530              	.LC8:
 531 0080 22716569 		.ascii	"\"qeiUpdate\"()\000"
 531      55706461 
 531      74652228 
 531      2900
 532 008e 0000     		.align	2
 533              	.LC9:
 534 0090 71656955 		.ascii	"qeiUpdate(), #1\000"
 534      70646174 
ARM GAS  /tmp/ccKcg2Q7.s 			page 11


 534      6528292C 
 534      20233100 
 535              		.section	.text.qeiUpdateI,"ax",%progbits
 536              		.align	2
 537              		.p2align 4,,15
 538              		.global	qeiUpdateI
 539              		.thumb
 540              		.thumb_func
 541              		.type	qeiUpdateI, %function
 542              	qeiUpdateI:
 543              	.LFB126:
 544              		.loc 1 202 0
 545              		.cfi_startproc
 546              		@ args = 0, pretend = 0, frame = 16
 547              		@ frame_needed = 0, uses_anonymous_args = 0
 548 0000 00B5     		push	{lr}
 549              		.cfi_def_cfa_offset 4
 550              		.cfi_offset 14, -4
 551 0002 85B0     		sub	sp, sp, #20
 552              		.cfi_def_cfa_offset 24
 553 0004 0190     		str	r0, [sp, #4]
 554              		.loc 1 206 0
 555 0006 FFF7FEFF 		bl	chDbgCheckClassI
 556              		.loc 1 207 0
 557 000a 019B     		ldr	r3, [sp, #4]
 558 000c 002B     		cmp	r3, #0
 559 000e 02D1     		bne	.L29
 560              		.loc 1 207 0 is_stmt 0 discriminator 1
 561 0010 1248     		ldr	r0, .L32
 562 0012 FFF7FEFF 		bl	chDbgPanic
 563              	.L29:
 564              		.loc 1 208 0 is_stmt 1
 565 0016 019B     		ldr	r3, [sp, #4]
 566 0018 1B78     		ldrb	r3, [r3]	@ zero_extendqisi2
 567 001a 022B     		cmp	r3, #2
 568 001c 06D0     		beq	.L30
 569              		.loc 1 208 0 is_stmt 0 discriminator 1
 570 001e 019B     		ldr	r3, [sp, #4]
 571 0020 1B78     		ldrb	r3, [r3]	@ zero_extendqisi2
 572 0022 032B     		cmp	r3, #3
 573 0024 02D0     		beq	.L30
 574 0026 0E48     		ldr	r0, .L32+4
 575 0028 FFF7FEFF 		bl	chDbgPanic
 576              	.L30:
 577              		.loc 1 211 0 is_stmt 1
 578 002c 019B     		ldr	r3, [sp, #4]
 579 002e 9B68     		ldr	r3, [r3, #8]
 580 0030 5B6A     		ldr	r3, [r3, #36]
 581 0032 ADF80E30 		strh	r3, [sp, #14]	@ movhi
 582              		.loc 1 212 0
 583 0036 019B     		ldr	r3, [sp, #4]
 584 0038 5B88     		ldrh	r3, [r3, #2]
 585 003a BDF80E20 		ldrh	r2, [sp, #14]	@ movhi
 586 003e D31A     		subs	r3, r2, r3
 587 0040 9BB2     		uxth	r3, r3
 588 0042 ADF80C30 		strh	r3, [sp, #12]	@ movhi
 589              		.loc 1 213 0
ARM GAS  /tmp/ccKcg2Q7.s 			page 12


 590 0046 019B     		ldr	r3, [sp, #4]
 591 0048 BDF80E20 		ldrh	r2, [sp, #14]	@ movhi
 592 004c 5A80     		strh	r2, [r3, #2]	@ movhi
 593              		.loc 1 215 0
 594 004e BDF80C30 		ldrh	r3, [sp, #12]
 595 0052 1BB2     		sxth	r3, r3
 596              		.loc 1 216 0
 597 0054 1846     		mov	r0, r3
 598 0056 05B0     		add	sp, sp, #20
 599              		@ sp needed
 600 0058 5DF804FB 		ldr	pc, [sp], #4
 601              	.L33:
 602              		.align	2
 603              	.L32:
 604 005c 80000000 		.word	.LC8
 605 0060 90000000 		.word	.LC9
 606              		.cfi_endproc
 607              	.LFE126:
 608              		.size	qeiUpdateI, .-qeiUpdateI
 609 0064 AFF30080 		.text
 609      AFF30080 
 609      AFF30080 
 610              	.Letext0:
 611              		.file 2 "/usr/include/newlib/machine/_default_types.h"
 612              		.file 3 "/usr/include/newlib/stdint.h"
 613              		.file 4 "/home/dave/r2p-sdk/core/ChibiOS/os/hal/platforms/STM32/TIMv1/stm32_tim.h"
 614              		.file 5 "/home/dave/r2p-sdk/modules/uDC_module/qei.h"
 615              		.file 6 "/home/dave/r2p-sdk/modules/uDC_module/qei_lld.h"
 616              		.file 7 "/home/dave/r2p-sdk/core/ChibiOS/os/ports/common/ARMCMx/CMSIS/include/core_cm4.h"
 617              		.section	.debug_info,"",%progbits
 618              	.Ldebug_info0:
 619 0000 1B060000 		.4byte	0x61b
 620 0004 0400     		.2byte	0x4
 621 0006 00000000 		.4byte	.Ldebug_abbrev0
 622 000a 04       		.byte	0x4
 623 000b 01       		.uleb128 0x1
 624 000c 05000000 		.4byte	.LASF67
 625 0010 01       		.byte	0x1
 626 0011 A9030000 		.4byte	.LASF68
 627 0015 00000000 		.4byte	.Ldebug_ranges0+0
 628 0019 00000000 		.4byte	0
 629 001d 00000000 		.4byte	.Ldebug_line0
 630 0021 02       		.uleb128 0x2
 631 0022 04       		.byte	0x4
 632 0023 05       		.byte	0x5
 633 0024 696E7400 		.ascii	"int\000"
 634 0028 03       		.uleb128 0x3
 635 0029 04       		.byte	0x4
 636 002a 07       		.byte	0x7
 637 002b 6C020000 		.4byte	.LASF0
 638 002f 03       		.uleb128 0x3
 639 0030 01       		.byte	0x1
 640 0031 06       		.byte	0x6
 641 0032 25020000 		.4byte	.LASF1
 642 0036 03       		.uleb128 0x3
 643 0037 01       		.byte	0x1
 644 0038 08       		.byte	0x8
ARM GAS  /tmp/ccKcg2Q7.s 			page 13


 645 0039 17020000 		.4byte	.LASF2
 646 003d 04       		.uleb128 0x4
 647 003e 54030000 		.4byte	.LASF4
 648 0042 02       		.byte	0x2
 649 0043 29       		.byte	0x29
 650 0044 48000000 		.4byte	0x48
 651 0048 03       		.uleb128 0x3
 652 0049 02       		.byte	0x2
 653 004a 05       		.byte	0x5
 654 004b 10010000 		.4byte	.LASF3
 655 004f 04       		.uleb128 0x4
 656 0050 61010000 		.4byte	.LASF5
 657 0054 02       		.byte	0x2
 658 0055 2B       		.byte	0x2b
 659 0056 5A000000 		.4byte	0x5a
 660 005a 03       		.uleb128 0x3
 661 005b 02       		.byte	0x2
 662 005c 07       		.byte	0x7
 663 005d 9A020000 		.4byte	.LASF6
 664 0061 04       		.uleb128 0x4
 665 0062 4A030000 		.4byte	.LASF7
 666 0066 02       		.byte	0x2
 667 0067 3F       		.byte	0x3f
 668 0068 6C000000 		.4byte	0x6c
 669 006c 03       		.uleb128 0x3
 670 006d 04       		.byte	0x4
 671 006e 05       		.byte	0x5
 672 006f B4010000 		.4byte	.LASF8
 673 0073 04       		.uleb128 0x4
 674 0074 51010000 		.4byte	.LASF9
 675 0078 02       		.byte	0x2
 676 0079 41       		.byte	0x41
 677 007a 7E000000 		.4byte	0x7e
 678 007e 03       		.uleb128 0x3
 679 007f 04       		.byte	0x4
 680 0080 07       		.byte	0x7
 681 0081 38030000 		.4byte	.LASF10
 682 0085 03       		.uleb128 0x3
 683 0086 08       		.byte	0x8
 684 0087 05       		.byte	0x5
 685 0088 91010000 		.4byte	.LASF11
 686 008c 03       		.uleb128 0x3
 687 008d 08       		.byte	0x8
 688 008e 07       		.byte	0x7
 689 008f 3D020000 		.4byte	.LASF12
 690 0093 04       		.uleb128 0x4
 691 0094 73030000 		.4byte	.LASF13
 692 0098 03       		.byte	0x3
 693 0099 35       		.byte	0x35
 694 009a 3D000000 		.4byte	0x3d
 695 009e 04       		.uleb128 0x4
 696 009f 79020000 		.4byte	.LASF14
 697 00a3 03       		.byte	0x3
 698 00a4 36       		.byte	0x36
 699 00a5 4F000000 		.4byte	0x4f
 700 00a9 04       		.uleb128 0x4
 701 00aa CB020000 		.4byte	.LASF15
ARM GAS  /tmp/ccKcg2Q7.s 			page 14


 702 00ae 03       		.byte	0x3
 703 00af 41       		.byte	0x41
 704 00b0 61000000 		.4byte	0x61
 705 00b4 04       		.uleb128 0x4
 706 00b5 63020000 		.4byte	.LASF16
 707 00b9 03       		.byte	0x3
 708 00ba 42       		.byte	0x42
 709 00bb 73000000 		.4byte	0x73
 710 00bf 03       		.uleb128 0x3
 711 00c0 01       		.byte	0x1
 712 00c1 02       		.byte	0x2
 713 00c2 E5020000 		.4byte	.LASF17
 714 00c6 05       		.uleb128 0x5
 715 00c7 B4000000 		.4byte	0xb4
 716 00cb 03       		.uleb128 0x3
 717 00cc 04       		.byte	0x4
 718 00cd 07       		.byte	0x7
 719 00ce 29010000 		.4byte	.LASF18
 720 00d2 03       		.uleb128 0x3
 721 00d3 01       		.byte	0x1
 722 00d4 08       		.byte	0x8
 723 00d5 B5020000 		.4byte	.LASF19
 724 00d9 06       		.uleb128 0x6
 725 00da B4000000 		.4byte	0xb4
 726 00de E9000000 		.4byte	0xe9
 727 00e2 07       		.uleb128 0x7
 728 00e3 CB000000 		.4byte	0xcb
 729 00e7 03       		.byte	0x3
 730 00e8 00       		.byte	0
 731 00e9 05       		.uleb128 0x5
 732 00ea A9000000 		.4byte	0xa9
 733 00ee 08       		.uleb128 0x8
 734 00ef 60       		.byte	0x60
 735 00f0 04       		.byte	0x4
 736 00f1 9E01     		.2byte	0x19e
 737 00f3 07020000 		.4byte	0x207
 738 00f7 09       		.uleb128 0x9
 739 00f8 43523100 		.ascii	"CR1\000"
 740 00fc 04       		.byte	0x4
 741 00fd 9F01     		.2byte	0x19f
 742 00ff C6000000 		.4byte	0xc6
 743 0103 00       		.byte	0
 744 0104 09       		.uleb128 0x9
 745 0105 43523200 		.ascii	"CR2\000"
 746 0109 04       		.byte	0x4
 747 010a A001     		.2byte	0x1a0
 748 010c C6000000 		.4byte	0xc6
 749 0110 04       		.byte	0x4
 750 0111 0A       		.uleb128 0xa
 751 0112 1A010000 		.4byte	.LASF20
 752 0116 04       		.byte	0x4
 753 0117 A101     		.2byte	0x1a1
 754 0119 C6000000 		.4byte	0xc6
 755 011d 08       		.byte	0x8
 756 011e 0A       		.uleb128 0xa
 757 011f 95020000 		.4byte	.LASF21
 758 0123 04       		.byte	0x4
ARM GAS  /tmp/ccKcg2Q7.s 			page 15


 759 0124 A201     		.2byte	0x1a2
 760 0126 C6000000 		.4byte	0xc6
 761 012a 0C       		.byte	0xc
 762 012b 09       		.uleb128 0x9
 763 012c 535200   		.ascii	"SR\000"
 764 012f 04       		.byte	0x4
 765 0130 A301     		.2byte	0x1a3
 766 0132 C6000000 		.4byte	0xc6
 767 0136 10       		.byte	0x10
 768 0137 09       		.uleb128 0x9
 769 0138 45475200 		.ascii	"EGR\000"
 770 013c 04       		.byte	0x4
 771 013d A401     		.2byte	0x1a4
 772 013f C6000000 		.4byte	0xc6
 773 0143 14       		.byte	0x14
 774 0144 0A       		.uleb128 0xa
 775 0145 D8010000 		.4byte	.LASF22
 776 0149 04       		.byte	0x4
 777 014a A501     		.2byte	0x1a5
 778 014c C6000000 		.4byte	0xc6
 779 0150 18       		.byte	0x18
 780 0151 0A       		.uleb128 0xa
 781 0152 04010000 		.4byte	.LASF23
 782 0156 04       		.byte	0x4
 783 0157 A601     		.2byte	0x1a6
 784 0159 C6000000 		.4byte	0xc6
 785 015d 1C       		.byte	0x1c
 786 015e 0A       		.uleb128 0xa
 787 015f 00000000 		.4byte	.LASF24
 788 0163 04       		.byte	0x4
 789 0164 A701     		.2byte	0x1a7
 790 0166 C6000000 		.4byte	0xc6
 791 016a 20       		.byte	0x20
 792 016b 09       		.uleb128 0x9
 793 016c 434E5400 		.ascii	"CNT\000"
 794 0170 04       		.byte	0x4
 795 0171 A801     		.2byte	0x1a8
 796 0173 C6000000 		.4byte	0xc6
 797 0177 24       		.byte	0x24
 798 0178 09       		.uleb128 0x9
 799 0179 50534300 		.ascii	"PSC\000"
 800 017d 04       		.byte	0x4
 801 017e A901     		.2byte	0x1a9
 802 0180 C6000000 		.4byte	0xc6
 803 0184 28       		.byte	0x28
 804 0185 09       		.uleb128 0x9
 805 0186 41525200 		.ascii	"ARR\000"
 806 018a 04       		.byte	0x4
 807 018b AA01     		.2byte	0x1aa
 808 018d C6000000 		.4byte	0xc6
 809 0191 2C       		.byte	0x2c
 810 0192 09       		.uleb128 0x9
 811 0193 52435200 		.ascii	"RCR\000"
 812 0197 04       		.byte	0x4
 813 0198 AB01     		.2byte	0x1ab
 814 019a C6000000 		.4byte	0xc6
 815 019e 30       		.byte	0x30
ARM GAS  /tmp/ccKcg2Q7.s 			page 16


 816 019f 09       		.uleb128 0x9
 817 01a0 43435200 		.ascii	"CCR\000"
 818 01a4 04       		.byte	0x4
 819 01a5 AC01     		.2byte	0x1ac
 820 01a7 07020000 		.4byte	0x207
 821 01ab 34       		.byte	0x34
 822 01ac 0A       		.uleb128 0xa
 823 01ad C6020000 		.4byte	.LASF25
 824 01b1 04       		.byte	0x4
 825 01b2 AD01     		.2byte	0x1ad
 826 01b4 C6000000 		.4byte	0xc6
 827 01b8 44       		.byte	0x44
 828 01b9 09       		.uleb128 0x9
 829 01ba 44435200 		.ascii	"DCR\000"
 830 01be 04       		.byte	0x4
 831 01bf AE01     		.2byte	0x1ae
 832 01c1 C6000000 		.4byte	0xc6
 833 01c5 48       		.byte	0x48
 834 01c6 0A       		.uleb128 0xa
 835 01c7 F4000000 		.4byte	.LASF26
 836 01cb 04       		.byte	0x4
 837 01cc AF01     		.2byte	0x1af
 838 01ce C6000000 		.4byte	0xc6
 839 01d2 4C       		.byte	0x4c
 840 01d3 09       		.uleb128 0x9
 841 01d4 4F5200   		.ascii	"OR\000"
 842 01d7 04       		.byte	0x4
 843 01d8 B001     		.2byte	0x1b0
 844 01da C6000000 		.4byte	0xc6
 845 01de 50       		.byte	0x50
 846 01df 0A       		.uleb128 0xa
 847 01e0 0A010000 		.4byte	.LASF27
 848 01e4 04       		.byte	0x4
 849 01e5 B101     		.2byte	0x1b1
 850 01e7 C6000000 		.4byte	0xc6
 851 01eb 54       		.byte	0x54
 852 01ec 0A       		.uleb128 0xa
 853 01ed BD010000 		.4byte	.LASF28
 854 01f1 04       		.byte	0x4
 855 01f2 B201     		.2byte	0x1b2
 856 01f4 C6000000 		.4byte	0xc6
 857 01f8 58       		.byte	0x58
 858 01f9 0A       		.uleb128 0xa
 859 01fa C2010000 		.4byte	.LASF29
 860 01fe 04       		.byte	0x4
 861 01ff B301     		.2byte	0x1b3
 862 0201 C6000000 		.4byte	0xc6
 863 0205 5C       		.byte	0x5c
 864 0206 00       		.byte	0
 865 0207 05       		.uleb128 0x5
 866 0208 D9000000 		.4byte	0xd9
 867 020c 0B       		.uleb128 0xb
 868 020d BA020000 		.4byte	.LASF30
 869 0211 04       		.byte	0x4
 870 0212 B401     		.2byte	0x1b4
 871 0214 EE000000 		.4byte	0xee
 872 0218 0C       		.uleb128 0xc
ARM GAS  /tmp/ccKcg2Q7.s 			page 17


 873 0219 04       		.byte	0x4
 874 021a 0C020000 		.4byte	0x20c
 875 021e 0D       		.uleb128 0xd
 876 021f 01       		.byte	0x1
 877 0220 05       		.byte	0x5
 878 0221 35       		.byte	0x35
 879 0222 3F020000 		.4byte	0x23f
 880 0226 0E       		.uleb128 0xe
 881 0227 A9010000 		.4byte	.LASF31
 882 022b 00       		.sleb128 0
 883 022c 0E       		.uleb128 0xe
 884 022d 03020000 		.4byte	.LASF32
 885 0231 01       		.sleb128 1
 886 0232 0E       		.uleb128 0xe
 887 0233 87010000 		.4byte	.LASF33
 888 0237 02       		.sleb128 2
 889 0238 0E       		.uleb128 0xe
 890 0239 0C020000 		.4byte	.LASF34
 891 023d 03       		.sleb128 3
 892 023e 00       		.byte	0
 893 023f 04       		.uleb128 0x4
 894 0240 46010000 		.4byte	.LASF35
 895 0244 05       		.byte	0x5
 896 0245 3A       		.byte	0x3a
 897 0246 1E020000 		.4byte	0x21e
 898 024a 04       		.uleb128 0x4
 899 024b 9F010000 		.4byte	.LASF36
 900 024f 05       		.byte	0x5
 901 0250 3F       		.byte	0x3f
 902 0251 55020000 		.4byte	0x255
 903 0255 0F       		.uleb128 0xf
 904 0256 9F010000 		.4byte	.LASF36
 905 025a 0C       		.byte	0xc
 906 025b 06       		.byte	0x6
 907 025c 1F01     		.2byte	0x11f
 908 025e 97020000 		.4byte	0x297
 909 0262 0A       		.uleb128 0xa
 910 0263 FE000000 		.4byte	.LASF37
 911 0267 06       		.byte	0x6
 912 0268 2301     		.2byte	0x123
 913 026a 3F020000 		.4byte	0x23f
 914 026e 00       		.byte	0
 915 026f 0A       		.uleb128 0xa
 916 0270 7B030000 		.4byte	.LASF38
 917 0274 06       		.byte	0x6
 918 0275 2701     		.2byte	0x127
 919 0277 03030000 		.4byte	0x303
 920 027b 02       		.byte	0x2
 921 027c 0A       		.uleb128 0xa
 922 027d 6C010000 		.4byte	.LASF39
 923 0281 06       		.byte	0x6
 924 0282 2B01     		.2byte	0x12b
 925 0284 58030000 		.4byte	0x358
 926 0288 04       		.byte	0x4
 927 0289 09       		.uleb128 0x9
 928 028a 74696D00 		.ascii	"tim\000"
 929 028e 06       		.byte	0x6
ARM GAS  /tmp/ccKcg2Q7.s 			page 18


 930 028f 3301     		.2byte	0x133
 931 0291 18020000 		.4byte	0x218
 932 0295 08       		.byte	0x8
 933 0296 00       		.byte	0
 934 0297 0C       		.uleb128 0xc
 935 0298 04       		.byte	0x4
 936 0299 4A020000 		.4byte	0x24a
 937 029d 0D       		.uleb128 0xd
 938 029e 01       		.byte	0x1
 939 029f 06       		.byte	0x6
 940 02a0 E8       		.byte	0xe8
 941 02a1 B8020000 		.4byte	0x2b8
 942 02a5 0E       		.uleb128 0xe
 943 02a6 0B030000 		.4byte	.LASF40
 944 02aa 00       		.sleb128 0
 945 02ab 0E       		.uleb128 0xe
 946 02ac 80030000 		.4byte	.LASF41
 947 02b0 01       		.sleb128 1
 948 02b1 0E       		.uleb128 0xe
 949 02b2 82020000 		.4byte	.LASF42
 950 02b6 02       		.sleb128 2
 951 02b7 00       		.byte	0
 952 02b8 04       		.uleb128 0x4
 953 02b9 69030000 		.4byte	.LASF43
 954 02bd 06       		.byte	0x6
 955 02be EC       		.byte	0xec
 956 02bf 9D020000 		.4byte	0x29d
 957 02c3 0D       		.uleb128 0xd
 958 02c4 01       		.byte	0x1
 959 02c5 06       		.byte	0x6
 960 02c6 F1       		.byte	0xf1
 961 02c7 D8020000 		.4byte	0x2d8
 962 02cb 0E       		.uleb128 0xe
 963 02cc E9010000 		.4byte	.LASF44
 964 02d0 00       		.sleb128 0
 965 02d1 0E       		.uleb128 0xe
 966 02d2 54020000 		.4byte	.LASF45
 967 02d6 01       		.sleb128 1
 968 02d7 00       		.byte	0
 969 02d8 04       		.uleb128 0x4
 970 02d9 FB020000 		.4byte	.LASF46
 971 02dd 06       		.byte	0x6
 972 02de F4       		.byte	0xf4
 973 02df C3020000 		.4byte	0x2c3
 974 02e3 0D       		.uleb128 0xd
 975 02e4 01       		.byte	0x1
 976 02e5 06       		.byte	0x6
 977 02e6 F9       		.byte	0xf9
 978 02e7 F8020000 		.4byte	0x2f8
 979 02eb 0E       		.uleb128 0xe
 980 02ec C7010000 		.4byte	.LASF47
 981 02f0 00       		.sleb128 0
 982 02f1 0E       		.uleb128 0xe
 983 02f2 EB020000 		.4byte	.LASF48
 984 02f6 01       		.sleb128 1
 985 02f7 00       		.byte	0
 986 02f8 04       		.uleb128 0x4
ARM GAS  /tmp/ccKcg2Q7.s 			page 19


 987 02f9 32010000 		.4byte	.LASF49
 988 02fd 06       		.byte	0x6
 989 02fe FC       		.byte	0xfc
 990 02ff E3020000 		.4byte	0x2e3
 991 0303 0B       		.uleb128 0xb
 992 0304 1F030000 		.4byte	.LASF50
 993 0308 06       		.byte	0x6
 994 0309 0101     		.2byte	0x101
 995 030b 9E000000 		.4byte	0x9e
 996 030f 0B       		.uleb128 0xb
 997 0310 DE010000 		.4byte	.LASF51
 998 0314 06       		.byte	0x6
 999 0315 0601     		.2byte	0x106
 1000 0317 93000000 		.4byte	0x93
 1001 031b 08       		.uleb128 0x8
 1002 031c 03       		.byte	0x3
 1003 031d 06       		.byte	0x6
 1004 031e 0C01     		.2byte	0x10c
 1005 0320 4C030000 		.4byte	0x34c
 1006 0324 0A       		.uleb128 0xa
 1007 0325 5C010000 		.4byte	.LASF52
 1008 0329 06       		.byte	0x6
 1009 032a 1001     		.2byte	0x110
 1010 032c B8020000 		.4byte	0x2b8
 1011 0330 00       		.byte	0
 1012 0331 0A       		.uleb128 0xa
 1013 0332 D3020000 		.4byte	.LASF53
 1014 0336 06       		.byte	0x6
 1015 0337 1401     		.2byte	0x114
 1016 0339 D8020000 		.4byte	0x2d8
 1017 033d 01       		.byte	0x1
 1018 033e 0A       		.uleb128 0xa
 1019 033f DE020000 		.4byte	.LASF54
 1020 0343 06       		.byte	0x6
 1021 0344 1801     		.2byte	0x118
 1022 0346 F8020000 		.4byte	0x2f8
 1023 034a 02       		.byte	0x2
 1024 034b 00       		.byte	0
 1025 034c 0B       		.uleb128 0xb
 1026 034d F9010000 		.4byte	.LASF55
 1027 0351 06       		.byte	0x6
 1028 0352 1A01     		.2byte	0x11a
 1029 0354 1B030000 		.4byte	0x31b
 1030 0358 0C       		.uleb128 0xc
 1031 0359 04       		.byte	0x4
 1032 035a 5E030000 		.4byte	0x35e
 1033 035e 10       		.uleb128 0x10
 1034 035f 4C030000 		.4byte	0x34c
 1035 0363 11       		.uleb128 0x11
 1036 0364 3E010000 		.4byte	.LASF69
 1037 0368 01       		.byte	0x1
 1038 0369 3E       		.byte	0x3e
 1039 036a 00000000 		.4byte	.LFB118
 1040 036e 08000000 		.4byte	.LFE118-.LFB118
 1041 0372 01       		.uleb128 0x1
 1042 0373 9C       		.byte	0x9c
 1043 0374 12       		.uleb128 0x12
ARM GAS  /tmp/ccKcg2Q7.s 			page 20


 1044 0375 79010000 		.4byte	.LASF56
 1045 0379 01       		.byte	0x1
 1046 037a 4A       		.byte	0x4a
 1047 037b 00000000 		.4byte	.LFB119
 1048 037f 1A000000 		.4byte	.LFE119-.LFB119
 1049 0383 01       		.uleb128 0x1
 1050 0384 9C       		.byte	0x9c
 1051 0385 98030000 		.4byte	0x398
 1052 0389 13       		.uleb128 0x13
 1053 038a 33030000 		.4byte	.LASF58
 1054 038e 01       		.byte	0x1
 1055 038f 4A       		.byte	0x4a
 1056 0390 97020000 		.4byte	0x297
 1057 0394 02       		.uleb128 0x2
 1058 0395 91       		.byte	0x91
 1059 0396 7C       		.sleb128 -4
 1060 0397 00       		.byte	0
 1061 0398 14       		.uleb128 0x14
 1062 0399 93030000 		.4byte	.LASF57
 1063 039d 01       		.byte	0x1
 1064 039e 59       		.byte	0x59
 1065 039f 00000000 		.4byte	.LFB120
 1066 03a3 64000000 		.4byte	.LFE120-.LFB120
 1067 03a7 01       		.uleb128 0x1
 1068 03a8 9C       		.byte	0x9c
 1069 03a9 FC030000 		.4byte	0x3fc
 1070 03ad 13       		.uleb128 0x13
 1071 03ae 33030000 		.4byte	.LASF58
 1072 03b2 01       		.byte	0x1
 1073 03b3 59       		.byte	0x59
 1074 03b4 97020000 		.4byte	0x297
 1075 03b8 02       		.uleb128 0x2
 1076 03b9 91       		.byte	0x91
 1077 03ba 74       		.sleb128 -12
 1078 03bb 13       		.uleb128 0x13
 1079 03bc 6C010000 		.4byte	.LASF39
 1080 03c0 01       		.byte	0x1
 1081 03c1 59       		.byte	0x59
 1082 03c2 58030000 		.4byte	0x358
 1083 03c6 02       		.uleb128 0x2
 1084 03c7 91       		.byte	0x91
 1085 03c8 70       		.sleb128 -16
 1086 03c9 15       		.uleb128 0x15
 1087 03ca 1A000000 		.4byte	.LBB2
 1088 03ce 06000000 		.4byte	.LBE2-.LBB2
 1089 03d2 E4030000 		.4byte	0x3e4
 1090 03d6 16       		.uleb128 0x16
 1091 03d7 746D7000 		.ascii	"tmp\000"
 1092 03db 01       		.byte	0x1
 1093 03dc 5D       		.byte	0x5d
 1094 03dd B4000000 		.4byte	0xb4
 1095 03e1 01       		.uleb128 0x1
 1096 03e2 53       		.byte	0x53
 1097 03e3 00       		.byte	0
 1098 03e4 17       		.uleb128 0x17
 1099 03e5 50000000 		.4byte	.LBB3
 1100 03e9 06000000 		.4byte	.LBE3-.LBB3
ARM GAS  /tmp/ccKcg2Q7.s 			page 21


 1101 03ed 16       		.uleb128 0x16
 1102 03ee 746D7000 		.ascii	"tmp\000"
 1103 03f2 01       		.byte	0x1
 1104 03f3 63       		.byte	0x63
 1105 03f4 B4000000 		.4byte	0xb4
 1106 03f8 01       		.uleb128 0x1
 1107 03f9 53       		.byte	0x53
 1108 03fa 00       		.byte	0
 1109 03fb 00       		.byte	0
 1110 03fc 14       		.uleb128 0x14
 1111 03fd AD020000 		.4byte	.LASF59
 1112 0401 01       		.byte	0x1
 1113 0402 6D       		.byte	0x6d
 1114 0403 00000000 		.4byte	.LFB121
 1115 0407 58000000 		.4byte	.LFE121-.LFB121
 1116 040b 01       		.uleb128 0x1
 1117 040c 9C       		.byte	0x9c
 1118 040d 52040000 		.4byte	0x452
 1119 0411 13       		.uleb128 0x13
 1120 0412 33030000 		.4byte	.LASF58
 1121 0416 01       		.byte	0x1
 1122 0417 6D       		.byte	0x6d
 1123 0418 97020000 		.4byte	0x297
 1124 041c 02       		.uleb128 0x2
 1125 041d 91       		.byte	0x91
 1126 041e 74       		.sleb128 -12
 1127 041f 15       		.uleb128 0x15
 1128 0420 12000000 		.4byte	.LBB4
 1129 0424 06000000 		.4byte	.LBE4-.LBB4
 1130 0428 3A040000 		.4byte	0x43a
 1131 042c 16       		.uleb128 0x16
 1132 042d 746D7000 		.ascii	"tmp\000"
 1133 0431 01       		.byte	0x1
 1134 0432 71       		.byte	0x71
 1135 0433 B4000000 		.4byte	0xb4
 1136 0437 01       		.uleb128 0x1
 1137 0438 53       		.byte	0x53
 1138 0439 00       		.byte	0
 1139 043a 17       		.uleb128 0x17
 1140 043b 42000000 		.4byte	.LBB5
 1141 043f 06000000 		.4byte	.LBE5-.LBB5
 1142 0443 16       		.uleb128 0x16
 1143 0444 746D7000 		.ascii	"tmp\000"
 1144 0448 01       		.byte	0x1
 1145 0449 76       		.byte	0x76
 1146 044a B4000000 		.4byte	0xb4
 1147 044e 01       		.uleb128 0x1
 1148 044f 53       		.byte	0x53
 1149 0450 00       		.byte	0
 1150 0451 00       		.byte	0
 1151 0452 14       		.uleb128 0x14
 1152 0453 D5030000 		.4byte	.LASF60
 1153 0457 01       		.byte	0x1
 1154 0458 80       		.byte	0x80
 1155 0459 00000000 		.4byte	.LFB122
 1156 045d 50000000 		.4byte	.LFE122-.LFB122
 1157 0461 01       		.uleb128 0x1
ARM GAS  /tmp/ccKcg2Q7.s 			page 22


 1158 0462 9C       		.byte	0x9c
 1159 0463 A8040000 		.4byte	0x4a8
 1160 0467 13       		.uleb128 0x13
 1161 0468 33030000 		.4byte	.LASF58
 1162 046c 01       		.byte	0x1
 1163 046d 80       		.byte	0x80
 1164 046e 97020000 		.4byte	0x297
 1165 0472 02       		.uleb128 0x2
 1166 0473 91       		.byte	0x91
 1167 0474 74       		.sleb128 -12
 1168 0475 15       		.uleb128 0x15
 1169 0476 12000000 		.4byte	.LBB6
 1170 047a 06000000 		.4byte	.LBE6-.LBB6
 1171 047e 90040000 		.4byte	0x490
 1172 0482 16       		.uleb128 0x16
 1173 0483 746D7000 		.ascii	"tmp\000"
 1174 0487 01       		.byte	0x1
 1175 0488 84       		.byte	0x84
 1176 0489 B4000000 		.4byte	0xb4
 1177 048d 01       		.uleb128 0x1
 1178 048e 53       		.byte	0x53
 1179 048f 00       		.byte	0
 1180 0490 17       		.uleb128 0x17
 1181 0491 3A000000 		.4byte	.LBB7
 1182 0495 06000000 		.4byte	.LBE7-.LBB7
 1183 0499 16       		.uleb128 0x16
 1184 049a 746D7000 		.ascii	"tmp\000"
 1185 049e 01       		.byte	0x1
 1186 049f 88       		.byte	0x88
 1187 04a0 B4000000 		.4byte	0xb4
 1188 04a4 01       		.uleb128 0x1
 1189 04a5 53       		.byte	0x53
 1190 04a6 00       		.byte	0
 1191 04a7 00       		.byte	0
 1192 04a8 14       		.uleb128 0x14
 1193 04a9 5E030000 		.4byte	.LASF61
 1194 04ad 01       		.byte	0x1
 1195 04ae 92       		.byte	0x92
 1196 04af 00000000 		.4byte	.LFB123
 1197 04b3 58000000 		.4byte	.LFE123-.LFB123
 1198 04b7 01       		.uleb128 0x1
 1199 04b8 9C       		.byte	0x9c
 1200 04b9 FE040000 		.4byte	0x4fe
 1201 04bd 13       		.uleb128 0x13
 1202 04be 33030000 		.4byte	.LASF58
 1203 04c2 01       		.byte	0x1
 1204 04c3 92       		.byte	0x92
 1205 04c4 97020000 		.4byte	0x297
 1206 04c8 02       		.uleb128 0x2
 1207 04c9 91       		.byte	0x91
 1208 04ca 74       		.sleb128 -12
 1209 04cb 15       		.uleb128 0x15
 1210 04cc 12000000 		.4byte	.LBB8
 1211 04d0 06000000 		.4byte	.LBE8-.LBB8
 1212 04d4 E6040000 		.4byte	0x4e6
 1213 04d8 16       		.uleb128 0x16
 1214 04d9 746D7000 		.ascii	"tmp\000"
ARM GAS  /tmp/ccKcg2Q7.s 			page 23


 1215 04dd 01       		.byte	0x1
 1216 04de 96       		.byte	0x96
 1217 04df B4000000 		.4byte	0xb4
 1218 04e3 01       		.uleb128 0x1
 1219 04e4 53       		.byte	0x53
 1220 04e5 00       		.byte	0
 1221 04e6 17       		.uleb128 0x17
 1222 04e7 42000000 		.4byte	.LBB9
 1223 04eb 06000000 		.4byte	.LBE9-.LBB9
 1224 04ef 16       		.uleb128 0x16
 1225 04f0 746D7000 		.ascii	"tmp\000"
 1226 04f4 01       		.byte	0x1
 1227 04f5 9B       		.byte	0x9b
 1228 04f6 B4000000 		.4byte	0xb4
 1229 04fa 01       		.uleb128 0x1
 1230 04fb 53       		.byte	0x53
 1231 04fc 00       		.byte	0
 1232 04fd 00       		.byte	0
 1233 04fe 18       		.uleb128 0x18
 1234 04ff 31020000 		.4byte	.LASF62
 1235 0503 01       		.byte	0x1
 1236 0504 A6       		.byte	0xa6
 1237 0505 03030000 		.4byte	0x303
 1238 0509 00000000 		.4byte	.LFB124
 1239 050d 30000000 		.4byte	.LFE124-.LFB124
 1240 0511 01       		.uleb128 0x1
 1241 0512 9C       		.byte	0x9c
 1242 0513 66050000 		.4byte	0x566
 1243 0517 13       		.uleb128 0x13
 1244 0518 33030000 		.4byte	.LASF58
 1245 051c 01       		.byte	0x1
 1246 051d A6       		.byte	0xa6
 1247 051e 97020000 		.4byte	0x297
 1248 0522 02       		.uleb128 0x2
 1249 0523 91       		.byte	0x91
 1250 0524 6C       		.sleb128 -20
 1251 0525 16       		.uleb128 0x16
 1252 0526 636E7400 		.ascii	"cnt\000"
 1253 052a 01       		.byte	0x1
 1254 052b A7       		.byte	0xa7
 1255 052c 03030000 		.4byte	0x303
 1256 0530 02       		.uleb128 0x2
 1257 0531 91       		.byte	0x91
 1258 0532 76       		.sleb128 -10
 1259 0533 15       		.uleb128 0x15
 1260 0534 06000000 		.4byte	.LBB10
 1261 0538 06000000 		.4byte	.LBE10-.LBB10
 1262 053c 4E050000 		.4byte	0x54e
 1263 0540 16       		.uleb128 0x16
 1264 0541 746D7000 		.ascii	"tmp\000"
 1265 0545 01       		.byte	0x1
 1266 0546 A9       		.byte	0xa9
 1267 0547 B4000000 		.4byte	0xb4
 1268 054b 01       		.uleb128 0x1
 1269 054c 53       		.byte	0x53
 1270 054d 00       		.byte	0
 1271 054e 17       		.uleb128 0x17
ARM GAS  /tmp/ccKcg2Q7.s 			page 24


 1272 054f 1E000000 		.4byte	.LBB11
 1273 0553 06000000 		.4byte	.LBE11-.LBB11
 1274 0557 16       		.uleb128 0x16
 1275 0558 746D7000 		.ascii	"tmp\000"
 1276 055c 01       		.byte	0x1
 1277 055d AB       		.byte	0xab
 1278 055e B4000000 		.4byte	0xb4
 1279 0562 01       		.uleb128 0x1
 1280 0563 53       		.byte	0x53
 1281 0564 00       		.byte	0
 1282 0565 00       		.byte	0
 1283 0566 18       		.uleb128 0x18
 1284 0567 1F010000 		.4byte	.LASF63
 1285 056b 01       		.byte	0x1
 1286 056c B8       		.byte	0xb8
 1287 056d 0F030000 		.4byte	0x30f
 1288 0571 00000000 		.4byte	.LFB125
 1289 0575 34000000 		.4byte	.LFE125-.LFB125
 1290 0579 01       		.uleb128 0x1
 1291 057a 9C       		.byte	0x9c
 1292 057b CE050000 		.4byte	0x5ce
 1293 057f 13       		.uleb128 0x13
 1294 0580 33030000 		.4byte	.LASF58
 1295 0584 01       		.byte	0x1
 1296 0585 B8       		.byte	0xb8
 1297 0586 97020000 		.4byte	0x297
 1298 058a 02       		.uleb128 0x2
 1299 058b 91       		.byte	0x91
 1300 058c 6C       		.sleb128 -20
 1301 058d 19       		.uleb128 0x19
 1302 058e F9000000 		.4byte	.LASF64
 1303 0592 01       		.byte	0x1
 1304 0593 B9       		.byte	0xb9
 1305 0594 03030000 		.4byte	0x303
 1306 0598 02       		.uleb128 0x2
 1307 0599 91       		.byte	0x91
 1308 059a 76       		.sleb128 -10
 1309 059b 15       		.uleb128 0x15
 1310 059c 06000000 		.4byte	.LBB12
 1311 05a0 06000000 		.4byte	.LBE12-.LBB12
 1312 05a4 B6050000 		.4byte	0x5b6
 1313 05a8 16       		.uleb128 0x16
 1314 05a9 746D7000 		.ascii	"tmp\000"
 1315 05ad 01       		.byte	0x1
 1316 05ae BB       		.byte	0xbb
 1317 05af B4000000 		.4byte	0xb4
 1318 05b3 01       		.uleb128 0x1
 1319 05b4 53       		.byte	0x53
 1320 05b5 00       		.byte	0
 1321 05b6 17       		.uleb128 0x17
 1322 05b7 20000000 		.4byte	.LBB13
 1323 05bb 06000000 		.4byte	.LBE13-.LBB13
 1324 05bf 16       		.uleb128 0x16
 1325 05c0 746D7000 		.ascii	"tmp\000"
 1326 05c4 01       		.byte	0x1
 1327 05c5 BD       		.byte	0xbd
 1328 05c6 B4000000 		.4byte	0xb4
ARM GAS  /tmp/ccKcg2Q7.s 			page 25


 1329 05ca 01       		.uleb128 0x1
 1330 05cb 53       		.byte	0x53
 1331 05cc 00       		.byte	0
 1332 05cd 00       		.byte	0
 1333 05ce 18       		.uleb128 0x18
 1334 05cf 28030000 		.4byte	.LASF65
 1335 05d3 01       		.byte	0x1
 1336 05d4 CA       		.byte	0xca
 1337 05d5 0F030000 		.4byte	0x30f
 1338 05d9 00000000 		.4byte	.LFB126
 1339 05dd 64000000 		.4byte	.LFE126-.LFB126
 1340 05e1 01       		.uleb128 0x1
 1341 05e2 9C       		.byte	0x9c
 1342 05e3 12060000 		.4byte	0x612
 1343 05e7 13       		.uleb128 0x13
 1344 05e8 33030000 		.4byte	.LASF58
 1345 05ec 01       		.byte	0x1
 1346 05ed CA       		.byte	0xca
 1347 05ee 97020000 		.4byte	0x297
 1348 05f2 02       		.uleb128 0x2
 1349 05f3 91       		.byte	0x91
 1350 05f4 6C       		.sleb128 -20
 1351 05f5 16       		.uleb128 0x16
 1352 05f6 636E7400 		.ascii	"cnt\000"
 1353 05fa 01       		.byte	0x1
 1354 05fb CB       		.byte	0xcb
 1355 05fc 03030000 		.4byte	0x303
 1356 0600 02       		.uleb128 0x2
 1357 0601 91       		.byte	0x91
 1358 0602 76       		.sleb128 -10
 1359 0603 19       		.uleb128 0x19
 1360 0604 73010000 		.4byte	.LASF66
 1361 0608 01       		.byte	0x1
 1362 0609 CC       		.byte	0xcc
 1363 060a 0F030000 		.4byte	0x30f
 1364 060e 02       		.uleb128 0x2
 1365 060f 91       		.byte	0x91
 1366 0610 74       		.sleb128 -12
 1367 0611 00       		.byte	0
 1368 0612 1A       		.uleb128 0x1a
 1369 0613 9C030000 		.4byte	.LASF70
 1370 0617 07       		.byte	0x7
 1371 0618 9806     		.2byte	0x698
 1372 061a E9000000 		.4byte	0xe9
 1373 061e 00       		.byte	0
 1374              		.section	.debug_abbrev,"",%progbits
 1375              	.Ldebug_abbrev0:
 1376 0000 01       		.uleb128 0x1
 1377 0001 11       		.uleb128 0x11
 1378 0002 01       		.byte	0x1
 1379 0003 25       		.uleb128 0x25
 1380 0004 0E       		.uleb128 0xe
 1381 0005 13       		.uleb128 0x13
 1382 0006 0B       		.uleb128 0xb
 1383 0007 03       		.uleb128 0x3
 1384 0008 0E       		.uleb128 0xe
 1385 0009 55       		.uleb128 0x55
ARM GAS  /tmp/ccKcg2Q7.s 			page 26


 1386 000a 17       		.uleb128 0x17
 1387 000b 11       		.uleb128 0x11
 1388 000c 01       		.uleb128 0x1
 1389 000d 10       		.uleb128 0x10
 1390 000e 17       		.uleb128 0x17
 1391 000f 00       		.byte	0
 1392 0010 00       		.byte	0
 1393 0011 02       		.uleb128 0x2
 1394 0012 24       		.uleb128 0x24
 1395 0013 00       		.byte	0
 1396 0014 0B       		.uleb128 0xb
 1397 0015 0B       		.uleb128 0xb
 1398 0016 3E       		.uleb128 0x3e
 1399 0017 0B       		.uleb128 0xb
 1400 0018 03       		.uleb128 0x3
 1401 0019 08       		.uleb128 0x8
 1402 001a 00       		.byte	0
 1403 001b 00       		.byte	0
 1404 001c 03       		.uleb128 0x3
 1405 001d 24       		.uleb128 0x24
 1406 001e 00       		.byte	0
 1407 001f 0B       		.uleb128 0xb
 1408 0020 0B       		.uleb128 0xb
 1409 0021 3E       		.uleb128 0x3e
 1410 0022 0B       		.uleb128 0xb
 1411 0023 03       		.uleb128 0x3
 1412 0024 0E       		.uleb128 0xe
 1413 0025 00       		.byte	0
 1414 0026 00       		.byte	0
 1415 0027 04       		.uleb128 0x4
 1416 0028 16       		.uleb128 0x16
 1417 0029 00       		.byte	0
 1418 002a 03       		.uleb128 0x3
 1419 002b 0E       		.uleb128 0xe
 1420 002c 3A       		.uleb128 0x3a
 1421 002d 0B       		.uleb128 0xb
 1422 002e 3B       		.uleb128 0x3b
 1423 002f 0B       		.uleb128 0xb
 1424 0030 49       		.uleb128 0x49
 1425 0031 13       		.uleb128 0x13
 1426 0032 00       		.byte	0
 1427 0033 00       		.byte	0
 1428 0034 05       		.uleb128 0x5
 1429 0035 35       		.uleb128 0x35
 1430 0036 00       		.byte	0
 1431 0037 49       		.uleb128 0x49
 1432 0038 13       		.uleb128 0x13
 1433 0039 00       		.byte	0
 1434 003a 00       		.byte	0
 1435 003b 06       		.uleb128 0x6
 1436 003c 01       		.uleb128 0x1
 1437 003d 01       		.byte	0x1
 1438 003e 49       		.uleb128 0x49
 1439 003f 13       		.uleb128 0x13
 1440 0040 01       		.uleb128 0x1
 1441 0041 13       		.uleb128 0x13
 1442 0042 00       		.byte	0
ARM GAS  /tmp/ccKcg2Q7.s 			page 27


 1443 0043 00       		.byte	0
 1444 0044 07       		.uleb128 0x7
 1445 0045 21       		.uleb128 0x21
 1446 0046 00       		.byte	0
 1447 0047 49       		.uleb128 0x49
 1448 0048 13       		.uleb128 0x13
 1449 0049 2F       		.uleb128 0x2f
 1450 004a 0B       		.uleb128 0xb
 1451 004b 00       		.byte	0
 1452 004c 00       		.byte	0
 1453 004d 08       		.uleb128 0x8
 1454 004e 13       		.uleb128 0x13
 1455 004f 01       		.byte	0x1
 1456 0050 0B       		.uleb128 0xb
 1457 0051 0B       		.uleb128 0xb
 1458 0052 3A       		.uleb128 0x3a
 1459 0053 0B       		.uleb128 0xb
 1460 0054 3B       		.uleb128 0x3b
 1461 0055 05       		.uleb128 0x5
 1462 0056 01       		.uleb128 0x1
 1463 0057 13       		.uleb128 0x13
 1464 0058 00       		.byte	0
 1465 0059 00       		.byte	0
 1466 005a 09       		.uleb128 0x9
 1467 005b 0D       		.uleb128 0xd
 1468 005c 00       		.byte	0
 1469 005d 03       		.uleb128 0x3
 1470 005e 08       		.uleb128 0x8
 1471 005f 3A       		.uleb128 0x3a
 1472 0060 0B       		.uleb128 0xb
 1473 0061 3B       		.uleb128 0x3b
 1474 0062 05       		.uleb128 0x5
 1475 0063 49       		.uleb128 0x49
 1476 0064 13       		.uleb128 0x13
 1477 0065 38       		.uleb128 0x38
 1478 0066 0B       		.uleb128 0xb
 1479 0067 00       		.byte	0
 1480 0068 00       		.byte	0
 1481 0069 0A       		.uleb128 0xa
 1482 006a 0D       		.uleb128 0xd
 1483 006b 00       		.byte	0
 1484 006c 03       		.uleb128 0x3
 1485 006d 0E       		.uleb128 0xe
 1486 006e 3A       		.uleb128 0x3a
 1487 006f 0B       		.uleb128 0xb
 1488 0070 3B       		.uleb128 0x3b
 1489 0071 05       		.uleb128 0x5
 1490 0072 49       		.uleb128 0x49
 1491 0073 13       		.uleb128 0x13
 1492 0074 38       		.uleb128 0x38
 1493 0075 0B       		.uleb128 0xb
 1494 0076 00       		.byte	0
 1495 0077 00       		.byte	0
 1496 0078 0B       		.uleb128 0xb
 1497 0079 16       		.uleb128 0x16
 1498 007a 00       		.byte	0
 1499 007b 03       		.uleb128 0x3
ARM GAS  /tmp/ccKcg2Q7.s 			page 28


 1500 007c 0E       		.uleb128 0xe
 1501 007d 3A       		.uleb128 0x3a
 1502 007e 0B       		.uleb128 0xb
 1503 007f 3B       		.uleb128 0x3b
 1504 0080 05       		.uleb128 0x5
 1505 0081 49       		.uleb128 0x49
 1506 0082 13       		.uleb128 0x13
 1507 0083 00       		.byte	0
 1508 0084 00       		.byte	0
 1509 0085 0C       		.uleb128 0xc
 1510 0086 0F       		.uleb128 0xf
 1511 0087 00       		.byte	0
 1512 0088 0B       		.uleb128 0xb
 1513 0089 0B       		.uleb128 0xb
 1514 008a 49       		.uleb128 0x49
 1515 008b 13       		.uleb128 0x13
 1516 008c 00       		.byte	0
 1517 008d 00       		.byte	0
 1518 008e 0D       		.uleb128 0xd
 1519 008f 04       		.uleb128 0x4
 1520 0090 01       		.byte	0x1
 1521 0091 0B       		.uleb128 0xb
 1522 0092 0B       		.uleb128 0xb
 1523 0093 3A       		.uleb128 0x3a
 1524 0094 0B       		.uleb128 0xb
 1525 0095 3B       		.uleb128 0x3b
 1526 0096 0B       		.uleb128 0xb
 1527 0097 01       		.uleb128 0x1
 1528 0098 13       		.uleb128 0x13
 1529 0099 00       		.byte	0
 1530 009a 00       		.byte	0
 1531 009b 0E       		.uleb128 0xe
 1532 009c 28       		.uleb128 0x28
 1533 009d 00       		.byte	0
 1534 009e 03       		.uleb128 0x3
 1535 009f 0E       		.uleb128 0xe
 1536 00a0 1C       		.uleb128 0x1c
 1537 00a1 0D       		.uleb128 0xd
 1538 00a2 00       		.byte	0
 1539 00a3 00       		.byte	0
 1540 00a4 0F       		.uleb128 0xf
 1541 00a5 13       		.uleb128 0x13
 1542 00a6 01       		.byte	0x1
 1543 00a7 03       		.uleb128 0x3
 1544 00a8 0E       		.uleb128 0xe
 1545 00a9 0B       		.uleb128 0xb
 1546 00aa 0B       		.uleb128 0xb
 1547 00ab 3A       		.uleb128 0x3a
 1548 00ac 0B       		.uleb128 0xb
 1549 00ad 3B       		.uleb128 0x3b
 1550 00ae 05       		.uleb128 0x5
 1551 00af 01       		.uleb128 0x1
 1552 00b0 13       		.uleb128 0x13
 1553 00b1 00       		.byte	0
 1554 00b2 00       		.byte	0
 1555 00b3 10       		.uleb128 0x10
 1556 00b4 26       		.uleb128 0x26
ARM GAS  /tmp/ccKcg2Q7.s 			page 29


 1557 00b5 00       		.byte	0
 1558 00b6 49       		.uleb128 0x49
 1559 00b7 13       		.uleb128 0x13
 1560 00b8 00       		.byte	0
 1561 00b9 00       		.byte	0
 1562 00ba 11       		.uleb128 0x11
 1563 00bb 2E       		.uleb128 0x2e
 1564 00bc 00       		.byte	0
 1565 00bd 3F       		.uleb128 0x3f
 1566 00be 19       		.uleb128 0x19
 1567 00bf 03       		.uleb128 0x3
 1568 00c0 0E       		.uleb128 0xe
 1569 00c1 3A       		.uleb128 0x3a
 1570 00c2 0B       		.uleb128 0xb
 1571 00c3 3B       		.uleb128 0x3b
 1572 00c4 0B       		.uleb128 0xb
 1573 00c5 27       		.uleb128 0x27
 1574 00c6 19       		.uleb128 0x19
 1575 00c7 11       		.uleb128 0x11
 1576 00c8 01       		.uleb128 0x1
 1577 00c9 12       		.uleb128 0x12
 1578 00ca 06       		.uleb128 0x6
 1579 00cb 40       		.uleb128 0x40
 1580 00cc 18       		.uleb128 0x18
 1581 00cd 9642     		.uleb128 0x2116
 1582 00cf 19       		.uleb128 0x19
 1583 00d0 00       		.byte	0
 1584 00d1 00       		.byte	0
 1585 00d2 12       		.uleb128 0x12
 1586 00d3 2E       		.uleb128 0x2e
 1587 00d4 01       		.byte	0x1
 1588 00d5 3F       		.uleb128 0x3f
 1589 00d6 19       		.uleb128 0x19
 1590 00d7 03       		.uleb128 0x3
 1591 00d8 0E       		.uleb128 0xe
 1592 00d9 3A       		.uleb128 0x3a
 1593 00da 0B       		.uleb128 0xb
 1594 00db 3B       		.uleb128 0x3b
 1595 00dc 0B       		.uleb128 0xb
 1596 00dd 27       		.uleb128 0x27
 1597 00de 19       		.uleb128 0x19
 1598 00df 11       		.uleb128 0x11
 1599 00e0 01       		.uleb128 0x1
 1600 00e1 12       		.uleb128 0x12
 1601 00e2 06       		.uleb128 0x6
 1602 00e3 40       		.uleb128 0x40
 1603 00e4 18       		.uleb128 0x18
 1604 00e5 9742     		.uleb128 0x2117
 1605 00e7 19       		.uleb128 0x19
 1606 00e8 01       		.uleb128 0x1
 1607 00e9 13       		.uleb128 0x13
 1608 00ea 00       		.byte	0
 1609 00eb 00       		.byte	0
 1610 00ec 13       		.uleb128 0x13
 1611 00ed 05       		.uleb128 0x5
 1612 00ee 00       		.byte	0
 1613 00ef 03       		.uleb128 0x3
ARM GAS  /tmp/ccKcg2Q7.s 			page 30


 1614 00f0 0E       		.uleb128 0xe
 1615 00f1 3A       		.uleb128 0x3a
 1616 00f2 0B       		.uleb128 0xb
 1617 00f3 3B       		.uleb128 0x3b
 1618 00f4 0B       		.uleb128 0xb
 1619 00f5 49       		.uleb128 0x49
 1620 00f6 13       		.uleb128 0x13
 1621 00f7 02       		.uleb128 0x2
 1622 00f8 18       		.uleb128 0x18
 1623 00f9 00       		.byte	0
 1624 00fa 00       		.byte	0
 1625 00fb 14       		.uleb128 0x14
 1626 00fc 2E       		.uleb128 0x2e
 1627 00fd 01       		.byte	0x1
 1628 00fe 3F       		.uleb128 0x3f
 1629 00ff 19       		.uleb128 0x19
 1630 0100 03       		.uleb128 0x3
 1631 0101 0E       		.uleb128 0xe
 1632 0102 3A       		.uleb128 0x3a
 1633 0103 0B       		.uleb128 0xb
 1634 0104 3B       		.uleb128 0x3b
 1635 0105 0B       		.uleb128 0xb
 1636 0106 27       		.uleb128 0x27
 1637 0107 19       		.uleb128 0x19
 1638 0108 11       		.uleb128 0x11
 1639 0109 01       		.uleb128 0x1
 1640 010a 12       		.uleb128 0x12
 1641 010b 06       		.uleb128 0x6
 1642 010c 40       		.uleb128 0x40
 1643 010d 18       		.uleb128 0x18
 1644 010e 9642     		.uleb128 0x2116
 1645 0110 19       		.uleb128 0x19
 1646 0111 01       		.uleb128 0x1
 1647 0112 13       		.uleb128 0x13
 1648 0113 00       		.byte	0
 1649 0114 00       		.byte	0
 1650 0115 15       		.uleb128 0x15
 1651 0116 0B       		.uleb128 0xb
 1652 0117 01       		.byte	0x1
 1653 0118 11       		.uleb128 0x11
 1654 0119 01       		.uleb128 0x1
 1655 011a 12       		.uleb128 0x12
 1656 011b 06       		.uleb128 0x6
 1657 011c 01       		.uleb128 0x1
 1658 011d 13       		.uleb128 0x13
 1659 011e 00       		.byte	0
 1660 011f 00       		.byte	0
 1661 0120 16       		.uleb128 0x16
 1662 0121 34       		.uleb128 0x34
 1663 0122 00       		.byte	0
 1664 0123 03       		.uleb128 0x3
 1665 0124 08       		.uleb128 0x8
 1666 0125 3A       		.uleb128 0x3a
 1667 0126 0B       		.uleb128 0xb
 1668 0127 3B       		.uleb128 0x3b
 1669 0128 0B       		.uleb128 0xb
 1670 0129 49       		.uleb128 0x49
ARM GAS  /tmp/ccKcg2Q7.s 			page 31


 1671 012a 13       		.uleb128 0x13
 1672 012b 02       		.uleb128 0x2
 1673 012c 18       		.uleb128 0x18
 1674 012d 00       		.byte	0
 1675 012e 00       		.byte	0
 1676 012f 17       		.uleb128 0x17
 1677 0130 0B       		.uleb128 0xb
 1678 0131 01       		.byte	0x1
 1679 0132 11       		.uleb128 0x11
 1680 0133 01       		.uleb128 0x1
 1681 0134 12       		.uleb128 0x12
 1682 0135 06       		.uleb128 0x6
 1683 0136 00       		.byte	0
 1684 0137 00       		.byte	0
 1685 0138 18       		.uleb128 0x18
 1686 0139 2E       		.uleb128 0x2e
 1687 013a 01       		.byte	0x1
 1688 013b 3F       		.uleb128 0x3f
 1689 013c 19       		.uleb128 0x19
 1690 013d 03       		.uleb128 0x3
 1691 013e 0E       		.uleb128 0xe
 1692 013f 3A       		.uleb128 0x3a
 1693 0140 0B       		.uleb128 0xb
 1694 0141 3B       		.uleb128 0x3b
 1695 0142 0B       		.uleb128 0xb
 1696 0143 27       		.uleb128 0x27
 1697 0144 19       		.uleb128 0x19
 1698 0145 49       		.uleb128 0x49
 1699 0146 13       		.uleb128 0x13
 1700 0147 11       		.uleb128 0x11
 1701 0148 01       		.uleb128 0x1
 1702 0149 12       		.uleb128 0x12
 1703 014a 06       		.uleb128 0x6
 1704 014b 40       		.uleb128 0x40
 1705 014c 18       		.uleb128 0x18
 1706 014d 9642     		.uleb128 0x2116
 1707 014f 19       		.uleb128 0x19
 1708 0150 01       		.uleb128 0x1
 1709 0151 13       		.uleb128 0x13
 1710 0152 00       		.byte	0
 1711 0153 00       		.byte	0
 1712 0154 19       		.uleb128 0x19
 1713 0155 34       		.uleb128 0x34
 1714 0156 00       		.byte	0
 1715 0157 03       		.uleb128 0x3
 1716 0158 0E       		.uleb128 0xe
 1717 0159 3A       		.uleb128 0x3a
 1718 015a 0B       		.uleb128 0xb
 1719 015b 3B       		.uleb128 0x3b
 1720 015c 0B       		.uleb128 0xb
 1721 015d 49       		.uleb128 0x49
 1722 015e 13       		.uleb128 0x13
 1723 015f 02       		.uleb128 0x2
 1724 0160 18       		.uleb128 0x18
 1725 0161 00       		.byte	0
 1726 0162 00       		.byte	0
 1727 0163 1A       		.uleb128 0x1a
ARM GAS  /tmp/ccKcg2Q7.s 			page 32


 1728 0164 34       		.uleb128 0x34
 1729 0165 00       		.byte	0
 1730 0166 03       		.uleb128 0x3
 1731 0167 0E       		.uleb128 0xe
 1732 0168 3A       		.uleb128 0x3a
 1733 0169 0B       		.uleb128 0xb
 1734 016a 3B       		.uleb128 0x3b
 1735 016b 05       		.uleb128 0x5
 1736 016c 49       		.uleb128 0x49
 1737 016d 13       		.uleb128 0x13
 1738 016e 3F       		.uleb128 0x3f
 1739 016f 19       		.uleb128 0x19
 1740 0170 3C       		.uleb128 0x3c
 1741 0171 19       		.uleb128 0x19
 1742 0172 00       		.byte	0
 1743 0173 00       		.byte	0
 1744 0174 00       		.byte	0
 1745              		.section	.debug_aranges,"",%progbits
 1746 0000 5C000000 		.4byte	0x5c
 1747 0004 0200     		.2byte	0x2
 1748 0006 00000000 		.4byte	.Ldebug_info0
 1749 000a 04       		.byte	0x4
 1750 000b 00       		.byte	0
 1751 000c 0000     		.2byte	0
 1752 000e 0000     		.2byte	0
 1753 0010 00000000 		.4byte	.LFB118
 1754 0014 08000000 		.4byte	.LFE118-.LFB118
 1755 0018 00000000 		.4byte	.LFB119
 1756 001c 1A000000 		.4byte	.LFE119-.LFB119
 1757 0020 00000000 		.4byte	.LFB120
 1758 0024 64000000 		.4byte	.LFE120-.LFB120
 1759 0028 00000000 		.4byte	.LFB121
 1760 002c 58000000 		.4byte	.LFE121-.LFB121
 1761 0030 00000000 		.4byte	.LFB122
 1762 0034 50000000 		.4byte	.LFE122-.LFB122
 1763 0038 00000000 		.4byte	.LFB123
 1764 003c 58000000 		.4byte	.LFE123-.LFB123
 1765 0040 00000000 		.4byte	.LFB124
 1766 0044 30000000 		.4byte	.LFE124-.LFB124
 1767 0048 00000000 		.4byte	.LFB125
 1768 004c 34000000 		.4byte	.LFE125-.LFB125
 1769 0050 00000000 		.4byte	.LFB126
 1770 0054 64000000 		.4byte	.LFE126-.LFB126
 1771 0058 00000000 		.4byte	0
 1772 005c 00000000 		.4byte	0
 1773              		.section	.debug_ranges,"",%progbits
 1774              	.Ldebug_ranges0:
 1775 0000 00000000 		.4byte	.LFB118
 1776 0004 08000000 		.4byte	.LFE118
 1777 0008 00000000 		.4byte	.LFB119
 1778 000c 1A000000 		.4byte	.LFE119
 1779 0010 00000000 		.4byte	.LFB120
 1780 0014 64000000 		.4byte	.LFE120
 1781 0018 00000000 		.4byte	.LFB121
 1782 001c 58000000 		.4byte	.LFE121
 1783 0020 00000000 		.4byte	.LFB122
 1784 0024 50000000 		.4byte	.LFE122
ARM GAS  /tmp/ccKcg2Q7.s 			page 33


 1785 0028 00000000 		.4byte	.LFB123
 1786 002c 58000000 		.4byte	.LFE123
 1787 0030 00000000 		.4byte	.LFB124
 1788 0034 30000000 		.4byte	.LFE124
 1789 0038 00000000 		.4byte	.LFB125
 1790 003c 34000000 		.4byte	.LFE125
 1791 0040 00000000 		.4byte	.LFB126
 1792 0044 64000000 		.4byte	.LFE126
 1793 0048 00000000 		.4byte	0
 1794 004c 00000000 		.4byte	0
 1795              		.section	.debug_line,"",%progbits
 1796              	.Ldebug_line0:
 1797 0000 5C020000 		.section	.debug_str,"MS",%progbits,1
 1797      02004701 
 1797      00000201 
 1797      FB0E0D00 
 1797      01010101 
 1798              	.LASF24:
 1799 0000 43434552 		.ascii	"CCER\000"
 1799      00
 1800              	.LASF67:
 1801 0005 474E5520 		.ascii	"GNU C 4.8.4 20141219 (release) -mcpu=cortex-m4 -mfl"
 1801      4320342E 
 1801      382E3420 
 1801      32303134 
 1801      31323139 
 1802 0038 6F61742D 		.ascii	"oat-abi=hard -mfpu=fpv4-sp-d16 -mno-thumb-interwork"
 1802      6162693D 
 1802      68617264 
 1802      202D6D66 
 1802      70753D66 
 1803 006b 202D6D74 		.ascii	" -mthumb -ggdb -O0 -fomit-frame-pointer -falign-fun"
 1803      68756D62 
 1803      202D6767 
 1803      6462202D 
 1803      4F30202D 
 1804 009e 6374696F 		.ascii	"ctions=16 -ffunction-sections -fdata-sections -fno-"
 1804      6E733D31 
 1804      36202D66 
 1804      66756E63 
 1804      74696F6E 
 1805 00d1 636F6D6D 		.ascii	"common -fsingle-precision-constant\000"
 1805      6F6E202D 
 1805      6673696E 
 1805      676C652D 
 1805      70726563 
 1806              	.LASF26:
 1807 00f4 444D4152 		.ascii	"DMAR\000"
 1807      00
 1808              	.LASF64:
 1809 00f9 64696666 		.ascii	"diff\000"
 1809      00
 1810              	.LASF37:
 1811 00fe 73746174 		.ascii	"state\000"
 1811      6500
 1812              	.LASF23:
 1813 0104 43434D52 		.ascii	"CCMR2\000"
ARM GAS  /tmp/ccKcg2Q7.s 			page 34


 1813      3200
 1814              	.LASF27:
 1815 010a 43434D52 		.ascii	"CCMR3\000"
 1815      3300
 1816              	.LASF3:
 1817 0110 73686F72 		.ascii	"short int\000"
 1817      7420696E 
 1817      7400
 1818              	.LASF20:
 1819 011a 534D4352 		.ascii	"SMCR\000"
 1819      00
 1820              	.LASF63:
 1821 011f 71656955 		.ascii	"qeiUpdate\000"
 1821      70646174 
 1821      6500
 1822              	.LASF18:
 1823 0129 73697A65 		.ascii	"sizetype\000"
 1823      74797065 
 1823      00
 1824              	.LASF49:
 1825 0132 71656964 		.ascii	"qeidirinv_t\000"
 1825      6972696E 
 1825      765F7400 
 1826              	.LASF69:
 1827 013e 71656949 		.ascii	"qeiInit\000"
 1827      6E697400 
 1828              	.LASF35:
 1829 0146 71656973 		.ascii	"qeistate_t\000"
 1829      74617465 
 1829      5F7400
 1830              	.LASF9:
 1831 0151 5F5F7569 		.ascii	"__uint32_t\000"
 1831      6E743332 
 1831      5F7400
 1832              	.LASF52:
 1833 015c 6D6F6465 		.ascii	"mode\000"
 1833      00
 1834              	.LASF5:
 1835 0161 5F5F7569 		.ascii	"__uint16_t\000"
 1835      6E743136 
 1835      5F7400
 1836              	.LASF39:
 1837 016c 636F6E66 		.ascii	"config\000"
 1837      696700
 1838              	.LASF66:
 1839 0173 64656C74 		.ascii	"delta\000"
 1839      6100
 1840              	.LASF56:
 1841 0179 7165694F 		.ascii	"qeiObjectInit\000"
 1841      626A6563 
 1841      74496E69 
 1841      7400
 1842              	.LASF33:
 1843 0187 5145495F 		.ascii	"QEI_READY\000"
 1843      52454144 
 1843      5900
 1844              	.LASF11:
ARM GAS  /tmp/ccKcg2Q7.s 			page 35


 1845 0191 6C6F6E67 		.ascii	"long long int\000"
 1845      206C6F6E 
 1845      6720696E 
 1845      7400
 1846              	.LASF36:
 1847 019f 51454944 		.ascii	"QEIDriver\000"
 1847      72697665 
 1847      7200
 1848              	.LASF31:
 1849 01a9 5145495F 		.ascii	"QEI_UNINIT\000"
 1849      554E494E 
 1849      495400
 1850              	.LASF8:
 1851 01b4 6C6F6E67 		.ascii	"long int\000"
 1851      20696E74 
 1851      00
 1852              	.LASF28:
 1853 01bd 43435235 		.ascii	"CCR5\000"
 1853      00
 1854              	.LASF29:
 1855 01c2 43435236 		.ascii	"CCR6\000"
 1855      00
 1856              	.LASF47:
 1857 01c7 5145495F 		.ascii	"QEI_DIRINV_FALSE\000"
 1857      44495249 
 1857      4E565F46 
 1857      414C5345 
 1857      00
 1858              	.LASF22:
 1859 01d8 43434D52 		.ascii	"CCMR1\000"
 1859      3100
 1860              	.LASF51:
 1861 01de 71656964 		.ascii	"qeidelta_t\000"
 1861      656C7461 
 1861      5F7400
 1862              	.LASF44:
 1863 01e9 5145495F 		.ascii	"QEI_SINGLE_EDGE\000"
 1863      53494E47 
 1863      4C455F45 
 1863      44474500 
 1864              	.LASF55:
 1865 01f9 51454943 		.ascii	"QEIConfig\000"
 1865      6F6E6669 
 1865      6700
 1866              	.LASF32:
 1867 0203 5145495F 		.ascii	"QEI_STOP\000"
 1867      53544F50 
 1867      00
 1868              	.LASF34:
 1869 020c 5145495F 		.ascii	"QEI_ACTIVE\000"
 1869      41435449 
 1869      564500
 1870              	.LASF2:
 1871 0217 756E7369 		.ascii	"unsigned char\000"
 1871      676E6564 
 1871      20636861 
 1871      7200
ARM GAS  /tmp/ccKcg2Q7.s 			page 36


 1872              	.LASF1:
 1873 0225 7369676E 		.ascii	"signed char\000"
 1873      65642063 
 1873      68617200 
 1874              	.LASF62:
 1875 0231 71656947 		.ascii	"qeiGetCount\000"
 1875      6574436F 
 1875      756E7400 
 1876              	.LASF12:
 1877 023d 6C6F6E67 		.ascii	"long long unsigned int\000"
 1877      206C6F6E 
 1877      6720756E 
 1877      7369676E 
 1877      65642069 
 1878              	.LASF45:
 1879 0254 5145495F 		.ascii	"QEI_BOTH_EDGES\000"
 1879      424F5448 
 1879      5F454447 
 1879      455300
 1880              	.LASF16:
 1881 0263 75696E74 		.ascii	"uint32_t\000"
 1881      33325F74 
 1881      00
 1882              	.LASF0:
 1883 026c 756E7369 		.ascii	"unsigned int\000"
 1883      676E6564 
 1883      20696E74 
 1883      00
 1884              	.LASF14:
 1885 0279 75696E74 		.ascii	"uint16_t\000"
 1885      31365F74 
 1885      00
 1886              	.LASF42:
 1887 0282 5145495F 		.ascii	"QEI_MODE_DIRCLOCK2\000"
 1887      4D4F4445 
 1887      5F444952 
 1887      434C4F43 
 1887      4B3200
 1888              	.LASF21:
 1889 0295 44494552 		.ascii	"DIER\000"
 1889      00
 1890              	.LASF6:
 1891 029a 73686F72 		.ascii	"short unsigned int\000"
 1891      7420756E 
 1891      7369676E 
 1891      65642069 
 1891      6E7400
 1892              	.LASF59:
 1893 02ad 71656953 		.ascii	"qeiStop\000"
 1893      746F7000 
 1894              	.LASF19:
 1895 02b5 63686172 		.ascii	"char\000"
 1895      00
 1896              	.LASF30:
 1897 02ba 73746D33 		.ascii	"stm32_tim_t\000"
 1897      325F7469 
 1897      6D5F7400 
ARM GAS  /tmp/ccKcg2Q7.s 			page 37


 1898              	.LASF25:
 1899 02c6 42445452 		.ascii	"BDTR\000"
 1899      00
 1900              	.LASF15:
 1901 02cb 696E7433 		.ascii	"int32_t\000"
 1901      325F7400 
 1902              	.LASF53:
 1903 02d3 7265736F 		.ascii	"resolution\000"
 1903      6C757469 
 1903      6F6E00
 1904              	.LASF54:
 1905 02de 64697269 		.ascii	"dirinv\000"
 1905      6E7600
 1906              	.LASF17:
 1907 02e5 5F426F6F 		.ascii	"_Bool\000"
 1907      6C00
 1908              	.LASF48:
 1909 02eb 5145495F 		.ascii	"QEI_DIRINV_TRUE\000"
 1909      44495249 
 1909      4E565F54 
 1909      52554500 
 1910              	.LASF46:
 1911 02fb 71656972 		.ascii	"qeiresolution_t\000"
 1911      65736F6C 
 1911      7574696F 
 1911      6E5F7400 
 1912              	.LASF40:
 1913 030b 5145495F 		.ascii	"QEI_MODE_QUADRATURE\000"
 1913      4D4F4445 
 1913      5F515541 
 1913      44524154 
 1913      55524500 
 1914              	.LASF50:
 1915 031f 71656963 		.ascii	"qeicnt_t\000"
 1915      6E745F74 
 1915      00
 1916              	.LASF65:
 1917 0328 71656955 		.ascii	"qeiUpdateI\000"
 1917      70646174 
 1917      654900
 1918              	.LASF58:
 1919 0333 71656970 		.ascii	"qeip\000"
 1919      00
 1920              	.LASF10:
 1921 0338 6C6F6E67 		.ascii	"long unsigned int\000"
 1921      20756E73 
 1921      69676E65 
 1921      6420696E 
 1921      7400
 1922              	.LASF7:
 1923 034a 5F5F696E 		.ascii	"__int32_t\000"
 1923      7433325F 
 1923      7400
 1924              	.LASF4:
 1925 0354 5F5F696E 		.ascii	"__int16_t\000"
 1925      7431365F 
 1925      7400
ARM GAS  /tmp/ccKcg2Q7.s 			page 38


 1926              	.LASF61:
 1927 035e 71656944 		.ascii	"qeiDisable\000"
 1927      69736162 
 1927      6C6500
 1928              	.LASF43:
 1929 0369 7165696D 		.ascii	"qeimode_t\000"
 1929      6F64655F 
 1929      7400
 1930              	.LASF13:
 1931 0373 696E7431 		.ascii	"int16_t\000"
 1931      365F7400 
 1932              	.LASF38:
 1933 037b 6C617374 		.ascii	"last\000"
 1933      00
 1934              	.LASF41:
 1935 0380 5145495F 		.ascii	"QEI_MODE_DIRCLOCK1\000"
 1935      4D4F4445 
 1935      5F444952 
 1935      434C4F43 
 1935      4B3100
 1936              	.LASF57:
 1937 0393 71656953 		.ascii	"qeiStart\000"
 1937      74617274 
 1937      00
 1938              	.LASF70:
 1939 039c 49544D5F 		.ascii	"ITM_RxBuffer\000"
 1939      52784275 
 1939      66666572 
 1939      00
 1940              	.LASF68:
 1941 03a9 2F686F6D 		.ascii	"/home/dave/r2p-sdk/modules/uDC_module/qei.c\000"
 1941      652F6461 
 1941      76652F72 
 1941      32702D73 
 1941      646B2F6D 
 1942              	.LASF60:
 1943 03d5 71656945 		.ascii	"qeiEnable\000"
 1943      6E61626C 
 1943      6500
 1944              		.ident	"GCC: (4.8.4-1+11-1) 4.8.4 20141219 (release)"
ARM GAS  /tmp/ccKcg2Q7.s 			page 39


DEFINED SYMBOLS
                            *ABS*:0000000000000000 qei.c
     /tmp/ccKcg2Q7.s:21     .text.qeiInit:0000000000000000 $t
     /tmp/ccKcg2Q7.s:27     .text.qeiInit:0000000000000000 qeiInit
     /tmp/ccKcg2Q7.s:46     .text.qeiObjectInit:0000000000000000 $t
     /tmp/ccKcg2Q7.s:52     .text.qeiObjectInit:0000000000000000 qeiObjectInit
     /tmp/ccKcg2Q7.s:82     .rodata:0000000000000000 $d
     /tmp/ccKcg2Q7.s:89     .text.qeiStart:0000000000000000 $t
     /tmp/ccKcg2Q7.s:95     .text.qeiStart:0000000000000000 qeiStart
     /tmp/ccKcg2Q7.s:170    .text.qeiStart:000000000000005c $d
     /tmp/ccKcg2Q7.s:183    .text.qeiStop:0000000000000000 $t
     /tmp/ccKcg2Q7.s:189    .text.qeiStop:0000000000000000 qeiStop
     /tmp/ccKcg2Q7.s:254    .text.qeiStop:0000000000000050 $d
     /tmp/ccKcg2Q7.s:267    .text.qeiEnable:0000000000000000 $t
     /tmp/ccKcg2Q7.s:273    .text.qeiEnable:0000000000000000 qeiEnable
     /tmp/ccKcg2Q7.s:334    .text.qeiEnable:0000000000000048 $d
     /tmp/ccKcg2Q7.s:347    .text.qeiDisable:0000000000000000 $t
     /tmp/ccKcg2Q7.s:353    .text.qeiDisable:0000000000000000 qeiDisable
     /tmp/ccKcg2Q7.s:418    .text.qeiDisable:0000000000000050 $d
     /tmp/ccKcg2Q7.s:424    .text.qeiGetCount:0000000000000000 $t
     /tmp/ccKcg2Q7.s:430    .text.qeiGetCount:0000000000000000 qeiGetCount
     /tmp/ccKcg2Q7.s:476    .text.qeiUpdate:0000000000000000 $t
     /tmp/ccKcg2Q7.s:482    .text.qeiUpdate:0000000000000000 qeiUpdate
     /tmp/ccKcg2Q7.s:542    .text.qeiUpdateI:0000000000000000 qeiUpdateI
     /tmp/ccKcg2Q7.s:536    .text.qeiUpdateI:0000000000000000 $t
     /tmp/ccKcg2Q7.s:604    .text.qeiUpdateI:000000000000005c $d
                     .debug_frame:0000000000000010 $d
     /tmp/ccKcg2Q7.s:175    .text.qeiStart:0000000000000064 $t
     /tmp/ccKcg2Q7.s:259    .text.qeiStop:0000000000000058 $t
     /tmp/ccKcg2Q7.s:423    .text.qeiDisable:0000000000000058 $t
     /tmp/ccKcg2Q7.s:609    .text.qeiUpdateI:0000000000000064 $t

UNDEFINED SYMBOLS
qei_lld_init
chDbgPanic
dbg_check_lock
qei_lld_start
dbg_check_unlock
qei_lld_stop
qei_lld_enable
qei_lld_disable
chDbgCheckClassI
