ARM GAS  /tmp/ccTFbBpd.s 			page 1


   1              		.syntax unified
   2              		.cpu cortex-m4
   3              		.eabi_attribute 27, 3
   4              		.eabi_attribute 28, 1
   5              		.fpu fpv4-sp-d16
   6              		.eabi_attribute 20, 1
   7              		.eabi_attribute 21, 1
   8              		.eabi_attribute 23, 3
   9              		.eabi_attribute 24, 1
  10              		.eabi_attribute 25, 1
  11              		.eabi_attribute 26, 1
  12              		.eabi_attribute 30, 6
  13              		.eabi_attribute 34, 1
  14              		.eabi_attribute 18, 4
  15              		.thumb
  16              		.file	"qei_lld.c"
  17              		.text
  18              	.Ltext0:
  19              		.cfi_sections	.debug_frame
  20              		.global	QEID4
  21              		.section	.bss.QEID4,"aw",%nobits
  22              		.align	2
  23              		.type	QEID4, %object
  24              		.size	QEID4, 12
  25              	QEID4:
  26 0000 00000000 		.space	12
  26      00000000 
  26      00000000 
  27              		.section	.text.qei_lld_init,"ax",%progbits
  28              		.align	2
  29              		.p2align 4,,15
  30              		.global	qei_lld_init
  31              		.thumb
  32              		.thumb_func
  33              		.type	qei_lld_init, %function
  34              	qei_lld_init:
  35              	.LFB118:
  36              		.file 1 "/home/dave/r2p-sdk/modules/uDC_module/qei_lld.c"
  37              		.loc 1 116 0
  38              		.cfi_startproc
  39              		@ args = 0, pretend = 0, frame = 0
  40              		@ frame_needed = 0, uses_anonymous_args = 0
  41 0000 08B5     		push	{r3, lr}
  42              		.cfi_def_cfa_offset 8
  43              		.cfi_offset 3, -8
  44              		.cfi_offset 14, -4
  45              		.loc 1 138 0
  46 0002 0348     		ldr	r0, .L2
  47 0004 FFF7FEFF 		bl	qeiObjectInit
  48              		.loc 1 139 0
  49 0008 014B     		ldr	r3, .L2
  50 000a 024A     		ldr	r2, .L2+4
  51 000c 9A60     		str	r2, [r3, #8]
  52              		.loc 1 159 0
  53 000e 08BD     		pop	{r3, pc}
  54              	.L3:
  55              		.align	2
ARM GAS  /tmp/ccTFbBpd.s 			page 2


  56              	.L2:
  57 0010 00000000 		.word	QEID4
  58 0014 00080040 		.word	1073743872
  59              		.cfi_endproc
  60              	.LFE118:
  61              		.size	qei_lld_init, .-qei_lld_init
  62 0018 AFF30080 		.section	.text.qei_lld_start,"ax",%progbits
  62      AFF30080 
  63              		.align	2
  64              		.p2align 4,,15
  65              		.global	qei_lld_start
  66              		.thumb
  67              		.thumb_func
  68              		.type	qei_lld_start, %function
  69              	qei_lld_start:
  70              	.LFB119:
  71              		.loc 1 168 0
  72              		.cfi_startproc
  73              		@ args = 0, pretend = 0, frame = 8
  74              		@ frame_needed = 0, uses_anonymous_args = 0
  75              		@ link register save eliminated.
  76 0000 82B0     		sub	sp, sp, #8
  77              		.cfi_def_cfa_offset 8
  78 0002 0190     		str	r0, [sp, #4]
  79              		.loc 1 170 0
  80 0004 019B     		ldr	r3, [sp, #4]
  81 0006 1B78     		ldrb	r3, [r3]	@ zero_extendqisi2
  82 0008 012B     		cmp	r3, #1
  83 000a 12D1     		bne	.L5
  84              		.loc 1 191 0
  85 000c 019A     		ldr	r2, [sp, #4]
  86 000e 324B     		ldr	r3, .L15
  87 0010 9A42     		cmp	r2, r3
  88 0012 0ED1     		bne	.L5
  89              		.loc 1 192 0
  90 0014 314B     		ldr	r3, .L15+4
  91 0016 314A     		ldr	r2, .L15+4
  92 0018 D269     		ldr	r2, [r2, #28]
  93 001a 42F00402 		orr	r2, r2, #4
  94 001e DA61     		str	r2, [r3, #28]
  95              		.loc 1 193 0
  96 0020 2E4B     		ldr	r3, .L15+4
  97 0022 2E4A     		ldr	r2, .L15+4
  98 0024 1269     		ldr	r2, [r2, #16]
  99 0026 42F00402 		orr	r2, r2, #4
 100 002a 1A61     		str	r2, [r3, #16]
 101 002c 2B4B     		ldr	r3, .L15+4
 102 002e 0022     		movs	r2, #0
 103 0030 1A61     		str	r2, [r3, #16]
 104              	.L5:
 105              		.loc 1 217 0
 106 0032 019B     		ldr	r3, [sp, #4]
 107 0034 9B68     		ldr	r3, [r3, #8]
 108 0036 0022     		movs	r2, #0
 109 0038 1A60     		str	r2, [r3]
 110              		.loc 1 218 0
 111 003a 019B     		ldr	r3, [sp, #4]
ARM GAS  /tmp/ccTFbBpd.s 			page 3


 112 003c 9B68     		ldr	r3, [r3, #8]
 113 003e 0022     		movs	r2, #0
 114 0040 5A60     		str	r2, [r3, #4]
 115              		.loc 1 219 0
 116 0042 019B     		ldr	r3, [sp, #4]
 117 0044 9B68     		ldr	r3, [r3, #8]
 118 0046 0022     		movs	r2, #0
 119 0048 9A62     		str	r2, [r3, #40]
 120              		.loc 1 220 0
 121 004a 019B     		ldr	r3, [sp, #4]
 122 004c 9B68     		ldr	r3, [r3, #8]
 123 004e 0022     		movs	r2, #0
 124 0050 DA60     		str	r2, [r3, #12]
 125              		.loc 1 221 0
 126 0052 019B     		ldr	r3, [sp, #4]
 127 0054 9B68     		ldr	r3, [r3, #8]
 128 0056 4FF6FF72 		movw	r2, #65535
 129 005a DA62     		str	r2, [r3, #44]
 130              		.loc 1 224 0
 131 005c 019B     		ldr	r3, [sp, #4]
 132 005e 9A68     		ldr	r2, [r3, #8]
 133 0060 019B     		ldr	r3, [sp, #4]
 134 0062 9B68     		ldr	r3, [r3, #8]
 135 0064 9B69     		ldr	r3, [r3, #24]
 136 0066 43F48073 		orr	r3, r3, #256
 137 006a 43F00103 		orr	r3, r3, #1
 138 006e 9361     		str	r3, [r2, #24]
 139              		.loc 1 226 0
 140 0070 019B     		ldr	r3, [sp, #4]
 141 0072 5B68     		ldr	r3, [r3, #4]
 142 0074 1B78     		ldrb	r3, [r3]	@ zero_extendqisi2
 143 0076 012B     		cmp	r3, #1
 144 0078 13D0     		beq	.L7
 145 007a 022B     		cmp	r3, #2
 146 007c 16D0     		beq	.L8
 147 007e 002B     		cmp	r3, #0
 148 0080 00D0     		beq	.L9
 149              		.loc 1 246 0
 150 0082 18E0     		b	.L12
 151              	.L9:
 152              		.loc 1 228 0
 153 0084 019B     		ldr	r3, [sp, #4]
 154 0086 5B68     		ldr	r3, [r3, #4]
 155 0088 5B78     		ldrb	r3, [r3, #1]	@ zero_extendqisi2
 156 008a 012B     		cmp	r3, #1
 157 008c 04D1     		bne	.L10
 158              		.loc 1 229 0
 159 008e 019B     		ldr	r3, [sp, #4]
 160 0090 9B68     		ldr	r3, [r3, #8]
 161 0092 0322     		movs	r2, #3
 162 0094 9A60     		str	r2, [r3, #8]
 163              		.loc 1 232 0
 164 0096 0EE0     		b	.L12
 165              	.L10:
 166              		.loc 1 231 0
 167 0098 019B     		ldr	r3, [sp, #4]
 168 009a 9B68     		ldr	r3, [r3, #8]
ARM GAS  /tmp/ccTFbBpd.s 			page 4


 169 009c 0122     		movs	r2, #1
 170 009e 9A60     		str	r2, [r3, #8]
 171              		.loc 1 232 0
 172 00a0 09E0     		b	.L12
 173              	.L7:
 174              		.loc 1 236 0
 175 00a2 019B     		ldr	r3, [sp, #4]
 176 00a4 9B68     		ldr	r3, [r3, #8]
 177 00a6 0122     		movs	r2, #1
 178 00a8 9A60     		str	r2, [r3, #8]
 179              		.loc 1 237 0
 180 00aa 04E0     		b	.L12
 181              	.L8:
 182              		.loc 1 241 0
 183 00ac 019B     		ldr	r3, [sp, #4]
 184 00ae 9B68     		ldr	r3, [r3, #8]
 185 00b0 0222     		movs	r2, #2
 186 00b2 9A60     		str	r2, [r3, #8]
 187              		.loc 1 242 0
 188 00b4 00BF     		nop
 189              	.L12:
 190              		.loc 1 249 0
 191 00b6 019B     		ldr	r3, [sp, #4]
 192 00b8 5B68     		ldr	r3, [r3, #4]
 193 00ba 9B78     		ldrb	r3, [r3, #2]	@ zero_extendqisi2
 194 00bc 012B     		cmp	r3, #1
 195 00be 04D1     		bne	.L13
 196              		.loc 1 250 0
 197 00c0 019B     		ldr	r3, [sp, #4]
 198 00c2 9B68     		ldr	r3, [r3, #8]
 199 00c4 1322     		movs	r2, #19
 200 00c6 1A62     		str	r2, [r3, #32]
 201 00c8 03E0     		b	.L4
 202              	.L13:
 203              		.loc 1 252 0
 204 00ca 019B     		ldr	r3, [sp, #4]
 205 00cc 9B68     		ldr	r3, [r3, #8]
 206 00ce 1122     		movs	r2, #17
 207 00d0 1A62     		str	r2, [r3, #32]
 208              	.L4:
 209              		.loc 1 253 0
 210 00d2 02B0     		add	sp, sp, #8
 211              		@ sp needed
 212 00d4 7047     		bx	lr
 213              	.L16:
 214 00d6 00BF     		.align	2
 215              	.L15:
 216 00d8 00000000 		.word	QEID4
 217 00dc 00100240 		.word	1073876992
 218              		.cfi_endproc
 219              	.LFE119:
 220              		.size	qei_lld_start, .-qei_lld_start
 221              		.section	.text.qei_lld_stop,"ax",%progbits
 222              		.align	2
 223              		.p2align 4,,15
 224              		.global	qei_lld_stop
 225              		.thumb
ARM GAS  /tmp/ccTFbBpd.s 			page 5


 226              		.thumb_func
 227              		.type	qei_lld_stop, %function
 228              	qei_lld_stop:
 229              	.LFB120:
 230              		.loc 1 262 0
 231              		.cfi_startproc
 232              		@ args = 0, pretend = 0, frame = 8
 233              		@ frame_needed = 0, uses_anonymous_args = 0
 234              		@ link register save eliminated.
 235 0000 82B0     		sub	sp, sp, #8
 236              		.cfi_def_cfa_offset 8
 237 0002 0190     		str	r0, [sp, #4]
 238              		.loc 1 264 0
 239 0004 019B     		ldr	r3, [sp, #4]
 240 0006 1B78     		ldrb	r3, [r3]	@ zero_extendqisi2
 241 0008 022B     		cmp	r3, #2
 242 000a 0DD1     		bne	.L17
 243              		.loc 1 265 0
 244 000c 019B     		ldr	r3, [sp, #4]
 245 000e 9B68     		ldr	r3, [r3, #8]
 246 0010 0022     		movs	r2, #0
 247 0012 1A60     		str	r2, [r3]
 248              		.loc 1 284 0
 249 0014 019A     		ldr	r2, [sp, #4]
 250 0016 054B     		ldr	r3, .L19
 251 0018 9A42     		cmp	r2, r3
 252 001a 05D1     		bne	.L17
 253              		.loc 1 285 0
 254 001c 044B     		ldr	r3, .L19+4
 255 001e 044A     		ldr	r2, .L19+4
 256 0020 D269     		ldr	r2, [r2, #28]
 257 0022 22F00402 		bic	r2, r2, #4
 258 0026 DA61     		str	r2, [r3, #28]
 259              	.L17:
 260              		.loc 1 304 0
 261 0028 02B0     		add	sp, sp, #8
 262              		@ sp needed
 263 002a 7047     		bx	lr
 264              	.L20:
 265              		.align	2
 266              	.L19:
 267 002c 00000000 		.word	QEID4
 268 0030 00100240 		.word	1073876992
 269              		.cfi_endproc
 270              	.LFE120:
 271              		.size	qei_lld_stop, .-qei_lld_stop
 272 0034 AFF30080 		.section	.text.qei_lld_enable,"ax",%progbits
 272      AFF30080 
 272      AFF30080 
 273              		.align	2
 274              		.p2align 4,,15
 275              		.global	qei_lld_enable
 276              		.thumb
 277              		.thumb_func
 278              		.type	qei_lld_enable, %function
 279              	qei_lld_enable:
 280              	.LFB121:
ARM GAS  /tmp/ccTFbBpd.s 			page 6


 281              		.loc 1 313 0
 282              		.cfi_startproc
 283              		@ args = 0, pretend = 0, frame = 8
 284              		@ frame_needed = 0, uses_anonymous_args = 0
 285              		@ link register save eliminated.
 286 0000 82B0     		sub	sp, sp, #8
 287              		.cfi_def_cfa_offset 8
 288 0002 0190     		str	r0, [sp, #4]
 289              		.loc 1 315 0
 290 0004 019B     		ldr	r3, [sp, #4]
 291 0006 9B68     		ldr	r3, [r3, #8]
 292 0008 0122     		movs	r2, #1
 293 000a 1A60     		str	r2, [r3]
 294              		.loc 1 316 0
 295 000c 02B0     		add	sp, sp, #8
 296              		@ sp needed
 297 000e 7047     		bx	lr
 298              		.cfi_endproc
 299              	.LFE121:
 300              		.size	qei_lld_enable, .-qei_lld_enable
 301              		.section	.text.qei_lld_disable,"ax",%progbits
 302              		.align	2
 303              		.p2align 4,,15
 304              		.global	qei_lld_disable
 305              		.thumb
 306              		.thumb_func
 307              		.type	qei_lld_disable, %function
 308              	qei_lld_disable:
 309              	.LFB122:
 310              		.loc 1 325 0
 311              		.cfi_startproc
 312              		@ args = 0, pretend = 0, frame = 8
 313              		@ frame_needed = 0, uses_anonymous_args = 0
 314              		@ link register save eliminated.
 315 0000 82B0     		sub	sp, sp, #8
 316              		.cfi_def_cfa_offset 8
 317 0002 0190     		str	r0, [sp, #4]
 318              		.loc 1 327 0
 319 0004 019B     		ldr	r3, [sp, #4]
 320 0006 9B68     		ldr	r3, [r3, #8]
 321 0008 0022     		movs	r2, #0
 322 000a 1A60     		str	r2, [r3]
 323              		.loc 1 328 0
 324 000c 02B0     		add	sp, sp, #8
 325              		@ sp needed
 326 000e 7047     		bx	lr
 327              		.cfi_endproc
 328              	.LFE122:
 329              		.size	qei_lld_disable, .-qei_lld_disable
 330              		.text
 331              	.Letext0:
 332              		.file 2 "/usr/include/newlib/machine/_default_types.h"
 333              		.file 3 "/usr/include/newlib/stdint.h"
 334              		.file 4 "/home/dave/r2p-sdk/core/ChibiOS/os/hal/platforms/STM32F30x/stm32f30x.h"
 335              		.file 5 "/home/dave/r2p-sdk/core/ChibiOS/os/hal/platforms/STM32/TIMv1/stm32_tim.h"
 336              		.file 6 "/home/dave/r2p-sdk/modules/uDC_module/qei.h"
 337              		.file 7 "/home/dave/r2p-sdk/modules/uDC_module/qei_lld.h"
ARM GAS  /tmp/ccTFbBpd.s 			page 7


 338              		.file 8 "/home/dave/r2p-sdk/core/ChibiOS/os/ports/common/ARMCMx/CMSIS/include/core_cm4.h"
 339              		.section	.debug_info,"",%progbits
 340              	.Ldebug_info0:
 341 0000 C0040000 		.4byte	0x4c0
 342 0004 0400     		.2byte	0x4
 343 0006 00000000 		.4byte	.Ldebug_abbrev0
 344 000a 04       		.byte	0x4
 345 000b 01       		.uleb128 0x1
 346 000c 41000000 		.4byte	.LASF71
 347 0010 01       		.byte	0x1
 348 0011 00000000 		.4byte	.LASF72
 349 0015 00000000 		.4byte	.Ldebug_ranges0+0
 350 0019 00000000 		.4byte	0
 351 001d 00000000 		.4byte	.Ldebug_line0
 352 0021 02       		.uleb128 0x2
 353 0022 04       		.byte	0x4
 354 0023 05       		.byte	0x5
 355 0024 696E7400 		.ascii	"int\000"
 356 0028 03       		.uleb128 0x3
 357 0029 04       		.byte	0x4
 358 002a 07       		.byte	0x7
 359 002b B4020000 		.4byte	.LASF0
 360 002f 03       		.uleb128 0x3
 361 0030 01       		.byte	0x1
 362 0031 06       		.byte	0x6
 363 0032 79020000 		.4byte	.LASF1
 364 0036 03       		.uleb128 0x3
 365 0037 01       		.byte	0x1
 366 0038 08       		.byte	0x8
 367 0039 63020000 		.4byte	.LASF2
 368 003d 03       		.uleb128 0x3
 369 003e 02       		.byte	0x2
 370 003f 05       		.byte	0x5
 371 0040 4A010000 		.4byte	.LASF3
 372 0044 04       		.uleb128 0x4
 373 0045 8E010000 		.4byte	.LASF5
 374 0049 02       		.byte	0x2
 375 004a 2B       		.byte	0x2b
 376 004b 4F000000 		.4byte	0x4f
 377 004f 03       		.uleb128 0x3
 378 0050 02       		.byte	0x2
 379 0051 07       		.byte	0x7
 380 0052 E1020000 		.4byte	.LASF4
 381 0056 04       		.uleb128 0x4
 382 0057 A4030000 		.4byte	.LASF6
 383 005b 02       		.byte	0x2
 384 005c 3F       		.byte	0x3f
 385 005d 61000000 		.4byte	0x61
 386 0061 03       		.uleb128 0x3
 387 0062 04       		.byte	0x4
 388 0063 05       		.byte	0x5
 389 0064 F5010000 		.4byte	.LASF7
 390 0068 04       		.uleb128 0x4
 391 0069 7E010000 		.4byte	.LASF8
 392 006d 02       		.byte	0x2
 393 006e 41       		.byte	0x41
 394 006f 73000000 		.4byte	0x73
ARM GAS  /tmp/ccTFbBpd.s 			page 8


 395 0073 03       		.uleb128 0x3
 396 0074 04       		.byte	0x4
 397 0075 07       		.byte	0x7
 398 0076 85030000 		.4byte	.LASF9
 399 007a 03       		.uleb128 0x3
 400 007b 08       		.byte	0x8
 401 007c 05       		.byte	0x5
 402 007d D2010000 		.4byte	.LASF10
 403 0081 03       		.uleb128 0x3
 404 0082 08       		.byte	0x8
 405 0083 07       		.byte	0x7
 406 0084 85020000 		.4byte	.LASF11
 407 0088 04       		.uleb128 0x4
 408 0089 F9020000 		.4byte	.LASF12
 409 008d 03       		.byte	0x3
 410 008e 36       		.byte	0x36
 411 008f 44000000 		.4byte	0x44
 412 0093 04       		.uleb128 0x4
 413 0094 13030000 		.4byte	.LASF13
 414 0098 03       		.byte	0x3
 415 0099 41       		.byte	0x41
 416 009a 56000000 		.4byte	0x56
 417 009e 04       		.uleb128 0x4
 418 009f AB020000 		.4byte	.LASF14
 419 00a3 03       		.byte	0x3
 420 00a4 42       		.byte	0x42
 421 00a5 68000000 		.4byte	0x68
 422 00a9 03       		.uleb128 0x3
 423 00aa 01       		.byte	0x1
 424 00ab 02       		.byte	0x2
 425 00ac 2D030000 		.4byte	.LASF15
 426 00b0 05       		.uleb128 0x5
 427 00b1 9E000000 		.4byte	0x9e
 428 00b5 03       		.uleb128 0x3
 429 00b6 04       		.byte	0x4
 430 00b7 07       		.byte	0x7
 431 00b8 59010000 		.4byte	.LASF16
 432 00bc 03       		.uleb128 0x3
 433 00bd 01       		.byte	0x1
 434 00be 08       		.byte	0x8
 435 00bf F4020000 		.4byte	.LASF17
 436 00c3 06       		.uleb128 0x6
 437 00c4 9E000000 		.4byte	0x9e
 438 00c8 D3000000 		.4byte	0xd3
 439 00cc 07       		.uleb128 0x7
 440 00cd B5000000 		.4byte	0xb5
 441 00d1 03       		.byte	0x3
 442 00d2 00       		.byte	0
 443 00d3 05       		.uleb128 0x5
 444 00d4 93000000 		.4byte	0x93
 445 00d8 08       		.uleb128 0x8
 446 00d9 34       		.byte	0x34
 447 00da 04       		.byte	0x4
 448 00db 8502     		.2byte	0x285
 449 00dd 8A010000 		.4byte	0x18a
 450 00e1 09       		.uleb128 0x9
 451 00e2 435200   		.ascii	"CR\000"
ARM GAS  /tmp/ccTFbBpd.s 			page 9


 452 00e5 04       		.byte	0x4
 453 00e6 8702     		.2byte	0x287
 454 00e8 B0000000 		.4byte	0xb0
 455 00ec 00       		.byte	0
 456 00ed 0A       		.uleb128 0xa
 457 00ee A0010000 		.4byte	.LASF18
 458 00f2 04       		.byte	0x4
 459 00f3 8802     		.2byte	0x288
 460 00f5 B0000000 		.4byte	0xb0
 461 00f9 04       		.byte	0x4
 462 00fa 09       		.uleb128 0x9
 463 00fb 43495200 		.ascii	"CIR\000"
 464 00ff 04       		.byte	0x4
 465 0100 8902     		.2byte	0x289
 466 0102 B0000000 		.4byte	0xb0
 467 0106 08       		.byte	0x8
 468 0107 0A       		.uleb128 0xa
 469 0108 20020000 		.4byte	.LASF19
 470 010c 04       		.byte	0x4
 471 010d 8A02     		.2byte	0x28a
 472 010f B0000000 		.4byte	0xb0
 473 0113 0C       		.byte	0xc
 474 0114 0A       		.uleb128 0xa
 475 0115 30010000 		.4byte	.LASF20
 476 0119 04       		.byte	0x4
 477 011a 8B02     		.2byte	0x28b
 478 011c B0000000 		.4byte	0xb0
 479 0120 10       		.byte	0x10
 480 0121 0A       		.uleb128 0xa
 481 0122 19020000 		.4byte	.LASF21
 482 0126 04       		.byte	0x4
 483 0127 8C02     		.2byte	0x28c
 484 0129 B0000000 		.4byte	0xb0
 485 012d 14       		.byte	0x14
 486 012e 0A       		.uleb128 0xa
 487 012f 71020000 		.4byte	.LASF22
 488 0133 04       		.byte	0x4
 489 0134 8D02     		.2byte	0x28d
 490 0136 B0000000 		.4byte	0xb0
 491 013a 18       		.byte	0x18
 492 013b 0A       		.uleb128 0xa
 493 013c AB010000 		.4byte	.LASF23
 494 0140 04       		.byte	0x4
 495 0141 8E02     		.2byte	0x28e
 496 0143 B0000000 		.4byte	0xb0
 497 0147 1C       		.byte	0x1c
 498 0148 0A       		.uleb128 0xa
 499 0149 62010000 		.4byte	.LASF24
 500 014d 04       		.byte	0x4
 501 014e 8F02     		.2byte	0x28f
 502 0150 B0000000 		.4byte	0xb0
 503 0154 20       		.byte	0x20
 504 0155 09       		.uleb128 0x9
 505 0156 43535200 		.ascii	"CSR\000"
 506 015a 04       		.byte	0x4
 507 015b 9002     		.2byte	0x290
 508 015d B0000000 		.4byte	0xb0
ARM GAS  /tmp/ccTFbBpd.s 			page 10


 509 0161 24       		.byte	0x24
 510 0162 0A       		.uleb128 0xa
 511 0163 CA010000 		.4byte	.LASF25
 512 0167 04       		.byte	0x4
 513 0168 9102     		.2byte	0x291
 514 016a B0000000 		.4byte	0xb0
 515 016e 28       		.byte	0x28
 516 016f 0A       		.uleb128 0xa
 517 0170 C1020000 		.4byte	.LASF26
 518 0174 04       		.byte	0x4
 519 0175 9202     		.2byte	0x292
 520 0177 B0000000 		.4byte	0xb0
 521 017b 2C       		.byte	0x2c
 522 017c 0A       		.uleb128 0xa
 523 017d C7020000 		.4byte	.LASF27
 524 0181 04       		.byte	0x4
 525 0182 9302     		.2byte	0x293
 526 0184 B0000000 		.4byte	0xb0
 527 0188 30       		.byte	0x30
 528 0189 00       		.byte	0
 529 018a 0B       		.uleb128 0xb
 530 018b 35000000 		.4byte	.LASF28
 531 018f 04       		.byte	0x4
 532 0190 9402     		.2byte	0x294
 533 0192 D8000000 		.4byte	0xd8
 534 0196 08       		.uleb128 0x8
 535 0197 60       		.byte	0x60
 536 0198 05       		.byte	0x5
 537 0199 9E01     		.2byte	0x19e
 538 019b AF020000 		.4byte	0x2af
 539 019f 09       		.uleb128 0x9
 540 01a0 43523100 		.ascii	"CR1\000"
 541 01a4 05       		.byte	0x5
 542 01a5 9F01     		.2byte	0x19f
 543 01a7 B0000000 		.4byte	0xb0
 544 01ab 00       		.byte	0
 545 01ac 09       		.uleb128 0x9
 546 01ad 43523200 		.ascii	"CR2\000"
 547 01b1 05       		.byte	0x5
 548 01b2 A001     		.2byte	0x1a0
 549 01b4 B0000000 		.4byte	0xb0
 550 01b8 04       		.byte	0x4
 551 01b9 0A       		.uleb128 0xa
 552 01ba 54010000 		.4byte	.LASF29
 553 01be 05       		.byte	0x5
 554 01bf A101     		.2byte	0x1a1
 555 01c1 B0000000 		.4byte	0xb0
 556 01c5 08       		.byte	0x8
 557 01c6 0A       		.uleb128 0xa
 558 01c7 DC020000 		.4byte	.LASF30
 559 01cb 05       		.byte	0x5
 560 01cc A201     		.2byte	0x1a2
 561 01ce B0000000 		.4byte	0xb0
 562 01d2 0C       		.byte	0xc
 563 01d3 09       		.uleb128 0x9
 564 01d4 535200   		.ascii	"SR\000"
 565 01d7 05       		.byte	0x5
ARM GAS  /tmp/ccTFbBpd.s 			page 11


 566 01d8 A301     		.2byte	0x1a3
 567 01da B0000000 		.4byte	0xb0
 568 01de 10       		.byte	0x10
 569 01df 09       		.uleb128 0x9
 570 01e0 45475200 		.ascii	"EGR\000"
 571 01e4 05       		.byte	0x5
 572 01e5 A401     		.2byte	0x1a4
 573 01e7 B0000000 		.4byte	0xb0
 574 01eb 14       		.byte	0x14
 575 01ec 0A       		.uleb128 0xa
 576 01ed 29020000 		.4byte	.LASF31
 577 01f1 05       		.byte	0x5
 578 01f2 A501     		.2byte	0x1a5
 579 01f4 B0000000 		.4byte	0xb0
 580 01f8 18       		.byte	0x18
 581 01f9 0A       		.uleb128 0xa
 582 01fa 44010000 		.4byte	.LASF32
 583 01fe 05       		.byte	0x5
 584 01ff A601     		.2byte	0x1a6
 585 0201 B0000000 		.4byte	0xb0
 586 0205 1C       		.byte	0x1c
 587 0206 0A       		.uleb128 0xa
 588 0207 30000000 		.4byte	.LASF33
 589 020b 05       		.byte	0x5
 590 020c A701     		.2byte	0x1a7
 591 020e B0000000 		.4byte	0xb0
 592 0212 20       		.byte	0x20
 593 0213 09       		.uleb128 0x9
 594 0214 434E5400 		.ascii	"CNT\000"
 595 0218 05       		.byte	0x5
 596 0219 A801     		.2byte	0x1a8
 597 021b B0000000 		.4byte	0xb0
 598 021f 24       		.byte	0x24
 599 0220 09       		.uleb128 0x9
 600 0221 50534300 		.ascii	"PSC\000"
 601 0225 05       		.byte	0x5
 602 0226 A901     		.2byte	0x1a9
 603 0228 B0000000 		.4byte	0xb0
 604 022c 28       		.byte	0x28
 605 022d 09       		.uleb128 0x9
 606 022e 41525200 		.ascii	"ARR\000"
 607 0232 05       		.byte	0x5
 608 0233 AA01     		.2byte	0x1aa
 609 0235 B0000000 		.4byte	0xb0
 610 0239 2C       		.byte	0x2c
 611 023a 09       		.uleb128 0x9
 612 023b 52435200 		.ascii	"RCR\000"
 613 023f 05       		.byte	0x5
 614 0240 AB01     		.2byte	0x1ab
 615 0242 B0000000 		.4byte	0xb0
 616 0246 30       		.byte	0x30
 617 0247 09       		.uleb128 0x9
 618 0248 43435200 		.ascii	"CCR\000"
 619 024c 05       		.byte	0x5
 620 024d AC01     		.2byte	0x1ac
 621 024f AF020000 		.4byte	0x2af
 622 0253 34       		.byte	0x34
ARM GAS  /tmp/ccTFbBpd.s 			page 12


 623 0254 0A       		.uleb128 0xa
 624 0255 0E030000 		.4byte	.LASF34
 625 0259 05       		.byte	0x5
 626 025a AD01     		.2byte	0x1ad
 627 025c B0000000 		.4byte	0xb0
 628 0260 44       		.byte	0x44
 629 0261 09       		.uleb128 0x9
 630 0262 44435200 		.ascii	"DCR\000"
 631 0266 05       		.byte	0x5
 632 0267 AE01     		.2byte	0x1ae
 633 0269 B0000000 		.4byte	0xb0
 634 026d 48       		.byte	0x48
 635 026e 0A       		.uleb128 0xa
 636 026f 39010000 		.4byte	.LASF35
 637 0273 05       		.byte	0x5
 638 0274 AF01     		.2byte	0x1af
 639 0276 B0000000 		.4byte	0xb0
 640 027a 4C       		.byte	0x4c
 641 027b 09       		.uleb128 0x9
 642 027c 4F5200   		.ascii	"OR\000"
 643 027f 05       		.byte	0x5
 644 0280 B001     		.2byte	0x1b0
 645 0282 B0000000 		.4byte	0xb0
 646 0286 50       		.byte	0x50
 647 0287 0A       		.uleb128 0xa
 648 0288 2F020000 		.4byte	.LASF36
 649 028c 05       		.byte	0x5
 650 028d B101     		.2byte	0x1b1
 651 028f B0000000 		.4byte	0xb0
 652 0293 54       		.byte	0x54
 653 0294 0A       		.uleb128 0xa
 654 0295 FE010000 		.4byte	.LASF37
 655 0299 05       		.byte	0x5
 656 029a B201     		.2byte	0x1b2
 657 029c B0000000 		.4byte	0xb0
 658 02a0 58       		.byte	0x58
 659 02a1 0A       		.uleb128 0xa
 660 02a2 03020000 		.4byte	.LASF38
 661 02a6 05       		.byte	0x5
 662 02a7 B301     		.2byte	0x1b3
 663 02a9 B0000000 		.4byte	0xb0
 664 02ad 5C       		.byte	0x5c
 665 02ae 00       		.byte	0
 666 02af 05       		.uleb128 0x5
 667 02b0 C3000000 		.4byte	0xc3
 668 02b4 0B       		.uleb128 0xb
 669 02b5 02030000 		.4byte	.LASF39
 670 02b9 05       		.byte	0x5
 671 02ba B401     		.2byte	0x1b4
 672 02bc 96010000 		.4byte	0x196
 673 02c0 0C       		.uleb128 0xc
 674 02c1 04       		.byte	0x4
 675 02c2 B4020000 		.4byte	0x2b4
 676 02c6 0D       		.uleb128 0xd
 677 02c7 01       		.byte	0x1
 678 02c8 06       		.byte	0x6
 679 02c9 35       		.byte	0x35
ARM GAS  /tmp/ccTFbBpd.s 			page 13


 680 02ca E7020000 		.4byte	0x2e7
 681 02ce 0E       		.uleb128 0xe
 682 02cf EA010000 		.4byte	.LASF40
 683 02d3 00       		.sleb128 0
 684 02d4 0E       		.uleb128 0xe
 685 02d5 4F020000 		.4byte	.LASF41
 686 02d9 01       		.sleb128 1
 687 02da 0E       		.uleb128 0xe
 688 02db C0010000 		.4byte	.LASF42
 689 02df 02       		.sleb128 2
 690 02e0 0E       		.uleb128 0xe
 691 02e1 58020000 		.4byte	.LASF43
 692 02e5 03       		.sleb128 3
 693 02e6 00       		.byte	0
 694 02e7 04       		.uleb128 0x4
 695 02e8 73010000 		.4byte	.LASF44
 696 02ec 06       		.byte	0x6
 697 02ed 3A       		.byte	0x3a
 698 02ee C6020000 		.4byte	0x2c6
 699 02f2 04       		.uleb128 0x4
 700 02f3 E0010000 		.4byte	.LASF45
 701 02f7 06       		.byte	0x6
 702 02f8 3F       		.byte	0x3f
 703 02f9 FD020000 		.4byte	0x2fd
 704 02fd 0F       		.uleb128 0xf
 705 02fe E0010000 		.4byte	.LASF45
 706 0302 0C       		.byte	0xc
 707 0303 07       		.byte	0x7
 708 0304 1F01     		.2byte	0x11f
 709 0306 3F030000 		.4byte	0x33f
 710 030a 0A       		.uleb128 0xa
 711 030b 3E010000 		.4byte	.LASF46
 712 030f 07       		.byte	0x7
 713 0310 2301     		.2byte	0x123
 714 0312 E7020000 		.4byte	0x2e7
 715 0316 00       		.byte	0
 716 0317 0A       		.uleb128 0xa
 717 0318 C6030000 		.4byte	.LASF47
 718 031c 07       		.byte	0x7
 719 031d 2701     		.2byte	0x127
 720 031f AB030000 		.4byte	0x3ab
 721 0323 02       		.byte	0x2
 722 0324 0A       		.uleb128 0xa
 723 0325 99010000 		.4byte	.LASF48
 724 0329 07       		.byte	0x7
 725 032a 2B01     		.2byte	0x12b
 726 032c F4030000 		.4byte	0x3f4
 727 0330 04       		.byte	0x4
 728 0331 09       		.uleb128 0x9
 729 0332 74696D00 		.ascii	"tim\000"
 730 0336 07       		.byte	0x7
 731 0337 3301     		.2byte	0x133
 732 0339 C0020000 		.4byte	0x2c0
 733 033d 08       		.byte	0x8
 734 033e 00       		.byte	0
 735 033f 0C       		.uleb128 0xc
 736 0340 04       		.byte	0x4
ARM GAS  /tmp/ccTFbBpd.s 			page 14


 737 0341 F2020000 		.4byte	0x2f2
 738 0345 0D       		.uleb128 0xd
 739 0346 01       		.byte	0x1
 740 0347 07       		.byte	0x7
 741 0348 E8       		.byte	0xe8
 742 0349 60030000 		.4byte	0x360
 743 034d 0E       		.uleb128 0xe
 744 034e 53030000 		.4byte	.LASF49
 745 0352 00       		.sleb128 0
 746 0353 0E       		.uleb128 0xe
 747 0354 CB030000 		.4byte	.LASF50
 748 0358 01       		.sleb128 1
 749 0359 0E       		.uleb128 0xe
 750 035a DE030000 		.4byte	.LASF51
 751 035e 02       		.sleb128 2
 752 035f 00       		.byte	0
 753 0360 04       		.uleb128 0x4
 754 0361 AE030000 		.4byte	.LASF52
 755 0365 07       		.byte	0x7
 756 0366 EC       		.byte	0xec
 757 0367 45030000 		.4byte	0x345
 758 036b 0D       		.uleb128 0xd
 759 036c 01       		.byte	0x1
 760 036d 07       		.byte	0x7
 761 036e F1       		.byte	0xf1
 762 036f 80030000 		.4byte	0x380
 763 0373 0E       		.uleb128 0xe
 764 0374 35020000 		.4byte	.LASF53
 765 0378 00       		.sleb128 0
 766 0379 0E       		.uleb128 0xe
 767 037a 9C020000 		.4byte	.LASF54
 768 037e 01       		.sleb128 1
 769 037f 00       		.byte	0
 770 0380 04       		.uleb128 0x4
 771 0381 43030000 		.4byte	.LASF55
 772 0385 07       		.byte	0x7
 773 0386 F4       		.byte	0xf4
 774 0387 6B030000 		.4byte	0x36b
 775 038b 0D       		.uleb128 0xd
 776 038c 01       		.byte	0x1
 777 038d 07       		.byte	0x7
 778 038e F9       		.byte	0xf9
 779 038f A0030000 		.4byte	0x3a0
 780 0393 0E       		.uleb128 0xe
 781 0394 08020000 		.4byte	.LASF56
 782 0398 00       		.sleb128 0
 783 0399 0E       		.uleb128 0xe
 784 039a 33030000 		.4byte	.LASF57
 785 039e 01       		.sleb128 1
 786 039f 00       		.byte	0
 787 03a0 04       		.uleb128 0x4
 788 03a1 67010000 		.4byte	.LASF58
 789 03a5 07       		.byte	0x7
 790 03a6 FC       		.byte	0xfc
 791 03a7 8B030000 		.4byte	0x38b
 792 03ab 0B       		.uleb128 0xb
 793 03ac 67030000 		.4byte	.LASF59
ARM GAS  /tmp/ccTFbBpd.s 			page 15


 794 03b0 07       		.byte	0x7
 795 03b1 0101     		.2byte	0x101
 796 03b3 88000000 		.4byte	0x88
 797 03b7 08       		.uleb128 0x8
 798 03b8 03       		.byte	0x3
 799 03b9 07       		.byte	0x7
 800 03ba 0C01     		.2byte	0x10c
 801 03bc E8030000 		.4byte	0x3e8
 802 03c0 0A       		.uleb128 0xa
 803 03c1 89010000 		.4byte	.LASF60
 804 03c5 07       		.byte	0x7
 805 03c6 1001     		.2byte	0x110
 806 03c8 60030000 		.4byte	0x360
 807 03cc 00       		.byte	0
 808 03cd 0A       		.uleb128 0xa
 809 03ce 1B030000 		.4byte	.LASF61
 810 03d2 07       		.byte	0x7
 811 03d3 1401     		.2byte	0x114
 812 03d5 80030000 		.4byte	0x380
 813 03d9 01       		.byte	0x1
 814 03da 0A       		.uleb128 0xa
 815 03db 26030000 		.4byte	.LASF62
 816 03df 07       		.byte	0x7
 817 03e0 1801     		.2byte	0x118
 818 03e2 A0030000 		.4byte	0x3a0
 819 03e6 02       		.byte	0x2
 820 03e7 00       		.byte	0
 821 03e8 0B       		.uleb128 0xb
 822 03e9 45020000 		.4byte	.LASF63
 823 03ed 07       		.byte	0x7
 824 03ee 1A01     		.2byte	0x11a
 825 03f0 B7030000 		.4byte	0x3b7
 826 03f4 0C       		.uleb128 0xc
 827 03f5 04       		.byte	0x4
 828 03f6 FA030000 		.4byte	0x3fa
 829 03fa 10       		.uleb128 0x10
 830 03fb E8030000 		.4byte	0x3e8
 831 03ff 11       		.uleb128 0x11
 832 0400 97030000 		.4byte	.LASF73
 833 0404 01       		.byte	0x1
 834 0405 74       		.byte	0x74
 835 0406 00000000 		.4byte	.LFB118
 836 040a 18000000 		.4byte	.LFE118-.LFB118
 837 040e 01       		.uleb128 0x1
 838 040f 9C       		.byte	0x9c
 839 0410 12       		.uleb128 0x12
 840 0411 B8030000 		.4byte	.LASF64
 841 0415 01       		.byte	0x1
 842 0416 A8       		.byte	0xa8
 843 0417 00000000 		.4byte	.LFB119
 844 041b E0000000 		.4byte	.LFE119-.LFB119
 845 041f 01       		.uleb128 0x1
 846 0420 9C       		.byte	0x9c
 847 0421 34040000 		.4byte	0x434
 848 0425 13       		.uleb128 0x13
 849 0426 80030000 		.4byte	.LASF66
 850 042a 01       		.byte	0x1
ARM GAS  /tmp/ccTFbBpd.s 			page 16


 851 042b A8       		.byte	0xa8
 852 042c 3F030000 		.4byte	0x33f
 853 0430 02       		.uleb128 0x2
 854 0431 91       		.byte	0x91
 855 0432 7C       		.sleb128 -4
 856 0433 00       		.byte	0
 857 0434 14       		.uleb128 0x14
 858 0435 B3010000 		.4byte	.LASF65
 859 0439 01       		.byte	0x1
 860 043a 0601     		.2byte	0x106
 861 043c 00000000 		.4byte	.LFB120
 862 0440 34000000 		.4byte	.LFE120-.LFB120
 863 0444 01       		.uleb128 0x1
 864 0445 9C       		.byte	0x9c
 865 0446 5A040000 		.4byte	0x45a
 866 044a 15       		.uleb128 0x15
 867 044b 80030000 		.4byte	.LASF66
 868 044f 01       		.byte	0x1
 869 0450 0601     		.2byte	0x106
 870 0452 3F030000 		.4byte	0x33f
 871 0456 02       		.uleb128 0x2
 872 0457 91       		.byte	0x91
 873 0458 7C       		.sleb128 -4
 874 0459 00       		.byte	0
 875 045a 14       		.uleb128 0x14
 876 045b CD020000 		.4byte	.LASF67
 877 045f 01       		.byte	0x1
 878 0460 3901     		.2byte	0x139
 879 0462 00000000 		.4byte	.LFB121
 880 0466 10000000 		.4byte	.LFE121-.LFB121
 881 046a 01       		.uleb128 0x1
 882 046b 9C       		.byte	0x9c
 883 046c 80040000 		.4byte	0x480
 884 0470 15       		.uleb128 0x15
 885 0471 80030000 		.4byte	.LASF66
 886 0475 01       		.byte	0x1
 887 0476 3901     		.2byte	0x139
 888 0478 3F030000 		.4byte	0x33f
 889 047c 02       		.uleb128 0x2
 890 047d 91       		.byte	0x91
 891 047e 7C       		.sleb128 -4
 892 047f 00       		.byte	0
 893 0480 14       		.uleb128 0x14
 894 0481 70030000 		.4byte	.LASF68
 895 0485 01       		.byte	0x1
 896 0486 4501     		.2byte	0x145
 897 0488 00000000 		.4byte	.LFB122
 898 048c 10000000 		.4byte	.LFE122-.LFB122
 899 0490 01       		.uleb128 0x1
 900 0491 9C       		.byte	0x9c
 901 0492 A6040000 		.4byte	0x4a6
 902 0496 15       		.uleb128 0x15
 903 0497 80030000 		.4byte	.LASF66
 904 049b 01       		.byte	0x1
 905 049c 4501     		.2byte	0x145
 906 049e 3F030000 		.4byte	0x33f
 907 04a2 02       		.uleb128 0x2
ARM GAS  /tmp/ccTFbBpd.s 			page 17


 908 04a3 91       		.byte	0x91
 909 04a4 7C       		.sleb128 -4
 910 04a5 00       		.byte	0
 911 04a6 16       		.uleb128 0x16
 912 04a7 F1030000 		.4byte	.LASF69
 913 04ab 08       		.byte	0x8
 914 04ac 9806     		.2byte	0x698
 915 04ae D3000000 		.4byte	0xd3
 916 04b2 17       		.uleb128 0x17
 917 04b3 A5010000 		.4byte	.LASF70
 918 04b7 01       		.byte	0x1
 919 04b8 44       		.byte	0x44
 920 04b9 F2020000 		.4byte	0x2f2
 921 04bd 05       		.uleb128 0x5
 922 04be 03       		.byte	0x3
 923 04bf 00000000 		.4byte	QEID4
 924 04c3 00       		.byte	0
 925              		.section	.debug_abbrev,"",%progbits
 926              	.Ldebug_abbrev0:
 927 0000 01       		.uleb128 0x1
 928 0001 11       		.uleb128 0x11
 929 0002 01       		.byte	0x1
 930 0003 25       		.uleb128 0x25
 931 0004 0E       		.uleb128 0xe
 932 0005 13       		.uleb128 0x13
 933 0006 0B       		.uleb128 0xb
 934 0007 03       		.uleb128 0x3
 935 0008 0E       		.uleb128 0xe
 936 0009 55       		.uleb128 0x55
 937 000a 17       		.uleb128 0x17
 938 000b 11       		.uleb128 0x11
 939 000c 01       		.uleb128 0x1
 940 000d 10       		.uleb128 0x10
 941 000e 17       		.uleb128 0x17
 942 000f 00       		.byte	0
 943 0010 00       		.byte	0
 944 0011 02       		.uleb128 0x2
 945 0012 24       		.uleb128 0x24
 946 0013 00       		.byte	0
 947 0014 0B       		.uleb128 0xb
 948 0015 0B       		.uleb128 0xb
 949 0016 3E       		.uleb128 0x3e
 950 0017 0B       		.uleb128 0xb
 951 0018 03       		.uleb128 0x3
 952 0019 08       		.uleb128 0x8
 953 001a 00       		.byte	0
 954 001b 00       		.byte	0
 955 001c 03       		.uleb128 0x3
 956 001d 24       		.uleb128 0x24
 957 001e 00       		.byte	0
 958 001f 0B       		.uleb128 0xb
 959 0020 0B       		.uleb128 0xb
 960 0021 3E       		.uleb128 0x3e
 961 0022 0B       		.uleb128 0xb
 962 0023 03       		.uleb128 0x3
 963 0024 0E       		.uleb128 0xe
 964 0025 00       		.byte	0
ARM GAS  /tmp/ccTFbBpd.s 			page 18


 965 0026 00       		.byte	0
 966 0027 04       		.uleb128 0x4
 967 0028 16       		.uleb128 0x16
 968 0029 00       		.byte	0
 969 002a 03       		.uleb128 0x3
 970 002b 0E       		.uleb128 0xe
 971 002c 3A       		.uleb128 0x3a
 972 002d 0B       		.uleb128 0xb
 973 002e 3B       		.uleb128 0x3b
 974 002f 0B       		.uleb128 0xb
 975 0030 49       		.uleb128 0x49
 976 0031 13       		.uleb128 0x13
 977 0032 00       		.byte	0
 978 0033 00       		.byte	0
 979 0034 05       		.uleb128 0x5
 980 0035 35       		.uleb128 0x35
 981 0036 00       		.byte	0
 982 0037 49       		.uleb128 0x49
 983 0038 13       		.uleb128 0x13
 984 0039 00       		.byte	0
 985 003a 00       		.byte	0
 986 003b 06       		.uleb128 0x6
 987 003c 01       		.uleb128 0x1
 988 003d 01       		.byte	0x1
 989 003e 49       		.uleb128 0x49
 990 003f 13       		.uleb128 0x13
 991 0040 01       		.uleb128 0x1
 992 0041 13       		.uleb128 0x13
 993 0042 00       		.byte	0
 994 0043 00       		.byte	0
 995 0044 07       		.uleb128 0x7
 996 0045 21       		.uleb128 0x21
 997 0046 00       		.byte	0
 998 0047 49       		.uleb128 0x49
 999 0048 13       		.uleb128 0x13
 1000 0049 2F       		.uleb128 0x2f
 1001 004a 0B       		.uleb128 0xb
 1002 004b 00       		.byte	0
 1003 004c 00       		.byte	0
 1004 004d 08       		.uleb128 0x8
 1005 004e 13       		.uleb128 0x13
 1006 004f 01       		.byte	0x1
 1007 0050 0B       		.uleb128 0xb
 1008 0051 0B       		.uleb128 0xb
 1009 0052 3A       		.uleb128 0x3a
 1010 0053 0B       		.uleb128 0xb
 1011 0054 3B       		.uleb128 0x3b
 1012 0055 05       		.uleb128 0x5
 1013 0056 01       		.uleb128 0x1
 1014 0057 13       		.uleb128 0x13
 1015 0058 00       		.byte	0
 1016 0059 00       		.byte	0
 1017 005a 09       		.uleb128 0x9
 1018 005b 0D       		.uleb128 0xd
 1019 005c 00       		.byte	0
 1020 005d 03       		.uleb128 0x3
 1021 005e 08       		.uleb128 0x8
ARM GAS  /tmp/ccTFbBpd.s 			page 19


 1022 005f 3A       		.uleb128 0x3a
 1023 0060 0B       		.uleb128 0xb
 1024 0061 3B       		.uleb128 0x3b
 1025 0062 05       		.uleb128 0x5
 1026 0063 49       		.uleb128 0x49
 1027 0064 13       		.uleb128 0x13
 1028 0065 38       		.uleb128 0x38
 1029 0066 0B       		.uleb128 0xb
 1030 0067 00       		.byte	0
 1031 0068 00       		.byte	0
 1032 0069 0A       		.uleb128 0xa
 1033 006a 0D       		.uleb128 0xd
 1034 006b 00       		.byte	0
 1035 006c 03       		.uleb128 0x3
 1036 006d 0E       		.uleb128 0xe
 1037 006e 3A       		.uleb128 0x3a
 1038 006f 0B       		.uleb128 0xb
 1039 0070 3B       		.uleb128 0x3b
 1040 0071 05       		.uleb128 0x5
 1041 0072 49       		.uleb128 0x49
 1042 0073 13       		.uleb128 0x13
 1043 0074 38       		.uleb128 0x38
 1044 0075 0B       		.uleb128 0xb
 1045 0076 00       		.byte	0
 1046 0077 00       		.byte	0
 1047 0078 0B       		.uleb128 0xb
 1048 0079 16       		.uleb128 0x16
 1049 007a 00       		.byte	0
 1050 007b 03       		.uleb128 0x3
 1051 007c 0E       		.uleb128 0xe
 1052 007d 3A       		.uleb128 0x3a
 1053 007e 0B       		.uleb128 0xb
 1054 007f 3B       		.uleb128 0x3b
 1055 0080 05       		.uleb128 0x5
 1056 0081 49       		.uleb128 0x49
 1057 0082 13       		.uleb128 0x13
 1058 0083 00       		.byte	0
 1059 0084 00       		.byte	0
 1060 0085 0C       		.uleb128 0xc
 1061 0086 0F       		.uleb128 0xf
 1062 0087 00       		.byte	0
 1063 0088 0B       		.uleb128 0xb
 1064 0089 0B       		.uleb128 0xb
 1065 008a 49       		.uleb128 0x49
 1066 008b 13       		.uleb128 0x13
 1067 008c 00       		.byte	0
 1068 008d 00       		.byte	0
 1069 008e 0D       		.uleb128 0xd
 1070 008f 04       		.uleb128 0x4
 1071 0090 01       		.byte	0x1
 1072 0091 0B       		.uleb128 0xb
 1073 0092 0B       		.uleb128 0xb
 1074 0093 3A       		.uleb128 0x3a
 1075 0094 0B       		.uleb128 0xb
 1076 0095 3B       		.uleb128 0x3b
 1077 0096 0B       		.uleb128 0xb
 1078 0097 01       		.uleb128 0x1
ARM GAS  /tmp/ccTFbBpd.s 			page 20


 1079 0098 13       		.uleb128 0x13
 1080 0099 00       		.byte	0
 1081 009a 00       		.byte	0
 1082 009b 0E       		.uleb128 0xe
 1083 009c 28       		.uleb128 0x28
 1084 009d 00       		.byte	0
 1085 009e 03       		.uleb128 0x3
 1086 009f 0E       		.uleb128 0xe
 1087 00a0 1C       		.uleb128 0x1c
 1088 00a1 0D       		.uleb128 0xd
 1089 00a2 00       		.byte	0
 1090 00a3 00       		.byte	0
 1091 00a4 0F       		.uleb128 0xf
 1092 00a5 13       		.uleb128 0x13
 1093 00a6 01       		.byte	0x1
 1094 00a7 03       		.uleb128 0x3
 1095 00a8 0E       		.uleb128 0xe
 1096 00a9 0B       		.uleb128 0xb
 1097 00aa 0B       		.uleb128 0xb
 1098 00ab 3A       		.uleb128 0x3a
 1099 00ac 0B       		.uleb128 0xb
 1100 00ad 3B       		.uleb128 0x3b
 1101 00ae 05       		.uleb128 0x5
 1102 00af 01       		.uleb128 0x1
 1103 00b0 13       		.uleb128 0x13
 1104 00b1 00       		.byte	0
 1105 00b2 00       		.byte	0
 1106 00b3 10       		.uleb128 0x10
 1107 00b4 26       		.uleb128 0x26
 1108 00b5 00       		.byte	0
 1109 00b6 49       		.uleb128 0x49
 1110 00b7 13       		.uleb128 0x13
 1111 00b8 00       		.byte	0
 1112 00b9 00       		.byte	0
 1113 00ba 11       		.uleb128 0x11
 1114 00bb 2E       		.uleb128 0x2e
 1115 00bc 00       		.byte	0
 1116 00bd 3F       		.uleb128 0x3f
 1117 00be 19       		.uleb128 0x19
 1118 00bf 03       		.uleb128 0x3
 1119 00c0 0E       		.uleb128 0xe
 1120 00c1 3A       		.uleb128 0x3a
 1121 00c2 0B       		.uleb128 0xb
 1122 00c3 3B       		.uleb128 0x3b
 1123 00c4 0B       		.uleb128 0xb
 1124 00c5 27       		.uleb128 0x27
 1125 00c6 19       		.uleb128 0x19
 1126 00c7 11       		.uleb128 0x11
 1127 00c8 01       		.uleb128 0x1
 1128 00c9 12       		.uleb128 0x12
 1129 00ca 06       		.uleb128 0x6
 1130 00cb 40       		.uleb128 0x40
 1131 00cc 18       		.uleb128 0x18
 1132 00cd 9642     		.uleb128 0x2116
 1133 00cf 19       		.uleb128 0x19
 1134 00d0 00       		.byte	0
 1135 00d1 00       		.byte	0
ARM GAS  /tmp/ccTFbBpd.s 			page 21


 1136 00d2 12       		.uleb128 0x12
 1137 00d3 2E       		.uleb128 0x2e
 1138 00d4 01       		.byte	0x1
 1139 00d5 3F       		.uleb128 0x3f
 1140 00d6 19       		.uleb128 0x19
 1141 00d7 03       		.uleb128 0x3
 1142 00d8 0E       		.uleb128 0xe
 1143 00d9 3A       		.uleb128 0x3a
 1144 00da 0B       		.uleb128 0xb
 1145 00db 3B       		.uleb128 0x3b
 1146 00dc 0B       		.uleb128 0xb
 1147 00dd 27       		.uleb128 0x27
 1148 00de 19       		.uleb128 0x19
 1149 00df 11       		.uleb128 0x11
 1150 00e0 01       		.uleb128 0x1
 1151 00e1 12       		.uleb128 0x12
 1152 00e2 06       		.uleb128 0x6
 1153 00e3 40       		.uleb128 0x40
 1154 00e4 18       		.uleb128 0x18
 1155 00e5 9742     		.uleb128 0x2117
 1156 00e7 19       		.uleb128 0x19
 1157 00e8 01       		.uleb128 0x1
 1158 00e9 13       		.uleb128 0x13
 1159 00ea 00       		.byte	0
 1160 00eb 00       		.byte	0
 1161 00ec 13       		.uleb128 0x13
 1162 00ed 05       		.uleb128 0x5
 1163 00ee 00       		.byte	0
 1164 00ef 03       		.uleb128 0x3
 1165 00f0 0E       		.uleb128 0xe
 1166 00f1 3A       		.uleb128 0x3a
 1167 00f2 0B       		.uleb128 0xb
 1168 00f3 3B       		.uleb128 0x3b
 1169 00f4 0B       		.uleb128 0xb
 1170 00f5 49       		.uleb128 0x49
 1171 00f6 13       		.uleb128 0x13
 1172 00f7 02       		.uleb128 0x2
 1173 00f8 18       		.uleb128 0x18
 1174 00f9 00       		.byte	0
 1175 00fa 00       		.byte	0
 1176 00fb 14       		.uleb128 0x14
 1177 00fc 2E       		.uleb128 0x2e
 1178 00fd 01       		.byte	0x1
 1179 00fe 3F       		.uleb128 0x3f
 1180 00ff 19       		.uleb128 0x19
 1181 0100 03       		.uleb128 0x3
 1182 0101 0E       		.uleb128 0xe
 1183 0102 3A       		.uleb128 0x3a
 1184 0103 0B       		.uleb128 0xb
 1185 0104 3B       		.uleb128 0x3b
 1186 0105 05       		.uleb128 0x5
 1187 0106 27       		.uleb128 0x27
 1188 0107 19       		.uleb128 0x19
 1189 0108 11       		.uleb128 0x11
 1190 0109 01       		.uleb128 0x1
 1191 010a 12       		.uleb128 0x12
 1192 010b 06       		.uleb128 0x6
ARM GAS  /tmp/ccTFbBpd.s 			page 22


 1193 010c 40       		.uleb128 0x40
 1194 010d 18       		.uleb128 0x18
 1195 010e 9742     		.uleb128 0x2117
 1196 0110 19       		.uleb128 0x19
 1197 0111 01       		.uleb128 0x1
 1198 0112 13       		.uleb128 0x13
 1199 0113 00       		.byte	0
 1200 0114 00       		.byte	0
 1201 0115 15       		.uleb128 0x15
 1202 0116 05       		.uleb128 0x5
 1203 0117 00       		.byte	0
 1204 0118 03       		.uleb128 0x3
 1205 0119 0E       		.uleb128 0xe
 1206 011a 3A       		.uleb128 0x3a
 1207 011b 0B       		.uleb128 0xb
 1208 011c 3B       		.uleb128 0x3b
 1209 011d 05       		.uleb128 0x5
 1210 011e 49       		.uleb128 0x49
 1211 011f 13       		.uleb128 0x13
 1212 0120 02       		.uleb128 0x2
 1213 0121 18       		.uleb128 0x18
 1214 0122 00       		.byte	0
 1215 0123 00       		.byte	0
 1216 0124 16       		.uleb128 0x16
 1217 0125 34       		.uleb128 0x34
 1218 0126 00       		.byte	0
 1219 0127 03       		.uleb128 0x3
 1220 0128 0E       		.uleb128 0xe
 1221 0129 3A       		.uleb128 0x3a
 1222 012a 0B       		.uleb128 0xb
 1223 012b 3B       		.uleb128 0x3b
 1224 012c 05       		.uleb128 0x5
 1225 012d 49       		.uleb128 0x49
 1226 012e 13       		.uleb128 0x13
 1227 012f 3F       		.uleb128 0x3f
 1228 0130 19       		.uleb128 0x19
 1229 0131 3C       		.uleb128 0x3c
 1230 0132 19       		.uleb128 0x19
 1231 0133 00       		.byte	0
 1232 0134 00       		.byte	0
 1233 0135 17       		.uleb128 0x17
 1234 0136 34       		.uleb128 0x34
 1235 0137 00       		.byte	0
 1236 0138 03       		.uleb128 0x3
 1237 0139 0E       		.uleb128 0xe
 1238 013a 3A       		.uleb128 0x3a
 1239 013b 0B       		.uleb128 0xb
 1240 013c 3B       		.uleb128 0x3b
 1241 013d 0B       		.uleb128 0xb
 1242 013e 49       		.uleb128 0x49
 1243 013f 13       		.uleb128 0x13
 1244 0140 3F       		.uleb128 0x3f
 1245 0141 19       		.uleb128 0x19
 1246 0142 02       		.uleb128 0x2
 1247 0143 18       		.uleb128 0x18
 1248 0144 00       		.byte	0
 1249 0145 00       		.byte	0
ARM GAS  /tmp/ccTFbBpd.s 			page 23


 1250 0146 00       		.byte	0
 1251              		.section	.debug_aranges,"",%progbits
 1252 0000 3C000000 		.4byte	0x3c
 1253 0004 0200     		.2byte	0x2
 1254 0006 00000000 		.4byte	.Ldebug_info0
 1255 000a 04       		.byte	0x4
 1256 000b 00       		.byte	0
 1257 000c 0000     		.2byte	0
 1258 000e 0000     		.2byte	0
 1259 0010 00000000 		.4byte	.LFB118
 1260 0014 18000000 		.4byte	.LFE118-.LFB118
 1261 0018 00000000 		.4byte	.LFB119
 1262 001c E0000000 		.4byte	.LFE119-.LFB119
 1263 0020 00000000 		.4byte	.LFB120
 1264 0024 34000000 		.4byte	.LFE120-.LFB120
 1265 0028 00000000 		.4byte	.LFB121
 1266 002c 10000000 		.4byte	.LFE121-.LFB121
 1267 0030 00000000 		.4byte	.LFB122
 1268 0034 10000000 		.4byte	.LFE122-.LFB122
 1269 0038 00000000 		.4byte	0
 1270 003c 00000000 		.4byte	0
 1271              		.section	.debug_ranges,"",%progbits
 1272              	.Ldebug_ranges0:
 1273 0000 00000000 		.4byte	.LFB118
 1274 0004 18000000 		.4byte	.LFE118
 1275 0008 00000000 		.4byte	.LFB119
 1276 000c E0000000 		.4byte	.LFE119
 1277 0010 00000000 		.4byte	.LFB120
 1278 0014 34000000 		.4byte	.LFE120
 1279 0018 00000000 		.4byte	.LFB121
 1280 001c 10000000 		.4byte	.LFE121
 1281 0020 00000000 		.4byte	.LFB122
 1282 0024 10000000 		.4byte	.LFE122
 1283 0028 00000000 		.4byte	0
 1284 002c 00000000 		.4byte	0
 1285              		.section	.debug_line,"",%progbits
 1286              	.Ldebug_line0:
 1287 0000 20020000 		.section	.debug_str,"MS",%progbits,1
 1287      02009501 
 1287      00000201 
 1287      FB0E0D00 
 1287      01010101 
 1288              	.LASF72:
 1289 0000 2F686F6D 		.ascii	"/home/dave/r2p-sdk/modules/uDC_module/qei_lld.c\000"
 1289      652F6461 
 1289      76652F72 
 1289      32702D73 
 1289      646B2F6D 
 1290              	.LASF33:
 1291 0030 43434552 		.ascii	"CCER\000"
 1291      00
 1292              	.LASF28:
 1293 0035 5243435F 		.ascii	"RCC_TypeDef\000"
 1293      54797065 
 1293      44656600 
 1294              	.LASF71:
 1295 0041 474E5520 		.ascii	"GNU C 4.8.4 20141219 (release) -mcpu=cortex-m4 -mfl"
ARM GAS  /tmp/ccTFbBpd.s 			page 24


 1295      4320342E 
 1295      382E3420 
 1295      32303134 
 1295      31323139 
 1296 0074 6F61742D 		.ascii	"oat-abi=hard -mfpu=fpv4-sp-d16 -mno-thumb-interwork"
 1296      6162693D 
 1296      68617264 
 1296      202D6D66 
 1296      70753D66 
 1297 00a7 202D6D74 		.ascii	" -mthumb -ggdb -O0 -fomit-frame-pointer -falign-fun"
 1297      68756D62 
 1297      202D6767 
 1297      6462202D 
 1297      4F30202D 
 1298 00da 6374696F 		.ascii	"ctions=16 -ffunction-sections -fdata-sections -fno-"
 1298      6E733D31 
 1298      36202D66 
 1298      66756E63 
 1298      74696F6E 
 1299 010d 636F6D6D 		.ascii	"common -fsingle-precision-constant\000"
 1299      6F6E202D 
 1299      6673696E 
 1299      676C652D 
 1299      70726563 
 1300              	.LASF20:
 1301 0130 41504231 		.ascii	"APB1RSTR\000"
 1301      52535452 
 1301      00
 1302              	.LASF35:
 1303 0139 444D4152 		.ascii	"DMAR\000"
 1303      00
 1304              	.LASF46:
 1305 013e 73746174 		.ascii	"state\000"
 1305      6500
 1306              	.LASF32:
 1307 0144 43434D52 		.ascii	"CCMR2\000"
 1307      3200
 1308              	.LASF3:
 1309 014a 73686F72 		.ascii	"short int\000"
 1309      7420696E 
 1309      7400
 1310              	.LASF29:
 1311 0154 534D4352 		.ascii	"SMCR\000"
 1311      00
 1312              	.LASF16:
 1313 0159 73697A65 		.ascii	"sizetype\000"
 1313      74797065 
 1313      00
 1314              	.LASF24:
 1315 0162 42444352 		.ascii	"BDCR\000"
 1315      00
 1316              	.LASF58:
 1317 0167 71656964 		.ascii	"qeidirinv_t\000"
 1317      6972696E 
 1317      765F7400 
 1318              	.LASF44:
 1319 0173 71656973 		.ascii	"qeistate_t\000"
ARM GAS  /tmp/ccTFbBpd.s 			page 25


 1319      74617465 
 1319      5F7400
 1320              	.LASF8:
 1321 017e 5F5F7569 		.ascii	"__uint32_t\000"
 1321      6E743332 
 1321      5F7400
 1322              	.LASF60:
 1323 0189 6D6F6465 		.ascii	"mode\000"
 1323      00
 1324              	.LASF5:
 1325 018e 5F5F7569 		.ascii	"__uint16_t\000"
 1325      6E743136 
 1325      5F7400
 1326              	.LASF48:
 1327 0199 636F6E66 		.ascii	"config\000"
 1327      696700
 1328              	.LASF18:
 1329 01a0 43464752 		.ascii	"CFGR\000"
 1329      00
 1330              	.LASF70:
 1331 01a5 51454944 		.ascii	"QEID4\000"
 1331      3400
 1332              	.LASF23:
 1333 01ab 41504231 		.ascii	"APB1ENR\000"
 1333      454E5200 
 1334              	.LASF65:
 1335 01b3 7165695F 		.ascii	"qei_lld_stop\000"
 1335      6C6C645F 
 1335      73746F70 
 1335      00
 1336              	.LASF42:
 1337 01c0 5145495F 		.ascii	"QEI_READY\000"
 1337      52454144 
 1337      5900
 1338              	.LASF25:
 1339 01ca 41484252 		.ascii	"AHBRSTR\000"
 1339      53545200 
 1340              	.LASF10:
 1341 01d2 6C6F6E67 		.ascii	"long long int\000"
 1341      206C6F6E 
 1341      6720696E 
 1341      7400
 1342              	.LASF45:
 1343 01e0 51454944 		.ascii	"QEIDriver\000"
 1343      72697665 
 1343      7200
 1344              	.LASF40:
 1345 01ea 5145495F 		.ascii	"QEI_UNINIT\000"
 1345      554E494E 
 1345      495400
 1346              	.LASF7:
 1347 01f5 6C6F6E67 		.ascii	"long int\000"
 1347      20696E74 
 1347      00
 1348              	.LASF37:
 1349 01fe 43435235 		.ascii	"CCR5\000"
 1349      00
ARM GAS  /tmp/ccTFbBpd.s 			page 26


 1350              	.LASF38:
 1351 0203 43435236 		.ascii	"CCR6\000"
 1351      00
 1352              	.LASF56:
 1353 0208 5145495F 		.ascii	"QEI_DIRINV_FALSE\000"
 1353      44495249 
 1353      4E565F46 
 1353      414C5345 
 1353      00
 1354              	.LASF21:
 1355 0219 41484245 		.ascii	"AHBENR\000"
 1355      4E5200
 1356              	.LASF19:
 1357 0220 41504232 		.ascii	"APB2RSTR\000"
 1357      52535452 
 1357      00
 1358              	.LASF31:
 1359 0229 43434D52 		.ascii	"CCMR1\000"
 1359      3100
 1360              	.LASF36:
 1361 022f 43434D52 		.ascii	"CCMR3\000"
 1361      3300
 1362              	.LASF53:
 1363 0235 5145495F 		.ascii	"QEI_SINGLE_EDGE\000"
 1363      53494E47 
 1363      4C455F45 
 1363      44474500 
 1364              	.LASF63:
 1365 0245 51454943 		.ascii	"QEIConfig\000"
 1365      6F6E6669 
 1365      6700
 1366              	.LASF41:
 1367 024f 5145495F 		.ascii	"QEI_STOP\000"
 1367      53544F50 
 1367      00
 1368              	.LASF43:
 1369 0258 5145495F 		.ascii	"QEI_ACTIVE\000"
 1369      41435449 
 1369      564500
 1370              	.LASF2:
 1371 0263 756E7369 		.ascii	"unsigned char\000"
 1371      676E6564 
 1371      20636861 
 1371      7200
 1372              	.LASF22:
 1373 0271 41504232 		.ascii	"APB2ENR\000"
 1373      454E5200 
 1374              	.LASF1:
 1375 0279 7369676E 		.ascii	"signed char\000"
 1375      65642063 
 1375      68617200 
 1376              	.LASF11:
 1377 0285 6C6F6E67 		.ascii	"long long unsigned int\000"
 1377      206C6F6E 
 1377      6720756E 
 1377      7369676E 
 1377      65642069 
ARM GAS  /tmp/ccTFbBpd.s 			page 27


 1378              	.LASF54:
 1379 029c 5145495F 		.ascii	"QEI_BOTH_EDGES\000"
 1379      424F5448 
 1379      5F454447 
 1379      455300
 1380              	.LASF14:
 1381 02ab 75696E74 		.ascii	"uint32_t\000"
 1381      33325F74 
 1381      00
 1382              	.LASF0:
 1383 02b4 756E7369 		.ascii	"unsigned int\000"
 1383      676E6564 
 1383      20696E74 
 1383      00
 1384              	.LASF26:
 1385 02c1 43464752 		.ascii	"CFGR2\000"
 1385      3200
 1386              	.LASF27:
 1387 02c7 43464752 		.ascii	"CFGR3\000"
 1387      3300
 1388              	.LASF67:
 1389 02cd 7165695F 		.ascii	"qei_lld_enable\000"
 1389      6C6C645F 
 1389      656E6162 
 1389      6C6500
 1390              	.LASF30:
 1391 02dc 44494552 		.ascii	"DIER\000"
 1391      00
 1392              	.LASF4:
 1393 02e1 73686F72 		.ascii	"short unsigned int\000"
 1393      7420756E 
 1393      7369676E 
 1393      65642069 
 1393      6E7400
 1394              	.LASF17:
 1395 02f4 63686172 		.ascii	"char\000"
 1395      00
 1396              	.LASF12:
 1397 02f9 75696E74 		.ascii	"uint16_t\000"
 1397      31365F74 
 1397      00
 1398              	.LASF39:
 1399 0302 73746D33 		.ascii	"stm32_tim_t\000"
 1399      325F7469 
 1399      6D5F7400 
 1400              	.LASF34:
 1401 030e 42445452 		.ascii	"BDTR\000"
 1401      00
 1402              	.LASF13:
 1403 0313 696E7433 		.ascii	"int32_t\000"
 1403      325F7400 
 1404              	.LASF61:
 1405 031b 7265736F 		.ascii	"resolution\000"
 1405      6C757469 
 1405      6F6E00
 1406              	.LASF62:
 1407 0326 64697269 		.ascii	"dirinv\000"
ARM GAS  /tmp/ccTFbBpd.s 			page 28


 1407      6E7600
 1408              	.LASF15:
 1409 032d 5F426F6F 		.ascii	"_Bool\000"
 1409      6C00
 1410              	.LASF57:
 1411 0333 5145495F 		.ascii	"QEI_DIRINV_TRUE\000"
 1411      44495249 
 1411      4E565F54 
 1411      52554500 
 1412              	.LASF55:
 1413 0343 71656972 		.ascii	"qeiresolution_t\000"
 1413      65736F6C 
 1413      7574696F 
 1413      6E5F7400 
 1414              	.LASF49:
 1415 0353 5145495F 		.ascii	"QEI_MODE_QUADRATURE\000"
 1415      4D4F4445 
 1415      5F515541 
 1415      44524154 
 1415      55524500 
 1416              	.LASF59:
 1417 0367 71656963 		.ascii	"qeicnt_t\000"
 1417      6E745F74 
 1417      00
 1418              	.LASF68:
 1419 0370 7165695F 		.ascii	"qei_lld_disable\000"
 1419      6C6C645F 
 1419      64697361 
 1419      626C6500 
 1420              	.LASF66:
 1421 0380 71656970 		.ascii	"qeip\000"
 1421      00
 1422              	.LASF9:
 1423 0385 6C6F6E67 		.ascii	"long unsigned int\000"
 1423      20756E73 
 1423      69676E65 
 1423      6420696E 
 1423      7400
 1424              	.LASF73:
 1425 0397 7165695F 		.ascii	"qei_lld_init\000"
 1425      6C6C645F 
 1425      696E6974 
 1425      00
 1426              	.LASF6:
 1427 03a4 5F5F696E 		.ascii	"__int32_t\000"
 1427      7433325F 
 1427      7400
 1428              	.LASF52:
 1429 03ae 7165696D 		.ascii	"qeimode_t\000"
 1429      6F64655F 
 1429      7400
 1430              	.LASF64:
 1431 03b8 7165695F 		.ascii	"qei_lld_start\000"
 1431      6C6C645F 
 1431      73746172 
 1431      7400
 1432              	.LASF47:
ARM GAS  /tmp/ccTFbBpd.s 			page 29


 1433 03c6 6C617374 		.ascii	"last\000"
 1433      00
 1434              	.LASF50:
 1435 03cb 5145495F 		.ascii	"QEI_MODE_DIRCLOCK1\000"
 1435      4D4F4445 
 1435      5F444952 
 1435      434C4F43 
 1435      4B3100
 1436              	.LASF51:
 1437 03de 5145495F 		.ascii	"QEI_MODE_DIRCLOCK2\000"
 1437      4D4F4445 
 1437      5F444952 
 1437      434C4F43 
 1437      4B3200
 1438              	.LASF69:
 1439 03f1 49544D5F 		.ascii	"ITM_RxBuffer\000"
 1439      52784275 
 1439      66666572 
 1439      00
 1440              		.ident	"GCC: (4.8.4-1+11-1) 4.8.4 20141219 (release)"
ARM GAS  /tmp/ccTFbBpd.s 			page 30


DEFINED SYMBOLS
                            *ABS*:0000000000000000 qei_lld.c
     /tmp/ccTFbBpd.s:25     .bss.QEID4:0000000000000000 QEID4
     /tmp/ccTFbBpd.s:22     .bss.QEID4:0000000000000000 $d
     /tmp/ccTFbBpd.s:28     .text.qei_lld_init:0000000000000000 $t
     /tmp/ccTFbBpd.s:34     .text.qei_lld_init:0000000000000000 qei_lld_init
     /tmp/ccTFbBpd.s:57     .text.qei_lld_init:0000000000000010 $d
     /tmp/ccTFbBpd.s:63     .text.qei_lld_start:0000000000000000 $t
     /tmp/ccTFbBpd.s:69     .text.qei_lld_start:0000000000000000 qei_lld_start
     /tmp/ccTFbBpd.s:216    .text.qei_lld_start:00000000000000d8 $d
     /tmp/ccTFbBpd.s:222    .text.qei_lld_stop:0000000000000000 $t
     /tmp/ccTFbBpd.s:228    .text.qei_lld_stop:0000000000000000 qei_lld_stop
     /tmp/ccTFbBpd.s:267    .text.qei_lld_stop:000000000000002c $d
     /tmp/ccTFbBpd.s:273    .text.qei_lld_enable:0000000000000000 $t
     /tmp/ccTFbBpd.s:279    .text.qei_lld_enable:0000000000000000 qei_lld_enable
     /tmp/ccTFbBpd.s:302    .text.qei_lld_disable:0000000000000000 $t
     /tmp/ccTFbBpd.s:308    .text.qei_lld_disable:0000000000000000 qei_lld_disable
                     .debug_frame:0000000000000010 $d
     /tmp/ccTFbBpd.s:62     .text.qei_lld_init:0000000000000018 $t
     /tmp/ccTFbBpd.s:272    .text.qei_lld_stop:0000000000000034 $t

UNDEFINED SYMBOLS
qeiObjectInit
