ARM GAS  /tmp/ccq0t1fH.s 			page 1


   1              		.syntax unified
   2              		.cpu cortex-m4
   3              		.eabi_attribute 27, 3
   4              		.eabi_attribute 28, 1
   5              		.fpu fpv4-sp-d16
   6              		.eabi_attribute 20, 1
   7              		.eabi_attribute 21, 1
   8              		.eabi_attribute 23, 3
   9              		.eabi_attribute 24, 1
  10              		.eabi_attribute 25, 1
  11              		.eabi_attribute 26, 1
  12              		.eabi_attribute 30, 6
  13              		.eabi_attribute 34, 1
  14              		.eabi_attribute 18, 4
  15              		.thumb
  16              		.file	"Checksummer.cpp"
  17              		.text
  18              	.Ltext0:
  19              		.cfi_sections	.debug_frame
  20              		.section	.text._ZN3r2p11Checksummer3addEh,"axG",%progbits,_ZN3r2p11Checksummer3addEh,comdat
  21              		.align	2
  22              		.p2align 4,,15
  23              		.weak	_ZN3r2p11Checksummer3addEh
  24              		.thumb
  25              		.thumb_func
  26              		.type	_ZN3r2p11Checksummer3addEh, %function
  27              	_ZN3r2p11Checksummer3addEh:
  28              	.LFB41:
  29              		.file 1 "/home/dave/r2p-sdk/core/Middleware/include/r2p/Checksummer.hpp"
  30              		.loc 1 104 0
  31              		.cfi_startproc
  32              		@ args = 0, pretend = 0, frame = 8
  33              		@ frame_needed = 0, uses_anonymous_args = 0
  34              		@ link register save eliminated.
  35 0000 82B0     		sub	sp, sp, #8
  36              		.cfi_def_cfa_offset 8
  37 0002 0190     		str	r0, [sp, #4]
  38 0004 0B46     		mov	r3, r1
  39 0006 8DF80330 		strb	r3, [sp, #3]
  40              		.loc 1 106 0
  41 000a 019B     		ldr	r3, [sp, #4]
  42 000c 1A78     		ldrb	r2, [r3]	@ zero_extendqisi2
  43 000e 9DF80330 		ldrb	r3, [sp, #3]
  44 0012 1344     		add	r3, r3, r2
  45 0014 DAB2     		uxtb	r2, r3
  46 0016 019B     		ldr	r3, [sp, #4]
  47 0018 1A70     		strb	r2, [r3]
  48              		.loc 1 107 0
  49 001a 02B0     		add	sp, sp, #8
  50              		@ sp needed
  51 001c 7047     		bx	lr
  52              		.cfi_endproc
  53              	.LFE41:
  54              		.size	_ZN3r2p11Checksummer3addEh, .-_ZN3r2p11Checksummer3addEh
  55 001e 00BF     		.section	.text._ZN3r2p11Checksummer3addEPKhj,"ax",%progbits
  56              		.align	2
  57              		.p2align 4,,15
ARM GAS  /tmp/ccq0t1fH.s 			page 2


  58              		.global	_ZN3r2p11Checksummer3addEPKhj
  59              		.thumb
  60              		.thumb_func
  61              		.type	_ZN3r2p11Checksummer3addEPKhj, %function
  62              	_ZN3r2p11Checksummer3addEPKhj:
  63              	.LFB66:
  64              		.file 2 "/home/dave/r2p-sdk/core/Middleware/src/Checksummer.cpp"
  65              		.loc 2 7 0
  66              		.cfi_startproc
  67              		@ args = 0, pretend = 0, frame = 16
  68              		@ frame_needed = 0, uses_anonymous_args = 0
  69 0000 00B5     		push	{lr}
  70              		.cfi_def_cfa_offset 4
  71              		.cfi_offset 14, -4
  72 0002 85B0     		sub	sp, sp, #20
  73              		.cfi_def_cfa_offset 24
  74 0004 0390     		str	r0, [sp, #12]
  75 0006 0291     		str	r1, [sp, #8]
  76 0008 0192     		str	r2, [sp, #4]
  77              		.loc 2 9 0
  78 000a 07E0     		b	.L3
  79              	.L4:
  80              		.loc 2 10 0
  81 000c 029B     		ldr	r3, [sp, #8]
  82 000e 5A1C     		adds	r2, r3, #1
  83 0010 0292     		str	r2, [sp, #8]
  84 0012 1B78     		ldrb	r3, [r3]	@ zero_extendqisi2
  85 0014 0398     		ldr	r0, [sp, #12]
  86 0016 1946     		mov	r1, r3
  87 0018 FFF7FEFF 		bl	_ZN3r2p11Checksummer3addEh
  88              	.L3:
  89              		.loc 2 9 0 discriminator 1
  90 001c 019B     		ldr	r3, [sp, #4]
  91 001e 5A1E     		subs	r2, r3, #1
  92 0020 0192     		str	r2, [sp, #4]
  93 0022 002B     		cmp	r3, #0
  94 0024 0CBF     		ite	eq
  95 0026 0023     		moveq	r3, #0
  96 0028 0123     		movne	r3, #1
  97 002a DBB2     		uxtb	r3, r3
  98 002c 002B     		cmp	r3, #0
  99 002e EDD1     		bne	.L4
 100              		.loc 2 12 0
 101 0030 05B0     		add	sp, sp, #20
 102              		@ sp needed
 103 0032 5DF804FB 		ldr	pc, [sp], #4
 104              		.cfi_endproc
 105              	.LFE66:
 106              		.size	_ZN3r2p11Checksummer3addEPKhj, .-_ZN3r2p11Checksummer3addEPKhj
 107 0036 00BFAFF3 		.text
 107      0080AFF3 
 107      0080
 108              	.Letext0:
 109              		.file 3 "/usr/lib/gcc/arm-none-eabi/4.8/include/stddef.h"
 110              		.file 4 "/usr/include/newlib/machine/_default_types.h"
 111              		.file 5 "/usr/include/newlib/c++/4.8/cstring"
 112              		.file 6 "/usr/include/newlib/string.h"
ARM GAS  /tmp/ccq0t1fH.s 			page 3


 113              		.file 7 "<built-in>"
 114              		.file 8 "/home/dave/r2p-sdk/core/Middleware/include/r2p/Uncopyable.hpp"
 115              		.file 9 "/usr/include/newlib/stdint.h"
 116              		.section	.debug_info,"",%progbits
 117              	.Ldebug_info0:
 118 0000 7B040000 		.4byte	0x47b
 119 0004 0400     		.2byte	0x4
 120 0006 00000000 		.4byte	.Ldebug_abbrev0
 121 000a 04       		.byte	0x4
 122 000b 01       		.uleb128 0x1
 123 000c 64010000 		.4byte	.LASF42
 124 0010 04       		.byte	0x4
 125 0011 A4000000 		.4byte	.LASF43
 126 0015 DF020000 		.4byte	.LASF44
 127 0019 00000000 		.4byte	.Ldebug_ranges0+0
 128 001d 00000000 		.4byte	0
 129 0021 00000000 		.4byte	.Ldebug_line0
 130 0025 02       		.uleb128 0x2
 131 0026 04       		.byte	0x4
 132 0027 05       		.byte	0x5
 133 0028 696E7400 		.ascii	"int\000"
 134 002c 03       		.uleb128 0x3
 135 002d 55000000 		.4byte	.LASF2
 136 0031 03       		.byte	0x3
 137 0032 D4       		.byte	0xd4
 138 0033 37000000 		.4byte	0x37
 139 0037 04       		.uleb128 0x4
 140 0038 04       		.byte	0x4
 141 0039 07       		.byte	0x7
 142 003a 1D030000 		.4byte	.LASF0
 143 003e 04       		.uleb128 0x4
 144 003f 01       		.byte	0x1
 145 0040 06       		.byte	0x6
 146 0041 E9030000 		.4byte	.LASF1
 147 0045 03       		.uleb128 0x3
 148 0046 5C000000 		.4byte	.LASF3
 149 004a 04       		.byte	0x4
 150 004b 1D       		.byte	0x1d
 151 004c 50000000 		.4byte	0x50
 152 0050 04       		.uleb128 0x4
 153 0051 01       		.byte	0x1
 154 0052 08       		.byte	0x8
 155 0053 3F010000 		.4byte	.LASF4
 156 0057 04       		.uleb128 0x4
 157 0058 02       		.byte	0x2
 158 0059 05       		.byte	0x5
 159 005a C3030000 		.4byte	.LASF5
 160 005e 04       		.uleb128 0x4
 161 005f 02       		.byte	0x2
 162 0060 07       		.byte	0x7
 163 0061 87020000 		.4byte	.LASF6
 164 0065 04       		.uleb128 0x4
 165 0066 04       		.byte	0x4
 166 0067 05       		.byte	0x5
 167 0068 DB000000 		.4byte	.LASF7
 168 006c 04       		.uleb128 0x4
 169 006d 04       		.byte	0x4
ARM GAS  /tmp/ccq0t1fH.s 			page 4


 170 006e 07       		.byte	0x7
 171 006f 52010000 		.4byte	.LASF8
 172 0073 04       		.uleb128 0x4
 173 0074 08       		.byte	0x8
 174 0075 05       		.byte	0x5
 175 0076 A1030000 		.4byte	.LASF9
 176 007a 04       		.uleb128 0x4
 177 007b 08       		.byte	0x8
 178 007c 07       		.byte	0x7
 179 007d 31030000 		.4byte	.LASF10
 180 0081 04       		.uleb128 0x4
 181 0082 04       		.byte	0x4
 182 0083 07       		.byte	0x7
 183 0084 AF030000 		.4byte	.LASF11
 184 0088 05       		.uleb128 0x5
 185 0089 04       		.byte	0x4
 186 008a 06       		.uleb128 0x6
 187 008b 04       		.byte	0x4
 188 008c 90000000 		.4byte	0x90
 189 0090 04       		.uleb128 0x4
 190 0091 01       		.byte	0x1
 191 0092 08       		.byte	0x8
 192 0093 B8030000 		.4byte	.LASF12
 193 0097 06       		.uleb128 0x6
 194 0098 04       		.byte	0x4
 195 0099 9D000000 		.4byte	0x9d
 196 009d 07       		.uleb128 0x7
 197 009e 90000000 		.4byte	0x90
 198 00a2 08       		.uleb128 0x8
 199 00a3 73746400 		.ascii	"std\000"
 200 00a7 07       		.byte	0x7
 201 00a8 00       		.byte	0
 202 00a9 CA000000 		.4byte	0xca
 203 00ad 09       		.uleb128 0x9
 204 00ae 05       		.byte	0x5
 205 00af 52       		.byte	0x52
 206 00b0 CA000000 		.4byte	0xca
 207 00b4 09       		.uleb128 0x9
 208 00b5 05       		.byte	0x5
 209 00b6 55       		.byte	0x55
 210 00b7 E4000000 		.4byte	0xe4
 211 00bb 09       		.uleb128 0x9
 212 00bc 05       		.byte	0x5
 213 00bd 5B       		.byte	0x5b
 214 00be F9000000 		.4byte	0xf9
 215 00c2 09       		.uleb128 0x9
 216 00c3 05       		.byte	0x5
 217 00c4 5C       		.byte	0x5c
 218 00c5 13010000 		.4byte	0x113
 219 00c9 00       		.byte	0
 220 00ca 0A       		.uleb128 0xa
 221 00cb 23000000 		.4byte	.LASF13
 222 00cf 06       		.byte	0x6
 223 00d0 1D       		.byte	0x1d
 224 00d1 25000000 		.4byte	0x25
 225 00d5 E4000000 		.4byte	0xe4
 226 00d9 0B       		.uleb128 0xb
ARM GAS  /tmp/ccq0t1fH.s 			page 5


 227 00da 97000000 		.4byte	0x97
 228 00de 0B       		.uleb128 0xb
 229 00df 97000000 		.4byte	0x97
 230 00e3 00       		.byte	0
 231 00e4 0A       		.uleb128 0xa
 232 00e5 CD030000 		.4byte	.LASF14
 233 00e9 06       		.byte	0x6
 234 00ea 20       		.byte	0x20
 235 00eb 8A000000 		.4byte	0x8a
 236 00ef F9000000 		.4byte	0xf9
 237 00f3 0B       		.uleb128 0xb
 238 00f4 25000000 		.4byte	0x25
 239 00f8 00       		.byte	0
 240 00f9 0A       		.uleb128 0xa
 241 00fa 2A030000 		.4byte	.LASF15
 242 00fe 06       		.byte	0x6
 243 00ff 2B       		.byte	0x2b
 244 0100 8A000000 		.4byte	0x8a
 245 0104 13010000 		.4byte	0x113
 246 0108 0B       		.uleb128 0xb
 247 0109 8A000000 		.4byte	0x8a
 248 010d 0B       		.uleb128 0xb
 249 010e 97000000 		.4byte	0x97
 250 0112 00       		.byte	0
 251 0113 0A       		.uleb128 0xa
 252 0114 09030000 		.4byte	.LASF16
 253 0118 06       		.byte	0x6
 254 0119 2E       		.byte	0x2e
 255 011a 2C000000 		.4byte	0x2c
 256 011e 32010000 		.4byte	0x132
 257 0122 0B       		.uleb128 0xb
 258 0123 8A000000 		.4byte	0x8a
 259 0127 0B       		.uleb128 0xb
 260 0128 97000000 		.4byte	0x97
 261 012c 0B       		.uleb128 0xb
 262 012d 2C000000 		.4byte	0x2c
 263 0131 00       		.byte	0
 264 0132 08       		.uleb128 0x8
 265 0133 72327000 		.ascii	"r2p\000"
 266 0137 08       		.byte	0x8
 267 0138 03       		.byte	0x3
 268 0139 C6030000 		.4byte	0x3c6
 269 013d 0C       		.uleb128 0xc
 270 013e FE020000 		.4byte	.LASF17
 271 0142 01       		.byte	0x1
 272 0143 08       		.byte	0x8
 273 0144 06       		.byte	0x6
 274 0145 9D010000 		.4byte	0x19d
 275 0149 0D       		.uleb128 0xd
 276 014a FE020000 		.4byte	.LASF17
 277 014e 08       		.byte	0x8
 278 014f 09       		.byte	0x9
 279 0150 C6030000 		.4byte	0x3c6
 280 0154 5C010000 		.4byte	0x15c
 281 0158 67010000 		.4byte	0x167
 282 015c 0E       		.uleb128 0xe
 283 015d C6030000 		.4byte	0x3c6
ARM GAS  /tmp/ccq0t1fH.s 			page 6


 284 0161 0B       		.uleb128 0xb
 285 0162 CC030000 		.4byte	0x3cc
 286 0166 00       		.byte	0
 287 0167 0F       		.uleb128 0xf
 288 0168 FE020000 		.4byte	.LASF17
 289 016c 08       		.byte	0x8
 290 016d 14       		.byte	0x14
 291 016e C6030000 		.4byte	0x3c6
 292 0172 02       		.byte	0x2
 293 0173 7B010000 		.4byte	0x17b
 294 0177 81010000 		.4byte	0x181
 295 017b 0E       		.uleb128 0xe
 296 017c C6030000 		.4byte	0x3c6
 297 0180 00       		.byte	0
 298 0181 10       		.uleb128 0x10
 299 0182 11030000 		.4byte	.LASF18
 300 0186 08       		.byte	0x8
 301 0187 15       		.byte	0x15
 302 0188 88000000 		.4byte	0x88
 303 018c 02       		.byte	0x2
 304 018d 91010000 		.4byte	0x191
 305 0191 0E       		.uleb128 0xe
 306 0192 C6030000 		.4byte	0x3c6
 307 0196 0E       		.uleb128 0xe
 308 0197 25000000 		.4byte	0x25
 309 019b 00       		.byte	0
 310 019c 00       		.byte	0
 311 019d 07       		.uleb128 0x7
 312 019e 3D010000 		.4byte	0x13d
 313 01a2 0C       		.uleb128 0xc
 314 01a3 DD030000 		.4byte	.LASF19
 315 01a7 01       		.byte	0x1
 316 01a8 01       		.byte	0x1
 317 01a9 08       		.byte	0x8
 318 01aa C0030000 		.4byte	0x3c0
 319 01ae 11       		.uleb128 0x11
 320 01af 3D010000 		.4byte	0x13d
 321 01b3 00       		.byte	0
 322 01b4 12       		.uleb128 0x12
 323 01b5 D3020000 		.4byte	.LASF45
 324 01b9 01       		.byte	0x1
 325 01ba 13       		.byte	0x13
 326 01bb D2030000 		.4byte	0x3d2
 327 01bf 00       		.byte	0
 328 01c0 13       		.uleb128 0x13
 329 01c1 5B030000 		.4byte	.LASF20
 330 01c5 01       		.byte	0x1
 331 01c6 16       		.byte	0x16
 332 01c7 FF000000 		.4byte	.LASF22
 333 01cb D2030000 		.4byte	0x3d2
 334 01cf 01       		.byte	0x1
 335 01d0 D8010000 		.4byte	0x1d8
 336 01d4 DE010000 		.4byte	0x1de
 337 01d8 0E       		.uleb128 0xe
 338 01d9 EF030000 		.4byte	0x3ef
 339 01dd 00       		.byte	0
 340 01de 13       		.uleb128 0x13
ARM GAS  /tmp/ccq0t1fH.s 			page 7


 341 01df 6B030000 		.4byte	.LASF21
 342 01e3 01       		.byte	0x1
 343 01e4 17       		.byte	0x17
 344 01e5 2B000000 		.4byte	.LASF23
 345 01e9 D2030000 		.4byte	0x3d2
 346 01ed 01       		.byte	0x1
 347 01ee F6010000 		.4byte	0x1f6
 348 01f2 FC010000 		.4byte	0x1fc
 349 01f6 0E       		.uleb128 0xe
 350 01f7 EF030000 		.4byte	0x3ef
 351 01fb 00       		.byte	0
 352 01fc 13       		.uleb128 0x13
 353 01fd 28010000 		.4byte	.LASF24
 354 0201 01       		.byte	0x1
 355 0202 18       		.byte	0x18
 356 0203 7C030000 		.4byte	.LASF25
 357 0207 DD030000 		.4byte	0x3dd
 358 020b 01       		.byte	0x1
 359 020c 14020000 		.4byte	0x214
 360 0210 1F020000 		.4byte	0x21f
 361 0214 0E       		.uleb128 0xe
 362 0215 EF030000 		.4byte	0x3ef
 363 0219 0B       		.uleb128 0xb
 364 021a D2030000 		.4byte	0x3d2
 365 021e 00       		.byte	0
 366 021f 14       		.uleb128 0x14
 367 0220 83000000 		.4byte	.LASF26
 368 0224 01       		.byte	0x1
 369 0225 1A       		.byte	0x1a
 370 0226 66000000 		.4byte	.LASF46
 371 022a 01       		.byte	0x1
 372 022b 33020000 		.4byte	0x233
 373 022f 39020000 		.4byte	0x239
 374 0233 0E       		.uleb128 0xe
 375 0234 F5030000 		.4byte	0x3f5
 376 0238 00       		.byte	0
 377 0239 15       		.uleb128 0x15
 378 023a 61646400 		.ascii	"add\000"
 379 023e 01       		.byte	0x1
 380 023f 1B       		.byte	0x1b
 381 0240 89000000 		.4byte	.LASF27
 382 0244 01       		.byte	0x1
 383 0245 4D020000 		.4byte	0x24d
 384 0249 58020000 		.4byte	0x258
 385 024d 0E       		.uleb128 0xe
 386 024e F5030000 		.4byte	0x3f5
 387 0252 0B       		.uleb128 0xb
 388 0253 90000000 		.4byte	0x90
 389 0257 00       		.byte	0
 390 0258 15       		.uleb128 0x15
 391 0259 61646400 		.ascii	"add\000"
 392 025d 01       		.byte	0x1
 393 025e 1C       		.byte	0x1c
 394 025f E4000000 		.4byte	.LASF28
 395 0263 01       		.byte	0x1
 396 0264 6C020000 		.4byte	0x26c
 397 0268 77020000 		.4byte	0x277
ARM GAS  /tmp/ccq0t1fH.s 			page 8


 398 026c 0E       		.uleb128 0xe
 399 026d F5030000 		.4byte	0x3f5
 400 0271 0B       		.uleb128 0xb
 401 0272 D2030000 		.4byte	0x3d2
 402 0276 00       		.byte	0
 403 0277 15       		.uleb128 0x15
 404 0278 61646400 		.ascii	"add\000"
 405 027c 01       		.byte	0x1
 406 027d 1D       		.byte	0x1d
 407 027e 00000000 		.4byte	.LASF29
 408 0282 01       		.byte	0x1
 409 0283 8B020000 		.4byte	0x28b
 410 0287 9B020000 		.4byte	0x29b
 411 028b 0E       		.uleb128 0xe
 412 028c F5030000 		.4byte	0x3f5
 413 0290 0B       		.uleb128 0xb
 414 0291 E4030000 		.4byte	0x3e4
 415 0295 0B       		.uleb128 0xb
 416 0296 2C000000 		.4byte	0x2c
 417 029a 00       		.byte	0
 418 029b 15       		.uleb128 0x15
 419 029c 61646400 		.ascii	"add\000"
 420 02a0 01       		.byte	0x1
 421 02a1 1E       		.byte	0x1e
 422 02a2 9A020000 		.4byte	.LASF30
 423 02a6 01       		.byte	0x1
 424 02a7 AF020000 		.4byte	0x2af
 425 02ab BF020000 		.4byte	0x2bf
 426 02af 0E       		.uleb128 0xe
 427 02b0 F5030000 		.4byte	0x3f5
 428 02b4 0B       		.uleb128 0xb
 429 02b5 FB030000 		.4byte	0x3fb
 430 02b9 0B       		.uleb128 0xb
 431 02ba 2C000000 		.4byte	0x2c
 432 02be 00       		.byte	0
 433 02bf 13       		.uleb128 0x13
 434 02c0 2E010000 		.4byte	.LASF31
 435 02c4 01       		.byte	0x1
 436 02c5 23       		.byte	0x23
 437 02c6 B8020000 		.4byte	.LASF32
 438 02ca D2030000 		.4byte	0x3d2
 439 02ce 01       		.byte	0x1
 440 02cf D7020000 		.4byte	0x2d7
 441 02d3 DD020000 		.4byte	0x2dd
 442 02d7 0E       		.uleb128 0xe
 443 02d8 EF030000 		.4byte	0x3ef
 444 02dc 00       		.byte	0
 445 02dd 13       		.uleb128 0x13
 446 02de 50030000 		.4byte	.LASF33
 447 02e2 01       		.byte	0x1
 448 02e3 25       		.byte	0x25
 449 02e4 F5030000 		.4byte	.LASF34
 450 02e8 02040000 		.4byte	0x402
 451 02ec 01       		.byte	0x1
 452 02ed F5020000 		.4byte	0x2f5
 453 02f1 00030000 		.4byte	0x300
 454 02f5 0E       		.uleb128 0xe
ARM GAS  /tmp/ccq0t1fH.s 			page 9


 455 02f6 F5030000 		.4byte	0x3f5
 456 02fa 0B       		.uleb128 0xb
 457 02fb 90000000 		.4byte	0x90
 458 02ff 00       		.byte	0
 459 0300 13       		.uleb128 0x13
 460 0301 50030000 		.4byte	.LASF33
 461 0305 01       		.byte	0x1
 462 0306 26       		.byte	0x26
 463 0307 0E040000 		.4byte	.LASF35
 464 030b 02040000 		.4byte	0x402
 465 030f 01       		.byte	0x1
 466 0310 18030000 		.4byte	0x318
 467 0314 23030000 		.4byte	0x323
 468 0318 0E       		.uleb128 0xe
 469 0319 F5030000 		.4byte	0x3f5
 470 031d 0B       		.uleb128 0xb
 471 031e D2030000 		.4byte	0x3d2
 472 0322 00       		.byte	0
 473 0323 0F       		.uleb128 0xf
 474 0324 DD030000 		.4byte	.LASF19
 475 0328 01       		.byte	0x1
 476 0329 2A       		.byte	0x2a
 477 032a F5030000 		.4byte	0x3f5
 478 032e 01       		.byte	0x1
 479 032f 37030000 		.4byte	0x337
 480 0333 3D030000 		.4byte	0x33d
 481 0337 0E       		.uleb128 0xe
 482 0338 F5030000 		.4byte	0x3f5
 483 033c 00       		.byte	0
 484 033d 0F       		.uleb128 0xf
 485 033e DD030000 		.4byte	.LASF19
 486 0342 01       		.byte	0x1
 487 0343 2B       		.byte	0x2b
 488 0344 F5030000 		.4byte	0x3f5
 489 0348 01       		.byte	0x1
 490 0349 51030000 		.4byte	0x351
 491 034d 5C030000 		.4byte	0x35c
 492 0351 0E       		.uleb128 0xe
 493 0352 F5030000 		.4byte	0x3f5
 494 0356 0B       		.uleb128 0xb
 495 0357 90000000 		.4byte	0x90
 496 035b 00       		.byte	0
 497 035c 0F       		.uleb128 0xf
 498 035d DD030000 		.4byte	.LASF19
 499 0361 01       		.byte	0x1
 500 0362 2C       		.byte	0x2c
 501 0363 F5030000 		.4byte	0x3f5
 502 0367 01       		.byte	0x1
 503 0368 70030000 		.4byte	0x370
 504 036c 7B030000 		.4byte	0x37b
 505 0370 0E       		.uleb128 0xe
 506 0371 F5030000 		.4byte	0x3f5
 507 0375 0B       		.uleb128 0xb
 508 0376 D2030000 		.4byte	0x3d2
 509 037a 00       		.byte	0
 510 037b 0F       		.uleb128 0xf
 511 037c DD030000 		.4byte	.LASF19
ARM GAS  /tmp/ccq0t1fH.s 			page 10


 512 0380 01       		.byte	0x1
 513 0381 2D       		.byte	0x2d
 514 0382 F5030000 		.4byte	0x3f5
 515 0386 01       		.byte	0x1
 516 0387 8F030000 		.4byte	0x38f
 517 038b 9F030000 		.4byte	0x39f
 518 038f 0E       		.uleb128 0xe
 519 0390 F5030000 		.4byte	0x3f5
 520 0394 0B       		.uleb128 0xb
 521 0395 E4030000 		.4byte	0x3e4
 522 0399 0B       		.uleb128 0xb
 523 039a 2C000000 		.4byte	0x2c
 524 039e 00       		.byte	0
 525 039f 10       		.uleb128 0x10
 526 03a0 DD030000 		.4byte	.LASF19
 527 03a4 01       		.byte	0x1
 528 03a5 2E       		.byte	0x2e
 529 03a6 F5030000 		.4byte	0x3f5
 530 03aa 01       		.byte	0x1
 531 03ab AF030000 		.4byte	0x3af
 532 03af 0E       		.uleb128 0xe
 533 03b0 F5030000 		.4byte	0x3f5
 534 03b4 0B       		.uleb128 0xb
 535 03b5 FB030000 		.4byte	0x3fb
 536 03b9 0B       		.uleb128 0xb
 537 03ba 2C000000 		.4byte	0x2c
 538 03be 00       		.byte	0
 539 03bf 00       		.byte	0
 540 03c0 07       		.uleb128 0x7
 541 03c1 A2010000 		.4byte	0x1a2
 542 03c5 00       		.byte	0
 543 03c6 06       		.uleb128 0x6
 544 03c7 04       		.byte	0x4
 545 03c8 3D010000 		.4byte	0x13d
 546 03cc 16       		.uleb128 0x16
 547 03cd 04       		.byte	0x4
 548 03ce 9D010000 		.4byte	0x19d
 549 03d2 03       		.uleb128 0x3
 550 03d3 48030000 		.4byte	.LASF36
 551 03d7 09       		.byte	0x9
 552 03d8 2A       		.byte	0x2a
 553 03d9 45000000 		.4byte	0x45
 554 03dd 04       		.uleb128 0x4
 555 03de 01       		.byte	0x1
 556 03df 02       		.byte	0x2
 557 03e0 1E000000 		.4byte	.LASF37
 558 03e4 06       		.uleb128 0x6
 559 03e5 04       		.byte	0x4
 560 03e6 EA030000 		.4byte	0x3ea
 561 03ea 07       		.uleb128 0x7
 562 03eb D2030000 		.4byte	0x3d2
 563 03ef 06       		.uleb128 0x6
 564 03f0 04       		.byte	0x4
 565 03f1 C0030000 		.4byte	0x3c0
 566 03f5 06       		.uleb128 0x6
 567 03f6 04       		.byte	0x4
 568 03f7 A2010000 		.4byte	0x1a2
ARM GAS  /tmp/ccq0t1fH.s 			page 11


 569 03fb 06       		.uleb128 0x6
 570 03fc 04       		.byte	0x4
 571 03fd 01040000 		.4byte	0x401
 572 0401 17       		.uleb128 0x17
 573 0402 16       		.uleb128 0x16
 574 0403 04       		.byte	0x4
 575 0404 A2010000 		.4byte	0x1a2
 576 0408 18       		.uleb128 0x18
 577 0409 58020000 		.4byte	0x258
 578 040d 68       		.byte	0x68
 579 040e 00000000 		.4byte	.LFB41
 580 0412 1E000000 		.4byte	.LFE41-.LFB41
 581 0416 01       		.uleb128 0x1
 582 0417 9C       		.byte	0x9c
 583 0418 20040000 		.4byte	0x420
 584 041c 3B040000 		.4byte	0x43b
 585 0420 19       		.uleb128 0x19
 586 0421 4D010000 		.4byte	.LASF38
 587 0425 3B040000 		.4byte	0x43b
 588 0429 02       		.uleb128 0x2
 589 042a 91       		.byte	0x91
 590 042b 7C       		.sleb128 -4
 591 042c 1A       		.uleb128 0x1a
 592 042d BD030000 		.4byte	.LASF39
 593 0431 01       		.byte	0x1
 594 0432 68       		.byte	0x68
 595 0433 EA030000 		.4byte	0x3ea
 596 0437 02       		.uleb128 0x2
 597 0438 91       		.byte	0x91
 598 0439 7B       		.sleb128 -5
 599 043a 00       		.byte	0
 600 043b 07       		.uleb128 0x7
 601 043c F5030000 		.4byte	0x3f5
 602 0440 1B       		.uleb128 0x1b
 603 0441 77020000 		.4byte	0x277
 604 0445 02       		.byte	0x2
 605 0446 07       		.byte	0x7
 606 0447 00000000 		.4byte	.LFB66
 607 044b 36000000 		.4byte	.LFE66-.LFB66
 608 044f 01       		.uleb128 0x1
 609 0450 9C       		.byte	0x9c
 610 0451 55040000 		.4byte	0x455
 611 0455 19       		.uleb128 0x19
 612 0456 4D010000 		.4byte	.LASF38
 613 045a 3B040000 		.4byte	0x43b
 614 045e 02       		.uleb128 0x2
 615 045f 91       		.byte	0x91
 616 0460 74       		.sleb128 -12
 617 0461 1A       		.uleb128 0x1a
 618 0462 9A030000 		.4byte	.LASF40
 619 0466 02       		.byte	0x2
 620 0467 07       		.byte	0x7
 621 0468 E4030000 		.4byte	0x3e4
 622 046c 02       		.uleb128 0x2
 623 046d 91       		.byte	0x91
 624 046e 70       		.sleb128 -16
 625 046f 1A       		.uleb128 0x1a
ARM GAS  /tmp/ccq0t1fH.s 			page 12


 626 0470 D6030000 		.4byte	.LASF41
 627 0474 02       		.byte	0x2
 628 0475 07       		.byte	0x7
 629 0476 2C000000 		.4byte	0x2c
 630 047a 02       		.uleb128 0x2
 631 047b 91       		.byte	0x91
 632 047c 6C       		.sleb128 -20
 633 047d 00       		.byte	0
 634 047e 00       		.byte	0
 635              		.section	.debug_abbrev,"",%progbits
 636              	.Ldebug_abbrev0:
 637 0000 01       		.uleb128 0x1
 638 0001 11       		.uleb128 0x11
 639 0002 01       		.byte	0x1
 640 0003 25       		.uleb128 0x25
 641 0004 0E       		.uleb128 0xe
 642 0005 13       		.uleb128 0x13
 643 0006 0B       		.uleb128 0xb
 644 0007 03       		.uleb128 0x3
 645 0008 0E       		.uleb128 0xe
 646 0009 1B       		.uleb128 0x1b
 647 000a 0E       		.uleb128 0xe
 648 000b 55       		.uleb128 0x55
 649 000c 17       		.uleb128 0x17
 650 000d 11       		.uleb128 0x11
 651 000e 01       		.uleb128 0x1
 652 000f 10       		.uleb128 0x10
 653 0010 17       		.uleb128 0x17
 654 0011 00       		.byte	0
 655 0012 00       		.byte	0
 656 0013 02       		.uleb128 0x2
 657 0014 24       		.uleb128 0x24
 658 0015 00       		.byte	0
 659 0016 0B       		.uleb128 0xb
 660 0017 0B       		.uleb128 0xb
 661 0018 3E       		.uleb128 0x3e
 662 0019 0B       		.uleb128 0xb
 663 001a 03       		.uleb128 0x3
 664 001b 08       		.uleb128 0x8
 665 001c 00       		.byte	0
 666 001d 00       		.byte	0
 667 001e 03       		.uleb128 0x3
 668 001f 16       		.uleb128 0x16
 669 0020 00       		.byte	0
 670 0021 03       		.uleb128 0x3
 671 0022 0E       		.uleb128 0xe
 672 0023 3A       		.uleb128 0x3a
 673 0024 0B       		.uleb128 0xb
 674 0025 3B       		.uleb128 0x3b
 675 0026 0B       		.uleb128 0xb
 676 0027 49       		.uleb128 0x49
 677 0028 13       		.uleb128 0x13
 678 0029 00       		.byte	0
 679 002a 00       		.byte	0
 680 002b 04       		.uleb128 0x4
 681 002c 24       		.uleb128 0x24
 682 002d 00       		.byte	0
ARM GAS  /tmp/ccq0t1fH.s 			page 13


 683 002e 0B       		.uleb128 0xb
 684 002f 0B       		.uleb128 0xb
 685 0030 3E       		.uleb128 0x3e
 686 0031 0B       		.uleb128 0xb
 687 0032 03       		.uleb128 0x3
 688 0033 0E       		.uleb128 0xe
 689 0034 00       		.byte	0
 690 0035 00       		.byte	0
 691 0036 05       		.uleb128 0x5
 692 0037 0F       		.uleb128 0xf
 693 0038 00       		.byte	0
 694 0039 0B       		.uleb128 0xb
 695 003a 0B       		.uleb128 0xb
 696 003b 00       		.byte	0
 697 003c 00       		.byte	0
 698 003d 06       		.uleb128 0x6
 699 003e 0F       		.uleb128 0xf
 700 003f 00       		.byte	0
 701 0040 0B       		.uleb128 0xb
 702 0041 0B       		.uleb128 0xb
 703 0042 49       		.uleb128 0x49
 704 0043 13       		.uleb128 0x13
 705 0044 00       		.byte	0
 706 0045 00       		.byte	0
 707 0046 07       		.uleb128 0x7
 708 0047 26       		.uleb128 0x26
 709 0048 00       		.byte	0
 710 0049 49       		.uleb128 0x49
 711 004a 13       		.uleb128 0x13
 712 004b 00       		.byte	0
 713 004c 00       		.byte	0
 714 004d 08       		.uleb128 0x8
 715 004e 39       		.uleb128 0x39
 716 004f 01       		.byte	0x1
 717 0050 03       		.uleb128 0x3
 718 0051 08       		.uleb128 0x8
 719 0052 3A       		.uleb128 0x3a
 720 0053 0B       		.uleb128 0xb
 721 0054 3B       		.uleb128 0x3b
 722 0055 0B       		.uleb128 0xb
 723 0056 01       		.uleb128 0x1
 724 0057 13       		.uleb128 0x13
 725 0058 00       		.byte	0
 726 0059 00       		.byte	0
 727 005a 09       		.uleb128 0x9
 728 005b 08       		.uleb128 0x8
 729 005c 00       		.byte	0
 730 005d 3A       		.uleb128 0x3a
 731 005e 0B       		.uleb128 0xb
 732 005f 3B       		.uleb128 0x3b
 733 0060 0B       		.uleb128 0xb
 734 0061 18       		.uleb128 0x18
 735 0062 13       		.uleb128 0x13
 736 0063 00       		.byte	0
 737 0064 00       		.byte	0
 738 0065 0A       		.uleb128 0xa
 739 0066 2E       		.uleb128 0x2e
ARM GAS  /tmp/ccq0t1fH.s 			page 14


 740 0067 01       		.byte	0x1
 741 0068 3F       		.uleb128 0x3f
 742 0069 19       		.uleb128 0x19
 743 006a 03       		.uleb128 0x3
 744 006b 0E       		.uleb128 0xe
 745 006c 3A       		.uleb128 0x3a
 746 006d 0B       		.uleb128 0xb
 747 006e 3B       		.uleb128 0x3b
 748 006f 0B       		.uleb128 0xb
 749 0070 49       		.uleb128 0x49
 750 0071 13       		.uleb128 0x13
 751 0072 3C       		.uleb128 0x3c
 752 0073 19       		.uleb128 0x19
 753 0074 01       		.uleb128 0x1
 754 0075 13       		.uleb128 0x13
 755 0076 00       		.byte	0
 756 0077 00       		.byte	0
 757 0078 0B       		.uleb128 0xb
 758 0079 05       		.uleb128 0x5
 759 007a 00       		.byte	0
 760 007b 49       		.uleb128 0x49
 761 007c 13       		.uleb128 0x13
 762 007d 00       		.byte	0
 763 007e 00       		.byte	0
 764 007f 0C       		.uleb128 0xc
 765 0080 02       		.uleb128 0x2
 766 0081 01       		.byte	0x1
 767 0082 03       		.uleb128 0x3
 768 0083 0E       		.uleb128 0xe
 769 0084 0B       		.uleb128 0xb
 770 0085 0B       		.uleb128 0xb
 771 0086 3A       		.uleb128 0x3a
 772 0087 0B       		.uleb128 0xb
 773 0088 3B       		.uleb128 0x3b
 774 0089 0B       		.uleb128 0xb
 775 008a 01       		.uleb128 0x1
 776 008b 13       		.uleb128 0x13
 777 008c 00       		.byte	0
 778 008d 00       		.byte	0
 779 008e 0D       		.uleb128 0xd
 780 008f 2E       		.uleb128 0x2e
 781 0090 01       		.byte	0x1
 782 0091 3F       		.uleb128 0x3f
 783 0092 19       		.uleb128 0x19
 784 0093 03       		.uleb128 0x3
 785 0094 0E       		.uleb128 0xe
 786 0095 3A       		.uleb128 0x3a
 787 0096 0B       		.uleb128 0xb
 788 0097 3B       		.uleb128 0x3b
 789 0098 0B       		.uleb128 0xb
 790 0099 49       		.uleb128 0x49
 791 009a 13       		.uleb128 0x13
 792 009b 3C       		.uleb128 0x3c
 793 009c 19       		.uleb128 0x19
 794 009d 64       		.uleb128 0x64
 795 009e 13       		.uleb128 0x13
 796 009f 01       		.uleb128 0x1
ARM GAS  /tmp/ccq0t1fH.s 			page 15


 797 00a0 13       		.uleb128 0x13
 798 00a1 00       		.byte	0
 799 00a2 00       		.byte	0
 800 00a3 0E       		.uleb128 0xe
 801 00a4 05       		.uleb128 0x5
 802 00a5 00       		.byte	0
 803 00a6 49       		.uleb128 0x49
 804 00a7 13       		.uleb128 0x13
 805 00a8 34       		.uleb128 0x34
 806 00a9 19       		.uleb128 0x19
 807 00aa 00       		.byte	0
 808 00ab 00       		.byte	0
 809 00ac 0F       		.uleb128 0xf
 810 00ad 2E       		.uleb128 0x2e
 811 00ae 01       		.byte	0x1
 812 00af 3F       		.uleb128 0x3f
 813 00b0 19       		.uleb128 0x19
 814 00b1 03       		.uleb128 0x3
 815 00b2 0E       		.uleb128 0xe
 816 00b3 3A       		.uleb128 0x3a
 817 00b4 0B       		.uleb128 0xb
 818 00b5 3B       		.uleb128 0x3b
 819 00b6 0B       		.uleb128 0xb
 820 00b7 49       		.uleb128 0x49
 821 00b8 13       		.uleb128 0x13
 822 00b9 32       		.uleb128 0x32
 823 00ba 0B       		.uleb128 0xb
 824 00bb 3C       		.uleb128 0x3c
 825 00bc 19       		.uleb128 0x19
 826 00bd 64       		.uleb128 0x64
 827 00be 13       		.uleb128 0x13
 828 00bf 01       		.uleb128 0x1
 829 00c0 13       		.uleb128 0x13
 830 00c1 00       		.byte	0
 831 00c2 00       		.byte	0
 832 00c3 10       		.uleb128 0x10
 833 00c4 2E       		.uleb128 0x2e
 834 00c5 01       		.byte	0x1
 835 00c6 3F       		.uleb128 0x3f
 836 00c7 19       		.uleb128 0x19
 837 00c8 03       		.uleb128 0x3
 838 00c9 0E       		.uleb128 0xe
 839 00ca 3A       		.uleb128 0x3a
 840 00cb 0B       		.uleb128 0xb
 841 00cc 3B       		.uleb128 0x3b
 842 00cd 0B       		.uleb128 0xb
 843 00ce 49       		.uleb128 0x49
 844 00cf 13       		.uleb128 0x13
 845 00d0 32       		.uleb128 0x32
 846 00d1 0B       		.uleb128 0xb
 847 00d2 3C       		.uleb128 0x3c
 848 00d3 19       		.uleb128 0x19
 849 00d4 64       		.uleb128 0x64
 850 00d5 13       		.uleb128 0x13
 851 00d6 00       		.byte	0
 852 00d7 00       		.byte	0
 853 00d8 11       		.uleb128 0x11
ARM GAS  /tmp/ccq0t1fH.s 			page 16


 854 00d9 1C       		.uleb128 0x1c
 855 00da 00       		.byte	0
 856 00db 49       		.uleb128 0x49
 857 00dc 13       		.uleb128 0x13
 858 00dd 38       		.uleb128 0x38
 859 00de 0B       		.uleb128 0xb
 860 00df 00       		.byte	0
 861 00e0 00       		.byte	0
 862 00e1 12       		.uleb128 0x12
 863 00e2 0D       		.uleb128 0xd
 864 00e3 00       		.byte	0
 865 00e4 03       		.uleb128 0x3
 866 00e5 0E       		.uleb128 0xe
 867 00e6 3A       		.uleb128 0x3a
 868 00e7 0B       		.uleb128 0xb
 869 00e8 3B       		.uleb128 0x3b
 870 00e9 0B       		.uleb128 0xb
 871 00ea 49       		.uleb128 0x49
 872 00eb 13       		.uleb128 0x13
 873 00ec 38       		.uleb128 0x38
 874 00ed 0B       		.uleb128 0xb
 875 00ee 00       		.byte	0
 876 00ef 00       		.byte	0
 877 00f0 13       		.uleb128 0x13
 878 00f1 2E       		.uleb128 0x2e
 879 00f2 01       		.byte	0x1
 880 00f3 3F       		.uleb128 0x3f
 881 00f4 19       		.uleb128 0x19
 882 00f5 03       		.uleb128 0x3
 883 00f6 0E       		.uleb128 0xe
 884 00f7 3A       		.uleb128 0x3a
 885 00f8 0B       		.uleb128 0xb
 886 00f9 3B       		.uleb128 0x3b
 887 00fa 0B       		.uleb128 0xb
 888 00fb 6E       		.uleb128 0x6e
 889 00fc 0E       		.uleb128 0xe
 890 00fd 49       		.uleb128 0x49
 891 00fe 13       		.uleb128 0x13
 892 00ff 32       		.uleb128 0x32
 893 0100 0B       		.uleb128 0xb
 894 0101 3C       		.uleb128 0x3c
 895 0102 19       		.uleb128 0x19
 896 0103 64       		.uleb128 0x64
 897 0104 13       		.uleb128 0x13
 898 0105 01       		.uleb128 0x1
 899 0106 13       		.uleb128 0x13
 900 0107 00       		.byte	0
 901 0108 00       		.byte	0
 902 0109 14       		.uleb128 0x14
 903 010a 2E       		.uleb128 0x2e
 904 010b 01       		.byte	0x1
 905 010c 3F       		.uleb128 0x3f
 906 010d 19       		.uleb128 0x19
 907 010e 03       		.uleb128 0x3
 908 010f 0E       		.uleb128 0xe
 909 0110 3A       		.uleb128 0x3a
 910 0111 0B       		.uleb128 0xb
ARM GAS  /tmp/ccq0t1fH.s 			page 17


 911 0112 3B       		.uleb128 0x3b
 912 0113 0B       		.uleb128 0xb
 913 0114 6E       		.uleb128 0x6e
 914 0115 0E       		.uleb128 0xe
 915 0116 32       		.uleb128 0x32
 916 0117 0B       		.uleb128 0xb
 917 0118 3C       		.uleb128 0x3c
 918 0119 19       		.uleb128 0x19
 919 011a 64       		.uleb128 0x64
 920 011b 13       		.uleb128 0x13
 921 011c 01       		.uleb128 0x1
 922 011d 13       		.uleb128 0x13
 923 011e 00       		.byte	0
 924 011f 00       		.byte	0
 925 0120 15       		.uleb128 0x15
 926 0121 2E       		.uleb128 0x2e
 927 0122 01       		.byte	0x1
 928 0123 3F       		.uleb128 0x3f
 929 0124 19       		.uleb128 0x19
 930 0125 03       		.uleb128 0x3
 931 0126 08       		.uleb128 0x8
 932 0127 3A       		.uleb128 0x3a
 933 0128 0B       		.uleb128 0xb
 934 0129 3B       		.uleb128 0x3b
 935 012a 0B       		.uleb128 0xb
 936 012b 6E       		.uleb128 0x6e
 937 012c 0E       		.uleb128 0xe
 938 012d 32       		.uleb128 0x32
 939 012e 0B       		.uleb128 0xb
 940 012f 3C       		.uleb128 0x3c
 941 0130 19       		.uleb128 0x19
 942 0131 64       		.uleb128 0x64
 943 0132 13       		.uleb128 0x13
 944 0133 01       		.uleb128 0x1
 945 0134 13       		.uleb128 0x13
 946 0135 00       		.byte	0
 947 0136 00       		.byte	0
 948 0137 16       		.uleb128 0x16
 949 0138 10       		.uleb128 0x10
 950 0139 00       		.byte	0
 951 013a 0B       		.uleb128 0xb
 952 013b 0B       		.uleb128 0xb
 953 013c 49       		.uleb128 0x49
 954 013d 13       		.uleb128 0x13
 955 013e 00       		.byte	0
 956 013f 00       		.byte	0
 957 0140 17       		.uleb128 0x17
 958 0141 26       		.uleb128 0x26
 959 0142 00       		.byte	0
 960 0143 00       		.byte	0
 961 0144 00       		.byte	0
 962 0145 18       		.uleb128 0x18
 963 0146 2E       		.uleb128 0x2e
 964 0147 01       		.byte	0x1
 965 0148 47       		.uleb128 0x47
 966 0149 13       		.uleb128 0x13
 967 014a 3B       		.uleb128 0x3b
ARM GAS  /tmp/ccq0t1fH.s 			page 18


 968 014b 0B       		.uleb128 0xb
 969 014c 11       		.uleb128 0x11
 970 014d 01       		.uleb128 0x1
 971 014e 12       		.uleb128 0x12
 972 014f 06       		.uleb128 0x6
 973 0150 40       		.uleb128 0x40
 974 0151 18       		.uleb128 0x18
 975 0152 64       		.uleb128 0x64
 976 0153 13       		.uleb128 0x13
 977 0154 9742     		.uleb128 0x2117
 978 0156 19       		.uleb128 0x19
 979 0157 01       		.uleb128 0x1
 980 0158 13       		.uleb128 0x13
 981 0159 00       		.byte	0
 982 015a 00       		.byte	0
 983 015b 19       		.uleb128 0x19
 984 015c 05       		.uleb128 0x5
 985 015d 00       		.byte	0
 986 015e 03       		.uleb128 0x3
 987 015f 0E       		.uleb128 0xe
 988 0160 49       		.uleb128 0x49
 989 0161 13       		.uleb128 0x13
 990 0162 34       		.uleb128 0x34
 991 0163 19       		.uleb128 0x19
 992 0164 02       		.uleb128 0x2
 993 0165 18       		.uleb128 0x18
 994 0166 00       		.byte	0
 995 0167 00       		.byte	0
 996 0168 1A       		.uleb128 0x1a
 997 0169 05       		.uleb128 0x5
 998 016a 00       		.byte	0
 999 016b 03       		.uleb128 0x3
 1000 016c 0E       		.uleb128 0xe
 1001 016d 3A       		.uleb128 0x3a
 1002 016e 0B       		.uleb128 0xb
 1003 016f 3B       		.uleb128 0x3b
 1004 0170 0B       		.uleb128 0xb
 1005 0171 49       		.uleb128 0x49
 1006 0172 13       		.uleb128 0x13
 1007 0173 02       		.uleb128 0x2
 1008 0174 18       		.uleb128 0x18
 1009 0175 00       		.byte	0
 1010 0176 00       		.byte	0
 1011 0177 1B       		.uleb128 0x1b
 1012 0178 2E       		.uleb128 0x2e
 1013 0179 01       		.byte	0x1
 1014 017a 47       		.uleb128 0x47
 1015 017b 13       		.uleb128 0x13
 1016 017c 3A       		.uleb128 0x3a
 1017 017d 0B       		.uleb128 0xb
 1018 017e 3B       		.uleb128 0x3b
 1019 017f 0B       		.uleb128 0xb
 1020 0180 11       		.uleb128 0x11
 1021 0181 01       		.uleb128 0x1
 1022 0182 12       		.uleb128 0x12
 1023 0183 06       		.uleb128 0x6
 1024 0184 40       		.uleb128 0x40
ARM GAS  /tmp/ccq0t1fH.s 			page 19


 1025 0185 18       		.uleb128 0x18
 1026 0186 64       		.uleb128 0x64
 1027 0187 13       		.uleb128 0x13
 1028 0188 9642     		.uleb128 0x2116
 1029 018a 19       		.uleb128 0x19
 1030 018b 00       		.byte	0
 1031 018c 00       		.byte	0
 1032 018d 00       		.byte	0
 1033              		.section	.debug_aranges,"",%progbits
 1034 0000 24000000 		.4byte	0x24
 1035 0004 0200     		.2byte	0x2
 1036 0006 00000000 		.4byte	.Ldebug_info0
 1037 000a 04       		.byte	0x4
 1038 000b 00       		.byte	0
 1039 000c 0000     		.2byte	0
 1040 000e 0000     		.2byte	0
 1041 0010 00000000 		.4byte	.LFB41
 1042 0014 1E000000 		.4byte	.LFE41-.LFB41
 1043 0018 00000000 		.4byte	.LFB66
 1044 001c 36000000 		.4byte	.LFE66-.LFB66
 1045 0020 00000000 		.4byte	0
 1046 0024 00000000 		.4byte	0
 1047              		.section	.debug_ranges,"",%progbits
 1048              	.Ldebug_ranges0:
 1049 0000 00000000 		.4byte	.LFB41
 1050 0004 1E000000 		.4byte	.LFE41
 1051 0008 00000000 		.4byte	.LFB66
 1052 000c 36000000 		.4byte	.LFE66
 1053 0010 00000000 		.4byte	0
 1054 0014 00000000 		.4byte	0
 1055              		.section	.debug_line,"",%progbits
 1056              	.Ldebug_line0:
 1057 0000 94010000 		.section	.debug_str,"MS",%progbits,1
 1057      02006501 
 1057      00000201 
 1057      FB0E0D00 
 1057      01010101 
 1058              	.LASF29:
 1059 0000 5F5A4E33 		.ascii	"_ZN3r2p11Checksummer3addEPKhj\000"
 1059      72327031 
 1059      31436865 
 1059      636B7375 
 1059      6D6D6572 
 1060              	.LASF37:
 1061 001e 626F6F6C 		.ascii	"bool\000"
 1061      00
 1062              	.LASF13:
 1063 0023 73747263 		.ascii	"strcoll\000"
 1063      6F6C6C00 
 1064              	.LASF23:
 1065 002b 5F5A4E4B 		.ascii	"_ZNK3r2p11Checksummer16compute_checksumEv\000"
 1065      33723270 
 1065      31314368 
 1065      65636B73 
 1065      756D6D65 
 1066              	.LASF2:
 1067 0055 73697A65 		.ascii	"size_t\000"
ARM GAS  /tmp/ccq0t1fH.s 			page 20


 1067      5F7400
 1068              	.LASF3:
 1069 005c 5F5F7569 		.ascii	"__uint8_t\000"
 1069      6E74385F 
 1069      7400
 1070              	.LASF46:
 1071 0066 5F5A4E33 		.ascii	"_ZN3r2p11Checksummer5resetEv\000"
 1071      72327031 
 1071      31436865 
 1071      636B7375 
 1071      6D6D6572 
 1072              	.LASF26:
 1073 0083 72657365 		.ascii	"reset\000"
 1073      7400
 1074              	.LASF27:
 1075 0089 5F5A4E33 		.ascii	"_ZN3r2p11Checksummer3addEc\000"
 1075      72327031 
 1075      31436865 
 1075      636B7375 
 1075      6D6D6572 
 1076              	.LASF43:
 1077 00a4 2F686F6D 		.ascii	"/home/dave/r2p-sdk/core/Middleware/src/Checksummer."
 1077      652F6461 
 1077      76652F72 
 1077      32702D73 
 1077      646B2F63 
 1078 00d7 63707000 		.ascii	"cpp\000"
 1079              	.LASF7:
 1080 00db 6C6F6E67 		.ascii	"long int\000"
 1080      20696E74 
 1080      00
 1081              	.LASF28:
 1082 00e4 5F5A4E33 		.ascii	"_ZN3r2p11Checksummer3addEh\000"
 1082      72327031 
 1082      31436865 
 1082      636B7375 
 1082      6D6D6572 
 1083              	.LASF22:
 1084 00ff 5F5A4E4B 		.ascii	"_ZNK3r2p11Checksummer15get_accumulatorEv\000"
 1084      33723270 
 1084      31314368 
 1084      65636B73 
 1084      756D6D65 
 1085              	.LASF24:
 1086 0128 63686563 		.ascii	"check\000"
 1086      6B00
 1087              	.LASF31:
 1088 012e 6F706572 		.ascii	"operator uint8_t\000"
 1088      61746F72 
 1088      2075696E 
 1088      74385F74 
 1088      00
 1089              	.LASF4:
 1090 013f 756E7369 		.ascii	"unsigned char\000"
 1090      676E6564 
 1090      20636861 
 1090      7200
ARM GAS  /tmp/ccq0t1fH.s 			page 21


 1091              	.LASF38:
 1092 014d 74686973 		.ascii	"this\000"
 1092      00
 1093              	.LASF8:
 1094 0152 6C6F6E67 		.ascii	"long unsigned int\000"
 1094      20756E73 
 1094      69676E65 
 1094      6420696E 
 1094      7400
 1095              	.LASF42:
 1096 0164 474E5520 		.ascii	"GNU C++ 4.8.4 20141219 (release) -mcpu=cortex-m4 -m"
 1096      432B2B20 
 1096      342E382E 
 1096      34203230 
 1096      31343132 
 1097 0197 666C6F61 		.ascii	"float-abi=hard -mfpu=fpv4-sp-d16 -mno-thumb-interwo"
 1097      742D6162 
 1097      693D6861 
 1097      7264202D 
 1097      6D667075 
 1098 01ca 726B202D 		.ascii	"rk -mthumb -ggdb -O0 -fomit-frame-pointer -falign-f"
 1098      6D746875 
 1098      6D62202D 
 1098      67676462 
 1098      202D4F30 
 1099 01fd 756E6374 		.ascii	"unctions=16 -ffunction-sections -fdata-sections -fn"
 1099      696F6E73 
 1099      3D313620 
 1099      2D666675 
 1099      6E637469 
 1100 0230 6F2D636F 		.ascii	"o-common -fsingle-precision-constant -fno-rtti -fno"
 1100      6D6D6F6E 
 1100      202D6673 
 1100      696E676C 
 1100      652D7072 
 1101 0263 2D657863 		.ascii	"-exceptions -fno-threadsafe-statics\000"
 1101      65707469 
 1101      6F6E7320 
 1101      2D666E6F 
 1101      2D746872 
 1102              	.LASF6:
 1103 0287 73686F72 		.ascii	"short unsigned int\000"
 1103      7420756E 
 1103      7369676E 
 1103      65642069 
 1103      6E7400
 1104              	.LASF30:
 1105 029a 5F5A4E33 		.ascii	"_ZN3r2p11Checksummer3addEPKvj\000"
 1105      72327031 
 1105      31436865 
 1105      636B7375 
 1105      6D6D6572 
 1106              	.LASF32:
 1107 02b8 5F5A4E4B 		.ascii	"_ZNK3r2p11ChecksummercvhEv\000"
 1107      33723270 
 1107      31314368 
 1107      65636B73 
ARM GAS  /tmp/ccq0t1fH.s 			page 22


 1107      756D6D65 
 1108              	.LASF45:
 1109 02d3 61636375 		.ascii	"accumulator\000"
 1109      6D756C61 
 1109      746F7200 
 1110              	.LASF44:
 1111 02df 2F686F6D 		.ascii	"/home/dave/workspace-demo/IMU/\000"
 1111      652F6461 
 1111      76652F77 
 1111      6F726B73 
 1111      70616365 
 1112              	.LASF17:
 1113 02fe 556E636F 		.ascii	"Uncopyable\000"
 1113      70796162 
 1113      6C6500
 1114              	.LASF16:
 1115 0309 73747278 		.ascii	"strxfrm\000"
 1115      66726D00 
 1116              	.LASF18:
 1117 0311 7E556E63 		.ascii	"~Uncopyable\000"
 1117      6F707961 
 1117      626C6500 
 1118              	.LASF0:
 1119 031d 756E7369 		.ascii	"unsigned int\000"
 1119      676E6564 
 1119      20696E74 
 1119      00
 1120              	.LASF15:
 1121 032a 73747274 		.ascii	"strtok\000"
 1121      6F6B00
 1122              	.LASF10:
 1123 0331 6C6F6E67 		.ascii	"long long unsigned int\000"
 1123      206C6F6E 
 1123      6720756E 
 1123      7369676E 
 1123      65642069 
 1124              	.LASF36:
 1125 0348 75696E74 		.ascii	"uint8_t\000"
 1125      385F7400 
 1126              	.LASF33:
 1127 0350 6F706572 		.ascii	"operator+=\000"
 1127      61746F72 
 1127      2B3D00
 1128              	.LASF20:
 1129 035b 6765745F 		.ascii	"get_accumulator\000"
 1129      61636375 
 1129      6D756C61 
 1129      746F7200 
 1130              	.LASF21:
 1131 036b 636F6D70 		.ascii	"compute_checksum\000"
 1131      7574655F 
 1131      63686563 
 1131      6B73756D 
 1131      00
 1132              	.LASF25:
 1133 037c 5F5A4E4B 		.ascii	"_ZNK3r2p11Checksummer5checkEh\000"
 1133      33723270 
ARM GAS  /tmp/ccq0t1fH.s 			page 23


 1133      31314368 
 1133      65636B73 
 1133      756D6D65 
 1134              	.LASF40:
 1135 039a 6368756E 		.ascii	"chunkp\000"
 1135      6B7000
 1136              	.LASF9:
 1137 03a1 6C6F6E67 		.ascii	"long long int\000"
 1137      206C6F6E 
 1137      6720696E 
 1137      7400
 1138              	.LASF11:
 1139 03af 73697A65 		.ascii	"sizetype\000"
 1139      74797065 
 1139      00
 1140              	.LASF12:
 1141 03b8 63686172 		.ascii	"char\000"
 1141      00
 1142              	.LASF39:
 1143 03bd 76616C75 		.ascii	"value\000"
 1143      6500
 1144              	.LASF5:
 1145 03c3 73686F72 		.ascii	"short int\000"
 1145      7420696E 
 1145      7400
 1146              	.LASF14:
 1147 03cd 73747265 		.ascii	"strerror\000"
 1147      72726F72 
 1147      00
 1148              	.LASF41:
 1149 03d6 6C656E67 		.ascii	"length\000"
 1149      746800
 1150              	.LASF19:
 1151 03dd 43686563 		.ascii	"Checksummer\000"
 1151      6B73756D 
 1151      6D657200 
 1152              	.LASF1:
 1153 03e9 7369676E 		.ascii	"signed char\000"
 1153      65642063 
 1153      68617200 
 1154              	.LASF34:
 1155 03f5 5F5A4E33 		.ascii	"_ZN3r2p11ChecksummerpLEc\000"
 1155      72327031 
 1155      31436865 
 1155      636B7375 
 1155      6D6D6572 
 1156              	.LASF35:
 1157 040e 5F5A4E33 		.ascii	"_ZN3r2p11ChecksummerpLEh\000"
 1157      72327031 
 1157      31436865 
 1157      636B7375 
 1157      6D6D6572 
 1158              		.ident	"GCC: (4.8.4-1+11-1) 4.8.4 20141219 (release)"
ARM GAS  /tmp/ccq0t1fH.s 			page 24


DEFINED SYMBOLS
                            *ABS*:0000000000000000 Checksummer.cpp
     /tmp/ccq0t1fH.s:21     .text._ZN3r2p11Checksummer3addEh:0000000000000000 $t
     /tmp/ccq0t1fH.s:27     .text._ZN3r2p11Checksummer3addEh:0000000000000000 _ZN3r2p11Checksummer3addEh
     /tmp/ccq0t1fH.s:56     .text._ZN3r2p11Checksummer3addEPKhj:0000000000000000 $t
     /tmp/ccq0t1fH.s:62     .text._ZN3r2p11Checksummer3addEPKhj:0000000000000000 _ZN3r2p11Checksummer3addEPKhj
                     .debug_frame:0000000000000010 $d

NO UNDEFINED SYMBOLS
