ARM GAS  /tmp/ccKG1xxJ.s 			page 1


   1              		.syntax unified
   2              		.cpu cortex-m4
   3              		.eabi_attribute 27, 3
   4              		.eabi_attribute 28, 1
   5              		.fpu fpv4-sp-d16
   6              		.eabi_attribute 20, 1
   7              		.eabi_attribute 21, 1
   8              		.eabi_attribute 23, 3
   9              		.eabi_attribute 24, 1
  10              		.eabi_attribute 25, 1
  11              		.eabi_attribute 26, 1
  12              		.eabi_attribute 30, 6
  13              		.eabi_attribute 34, 1
  14              		.eabi_attribute 18, 4
  15              		.thumb
  16              		.file	"chregistry.c"
  17              		.text
  18              	.Ltext0:
  19              		.cfi_sections	.debug_frame
  20              		.global	ch_debug
  21              		.section	.rodata.ch_debug,"a",%progbits
  22              		.align	2
  23              		.type	ch_debug, %object
  24              		.size	ch_debug, 22
  25              	ch_debug:
  26 0000 6D61696E 		.ascii	"main"
  27 0004 00       		.byte	0
  28 0005 16       		.byte	22
  29 0006 8511     		.short	4485
  30 0008 04       		.byte	4
  31 0009 04       		.byte	4
  32 000a 4C       		.byte	76
  33 000b 08       		.byte	8
  34 000c 0C       		.byte	12
  35 000d 10       		.byte	16
  36 000e 14       		.byte	20
  37 000f 18       		.byte	24
  38 0010 1C       		.byte	28
  39 0011 20       		.byte	32
  40 0012 21       		.byte	33
  41 0013 22       		.byte	34
  42 0014 23       		.byte	35
  43 0015 24       		.byte	36
  44 0016 0000     		.section	.text.chRegFirstThread,"ax",%progbits
  45              		.align	2
  46              		.p2align 4,,15
  47              		.global	chRegFirstThread
  48              		.thumb
  49              		.thumb_func
  50              		.type	chRegFirstThread, %function
  51              	chRegFirstThread:
  52              	.LFB7:
  53              		.file 1 "/home/dave/r2p-sdk/core/ChibiOS/os/kernel/src/chregistry.c"
  54              		.loc 1 117 0
  55              		.cfi_startproc
  56              		@ args = 0, pretend = 0, frame = 8
  57              		@ frame_needed = 0, uses_anonymous_args = 0
ARM GAS  /tmp/ccKG1xxJ.s 			page 2


  58 0000 00B5     		push	{lr}
  59              		.cfi_def_cfa_offset 4
  60              		.cfi_offset 14, -4
  61 0002 83B0     		sub	sp, sp, #12
  62              		.cfi_def_cfa_offset 16
  63              	.LBB2:
  64              		.loc 1 120 0
  65 0004 2023     		movs	r3, #32
  66              	@ 120 "/home/dave/r2p-sdk/core/ChibiOS/os/kernel/src/chregistry.c" 1
  67 0006 83F31188 		msr     BASEPRI, r3
  68              	@ 0 "" 2
  69              		.thumb
  70              	.LBE2:
  71 000a FFF7FEFF 		bl	dbg_check_lock
  72              		.loc 1 121 0
  73 000e 0A4B     		ldr	r3, .L3
  74 0010 1B69     		ldr	r3, [r3, #16]
  75 0012 0193     		str	r3, [sp, #4]
  76              		.loc 1 123 0
  77 0014 019B     		ldr	r3, [sp, #4]
  78 0016 93F82230 		ldrb	r3, [r3, #34]	@ zero_extendqisi2
  79 001a 0133     		adds	r3, r3, #1
  80 001c DAB2     		uxtb	r2, r3
  81 001e 019B     		ldr	r3, [sp, #4]
  82 0020 83F82220 		strb	r2, [r3, #34]
  83              		.loc 1 125 0
  84 0024 FFF7FEFF 		bl	dbg_check_unlock
  85              	.LBB3:
  86 0028 0023     		movs	r3, #0
  87              	@ 125 "/home/dave/r2p-sdk/core/ChibiOS/os/kernel/src/chregistry.c" 1
  88 002a 83F31188 		msr     BASEPRI, r3
  89              	@ 0 "" 2
  90              		.thumb
  91              	.LBE3:
  92              		.loc 1 126 0
  93 002e 019B     		ldr	r3, [sp, #4]
  94              		.loc 1 127 0
  95 0030 1846     		mov	r0, r3
  96 0032 03B0     		add	sp, sp, #12
  97              		@ sp needed
  98 0034 5DF804FB 		ldr	pc, [sp], #4
  99              	.L4:
 100              		.align	2
 101              	.L3:
 102 0038 00000000 		.word	rlist
 103              		.cfi_endproc
 104              	.LFE7:
 105              		.size	chRegFirstThread, .-chRegFirstThread
 106 003c AFF30080 		.section	.rodata
 107              		.align	2
 108              	.LC0:
 109 0000 63685265 		.ascii	"chRegNextThread(), #1\000"
 109      674E6578 
 109      74546872 
 109      65616428 
 109      292C2023 
 110 0016 0000     		.section	.text.chRegNextThread,"ax",%progbits
ARM GAS  /tmp/ccKG1xxJ.s 			page 3


 111              		.align	2
 112              		.p2align 4,,15
 113              		.global	chRegNextThread
 114              		.thumb
 115              		.thumb_func
 116              		.type	chRegNextThread, %function
 117              	chRegNextThread:
 118              	.LFB8:
 119              		.loc 1 140 0
 120              		.cfi_startproc
 121              		@ args = 0, pretend = 0, frame = 16
 122              		@ frame_needed = 0, uses_anonymous_args = 0
 123 0000 00B5     		push	{lr}
 124              		.cfi_def_cfa_offset 4
 125              		.cfi_offset 14, -4
 126 0002 85B0     		sub	sp, sp, #20
 127              		.cfi_def_cfa_offset 24
 128 0004 0190     		str	r0, [sp, #4]
 129              	.LBB4:
 130              		.loc 1 143 0
 131 0006 2023     		movs	r3, #32
 132              	@ 143 "/home/dave/r2p-sdk/core/ChibiOS/os/kernel/src/chregistry.c" 1
 133 0008 83F31188 		msr     BASEPRI, r3
 134              	@ 0 "" 2
 135              		.thumb
 136              	.LBE4:
 137 000c FFF7FEFF 		bl	dbg_check_lock
 138              		.loc 1 144 0
 139 0010 019B     		ldr	r3, [sp, #4]
 140 0012 1B69     		ldr	r3, [r3, #16]
 141 0014 0393     		str	r3, [sp, #12]
 142              		.loc 1 145 0
 143 0016 039A     		ldr	r2, [sp, #12]
 144 0018 114B     		ldr	r3, .L10
 145 001a 9A42     		cmp	r2, r3
 146 001c 02D1     		bne	.L6
 147              		.loc 1 146 0
 148 001e 0023     		movs	r3, #0
 149 0020 0393     		str	r3, [sp, #12]
 150 0022 0FE0     		b	.L7
 151              	.L6:
 152              		.loc 1 149 0
 153 0024 039B     		ldr	r3, [sp, #12]
 154 0026 93F82230 		ldrb	r3, [r3, #34]	@ zero_extendqisi2
 155 002a FF2B     		cmp	r3, #255
 156 002c 02D1     		bne	.L8
 157              		.loc 1 149 0 is_stmt 0 discriminator 1
 158 002e 0D48     		ldr	r0, .L10+4
 159 0030 FFF7FEFF 		bl	chDbgPanic
 160              	.L8:
 161              		.loc 1 151 0 is_stmt 1
 162 0034 039B     		ldr	r3, [sp, #12]
 163 0036 93F82230 		ldrb	r3, [r3, #34]	@ zero_extendqisi2
 164 003a 0133     		adds	r3, r3, #1
 165 003c DAB2     		uxtb	r2, r3
 166 003e 039B     		ldr	r3, [sp, #12]
 167 0040 83F82220 		strb	r2, [r3, #34]
ARM GAS  /tmp/ccKG1xxJ.s 			page 4


 168              	.L7:
 169              		.loc 1 154 0
 170 0044 FFF7FEFF 		bl	dbg_check_unlock
 171              	.LBB5:
 172 0048 0023     		movs	r3, #0
 173              	@ 154 "/home/dave/r2p-sdk/core/ChibiOS/os/kernel/src/chregistry.c" 1
 174 004a 83F31188 		msr     BASEPRI, r3
 175              	@ 0 "" 2
 176              		.thumb
 177              	.LBE5:
 178              		.loc 1 156 0
 179 004e 0198     		ldr	r0, [sp, #4]
 180 0050 FFF7FEFF 		bl	chThdRelease
 181              		.loc 1 158 0
 182 0054 039B     		ldr	r3, [sp, #12]
 183              		.loc 1 159 0
 184 0056 1846     		mov	r0, r3
 185 0058 05B0     		add	sp, sp, #20
 186              		@ sp needed
 187 005a 5DF804FB 		ldr	pc, [sp], #4
 188              	.L11:
 189 005e 00BF     		.align	2
 190              	.L10:
 191 0060 00000000 		.word	rlist
 192 0064 00000000 		.word	.LC0
 193              		.cfi_endproc
 194              	.LFE8:
 195              		.size	chRegNextThread, .-chRegNextThread
 196 0068 AFF30080 		.text
 196      AFF30080 
 197              	.Letext0:
 198              		.file 2 "/usr/lib/gcc/arm-none-eabi/4.8/include/stddef.h"
 199              		.file 3 "/usr/include/newlib/machine/_default_types.h"
 200              		.file 4 "/usr/include/newlib/stdint.h"
 201              		.file 5 "/home/dave/r2p-sdk/core/ChibiOS/os/ports/GCC/ARMCMx/chtypes.h"
 202              		.file 6 "/home/dave/r2p-sdk/core/ChibiOS/os/kernel/include/chlists.h"
 203              		.file 7 "/home/dave/r2p-sdk/core/ChibiOS/os/kernel/include/chthreads.h"
 204              		.file 8 "/home/dave/r2p-sdk/core/ChibiOS/os/ports/GCC/ARMCMx/chcore_v7m.h"
 205              		.file 9 "/home/dave/r2p-sdk/core/ChibiOS/os/kernel/include/chschd.h"
 206              		.file 10 "/home/dave/r2p-sdk/core/ChibiOS/os/kernel/include/chmtx.h"
 207              		.file 11 "/home/dave/r2p-sdk/core/ChibiOS/os/kernel/include/chregistry.h"
 208              		.section	.debug_info,"",%progbits
 209              	.Ldebug_info0:
 210 0000 01070000 		.4byte	0x701
 211 0004 0400     		.2byte	0x4
 212 0006 00000000 		.4byte	.Ldebug_abbrev0
 213 000a 04       		.byte	0x4
 214 000b 01       		.uleb128 0x1
 215 000c DB020000 		.4byte	.LASF96
 216 0010 01       		.byte	0x1
 217 0011 98000000 		.4byte	.LASF97
 218 0015 00000000 		.4byte	.Ldebug_ranges0+0
 219 0019 00000000 		.4byte	0
 220 001d 00000000 		.4byte	.Ldebug_line0
 221 0021 02       		.uleb128 0x2
 222 0022 04       		.byte	0x4
 223 0023 05       		.byte	0x5
ARM GAS  /tmp/ccKG1xxJ.s 			page 5


 224 0024 696E7400 		.ascii	"int\000"
 225 0028 03       		.uleb128 0x3
 226 0029 13000000 		.4byte	.LASF2
 227 002d 02       		.byte	0x2
 228 002e D4       		.byte	0xd4
 229 002f 33000000 		.4byte	0x33
 230 0033 04       		.uleb128 0x4
 231 0034 04       		.byte	0x4
 232 0035 07       		.byte	0x7
 233 0036 5F010000 		.4byte	.LASF0
 234 003a 04       		.uleb128 0x4
 235 003b 01       		.byte	0x1
 236 003c 06       		.byte	0x6
 237 003d 8C000000 		.4byte	.LASF1
 238 0041 03       		.uleb128 0x3
 239 0042 2A000000 		.4byte	.LASF3
 240 0046 03       		.byte	0x3
 241 0047 1D       		.byte	0x1d
 242 0048 4C000000 		.4byte	0x4c
 243 004c 04       		.uleb128 0x4
 244 004d 01       		.byte	0x1
 245 004e 08       		.byte	0x8
 246 004f 94020000 		.4byte	.LASF4
 247 0053 04       		.uleb128 0x4
 248 0054 02       		.byte	0x2
 249 0055 05       		.byte	0x5
 250 0056 AC020000 		.4byte	.LASF5
 251 005a 03       		.uleb128 0x3
 252 005b 39040000 		.4byte	.LASF6
 253 005f 03       		.byte	0x3
 254 0060 2B       		.byte	0x2b
 255 0061 65000000 		.4byte	0x65
 256 0065 04       		.uleb128 0x4
 257 0066 02       		.byte	0x2
 258 0067 07       		.byte	0x7
 259 0068 9D010000 		.4byte	.LASF7
 260 006c 03       		.uleb128 0x3
 261 006d 60040000 		.4byte	.LASF8
 262 0071 03       		.byte	0x3
 263 0072 3F       		.byte	0x3f
 264 0073 77000000 		.4byte	0x77
 265 0077 04       		.uleb128 0x4
 266 0078 04       		.byte	0x4
 267 0079 05       		.byte	0x5
 268 007a 0A010000 		.4byte	.LASF9
 269 007e 03       		.uleb128 0x3
 270 007f 40010000 		.4byte	.LASF10
 271 0083 03       		.byte	0x3
 272 0084 41       		.byte	0x41
 273 0085 89000000 		.4byte	0x89
 274 0089 04       		.uleb128 0x4
 275 008a 04       		.byte	0x4
 276 008b 07       		.byte	0x7
 277 008c 6C010000 		.4byte	.LASF11
 278 0090 04       		.uleb128 0x4
 279 0091 08       		.byte	0x8
 280 0092 05       		.byte	0x5
ARM GAS  /tmp/ccKG1xxJ.s 			page 6


 281 0093 7E000000 		.4byte	.LASF12
 282 0097 03       		.uleb128 0x3
 283 0098 59020000 		.4byte	.LASF13
 284 009c 03       		.byte	0x3
 285 009d 5B       		.byte	0x5b
 286 009e A2000000 		.4byte	0xa2
 287 00a2 04       		.uleb128 0x4
 288 00a3 08       		.byte	0x8
 289 00a4 07       		.byte	0x7
 290 00a5 42000000 		.4byte	.LASF14
 291 00a9 03       		.uleb128 0x3
 292 00aa A5040000 		.4byte	.LASF15
 293 00ae 04       		.byte	0x4
 294 00af 2A       		.byte	0x2a
 295 00b0 41000000 		.4byte	0x41
 296 00b4 03       		.uleb128 0x3
 297 00b5 1C010000 		.4byte	.LASF16
 298 00b9 04       		.byte	0x4
 299 00ba 36       		.byte	0x36
 300 00bb 5A000000 		.4byte	0x5a
 301 00bf 03       		.uleb128 0x3
 302 00c0 8C020000 		.4byte	.LASF17
 303 00c4 04       		.byte	0x4
 304 00c5 41       		.byte	0x41
 305 00c6 6C000000 		.4byte	0x6c
 306 00ca 03       		.uleb128 0x3
 307 00cb 07040000 		.4byte	.LASF18
 308 00cf 04       		.byte	0x4
 309 00d0 42       		.byte	0x42
 310 00d1 7E000000 		.4byte	0x7e
 311 00d5 03       		.uleb128 0x3
 312 00d6 21000000 		.4byte	.LASF19
 313 00da 04       		.byte	0x4
 314 00db 4E       		.byte	0x4e
 315 00dc 97000000 		.4byte	0x97
 316 00e0 04       		.uleb128 0x4
 317 00e1 01       		.byte	0x1
 318 00e2 02       		.byte	0x2
 319 00e3 86020000 		.4byte	.LASF20
 320 00e7 03       		.uleb128 0x3
 321 00e8 BE010000 		.4byte	.LASF21
 322 00ec 05       		.byte	0x5
 323 00ed 2C       		.byte	0x2c
 324 00ee A9000000 		.4byte	0xa9
 325 00f2 03       		.uleb128 0x3
 326 00f3 13010000 		.4byte	.LASF22
 327 00f7 05       		.byte	0x5
 328 00f8 2D       		.byte	0x2d
 329 00f9 A9000000 		.4byte	0xa9
 330 00fd 03       		.uleb128 0x3
 331 00fe 64020000 		.4byte	.LASF23
 332 0102 05       		.byte	0x5
 333 0103 2E       		.byte	0x2e
 334 0104 A9000000 		.4byte	0xa9
 335 0108 03       		.uleb128 0x3
 336 0109 00010000 		.4byte	.LASF24
 337 010d 05       		.byte	0x5
ARM GAS  /tmp/ccKG1xxJ.s 			page 7


 338 010e 2F       		.byte	0x2f
 339 010f A9000000 		.4byte	0xa9
 340 0113 03       		.uleb128 0x3
 341 0114 7E020000 		.4byte	.LASF25
 342 0118 05       		.byte	0x5
 343 0119 30       		.byte	0x30
 344 011a CA000000 		.4byte	0xca
 345 011e 03       		.uleb128 0x3
 346 011f B0010000 		.4byte	.LASF26
 347 0123 05       		.byte	0x5
 348 0124 31       		.byte	0x31
 349 0125 BF000000 		.4byte	0xbf
 350 0129 03       		.uleb128 0x3
 351 012a D2010000 		.4byte	.LASF27
 352 012e 05       		.byte	0x5
 353 012f 33       		.byte	0x33
 354 0130 CA000000 		.4byte	0xca
 355 0134 03       		.uleb128 0x3
 356 0135 4B040000 		.4byte	.LASF28
 357 0139 05       		.byte	0x5
 358 013a 35       		.byte	0x35
 359 013b CA000000 		.4byte	0xca
 360 013f 03       		.uleb128 0x3
 361 0140 E8030000 		.4byte	.LASF29
 362 0144 06       		.byte	0x6
 363 0145 2A       		.byte	0x2a
 364 0146 4A010000 		.4byte	0x14a
 365 014a 05       		.uleb128 0x5
 366 014b E8030000 		.4byte	.LASF29
 367 014f 4C       		.byte	0x4c
 368 0150 07       		.byte	0x7
 369 0151 5E       		.byte	0x5e
 370 0152 53020000 		.4byte	0x253
 371 0156 06       		.uleb128 0x6
 372 0157 CA030000 		.4byte	.LASF30
 373 015b 07       		.byte	0x7
 374 015c 5F       		.byte	0x5f
 375 015d 74020000 		.4byte	0x274
 376 0161 00       		.byte	0
 377 0162 06       		.uleb128 0x6
 378 0163 77020000 		.4byte	.LASF31
 379 0167 07       		.byte	0x7
 380 0168 61       		.byte	0x61
 381 0169 74020000 		.4byte	0x274
 382 016d 04       		.byte	0x4
 383 016e 06       		.uleb128 0x6
 384 016f 6A000000 		.4byte	.LASF32
 385 0173 07       		.byte	0x7
 386 0174 63       		.byte	0x63
 387 0175 13010000 		.4byte	0x113
 388 0179 08       		.byte	0x8
 389 017a 06       		.uleb128 0x6
 390 017b D5040000 		.4byte	.LASF33
 391 017f 07       		.byte	0x7
 392 0180 64       		.byte	0x64
 393 0181 09040000 		.4byte	0x409
 394 0185 0C       		.byte	0xc
ARM GAS  /tmp/ccKG1xxJ.s 			page 8


 395 0186 06       		.uleb128 0x6
 396 0187 2F010000 		.4byte	.LASF34
 397 018b 07       		.byte	0x7
 398 018c 66       		.byte	0x66
 399 018d 74020000 		.4byte	0x274
 400 0191 10       		.byte	0x10
 401 0192 06       		.uleb128 0x6
 402 0193 24020000 		.4byte	.LASF35
 403 0197 07       		.byte	0x7
 404 0198 67       		.byte	0x67
 405 0199 74020000 		.4byte	0x274
 406 019d 14       		.byte	0x14
 407 019e 06       		.uleb128 0x6
 408 019f BB040000 		.4byte	.LASF36
 409 01a3 07       		.byte	0x7
 410 01a4 6E       		.byte	0x6e
 411 01a5 09050000 		.4byte	0x509
 412 01a9 18       		.byte	0x18
 413 01aa 06       		.uleb128 0x6
 414 01ab 54010000 		.4byte	.LASF37
 415 01af 07       		.byte	0x7
 416 01b0 74       		.byte	0x74
 417 01b1 1B050000 		.4byte	0x51b
 418 01b5 1C       		.byte	0x1c
 419 01b6 06       		.uleb128 0x6
 420 01b7 B6020000 		.4byte	.LASF38
 421 01bb 07       		.byte	0x7
 422 01bc 79       		.byte	0x79
 423 01bd F2000000 		.4byte	0xf2
 424 01c1 20       		.byte	0x20
 425 01c2 06       		.uleb128 0x6
 426 01c3 E0030000 		.4byte	.LASF39
 427 01c7 07       		.byte	0x7
 428 01c8 7D       		.byte	0x7d
 429 01c9 E7000000 		.4byte	0xe7
 430 01cd 21       		.byte	0x21
 431 01ce 06       		.uleb128 0x6
 432 01cf 8E040000 		.4byte	.LASF40
 433 01d3 07       		.byte	0x7
 434 01d4 82       		.byte	0x82
 435 01d5 FD000000 		.4byte	0xfd
 436 01d9 22       		.byte	0x22
 437 01da 06       		.uleb128 0x6
 438 01db BE020000 		.4byte	.LASF41
 439 01df 07       		.byte	0x7
 440 01e0 88       		.byte	0x88
 441 01e1 08010000 		.4byte	0x108
 442 01e5 23       		.byte	0x23
 443 01e6 06       		.uleb128 0x6
 444 01e7 6A040000 		.4byte	.LASF42
 445 01eb 07       		.byte	0x7
 446 01ec 8F       		.byte	0x8f
 447 01ed 31040000 		.4byte	0x431
 448 01f1 24       		.byte	0x24
 449 01f2 07       		.uleb128 0x7
 450 01f3 705F7500 		.ascii	"p_u\000"
 451 01f7 07       		.byte	0x7
ARM GAS  /tmp/ccKG1xxJ.s 			page 9


 452 01f8 B4       		.byte	0xb4
 453 01f9 D4040000 		.4byte	0x4d4
 454 01fd 28       		.byte	0x28
 455 01fe 06       		.uleb128 0x6
 456 01ff DB040000 		.4byte	.LASF43
 457 0203 07       		.byte	0x7
 458 0204 B9       		.byte	0xb9
 459 0205 9A020000 		.4byte	0x29a
 460 0209 2C       		.byte	0x2c
 461 020a 06       		.uleb128 0x6
 462 020b 78040000 		.4byte	.LASF44
 463 020f 07       		.byte	0x7
 464 0210 BF       		.byte	0xbf
 465 0211 7A020000 		.4byte	0x27a
 466 0215 30       		.byte	0x30
 467 0216 06       		.uleb128 0x6
 468 0217 0D000000 		.4byte	.LASF45
 469 021b 07       		.byte	0x7
 470 021c C3       		.byte	0xc3
 471 021d 1E010000 		.4byte	0x11e
 472 0221 38       		.byte	0x38
 473 0222 06       		.uleb128 0x6
 474 0223 FC030000 		.4byte	.LASF46
 475 0227 07       		.byte	0x7
 476 0228 C9       		.byte	0xc9
 477 0229 29010000 		.4byte	0x129
 478 022d 3C       		.byte	0x3c
 479 022e 06       		.uleb128 0x6
 480 022f A2020000 		.4byte	.LASF47
 481 0233 07       		.byte	0x7
 482 0234 D0       		.byte	0xd0
 483 0235 21050000 		.4byte	0x521
 484 0239 40       		.byte	0x40
 485 023a 06       		.uleb128 0x6
 486 023b 55040000 		.4byte	.LASF48
 487 023f 07       		.byte	0x7
 488 0240 D4       		.byte	0xd4
 489 0241 13010000 		.4byte	0x113
 490 0245 44       		.byte	0x44
 491 0246 06       		.uleb128 0x6
 492 0247 F0000000 		.4byte	.LASF49
 493 024b 07       		.byte	0x7
 494 024c DA       		.byte	0xda
 495 024d B0020000 		.4byte	0x2b0
 496 0251 48       		.byte	0x48
 497 0252 00       		.byte	0
 498 0253 08       		.uleb128 0x8
 499 0254 08       		.byte	0x8
 500 0255 06       		.byte	0x6
 501 0256 61       		.byte	0x61
 502 0257 74020000 		.4byte	0x274
 503 025b 06       		.uleb128 0x6
 504 025c CA030000 		.4byte	.LASF30
 505 0260 06       		.byte	0x6
 506 0261 62       		.byte	0x62
 507 0262 74020000 		.4byte	0x274
 508 0266 00       		.byte	0
ARM GAS  /tmp/ccKG1xxJ.s 			page 10


 509 0267 06       		.uleb128 0x6
 510 0268 77020000 		.4byte	.LASF31
 511 026c 06       		.byte	0x6
 512 026d 64       		.byte	0x64
 513 026e 74020000 		.4byte	0x274
 514 0272 04       		.byte	0x4
 515 0273 00       		.byte	0
 516 0274 09       		.uleb128 0x9
 517 0275 04       		.byte	0x4
 518 0276 3F010000 		.4byte	0x13f
 519 027a 03       		.uleb128 0x3
 520 027b 32020000 		.4byte	.LASF50
 521 027f 06       		.byte	0x6
 522 0280 66       		.byte	0x66
 523 0281 53020000 		.4byte	0x253
 524 0285 08       		.uleb128 0x8
 525 0286 04       		.byte	0x4
 526 0287 06       		.byte	0x6
 527 0288 6B       		.byte	0x6b
 528 0289 9A020000 		.4byte	0x29a
 529 028d 06       		.uleb128 0x6
 530 028e CA030000 		.4byte	.LASF30
 531 0292 06       		.byte	0x6
 532 0293 6D       		.byte	0x6d
 533 0294 74020000 		.4byte	0x274
 534 0298 00       		.byte	0
 535 0299 00       		.byte	0
 536 029a 03       		.uleb128 0x3
 537 029b C6010000 		.4byte	.LASF51
 538 029f 06       		.byte	0x6
 539 02a0 70       		.byte	0x70
 540 02a1 85020000 		.4byte	0x285
 541 02a5 03       		.uleb128 0x3
 542 02a6 4B010000 		.4byte	.LASF52
 543 02aa 08       		.byte	0x8
 544 02ab E5       		.byte	0xe5
 545 02ac B0020000 		.4byte	0x2b0
 546 02b0 0A       		.uleb128 0xa
 547 02b1 04       		.byte	0x4
 548 02b2 03       		.uleb128 0x3
 549 02b3 E4010000 		.4byte	.LASF53
 550 02b7 08       		.byte	0x8
 551 02b8 EB       		.byte	0xeb
 552 02b9 D5000000 		.4byte	0xd5
 553 02bd 0B       		.uleb128 0xb
 554 02be 71040000 		.4byte	.LASF54
 555 02c2 64       		.byte	0x64
 556 02c3 08       		.byte	0x8
 557 02c4 0C01     		.2byte	0x10c
 558 02c6 09040000 		.4byte	0x409
 559 02ca 0C       		.uleb128 0xc
 560 02cb 73313600 		.ascii	"s16\000"
 561 02cf 08       		.byte	0x8
 562 02d0 0E01     		.2byte	0x10e
 563 02d2 A5020000 		.4byte	0x2a5
 564 02d6 00       		.byte	0
 565 02d7 0C       		.uleb128 0xc
ARM GAS  /tmp/ccKG1xxJ.s 			page 11


 566 02d8 73313700 		.ascii	"s17\000"
 567 02dc 08       		.byte	0x8
 568 02dd 0F01     		.2byte	0x10f
 569 02df A5020000 		.4byte	0x2a5
 570 02e3 04       		.byte	0x4
 571 02e4 0C       		.uleb128 0xc
 572 02e5 73313800 		.ascii	"s18\000"
 573 02e9 08       		.byte	0x8
 574 02ea 1001     		.2byte	0x110
 575 02ec A5020000 		.4byte	0x2a5
 576 02f0 08       		.byte	0x8
 577 02f1 0C       		.uleb128 0xc
 578 02f2 73313900 		.ascii	"s19\000"
 579 02f6 08       		.byte	0x8
 580 02f7 1101     		.2byte	0x111
 581 02f9 A5020000 		.4byte	0x2a5
 582 02fd 0C       		.byte	0xc
 583 02fe 0C       		.uleb128 0xc
 584 02ff 73323000 		.ascii	"s20\000"
 585 0303 08       		.byte	0x8
 586 0304 1201     		.2byte	0x112
 587 0306 A5020000 		.4byte	0x2a5
 588 030a 10       		.byte	0x10
 589 030b 0C       		.uleb128 0xc
 590 030c 73323100 		.ascii	"s21\000"
 591 0310 08       		.byte	0x8
 592 0311 1301     		.2byte	0x113
 593 0313 A5020000 		.4byte	0x2a5
 594 0317 14       		.byte	0x14
 595 0318 0C       		.uleb128 0xc
 596 0319 73323200 		.ascii	"s22\000"
 597 031d 08       		.byte	0x8
 598 031e 1401     		.2byte	0x114
 599 0320 A5020000 		.4byte	0x2a5
 600 0324 18       		.byte	0x18
 601 0325 0C       		.uleb128 0xc
 602 0326 73323300 		.ascii	"s23\000"
 603 032a 08       		.byte	0x8
 604 032b 1501     		.2byte	0x115
 605 032d A5020000 		.4byte	0x2a5
 606 0331 1C       		.byte	0x1c
 607 0332 0C       		.uleb128 0xc
 608 0333 73323400 		.ascii	"s24\000"
 609 0337 08       		.byte	0x8
 610 0338 1601     		.2byte	0x116
 611 033a A5020000 		.4byte	0x2a5
 612 033e 20       		.byte	0x20
 613 033f 0C       		.uleb128 0xc
 614 0340 73323500 		.ascii	"s25\000"
 615 0344 08       		.byte	0x8
 616 0345 1701     		.2byte	0x117
 617 0347 A5020000 		.4byte	0x2a5
 618 034b 24       		.byte	0x24
 619 034c 0C       		.uleb128 0xc
 620 034d 73323600 		.ascii	"s26\000"
 621 0351 08       		.byte	0x8
 622 0352 1801     		.2byte	0x118
ARM GAS  /tmp/ccKG1xxJ.s 			page 12


 623 0354 A5020000 		.4byte	0x2a5
 624 0358 28       		.byte	0x28
 625 0359 0C       		.uleb128 0xc
 626 035a 73323700 		.ascii	"s27\000"
 627 035e 08       		.byte	0x8
 628 035f 1901     		.2byte	0x119
 629 0361 A5020000 		.4byte	0x2a5
 630 0365 2C       		.byte	0x2c
 631 0366 0C       		.uleb128 0xc
 632 0367 73323800 		.ascii	"s28\000"
 633 036b 08       		.byte	0x8
 634 036c 1A01     		.2byte	0x11a
 635 036e A5020000 		.4byte	0x2a5
 636 0372 30       		.byte	0x30
 637 0373 0C       		.uleb128 0xc
 638 0374 73323900 		.ascii	"s29\000"
 639 0378 08       		.byte	0x8
 640 0379 1B01     		.2byte	0x11b
 641 037b A5020000 		.4byte	0x2a5
 642 037f 34       		.byte	0x34
 643 0380 0C       		.uleb128 0xc
 644 0381 73333000 		.ascii	"s30\000"
 645 0385 08       		.byte	0x8
 646 0386 1C01     		.2byte	0x11c
 647 0388 A5020000 		.4byte	0x2a5
 648 038c 38       		.byte	0x38
 649 038d 0C       		.uleb128 0xc
 650 038e 73333100 		.ascii	"s31\000"
 651 0392 08       		.byte	0x8
 652 0393 1D01     		.2byte	0x11d
 653 0395 A5020000 		.4byte	0x2a5
 654 0399 3C       		.byte	0x3c
 655 039a 0C       		.uleb128 0xc
 656 039b 723400   		.ascii	"r4\000"
 657 039e 08       		.byte	0x8
 658 039f 1F01     		.2byte	0x11f
 659 03a1 A5020000 		.4byte	0x2a5
 660 03a5 40       		.byte	0x40
 661 03a6 0C       		.uleb128 0xc
 662 03a7 723500   		.ascii	"r5\000"
 663 03aa 08       		.byte	0x8
 664 03ab 2001     		.2byte	0x120
 665 03ad A5020000 		.4byte	0x2a5
 666 03b1 44       		.byte	0x44
 667 03b2 0C       		.uleb128 0xc
 668 03b3 723600   		.ascii	"r6\000"
 669 03b6 08       		.byte	0x8
 670 03b7 2101     		.2byte	0x121
 671 03b9 A5020000 		.4byte	0x2a5
 672 03bd 48       		.byte	0x48
 673 03be 0C       		.uleb128 0xc
 674 03bf 723700   		.ascii	"r7\000"
 675 03c2 08       		.byte	0x8
 676 03c3 2201     		.2byte	0x122
 677 03c5 A5020000 		.4byte	0x2a5
 678 03c9 4C       		.byte	0x4c
 679 03ca 0C       		.uleb128 0xc
ARM GAS  /tmp/ccKG1xxJ.s 			page 13


 680 03cb 723800   		.ascii	"r8\000"
 681 03ce 08       		.byte	0x8
 682 03cf 2301     		.2byte	0x123
 683 03d1 A5020000 		.4byte	0x2a5
 684 03d5 50       		.byte	0x50
 685 03d6 0C       		.uleb128 0xc
 686 03d7 723900   		.ascii	"r9\000"
 687 03da 08       		.byte	0x8
 688 03db 2401     		.2byte	0x124
 689 03dd A5020000 		.4byte	0x2a5
 690 03e1 54       		.byte	0x54
 691 03e2 0C       		.uleb128 0xc
 692 03e3 72313000 		.ascii	"r10\000"
 693 03e7 08       		.byte	0x8
 694 03e8 2501     		.2byte	0x125
 695 03ea A5020000 		.4byte	0x2a5
 696 03ee 58       		.byte	0x58
 697 03ef 0C       		.uleb128 0xc
 698 03f0 72313100 		.ascii	"r11\000"
 699 03f4 08       		.byte	0x8
 700 03f5 2601     		.2byte	0x126
 701 03f7 A5020000 		.4byte	0x2a5
 702 03fb 5C       		.byte	0x5c
 703 03fc 0C       		.uleb128 0xc
 704 03fd 6C7200   		.ascii	"lr\000"
 705 0400 08       		.byte	0x8
 706 0401 2701     		.2byte	0x127
 707 0403 A5020000 		.4byte	0x2a5
 708 0407 60       		.byte	0x60
 709 0408 00       		.byte	0
 710 0409 0B       		.uleb128 0xb
 711 040a 95010000 		.4byte	.LASF55
 712 040e 04       		.byte	0x4
 713 040f 08       		.byte	0x8
 714 0410 3101     		.2byte	0x131
 715 0412 24040000 		.4byte	0x424
 716 0416 0C       		.uleb128 0xc
 717 0417 72313300 		.ascii	"r13\000"
 718 041b 08       		.byte	0x8
 719 041c 3201     		.2byte	0x132
 720 041e 24040000 		.4byte	0x424
 721 0422 00       		.byte	0
 722 0423 00       		.byte	0
 723 0424 09       		.uleb128 0x9
 724 0425 04       		.byte	0x4
 725 0426 BD020000 		.4byte	0x2bd
 726 042a 04       		.uleb128 0x4
 727 042b 04       		.byte	0x4
 728 042c 07       		.byte	0x7
 729 042d 03020000 		.4byte	.LASF56
 730 0431 0D       		.uleb128 0xd
 731 0432 34010000 		.4byte	0x134
 732 0436 08       		.uleb128 0x8
 733 0437 1C       		.byte	0x1c
 734 0438 09       		.byte	0x9
 735 0439 5E       		.byte	0x5e
 736 043a 87040000 		.4byte	0x487
ARM GAS  /tmp/ccKG1xxJ.s 			page 14


 737 043e 06       		.uleb128 0x6
 738 043f 1C040000 		.4byte	.LASF57
 739 0443 09       		.byte	0x9
 740 0444 5F       		.byte	0x5f
 741 0445 7A020000 		.4byte	0x27a
 742 0449 00       		.byte	0
 743 044a 06       		.uleb128 0x6
 744 044b D4020000 		.4byte	.LASF58
 745 044f 09       		.byte	0x9
 746 0450 60       		.byte	0x60
 747 0451 13010000 		.4byte	0x113
 748 0455 08       		.byte	0x8
 749 0456 06       		.uleb128 0x6
 750 0457 2C020000 		.4byte	.LASF59
 751 045b 09       		.byte	0x9
 752 045c 62       		.byte	0x62
 753 045d 09040000 		.4byte	0x409
 754 0461 0C       		.byte	0xc
 755 0462 06       		.uleb128 0x6
 756 0463 B6010000 		.4byte	.LASF60
 757 0467 09       		.byte	0x9
 758 0468 65       		.byte	0x65
 759 0469 74020000 		.4byte	0x274
 760 046d 10       		.byte	0x10
 761 046e 06       		.uleb128 0x6
 762 046f 51020000 		.4byte	.LASF61
 763 0473 09       		.byte	0x9
 764 0474 66       		.byte	0x66
 765 0475 74020000 		.4byte	0x274
 766 0479 14       		.byte	0x14
 767 047a 06       		.uleb128 0x6
 768 047b 47020000 		.4byte	.LASF62
 769 047f 09       		.byte	0x9
 770 0480 69       		.byte	0x69
 771 0481 74020000 		.4byte	0x274
 772 0485 18       		.byte	0x18
 773 0486 00       		.byte	0
 774 0487 03       		.uleb128 0x3
 775 0488 95040000 		.4byte	.LASF63
 776 048c 09       		.byte	0x9
 777 048d 6B       		.byte	0x6b
 778 048e 36040000 		.4byte	0x436
 779 0492 05       		.uleb128 0x5
 780 0493 DE010000 		.4byte	.LASF64
 781 0497 10       		.byte	0x10
 782 0498 0A       		.byte	0xa
 783 0499 2C       		.byte	0x2c
 784 049a C3040000 		.4byte	0x4c3
 785 049e 06       		.uleb128 0x6
 786 049f F8000000 		.4byte	.LASF65
 787 04a3 0A       		.byte	0xa
 788 04a4 2D       		.byte	0x2d
 789 04a5 7A020000 		.4byte	0x27a
 790 04a9 00       		.byte	0
 791 04aa 06       		.uleb128 0x6
 792 04ab CD040000 		.4byte	.LASF66
 793 04af 0A       		.byte	0xa
ARM GAS  /tmp/ccKG1xxJ.s 			page 15


 794 04b0 2F       		.byte	0x2f
 795 04b1 74020000 		.4byte	0x274
 796 04b5 08       		.byte	0x8
 797 04b6 06       		.uleb128 0x6
 798 04b7 44040000 		.4byte	.LASF67
 799 04bb 0A       		.byte	0xa
 800 04bc 31       		.byte	0x31
 801 04bd C3040000 		.4byte	0x4c3
 802 04c1 0C       		.byte	0xc
 803 04c2 00       		.byte	0
 804 04c3 09       		.uleb128 0x9
 805 04c4 04       		.byte	0x4
 806 04c5 92040000 		.4byte	0x492
 807 04c9 03       		.uleb128 0x3
 808 04ca DE010000 		.4byte	.LASF64
 809 04ce 0A       		.byte	0xa
 810 04cf 33       		.byte	0x33
 811 04d0 92040000 		.4byte	0x492
 812 04d4 0E       		.uleb128 0xe
 813 04d5 04       		.byte	0x4
 814 04d6 07       		.byte	0x7
 815 04d7 96       		.byte	0x96
 816 04d8 09050000 		.4byte	0x509
 817 04dc 0F       		.uleb128 0xf
 818 04dd 1A000000 		.4byte	.LASF68
 819 04e1 07       		.byte	0x7
 820 04e2 9D       		.byte	0x9d
 821 04e3 1E010000 		.4byte	0x11e
 822 04e7 0F       		.uleb128 0xf
 823 04e8 37010000 		.4byte	.LASF69
 824 04ec 07       		.byte	0x7
 825 04ed A4       		.byte	0xa4
 826 04ee 1E010000 		.4byte	0x11e
 827 04f2 0F       		.uleb128 0xf
 828 04f3 B4040000 		.4byte	.LASF70
 829 04f7 07       		.byte	0x7
 830 04f8 AB       		.byte	0xab
 831 04f9 B0020000 		.4byte	0x2b0
 832 04fd 0F       		.uleb128 0xf
 833 04fe AD040000 		.4byte	.LASF71
 834 0502 07       		.byte	0x7
 835 0503 B2       		.byte	0xb2
 836 0504 29010000 		.4byte	0x129
 837 0508 00       		.byte	0
 838 0509 09       		.uleb128 0x9
 839 050a 04       		.byte	0x4
 840 050b 0F050000 		.4byte	0x50f
 841 050f 10       		.uleb128 0x10
 842 0510 14050000 		.4byte	0x514
 843 0514 04       		.uleb128 0x4
 844 0515 01       		.byte	0x1
 845 0516 08       		.byte	0x8
 846 0517 24040000 		.4byte	.LASF72
 847 051b 09       		.uleb128 0x9
 848 051c 04       		.byte	0x4
 849 051d B2020000 		.4byte	0x2b2
 850 0521 09       		.uleb128 0x9
ARM GAS  /tmp/ccKG1xxJ.s 			page 16


 851 0522 04       		.byte	0x4
 852 0523 C9040000 		.4byte	0x4c9
 853 0527 08       		.uleb128 0x8
 854 0528 16       		.byte	0x16
 855 0529 0B       		.byte	0xb
 856 052a 2C       		.byte	0x2c
 857 052b 08060000 		.4byte	0x608
 858 052f 06       		.uleb128 0x6
 859 0530 87010000 		.4byte	.LASF73
 860 0534 0B       		.byte	0xb
 861 0535 2D       		.byte	0x2d
 862 0536 08060000 		.4byte	0x608
 863 053a 00       		.byte	0
 864 053b 06       		.uleb128 0x6
 865 053c EF010000 		.4byte	.LASF74
 866 0540 0B       		.byte	0xb
 867 0541 2E       		.byte	0x2e
 868 0542 A9000000 		.4byte	0xa9
 869 0546 04       		.byte	0x4
 870 0547 06       		.uleb128 0x6
 871 0548 3F020000 		.4byte	.LASF75
 872 054c 0B       		.byte	0xb
 873 054d 2F       		.byte	0x2f
 874 054e A9000000 		.4byte	0xa9
 875 0552 05       		.byte	0x5
 876 0553 06       		.uleb128 0x6
 877 0554 C2040000 		.4byte	.LASF76
 878 0558 0B       		.byte	0xb
 879 0559 30       		.byte	0x30
 880 055a B4000000 		.4byte	0xb4
 881 055e 06       		.byte	0x6
 882 055f 06       		.uleb128 0x6
 883 0560 6C020000 		.4byte	.LASF77
 884 0564 0B       		.byte	0xb
 885 0565 31       		.byte	0x31
 886 0566 A9000000 		.4byte	0xa9
 887 056a 08       		.byte	0x8
 888 056b 06       		.uleb128 0x6
 889 056c 0C020000 		.4byte	.LASF78
 890 0570 0B       		.byte	0xb
 891 0571 32       		.byte	0x32
 892 0572 A9000000 		.4byte	0xa9
 893 0576 09       		.byte	0x9
 894 0577 06       		.uleb128 0x6
 895 0578 34000000 		.4byte	.LASF79
 896 057c 0B       		.byte	0xb
 897 057d 33       		.byte	0x33
 898 057e A9000000 		.4byte	0xa9
 899 0582 0A       		.byte	0xa
 900 0583 06       		.uleb128 0x6
 901 0584 10040000 		.4byte	.LASF80
 902 0588 0B       		.byte	0xb
 903 0589 34       		.byte	0x34
 904 058a A9000000 		.4byte	0xa9
 905 058e 0B       		.byte	0xb
 906 058f 06       		.uleb128 0x6
 907 0590 83040000 		.4byte	.LASF81
ARM GAS  /tmp/ccKG1xxJ.s 			page 17


 908 0594 0B       		.byte	0xb
 909 0595 35       		.byte	0x35
 910 0596 A9000000 		.4byte	0xa9
 911 059a 0C       		.byte	0xc
 912 059b 06       		.uleb128 0x6
 913 059c EF030000 		.4byte	.LASF82
 914 05a0 0B       		.byte	0xb
 915 05a1 36       		.byte	0x36
 916 05a2 A9000000 		.4byte	0xa9
 917 05a6 0D       		.byte	0xd
 918 05a7 06       		.uleb128 0x6
 919 05a8 00000000 		.4byte	.LASF83
 920 05ac 0B       		.byte	0xb
 921 05ad 37       		.byte	0x37
 922 05ae A9000000 		.4byte	0xa9
 923 05b2 0E       		.byte	0xe
 924 05b3 06       		.uleb128 0x6
 925 05b4 18020000 		.4byte	.LASF84
 926 05b8 0B       		.byte	0xb
 927 05b9 38       		.byte	0x38
 928 05ba A9000000 		.4byte	0xa9
 929 05be 0F       		.byte	0xf
 930 05bf 06       		.uleb128 0x6
 931 05c0 D3000000 		.4byte	.LASF85
 932 05c4 0B       		.byte	0xb
 933 05c5 39       		.byte	0x39
 934 05c6 A9000000 		.4byte	0xa9
 935 05ca 10       		.byte	0x10
 936 05cb 06       		.uleb128 0x6
 937 05cc 71000000 		.4byte	.LASF86
 938 05d0 0B       		.byte	0xb
 939 05d1 3B       		.byte	0x3b
 940 05d2 A9000000 		.4byte	0xa9
 941 05d6 11       		.byte	0x11
 942 05d7 06       		.uleb128 0x6
 943 05d8 E3000000 		.4byte	.LASF87
 944 05dc 0B       		.byte	0xb
 945 05dd 3C       		.byte	0x3c
 946 05de A9000000 		.4byte	0xa9
 947 05e2 12       		.byte	0x12
 948 05e3 06       		.uleb128 0x6
 949 05e4 F7010000 		.4byte	.LASF88
 950 05e8 0B       		.byte	0xb
 951 05e9 3D       		.byte	0x3d
 952 05ea A9000000 		.4byte	0xa9
 953 05ee 13       		.byte	0x13
 954 05ef 06       		.uleb128 0x6
 955 05f0 D1030000 		.4byte	.LASF89
 956 05f4 0B       		.byte	0xb
 957 05f5 3E       		.byte	0x3e
 958 05f6 A9000000 		.4byte	0xa9
 959 05fa 14       		.byte	0x14
 960 05fb 06       		.uleb128 0x6
 961 05fc C8020000 		.4byte	.LASF90
 962 0600 0B       		.byte	0xb
 963 0601 40       		.byte	0x40
 964 0602 A9000000 		.4byte	0xa9
ARM GAS  /tmp/ccKG1xxJ.s 			page 18


 965 0606 15       		.byte	0x15
 966 0607 00       		.byte	0
 967 0608 11       		.uleb128 0x11
 968 0609 14050000 		.4byte	0x514
 969 060d 18060000 		.4byte	0x618
 970 0611 12       		.uleb128 0x12
 971 0612 2A040000 		.4byte	0x42a
 972 0616 03       		.byte	0x3
 973 0617 00       		.byte	0
 974 0618 03       		.uleb128 0x3
 975 0619 25010000 		.4byte	.LASF91
 976 061d 0B       		.byte	0xb
 977 061e 41       		.byte	0x41
 978 061f 27050000 		.4byte	0x527
 979 0623 13       		.uleb128 0x13
 980 0624 59000000 		.4byte	.LASF92
 981 0628 01       		.byte	0x1
 982 0629 75       		.byte	0x75
 983 062a 74020000 		.4byte	0x274
 984 062e 00000000 		.4byte	.LFB7
 985 0632 3C000000 		.4byte	.LFE7-.LFB7
 986 0636 01       		.uleb128 0x1
 987 0637 9C       		.byte	0x9c
 988 0638 7C060000 		.4byte	0x67c
 989 063c 14       		.uleb128 0x14
 990 063d 747000   		.ascii	"tp\000"
 991 0640 01       		.byte	0x1
 992 0641 76       		.byte	0x76
 993 0642 74020000 		.4byte	0x274
 994 0646 02       		.uleb128 0x2
 995 0647 91       		.byte	0x91
 996 0648 74       		.sleb128 -12
 997 0649 15       		.uleb128 0x15
 998 064a 04000000 		.4byte	.LBB2
 999 064e 06000000 		.4byte	.LBE2-.LBB2
 1000 0652 64060000 		.4byte	0x664
 1001 0656 14       		.uleb128 0x14
 1002 0657 746D7000 		.ascii	"tmp\000"
 1003 065b 01       		.byte	0x1
 1004 065c 78       		.byte	0x78
 1005 065d CA000000 		.4byte	0xca
 1006 0661 01       		.uleb128 0x1
 1007 0662 53       		.byte	0x53
 1008 0663 00       		.byte	0
 1009 0664 16       		.uleb128 0x16
 1010 0665 28000000 		.4byte	.LBB3
 1011 0669 06000000 		.4byte	.LBE3-.LBB3
 1012 066d 14       		.uleb128 0x14
 1013 066e 746D7000 		.ascii	"tmp\000"
 1014 0672 01       		.byte	0x1
 1015 0673 7D       		.byte	0x7d
 1016 0674 CA000000 		.4byte	0xca
 1017 0678 01       		.uleb128 0x1
 1018 0679 53       		.byte	0x53
 1019 067a 00       		.byte	0
 1020 067b 00       		.byte	0
 1021 067c 13       		.uleb128 0x13
ARM GAS  /tmp/ccKG1xxJ.s 			page 19


 1022 067d 29040000 		.4byte	.LASF93
 1023 0681 01       		.byte	0x1
 1024 0682 8C       		.byte	0x8c
 1025 0683 74020000 		.4byte	0x274
 1026 0687 00000000 		.4byte	.LFB8
 1027 068b 68000000 		.4byte	.LFE8-.LFB8
 1028 068f 01       		.uleb128 0x1
 1029 0690 9C       		.byte	0x9c
 1030 0691 E3060000 		.4byte	0x6e3
 1031 0695 17       		.uleb128 0x17
 1032 0696 747000   		.ascii	"tp\000"
 1033 0699 01       		.byte	0x1
 1034 069a 8C       		.byte	0x8c
 1035 069b 74020000 		.4byte	0x274
 1036 069f 02       		.uleb128 0x2
 1037 06a0 91       		.byte	0x91
 1038 06a1 6C       		.sleb128 -20
 1039 06a2 14       		.uleb128 0x14
 1040 06a3 6E747000 		.ascii	"ntp\000"
 1041 06a7 01       		.byte	0x1
 1042 06a8 8D       		.byte	0x8d
 1043 06a9 74020000 		.4byte	0x274
 1044 06ad 02       		.uleb128 0x2
 1045 06ae 91       		.byte	0x91
 1046 06af 74       		.sleb128 -12
 1047 06b0 15       		.uleb128 0x15
 1048 06b1 06000000 		.4byte	.LBB4
 1049 06b5 06000000 		.4byte	.LBE4-.LBB4
 1050 06b9 CB060000 		.4byte	0x6cb
 1051 06bd 14       		.uleb128 0x14
 1052 06be 746D7000 		.ascii	"tmp\000"
 1053 06c2 01       		.byte	0x1
 1054 06c3 8F       		.byte	0x8f
 1055 06c4 CA000000 		.4byte	0xca
 1056 06c8 01       		.uleb128 0x1
 1057 06c9 53       		.byte	0x53
 1058 06ca 00       		.byte	0
 1059 06cb 16       		.uleb128 0x16
 1060 06cc 48000000 		.4byte	.LBB5
 1061 06d0 06000000 		.4byte	.LBE5-.LBB5
 1062 06d4 14       		.uleb128 0x14
 1063 06d5 746D7000 		.ascii	"tmp\000"
 1064 06d9 01       		.byte	0x1
 1065 06da 9A       		.byte	0x9a
 1066 06db CA000000 		.4byte	0xca
 1067 06df 01       		.uleb128 0x1
 1068 06e0 53       		.byte	0x53
 1069 06e1 00       		.byte	0
 1070 06e2 00       		.byte	0
 1071 06e3 18       		.uleb128 0x18
 1072 06e4 9F040000 		.4byte	.LASF94
 1073 06e8 09       		.byte	0x9
 1074 06e9 6F       		.byte	0x6f
 1075 06ea 87040000 		.4byte	0x487
 1076 06ee 19       		.uleb128 0x19
 1077 06ef 7E010000 		.4byte	.LASF95
 1078 06f3 01       		.byte	0x1
ARM GAS  /tmp/ccKG1xxJ.s 			page 20


 1079 06f4 42       		.byte	0x42
 1080 06f5 FF060000 		.4byte	0x6ff
 1081 06f9 05       		.uleb128 0x5
 1082 06fa 03       		.byte	0x3
 1083 06fb 00000000 		.4byte	ch_debug
 1084 06ff 10       		.uleb128 0x10
 1085 0700 18060000 		.4byte	0x618
 1086 0704 00       		.byte	0
 1087              		.section	.debug_abbrev,"",%progbits
 1088              	.Ldebug_abbrev0:
 1089 0000 01       		.uleb128 0x1
 1090 0001 11       		.uleb128 0x11
 1091 0002 01       		.byte	0x1
 1092 0003 25       		.uleb128 0x25
 1093 0004 0E       		.uleb128 0xe
 1094 0005 13       		.uleb128 0x13
 1095 0006 0B       		.uleb128 0xb
 1096 0007 03       		.uleb128 0x3
 1097 0008 0E       		.uleb128 0xe
 1098 0009 55       		.uleb128 0x55
 1099 000a 17       		.uleb128 0x17
 1100 000b 11       		.uleb128 0x11
 1101 000c 01       		.uleb128 0x1
 1102 000d 10       		.uleb128 0x10
 1103 000e 17       		.uleb128 0x17
 1104 000f 00       		.byte	0
 1105 0010 00       		.byte	0
 1106 0011 02       		.uleb128 0x2
 1107 0012 24       		.uleb128 0x24
 1108 0013 00       		.byte	0
 1109 0014 0B       		.uleb128 0xb
 1110 0015 0B       		.uleb128 0xb
 1111 0016 3E       		.uleb128 0x3e
 1112 0017 0B       		.uleb128 0xb
 1113 0018 03       		.uleb128 0x3
 1114 0019 08       		.uleb128 0x8
 1115 001a 00       		.byte	0
 1116 001b 00       		.byte	0
 1117 001c 03       		.uleb128 0x3
 1118 001d 16       		.uleb128 0x16
 1119 001e 00       		.byte	0
 1120 001f 03       		.uleb128 0x3
 1121 0020 0E       		.uleb128 0xe
 1122 0021 3A       		.uleb128 0x3a
 1123 0022 0B       		.uleb128 0xb
 1124 0023 3B       		.uleb128 0x3b
 1125 0024 0B       		.uleb128 0xb
 1126 0025 49       		.uleb128 0x49
 1127 0026 13       		.uleb128 0x13
 1128 0027 00       		.byte	0
 1129 0028 00       		.byte	0
 1130 0029 04       		.uleb128 0x4
 1131 002a 24       		.uleb128 0x24
 1132 002b 00       		.byte	0
 1133 002c 0B       		.uleb128 0xb
 1134 002d 0B       		.uleb128 0xb
 1135 002e 3E       		.uleb128 0x3e
ARM GAS  /tmp/ccKG1xxJ.s 			page 21


 1136 002f 0B       		.uleb128 0xb
 1137 0030 03       		.uleb128 0x3
 1138 0031 0E       		.uleb128 0xe
 1139 0032 00       		.byte	0
 1140 0033 00       		.byte	0
 1141 0034 05       		.uleb128 0x5
 1142 0035 13       		.uleb128 0x13
 1143 0036 01       		.byte	0x1
 1144 0037 03       		.uleb128 0x3
 1145 0038 0E       		.uleb128 0xe
 1146 0039 0B       		.uleb128 0xb
 1147 003a 0B       		.uleb128 0xb
 1148 003b 3A       		.uleb128 0x3a
 1149 003c 0B       		.uleb128 0xb
 1150 003d 3B       		.uleb128 0x3b
 1151 003e 0B       		.uleb128 0xb
 1152 003f 01       		.uleb128 0x1
 1153 0040 13       		.uleb128 0x13
 1154 0041 00       		.byte	0
 1155 0042 00       		.byte	0
 1156 0043 06       		.uleb128 0x6
 1157 0044 0D       		.uleb128 0xd
 1158 0045 00       		.byte	0
 1159 0046 03       		.uleb128 0x3
 1160 0047 0E       		.uleb128 0xe
 1161 0048 3A       		.uleb128 0x3a
 1162 0049 0B       		.uleb128 0xb
 1163 004a 3B       		.uleb128 0x3b
 1164 004b 0B       		.uleb128 0xb
 1165 004c 49       		.uleb128 0x49
 1166 004d 13       		.uleb128 0x13
 1167 004e 38       		.uleb128 0x38
 1168 004f 0B       		.uleb128 0xb
 1169 0050 00       		.byte	0
 1170 0051 00       		.byte	0
 1171 0052 07       		.uleb128 0x7
 1172 0053 0D       		.uleb128 0xd
 1173 0054 00       		.byte	0
 1174 0055 03       		.uleb128 0x3
 1175 0056 08       		.uleb128 0x8
 1176 0057 3A       		.uleb128 0x3a
 1177 0058 0B       		.uleb128 0xb
 1178 0059 3B       		.uleb128 0x3b
 1179 005a 0B       		.uleb128 0xb
 1180 005b 49       		.uleb128 0x49
 1181 005c 13       		.uleb128 0x13
 1182 005d 38       		.uleb128 0x38
 1183 005e 0B       		.uleb128 0xb
 1184 005f 00       		.byte	0
 1185 0060 00       		.byte	0
 1186 0061 08       		.uleb128 0x8
 1187 0062 13       		.uleb128 0x13
 1188 0063 01       		.byte	0x1
 1189 0064 0B       		.uleb128 0xb
 1190 0065 0B       		.uleb128 0xb
 1191 0066 3A       		.uleb128 0x3a
 1192 0067 0B       		.uleb128 0xb
ARM GAS  /tmp/ccKG1xxJ.s 			page 22


 1193 0068 3B       		.uleb128 0x3b
 1194 0069 0B       		.uleb128 0xb
 1195 006a 01       		.uleb128 0x1
 1196 006b 13       		.uleb128 0x13
 1197 006c 00       		.byte	0
 1198 006d 00       		.byte	0
 1199 006e 09       		.uleb128 0x9
 1200 006f 0F       		.uleb128 0xf
 1201 0070 00       		.byte	0
 1202 0071 0B       		.uleb128 0xb
 1203 0072 0B       		.uleb128 0xb
 1204 0073 49       		.uleb128 0x49
 1205 0074 13       		.uleb128 0x13
 1206 0075 00       		.byte	0
 1207 0076 00       		.byte	0
 1208 0077 0A       		.uleb128 0xa
 1209 0078 0F       		.uleb128 0xf
 1210 0079 00       		.byte	0
 1211 007a 0B       		.uleb128 0xb
 1212 007b 0B       		.uleb128 0xb
 1213 007c 00       		.byte	0
 1214 007d 00       		.byte	0
 1215 007e 0B       		.uleb128 0xb
 1216 007f 13       		.uleb128 0x13
 1217 0080 01       		.byte	0x1
 1218 0081 03       		.uleb128 0x3
 1219 0082 0E       		.uleb128 0xe
 1220 0083 0B       		.uleb128 0xb
 1221 0084 0B       		.uleb128 0xb
 1222 0085 3A       		.uleb128 0x3a
 1223 0086 0B       		.uleb128 0xb
 1224 0087 3B       		.uleb128 0x3b
 1225 0088 05       		.uleb128 0x5
 1226 0089 01       		.uleb128 0x1
 1227 008a 13       		.uleb128 0x13
 1228 008b 00       		.byte	0
 1229 008c 00       		.byte	0
 1230 008d 0C       		.uleb128 0xc
 1231 008e 0D       		.uleb128 0xd
 1232 008f 00       		.byte	0
 1233 0090 03       		.uleb128 0x3
 1234 0091 08       		.uleb128 0x8
 1235 0092 3A       		.uleb128 0x3a
 1236 0093 0B       		.uleb128 0xb
 1237 0094 3B       		.uleb128 0x3b
 1238 0095 05       		.uleb128 0x5
 1239 0096 49       		.uleb128 0x49
 1240 0097 13       		.uleb128 0x13
 1241 0098 38       		.uleb128 0x38
 1242 0099 0B       		.uleb128 0xb
 1243 009a 00       		.byte	0
 1244 009b 00       		.byte	0
 1245 009c 0D       		.uleb128 0xd
 1246 009d 35       		.uleb128 0x35
 1247 009e 00       		.byte	0
 1248 009f 49       		.uleb128 0x49
 1249 00a0 13       		.uleb128 0x13
ARM GAS  /tmp/ccKG1xxJ.s 			page 23


 1250 00a1 00       		.byte	0
 1251 00a2 00       		.byte	0
 1252 00a3 0E       		.uleb128 0xe
 1253 00a4 17       		.uleb128 0x17
 1254 00a5 01       		.byte	0x1
 1255 00a6 0B       		.uleb128 0xb
 1256 00a7 0B       		.uleb128 0xb
 1257 00a8 3A       		.uleb128 0x3a
 1258 00a9 0B       		.uleb128 0xb
 1259 00aa 3B       		.uleb128 0x3b
 1260 00ab 0B       		.uleb128 0xb
 1261 00ac 01       		.uleb128 0x1
 1262 00ad 13       		.uleb128 0x13
 1263 00ae 00       		.byte	0
 1264 00af 00       		.byte	0
 1265 00b0 0F       		.uleb128 0xf
 1266 00b1 0D       		.uleb128 0xd
 1267 00b2 00       		.byte	0
 1268 00b3 03       		.uleb128 0x3
 1269 00b4 0E       		.uleb128 0xe
 1270 00b5 3A       		.uleb128 0x3a
 1271 00b6 0B       		.uleb128 0xb
 1272 00b7 3B       		.uleb128 0x3b
 1273 00b8 0B       		.uleb128 0xb
 1274 00b9 49       		.uleb128 0x49
 1275 00ba 13       		.uleb128 0x13
 1276 00bb 00       		.byte	0
 1277 00bc 00       		.byte	0
 1278 00bd 10       		.uleb128 0x10
 1279 00be 26       		.uleb128 0x26
 1280 00bf 00       		.byte	0
 1281 00c0 49       		.uleb128 0x49
 1282 00c1 13       		.uleb128 0x13
 1283 00c2 00       		.byte	0
 1284 00c3 00       		.byte	0
 1285 00c4 11       		.uleb128 0x11
 1286 00c5 01       		.uleb128 0x1
 1287 00c6 01       		.byte	0x1
 1288 00c7 49       		.uleb128 0x49
 1289 00c8 13       		.uleb128 0x13
 1290 00c9 01       		.uleb128 0x1
 1291 00ca 13       		.uleb128 0x13
 1292 00cb 00       		.byte	0
 1293 00cc 00       		.byte	0
 1294 00cd 12       		.uleb128 0x12
 1295 00ce 21       		.uleb128 0x21
 1296 00cf 00       		.byte	0
 1297 00d0 49       		.uleb128 0x49
 1298 00d1 13       		.uleb128 0x13
 1299 00d2 2F       		.uleb128 0x2f
 1300 00d3 0B       		.uleb128 0xb
 1301 00d4 00       		.byte	0
 1302 00d5 00       		.byte	0
 1303 00d6 13       		.uleb128 0x13
 1304 00d7 2E       		.uleb128 0x2e
 1305 00d8 01       		.byte	0x1
 1306 00d9 3F       		.uleb128 0x3f
ARM GAS  /tmp/ccKG1xxJ.s 			page 24


 1307 00da 19       		.uleb128 0x19
 1308 00db 03       		.uleb128 0x3
 1309 00dc 0E       		.uleb128 0xe
 1310 00dd 3A       		.uleb128 0x3a
 1311 00de 0B       		.uleb128 0xb
 1312 00df 3B       		.uleb128 0x3b
 1313 00e0 0B       		.uleb128 0xb
 1314 00e1 27       		.uleb128 0x27
 1315 00e2 19       		.uleb128 0x19
 1316 00e3 49       		.uleb128 0x49
 1317 00e4 13       		.uleb128 0x13
 1318 00e5 11       		.uleb128 0x11
 1319 00e6 01       		.uleb128 0x1
 1320 00e7 12       		.uleb128 0x12
 1321 00e8 06       		.uleb128 0x6
 1322 00e9 40       		.uleb128 0x40
 1323 00ea 18       		.uleb128 0x18
 1324 00eb 9642     		.uleb128 0x2116
 1325 00ed 19       		.uleb128 0x19
 1326 00ee 01       		.uleb128 0x1
 1327 00ef 13       		.uleb128 0x13
 1328 00f0 00       		.byte	0
 1329 00f1 00       		.byte	0
 1330 00f2 14       		.uleb128 0x14
 1331 00f3 34       		.uleb128 0x34
 1332 00f4 00       		.byte	0
 1333 00f5 03       		.uleb128 0x3
 1334 00f6 08       		.uleb128 0x8
 1335 00f7 3A       		.uleb128 0x3a
 1336 00f8 0B       		.uleb128 0xb
 1337 00f9 3B       		.uleb128 0x3b
 1338 00fa 0B       		.uleb128 0xb
 1339 00fb 49       		.uleb128 0x49
 1340 00fc 13       		.uleb128 0x13
 1341 00fd 02       		.uleb128 0x2
 1342 00fe 18       		.uleb128 0x18
 1343 00ff 00       		.byte	0
 1344 0100 00       		.byte	0
 1345 0101 15       		.uleb128 0x15
 1346 0102 0B       		.uleb128 0xb
 1347 0103 01       		.byte	0x1
 1348 0104 11       		.uleb128 0x11
 1349 0105 01       		.uleb128 0x1
 1350 0106 12       		.uleb128 0x12
 1351 0107 06       		.uleb128 0x6
 1352 0108 01       		.uleb128 0x1
 1353 0109 13       		.uleb128 0x13
 1354 010a 00       		.byte	0
 1355 010b 00       		.byte	0
 1356 010c 16       		.uleb128 0x16
 1357 010d 0B       		.uleb128 0xb
 1358 010e 01       		.byte	0x1
 1359 010f 11       		.uleb128 0x11
 1360 0110 01       		.uleb128 0x1
 1361 0111 12       		.uleb128 0x12
 1362 0112 06       		.uleb128 0x6
 1363 0113 00       		.byte	0
ARM GAS  /tmp/ccKG1xxJ.s 			page 25


 1364 0114 00       		.byte	0
 1365 0115 17       		.uleb128 0x17
 1366 0116 05       		.uleb128 0x5
 1367 0117 00       		.byte	0
 1368 0118 03       		.uleb128 0x3
 1369 0119 08       		.uleb128 0x8
 1370 011a 3A       		.uleb128 0x3a
 1371 011b 0B       		.uleb128 0xb
 1372 011c 3B       		.uleb128 0x3b
 1373 011d 0B       		.uleb128 0xb
 1374 011e 49       		.uleb128 0x49
 1375 011f 13       		.uleb128 0x13
 1376 0120 02       		.uleb128 0x2
 1377 0121 18       		.uleb128 0x18
 1378 0122 00       		.byte	0
 1379 0123 00       		.byte	0
 1380 0124 18       		.uleb128 0x18
 1381 0125 34       		.uleb128 0x34
 1382 0126 00       		.byte	0
 1383 0127 03       		.uleb128 0x3
 1384 0128 0E       		.uleb128 0xe
 1385 0129 3A       		.uleb128 0x3a
 1386 012a 0B       		.uleb128 0xb
 1387 012b 3B       		.uleb128 0x3b
 1388 012c 0B       		.uleb128 0xb
 1389 012d 49       		.uleb128 0x49
 1390 012e 13       		.uleb128 0x13
 1391 012f 3F       		.uleb128 0x3f
 1392 0130 19       		.uleb128 0x19
 1393 0131 3C       		.uleb128 0x3c
 1394 0132 19       		.uleb128 0x19
 1395 0133 00       		.byte	0
 1396 0134 00       		.byte	0
 1397 0135 19       		.uleb128 0x19
 1398 0136 34       		.uleb128 0x34
 1399 0137 00       		.byte	0
 1400 0138 03       		.uleb128 0x3
 1401 0139 0E       		.uleb128 0xe
 1402 013a 3A       		.uleb128 0x3a
 1403 013b 0B       		.uleb128 0xb
 1404 013c 3B       		.uleb128 0x3b
 1405 013d 0B       		.uleb128 0xb
 1406 013e 49       		.uleb128 0x49
 1407 013f 13       		.uleb128 0x13
 1408 0140 3F       		.uleb128 0x3f
 1409 0141 19       		.uleb128 0x19
 1410 0142 02       		.uleb128 0x2
 1411 0143 18       		.uleb128 0x18
 1412 0144 00       		.byte	0
 1413 0145 00       		.byte	0
 1414 0146 00       		.byte	0
 1415              		.section	.debug_aranges,"",%progbits
 1416 0000 24000000 		.4byte	0x24
 1417 0004 0200     		.2byte	0x2
 1418 0006 00000000 		.4byte	.Ldebug_info0
 1419 000a 04       		.byte	0x4
 1420 000b 00       		.byte	0
ARM GAS  /tmp/ccKG1xxJ.s 			page 26


 1421 000c 0000     		.2byte	0
 1422 000e 0000     		.2byte	0
 1423 0010 00000000 		.4byte	.LFB7
 1424 0014 3C000000 		.4byte	.LFE7-.LFB7
 1425 0018 00000000 		.4byte	.LFB8
 1426 001c 68000000 		.4byte	.LFE8-.LFB8
 1427 0020 00000000 		.4byte	0
 1428 0024 00000000 		.4byte	0
 1429              		.section	.debug_ranges,"",%progbits
 1430              	.Ldebug_ranges0:
 1431 0000 00000000 		.4byte	.LFB7
 1432 0004 3C000000 		.4byte	.LFE7
 1433 0008 00000000 		.4byte	.LFB8
 1434 000c 68000000 		.4byte	.LFE8
 1435 0010 00000000 		.4byte	0
 1436 0014 00000000 		.4byte	0
 1437              		.section	.debug_line,"",%progbits
 1438              	.Ldebug_line0:
 1439 0000 D7010000 		.section	.debug_str,"MS",%progbits,1
 1439      02009A01 
 1439      00000201 
 1439      FB0E0D00 
 1439      01010101 
 1440              	.LASF83:
 1441 0000 63665F6F 		.ascii	"cf_off_older\000"
 1441      66665F6F 
 1441      6C646572 
 1441      00
 1442              	.LASF45:
 1443 000d 705F6D73 		.ascii	"p_msg\000"
 1443      6700
 1444              	.LASF2:
 1445 0013 73697A65 		.ascii	"size_t\000"
 1445      5F7400
 1446              	.LASF68:
 1447 001a 7264796D 		.ascii	"rdymsg\000"
 1447      736700
 1448              	.LASF19:
 1449 0021 75696E74 		.ascii	"uint64_t\000"
 1449      36345F74 
 1449      00
 1450              	.LASF3:
 1451 002a 5F5F7569 		.ascii	"__uint8_t\000"
 1451      6E74385F 
 1451      7400
 1452              	.LASF79:
 1453 0034 63685F74 		.ascii	"ch_threadsize\000"
 1453      68726561 
 1453      6473697A 
 1453      6500
 1454              	.LASF14:
 1455 0042 6C6F6E67 		.ascii	"long long unsigned int\000"
 1455      206C6F6E 
 1455      6720756E 
 1455      7369676E 
 1455      65642069 
 1456              	.LASF92:
ARM GAS  /tmp/ccKG1xxJ.s 			page 27


 1457 0059 63685265 		.ascii	"chRegFirstThread\000"
 1457      67466972 
 1457      73745468 
 1457      72656164 
 1457      00
 1458              	.LASF32:
 1459 006a 705F7072 		.ascii	"p_prio\000"
 1459      696F00
 1460              	.LASF86:
 1461 0071 63665F6F 		.ascii	"cf_off_state\000"
 1461      66665F73 
 1461      74617465 
 1461      00
 1462              	.LASF12:
 1463 007e 6C6F6E67 		.ascii	"long long int\000"
 1463      206C6F6E 
 1463      6720696E 
 1463      7400
 1464              	.LASF1:
 1465 008c 7369676E 		.ascii	"signed char\000"
 1465      65642063 
 1465      68617200 
 1466              	.LASF97:
 1467 0098 2F686F6D 		.ascii	"/home/dave/r2p-sdk/core/ChibiOS/os/kernel/src/chreg"
 1467      652F6461 
 1467      76652F72 
 1467      32702D73 
 1467      646B2F63 
 1468 00cb 69737472 		.ascii	"istry.c\000"
 1468      792E6300 
 1469              	.LASF85:
 1470 00d3 63665F6F 		.ascii	"cf_off_stklimit\000"
 1470      66665F73 
 1470      746B6C69 
 1470      6D697400 
 1471              	.LASF87:
 1472 00e3 63665F6F 		.ascii	"cf_off_flags\000"
 1472      66665F66 
 1472      6C616773 
 1472      00
 1473              	.LASF49:
 1474 00f0 705F6D70 		.ascii	"p_mpool\000"
 1474      6F6F6C00 
 1475              	.LASF65:
 1476 00f8 6D5F7175 		.ascii	"m_queue\000"
 1476      65756500 
 1477              	.LASF24:
 1478 0100 74736C69 		.ascii	"tslices_t\000"
 1478      6365735F 
 1478      7400
 1479              	.LASF9:
 1480 010a 6C6F6E67 		.ascii	"long int\000"
 1480      20696E74 
 1480      00
 1481              	.LASF22:
 1482 0113 74737461 		.ascii	"tstate_t\000"
 1482      74655F74 
ARM GAS  /tmp/ccKG1xxJ.s 			page 28


 1482      00
 1483              	.LASF16:
 1484 011c 75696E74 		.ascii	"uint16_t\000"
 1484      31365F74 
 1484      00
 1485              	.LASF91:
 1486 0125 63686465 		.ascii	"chdebug_t\000"
 1486      6275675F 
 1486      7400
 1487              	.LASF34:
 1488 012f 705F6E65 		.ascii	"p_newer\000"
 1488      77657200 
 1489              	.LASF69:
 1490 0137 65786974 		.ascii	"exitcode\000"
 1490      636F6465 
 1490      00
 1491              	.LASF10:
 1492 0140 5F5F7569 		.ascii	"__uint32_t\000"
 1492      6E743332 
 1492      5F7400
 1493              	.LASF52:
 1494 014b 72656761 		.ascii	"regarm_t\000"
 1494      726D5F74 
 1494      00
 1495              	.LASF37:
 1496 0154 705F7374 		.ascii	"p_stklimit\000"
 1496      6B6C696D 
 1496      697400
 1497              	.LASF0:
 1498 015f 756E7369 		.ascii	"unsigned int\000"
 1498      676E6564 
 1498      20696E74 
 1498      00
 1499              	.LASF11:
 1500 016c 6C6F6E67 		.ascii	"long unsigned int\000"
 1500      20756E73 
 1500      69676E65 
 1500      6420696E 
 1500      7400
 1501              	.LASF95:
 1502 017e 63685F64 		.ascii	"ch_debug\000"
 1502      65627567 
 1502      00
 1503              	.LASF73:
 1504 0187 63685F69 		.ascii	"ch_identifier\000"
 1504      64656E74 
 1504      69666965 
 1504      7200
 1505              	.LASF55:
 1506 0195 636F6E74 		.ascii	"context\000"
 1506      65787400 
 1507              	.LASF7:
 1508 019d 73686F72 		.ascii	"short unsigned int\000"
 1508      7420756E 
 1508      7369676E 
 1508      65642069 
 1508      6E7400
ARM GAS  /tmp/ccKG1xxJ.s 			page 29


 1509              	.LASF26:
 1510 01b0 6D73675F 		.ascii	"msg_t\000"
 1510      7400
 1511              	.LASF60:
 1512 01b6 725F6E65 		.ascii	"r_newer\000"
 1512      77657200 
 1513              	.LASF21:
 1514 01be 746D6F64 		.ascii	"tmode_t\000"
 1514      655F7400 
 1515              	.LASF51:
 1516 01c6 54687265 		.ascii	"ThreadsList\000"
 1516      6164734C 
 1516      69737400 
 1517              	.LASF27:
 1518 01d2 6576656E 		.ascii	"eventmask_t\000"
 1518      746D6173 
 1518      6B5F7400 
 1519              	.LASF64:
 1520 01de 4D757465 		.ascii	"Mutex\000"
 1520      7800
 1521              	.LASF53:
 1522 01e4 73746B61 		.ascii	"stkalign_t\000"
 1522      6C69676E 
 1522      5F7400
 1523              	.LASF74:
 1524 01ef 63685F7A 		.ascii	"ch_zero\000"
 1524      65726F00 
 1525              	.LASF88:
 1526 01f7 63665F6F 		.ascii	"cf_off_refs\000"
 1526      66665F72 
 1526      65667300 
 1527              	.LASF56:
 1528 0203 73697A65 		.ascii	"sizetype\000"
 1528      74797065 
 1528      00
 1529              	.LASF78:
 1530 020c 63685F74 		.ascii	"ch_timesize\000"
 1530      696D6573 
 1530      697A6500 
 1531              	.LASF84:
 1532 0218 63665F6F 		.ascii	"cf_off_name\000"
 1532      66665F6E 
 1532      616D6500 
 1533              	.LASF35:
 1534 0224 705F6F6C 		.ascii	"p_older\000"
 1534      64657200 
 1535              	.LASF59:
 1536 022c 725F6374 		.ascii	"r_ctx\000"
 1536      7800
 1537              	.LASF50:
 1538 0232 54687265 		.ascii	"ThreadsQueue\000"
 1538      61647351 
 1538      75657565 
 1538      00
 1539              	.LASF75:
 1540 023f 63685F73 		.ascii	"ch_size\000"
 1540      697A6500 
ARM GAS  /tmp/ccKG1xxJ.s 			page 30


 1541              	.LASF62:
 1542 0247 725F6375 		.ascii	"r_current\000"
 1542      7272656E 
 1542      7400
 1543              	.LASF61:
 1544 0251 725F6F6C 		.ascii	"r_older\000"
 1544      64657200 
 1545              	.LASF13:
 1546 0259 5F5F7569 		.ascii	"__uint64_t\000"
 1546      6E743634 
 1546      5F7400
 1547              	.LASF23:
 1548 0264 74726566 		.ascii	"trefs_t\000"
 1548      735F7400 
 1549              	.LASF77:
 1550 026c 63685F70 		.ascii	"ch_ptrsize\000"
 1550      74727369 
 1550      7A6500
 1551              	.LASF31:
 1552 0277 705F7072 		.ascii	"p_prev\000"
 1552      657600
 1553              	.LASF25:
 1554 027e 74707269 		.ascii	"tprio_t\000"
 1554      6F5F7400 
 1555              	.LASF20:
 1556 0286 5F426F6F 		.ascii	"_Bool\000"
 1556      6C00
 1557              	.LASF17:
 1558 028c 696E7433 		.ascii	"int32_t\000"
 1558      325F7400 
 1559              	.LASF4:
 1560 0294 756E7369 		.ascii	"unsigned char\000"
 1560      676E6564 
 1560      20636861 
 1560      7200
 1561              	.LASF47:
 1562 02a2 705F6D74 		.ascii	"p_mtxlist\000"
 1562      786C6973 
 1562      7400
 1563              	.LASF5:
 1564 02ac 73686F72 		.ascii	"short int\000"
 1564      7420696E 
 1564      7400
 1565              	.LASF38:
 1566 02b6 705F7374 		.ascii	"p_state\000"
 1566      61746500 
 1567              	.LASF41:
 1568 02be 705F7072 		.ascii	"p_preempt\000"
 1568      65656D70 
 1568      7400
 1569              	.LASF90:
 1570 02c8 63665F6F 		.ascii	"cf_off_time\000"
 1570      66665F74 
 1570      696D6500 
 1571              	.LASF58:
 1572 02d4 725F7072 		.ascii	"r_prio\000"
 1572      696F00
ARM GAS  /tmp/ccKG1xxJ.s 			page 31


 1573              	.LASF96:
 1574 02db 474E5520 		.ascii	"GNU C 4.8.4 20141219 (release) -mcpu=cortex-m4 -mfl"
 1574      4320342E 
 1574      382E3420 
 1574      32303134 
 1574      31323139 
 1575 030e 6F61742D 		.ascii	"oat-abi=hard -mfpu=fpv4-sp-d16 -mno-thumb-interwork"
 1575      6162693D 
 1575      68617264 
 1575      202D6D66 
 1575      70753D66 
 1576 0341 202D6D74 		.ascii	" -mthumb -ggdb -O0 -fomit-frame-pointer -falign-fun"
 1576      68756D62 
 1576      202D6767 
 1576      6462202D 
 1576      4F30202D 
 1577 0374 6374696F 		.ascii	"ctions=16 -ffunction-sections -fdata-sections -fno-"
 1577      6E733D31 
 1577      36202D66 
 1577      66756E63 
 1577      74696F6E 
 1578 03a7 636F6D6D 		.ascii	"common -fsingle-precision-constant\000"
 1578      6F6E202D 
 1578      6673696E 
 1578      676C652D 
 1578      70726563 
 1579              	.LASF30:
 1580 03ca 705F6E65 		.ascii	"p_next\000"
 1580      787400
 1581              	.LASF89:
 1582 03d1 63665F6F 		.ascii	"cf_off_preempt\000"
 1582      66665F70 
 1582      7265656D 
 1582      707400
 1583              	.LASF39:
 1584 03e0 705F666C 		.ascii	"p_flags\000"
 1584      61677300 
 1585              	.LASF29:
 1586 03e8 54687265 		.ascii	"Thread\000"
 1586      616400
 1587              	.LASF82:
 1588 03ef 63665F6F 		.ascii	"cf_off_newer\000"
 1588      66665F6E 
 1588      65776572 
 1588      00
 1589              	.LASF46:
 1590 03fc 705F6570 		.ascii	"p_epending\000"
 1590      656E6469 
 1590      6E6700
 1591              	.LASF18:
 1592 0407 75696E74 		.ascii	"uint32_t\000"
 1592      33325F74 
 1592      00
 1593              	.LASF80:
 1594 0410 63665F6F 		.ascii	"cf_off_prio\000"
 1594      66665F70 
 1594      72696F00 
ARM GAS  /tmp/ccKG1xxJ.s 			page 32


 1595              	.LASF57:
 1596 041c 725F7175 		.ascii	"r_queue\000"
 1596      65756500 
 1597              	.LASF72:
 1598 0424 63686172 		.ascii	"char\000"
 1598      00
 1599              	.LASF93:
 1600 0429 63685265 		.ascii	"chRegNextThread\000"
 1600      674E6578 
 1600      74546872 
 1600      65616400 
 1601              	.LASF6:
 1602 0439 5F5F7569 		.ascii	"__uint16_t\000"
 1602      6E743136 
 1602      5F7400
 1603              	.LASF67:
 1604 0444 6D5F6E65 		.ascii	"m_next\000"
 1604      787400
 1605              	.LASF28:
 1606 044b 73797374 		.ascii	"systime_t\000"
 1606      696D655F 
 1606      7400
 1607              	.LASF48:
 1608 0455 705F7265 		.ascii	"p_realprio\000"
 1608      616C7072 
 1608      696F00
 1609              	.LASF8:
 1610 0460 5F5F696E 		.ascii	"__int32_t\000"
 1610      7433325F 
 1610      7400
 1611              	.LASF42:
 1612 046a 705F7469 		.ascii	"p_time\000"
 1612      6D6500
 1613              	.LASF54:
 1614 0471 696E7463 		.ascii	"intctx\000"
 1614      747800
 1615              	.LASF44:
 1616 0478 705F6D73 		.ascii	"p_msgqueue\000"
 1616      67717565 
 1616      756500
 1617              	.LASF81:
 1618 0483 63665F6F 		.ascii	"cf_off_ctx\000"
 1618      66665F63 
 1618      747800
 1619              	.LASF40:
 1620 048e 705F7265 		.ascii	"p_refs\000"
 1620      667300
 1621              	.LASF63:
 1622 0495 52656164 		.ascii	"ReadyList\000"
 1622      794C6973 
 1622      7400
 1623              	.LASF94:
 1624 049f 726C6973 		.ascii	"rlist\000"
 1624      7400
 1625              	.LASF15:
 1626 04a5 75696E74 		.ascii	"uint8_t\000"
 1626      385F7400 
ARM GAS  /tmp/ccKG1xxJ.s 			page 33


 1627              	.LASF71:
 1628 04ad 65776D61 		.ascii	"ewmask\000"
 1628      736B00
 1629              	.LASF70:
 1630 04b4 77746F62 		.ascii	"wtobjp\000"
 1630      6A7000
 1631              	.LASF36:
 1632 04bb 705F6E61 		.ascii	"p_name\000"
 1632      6D6500
 1633              	.LASF76:
 1634 04c2 63685F76 		.ascii	"ch_version\000"
 1634      65727369 
 1634      6F6E00
 1635              	.LASF66:
 1636 04cd 6D5F6F77 		.ascii	"m_owner\000"
 1636      6E657200 
 1637              	.LASF33:
 1638 04d5 705F6374 		.ascii	"p_ctx\000"
 1638      7800
 1639              	.LASF43:
 1640 04db 705F7761 		.ascii	"p_waiting\000"
 1640      6974696E 
 1640      6700
 1641              		.ident	"GCC: (4.8.4-1+11-1) 4.8.4 20141219 (release)"
ARM GAS  /tmp/ccKG1xxJ.s 			page 34


DEFINED SYMBOLS
                            *ABS*:0000000000000000 chregistry.c
     /tmp/ccKG1xxJ.s:25     .rodata.ch_debug:0000000000000000 ch_debug
     /tmp/ccKG1xxJ.s:22     .rodata.ch_debug:0000000000000000 $d
     /tmp/ccKG1xxJ.s:45     .text.chRegFirstThread:0000000000000000 $t
     /tmp/ccKG1xxJ.s:51     .text.chRegFirstThread:0000000000000000 chRegFirstThread
     /tmp/ccKG1xxJ.s:102    .text.chRegFirstThread:0000000000000038 $d
     /tmp/ccKG1xxJ.s:107    .rodata:0000000000000000 $d
     /tmp/ccKG1xxJ.s:111    .text.chRegNextThread:0000000000000000 $t
     /tmp/ccKG1xxJ.s:117    .text.chRegNextThread:0000000000000000 chRegNextThread
     /tmp/ccKG1xxJ.s:191    .text.chRegNextThread:0000000000000060 $d
                     .debug_frame:0000000000000010 $d
     /tmp/ccKG1xxJ.s:106    .text.chRegFirstThread:000000000000003c $t
     /tmp/ccKG1xxJ.s:196    .text.chRegNextThread:0000000000000068 $t

UNDEFINED SYMBOLS
dbg_check_lock
dbg_check_unlock
rlist
chDbgPanic
chThdRelease
