ARM GAS  /tmp/ccM7sUsA.s 			page 1


   1              		.syntax unified
   2              		.cpu cortex-m4
   3              		.eabi_attribute 27, 3
   4              		.eabi_attribute 28, 1
   5              		.fpu fpv4-sp-d16
   6              		.eabi_attribute 20, 1
   7              		.eabi_attribute 21, 1
   8              		.eabi_attribute 23, 3
   9              		.eabi_attribute 24, 1
  10              		.eabi_attribute 25, 1
  11              		.eabi_attribute 26, 1
  12              		.eabi_attribute 30, 6
  13              		.eabi_attribute 34, 1
  14              		.eabi_attribute 18, 4
  15              		.thumb
  16              		.file	"pal.c"
  17              		.text
  18              	.Ltext0:
  19              		.cfi_sections	.debug_frame
  20              		.section	.rodata
  21              		.align	2
  22              	.LC0:
  23 0000 2270616C 		.ascii	"\"palReadBus\"()\000"
  23      52656164 
  23      42757322 
  23      282900
  24              		.section	.text.palReadBus,"ax",%progbits
  25              		.align	2
  26              		.p2align 4,,15
  27              		.global	palReadBus
  28              		.thumb
  29              		.thumb_func
  30              		.type	palReadBus, %function
  31              	palReadBus:
  32              	.LFB118:
  33              		.file 1 "/home/dave/r2p-sdk/core/ChibiOS/os/hal/src/pal.c"
  34              		.loc 1 77 0
  35              		.cfi_startproc
  36              		@ args = 0, pretend = 0, frame = 8
  37              		@ frame_needed = 0, uses_anonymous_args = 0
  38 0000 00B5     		push	{lr}
  39              		.cfi_def_cfa_offset 4
  40              		.cfi_offset 14, -4
  41 0002 83B0     		sub	sp, sp, #12
  42              		.cfi_def_cfa_offset 16
  43 0004 0190     		str	r0, [sp, #4]
  44              		.loc 1 79 0
  45 0006 019B     		ldr	r3, [sp, #4]
  46 0008 002B     		cmp	r3, #0
  47 000a 03D0     		beq	.L2
  48              		.loc 1 79 0 is_stmt 0 discriminator 2
  49 000c 019B     		ldr	r3, [sp, #4]
  50 000e 9B68     		ldr	r3, [r3, #8]
  51 0010 0F2B     		cmp	r3, #15
  52 0012 02D9     		bls	.L3
  53              	.L2:
  54              		.loc 1 79 0 discriminator 1
ARM GAS  /tmp/ccM7sUsA.s 			page 2


  55 0014 0748     		ldr	r0, .L5
  56 0016 FFF7FEFF 		bl	chDbgPanic
  57              	.L3:
  58              		.loc 1 82 0 is_stmt 1
  59 001a 019B     		ldr	r3, [sp, #4]
  60 001c 1B68     		ldr	r3, [r3]
  61 001e 1A69     		ldr	r2, [r3, #16]
  62 0020 019B     		ldr	r3, [sp, #4]
  63 0022 9B68     		ldr	r3, [r3, #8]
  64 0024 DA40     		lsrs	r2, r2, r3
  65 0026 019B     		ldr	r3, [sp, #4]
  66 0028 5B68     		ldr	r3, [r3, #4]
  67 002a 1340     		ands	r3, r3, r2
  68              		.loc 1 83 0
  69 002c 1846     		mov	r0, r3
  70 002e 03B0     		add	sp, sp, #12
  71              		@ sp needed
  72 0030 5DF804FB 		ldr	pc, [sp], #4
  73              	.L6:
  74              		.align	2
  75              	.L5:
  76 0034 00000000 		.word	.LC0
  77              		.cfi_endproc
  78              	.LFE118:
  79              		.size	palReadBus, .-palReadBus
  80 0038 AFF30080 		.section	.rodata
  80      AFF30080 
  81 000f 00       		.align	2
  82              	.LC1:
  83 0010 2270616C 		.ascii	"\"palWriteBus\"()\000"
  83      57726974 
  83      65427573 
  83      22282900 
  84              		.section	.text.palWriteBus,"ax",%progbits
  85              		.align	2
  86              		.p2align 4,,15
  87              		.global	palWriteBus
  88              		.thumb
  89              		.thumb_func
  90              		.type	palWriteBus, %function
  91              	palWriteBus:
  92              	.LFB119:
  93              		.loc 1 103 0
  94              		.cfi_startproc
  95              		@ args = 0, pretend = 0, frame = 8
  96              		@ frame_needed = 0, uses_anonymous_args = 0
  97 0000 00B5     		push	{lr}
  98              		.cfi_def_cfa_offset 4
  99              		.cfi_offset 14, -4
 100 0002 83B0     		sub	sp, sp, #12
 101              		.cfi_def_cfa_offset 16
 102 0004 0190     		str	r0, [sp, #4]
 103 0006 0091     		str	r1, [sp]
 104              		.loc 1 105 0
 105 0008 019B     		ldr	r3, [sp, #4]
 106 000a 002B     		cmp	r3, #0
 107 000c 03D0     		beq	.L8
ARM GAS  /tmp/ccM7sUsA.s 			page 3


 108              		.loc 1 105 0 is_stmt 0 discriminator 2
 109 000e 019B     		ldr	r3, [sp, #4]
 110 0010 9B68     		ldr	r3, [r3, #8]
 111 0012 0F2B     		cmp	r3, #15
 112 0014 02D9     		bls	.L9
 113              	.L8:
 114              		.loc 1 105 0 discriminator 1
 115 0016 0D48     		ldr	r0, .L10
 116 0018 FFF7FEFF 		bl	chDbgPanic
 117              	.L9:
 118              		.loc 1 108 0 is_stmt 1
 119 001c 019B     		ldr	r3, [sp, #4]
 120 001e 1B68     		ldr	r3, [r3]
 121 0020 009A     		ldr	r2, [sp]
 122 0022 D143     		mvns	r1, r2
 123 0024 019A     		ldr	r2, [sp, #4]
 124 0026 5268     		ldr	r2, [r2, #4]
 125 0028 1140     		ands	r1, r1, r2
 126 002a 019A     		ldr	r2, [sp, #4]
 127 002c 9268     		ldr	r2, [r2, #8]
 128 002e 1032     		adds	r2, r2, #16
 129 0030 9140     		lsls	r1, r1, r2
 130 0032 019A     		ldr	r2, [sp, #4]
 131 0034 5068     		ldr	r0, [r2, #4]
 132 0036 009A     		ldr	r2, [sp]
 133 0038 1040     		ands	r0, r0, r2
 134 003a 019A     		ldr	r2, [sp, #4]
 135 003c 9268     		ldr	r2, [r2, #8]
 136 003e 00FA02F2 		lsl	r2, r0, r2
 137 0042 0A43     		orrs	r2, r2, r1
 138 0044 9A61     		str	r2, [r3, #24]
 139              		.loc 1 109 0
 140 0046 03B0     		add	sp, sp, #12
 141              		@ sp needed
 142 0048 5DF804FB 		ldr	pc, [sp], #4
 143              	.L11:
 144              		.align	2
 145              	.L10:
 146 004c 10000000 		.word	.LC1
 147              		.cfi_endproc
 148              	.LFE119:
 149              		.size	palWriteBus, .-palWriteBus
 150              		.section	.rodata
 151              		.align	2
 152              	.LC2:
 153 0020 2270616C 		.ascii	"\"palSetBusMode\"()\000"
 153      53657442 
 153      75734D6F 
 153      64652228 
 153      2900
 154 0032 0000     		.section	.text.palSetBusMode,"ax",%progbits
 155              		.align	2
 156              		.p2align 4,,15
 157              		.global	palSetBusMode
 158              		.thumb
 159              		.thumb_func
 160              		.type	palSetBusMode, %function
ARM GAS  /tmp/ccM7sUsA.s 			page 4


 161              	palSetBusMode:
 162              	.LFB120:
 163              		.loc 1 127 0
 164              		.cfi_startproc
 165              		@ args = 0, pretend = 0, frame = 8
 166              		@ frame_needed = 0, uses_anonymous_args = 0
 167 0000 00B5     		push	{lr}
 168              		.cfi_def_cfa_offset 4
 169              		.cfi_offset 14, -4
 170 0002 83B0     		sub	sp, sp, #12
 171              		.cfi_def_cfa_offset 16
 172 0004 0190     		str	r0, [sp, #4]
 173 0006 0091     		str	r1, [sp]
 174              		.loc 1 129 0
 175 0008 019B     		ldr	r3, [sp, #4]
 176 000a 002B     		cmp	r3, #0
 177 000c 03D0     		beq	.L13
 178              		.loc 1 129 0 is_stmt 0 discriminator 2
 179 000e 019B     		ldr	r3, [sp, #4]
 180 0010 9B68     		ldr	r3, [r3, #8]
 181 0012 0F2B     		cmp	r3, #15
 182 0014 02D9     		bls	.L14
 183              	.L13:
 184              		.loc 1 129 0 discriminator 1
 185 0016 0948     		ldr	r0, .L15
 186 0018 FFF7FEFF 		bl	chDbgPanic
 187              	.L14:
 188              		.loc 1 132 0 is_stmt 1
 189 001c 019B     		ldr	r3, [sp, #4]
 190 001e 1A68     		ldr	r2, [r3]
 191 0020 019B     		ldr	r3, [sp, #4]
 192 0022 5968     		ldr	r1, [r3, #4]
 193 0024 019B     		ldr	r3, [sp, #4]
 194 0026 9B68     		ldr	r3, [r3, #8]
 195 0028 01FA03F3 		lsl	r3, r1, r3
 196 002c 1046     		mov	r0, r2
 197 002e 1946     		mov	r1, r3
 198 0030 009A     		ldr	r2, [sp]
 199 0032 FFF7FEFF 		bl	_pal_lld_setgroupmode
 200              		.loc 1 133 0
 201 0036 03B0     		add	sp, sp, #12
 202              		@ sp needed
 203 0038 5DF804FB 		ldr	pc, [sp], #4
 204              	.L16:
 205              		.align	2
 206              	.L15:
 207 003c 20000000 		.word	.LC2
 208              		.cfi_endproc
 209              	.LFE120:
 210              		.size	palSetBusMode, .-palSetBusMode
 211              		.text
 212              	.Letext0:
 213              		.file 2 "/usr/include/newlib/machine/_default_types.h"
 214              		.file 3 "/usr/include/newlib/stdint.h"
 215              		.file 4 "/home/dave/r2p-sdk/core/ChibiOS/os/hal/platforms/STM32/GPIOv2/pal_lld.h"
 216              		.file 5 "/home/dave/r2p-sdk/core/ChibiOS/os/hal/include/pal.h"
 217              		.file 6 "/home/dave/r2p-sdk/core/ChibiOS/os/ports/common/ARMCMx/CMSIS/include/core_cm4.h"
ARM GAS  /tmp/ccM7sUsA.s 			page 5


 218              		.section	.debug_info,"",%progbits
 219              	.Ldebug_info0:
 220 0000 9A020000 		.4byte	0x29a
 221 0004 0400     		.2byte	0x4
 222 0006 00000000 		.4byte	.Ldebug_abbrev0
 223 000a 04       		.byte	0x4
 224 000b 01       		.uleb128 0x1
 225 000c 87010000 		.4byte	.LASF40
 226 0010 01       		.byte	0x1
 227 0011 0C010000 		.4byte	.LASF41
 228 0015 00000000 		.4byte	.Ldebug_ranges0+0
 229 0019 00000000 		.4byte	0
 230 001d 00000000 		.4byte	.Ldebug_line0
 231 0021 02       		.uleb128 0x2
 232 0022 04       		.byte	0x4
 233 0023 05       		.byte	0x5
 234 0024 696E7400 		.ascii	"int\000"
 235 0028 03       		.uleb128 0x3
 236 0029 04       		.byte	0x4
 237 002a 07       		.byte	0x7
 238 002b E8000000 		.4byte	.LASF0
 239 002f 03       		.uleb128 0x3
 240 0030 01       		.byte	0x1
 241 0031 06       		.byte	0x6
 242 0032 88020000 		.4byte	.LASF1
 243 0036 03       		.uleb128 0x3
 244 0037 01       		.byte	0x1
 245 0038 08       		.byte	0x8
 246 0039 80000000 		.4byte	.LASF2
 247 003d 03       		.uleb128 0x3
 248 003e 02       		.byte	0x2
 249 003f 05       		.byte	0x5
 250 0040 44000000 		.4byte	.LASF3
 251 0044 04       		.uleb128 0x4
 252 0045 CA000000 		.4byte	.LASF5
 253 0049 02       		.byte	0x2
 254 004a 2B       		.byte	0x2b
 255 004b 4F000000 		.4byte	0x4f
 256 004f 03       		.uleb128 0x3
 257 0050 02       		.byte	0x2
 258 0051 07       		.byte	0x7
 259 0052 A5000000 		.4byte	.LASF4
 260 0056 04       		.uleb128 0x4
 261 0057 1C000000 		.4byte	.LASF6
 262 005b 02       		.byte	0x2
 263 005c 3F       		.byte	0x3f
 264 005d 61000000 		.4byte	0x61
 265 0061 03       		.uleb128 0x3
 266 0062 04       		.byte	0x4
 267 0063 05       		.byte	0x5
 268 0064 7F020000 		.4byte	.LASF7
 269 0068 04       		.uleb128 0x4
 270 0069 D5000000 		.4byte	.LASF8
 271 006d 02       		.byte	0x2
 272 006e 41       		.byte	0x41
 273 006f 73000000 		.4byte	0x73
 274 0073 03       		.uleb128 0x3
ARM GAS  /tmp/ccM7sUsA.s 			page 6


 275 0074 04       		.byte	0x4
 276 0075 07       		.byte	0x7
 277 0076 93000000 		.4byte	.LASF9
 278 007a 03       		.uleb128 0x3
 279 007b 08       		.byte	0x8
 280 007c 05       		.byte	0x5
 281 007d 54010000 		.4byte	.LASF10
 282 0081 03       		.uleb128 0x3
 283 0082 08       		.byte	0x8
 284 0083 07       		.byte	0x7
 285 0084 9A020000 		.4byte	.LASF11
 286 0088 04       		.uleb128 0x4
 287 0089 7E010000 		.4byte	.LASF12
 288 008d 03       		.byte	0x3
 289 008e 36       		.byte	0x36
 290 008f 44000000 		.4byte	0x44
 291 0093 04       		.uleb128 0x4
 292 0094 3D010000 		.4byte	.LASF13
 293 0098 03       		.byte	0x3
 294 0099 41       		.byte	0x41
 295 009a 56000000 		.4byte	0x56
 296 009e 04       		.uleb128 0x4
 297 009f 76020000 		.4byte	.LASF14
 298 00a3 03       		.byte	0x3
 299 00a4 42       		.byte	0x42
 300 00a5 68000000 		.4byte	0x68
 301 00a9 04       		.uleb128 0x4
 302 00aa 26000000 		.4byte	.LASF15
 303 00ae 03       		.byte	0x3
 304 00af 60       		.byte	0x60
 305 00b0 28000000 		.4byte	0x28
 306 00b4 03       		.uleb128 0x3
 307 00b5 01       		.byte	0x1
 308 00b6 02       		.byte	0x2
 309 00b7 94020000 		.4byte	.LASF16
 310 00bb 05       		.uleb128 0x5
 311 00bc 9E000000 		.4byte	0x9e
 312 00c0 03       		.uleb128 0x3
 313 00c1 04       		.byte	0x4
 314 00c2 07       		.byte	0x7
 315 00c3 45010000 		.4byte	.LASF17
 316 00c7 03       		.uleb128 0x3
 317 00c8 01       		.byte	0x1
 318 00c9 08       		.byte	0x8
 319 00ca 02010000 		.4byte	.LASF18
 320 00ce 05       		.uleb128 0x5
 321 00cf 93000000 		.4byte	0x93
 322 00d3 06       		.uleb128 0x6
 323 00d4 04       		.byte	0x4
 324 00d5 04       		.byte	0x4
 325 00d6 96       		.byte	0x96
 326 00d7 F4000000 		.4byte	0xf4
 327 00db 07       		.uleb128 0x7
 328 00dc 73657400 		.ascii	"set\000"
 329 00e0 04       		.byte	0x4
 330 00e1 97       		.byte	0x97
 331 00e2 88000000 		.4byte	0x88
ARM GAS  /tmp/ccM7sUsA.s 			page 7


 332 00e6 00       		.byte	0
 333 00e7 08       		.uleb128 0x8
 334 00e8 05000000 		.4byte	.LASF19
 335 00ec 04       		.byte	0x4
 336 00ed 98       		.byte	0x98
 337 00ee 88000000 		.4byte	0x88
 338 00f2 02       		.byte	0x2
 339 00f3 00       		.byte	0
 340 00f4 09       		.uleb128 0x9
 341 00f5 04       		.byte	0x4
 342 00f6 04       		.byte	0x4
 343 00f7 94       		.byte	0x94
 344 00f8 0F010000 		.4byte	0x10f
 345 00fc 0A       		.uleb128 0xa
 346 00fd 5700     		.ascii	"W\000"
 347 00ff 04       		.byte	0x4
 348 0100 95       		.byte	0x95
 349 0101 9E000000 		.4byte	0x9e
 350 0105 0A       		.uleb128 0xa
 351 0106 4800     		.ascii	"H\000"
 352 0108 04       		.byte	0x4
 353 0109 99       		.byte	0x99
 354 010a D3000000 		.4byte	0xd3
 355 010e 00       		.byte	0
 356 010f 06       		.uleb128 0x6
 357 0110 28       		.byte	0x28
 358 0111 04       		.byte	0x4
 359 0112 8C       		.byte	0x8c
 360 0113 90010000 		.4byte	0x190
 361 0117 08       		.uleb128 0x8
 362 0118 0B000000 		.4byte	.LASF20
 363 011c 04       		.byte	0x4
 364 011d 8E       		.byte	0x8e
 365 011e BB000000 		.4byte	0xbb
 366 0122 00       		.byte	0
 367 0123 08       		.uleb128 0x8
 368 0124 70000000 		.4byte	.LASF21
 369 0128 04       		.byte	0x4
 370 0129 8F       		.byte	0x8f
 371 012a BB000000 		.4byte	0xbb
 372 012e 04       		.byte	0x4
 373 012f 08       		.uleb128 0x8
 374 0130 E0000000 		.4byte	.LASF22
 375 0134 04       		.byte	0x4
 376 0135 90       		.byte	0x90
 377 0136 BB000000 		.4byte	0xbb
 378 013a 08       		.byte	0x8
 379 013b 08       		.uleb128 0x8
 380 013c 4E010000 		.4byte	.LASF23
 381 0140 04       		.byte	0x4
 382 0141 91       		.byte	0x91
 383 0142 BB000000 		.4byte	0xbb
 384 0146 0C       		.byte	0xc
 385 0147 07       		.uleb128 0x7
 386 0148 49445200 		.ascii	"IDR\000"
 387 014c 04       		.byte	0x4
 388 014d 92       		.byte	0x92
ARM GAS  /tmp/ccM7sUsA.s 			page 8


 389 014e BB000000 		.4byte	0xbb
 390 0152 10       		.byte	0x10
 391 0153 07       		.uleb128 0x7
 392 0154 4F445200 		.ascii	"ODR\000"
 393 0158 04       		.byte	0x4
 394 0159 93       		.byte	0x93
 395 015a BB000000 		.4byte	0xbb
 396 015e 14       		.byte	0x14
 397 015f 08       		.uleb128 0x8
 398 0160 33000000 		.4byte	.LASF24
 399 0164 04       		.byte	0x4
 400 0165 9A       		.byte	0x9a
 401 0166 90010000 		.4byte	0x190
 402 016a 18       		.byte	0x18
 403 016b 08       		.uleb128 0x8
 404 016c 00000000 		.4byte	.LASF25
 405 0170 04       		.byte	0x4
 406 0171 9B       		.byte	0x9b
 407 0172 BB000000 		.4byte	0xbb
 408 0176 1C       		.byte	0x1c
 409 0177 08       		.uleb128 0x8
 410 0178 B8000000 		.4byte	.LASF26
 411 017c 04       		.byte	0x4
 412 017d 9C       		.byte	0x9c
 413 017e BB000000 		.4byte	0xbb
 414 0182 20       		.byte	0x20
 415 0183 08       		.uleb128 0x8
 416 0184 8E000000 		.4byte	.LASF27
 417 0188 04       		.byte	0x4
 418 0189 9D       		.byte	0x9d
 419 018a BB000000 		.4byte	0xbb
 420 018e 24       		.byte	0x24
 421 018f 00       		.byte	0
 422 0190 05       		.uleb128 0x5
 423 0191 F4000000 		.4byte	0xf4
 424 0195 04       		.uleb128 0x4
 425 0196 F5000000 		.4byte	.LASF28
 426 019a 04       		.byte	0x4
 427 019b 9E       		.byte	0x9e
 428 019c 0F010000 		.4byte	0x10f
 429 01a0 04       		.uleb128 0x4
 430 01a1 63000000 		.4byte	.LASF29
 431 01a5 04       		.byte	0x4
 432 01a6 F0       		.byte	0xf0
 433 01a7 9E000000 		.4byte	0x9e
 434 01ab 04       		.uleb128 0x4
 435 01ac 77000000 		.4byte	.LASF30
 436 01b0 04       		.byte	0x4
 437 01b1 F5       		.byte	0xf5
 438 01b2 9E000000 		.4byte	0x9e
 439 01b6 04       		.uleb128 0x4
 440 01b7 73010000 		.4byte	.LASF31
 441 01bb 04       		.byte	0x4
 442 01bc FD       		.byte	0xfd
 443 01bd C1010000 		.4byte	0x1c1
 444 01c1 0B       		.uleb128 0xb
 445 01c2 04       		.byte	0x4
ARM GAS  /tmp/ccM7sUsA.s 			page 9


 446 01c3 95010000 		.4byte	0x195
 447 01c7 06       		.uleb128 0x6
 448 01c8 0C       		.byte	0xc
 449 01c9 05       		.byte	0x5
 450 01ca 85       		.byte	0x85
 451 01cb F4010000 		.4byte	0x1f4
 452 01cf 08       		.uleb128 0x8
 453 01d0 5C000000 		.4byte	.LASF32
 454 01d4 05       		.byte	0x5
 455 01d5 89       		.byte	0x89
 456 01d6 B6010000 		.4byte	0x1b6
 457 01da 00       		.byte	0
 458 01db 08       		.uleb128 0x8
 459 01dc 62010000 		.4byte	.LASF33
 460 01e0 05       		.byte	0x5
 461 01e1 8F       		.byte	0x8f
 462 01e2 A0010000 		.4byte	0x1a0
 463 01e6 04       		.byte	0x4
 464 01e7 08       		.uleb128 0x8
 465 01e8 6C010000 		.4byte	.LASF34
 466 01ec 05       		.byte	0x5
 467 01ed 93       		.byte	0x93
 468 01ee A9000000 		.4byte	0xa9
 469 01f2 08       		.byte	0x8
 470 01f3 00       		.byte	0
 471 01f4 04       		.uleb128 0x4
 472 01f5 B1020000 		.4byte	.LASF35
 473 01f9 05       		.byte	0x5
 474 01fa 94       		.byte	0x94
 475 01fb C7010000 		.4byte	0x1c7
 476 01ff 0C       		.uleb128 0xc
 477 0200 11000000 		.4byte	.LASF42
 478 0204 01       		.byte	0x1
 479 0205 4D       		.byte	0x4d
 480 0206 A0010000 		.4byte	0x1a0
 481 020a 00000000 		.4byte	.LFB118
 482 020e 38000000 		.4byte	.LFE118-.LFB118
 483 0212 01       		.uleb128 0x1
 484 0213 9C       		.byte	0x9c
 485 0214 27020000 		.4byte	0x227
 486 0218 0D       		.uleb128 0xd
 487 0219 62757300 		.ascii	"bus\000"
 488 021d 01       		.byte	0x1
 489 021e 4D       		.byte	0x4d
 490 021f 27020000 		.4byte	0x227
 491 0223 02       		.uleb128 0x2
 492 0224 91       		.byte	0x91
 493 0225 74       		.sleb128 -12
 494 0226 00       		.byte	0
 495 0227 0B       		.uleb128 0xb
 496 0228 04       		.byte	0x4
 497 0229 F4010000 		.4byte	0x1f4
 498 022d 0E       		.uleb128 0xe
 499 022e 38000000 		.4byte	.LASF37
 500 0232 01       		.byte	0x1
 501 0233 67       		.byte	0x67
 502 0234 00000000 		.4byte	.LFB119
ARM GAS  /tmp/ccM7sUsA.s 			page 10


 503 0238 50000000 		.4byte	.LFE119-.LFB119
 504 023c 01       		.uleb128 0x1
 505 023d 9C       		.byte	0x9c
 506 023e 5F020000 		.4byte	0x25f
 507 0242 0D       		.uleb128 0xd
 508 0243 62757300 		.ascii	"bus\000"
 509 0247 01       		.byte	0x1
 510 0248 67       		.byte	0x67
 511 0249 27020000 		.4byte	0x227
 512 024d 02       		.uleb128 0x2
 513 024e 91       		.byte	0x91
 514 024f 74       		.sleb128 -12
 515 0250 0F       		.uleb128 0xf
 516 0251 67010000 		.4byte	.LASF36
 517 0255 01       		.byte	0x1
 518 0256 67       		.byte	0x67
 519 0257 A0010000 		.4byte	0x1a0
 520 025b 02       		.uleb128 0x2
 521 025c 91       		.byte	0x91
 522 025d 70       		.sleb128 -16
 523 025e 00       		.byte	0
 524 025f 0E       		.uleb128 0xe
 525 0260 4E000000 		.4byte	.LASF38
 526 0264 01       		.byte	0x1
 527 0265 7F       		.byte	0x7f
 528 0266 00000000 		.4byte	.LFB120
 529 026a 40000000 		.4byte	.LFE120-.LFB120
 530 026e 01       		.uleb128 0x1
 531 026f 9C       		.byte	0x9c
 532 0270 91020000 		.4byte	0x291
 533 0274 0D       		.uleb128 0xd
 534 0275 62757300 		.ascii	"bus\000"
 535 0279 01       		.byte	0x1
 536 027a 7F       		.byte	0x7f
 537 027b 27020000 		.4byte	0x227
 538 027f 02       		.uleb128 0x2
 539 0280 91       		.byte	0x91
 540 0281 74       		.sleb128 -12
 541 0282 0F       		.uleb128 0xf
 542 0283 07010000 		.4byte	.LASF39
 543 0287 01       		.byte	0x1
 544 0288 7F       		.byte	0x7f
 545 0289 AB010000 		.4byte	0x1ab
 546 028d 02       		.uleb128 0x2
 547 028e 91       		.byte	0x91
 548 028f 70       		.sleb128 -16
 549 0290 00       		.byte	0
 550 0291 10       		.uleb128 0x10
 551 0292 BD000000 		.4byte	.LASF43
 552 0296 06       		.byte	0x6
 553 0297 9806     		.2byte	0x698
 554 0299 CE000000 		.4byte	0xce
 555 029d 00       		.byte	0
 556              		.section	.debug_abbrev,"",%progbits
 557              	.Ldebug_abbrev0:
 558 0000 01       		.uleb128 0x1
 559 0001 11       		.uleb128 0x11
ARM GAS  /tmp/ccM7sUsA.s 			page 11


 560 0002 01       		.byte	0x1
 561 0003 25       		.uleb128 0x25
 562 0004 0E       		.uleb128 0xe
 563 0005 13       		.uleb128 0x13
 564 0006 0B       		.uleb128 0xb
 565 0007 03       		.uleb128 0x3
 566 0008 0E       		.uleb128 0xe
 567 0009 55       		.uleb128 0x55
 568 000a 17       		.uleb128 0x17
 569 000b 11       		.uleb128 0x11
 570 000c 01       		.uleb128 0x1
 571 000d 10       		.uleb128 0x10
 572 000e 17       		.uleb128 0x17
 573 000f 00       		.byte	0
 574 0010 00       		.byte	0
 575 0011 02       		.uleb128 0x2
 576 0012 24       		.uleb128 0x24
 577 0013 00       		.byte	0
 578 0014 0B       		.uleb128 0xb
 579 0015 0B       		.uleb128 0xb
 580 0016 3E       		.uleb128 0x3e
 581 0017 0B       		.uleb128 0xb
 582 0018 03       		.uleb128 0x3
 583 0019 08       		.uleb128 0x8
 584 001a 00       		.byte	0
 585 001b 00       		.byte	0
 586 001c 03       		.uleb128 0x3
 587 001d 24       		.uleb128 0x24
 588 001e 00       		.byte	0
 589 001f 0B       		.uleb128 0xb
 590 0020 0B       		.uleb128 0xb
 591 0021 3E       		.uleb128 0x3e
 592 0022 0B       		.uleb128 0xb
 593 0023 03       		.uleb128 0x3
 594 0024 0E       		.uleb128 0xe
 595 0025 00       		.byte	0
 596 0026 00       		.byte	0
 597 0027 04       		.uleb128 0x4
 598 0028 16       		.uleb128 0x16
 599 0029 00       		.byte	0
 600 002a 03       		.uleb128 0x3
 601 002b 0E       		.uleb128 0xe
 602 002c 3A       		.uleb128 0x3a
 603 002d 0B       		.uleb128 0xb
 604 002e 3B       		.uleb128 0x3b
 605 002f 0B       		.uleb128 0xb
 606 0030 49       		.uleb128 0x49
 607 0031 13       		.uleb128 0x13
 608 0032 00       		.byte	0
 609 0033 00       		.byte	0
 610 0034 05       		.uleb128 0x5
 611 0035 35       		.uleb128 0x35
 612 0036 00       		.byte	0
 613 0037 49       		.uleb128 0x49
 614 0038 13       		.uleb128 0x13
 615 0039 00       		.byte	0
 616 003a 00       		.byte	0
ARM GAS  /tmp/ccM7sUsA.s 			page 12


 617 003b 06       		.uleb128 0x6
 618 003c 13       		.uleb128 0x13
 619 003d 01       		.byte	0x1
 620 003e 0B       		.uleb128 0xb
 621 003f 0B       		.uleb128 0xb
 622 0040 3A       		.uleb128 0x3a
 623 0041 0B       		.uleb128 0xb
 624 0042 3B       		.uleb128 0x3b
 625 0043 0B       		.uleb128 0xb
 626 0044 01       		.uleb128 0x1
 627 0045 13       		.uleb128 0x13
 628 0046 00       		.byte	0
 629 0047 00       		.byte	0
 630 0048 07       		.uleb128 0x7
 631 0049 0D       		.uleb128 0xd
 632 004a 00       		.byte	0
 633 004b 03       		.uleb128 0x3
 634 004c 08       		.uleb128 0x8
 635 004d 3A       		.uleb128 0x3a
 636 004e 0B       		.uleb128 0xb
 637 004f 3B       		.uleb128 0x3b
 638 0050 0B       		.uleb128 0xb
 639 0051 49       		.uleb128 0x49
 640 0052 13       		.uleb128 0x13
 641 0053 38       		.uleb128 0x38
 642 0054 0B       		.uleb128 0xb
 643 0055 00       		.byte	0
 644 0056 00       		.byte	0
 645 0057 08       		.uleb128 0x8
 646 0058 0D       		.uleb128 0xd
 647 0059 00       		.byte	0
 648 005a 03       		.uleb128 0x3
 649 005b 0E       		.uleb128 0xe
 650 005c 3A       		.uleb128 0x3a
 651 005d 0B       		.uleb128 0xb
 652 005e 3B       		.uleb128 0x3b
 653 005f 0B       		.uleb128 0xb
 654 0060 49       		.uleb128 0x49
 655 0061 13       		.uleb128 0x13
 656 0062 38       		.uleb128 0x38
 657 0063 0B       		.uleb128 0xb
 658 0064 00       		.byte	0
 659 0065 00       		.byte	0
 660 0066 09       		.uleb128 0x9
 661 0067 17       		.uleb128 0x17
 662 0068 01       		.byte	0x1
 663 0069 0B       		.uleb128 0xb
 664 006a 0B       		.uleb128 0xb
 665 006b 3A       		.uleb128 0x3a
 666 006c 0B       		.uleb128 0xb
 667 006d 3B       		.uleb128 0x3b
 668 006e 0B       		.uleb128 0xb
 669 006f 01       		.uleb128 0x1
 670 0070 13       		.uleb128 0x13
 671 0071 00       		.byte	0
 672 0072 00       		.byte	0
 673 0073 0A       		.uleb128 0xa
ARM GAS  /tmp/ccM7sUsA.s 			page 13


 674 0074 0D       		.uleb128 0xd
 675 0075 00       		.byte	0
 676 0076 03       		.uleb128 0x3
 677 0077 08       		.uleb128 0x8
 678 0078 3A       		.uleb128 0x3a
 679 0079 0B       		.uleb128 0xb
 680 007a 3B       		.uleb128 0x3b
 681 007b 0B       		.uleb128 0xb
 682 007c 49       		.uleb128 0x49
 683 007d 13       		.uleb128 0x13
 684 007e 00       		.byte	0
 685 007f 00       		.byte	0
 686 0080 0B       		.uleb128 0xb
 687 0081 0F       		.uleb128 0xf
 688 0082 00       		.byte	0
 689 0083 0B       		.uleb128 0xb
 690 0084 0B       		.uleb128 0xb
 691 0085 49       		.uleb128 0x49
 692 0086 13       		.uleb128 0x13
 693 0087 00       		.byte	0
 694 0088 00       		.byte	0
 695 0089 0C       		.uleb128 0xc
 696 008a 2E       		.uleb128 0x2e
 697 008b 01       		.byte	0x1
 698 008c 3F       		.uleb128 0x3f
 699 008d 19       		.uleb128 0x19
 700 008e 03       		.uleb128 0x3
 701 008f 0E       		.uleb128 0xe
 702 0090 3A       		.uleb128 0x3a
 703 0091 0B       		.uleb128 0xb
 704 0092 3B       		.uleb128 0x3b
 705 0093 0B       		.uleb128 0xb
 706 0094 27       		.uleb128 0x27
 707 0095 19       		.uleb128 0x19
 708 0096 49       		.uleb128 0x49
 709 0097 13       		.uleb128 0x13
 710 0098 11       		.uleb128 0x11
 711 0099 01       		.uleb128 0x1
 712 009a 12       		.uleb128 0x12
 713 009b 06       		.uleb128 0x6
 714 009c 40       		.uleb128 0x40
 715 009d 18       		.uleb128 0x18
 716 009e 9642     		.uleb128 0x2116
 717 00a0 19       		.uleb128 0x19
 718 00a1 01       		.uleb128 0x1
 719 00a2 13       		.uleb128 0x13
 720 00a3 00       		.byte	0
 721 00a4 00       		.byte	0
 722 00a5 0D       		.uleb128 0xd
 723 00a6 05       		.uleb128 0x5
 724 00a7 00       		.byte	0
 725 00a8 03       		.uleb128 0x3
 726 00a9 08       		.uleb128 0x8
 727 00aa 3A       		.uleb128 0x3a
 728 00ab 0B       		.uleb128 0xb
 729 00ac 3B       		.uleb128 0x3b
 730 00ad 0B       		.uleb128 0xb
ARM GAS  /tmp/ccM7sUsA.s 			page 14


 731 00ae 49       		.uleb128 0x49
 732 00af 13       		.uleb128 0x13
 733 00b0 02       		.uleb128 0x2
 734 00b1 18       		.uleb128 0x18
 735 00b2 00       		.byte	0
 736 00b3 00       		.byte	0
 737 00b4 0E       		.uleb128 0xe
 738 00b5 2E       		.uleb128 0x2e
 739 00b6 01       		.byte	0x1
 740 00b7 3F       		.uleb128 0x3f
 741 00b8 19       		.uleb128 0x19
 742 00b9 03       		.uleb128 0x3
 743 00ba 0E       		.uleb128 0xe
 744 00bb 3A       		.uleb128 0x3a
 745 00bc 0B       		.uleb128 0xb
 746 00bd 3B       		.uleb128 0x3b
 747 00be 0B       		.uleb128 0xb
 748 00bf 27       		.uleb128 0x27
 749 00c0 19       		.uleb128 0x19
 750 00c1 11       		.uleb128 0x11
 751 00c2 01       		.uleb128 0x1
 752 00c3 12       		.uleb128 0x12
 753 00c4 06       		.uleb128 0x6
 754 00c5 40       		.uleb128 0x40
 755 00c6 18       		.uleb128 0x18
 756 00c7 9642     		.uleb128 0x2116
 757 00c9 19       		.uleb128 0x19
 758 00ca 01       		.uleb128 0x1
 759 00cb 13       		.uleb128 0x13
 760 00cc 00       		.byte	0
 761 00cd 00       		.byte	0
 762 00ce 0F       		.uleb128 0xf
 763 00cf 05       		.uleb128 0x5
 764 00d0 00       		.byte	0
 765 00d1 03       		.uleb128 0x3
 766 00d2 0E       		.uleb128 0xe
 767 00d3 3A       		.uleb128 0x3a
 768 00d4 0B       		.uleb128 0xb
 769 00d5 3B       		.uleb128 0x3b
 770 00d6 0B       		.uleb128 0xb
 771 00d7 49       		.uleb128 0x49
 772 00d8 13       		.uleb128 0x13
 773 00d9 02       		.uleb128 0x2
 774 00da 18       		.uleb128 0x18
 775 00db 00       		.byte	0
 776 00dc 00       		.byte	0
 777 00dd 10       		.uleb128 0x10
 778 00de 34       		.uleb128 0x34
 779 00df 00       		.byte	0
 780 00e0 03       		.uleb128 0x3
 781 00e1 0E       		.uleb128 0xe
 782 00e2 3A       		.uleb128 0x3a
 783 00e3 0B       		.uleb128 0xb
 784 00e4 3B       		.uleb128 0x3b
 785 00e5 05       		.uleb128 0x5
 786 00e6 49       		.uleb128 0x49
 787 00e7 13       		.uleb128 0x13
ARM GAS  /tmp/ccM7sUsA.s 			page 15


 788 00e8 3F       		.uleb128 0x3f
 789 00e9 19       		.uleb128 0x19
 790 00ea 3C       		.uleb128 0x3c
 791 00eb 19       		.uleb128 0x19
 792 00ec 00       		.byte	0
 793 00ed 00       		.byte	0
 794 00ee 00       		.byte	0
 795              		.section	.debug_aranges,"",%progbits
 796 0000 2C000000 		.4byte	0x2c
 797 0004 0200     		.2byte	0x2
 798 0006 00000000 		.4byte	.Ldebug_info0
 799 000a 04       		.byte	0x4
 800 000b 00       		.byte	0
 801 000c 0000     		.2byte	0
 802 000e 0000     		.2byte	0
 803 0010 00000000 		.4byte	.LFB118
 804 0014 38000000 		.4byte	.LFE118-.LFB118
 805 0018 00000000 		.4byte	.LFB119
 806 001c 50000000 		.4byte	.LFE119-.LFB119
 807 0020 00000000 		.4byte	.LFB120
 808 0024 40000000 		.4byte	.LFE120-.LFB120
 809 0028 00000000 		.4byte	0
 810 002c 00000000 		.4byte	0
 811              		.section	.debug_ranges,"",%progbits
 812              	.Ldebug_ranges0:
 813 0000 00000000 		.4byte	.LFB118
 814 0004 38000000 		.4byte	.LFE118
 815 0008 00000000 		.4byte	.LFB119
 816 000c 50000000 		.4byte	.LFE119
 817 0010 00000000 		.4byte	.LFB120
 818 0014 40000000 		.4byte	.LFE120
 819 0018 00000000 		.4byte	0
 820 001c 00000000 		.4byte	0
 821              		.section	.debug_line,"",%progbits
 822              	.Ldebug_line0:
 823 0000 D1010000 		.section	.debug_str,"MS",%progbits,1
 823      02006D01 
 823      00000201 
 823      FB0E0D00 
 823      01010101 
 824              	.LASF25:
 825 0000 4C434B52 		.ascii	"LCKR\000"
 825      00
 826              	.LASF19:
 827 0005 636C6561 		.ascii	"clear\000"
 827      7200
 828              	.LASF20:
 829 000b 4D4F4445 		.ascii	"MODER\000"
 829      5200
 830              	.LASF42:
 831 0011 70616C52 		.ascii	"palReadBus\000"
 831      65616442 
 831      757300
 832              	.LASF6:
 833 001c 5F5F696E 		.ascii	"__int32_t\000"
 833      7433325F 
 833      7400
ARM GAS  /tmp/ccM7sUsA.s 			page 16


 834              	.LASF15:
 835 0026 75696E74 		.ascii	"uint_fast8_t\000"
 835      5F666173 
 835      74385F74 
 835      00
 836              	.LASF24:
 837 0033 42535252 		.ascii	"BSRR\000"
 837      00
 838              	.LASF37:
 839 0038 70616C57 		.ascii	"palWriteBus\000"
 839      72697465 
 839      42757300 
 840              	.LASF3:
 841 0044 73686F72 		.ascii	"short int\000"
 841      7420696E 
 841      7400
 842              	.LASF38:
 843 004e 70616C53 		.ascii	"palSetBusMode\000"
 843      65744275 
 843      734D6F64 
 843      6500
 844              	.LASF32:
 845 005c 706F7274 		.ascii	"portid\000"
 845      696400
 846              	.LASF29:
 847 0063 696F706F 		.ascii	"ioportmask_t\000"
 847      72746D61 
 847      736B5F74 
 847      00
 848              	.LASF21:
 849 0070 4F545950 		.ascii	"OTYPER\000"
 849      455200
 850              	.LASF30:
 851 0077 696F6D6F 		.ascii	"iomode_t\000"
 851      64655F74 
 851      00
 852              	.LASF2:
 853 0080 756E7369 		.ascii	"unsigned char\000"
 853      676E6564 
 853      20636861 
 853      7200
 854              	.LASF27:
 855 008e 41465248 		.ascii	"AFRH\000"
 855      00
 856              	.LASF9:
 857 0093 6C6F6E67 		.ascii	"long unsigned int\000"
 857      20756E73 
 857      69676E65 
 857      6420696E 
 857      7400
 858              	.LASF4:
 859 00a5 73686F72 		.ascii	"short unsigned int\000"
 859      7420756E 
 859      7369676E 
 859      65642069 
 859      6E7400
 860              	.LASF26:
ARM GAS  /tmp/ccM7sUsA.s 			page 17


 861 00b8 4146524C 		.ascii	"AFRL\000"
 861      00
 862              	.LASF43:
 863 00bd 49544D5F 		.ascii	"ITM_RxBuffer\000"
 863      52784275 
 863      66666572 
 863      00
 864              	.LASF5:
 865 00ca 5F5F7569 		.ascii	"__uint16_t\000"
 865      6E743136 
 865      5F7400
 866              	.LASF8:
 867 00d5 5F5F7569 		.ascii	"__uint32_t\000"
 867      6E743332 
 867      5F7400
 868              	.LASF22:
 869 00e0 4F535045 		.ascii	"OSPEEDR\000"
 869      45445200 
 870              	.LASF0:
 871 00e8 756E7369 		.ascii	"unsigned int\000"
 871      676E6564 
 871      20696E74 
 871      00
 872              	.LASF28:
 873 00f5 4750494F 		.ascii	"GPIO_TypeDef\000"
 873      5F547970 
 873      65446566 
 873      00
 874              	.LASF18:
 875 0102 63686172 		.ascii	"char\000"
 875      00
 876              	.LASF39:
 877 0107 6D6F6465 		.ascii	"mode\000"
 877      00
 878              	.LASF41:
 879 010c 2F686F6D 		.ascii	"/home/dave/r2p-sdk/core/ChibiOS/os/hal/src/pal.c\000"
 879      652F6461 
 879      76652F72 
 879      32702D73 
 879      646B2F63 
 880              	.LASF13:
 881 013d 696E7433 		.ascii	"int32_t\000"
 881      325F7400 
 882              	.LASF17:
 883 0145 73697A65 		.ascii	"sizetype\000"
 883      74797065 
 883      00
 884              	.LASF23:
 885 014e 50555044 		.ascii	"PUPDR\000"
 885      5200
 886              	.LASF10:
 887 0154 6C6F6E67 		.ascii	"long long int\000"
 887      206C6F6E 
 887      6720696E 
 887      7400
 888              	.LASF33:
 889 0162 6D61736B 		.ascii	"mask\000"
ARM GAS  /tmp/ccM7sUsA.s 			page 18


 889      00
 890              	.LASF36:
 891 0167 62697473 		.ascii	"bits\000"
 891      00
 892              	.LASF34:
 893 016c 6F666673 		.ascii	"offset\000"
 893      657400
 894              	.LASF31:
 895 0173 696F706F 		.ascii	"ioportid_t\000"
 895      72746964 
 895      5F7400
 896              	.LASF12:
 897 017e 75696E74 		.ascii	"uint16_t\000"
 897      31365F74 
 897      00
 898              	.LASF40:
 899 0187 474E5520 		.ascii	"GNU C 4.8.4 20141219 (release) -mcpu=cortex-m4 -mfl"
 899      4320342E 
 899      382E3420 
 899      32303134 
 899      31323139 
 900 01ba 6F61742D 		.ascii	"oat-abi=hard -mfpu=fpv4-sp-d16 -mno-thumb-interwork"
 900      6162693D 
 900      68617264 
 900      202D6D66 
 900      70753D66 
 901 01ed 202D6D74 		.ascii	" -mthumb -ggdb -O0 -fomit-frame-pointer -falign-fun"
 901      68756D62 
 901      202D6767 
 901      6462202D 
 901      4F30202D 
 902 0220 6374696F 		.ascii	"ctions=16 -ffunction-sections -fdata-sections -fno-"
 902      6E733D31 
 902      36202D66 
 902      66756E63 
 902      74696F6E 
 903 0253 636F6D6D 		.ascii	"common -fsingle-precision-constant\000"
 903      6F6E202D 
 903      6673696E 
 903      676C652D 
 903      70726563 
 904              	.LASF14:
 905 0276 75696E74 		.ascii	"uint32_t\000"
 905      33325F74 
 905      00
 906              	.LASF7:
 907 027f 6C6F6E67 		.ascii	"long int\000"
 907      20696E74 
 907      00
 908              	.LASF1:
 909 0288 7369676E 		.ascii	"signed char\000"
 909      65642063 
 909      68617200 
 910              	.LASF16:
 911 0294 5F426F6F 		.ascii	"_Bool\000"
 911      6C00
 912              	.LASF11:
ARM GAS  /tmp/ccM7sUsA.s 			page 19


 913 029a 6C6F6E67 		.ascii	"long long unsigned int\000"
 913      206C6F6E 
 913      6720756E 
 913      7369676E 
 913      65642069 
 914              	.LASF35:
 915 02b1 494F4275 		.ascii	"IOBus\000"
 915      7300
 916              		.ident	"GCC: (4.8.4-1+11-1) 4.8.4 20141219 (release)"
ARM GAS  /tmp/ccM7sUsA.s 			page 20


DEFINED SYMBOLS
                            *ABS*:0000000000000000 pal.c
     /tmp/ccM7sUsA.s:21     .rodata:0000000000000000 $d
     /tmp/ccM7sUsA.s:25     .text.palReadBus:0000000000000000 $t
     /tmp/ccM7sUsA.s:31     .text.palReadBus:0000000000000000 palReadBus
     /tmp/ccM7sUsA.s:76     .text.palReadBus:0000000000000034 $d
     /tmp/ccM7sUsA.s:85     .text.palWriteBus:0000000000000000 $t
     /tmp/ccM7sUsA.s:91     .text.palWriteBus:0000000000000000 palWriteBus
     /tmp/ccM7sUsA.s:146    .text.palWriteBus:000000000000004c $d
     /tmp/ccM7sUsA.s:155    .text.palSetBusMode:0000000000000000 $t
     /tmp/ccM7sUsA.s:161    .text.palSetBusMode:0000000000000000 palSetBusMode
     /tmp/ccM7sUsA.s:207    .text.palSetBusMode:000000000000003c $d
                     .debug_frame:0000000000000010 $d
     /tmp/ccM7sUsA.s:80     .text.palReadBus:0000000000000038 $t

UNDEFINED SYMBOLS
chDbgPanic
_pal_lld_setgroupmode
