ARM GAS  /tmp/cciRX5od.s 			page 1


   1              		.syntax unified
   2              		.cpu cortex-m4
   3              		.eabi_attribute 27, 3
   4              		.eabi_attribute 28, 1
   5              		.fpu fpv4-sp-d16
   6              		.eabi_attribute 20, 1
   7              		.eabi_attribute 21, 1
   8              		.eabi_attribute 23, 3
   9              		.eabi_attribute 24, 1
  10              		.eabi_attribute 25, 1
  11              		.eabi_attribute 26, 1
  12              		.eabi_attribute 30, 6
  13              		.eabi_attribute 34, 1
  14              		.eabi_attribute 18, 4
  15              		.thumb
  16              		.file	"pal_lld.c"
  17              		.text
  18              	.Ltext0:
  19              		.cfi_sections	.debug_frame
  20              		.section	.text.initgpio,"ax",%progbits
  21              		.align	2
  22              		.p2align 4,,15
  23              		.thumb
  24              		.thumb_func
  25              		.type	initgpio, %function
  26              	initgpio:
  27              	.LFB118:
  28              		.file 1 "/home/dave/r2p-sdk/core/ChibiOS/os/hal/platforms/STM32/GPIOv2/pal_lld.c"
  29              		.loc 1 86 0
  30              		.cfi_startproc
  31              		@ args = 0, pretend = 0, frame = 8
  32              		@ frame_needed = 0, uses_anonymous_args = 0
  33              		@ link register save eliminated.
  34 0000 82B0     		sub	sp, sp, #8
  35              		.cfi_def_cfa_offset 8
  36 0002 0190     		str	r0, [sp, #4]
  37 0004 0091     		str	r1, [sp]
  38              		.loc 1 88 0
  39 0006 009B     		ldr	r3, [sp]
  40 0008 5A68     		ldr	r2, [r3, #4]
  41 000a 019B     		ldr	r3, [sp, #4]
  42 000c 5A60     		str	r2, [r3, #4]
  43              		.loc 1 89 0
  44 000e 009B     		ldr	r3, [sp]
  45 0010 9A68     		ldr	r2, [r3, #8]
  46 0012 019B     		ldr	r3, [sp, #4]
  47 0014 9A60     		str	r2, [r3, #8]
  48              		.loc 1 90 0
  49 0016 009B     		ldr	r3, [sp]
  50 0018 DA68     		ldr	r2, [r3, #12]
  51 001a 019B     		ldr	r3, [sp, #4]
  52 001c DA60     		str	r2, [r3, #12]
  53              		.loc 1 91 0
  54 001e 009B     		ldr	r3, [sp]
  55 0020 1A69     		ldr	r2, [r3, #16]
  56 0022 019B     		ldr	r3, [sp, #4]
  57 0024 5A61     		str	r2, [r3, #20]
ARM GAS  /tmp/cciRX5od.s 			page 2


  58              		.loc 1 92 0
  59 0026 009B     		ldr	r3, [sp]
  60 0028 5A69     		ldr	r2, [r3, #20]
  61 002a 019B     		ldr	r3, [sp, #4]
  62 002c 1A62     		str	r2, [r3, #32]
  63              		.loc 1 93 0
  64 002e 009B     		ldr	r3, [sp]
  65 0030 9A69     		ldr	r2, [r3, #24]
  66 0032 019B     		ldr	r3, [sp, #4]
  67 0034 5A62     		str	r2, [r3, #36]
  68              		.loc 1 94 0
  69 0036 009B     		ldr	r3, [sp]
  70 0038 1A68     		ldr	r2, [r3]
  71 003a 019B     		ldr	r3, [sp, #4]
  72 003c 1A60     		str	r2, [r3]
  73              		.loc 1 95 0
  74 003e 02B0     		add	sp, sp, #8
  75              		@ sp needed
  76 0040 7047     		bx	lr
  77              		.cfi_endproc
  78              	.LFE118:
  79              		.size	initgpio, .-initgpio
  80 0042 00BFAFF3 		.section	.text._pal_lld_init,"ax",%progbits
  80      0080AFF3 
  80      0080AFF3 
  80      0080
  81              		.align	2
  82              		.p2align 4,,15
  83              		.global	_pal_lld_init
  84              		.thumb
  85              		.thumb_func
  86              		.type	_pal_lld_init, %function
  87              	_pal_lld_init:
  88              	.LFB119:
  89              		.loc 1 113 0
  90              		.cfi_startproc
  91              		@ args = 0, pretend = 0, frame = 8
  92              		@ frame_needed = 0, uses_anonymous_args = 0
  93 0000 00B5     		push	{lr}
  94              		.cfi_def_cfa_offset 4
  95              		.cfi_offset 14, -4
  96 0002 83B0     		sub	sp, sp, #12
  97              		.cfi_def_cfa_offset 16
  98 0004 0190     		str	r0, [sp, #4]
  99              		.loc 1 124 0
 100 0006 164B     		ldr	r3, .L3
 101 0008 154A     		ldr	r2, .L3
 102 000a 5269     		ldr	r2, [r2, #20]
 103 000c 42F4FC02 		orr	r2, r2, #8257536
 104 0010 5A61     		str	r2, [r3, #20]
 105              		.loc 1 134 0
 106 0012 019B     		ldr	r3, [sp, #4]
 107 0014 4FF09040 		mov	r0, #1207959552
 108 0018 1946     		mov	r1, r3
 109 001a FFF7FEFF 		bl	initgpio
 110              		.loc 1 137 0
 111 001e 019B     		ldr	r3, [sp, #4]
ARM GAS  /tmp/cciRX5od.s 			page 3


 112 0020 1C33     		adds	r3, r3, #28
 113 0022 1048     		ldr	r0, .L3+4
 114 0024 1946     		mov	r1, r3
 115 0026 FFF7FEFF 		bl	initgpio
 116              		.loc 1 140 0
 117 002a 019B     		ldr	r3, [sp, #4]
 118 002c 3833     		adds	r3, r3, #56
 119 002e 0E48     		ldr	r0, .L3+8
 120 0030 1946     		mov	r1, r3
 121 0032 FFF7FEFF 		bl	initgpio
 122              		.loc 1 143 0
 123 0036 019B     		ldr	r3, [sp, #4]
 124 0038 5433     		adds	r3, r3, #84
 125 003a 0C48     		ldr	r0, .L3+12
 126 003c 1946     		mov	r1, r3
 127 003e FFF7FEFF 		bl	initgpio
 128              		.loc 1 146 0
 129 0042 019B     		ldr	r3, [sp, #4]
 130 0044 7033     		adds	r3, r3, #112
 131 0046 0A48     		ldr	r0, .L3+16
 132 0048 1946     		mov	r1, r3
 133 004a FFF7FEFF 		bl	initgpio
 134              		.loc 1 149 0
 135 004e 019B     		ldr	r3, [sp, #4]
 136 0050 8C33     		adds	r3, r3, #140
 137 0052 0848     		ldr	r0, .L3+20
 138 0054 1946     		mov	r1, r3
 139 0056 FFF7FEFF 		bl	initgpio
 140              		.loc 1 160 0
 141 005a 03B0     		add	sp, sp, #12
 142              		@ sp needed
 143 005c 5DF804FB 		ldr	pc, [sp], #4
 144              	.L4:
 145              		.align	2
 146              	.L3:
 147 0060 00100240 		.word	1073876992
 148 0064 00040048 		.word	1207960576
 149 0068 00080048 		.word	1207961600
 150 006c 000C0048 		.word	1207962624
 151 0070 00100048 		.word	1207963648
 152 0074 00140048 		.word	1207964672
 153              		.cfi_endproc
 154              	.LFE119:
 155              		.size	_pal_lld_init, .-_pal_lld_init
 156 0078 AFF30080 		.section	.text._pal_lld_setgroupmode,"ax",%progbits
 156      AFF30080 
 157              		.align	2
 158              		.p2align 4,,15
 159              		.global	_pal_lld_setgroupmode
 160              		.thumb
 161              		.thumb_func
 162              		.type	_pal_lld_setgroupmode, %function
 163              	_pal_lld_setgroupmode:
 164              	.LFB120:
 165              		.loc 1 178 0
 166              		.cfi_startproc
 167              		@ args = 0, pretend = 0, frame = 56
ARM GAS  /tmp/cciRX5od.s 			page 4


 168              		@ frame_needed = 0, uses_anonymous_args = 0
 169              		@ link register save eliminated.
 170 0000 8EB0     		sub	sp, sp, #56
 171              		.cfi_def_cfa_offset 56
 172 0002 0390     		str	r0, [sp, #12]
 173 0004 0291     		str	r1, [sp, #8]
 174 0006 0192     		str	r2, [sp, #4]
 175              		.loc 1 180 0
 176 0008 019B     		ldr	r3, [sp, #4]
 177 000a 03F00303 		and	r3, r3, #3
 178 000e 0D93     		str	r3, [sp, #52]
 179              		.loc 1 181 0
 180 0010 019B     		ldr	r3, [sp, #4]
 181 0012 03F00403 		and	r3, r3, #4
 182 0016 9B08     		lsrs	r3, r3, #2
 183 0018 0C93     		str	r3, [sp, #48]
 184              		.loc 1 182 0
 185 001a 019B     		ldr	r3, [sp, #4]
 186 001c 03F01803 		and	r3, r3, #24
 187 0020 DB08     		lsrs	r3, r3, #3
 188 0022 0B93     		str	r3, [sp, #44]
 189              		.loc 1 183 0
 190 0024 019B     		ldr	r3, [sp, #4]
 191 0026 03F06003 		and	r3, r3, #96
 192 002a 5B09     		lsrs	r3, r3, #5
 193 002c 0A93     		str	r3, [sp, #40]
 194              		.loc 1 184 0
 195 002e 019B     		ldr	r3, [sp, #4]
 196 0030 03F4F063 		and	r3, r3, #1920
 197 0034 DB09     		lsrs	r3, r3, #7
 198 0036 0893     		str	r3, [sp, #32]
 199              		.loc 1 185 0
 200 0038 0023     		movs	r3, #0
 201 003a 0993     		str	r3, [sp, #36]
 202              	.L11:
 203              		.loc 1 187 0
 204 003c 029B     		ldr	r3, [sp, #8]
 205 003e 03F00103 		and	r3, r3, #1
 206 0042 002B     		cmp	r3, #0
 207 0044 54D0     		beq	.L6
 208              	.LBB2:
 209              		.loc 1 190 0
 210 0046 099B     		ldr	r3, [sp, #36]
 211 0048 03F00703 		and	r3, r3, #7
 212 004c 9B00     		lsls	r3, r3, #2
 213 004e 089A     		ldr	r2, [sp, #32]
 214 0050 02FA03F3 		lsl	r3, r2, r3
 215 0054 0793     		str	r3, [sp, #28]
 216              		.loc 1 191 0
 217 0056 099B     		ldr	r3, [sp, #36]
 218 0058 03F00703 		and	r3, r3, #7
 219 005c 9B00     		lsls	r3, r3, #2
 220 005e 0F22     		movs	r2, #15
 221 0060 02FA03F3 		lsl	r3, r2, r3
 222 0064 0693     		str	r3, [sp, #24]
 223              		.loc 1 192 0
 224 0066 099B     		ldr	r3, [sp, #36]
ARM GAS  /tmp/cciRX5od.s 			page 5


 225 0068 072B     		cmp	r3, #7
 226 006a 09D8     		bhi	.L7
 227              		.loc 1 193 0
 228 006c 039B     		ldr	r3, [sp, #12]
 229 006e 1A6A     		ldr	r2, [r3, #32]
 230 0070 069B     		ldr	r3, [sp, #24]
 231 0072 DB43     		mvns	r3, r3
 232 0074 1A40     		ands	r2, r2, r3
 233 0076 079B     		ldr	r3, [sp, #28]
 234 0078 1A43     		orrs	r2, r2, r3
 235 007a 039B     		ldr	r3, [sp, #12]
 236 007c 1A62     		str	r2, [r3, #32]
 237 007e 08E0     		b	.L8
 238              	.L7:
 239              		.loc 1 195 0
 240 0080 039B     		ldr	r3, [sp, #12]
 241 0082 5A6A     		ldr	r2, [r3, #36]
 242 0084 069B     		ldr	r3, [sp, #24]
 243 0086 DB43     		mvns	r3, r3
 244 0088 1A40     		ands	r2, r2, r3
 245 008a 079B     		ldr	r3, [sp, #28]
 246 008c 1A43     		orrs	r2, r2, r3
 247 008e 039B     		ldr	r3, [sp, #12]
 248 0090 5A62     		str	r2, [r3, #36]
 249              	.L8:
 250              		.loc 1 196 0
 251 0092 099B     		ldr	r3, [sp, #36]
 252 0094 0122     		movs	r2, #1
 253 0096 02FA03F3 		lsl	r3, r2, r3
 254 009a 0593     		str	r3, [sp, #20]
 255              		.loc 1 197 0
 256 009c 039B     		ldr	r3, [sp, #12]
 257 009e 5A68     		ldr	r2, [r3, #4]
 258 00a0 059B     		ldr	r3, [sp, #20]
 259 00a2 DB43     		mvns	r3, r3
 260 00a4 1A40     		ands	r2, r2, r3
 261 00a6 0C9B     		ldr	r3, [sp, #48]
 262 00a8 1A43     		orrs	r2, r2, r3
 263 00aa 039B     		ldr	r3, [sp, #12]
 264 00ac 5A60     		str	r2, [r3, #4]
 265              		.loc 1 198 0
 266 00ae 099B     		ldr	r3, [sp, #36]
 267 00b0 5B00     		lsls	r3, r3, #1
 268 00b2 0322     		movs	r2, #3
 269 00b4 02FA03F3 		lsl	r3, r2, r3
 270 00b8 0493     		str	r3, [sp, #16]
 271              		.loc 1 199 0
 272 00ba 039B     		ldr	r3, [sp, #12]
 273 00bc 9A68     		ldr	r2, [r3, #8]
 274 00be 049B     		ldr	r3, [sp, #16]
 275 00c0 DB43     		mvns	r3, r3
 276 00c2 1A40     		ands	r2, r2, r3
 277 00c4 0B9B     		ldr	r3, [sp, #44]
 278 00c6 1A43     		orrs	r2, r2, r3
 279 00c8 039B     		ldr	r3, [sp, #12]
 280 00ca 9A60     		str	r2, [r3, #8]
 281              		.loc 1 200 0
ARM GAS  /tmp/cciRX5od.s 			page 6


 282 00cc 039B     		ldr	r3, [sp, #12]
 283 00ce DA68     		ldr	r2, [r3, #12]
 284 00d0 049B     		ldr	r3, [sp, #16]
 285 00d2 DB43     		mvns	r3, r3
 286 00d4 1A40     		ands	r2, r2, r3
 287 00d6 0A9B     		ldr	r3, [sp, #40]
 288 00d8 1A43     		orrs	r2, r2, r3
 289 00da 039B     		ldr	r3, [sp, #12]
 290 00dc DA60     		str	r2, [r3, #12]
 291              		.loc 1 201 0
 292 00de 039B     		ldr	r3, [sp, #12]
 293 00e0 1A68     		ldr	r2, [r3]
 294 00e2 049B     		ldr	r3, [sp, #16]
 295 00e4 DB43     		mvns	r3, r3
 296 00e6 1A40     		ands	r2, r2, r3
 297 00e8 0D9B     		ldr	r3, [sp, #52]
 298 00ea 1A43     		orrs	r2, r2, r3
 299 00ec 039B     		ldr	r3, [sp, #12]
 300 00ee 1A60     		str	r2, [r3]
 301              	.L6:
 302              	.LBE2:
 303              		.loc 1 203 0
 304 00f0 029B     		ldr	r3, [sp, #8]
 305 00f2 5B08     		lsrs	r3, r3, #1
 306 00f4 0293     		str	r3, [sp, #8]
 307              		.loc 1 204 0
 308 00f6 029B     		ldr	r3, [sp, #8]
 309 00f8 002B     		cmp	r3, #0
 310 00fa 00D1     		bne	.L9
 311              		.loc 1 205 0
 312 00fc 0FE0     		b	.L12
 313              	.L9:
 314              		.loc 1 206 0
 315 00fe 0C9B     		ldr	r3, [sp, #48]
 316 0100 5B00     		lsls	r3, r3, #1
 317 0102 0C93     		str	r3, [sp, #48]
 318              		.loc 1 207 0
 319 0104 0B9B     		ldr	r3, [sp, #44]
 320 0106 9B00     		lsls	r3, r3, #2
 321 0108 0B93     		str	r3, [sp, #44]
 322              		.loc 1 208 0
 323 010a 0A9B     		ldr	r3, [sp, #40]
 324 010c 9B00     		lsls	r3, r3, #2
 325 010e 0A93     		str	r3, [sp, #40]
 326              		.loc 1 209 0
 327 0110 0D9B     		ldr	r3, [sp, #52]
 328 0112 9B00     		lsls	r3, r3, #2
 329 0114 0D93     		str	r3, [sp, #52]
 330              		.loc 1 210 0
 331 0116 099B     		ldr	r3, [sp, #36]
 332 0118 0133     		adds	r3, r3, #1
 333 011a 0993     		str	r3, [sp, #36]
 334              		.loc 1 211 0
 335 011c 8EE7     		b	.L11
 336              	.L12:
 337              		.loc 1 212 0
 338 011e 0EB0     		add	sp, sp, #56
ARM GAS  /tmp/cciRX5od.s 			page 7


 339              		@ sp needed
 340 0120 7047     		bx	lr
 341              		.cfi_endproc
 342              	.LFE120:
 343              		.size	_pal_lld_setgroupmode, .-_pal_lld_setgroupmode
 344 0122 00BFAFF3 		.text
 344      0080AFF3 
 344      0080AFF3 
 344      0080
 345              	.Letext0:
 346              		.file 2 "/usr/include/newlib/machine/_default_types.h"
 347              		.file 3 "/usr/include/newlib/stdint.h"
 348              		.file 4 "/home/dave/r2p-sdk/core/ChibiOS/os/hal/platforms/STM32F30x/stm32f30x.h"
 349              		.file 5 "/home/dave/r2p-sdk/core/ChibiOS/os/hal/platforms/STM32/GPIOv2/pal_lld.h"
 350              		.file 6 "/home/dave/r2p-sdk/core/ChibiOS/os/ports/common/ARMCMx/CMSIS/include/core_cm4.h"
 351              		.section	.debug_info,"",%progbits
 352              	.Ldebug_info0:
 353 0000 86040000 		.4byte	0x486
 354 0004 0400     		.2byte	0x4
 355 0006 00000000 		.4byte	.Ldebug_abbrev0
 356 000a 04       		.byte	0x4
 357 000b 01       		.uleb128 0x1
 358 000c 2A000000 		.4byte	.LASF65
 359 0010 01       		.byte	0x1
 360 0011 05030000 		.4byte	.LASF66
 361 0015 00000000 		.4byte	.Ldebug_ranges0+0
 362 0019 00000000 		.4byte	0
 363 001d 00000000 		.4byte	.Ldebug_line0
 364 0021 02       		.uleb128 0x2
 365 0022 04       		.byte	0x4
 366 0023 05       		.byte	0x5
 367 0024 696E7400 		.ascii	"int\000"
 368 0028 03       		.uleb128 0x3
 369 0029 04       		.byte	0x4
 370 002a 07       		.byte	0x7
 371 002b 73030000 		.4byte	.LASF0
 372 002f 03       		.uleb128 0x3
 373 0030 01       		.byte	0x1
 374 0031 06       		.byte	0x6
 375 0032 3E020000 		.4byte	.LASF1
 376 0036 03       		.uleb128 0x3
 377 0037 01       		.byte	0x1
 378 0038 08       		.byte	0x8
 379 0039 28020000 		.4byte	.LASF2
 380 003d 03       		.uleb128 0x3
 381 003e 02       		.byte	0x2
 382 003f 05       		.byte	0x5
 383 0040 4A010000 		.4byte	.LASF3
 384 0044 04       		.uleb128 0x4
 385 0045 7C010000 		.4byte	.LASF5
 386 0049 02       		.byte	0x2
 387 004a 2B       		.byte	0x2b
 388 004b 4F000000 		.4byte	0x4f
 389 004f 03       		.uleb128 0x3
 390 0050 02       		.byte	0x2
 391 0051 07       		.byte	0x7
 392 0052 87020000 		.4byte	.LASF4
ARM GAS  /tmp/cciRX5od.s 			page 8


 393 0056 04       		.uleb128 0x4
 394 0057 B0020000 		.4byte	.LASF6
 395 005b 02       		.byte	0x2
 396 005c 3F       		.byte	0x3f
 397 005d 61000000 		.4byte	0x61
 398 0061 03       		.uleb128 0x3
 399 0062 04       		.byte	0x4
 400 0063 05       		.byte	0x5
 401 0064 E5010000 		.4byte	.LASF7
 402 0068 04       		.uleb128 0x4
 403 0069 71010000 		.4byte	.LASF8
 404 006d 02       		.byte	0x2
 405 006e 41       		.byte	0x41
 406 006f 73000000 		.4byte	0x73
 407 0073 03       		.uleb128 0x3
 408 0074 04       		.byte	0x4
 409 0075 07       		.byte	0x7
 410 0076 E8020000 		.4byte	.LASF9
 411 007a 03       		.uleb128 0x3
 412 007b 08       		.byte	0x8
 413 007c 05       		.byte	0x5
 414 007d C9010000 		.4byte	.LASF10
 415 0081 03       		.uleb128 0x3
 416 0082 08       		.byte	0x8
 417 0083 07       		.byte	0x7
 418 0084 4A020000 		.4byte	.LASF11
 419 0088 04       		.uleb128 0x4
 420 0089 9F020000 		.4byte	.LASF12
 421 008d 03       		.byte	0x3
 422 008e 36       		.byte	0x36
 423 008f 44000000 		.4byte	0x44
 424 0093 04       		.uleb128 0x4
 425 0094 A8020000 		.4byte	.LASF13
 426 0098 03       		.byte	0x3
 427 0099 41       		.byte	0x41
 428 009a 56000000 		.4byte	0x56
 429 009e 04       		.uleb128 0x4
 430 009f 61020000 		.4byte	.LASF14
 431 00a3 03       		.byte	0x3
 432 00a4 42       		.byte	0x42
 433 00a5 68000000 		.4byte	0x68
 434 00a9 03       		.uleb128 0x3
 435 00aa 01       		.byte	0x1
 436 00ab 02       		.byte	0x2
 437 00ac C4020000 		.4byte	.LASF15
 438 00b0 05       		.uleb128 0x5
 439 00b1 9E000000 		.4byte	0x9e
 440 00b5 03       		.uleb128 0x3
 441 00b6 04       		.byte	0x4
 442 00b7 07       		.byte	0x7
 443 00b8 5D010000 		.4byte	.LASF16
 444 00bc 03       		.uleb128 0x3
 445 00bd 01       		.byte	0x1
 446 00be 08       		.byte	0x8
 447 00bf 9A020000 		.4byte	.LASF17
 448 00c3 05       		.uleb128 0x5
 449 00c4 93000000 		.4byte	0x93
ARM GAS  /tmp/cciRX5od.s 			page 9


 450 00c8 06       		.uleb128 0x6
 451 00c9 34       		.byte	0x34
 452 00ca 04       		.byte	0x4
 453 00cb 8502     		.2byte	0x285
 454 00cd 7A010000 		.4byte	0x17a
 455 00d1 07       		.uleb128 0x7
 456 00d2 435200   		.ascii	"CR\000"
 457 00d5 04       		.byte	0x4
 458 00d6 8702     		.2byte	0x287
 459 00d8 B0000000 		.4byte	0xb0
 460 00dc 00       		.byte	0
 461 00dd 08       		.uleb128 0x8
 462 00de 80030000 		.4byte	.LASF18
 463 00e2 04       		.byte	0x4
 464 00e3 8802     		.2byte	0x288
 465 00e5 B0000000 		.4byte	0xb0
 466 00e9 04       		.byte	0x4
 467 00ea 07       		.uleb128 0x7
 468 00eb 43495200 		.ascii	"CIR\000"
 469 00ef 04       		.byte	0x4
 470 00f0 8902     		.2byte	0x289
 471 00f2 B0000000 		.4byte	0xb0
 472 00f6 08       		.byte	0x8
 473 00f7 08       		.uleb128 0x8
 474 00f8 0E020000 		.4byte	.LASF19
 475 00fc 04       		.byte	0x4
 476 00fd 8A02     		.2byte	0x28a
 477 00ff B0000000 		.4byte	0xb0
 478 0103 0C       		.byte	0xc
 479 0104 08       		.uleb128 0x8
 480 0105 19010000 		.4byte	.LASF20
 481 0109 04       		.byte	0x4
 482 010a 8B02     		.2byte	0x28b
 483 010c B0000000 		.4byte	0xb0
 484 0110 10       		.byte	0x10
 485 0111 08       		.uleb128 0x8
 486 0112 01020000 		.4byte	.LASF21
 487 0116 04       		.byte	0x4
 488 0117 8C02     		.2byte	0x28c
 489 0119 B0000000 		.4byte	0xb0
 490 011d 14       		.byte	0x14
 491 011e 08       		.uleb128 0x8
 492 011f 36020000 		.4byte	.LASF22
 493 0123 04       		.byte	0x4
 494 0124 8D02     		.2byte	0x28d
 495 0126 B0000000 		.4byte	0xb0
 496 012a 18       		.byte	0x18
 497 012b 08       		.uleb128 0x8
 498 012c 9E010000 		.4byte	.LASF23
 499 0130 04       		.byte	0x4
 500 0131 8E02     		.2byte	0x28e
 501 0133 B0000000 		.4byte	0xb0
 502 0137 1C       		.byte	0x1c
 503 0138 08       		.uleb128 0x8
 504 0139 66010000 		.4byte	.LASF24
 505 013d 04       		.byte	0x4
 506 013e 8F02     		.2byte	0x28f
ARM GAS  /tmp/cciRX5od.s 			page 10


 507 0140 B0000000 		.4byte	0xb0
 508 0144 20       		.byte	0x20
 509 0145 07       		.uleb128 0x7
 510 0146 43535200 		.ascii	"CSR\000"
 511 014a 04       		.byte	0x4
 512 014b 9002     		.2byte	0x290
 513 014d B0000000 		.4byte	0xb0
 514 0151 24       		.byte	0x24
 515 0152 08       		.uleb128 0x8
 516 0153 C1010000 		.4byte	.LASF25
 517 0157 04       		.byte	0x4
 518 0158 9102     		.2byte	0x291
 519 015a B0000000 		.4byte	0xb0
 520 015e 28       		.byte	0x28
 521 015f 08       		.uleb128 0x8
 522 0160 71020000 		.4byte	.LASF26
 523 0164 04       		.byte	0x4
 524 0165 9202     		.2byte	0x292
 525 0167 B0000000 		.4byte	0xb0
 526 016b 2C       		.byte	0x2c
 527 016c 08       		.uleb128 0x8
 528 016d 77020000 		.4byte	.LASF27
 529 0171 04       		.byte	0x4
 530 0172 9302     		.2byte	0x293
 531 0174 B0000000 		.4byte	0xb0
 532 0178 30       		.byte	0x30
 533 0179 00       		.byte	0
 534 017a 09       		.uleb128 0x9
 535 017b F5010000 		.4byte	.LASF28
 536 017f 04       		.byte	0x4
 537 0180 9402     		.2byte	0x294
 538 0182 C8000000 		.4byte	0xc8
 539 0186 0A       		.uleb128 0xa
 540 0187 04       		.byte	0x4
 541 0188 05       		.byte	0x5
 542 0189 96       		.byte	0x96
 543 018a A7010000 		.4byte	0x1a7
 544 018e 0B       		.uleb128 0xb
 545 018f 73657400 		.ascii	"set\000"
 546 0193 05       		.byte	0x5
 547 0194 97       		.byte	0x97
 548 0195 88000000 		.4byte	0x88
 549 0199 00       		.byte	0
 550 019a 0C       		.uleb128 0xc
 551 019b 17020000 		.4byte	.LASF29
 552 019f 05       		.byte	0x5
 553 01a0 98       		.byte	0x98
 554 01a1 88000000 		.4byte	0x88
 555 01a5 02       		.byte	0x2
 556 01a6 00       		.byte	0
 557 01a7 0D       		.uleb128 0xd
 558 01a8 04       		.byte	0x4
 559 01a9 05       		.byte	0x5
 560 01aa 94       		.byte	0x94
 561 01ab C2010000 		.4byte	0x1c2
 562 01af 0E       		.uleb128 0xe
 563 01b0 5700     		.ascii	"W\000"
ARM GAS  /tmp/cciRX5od.s 			page 11


 564 01b2 05       		.byte	0x5
 565 01b3 95       		.byte	0x95
 566 01b4 9E000000 		.4byte	0x9e
 567 01b8 0E       		.uleb128 0xe
 568 01b9 4800     		.ascii	"H\000"
 569 01bb 05       		.byte	0x5
 570 01bc 99       		.byte	0x99
 571 01bd 86010000 		.4byte	0x186
 572 01c1 00       		.byte	0
 573 01c2 0A       		.uleb128 0xa
 574 01c3 28       		.byte	0x28
 575 01c4 05       		.byte	0x5
 576 01c5 8C       		.byte	0x8c
 577 01c6 43020000 		.4byte	0x243
 578 01ca 0C       		.uleb128 0xc
 579 01cb 08020000 		.4byte	.LASF30
 580 01cf 05       		.byte	0x5
 581 01d0 8E       		.byte	0x8e
 582 01d1 B0000000 		.4byte	0xb0
 583 01d5 00       		.byte	0
 584 01d6 0C       		.uleb128 0xc
 585 01d7 B3010000 		.4byte	.LASF31
 586 01db 05       		.byte	0x5
 587 01dc 8F       		.byte	0x8f
 588 01dd B0000000 		.4byte	0xb0
 589 01e1 04       		.byte	0x4
 590 01e2 0C       		.uleb128 0xc
 591 01e3 E0020000 		.4byte	.LASF32
 592 01e7 05       		.byte	0x5
 593 01e8 90       		.byte	0x90
 594 01e9 B0000000 		.4byte	0xb0
 595 01ed 08       		.byte	0x8
 596 01ee 0C       		.uleb128 0xc
 597 01ef D7010000 		.4byte	.LASF33
 598 01f3 05       		.byte	0x5
 599 01f4 91       		.byte	0x91
 600 01f5 B0000000 		.4byte	0xb0
 601 01f9 0C       		.byte	0xc
 602 01fa 0B       		.uleb128 0xb
 603 01fb 49445200 		.ascii	"IDR\000"
 604 01ff 05       		.byte	0x5
 605 0200 92       		.byte	0x92
 606 0201 B0000000 		.4byte	0xb0
 607 0205 10       		.byte	0x10
 608 0206 0B       		.uleb128 0xb
 609 0207 4F445200 		.ascii	"ODR\000"
 610 020b 05       		.byte	0x5
 611 020c 93       		.byte	0x93
 612 020d B0000000 		.4byte	0xb0
 613 0211 14       		.byte	0x14
 614 0212 0C       		.uleb128 0xc
 615 0213 8A030000 		.4byte	.LASF34
 616 0217 05       		.byte	0x5
 617 0218 9A       		.byte	0x9a
 618 0219 43020000 		.4byte	0x243
 619 021d 18       		.byte	0x18
 620 021e 0C       		.uleb128 0xc
ARM GAS  /tmp/cciRX5od.s 			page 12


 621 021f 85030000 		.4byte	.LASF35
 622 0223 05       		.byte	0x5
 623 0224 9B       		.byte	0x9b
 624 0225 B0000000 		.4byte	0xb0
 625 0229 1C       		.byte	0x1c
 626 022a 0C       		.uleb128 0xc
 627 022b 82020000 		.4byte	.LASF36
 628 022f 05       		.byte	0x5
 629 0230 9C       		.byte	0x9c
 630 0231 B0000000 		.4byte	0xb0
 631 0235 20       		.byte	0x20
 632 0236 0C       		.uleb128 0xc
 633 0237 7D020000 		.4byte	.LASF37
 634 023b 05       		.byte	0x5
 635 023c 9D       		.byte	0x9d
 636 023d B0000000 		.4byte	0xb0
 637 0241 24       		.byte	0x24
 638 0242 00       		.byte	0
 639 0243 05       		.uleb128 0x5
 640 0244 A7010000 		.4byte	0x1a7
 641 0248 04       		.uleb128 0x4
 642 0249 00000000 		.4byte	.LASF38
 643 024d 05       		.byte	0x5
 644 024e 9E       		.byte	0x9e
 645 024f C2010000 		.4byte	0x1c2
 646 0253 0A       		.uleb128 0xa
 647 0254 1C       		.byte	0x1c
 648 0255 05       		.byte	0x5
 649 0256 A3       		.byte	0xa3
 650 0257 B0020000 		.4byte	0x2b0
 651 025b 0C       		.uleb128 0xc
 652 025c 57030000 		.4byte	.LASF39
 653 0260 05       		.byte	0x5
 654 0261 A5       		.byte	0xa5
 655 0262 9E000000 		.4byte	0x9e
 656 0266 00       		.byte	0
 657 0267 0C       		.uleb128 0xc
 658 0268 6A020000 		.4byte	.LASF40
 659 026c 05       		.byte	0x5
 660 026d A7       		.byte	0xa7
 661 026e 9E000000 		.4byte	0x9e
 662 0272 04       		.byte	0x4
 663 0273 0C       		.uleb128 0xc
 664 0274 DD010000 		.4byte	.LASF41
 665 0278 05       		.byte	0x5
 666 0279 A9       		.byte	0xa9
 667 027a 9E000000 		.4byte	0x9e
 668 027e 08       		.byte	0x8
 669 027f 0C       		.uleb128 0xc
 670 0280 FF020000 		.4byte	.LASF42
 671 0284 05       		.byte	0x5
 672 0285 AB       		.byte	0xab
 673 0286 9E000000 		.4byte	0x9e
 674 028a 0C       		.byte	0xc
 675 028b 0B       		.uleb128 0xb
 676 028c 6F647200 		.ascii	"odr\000"
 677 0290 05       		.byte	0x5
ARM GAS  /tmp/cciRX5od.s 			page 13


 678 0291 AD       		.byte	0xad
 679 0292 9E000000 		.4byte	0x9e
 680 0296 10       		.byte	0x10
 681 0297 0C       		.uleb128 0xc
 682 0298 52030000 		.4byte	.LASF43
 683 029c 05       		.byte	0x5
 684 029d AF       		.byte	0xaf
 685 029e 9E000000 		.4byte	0x9e
 686 02a2 14       		.byte	0x14
 687 02a3 0C       		.uleb128 0xc
 688 02a4 4D030000 		.4byte	.LASF44
 689 02a8 05       		.byte	0x5
 690 02a9 B1       		.byte	0xb1
 691 02aa 9E000000 		.4byte	0x9e
 692 02ae 18       		.byte	0x18
 693 02af 00       		.byte	0
 694 02b0 04       		.uleb128 0x4
 695 02b1 30010000 		.4byte	.LASF45
 696 02b5 05       		.byte	0x5
 697 02b6 B2       		.byte	0xb2
 698 02b7 53020000 		.4byte	0x253
 699 02bb 0A       		.uleb128 0xa
 700 02bc A8       		.byte	0xa8
 701 02bd 05       		.byte	0x5
 702 02be BB       		.byte	0xbb
 703 02bf 0C030000 		.4byte	0x30c
 704 02c3 0C       		.uleb128 0xc
 705 02c4 BA010000 		.4byte	.LASF46
 706 02c8 05       		.byte	0x5
 707 02c9 BE       		.byte	0xbe
 708 02ca B0020000 		.4byte	0x2b0
 709 02ce 00       		.byte	0
 710 02cf 0C       		.uleb128 0xc
 711 02d0 87010000 		.4byte	.LASF47
 712 02d4 05       		.byte	0x5
 713 02d5 C2       		.byte	0xc2
 714 02d6 B0020000 		.4byte	0x2b0
 715 02da 1C       		.byte	0x1c
 716 02db 0C       		.uleb128 0xc
 717 02dc 0D000000 		.4byte	.LASF48
 718 02e0 05       		.byte	0x5
 719 02e1 C6       		.byte	0xc6
 720 02e2 B0020000 		.4byte	0x2b0
 721 02e6 38       		.byte	0x38
 722 02e7 0C       		.uleb128 0xc
 723 02e8 EE010000 		.4byte	.LASF49
 724 02ec 05       		.byte	0x5
 725 02ed CA       		.byte	0xca
 726 02ee B0020000 		.4byte	0x2b0
 727 02f2 54       		.byte	0x54
 728 02f3 0C       		.uleb128 0xc
 729 02f4 D4020000 		.4byte	.LASF50
 730 02f8 05       		.byte	0x5
 731 02f9 CE       		.byte	0xce
 732 02fa B0020000 		.4byte	0x2b0
 733 02fe 70       		.byte	0x70
 734 02ff 0C       		.uleb128 0xc
ARM GAS  /tmp/cciRX5od.s 			page 14


 735 0300 43010000 		.4byte	.LASF51
 736 0304 05       		.byte	0x5
 737 0305 D2       		.byte	0xd2
 738 0306 B0020000 		.4byte	0x2b0
 739 030a 8C       		.byte	0x8c
 740 030b 00       		.byte	0
 741 030c 04       		.uleb128 0x4
 742 030d BA020000 		.4byte	.LASF52
 743 0311 05       		.byte	0x5
 744 0312 E0       		.byte	0xe0
 745 0313 BB020000 		.4byte	0x2bb
 746 0317 04       		.uleb128 0x4
 747 0318 A6010000 		.4byte	.LASF53
 748 031c 05       		.byte	0x5
 749 031d F0       		.byte	0xf0
 750 031e 9E000000 		.4byte	0x9e
 751 0322 04       		.uleb128 0x4
 752 0323 95010000 		.4byte	.LASF54
 753 0327 05       		.byte	0x5
 754 0328 F5       		.byte	0xf5
 755 0329 9E000000 		.4byte	0x9e
 756 032d 04       		.uleb128 0x4
 757 032e 1D020000 		.4byte	.LASF55
 758 0332 05       		.byte	0x5
 759 0333 FD       		.byte	0xfd
 760 0334 38030000 		.4byte	0x338
 761 0338 0F       		.uleb128 0xf
 762 0339 04       		.byte	0x4
 763 033a 48020000 		.4byte	0x248
 764 033e 10       		.uleb128 0x10
 765 033f 54010000 		.4byte	.LASF67
 766 0343 01       		.byte	0x1
 767 0344 56       		.byte	0x56
 768 0345 00000000 		.4byte	.LFB118
 769 0349 42000000 		.4byte	.LFE118-.LFB118
 770 034d 01       		.uleb128 0x1
 771 034e 9C       		.byte	0x9c
 772 034f 70030000 		.4byte	0x370
 773 0353 11       		.uleb128 0x11
 774 0354 6B010000 		.4byte	.LASF56
 775 0358 01       		.byte	0x1
 776 0359 56       		.byte	0x56
 777 035a 38030000 		.4byte	0x338
 778 035e 02       		.uleb128 0x2
 779 035f 91       		.byte	0x91
 780 0360 7C       		.sleb128 -4
 781 0361 11       		.uleb128 0x11
 782 0362 8E010000 		.4byte	.LASF57
 783 0366 01       		.byte	0x1
 784 0367 56       		.byte	0x56
 785 0368 70030000 		.4byte	0x370
 786 036c 02       		.uleb128 0x2
 787 036d 91       		.byte	0x91
 788 036e 78       		.sleb128 -8
 789 036f 00       		.byte	0
 790 0370 0F       		.uleb128 0xf
 791 0371 04       		.byte	0x4
ARM GAS  /tmp/cciRX5od.s 			page 15


 792 0372 76030000 		.4byte	0x376
 793 0376 12       		.uleb128 0x12
 794 0377 B0020000 		.4byte	0x2b0
 795 037b 13       		.uleb128 0x13
 796 037c 22010000 		.4byte	.LASF58
 797 0380 01       		.byte	0x1
 798 0381 71       		.byte	0x71
 799 0382 00000000 		.4byte	.LFB119
 800 0386 78000000 		.4byte	.LFE119-.LFB119
 801 038a 01       		.uleb128 0x1
 802 038b 9C       		.byte	0x9c
 803 038c 9F030000 		.4byte	0x39f
 804 0390 11       		.uleb128 0x11
 805 0391 8E010000 		.4byte	.LASF57
 806 0395 01       		.byte	0x1
 807 0396 71       		.byte	0x71
 808 0397 9F030000 		.4byte	0x39f
 809 039b 02       		.uleb128 0x2
 810 039c 91       		.byte	0x91
 811 039d 74       		.sleb128 -12
 812 039e 00       		.byte	0
 813 039f 0F       		.uleb128 0xf
 814 03a0 04       		.byte	0x4
 815 03a1 A5030000 		.4byte	0x3a5
 816 03a5 12       		.uleb128 0x12
 817 03a6 0C030000 		.4byte	0x30c
 818 03aa 14       		.uleb128 0x14
 819 03ab 14000000 		.4byte	.LASF59
 820 03af 01       		.byte	0x1
 821 03b0 B0       		.byte	0xb0
 822 03b1 00000000 		.4byte	.LFB120
 823 03b5 22010000 		.4byte	.LFE120-.LFB120
 824 03b9 01       		.uleb128 0x1
 825 03ba 9C       		.byte	0x9c
 826 03bb 7D040000 		.4byte	0x47d
 827 03bf 11       		.uleb128 0x11
 828 03c0 CF020000 		.4byte	.LASF60
 829 03c4 01       		.byte	0x1
 830 03c5 B0       		.byte	0xb0
 831 03c6 2D030000 		.4byte	0x32d
 832 03ca 02       		.uleb128 0x2
 833 03cb 91       		.byte	0x91
 834 03cc 54       		.sleb128 -44
 835 03cd 11       		.uleb128 0x11
 836 03ce FA020000 		.4byte	.LASF61
 837 03d2 01       		.byte	0x1
 838 03d3 B1       		.byte	0xb1
 839 03d4 17030000 		.4byte	0x317
 840 03d8 02       		.uleb128 0x2
 841 03d9 91       		.byte	0x91
 842 03da 50       		.sleb128 -48
 843 03db 11       		.uleb128 0x11
 844 03dc CA020000 		.4byte	.LASF62
 845 03e0 01       		.byte	0x1
 846 03e1 B2       		.byte	0xb2
 847 03e2 22030000 		.4byte	0x322
 848 03e6 02       		.uleb128 0x2
ARM GAS  /tmp/cciRX5od.s 			page 16


 849 03e7 91       		.byte	0x91
 850 03e8 4C       		.sleb128 -52
 851 03e9 15       		.uleb128 0x15
 852 03ea 57030000 		.4byte	.LASF39
 853 03ee 01       		.byte	0x1
 854 03ef B4       		.byte	0xb4
 855 03f0 9E000000 		.4byte	0x9e
 856 03f4 02       		.uleb128 0x2
 857 03f5 91       		.byte	0x91
 858 03f6 7C       		.sleb128 -4
 859 03f7 15       		.uleb128 0x15
 860 03f8 6A020000 		.4byte	.LASF40
 861 03fc 01       		.byte	0x1
 862 03fd B5       		.byte	0xb5
 863 03fe 9E000000 		.4byte	0x9e
 864 0402 02       		.uleb128 0x2
 865 0403 91       		.byte	0x91
 866 0404 78       		.sleb128 -8
 867 0405 15       		.uleb128 0x15
 868 0406 DD010000 		.4byte	.LASF41
 869 040a 01       		.byte	0x1
 870 040b B6       		.byte	0xb6
 871 040c 9E000000 		.4byte	0x9e
 872 0410 02       		.uleb128 0x2
 873 0411 91       		.byte	0x91
 874 0412 74       		.sleb128 -12
 875 0413 15       		.uleb128 0x15
 876 0414 FF020000 		.4byte	.LASF42
 877 0418 01       		.byte	0x1
 878 0419 B7       		.byte	0xb7
 879 041a 9E000000 		.4byte	0x9e
 880 041e 02       		.uleb128 0x2
 881 041f 91       		.byte	0x91
 882 0420 70       		.sleb128 -16
 883 0421 15       		.uleb128 0x15
 884 0422 DB020000 		.4byte	.LASF63
 885 0426 01       		.byte	0x1
 886 0427 B8       		.byte	0xb8
 887 0428 9E000000 		.4byte	0x9e
 888 042c 02       		.uleb128 0x2
 889 042d 91       		.byte	0x91
 890 042e 68       		.sleb128 -24
 891 042f 16       		.uleb128 0x16
 892 0430 62697400 		.ascii	"bit\000"
 893 0434 01       		.byte	0x1
 894 0435 B9       		.byte	0xb9
 895 0436 9E000000 		.4byte	0x9e
 896 043a 02       		.uleb128 0x2
 897 043b 91       		.byte	0x91
 898 043c 6C       		.sleb128 -20
 899 043d 17       		.uleb128 0x17
 900 043e 46000000 		.4byte	.LBB2
 901 0442 AA000000 		.4byte	.LBE2-.LBB2
 902 0446 15       		.uleb128 0x15
 903 0447 6A030000 		.4byte	.LASF64
 904 044b 01       		.byte	0x1
 905 044c BC       		.byte	0xbc
ARM GAS  /tmp/cciRX5od.s 			page 17


 906 044d 9E000000 		.4byte	0x9e
 907 0451 02       		.uleb128 0x2
 908 0452 91       		.byte	0x91
 909 0453 64       		.sleb128 -28
 910 0454 16       		.uleb128 0x16
 911 0455 6D3100   		.ascii	"m1\000"
 912 0458 01       		.byte	0x1
 913 0459 BC       		.byte	0xbc
 914 045a 9E000000 		.4byte	0x9e
 915 045e 02       		.uleb128 0x2
 916 045f 91       		.byte	0x91
 917 0460 5C       		.sleb128 -36
 918 0461 16       		.uleb128 0x16
 919 0462 6D3200   		.ascii	"m2\000"
 920 0465 01       		.byte	0x1
 921 0466 BC       		.byte	0xbc
 922 0467 9E000000 		.4byte	0x9e
 923 046b 02       		.uleb128 0x2
 924 046c 91       		.byte	0x91
 925 046d 58       		.sleb128 -40
 926 046e 16       		.uleb128 0x16
 927 046f 6D3400   		.ascii	"m4\000"
 928 0472 01       		.byte	0x1
 929 0473 BC       		.byte	0xbc
 930 0474 9E000000 		.4byte	0x9e
 931 0478 02       		.uleb128 0x2
 932 0479 91       		.byte	0x91
 933 047a 60       		.sleb128 -32
 934 047b 00       		.byte	0
 935 047c 00       		.byte	0
 936 047d 18       		.uleb128 0x18
 937 047e 5D030000 		.4byte	.LASF68
 938 0482 06       		.byte	0x6
 939 0483 9806     		.2byte	0x698
 940 0485 C3000000 		.4byte	0xc3
 941 0489 00       		.byte	0
 942              		.section	.debug_abbrev,"",%progbits
 943              	.Ldebug_abbrev0:
 944 0000 01       		.uleb128 0x1
 945 0001 11       		.uleb128 0x11
 946 0002 01       		.byte	0x1
 947 0003 25       		.uleb128 0x25
 948 0004 0E       		.uleb128 0xe
 949 0005 13       		.uleb128 0x13
 950 0006 0B       		.uleb128 0xb
 951 0007 03       		.uleb128 0x3
 952 0008 0E       		.uleb128 0xe
 953 0009 55       		.uleb128 0x55
 954 000a 17       		.uleb128 0x17
 955 000b 11       		.uleb128 0x11
 956 000c 01       		.uleb128 0x1
 957 000d 10       		.uleb128 0x10
 958 000e 17       		.uleb128 0x17
 959 000f 00       		.byte	0
 960 0010 00       		.byte	0
 961 0011 02       		.uleb128 0x2
 962 0012 24       		.uleb128 0x24
ARM GAS  /tmp/cciRX5od.s 			page 18


 963 0013 00       		.byte	0
 964 0014 0B       		.uleb128 0xb
 965 0015 0B       		.uleb128 0xb
 966 0016 3E       		.uleb128 0x3e
 967 0017 0B       		.uleb128 0xb
 968 0018 03       		.uleb128 0x3
 969 0019 08       		.uleb128 0x8
 970 001a 00       		.byte	0
 971 001b 00       		.byte	0
 972 001c 03       		.uleb128 0x3
 973 001d 24       		.uleb128 0x24
 974 001e 00       		.byte	0
 975 001f 0B       		.uleb128 0xb
 976 0020 0B       		.uleb128 0xb
 977 0021 3E       		.uleb128 0x3e
 978 0022 0B       		.uleb128 0xb
 979 0023 03       		.uleb128 0x3
 980 0024 0E       		.uleb128 0xe
 981 0025 00       		.byte	0
 982 0026 00       		.byte	0
 983 0027 04       		.uleb128 0x4
 984 0028 16       		.uleb128 0x16
 985 0029 00       		.byte	0
 986 002a 03       		.uleb128 0x3
 987 002b 0E       		.uleb128 0xe
 988 002c 3A       		.uleb128 0x3a
 989 002d 0B       		.uleb128 0xb
 990 002e 3B       		.uleb128 0x3b
 991 002f 0B       		.uleb128 0xb
 992 0030 49       		.uleb128 0x49
 993 0031 13       		.uleb128 0x13
 994 0032 00       		.byte	0
 995 0033 00       		.byte	0
 996 0034 05       		.uleb128 0x5
 997 0035 35       		.uleb128 0x35
 998 0036 00       		.byte	0
 999 0037 49       		.uleb128 0x49
 1000 0038 13       		.uleb128 0x13
 1001 0039 00       		.byte	0
 1002 003a 00       		.byte	0
 1003 003b 06       		.uleb128 0x6
 1004 003c 13       		.uleb128 0x13
 1005 003d 01       		.byte	0x1
 1006 003e 0B       		.uleb128 0xb
 1007 003f 0B       		.uleb128 0xb
 1008 0040 3A       		.uleb128 0x3a
 1009 0041 0B       		.uleb128 0xb
 1010 0042 3B       		.uleb128 0x3b
 1011 0043 05       		.uleb128 0x5
 1012 0044 01       		.uleb128 0x1
 1013 0045 13       		.uleb128 0x13
 1014 0046 00       		.byte	0
 1015 0047 00       		.byte	0
 1016 0048 07       		.uleb128 0x7
 1017 0049 0D       		.uleb128 0xd
 1018 004a 00       		.byte	0
 1019 004b 03       		.uleb128 0x3
ARM GAS  /tmp/cciRX5od.s 			page 19


 1020 004c 08       		.uleb128 0x8
 1021 004d 3A       		.uleb128 0x3a
 1022 004e 0B       		.uleb128 0xb
 1023 004f 3B       		.uleb128 0x3b
 1024 0050 05       		.uleb128 0x5
 1025 0051 49       		.uleb128 0x49
 1026 0052 13       		.uleb128 0x13
 1027 0053 38       		.uleb128 0x38
 1028 0054 0B       		.uleb128 0xb
 1029 0055 00       		.byte	0
 1030 0056 00       		.byte	0
 1031 0057 08       		.uleb128 0x8
 1032 0058 0D       		.uleb128 0xd
 1033 0059 00       		.byte	0
 1034 005a 03       		.uleb128 0x3
 1035 005b 0E       		.uleb128 0xe
 1036 005c 3A       		.uleb128 0x3a
 1037 005d 0B       		.uleb128 0xb
 1038 005e 3B       		.uleb128 0x3b
 1039 005f 05       		.uleb128 0x5
 1040 0060 49       		.uleb128 0x49
 1041 0061 13       		.uleb128 0x13
 1042 0062 38       		.uleb128 0x38
 1043 0063 0B       		.uleb128 0xb
 1044 0064 00       		.byte	0
 1045 0065 00       		.byte	0
 1046 0066 09       		.uleb128 0x9
 1047 0067 16       		.uleb128 0x16
 1048 0068 00       		.byte	0
 1049 0069 03       		.uleb128 0x3
 1050 006a 0E       		.uleb128 0xe
 1051 006b 3A       		.uleb128 0x3a
 1052 006c 0B       		.uleb128 0xb
 1053 006d 3B       		.uleb128 0x3b
 1054 006e 05       		.uleb128 0x5
 1055 006f 49       		.uleb128 0x49
 1056 0070 13       		.uleb128 0x13
 1057 0071 00       		.byte	0
 1058 0072 00       		.byte	0
 1059 0073 0A       		.uleb128 0xa
 1060 0074 13       		.uleb128 0x13
 1061 0075 01       		.byte	0x1
 1062 0076 0B       		.uleb128 0xb
 1063 0077 0B       		.uleb128 0xb
 1064 0078 3A       		.uleb128 0x3a
 1065 0079 0B       		.uleb128 0xb
 1066 007a 3B       		.uleb128 0x3b
 1067 007b 0B       		.uleb128 0xb
 1068 007c 01       		.uleb128 0x1
 1069 007d 13       		.uleb128 0x13
 1070 007e 00       		.byte	0
 1071 007f 00       		.byte	0
 1072 0080 0B       		.uleb128 0xb
 1073 0081 0D       		.uleb128 0xd
 1074 0082 00       		.byte	0
 1075 0083 03       		.uleb128 0x3
 1076 0084 08       		.uleb128 0x8
ARM GAS  /tmp/cciRX5od.s 			page 20


 1077 0085 3A       		.uleb128 0x3a
 1078 0086 0B       		.uleb128 0xb
 1079 0087 3B       		.uleb128 0x3b
 1080 0088 0B       		.uleb128 0xb
 1081 0089 49       		.uleb128 0x49
 1082 008a 13       		.uleb128 0x13
 1083 008b 38       		.uleb128 0x38
 1084 008c 0B       		.uleb128 0xb
 1085 008d 00       		.byte	0
 1086 008e 00       		.byte	0
 1087 008f 0C       		.uleb128 0xc
 1088 0090 0D       		.uleb128 0xd
 1089 0091 00       		.byte	0
 1090 0092 03       		.uleb128 0x3
 1091 0093 0E       		.uleb128 0xe
 1092 0094 3A       		.uleb128 0x3a
 1093 0095 0B       		.uleb128 0xb
 1094 0096 3B       		.uleb128 0x3b
 1095 0097 0B       		.uleb128 0xb
 1096 0098 49       		.uleb128 0x49
 1097 0099 13       		.uleb128 0x13
 1098 009a 38       		.uleb128 0x38
 1099 009b 0B       		.uleb128 0xb
 1100 009c 00       		.byte	0
 1101 009d 00       		.byte	0
 1102 009e 0D       		.uleb128 0xd
 1103 009f 17       		.uleb128 0x17
 1104 00a0 01       		.byte	0x1
 1105 00a1 0B       		.uleb128 0xb
 1106 00a2 0B       		.uleb128 0xb
 1107 00a3 3A       		.uleb128 0x3a
 1108 00a4 0B       		.uleb128 0xb
 1109 00a5 3B       		.uleb128 0x3b
 1110 00a6 0B       		.uleb128 0xb
 1111 00a7 01       		.uleb128 0x1
 1112 00a8 13       		.uleb128 0x13
 1113 00a9 00       		.byte	0
 1114 00aa 00       		.byte	0
 1115 00ab 0E       		.uleb128 0xe
 1116 00ac 0D       		.uleb128 0xd
 1117 00ad 00       		.byte	0
 1118 00ae 03       		.uleb128 0x3
 1119 00af 08       		.uleb128 0x8
 1120 00b0 3A       		.uleb128 0x3a
 1121 00b1 0B       		.uleb128 0xb
 1122 00b2 3B       		.uleb128 0x3b
 1123 00b3 0B       		.uleb128 0xb
 1124 00b4 49       		.uleb128 0x49
 1125 00b5 13       		.uleb128 0x13
 1126 00b6 00       		.byte	0
 1127 00b7 00       		.byte	0
 1128 00b8 0F       		.uleb128 0xf
 1129 00b9 0F       		.uleb128 0xf
 1130 00ba 00       		.byte	0
 1131 00bb 0B       		.uleb128 0xb
 1132 00bc 0B       		.uleb128 0xb
 1133 00bd 49       		.uleb128 0x49
ARM GAS  /tmp/cciRX5od.s 			page 21


 1134 00be 13       		.uleb128 0x13
 1135 00bf 00       		.byte	0
 1136 00c0 00       		.byte	0
 1137 00c1 10       		.uleb128 0x10
 1138 00c2 2E       		.uleb128 0x2e
 1139 00c3 01       		.byte	0x1
 1140 00c4 03       		.uleb128 0x3
 1141 00c5 0E       		.uleb128 0xe
 1142 00c6 3A       		.uleb128 0x3a
 1143 00c7 0B       		.uleb128 0xb
 1144 00c8 3B       		.uleb128 0x3b
 1145 00c9 0B       		.uleb128 0xb
 1146 00ca 27       		.uleb128 0x27
 1147 00cb 19       		.uleb128 0x19
 1148 00cc 11       		.uleb128 0x11
 1149 00cd 01       		.uleb128 0x1
 1150 00ce 12       		.uleb128 0x12
 1151 00cf 06       		.uleb128 0x6
 1152 00d0 40       		.uleb128 0x40
 1153 00d1 18       		.uleb128 0x18
 1154 00d2 9742     		.uleb128 0x2117
 1155 00d4 19       		.uleb128 0x19
 1156 00d5 01       		.uleb128 0x1
 1157 00d6 13       		.uleb128 0x13
 1158 00d7 00       		.byte	0
 1159 00d8 00       		.byte	0
 1160 00d9 11       		.uleb128 0x11
 1161 00da 05       		.uleb128 0x5
 1162 00db 00       		.byte	0
 1163 00dc 03       		.uleb128 0x3
 1164 00dd 0E       		.uleb128 0xe
 1165 00de 3A       		.uleb128 0x3a
 1166 00df 0B       		.uleb128 0xb
 1167 00e0 3B       		.uleb128 0x3b
 1168 00e1 0B       		.uleb128 0xb
 1169 00e2 49       		.uleb128 0x49
 1170 00e3 13       		.uleb128 0x13
 1171 00e4 02       		.uleb128 0x2
 1172 00e5 18       		.uleb128 0x18
 1173 00e6 00       		.byte	0
 1174 00e7 00       		.byte	0
 1175 00e8 12       		.uleb128 0x12
 1176 00e9 26       		.uleb128 0x26
 1177 00ea 00       		.byte	0
 1178 00eb 49       		.uleb128 0x49
 1179 00ec 13       		.uleb128 0x13
 1180 00ed 00       		.byte	0
 1181 00ee 00       		.byte	0
 1182 00ef 13       		.uleb128 0x13
 1183 00f0 2E       		.uleb128 0x2e
 1184 00f1 01       		.byte	0x1
 1185 00f2 3F       		.uleb128 0x3f
 1186 00f3 19       		.uleb128 0x19
 1187 00f4 03       		.uleb128 0x3
 1188 00f5 0E       		.uleb128 0xe
 1189 00f6 3A       		.uleb128 0x3a
 1190 00f7 0B       		.uleb128 0xb
ARM GAS  /tmp/cciRX5od.s 			page 22


 1191 00f8 3B       		.uleb128 0x3b
 1192 00f9 0B       		.uleb128 0xb
 1193 00fa 27       		.uleb128 0x27
 1194 00fb 19       		.uleb128 0x19
 1195 00fc 11       		.uleb128 0x11
 1196 00fd 01       		.uleb128 0x1
 1197 00fe 12       		.uleb128 0x12
 1198 00ff 06       		.uleb128 0x6
 1199 0100 40       		.uleb128 0x40
 1200 0101 18       		.uleb128 0x18
 1201 0102 9642     		.uleb128 0x2116
 1202 0104 19       		.uleb128 0x19
 1203 0105 01       		.uleb128 0x1
 1204 0106 13       		.uleb128 0x13
 1205 0107 00       		.byte	0
 1206 0108 00       		.byte	0
 1207 0109 14       		.uleb128 0x14
 1208 010a 2E       		.uleb128 0x2e
 1209 010b 01       		.byte	0x1
 1210 010c 3F       		.uleb128 0x3f
 1211 010d 19       		.uleb128 0x19
 1212 010e 03       		.uleb128 0x3
 1213 010f 0E       		.uleb128 0xe
 1214 0110 3A       		.uleb128 0x3a
 1215 0111 0B       		.uleb128 0xb
 1216 0112 3B       		.uleb128 0x3b
 1217 0113 0B       		.uleb128 0xb
 1218 0114 27       		.uleb128 0x27
 1219 0115 19       		.uleb128 0x19
 1220 0116 11       		.uleb128 0x11
 1221 0117 01       		.uleb128 0x1
 1222 0118 12       		.uleb128 0x12
 1223 0119 06       		.uleb128 0x6
 1224 011a 40       		.uleb128 0x40
 1225 011b 18       		.uleb128 0x18
 1226 011c 9742     		.uleb128 0x2117
 1227 011e 19       		.uleb128 0x19
 1228 011f 01       		.uleb128 0x1
 1229 0120 13       		.uleb128 0x13
 1230 0121 00       		.byte	0
 1231 0122 00       		.byte	0
 1232 0123 15       		.uleb128 0x15
 1233 0124 34       		.uleb128 0x34
 1234 0125 00       		.byte	0
 1235 0126 03       		.uleb128 0x3
 1236 0127 0E       		.uleb128 0xe
 1237 0128 3A       		.uleb128 0x3a
 1238 0129 0B       		.uleb128 0xb
 1239 012a 3B       		.uleb128 0x3b
 1240 012b 0B       		.uleb128 0xb
 1241 012c 49       		.uleb128 0x49
 1242 012d 13       		.uleb128 0x13
 1243 012e 02       		.uleb128 0x2
 1244 012f 18       		.uleb128 0x18
 1245 0130 00       		.byte	0
 1246 0131 00       		.byte	0
 1247 0132 16       		.uleb128 0x16
ARM GAS  /tmp/cciRX5od.s 			page 23


 1248 0133 34       		.uleb128 0x34
 1249 0134 00       		.byte	0
 1250 0135 03       		.uleb128 0x3
 1251 0136 08       		.uleb128 0x8
 1252 0137 3A       		.uleb128 0x3a
 1253 0138 0B       		.uleb128 0xb
 1254 0139 3B       		.uleb128 0x3b
 1255 013a 0B       		.uleb128 0xb
 1256 013b 49       		.uleb128 0x49
 1257 013c 13       		.uleb128 0x13
 1258 013d 02       		.uleb128 0x2
 1259 013e 18       		.uleb128 0x18
 1260 013f 00       		.byte	0
 1261 0140 00       		.byte	0
 1262 0141 17       		.uleb128 0x17
 1263 0142 0B       		.uleb128 0xb
 1264 0143 01       		.byte	0x1
 1265 0144 11       		.uleb128 0x11
 1266 0145 01       		.uleb128 0x1
 1267 0146 12       		.uleb128 0x12
 1268 0147 06       		.uleb128 0x6
 1269 0148 00       		.byte	0
 1270 0149 00       		.byte	0
 1271 014a 18       		.uleb128 0x18
 1272 014b 34       		.uleb128 0x34
 1273 014c 00       		.byte	0
 1274 014d 03       		.uleb128 0x3
 1275 014e 0E       		.uleb128 0xe
 1276 014f 3A       		.uleb128 0x3a
 1277 0150 0B       		.uleb128 0xb
 1278 0151 3B       		.uleb128 0x3b
 1279 0152 05       		.uleb128 0x5
 1280 0153 49       		.uleb128 0x49
 1281 0154 13       		.uleb128 0x13
 1282 0155 3F       		.uleb128 0x3f
 1283 0156 19       		.uleb128 0x19
 1284 0157 3C       		.uleb128 0x3c
 1285 0158 19       		.uleb128 0x19
 1286 0159 00       		.byte	0
 1287 015a 00       		.byte	0
 1288 015b 00       		.byte	0
 1289              		.section	.debug_aranges,"",%progbits
 1290 0000 2C000000 		.4byte	0x2c
 1291 0004 0200     		.2byte	0x2
 1292 0006 00000000 		.4byte	.Ldebug_info0
 1293 000a 04       		.byte	0x4
 1294 000b 00       		.byte	0
 1295 000c 0000     		.2byte	0
 1296 000e 0000     		.2byte	0
 1297 0010 00000000 		.4byte	.LFB118
 1298 0014 42000000 		.4byte	.LFE118-.LFB118
 1299 0018 00000000 		.4byte	.LFB119
 1300 001c 78000000 		.4byte	.LFE119-.LFB119
 1301 0020 00000000 		.4byte	.LFB120
 1302 0024 22010000 		.4byte	.LFE120-.LFB120
 1303 0028 00000000 		.4byte	0
 1304 002c 00000000 		.4byte	0
ARM GAS  /tmp/cciRX5od.s 			page 24


 1305              		.section	.debug_ranges,"",%progbits
 1306              	.Ldebug_ranges0:
 1307 0000 00000000 		.4byte	.LFB118
 1308 0004 42000000 		.4byte	.LFE118
 1309 0008 00000000 		.4byte	.LFB119
 1310 000c 78000000 		.4byte	.LFE119
 1311 0010 00000000 		.4byte	.LFB120
 1312 0014 22010000 		.4byte	.LFE120
 1313 0018 00000000 		.4byte	0
 1314 001c 00000000 		.4byte	0
 1315              		.section	.debug_line,"",%progbits
 1316              	.Ldebug_line0:
 1317 0000 C0010000 		.section	.debug_str,"MS",%progbits,1
 1317      02005801 
 1317      00000201 
 1317      FB0E0D00 
 1317      01010101 
 1318              	.LASF38:
 1319 0000 4750494F 		.ascii	"GPIO_TypeDef\000"
 1319      5F547970 
 1319      65446566 
 1319      00
 1320              	.LASF48:
 1321 000d 50434461 		.ascii	"PCData\000"
 1321      746100
 1322              	.LASF59:
 1323 0014 5F70616C 		.ascii	"_pal_lld_setgroupmode\000"
 1323      5F6C6C64 
 1323      5F736574 
 1323      67726F75 
 1323      706D6F64 
 1324              	.LASF65:
 1325 002a 474E5520 		.ascii	"GNU C 4.8.4 20141219 (release) -mcpu=cortex-m4 -mfl"
 1325      4320342E 
 1325      382E3420 
 1325      32303134 
 1325      31323139 
 1326 005d 6F61742D 		.ascii	"oat-abi=hard -mfpu=fpv4-sp-d16 -mno-thumb-interwork"
 1326      6162693D 
 1326      68617264 
 1326      202D6D66 
 1326      70753D66 
 1327 0090 202D6D74 		.ascii	" -mthumb -ggdb -O0 -fomit-frame-pointer -falign-fun"
 1327      68756D62 
 1327      202D6767 
 1327      6462202D 
 1327      4F30202D 
 1328 00c3 6374696F 		.ascii	"ctions=16 -ffunction-sections -fdata-sections -fno-"
 1328      6E733D31 
 1328      36202D66 
 1328      66756E63 
 1328      74696F6E 
 1329 00f6 636F6D6D 		.ascii	"common -fsingle-precision-constant\000"
 1329      6F6E202D 
 1329      6673696E 
 1329      676C652D 
 1329      70726563 
ARM GAS  /tmp/cciRX5od.s 			page 25


 1330              	.LASF20:
 1331 0119 41504231 		.ascii	"APB1RSTR\000"
 1331      52535452 
 1331      00
 1332              	.LASF58:
 1333 0122 5F70616C 		.ascii	"_pal_lld_init\000"
 1333      5F6C6C64 
 1333      5F696E69 
 1333      7400
 1334              	.LASF45:
 1335 0130 73746D33 		.ascii	"stm32_gpio_setup_t\000"
 1335      325F6770 
 1335      696F5F73 
 1335      65747570 
 1335      5F7400
 1336              	.LASF51:
 1337 0143 50464461 		.ascii	"PFData\000"
 1337      746100
 1338              	.LASF3:
 1339 014a 73686F72 		.ascii	"short int\000"
 1339      7420696E 
 1339      7400
 1340              	.LASF67:
 1341 0154 696E6974 		.ascii	"initgpio\000"
 1341      6770696F 
 1341      00
 1342              	.LASF16:
 1343 015d 73697A65 		.ascii	"sizetype\000"
 1343      74797065 
 1343      00
 1344              	.LASF24:
 1345 0166 42444352 		.ascii	"BDCR\000"
 1345      00
 1346              	.LASF56:
 1347 016b 6770696F 		.ascii	"gpiop\000"
 1347      7000
 1348              	.LASF8:
 1349 0171 5F5F7569 		.ascii	"__uint32_t\000"
 1349      6E743332 
 1349      5F7400
 1350              	.LASF5:
 1351 017c 5F5F7569 		.ascii	"__uint16_t\000"
 1351      6E743136 
 1351      5F7400
 1352              	.LASF47:
 1353 0187 50424461 		.ascii	"PBData\000"
 1353      746100
 1354              	.LASF57:
 1355 018e 636F6E66 		.ascii	"config\000"
 1355      696700
 1356              	.LASF54:
 1357 0195 696F6D6F 		.ascii	"iomode_t\000"
 1357      64655F74 
 1357      00
 1358              	.LASF23:
 1359 019e 41504231 		.ascii	"APB1ENR\000"
 1359      454E5200 
ARM GAS  /tmp/cciRX5od.s 			page 26


 1360              	.LASF53:
 1361 01a6 696F706F 		.ascii	"ioportmask_t\000"
 1361      72746D61 
 1361      736B5F74 
 1361      00
 1362              	.LASF31:
 1363 01b3 4F545950 		.ascii	"OTYPER\000"
 1363      455200
 1364              	.LASF46:
 1365 01ba 50414461 		.ascii	"PAData\000"
 1365      746100
 1366              	.LASF25:
 1367 01c1 41484252 		.ascii	"AHBRSTR\000"
 1367      53545200 
 1368              	.LASF10:
 1369 01c9 6C6F6E67 		.ascii	"long long int\000"
 1369      206C6F6E 
 1369      6720696E 
 1369      7400
 1370              	.LASF33:
 1371 01d7 50555044 		.ascii	"PUPDR\000"
 1371      5200
 1372              	.LASF41:
 1373 01dd 6F737065 		.ascii	"ospeedr\000"
 1373      65647200 
 1374              	.LASF7:
 1375 01e5 6C6F6E67 		.ascii	"long int\000"
 1375      20696E74 
 1375      00
 1376              	.LASF49:
 1377 01ee 50444461 		.ascii	"PDData\000"
 1377      746100
 1378              	.LASF28:
 1379 01f5 5243435F 		.ascii	"RCC_TypeDef\000"
 1379      54797065 
 1379      44656600 
 1380              	.LASF21:
 1381 0201 41484245 		.ascii	"AHBENR\000"
 1381      4E5200
 1382              	.LASF30:
 1383 0208 4D4F4445 		.ascii	"MODER\000"
 1383      5200
 1384              	.LASF19:
 1385 020e 41504232 		.ascii	"APB2RSTR\000"
 1385      52535452 
 1385      00
 1386              	.LASF29:
 1387 0217 636C6561 		.ascii	"clear\000"
 1387      7200
 1388              	.LASF55:
 1389 021d 696F706F 		.ascii	"ioportid_t\000"
 1389      72746964 
 1389      5F7400
 1390              	.LASF2:
 1391 0228 756E7369 		.ascii	"unsigned char\000"
 1391      676E6564 
 1391      20636861 
ARM GAS  /tmp/cciRX5od.s 			page 27


 1391      7200
 1392              	.LASF22:
 1393 0236 41504232 		.ascii	"APB2ENR\000"
 1393      454E5200 
 1394              	.LASF1:
 1395 023e 7369676E 		.ascii	"signed char\000"
 1395      65642063 
 1395      68617200 
 1396              	.LASF11:
 1397 024a 6C6F6E67 		.ascii	"long long unsigned int\000"
 1397      206C6F6E 
 1397      6720756E 
 1397      7369676E 
 1397      65642069 
 1398              	.LASF14:
 1399 0261 75696E74 		.ascii	"uint32_t\000"
 1399      33325F74 
 1399      00
 1400              	.LASF40:
 1401 026a 6F747970 		.ascii	"otyper\000"
 1401      657200
 1402              	.LASF26:
 1403 0271 43464752 		.ascii	"CFGR2\000"
 1403      3200
 1404              	.LASF27:
 1405 0277 43464752 		.ascii	"CFGR3\000"
 1405      3300
 1406              	.LASF37:
 1407 027d 41465248 		.ascii	"AFRH\000"
 1407      00
 1408              	.LASF36:
 1409 0282 4146524C 		.ascii	"AFRL\000"
 1409      00
 1410              	.LASF4:
 1411 0287 73686F72 		.ascii	"short unsigned int\000"
 1411      7420756E 
 1411      7369676E 
 1411      65642069 
 1411      6E7400
 1412              	.LASF17:
 1413 029a 63686172 		.ascii	"char\000"
 1413      00
 1414              	.LASF12:
 1415 029f 75696E74 		.ascii	"uint16_t\000"
 1415      31365F74 
 1415      00
 1416              	.LASF13:
 1417 02a8 696E7433 		.ascii	"int32_t\000"
 1417      325F7400 
 1418              	.LASF6:
 1419 02b0 5F5F696E 		.ascii	"__int32_t\000"
 1419      7433325F 
 1419      7400
 1420              	.LASF52:
 1421 02ba 50414C43 		.ascii	"PALConfig\000"
 1421      6F6E6669 
 1421      6700
ARM GAS  /tmp/cciRX5od.s 			page 28


 1422              	.LASF15:
 1423 02c4 5F426F6F 		.ascii	"_Bool\000"
 1423      6C00
 1424              	.LASF62:
 1425 02ca 6D6F6465 		.ascii	"mode\000"
 1425      00
 1426              	.LASF60:
 1427 02cf 706F7274 		.ascii	"port\000"
 1427      00
 1428              	.LASF50:
 1429 02d4 50454461 		.ascii	"PEData\000"
 1429      746100
 1430              	.LASF63:
 1431 02db 616C7472 		.ascii	"altr\000"
 1431      00
 1432              	.LASF32:
 1433 02e0 4F535045 		.ascii	"OSPEEDR\000"
 1433      45445200 
 1434              	.LASF9:
 1435 02e8 6C6F6E67 		.ascii	"long unsigned int\000"
 1435      20756E73 
 1435      69676E65 
 1435      6420696E 
 1435      7400
 1436              	.LASF61:
 1437 02fa 6D61736B 		.ascii	"mask\000"
 1437      00
 1438              	.LASF42:
 1439 02ff 70757064 		.ascii	"pupdr\000"
 1439      7200
 1440              	.LASF66:
 1441 0305 2F686F6D 		.ascii	"/home/dave/r2p-sdk/core/ChibiOS/os/hal/platforms/ST"
 1441      652F6461 
 1441      76652F72 
 1441      32702D73 
 1441      646B2F63 
 1442 0338 4D33322F 		.ascii	"M32/GPIOv2/pal_lld.c\000"
 1442      4750494F 
 1442      76322F70 
 1442      616C5F6C 
 1442      6C642E63 
 1443              	.LASF44:
 1444 034d 61667268 		.ascii	"afrh\000"
 1444      00
 1445              	.LASF43:
 1446 0352 6166726C 		.ascii	"afrl\000"
 1446      00
 1447              	.LASF39:
 1448 0357 6D6F6465 		.ascii	"moder\000"
 1448      7200
 1449              	.LASF68:
 1450 035d 49544D5F 		.ascii	"ITM_RxBuffer\000"
 1450      52784275 
 1450      66666572 
 1450      00
 1451              	.LASF64:
 1452 036a 616C7472 		.ascii	"altrmask\000"
ARM GAS  /tmp/cciRX5od.s 			page 29


 1452      6D61736B 
 1452      00
 1453              	.LASF0:
 1454 0373 756E7369 		.ascii	"unsigned int\000"
 1454      676E6564 
 1454      20696E74 
 1454      00
 1455              	.LASF18:
 1456 0380 43464752 		.ascii	"CFGR\000"
 1456      00
 1457              	.LASF35:
 1458 0385 4C434B52 		.ascii	"LCKR\000"
 1458      00
 1459              	.LASF34:
 1460 038a 42535252 		.ascii	"BSRR\000"
 1460      00
 1461              		.ident	"GCC: (4.8.4-1+11-1) 4.8.4 20141219 (release)"
ARM GAS  /tmp/cciRX5od.s 			page 30


DEFINED SYMBOLS
                            *ABS*:0000000000000000 pal_lld.c
     /tmp/cciRX5od.s:21     .text.initgpio:0000000000000000 $t
     /tmp/cciRX5od.s:26     .text.initgpio:0000000000000000 initgpio
     /tmp/cciRX5od.s:81     .text._pal_lld_init:0000000000000000 $t
     /tmp/cciRX5od.s:87     .text._pal_lld_init:0000000000000000 _pal_lld_init
     /tmp/cciRX5od.s:147    .text._pal_lld_init:0000000000000060 $d
     /tmp/cciRX5od.s:157    .text._pal_lld_setgroupmode:0000000000000000 $t
     /tmp/cciRX5od.s:163    .text._pal_lld_setgroupmode:0000000000000000 _pal_lld_setgroupmode
                     .debug_frame:0000000000000010 $d
     /tmp/cciRX5od.s:156    .text._pal_lld_init:0000000000000078 $t

NO UNDEFINED SYMBOLS
