ARM GAS  /tmp/cchiKlBg.s 			page 1


   1              		.syntax unified
   2              		.cpu cortex-m4
   3              		.eabi_attribute 27, 3
   4              		.eabi_attribute 28, 1
   5              		.fpu fpv4-sp-d16
   6              		.eabi_attribute 20, 1
   7              		.eabi_attribute 21, 1
   8              		.eabi_attribute 23, 3
   9              		.eabi_attribute 24, 1
  10              		.eabi_attribute 25, 1
  11              		.eabi_attribute 26, 1
  12              		.eabi_attribute 30, 6
  13              		.eabi_attribute 34, 1
  14              		.eabi_attribute 18, 4
  15              		.thumb
  16              		.file	"SimplePool_.cpp"
  17              		.text
  18              	.Ltext0:
  19              		.cfi_sections	.debug_frame
  20              		.section	.text._ZN3r2p10UncopyableC2Ev,"axG",%progbits,_ZN3r2p10UncopyableC5Ev,comdat
  21              		.align	2
  22              		.p2align 4,,15
  23              		.weak	_ZN3r2p10UncopyableC2Ev
  24              		.thumb
  25              		.thumb_func
  26              		.type	_ZN3r2p10UncopyableC2Ev, %function
  27              	_ZN3r2p10UncopyableC2Ev:
  28              	.LFB6:
  29              		.file 1 "/home/dave/r2p-sdk/core/Middleware/include/r2p/Uncopyable.hpp"
  30              		.loc 1 20 0
  31              		.cfi_startproc
  32              		@ args = 0, pretend = 0, frame = 8
  33              		@ frame_needed = 0, uses_anonymous_args = 0
  34              		@ link register save eliminated.
  35 0000 82B0     		sub	sp, sp, #8
  36              		.cfi_def_cfa_offset 8
  37 0002 0190     		str	r0, [sp, #4]
  38              		.loc 1 20 0
  39 0004 019B     		ldr	r3, [sp, #4]
  40 0006 1846     		mov	r0, r3
  41 0008 02B0     		add	sp, sp, #8
  42              		@ sp needed
  43 000a 7047     		bx	lr
  44              		.cfi_endproc
  45              	.LFE6:
  46              		.size	_ZN3r2p10UncopyableC2Ev, .-_ZN3r2p10UncopyableC2Ev
  47              		.weak	_ZN3r2p10UncopyableC1Ev
  48              		.thumb_set _ZN3r2p10UncopyableC1Ev,_ZN3r2p10UncopyableC2Ev
  49 000c AFF30080 		.section	.text._ZN3r2p8SysLock_7acquireEv,"axG",%progbits,_ZN3r2p8SysLock_7acquireEv,comdat
  50              		.align	2
  51              		.p2align 4,,15
  52              		.weak	_ZN3r2p8SysLock_7acquireEv
  53              		.thumb
  54              		.thumb_func
  55              		.type	_ZN3r2p8SysLock_7acquireEv, %function
  56              	_ZN3r2p8SysLock_7acquireEv:
  57              	.LFB18:
ARM GAS  /tmp/cchiKlBg.s 			page 2


  58              		.file 2 "/home/dave/r2p-sdk/core/Middleware/port/chibios/include/r2p/impl/SysLock_.hpp"
  59              		.loc 2 20 0
  60              		.cfi_startproc
  61              		@ args = 0, pretend = 0, frame = 0
  62              		@ frame_needed = 0, uses_anonymous_args = 0
  63 0000 08B5     		push	{r3, lr}
  64              		.cfi_def_cfa_offset 8
  65              		.cfi_offset 3, -8
  66              		.cfi_offset 14, -4
  67              	.LBB2:
  68              	.LBB3:
  69              	.LBB4:
  70              		.loc 2 22 0
  71 0002 2023     		movs	r3, #32
  72              	@ 22 "/home/dave/r2p-sdk/core/Middleware/port/chibios/include/r2p/impl/SysLock_.hpp" 1
  73 0004 83F31188 		msr     BASEPRI, r3
  74              	@ 0 "" 2
  75              		.thumb
  76              	.LBE4:
  77 0008 FFF7FEFF 		bl	dbg_check_lock
  78              	.LBE3:
  79              	.LBE2:
  80              		.loc 2 23 0
  81 000c 08BD     		pop	{r3, pc}
  82              		.cfi_endproc
  83              	.LFE18:
  84              		.size	_ZN3r2p8SysLock_7acquireEv, .-_ZN3r2p8SysLock_7acquireEv
  85 000e 00BF     		.section	.text._ZN3r2p8SysLock_7releaseEv,"axG",%progbits,_ZN3r2p8SysLock_7releaseEv,comdat
  86              		.align	2
  87              		.p2align 4,,15
  88              		.weak	_ZN3r2p8SysLock_7releaseEv
  89              		.thumb
  90              		.thumb_func
  91              		.type	_ZN3r2p8SysLock_7releaseEv, %function
  92              	_ZN3r2p8SysLock_7releaseEv:
  93              	.LFB19:
  94              		.loc 2 27 0
  95              		.cfi_startproc
  96              		@ args = 0, pretend = 0, frame = 0
  97              		@ frame_needed = 0, uses_anonymous_args = 0
  98 0000 08B5     		push	{r3, lr}
  99              		.cfi_def_cfa_offset 8
 100              		.cfi_offset 3, -8
 101              		.cfi_offset 14, -4
 102              	.LBB5:
 103              	.LBB6:
 104              		.loc 2 29 0
 105 0002 FFF7FEFF 		bl	dbg_check_unlock
 106              	.LBB7:
 107 0006 0023     		movs	r3, #0
 108              	@ 29 "/home/dave/r2p-sdk/core/Middleware/port/chibios/include/r2p/impl/SysLock_.hpp" 1
 109 0008 83F31188 		msr     BASEPRI, r3
 110              	@ 0 "" 2
 111              		.thumb
 112              	.LBE7:
 113              	.LBE6:
 114              	.LBE5:
ARM GAS  /tmp/cchiKlBg.s 			page 3


 115              		.loc 2 30 0
 116 000c 08BD     		pop	{r3, pc}
 117              		.cfi_endproc
 118              	.LFE19:
 119              		.size	_ZN3r2p8SysLock_7releaseEv, .-_ZN3r2p8SysLock_7releaseEv
 120 000e 00BF     		.section	.text._ZN3r2p7SysLock7acquireEv,"axG",%progbits,_ZN3r2p7SysLock7acquireEv,comdat
 121              		.align	2
 122              		.p2align 4,,15
 123              		.weak	_ZN3r2p7SysLock7acquireEv
 124              		.thumb
 125              		.thumb_func
 126              		.type	_ZN3r2p7SysLock7acquireEv, %function
 127              	_ZN3r2p7SysLock7acquireEv:
 128              	.LFB26:
 129              		.file 3 "/home/dave/r2p-sdk/core/Middleware/include/r2p/SysLock.hpp"
 130              		.loc 3 27 0
 131              		.cfi_startproc
 132              		@ args = 0, pretend = 0, frame = 0
 133              		@ frame_needed = 0, uses_anonymous_args = 0
 134 0000 08B5     		push	{r3, lr}
 135              		.cfi_def_cfa_offset 8
 136              		.cfi_offset 3, -8
 137              		.cfi_offset 14, -4
 138              		.loc 3 29 0
 139 0002 FFF7FEFF 		bl	_ZN3r2p8SysLock_7acquireEv
 140              		.loc 3 30 0
 141 0006 08BD     		pop	{r3, pc}
 142              		.cfi_endproc
 143              	.LFE26:
 144              		.size	_ZN3r2p7SysLock7acquireEv, .-_ZN3r2p7SysLock7acquireEv
 145 0008 AFF30080 		.section	.text._ZN3r2p7SysLock7releaseEv,"axG",%progbits,_ZN3r2p7SysLock7releaseEv,comdat
 145      AFF30080 
 146              		.align	2
 147              		.p2align 4,,15
 148              		.weak	_ZN3r2p7SysLock7releaseEv
 149              		.thumb
 150              		.thumb_func
 151              		.type	_ZN3r2p7SysLock7releaseEv, %function
 152              	_ZN3r2p7SysLock7releaseEv:
 153              	.LFB27:
 154              		.loc 3 34 0
 155              		.cfi_startproc
 156              		@ args = 0, pretend = 0, frame = 0
 157              		@ frame_needed = 0, uses_anonymous_args = 0
 158 0000 08B5     		push	{r3, lr}
 159              		.cfi_def_cfa_offset 8
 160              		.cfi_offset 3, -8
 161              		.cfi_offset 14, -4
 162              		.loc 3 36 0
 163 0002 FFF7FEFF 		bl	_ZN3r2p8SysLock_7releaseEv
 164              		.loc 3 37 0
 165 0006 08BD     		pop	{r3, pc}
 166              		.cfi_endproc
 167              	.LFE27:
 168              		.size	_ZN3r2p7SysLock7releaseEv, .-_ZN3r2p7SysLock7releaseEv
 169 0008 AFF30080 		.section	.text._ZN3r2p11SimplePool_12alloc_unsafeEv,"ax",%progbits
 169      AFF30080 
ARM GAS  /tmp/cchiKlBg.s 			page 4


 170              		.align	2
 171              		.p2align 4,,15
 172              		.global	_ZN3r2p11SimplePool_12alloc_unsafeEv
 173              		.thumb
 174              		.thumb_func
 175              		.type	_ZN3r2p11SimplePool_12alloc_unsafeEv, %function
 176              	_ZN3r2p11SimplePool_12alloc_unsafeEv:
 177              	.LFB36:
 178              		.file 4 "/home/dave/r2p-sdk/core/Middleware/src/impl/SimplePool_.cpp"
 179              		.loc 4 7 0
 180              		.cfi_startproc
 181              		@ args = 0, pretend = 0, frame = 16
 182              		@ frame_needed = 0, uses_anonymous_args = 0
 183              		@ link register save eliminated.
 184 0000 84B0     		sub	sp, sp, #16
 185              		.cfi_def_cfa_offset 16
 186 0002 0190     		str	r0, [sp, #4]
 187              	.LBB8:
 188              	.LBB9:
 189              		.loc 4 9 0
 190 0004 019B     		ldr	r3, [sp, #4]
 191 0006 1B68     		ldr	r3, [r3]
 192 0008 002B     		cmp	r3, #0
 193 000a 09D0     		beq	.L9
 194              	.LBB10:
 195              		.loc 4 10 0
 196 000c 019B     		ldr	r3, [sp, #4]
 197 000e 1B68     		ldr	r3, [r3]
 198 0010 0393     		str	r3, [sp, #12]
 199              		.loc 4 11 0
 200 0012 019B     		ldr	r3, [sp, #4]
 201 0014 1B68     		ldr	r3, [r3]
 202 0016 1A68     		ldr	r2, [r3]
 203 0018 019B     		ldr	r3, [sp, #4]
 204 001a 1A60     		str	r2, [r3]
 205              		.loc 4 12 0
 206 001c 039B     		ldr	r3, [sp, #12]
 207 001e 00E0     		b	.L10
 208              	.L9:
 209              	.LBE10:
 210              	.LBE9:
 211              		.loc 4 14 0
 212 0020 0023     		movs	r3, #0
 213              	.L10:
 214              	.LBE8:
 215              		.loc 4 15 0
 216 0022 1846     		mov	r0, r3
 217 0024 04B0     		add	sp, sp, #16
 218              		@ sp needed
 219 0026 7047     		bx	lr
 220              		.cfi_endproc
 221              	.LFE36:
 222              		.size	_ZN3r2p11SimplePool_12alloc_unsafeEv, .-_ZN3r2p11SimplePool_12alloc_unsafeEv
 223 0028 AFF30080 		.section	.text._ZN3r2p11SimplePool_11free_unsafeEPv,"ax",%progbits
 223      AFF30080 
 224              		.align	2
 225              		.p2align 4,,15
ARM GAS  /tmp/cchiKlBg.s 			page 5


 226              		.global	_ZN3r2p11SimplePool_11free_unsafeEPv
 227              		.thumb
 228              		.thumb_func
 229              		.type	_ZN3r2p11SimplePool_11free_unsafeEPv, %function
 230              	_ZN3r2p11SimplePool_11free_unsafeEPv:
 231              	.LFB37:
 232              		.loc 4 18 0
 233              		.cfi_startproc
 234              		@ args = 0, pretend = 0, frame = 8
 235              		@ frame_needed = 0, uses_anonymous_args = 0
 236              		@ link register save eliminated.
 237 0000 82B0     		sub	sp, sp, #8
 238              		.cfi_def_cfa_offset 8
 239 0002 0190     		str	r0, [sp, #4]
 240 0004 0091     		str	r1, [sp]
 241              		.loc 4 20 0
 242 0006 009B     		ldr	r3, [sp]
 243 0008 002B     		cmp	r3, #0
 244 000a 06D0     		beq	.L11
 245              		.loc 4 21 0
 246 000c 019B     		ldr	r3, [sp, #4]
 247 000e 1A68     		ldr	r2, [r3]
 248 0010 009B     		ldr	r3, [sp]
 249 0012 1A60     		str	r2, [r3]
 250              		.loc 4 22 0
 251 0014 019B     		ldr	r3, [sp, #4]
 252 0016 009A     		ldr	r2, [sp]
 253 0018 1A60     		str	r2, [r3]
 254              	.L11:
 255              		.loc 4 24 0
 256 001a 02B0     		add	sp, sp, #8
 257              		@ sp needed
 258 001c 7047     		bx	lr
 259              		.cfi_endproc
 260              	.LFE37:
 261              		.size	_ZN3r2p11SimplePool_11free_unsafeEPv, .-_ZN3r2p11SimplePool_11free_unsafeEPv
 262 001e 00BF     		.section	.text._ZN3r2p11SimplePool_5allocEv,"ax",%progbits
 263              		.align	2
 264              		.p2align 4,,15
 265              		.global	_ZN3r2p11SimplePool_5allocEv
 266              		.thumb
 267              		.thumb_func
 268              		.type	_ZN3r2p11SimplePool_5allocEv, %function
 269              	_ZN3r2p11SimplePool_5allocEv:
 270              	.LFB38:
 271              		.loc 4 27 0
 272              		.cfi_startproc
 273              		@ args = 0, pretend = 0, frame = 16
 274              		@ frame_needed = 0, uses_anonymous_args = 0
 275 0000 00B5     		push	{lr}
 276              		.cfi_def_cfa_offset 4
 277              		.cfi_offset 14, -4
 278 0002 85B0     		sub	sp, sp, #20
 279              		.cfi_def_cfa_offset 24
 280 0004 0190     		str	r0, [sp, #4]
 281              	.LBB11:
 282              		.loc 4 29 0
ARM GAS  /tmp/cchiKlBg.s 			page 6


 283 0006 FFF7FEFF 		bl	_ZN3r2p7SysLock7acquireEv
 284              	.LBB12:
 285              		.loc 4 30 0
 286 000a 019B     		ldr	r3, [sp, #4]
 287 000c 1B68     		ldr	r3, [r3]
 288 000e 002B     		cmp	r3, #0
 289 0010 0BD0     		beq	.L14
 290              	.LBB13:
 291              		.loc 4 31 0
 292 0012 019B     		ldr	r3, [sp, #4]
 293 0014 1B68     		ldr	r3, [r3]
 294 0016 0393     		str	r3, [sp, #12]
 295              		.loc 4 32 0
 296 0018 019B     		ldr	r3, [sp, #4]
 297 001a 1B68     		ldr	r3, [r3]
 298 001c 1A68     		ldr	r2, [r3]
 299 001e 019B     		ldr	r3, [sp, #4]
 300 0020 1A60     		str	r2, [r3]
 301              		.loc 4 33 0
 302 0022 FFF7FEFF 		bl	_ZN3r2p7SysLock7releaseEv
 303              		.loc 4 34 0
 304 0026 039B     		ldr	r3, [sp, #12]
 305 0028 02E0     		b	.L15
 306              	.L14:
 307              	.LBE13:
 308              		.loc 4 36 0
 309 002a FFF7FEFF 		bl	_ZN3r2p7SysLock7releaseEv
 310              		.loc 4 37 0
 311 002e 0023     		movs	r3, #0
 312              	.L15:
 313              	.LBE12:
 314              	.LBE11:
 315              		.loc 4 39 0
 316 0030 1846     		mov	r0, r3
 317 0032 05B0     		add	sp, sp, #20
 318              		@ sp needed
 319 0034 5DF804FB 		ldr	pc, [sp], #4
 320              		.cfi_endproc
 321              	.LFE38:
 322              		.size	_ZN3r2p11SimplePool_5allocEv, .-_ZN3r2p11SimplePool_5allocEv
 323 0038 AFF30080 		.section	.text._ZN3r2p11SimplePool_4freeEPv,"ax",%progbits
 323      AFF30080 
 324              		.align	2
 325              		.p2align 4,,15
 326              		.global	_ZN3r2p11SimplePool_4freeEPv
 327              		.thumb
 328              		.thumb_func
 329              		.type	_ZN3r2p11SimplePool_4freeEPv, %function
 330              	_ZN3r2p11SimplePool_4freeEPv:
 331              	.LFB39:
 332              		.loc 4 42 0
 333              		.cfi_startproc
 334              		@ args = 0, pretend = 0, frame = 8
 335              		@ frame_needed = 0, uses_anonymous_args = 0
 336 0000 00B5     		push	{lr}
 337              		.cfi_def_cfa_offset 4
 338              		.cfi_offset 14, -4
ARM GAS  /tmp/cchiKlBg.s 			page 7


 339 0002 83B0     		sub	sp, sp, #12
 340              		.cfi_def_cfa_offset 16
 341 0004 0190     		str	r0, [sp, #4]
 342 0006 0091     		str	r1, [sp]
 343              		.loc 4 44 0
 344 0008 009B     		ldr	r3, [sp]
 345 000a 002B     		cmp	r3, #0
 346 000c 0AD0     		beq	.L16
 347              		.loc 4 45 0
 348 000e FFF7FEFF 		bl	_ZN3r2p7SysLock7acquireEv
 349              		.loc 4 46 0
 350 0012 019B     		ldr	r3, [sp, #4]
 351 0014 1A68     		ldr	r2, [r3]
 352 0016 009B     		ldr	r3, [sp]
 353 0018 1A60     		str	r2, [r3]
 354              		.loc 4 47 0
 355 001a 019B     		ldr	r3, [sp, #4]
 356 001c 009A     		ldr	r2, [sp]
 357 001e 1A60     		str	r2, [r3]
 358              		.loc 4 48 0
 359 0020 FFF7FEFF 		bl	_ZN3r2p7SysLock7releaseEv
 360              	.L16:
 361              		.loc 4 50 0
 362 0024 03B0     		add	sp, sp, #12
 363              		@ sp needed
 364 0026 5DF804FB 		ldr	pc, [sp], #4
 365              		.cfi_endproc
 366              	.LFE39:
 367              		.size	_ZN3r2p11SimplePool_4freeEPv, .-_ZN3r2p11SimplePool_4freeEPv
 368 002a 00BFAFF3 		.section	.rodata
 368      0080
 369              		.align	2
 370              	.LC0:
 371 0000 5232505F 		.ascii	"R2P_ASSERT()\000"
 371      41535345 
 371      52542829 
 371      00
 372 000d 000000   		.section	.text._ZN3r2p11SimplePool_4growEPvjj,"ax",%progbits
 373              		.align	2
 374              		.p2align 4,,15
 375              		.global	_ZN3r2p11SimplePool_4growEPvjj
 376              		.thumb
 377              		.thumb_func
 378              		.type	_ZN3r2p11SimplePool_4growEPvjj, %function
 379              	_ZN3r2p11SimplePool_4growEPvjj:
 380              	.LFB40:
 381              		.loc 4 53 0
 382              		.cfi_startproc
 383              		@ args = 0, pretend = 0, frame = 24
 384              		@ frame_needed = 0, uses_anonymous_args = 0
 385 0000 00B5     		push	{lr}
 386              		.cfi_def_cfa_offset 4
 387              		.cfi_offset 14, -4
 388 0002 87B0     		sub	sp, sp, #28
 389              		.cfi_def_cfa_offset 32
 390 0004 0390     		str	r0, [sp, #12]
 391 0006 0291     		str	r1, [sp, #8]
ARM GAS  /tmp/cchiKlBg.s 			page 8


 392 0008 0192     		str	r2, [sp, #4]
 393 000a 0093     		str	r3, [sp]
 394              	.LBB14:
 395              		.loc 4 55 0
 396 000c 029B     		ldr	r3, [sp, #8]
 397 000e 002B     		cmp	r3, #0
 398 0010 02D1     		bne	.L19
 399              		.loc 4 55 0 is_stmt 0 discriminator 1
 400 0012 1348     		ldr	r0, .L24
 401 0014 FFF7FEFF 		bl	chDbgPanic
 402              	.L19:
 403              		.loc 4 56 0 is_stmt 1
 404 0018 019B     		ldr	r3, [sp, #4]
 405 001a 002B     		cmp	r3, #0
 406 001c 02D1     		bne	.L20
 407              		.loc 4 56 0 is_stmt 0 discriminator 1
 408 001e 1048     		ldr	r0, .L24
 409 0020 FFF7FEFF 		bl	chDbgPanic
 410              	.L20:
 411              		.loc 4 57 0 is_stmt 1
 412 0024 009B     		ldr	r3, [sp]
 413 0026 042B     		cmp	r3, #4
 414 0028 02D2     		bcs	.L21
 415              		.loc 4 57 0 is_stmt 0 discriminator 1
 416 002a 0D48     		ldr	r0, .L24
 417 002c FFF7FEFF 		bl	chDbgPanic
 418              	.L21:
 419              	.LBB15:
 420              		.loc 4 59 0 is_stmt 1
 421 0030 029B     		ldr	r3, [sp, #8]
 422 0032 0593     		str	r3, [sp, #20]
 423 0034 07E0     		b	.L22
 424              	.L23:
 425              		.loc 4 61 0 discriminator 2
 426 0036 0398     		ldr	r0, [sp, #12]
 427 0038 0599     		ldr	r1, [sp, #20]
 428 003a FFF7FEFF 		bl	_ZN3r2p11SimplePool_4freeEPv
 429              		.loc 4 59 0 discriminator 2
 430 003e 059A     		ldr	r2, [sp, #20]
 431 0040 009B     		ldr	r3, [sp]
 432 0042 1344     		add	r3, r3, r2
 433 0044 0593     		str	r3, [sp, #20]
 434              	.L22:
 435              		.loc 4 60 0 discriminator 1
 436 0046 019B     		ldr	r3, [sp, #4]
 437 0048 5A1E     		subs	r2, r3, #1
 438 004a 0192     		str	r2, [sp, #4]
 439              		.loc 4 59 0 discriminator 1
 440 004c 002B     		cmp	r3, #0
 441 004e 0CBF     		ite	eq
 442 0050 0023     		moveq	r3, #0
 443 0052 0123     		movne	r3, #1
 444 0054 DBB2     		uxtb	r3, r3
 445 0056 002B     		cmp	r3, #0
 446 0058 EDD1     		bne	.L23
 447              	.LBE15:
 448              	.LBE14:
ARM GAS  /tmp/cchiKlBg.s 			page 9


 449              		.loc 4 63 0
 450 005a 07B0     		add	sp, sp, #28
 451              		@ sp needed
 452 005c 5DF804FB 		ldr	pc, [sp], #4
 453              	.L25:
 454              		.align	2
 455              	.L24:
 456 0060 00000000 		.word	.LC0
 457              		.cfi_endproc
 458              	.LFE40:
 459              		.size	_ZN3r2p11SimplePool_4growEPvjj, .-_ZN3r2p11SimplePool_4growEPvjj
 460 0064 AFF30080 		.section	.text._ZN3r2p11SimplePool_C2Ev,"ax",%progbits
 460      AFF30080 
 460      AFF30080 
 461              		.align	2
 462              		.p2align 4,,15
 463              		.global	_ZN3r2p11SimplePool_C2Ev
 464              		.thumb
 465              		.thumb_func
 466              		.type	_ZN3r2p11SimplePool_C2Ev, %function
 467              	_ZN3r2p11SimplePool_C2Ev:
 468              	.LFB42:
 469              		.loc 4 66 0
 470              		.cfi_startproc
 471              		@ args = 0, pretend = 0, frame = 8
 472              		@ frame_needed = 0, uses_anonymous_args = 0
 473 0000 00B5     		push	{lr}
 474              		.cfi_def_cfa_offset 4
 475              		.cfi_offset 14, -4
 476 0002 83B0     		sub	sp, sp, #12
 477              		.cfi_def_cfa_offset 16
 478 0004 0190     		str	r0, [sp, #4]
 479              	.LBB16:
 480              		.loc 4 68 0
 481 0006 0198     		ldr	r0, [sp, #4]
 482 0008 FFF7FEFF 		bl	_ZN3r2p10UncopyableC2Ev
 483 000c 019B     		ldr	r3, [sp, #4]
 484 000e 0022     		movs	r2, #0
 485 0010 1A60     		str	r2, [r3]
 486              	.LBE16:
 487              		.loc 4 69 0
 488 0012 019B     		ldr	r3, [sp, #4]
 489 0014 1846     		mov	r0, r3
 490 0016 03B0     		add	sp, sp, #12
 491              		@ sp needed
 492 0018 5DF804FB 		ldr	pc, [sp], #4
 493              		.cfi_endproc
 494              	.LFE42:
 495              		.size	_ZN3r2p11SimplePool_C2Ev, .-_ZN3r2p11SimplePool_C2Ev
 496              		.global	_ZN3r2p11SimplePool_C1Ev
 497              		.thumb_set _ZN3r2p11SimplePool_C1Ev,_ZN3r2p11SimplePool_C2Ev
 498 001c AFF30080 		.section	.text._ZN3r2p11SimplePool_C2EPvjj,"ax",%progbits
 499              		.align	2
 500              		.p2align 4,,15
 501              		.global	_ZN3r2p11SimplePool_C2EPvjj
 502              		.thumb
 503              		.thumb_func
ARM GAS  /tmp/cchiKlBg.s 			page 10


 504              		.type	_ZN3r2p11SimplePool_C2EPvjj, %function
 505              	_ZN3r2p11SimplePool_C2EPvjj:
 506              	.LFB45:
 507              		.loc 4 72 0
 508              		.cfi_startproc
 509              		@ args = 0, pretend = 0, frame = 16
 510              		@ frame_needed = 0, uses_anonymous_args = 0
 511 0000 00B5     		push	{lr}
 512              		.cfi_def_cfa_offset 4
 513              		.cfi_offset 14, -4
 514 0002 85B0     		sub	sp, sp, #20
 515              		.cfi_def_cfa_offset 24
 516 0004 0390     		str	r0, [sp, #12]
 517 0006 0291     		str	r1, [sp, #8]
 518 0008 0192     		str	r2, [sp, #4]
 519 000a 0093     		str	r3, [sp]
 520              	.LBB17:
 521              		.loc 4 74 0
 522 000c 0398     		ldr	r0, [sp, #12]
 523 000e FFF7FEFF 		bl	_ZN3r2p10UncopyableC2Ev
 524 0012 039B     		ldr	r3, [sp, #12]
 525 0014 0022     		movs	r2, #0
 526 0016 1A60     		str	r2, [r3]
 527              		.loc 4 76 0
 528 0018 0398     		ldr	r0, [sp, #12]
 529 001a 0299     		ldr	r1, [sp, #8]
 530 001c 019A     		ldr	r2, [sp, #4]
 531 001e 009B     		ldr	r3, [sp]
 532 0020 FFF7FEFF 		bl	_ZN3r2p11SimplePool_4growEPvjj
 533              	.LBE17:
 534              		.loc 4 77 0
 535 0024 039B     		ldr	r3, [sp, #12]
 536 0026 1846     		mov	r0, r3
 537 0028 05B0     		add	sp, sp, #20
 538              		@ sp needed
 539 002a 5DF804FB 		ldr	pc, [sp], #4
 540              		.cfi_endproc
 541              	.LFE45:
 542              		.size	_ZN3r2p11SimplePool_C2EPvjj, .-_ZN3r2p11SimplePool_C2EPvjj
 543              		.global	_ZN3r2p11SimplePool_C1EPvjj
 544              		.thumb_set _ZN3r2p11SimplePool_C1EPvjj,_ZN3r2p11SimplePool_C2EPvjj
 545 002e 00BF     		.text
 546              	.Letext0:
 547              		.file 5 "/usr/lib/gcc/arm-none-eabi/4.8/include/stddef.h"
 548              		.file 6 "/usr/include/newlib/machine/_default_types.h"
 549              		.file 7 "/usr/include/newlib/c++/4.8/cstring"
 550              		.file 8 "/usr/include/newlib/string.h"
 551              		.file 9 "<built-in>"
 552              		.file 10 "/home/dave/r2p-sdk/core/Middleware/include/r2p/impl/SimplePool_.hpp"
 553              		.file 11 "/usr/include/newlib/stdint.h"
 554              		.section	.debug_info,"",%progbits
 555              	.Ldebug_info0:
 556 0000 4C060000 		.4byte	0x64c
 557 0004 0400     		.2byte	0x4
 558 0006 00000000 		.4byte	.Ldebug_abbrev0
 559 000a 04       		.byte	0x4
 560 000b 01       		.uleb128 0x1
ARM GAS  /tmp/cchiKlBg.s 			page 11


 561 000c F7000000 		.4byte	.LASF53
 562 0010 04       		.byte	0x4
 563 0011 AF030000 		.4byte	.LASF54
 564 0015 53020000 		.4byte	.LASF55
 565 0019 00000000 		.4byte	.Ldebug_ranges0+0
 566 001d 00000000 		.4byte	0
 567 0021 00000000 		.4byte	.Ldebug_line0
 568 0025 02       		.uleb128 0x2
 569 0026 04       		.byte	0x4
 570 0027 05       		.byte	0x5
 571 0028 696E7400 		.ascii	"int\000"
 572 002c 03       		.uleb128 0x3
 573 002d 1B000000 		.4byte	.LASF2
 574 0031 05       		.byte	0x5
 575 0032 D4       		.byte	0xd4
 576 0033 37000000 		.4byte	0x37
 577 0037 04       		.uleb128 0x4
 578 0038 04       		.byte	0x4
 579 0039 07       		.byte	0x7
 580 003a AA020000 		.4byte	.LASF0
 581 003e 04       		.uleb128 0x4
 582 003f 01       		.byte	0x1
 583 0040 06       		.byte	0x6
 584 0041 C1000000 		.4byte	.LASF1
 585 0045 03       		.uleb128 0x3
 586 0046 11000000 		.4byte	.LASF3
 587 004a 06       		.byte	0x6
 588 004b 1D       		.byte	0x1d
 589 004c 50000000 		.4byte	0x50
 590 0050 04       		.uleb128 0x4
 591 0051 01       		.byte	0x1
 592 0052 08       		.byte	0x8
 593 0053 CD000000 		.4byte	.LASF4
 594 0057 04       		.uleb128 0x4
 595 0058 02       		.byte	0x2
 596 0059 05       		.byte	0x5
 597 005a 41020000 		.4byte	.LASF5
 598 005e 04       		.uleb128 0x4
 599 005f 02       		.byte	0x2
 600 0060 07       		.byte	0x7
 601 0061 1A020000 		.4byte	.LASF6
 602 0065 04       		.uleb128 0x4
 603 0066 04       		.byte	0x4
 604 0067 05       		.byte	0x5
 605 0068 7F000000 		.4byte	.LASF7
 606 006c 03       		.uleb128 0x3
 607 006d 2D020000 		.4byte	.LASF8
 608 0071 06       		.byte	0x6
 609 0072 41       		.byte	0x41
 610 0073 77000000 		.4byte	0x77
 611 0077 04       		.uleb128 0x4
 612 0078 04       		.byte	0x4
 613 0079 07       		.byte	0x7
 614 007a E5000000 		.4byte	.LASF9
 615 007e 04       		.uleb128 0x4
 616 007f 08       		.byte	0x8
 617 0080 05       		.byte	0x5
ARM GAS  /tmp/cchiKlBg.s 			page 12


 618 0081 20030000 		.4byte	.LASF10
 619 0085 04       		.uleb128 0x4
 620 0086 08       		.byte	0x8
 621 0087 07       		.byte	0x7
 622 0088 BF020000 		.4byte	.LASF11
 623 008c 04       		.uleb128 0x4
 624 008d 04       		.byte	0x4
 625 008e 07       		.byte	0x7
 626 008f 12030000 		.4byte	.LASF12
 627 0093 05       		.uleb128 0x5
 628 0094 04       		.byte	0x4
 629 0095 06       		.uleb128 0x6
 630 0096 04       		.byte	0x4
 631 0097 9B000000 		.4byte	0x9b
 632 009b 04       		.uleb128 0x4
 633 009c 01       		.byte	0x1
 634 009d 08       		.byte	0x8
 635 009e 49030000 		.4byte	.LASF13
 636 00a2 06       		.uleb128 0x6
 637 00a3 04       		.byte	0x4
 638 00a4 A8000000 		.4byte	0xa8
 639 00a8 07       		.uleb128 0x7
 640 00a9 9B000000 		.4byte	0x9b
 641 00ad 08       		.uleb128 0x8
 642 00ae 73746400 		.ascii	"std\000"
 643 00b2 09       		.byte	0x9
 644 00b3 00       		.byte	0
 645 00b4 D5000000 		.4byte	0xd5
 646 00b8 09       		.uleb128 0x9
 647 00b9 07       		.byte	0x7
 648 00ba 52       		.byte	0x52
 649 00bb D5000000 		.4byte	0xd5
 650 00bf 09       		.uleb128 0x9
 651 00c0 07       		.byte	0x7
 652 00c1 55       		.byte	0x55
 653 00c2 EF000000 		.4byte	0xef
 654 00c6 09       		.uleb128 0x9
 655 00c7 07       		.byte	0x7
 656 00c8 5B       		.byte	0x5b
 657 00c9 04010000 		.4byte	0x104
 658 00cd 09       		.uleb128 0x9
 659 00ce 07       		.byte	0x7
 660 00cf 5C       		.byte	0x5c
 661 00d0 1E010000 		.4byte	0x11e
 662 00d4 00       		.byte	0
 663 00d5 0A       		.uleb128 0xa
 664 00d6 09000000 		.4byte	.LASF14
 665 00da 08       		.byte	0x8
 666 00db 1D       		.byte	0x1d
 667 00dc 25000000 		.4byte	0x25
 668 00e0 EF000000 		.4byte	0xef
 669 00e4 0B       		.uleb128 0xb
 670 00e5 A2000000 		.4byte	0xa2
 671 00e9 0B       		.uleb128 0xb
 672 00ea A2000000 		.4byte	0xa2
 673 00ee 00       		.byte	0
 674 00ef 0A       		.uleb128 0xa
ARM GAS  /tmp/cchiKlBg.s 			page 13


 675 00f0 A6030000 		.4byte	.LASF15
 676 00f4 08       		.byte	0x8
 677 00f5 20       		.byte	0x20
 678 00f6 95000000 		.4byte	0x95
 679 00fa 04010000 		.4byte	0x104
 680 00fe 0B       		.uleb128 0xb
 681 00ff 25000000 		.4byte	0x25
 682 0103 00       		.byte	0
 683 0104 0A       		.uleb128 0xa
 684 0105 21040000 		.4byte	.LASF16
 685 0109 08       		.byte	0x8
 686 010a 2B       		.byte	0x2b
 687 010b 95000000 		.4byte	0x95
 688 010f 1E010000 		.4byte	0x11e
 689 0113 0B       		.uleb128 0xb
 690 0114 95000000 		.4byte	0x95
 691 0118 0B       		.uleb128 0xb
 692 0119 A2000000 		.4byte	0xa2
 693 011d 00       		.byte	0
 694 011e 0A       		.uleb128 0xa
 695 011f 7D020000 		.4byte	.LASF17
 696 0123 08       		.byte	0x8
 697 0124 2E       		.byte	0x2e
 698 0125 2C000000 		.4byte	0x2c
 699 0129 3D010000 		.4byte	0x13d
 700 012d 0B       		.uleb128 0xb
 701 012e 95000000 		.4byte	0x95
 702 0132 0B       		.uleb128 0xb
 703 0133 A2000000 		.4byte	0xa2
 704 0137 0B       		.uleb128 0xb
 705 0138 2C000000 		.4byte	0x2c
 706 013c 00       		.byte	0
 707 013d 08       		.uleb128 0x8
 708 013e 72327000 		.ascii	"r2p\000"
 709 0142 01       		.byte	0x1
 710 0143 03       		.byte	0x3
 711 0144 4D030000 		.4byte	0x34d
 712 0148 0C       		.uleb128 0xc
 713 0149 72020000 		.4byte	.LASF18
 714 014d 01       		.byte	0x1
 715 014e 01       		.byte	0x1
 716 014f 06       		.byte	0x6
 717 0150 A8010000 		.4byte	0x1a8
 718 0154 0D       		.uleb128 0xd
 719 0155 72020000 		.4byte	.LASF18
 720 0159 01       		.byte	0x1
 721 015a 09       		.byte	0x9
 722 015b 4D030000 		.4byte	0x34d
 723 015f 67010000 		.4byte	0x167
 724 0163 72010000 		.4byte	0x172
 725 0167 0E       		.uleb128 0xe
 726 0168 4D030000 		.4byte	0x34d
 727 016c 0B       		.uleb128 0xb
 728 016d 53030000 		.4byte	0x353
 729 0171 00       		.byte	0
 730 0172 0F       		.uleb128 0xf
 731 0173 72020000 		.4byte	.LASF18
ARM GAS  /tmp/cchiKlBg.s 			page 14


 732 0177 01       		.byte	0x1
 733 0178 14       		.byte	0x14
 734 0179 4D030000 		.4byte	0x34d
 735 017d 02       		.byte	0x2
 736 017e 86010000 		.4byte	0x186
 737 0182 8C010000 		.4byte	0x18c
 738 0186 0E       		.uleb128 0xe
 739 0187 4D030000 		.4byte	0x34d
 740 018b 00       		.byte	0
 741 018c 10       		.uleb128 0x10
 742 018d 73000000 		.4byte	.LASF19
 743 0191 01       		.byte	0x1
 744 0192 15       		.byte	0x15
 745 0193 93000000 		.4byte	0x93
 746 0197 02       		.byte	0x2
 747 0198 9C010000 		.4byte	0x19c
 748 019c 0E       		.uleb128 0xe
 749 019d 4D030000 		.4byte	0x34d
 750 01a1 0E       		.uleb128 0xe
 751 01a2 25000000 		.4byte	0x25
 752 01a6 00       		.byte	0
 753 01a7 00       		.byte	0
 754 01a8 07       		.uleb128 0x7
 755 01a9 48010000 		.4byte	0x148
 756 01ad 0C       		.uleb128 0xc
 757 01ae 38020000 		.4byte	.LASF20
 758 01b2 01       		.byte	0x1
 759 01b3 02       		.byte	0x2
 760 01b4 09       		.byte	0x9
 761 01b5 F1010000 		.4byte	0x1f1
 762 01b9 11       		.uleb128 0x11
 763 01ba 48010000 		.4byte	0x148
 764 01be 00       		.byte	0
 765 01bf 0D       		.uleb128 0xd
 766 01c0 38020000 		.4byte	.LASF20
 767 01c4 02       		.byte	0x2
 768 01c5 0B       		.byte	0xb
 769 01c6 7C030000 		.4byte	0x37c
 770 01ca D2010000 		.4byte	0x1d2
 771 01ce D8010000 		.4byte	0x1d8
 772 01d2 0E       		.uleb128 0xe
 773 01d3 7C030000 		.4byte	0x37c
 774 01d7 00       		.byte	0
 775 01d8 12       		.uleb128 0x12
 776 01d9 B7020000 		.4byte	.LASF21
 777 01dd 02       		.byte	0x2
 778 01de 0E       		.byte	0xe
 779 01df 5A030000 		.4byte	.LASF23
 780 01e3 01       		.byte	0x1
 781 01e4 12       		.uleb128 0x12
 782 01e5 61040000 		.4byte	.LASF22
 783 01e9 02       		.byte	0x2
 784 01ea 0F       		.byte	0xf
 785 01eb 2E030000 		.4byte	.LASF24
 786 01ef 01       		.byte	0x1
 787 01f0 00       		.byte	0
 788 01f1 0C       		.uleb128 0xc
ARM GAS  /tmp/cchiKlBg.s 			page 15


 789 01f2 4B020000 		.4byte	.LASF25
 790 01f6 01       		.byte	0x1
 791 01f7 03       		.byte	0x3
 792 01f8 09       		.byte	0x9
 793 01f9 35020000 		.4byte	0x235
 794 01fd 11       		.uleb128 0x11
 795 01fe 48010000 		.4byte	0x148
 796 0202 00       		.byte	0
 797 0203 0D       		.uleb128 0xd
 798 0204 4B020000 		.4byte	.LASF25
 799 0208 03       		.byte	0x3
 800 0209 12       		.byte	0x12
 801 020a 82030000 		.4byte	0x382
 802 020e 16020000 		.4byte	0x216
 803 0212 1C020000 		.4byte	0x21c
 804 0216 0E       		.uleb128 0xe
 805 0217 82030000 		.4byte	0x382
 806 021b 00       		.byte	0
 807 021c 12       		.uleb128 0x12
 808 021d B7020000 		.4byte	.LASF21
 809 0221 03       		.byte	0x3
 810 0222 15       		.byte	0x15
 811 0223 EB030000 		.4byte	.LASF26
 812 0227 01       		.byte	0x1
 813 0228 12       		.uleb128 0x12
 814 0229 61040000 		.4byte	.LASF22
 815 022d 03       		.byte	0x3
 816 022e 16       		.byte	0x16
 817 022f 33000000 		.4byte	.LASF27
 818 0233 01       		.byte	0x1
 819 0234 00       		.byte	0
 820 0235 13       		.uleb128 0x13
 821 0236 4E030000 		.4byte	.LASF40
 822 023a 04       		.byte	0x4
 823 023b 0A       		.byte	0xa
 824 023c 08       		.byte	0x8
 825 023d 14       		.uleb128 0x14
 826 023e 4D040000 		.4byte	.LASF56
 827 0242 04       		.byte	0x4
 828 0243 0A       		.byte	0xa
 829 0244 0A       		.byte	0xa
 830 0245 01       		.byte	0x1
 831 0246 57020000 		.4byte	0x257
 832 024a 15       		.uleb128 0x15
 833 024b 97030000 		.4byte	.LASF28
 834 024f 0A       		.byte	0xa
 835 0250 0B       		.byte	0xb
 836 0251 88030000 		.4byte	0x388
 837 0255 00       		.byte	0
 838 0256 00       		.byte	0
 839 0257 11       		.uleb128 0x11
 840 0258 48010000 		.4byte	0x148
 841 025c 00       		.byte	0
 842 025d 15       		.uleb128 0x15
 843 025e 5B040000 		.4byte	.LASF29
 844 0262 0A       		.byte	0xa
 845 0263 0F       		.byte	0xf
ARM GAS  /tmp/cchiKlBg.s 			page 16


 846 0264 88030000 		.4byte	0x388
 847 0268 00       		.byte	0
 848 0269 16       		.uleb128 0x16
 849 026a 4D000000 		.4byte	.LASF31
 850 026e 0A       		.byte	0xa
 851 026f 12       		.byte	0x12
 852 0270 28040000 		.4byte	.LASF33
 853 0274 93000000 		.4byte	0x93
 854 0278 01       		.byte	0x1
 855 0279 81020000 		.4byte	0x281
 856 027d 87020000 		.4byte	0x287
 857 0281 0E       		.uleb128 0xe
 858 0282 8E030000 		.4byte	0x38e
 859 0286 00       		.byte	0
 860 0287 17       		.uleb128 0x17
 861 0288 22000000 		.4byte	.LASF30
 862 028c 0A       		.byte	0xa
 863 028d 13       		.byte	0x13
 864 028e 85020000 		.4byte	.LASF36
 865 0292 01       		.byte	0x1
 866 0293 9B020000 		.4byte	0x29b
 867 0297 A6020000 		.4byte	0x2a6
 868 029b 0E       		.uleb128 0xe
 869 029c 8E030000 		.4byte	0x38e
 870 02a0 0B       		.uleb128 0xb
 871 02a1 93000000 		.4byte	0x93
 872 02a5 00       		.byte	0
 873 02a6 16       		.uleb128 0x16
 874 02a7 9C000000 		.4byte	.LASF32
 875 02ab 0A       		.byte	0xa
 876 02ac 15       		.byte	0x15
 877 02ad EE020000 		.4byte	.LASF34
 878 02b1 93000000 		.4byte	0x93
 879 02b5 01       		.byte	0x1
 880 02b6 BE020000 		.4byte	0x2be
 881 02ba C4020000 		.4byte	0x2c4
 882 02be 0E       		.uleb128 0xe
 883 02bf 8E030000 		.4byte	0x38e
 884 02c3 00       		.byte	0
 885 02c4 17       		.uleb128 0x17
 886 02c5 1B030000 		.4byte	.LASF35
 887 02c9 0A       		.byte	0xa
 888 02ca 16       		.byte	0x16
 889 02cb 7A030000 		.4byte	.LASF37
 890 02cf 01       		.byte	0x1
 891 02d0 D8020000 		.4byte	0x2d8
 892 02d4 E3020000 		.4byte	0x2e3
 893 02d8 0E       		.uleb128 0xe
 894 02d9 8E030000 		.4byte	0x38e
 895 02dd 0B       		.uleb128 0xb
 896 02de 93000000 		.4byte	0x93
 897 02e2 00       		.byte	0
 898 02e3 17       		.uleb128 0x17
 899 02e4 E0000000 		.4byte	.LASF38
 900 02e8 0A       		.byte	0xa
 901 02e9 17       		.byte	0x17
 902 02ea A2000000 		.4byte	.LASF39
ARM GAS  /tmp/cchiKlBg.s 			page 17


 903 02ee 01       		.byte	0x1
 904 02ef F7020000 		.4byte	0x2f7
 905 02f3 0C030000 		.4byte	0x30c
 906 02f7 0E       		.uleb128 0xe
 907 02f8 8E030000 		.4byte	0x38e
 908 02fc 0B       		.uleb128 0xb
 909 02fd 93000000 		.4byte	0x93
 910 0301 0B       		.uleb128 0xb
 911 0302 2C000000 		.4byte	0x2c
 912 0306 0B       		.uleb128 0xb
 913 0307 2C000000 		.4byte	0x2c
 914 030b 00       		.byte	0
 915 030c 0F       		.uleb128 0xf
 916 030d 4E030000 		.4byte	.LASF40
 917 0311 0A       		.byte	0xa
 918 0312 1A       		.byte	0x1a
 919 0313 8E030000 		.4byte	0x38e
 920 0317 01       		.byte	0x1
 921 0318 20030000 		.4byte	0x320
 922 031c 26030000 		.4byte	0x326
 923 0320 0E       		.uleb128 0xe
 924 0321 8E030000 		.4byte	0x38e
 925 0325 00       		.byte	0
 926 0326 10       		.uleb128 0x10
 927 0327 4E030000 		.4byte	.LASF40
 928 032b 0A       		.byte	0xa
 929 032c 1B       		.byte	0x1b
 930 032d 8E030000 		.4byte	0x38e
 931 0331 01       		.byte	0x1
 932 0332 36030000 		.4byte	0x336
 933 0336 0E       		.uleb128 0xe
 934 0337 8E030000 		.4byte	0x38e
 935 033b 0B       		.uleb128 0xb
 936 033c 93000000 		.4byte	0x93
 937 0340 0B       		.uleb128 0xb
 938 0341 2C000000 		.4byte	0x2c
 939 0345 0B       		.uleb128 0xb
 940 0346 2C000000 		.4byte	0x2c
 941 034a 00       		.byte	0
 942 034b 00       		.byte	0
 943 034c 00       		.byte	0
 944 034d 06       		.uleb128 0x6
 945 034e 04       		.byte	0x4
 946 034f 48010000 		.4byte	0x148
 947 0353 18       		.uleb128 0x18
 948 0354 04       		.byte	0x4
 949 0355 A8010000 		.4byte	0x1a8
 950 0359 03       		.uleb128 0x3
 951 035a 8D000000 		.4byte	.LASF41
 952 035e 0B       		.byte	0xb
 953 035f 2A       		.byte	0x2a
 954 0360 45000000 		.4byte	0x45
 955 0364 03       		.uleb128 0x3
 956 0365 9D030000 		.4byte	.LASF42
 957 0369 0B       		.byte	0xb
 958 036a 42       		.byte	0x42
 959 036b 6C000000 		.4byte	0x6c
ARM GAS  /tmp/cchiKlBg.s 			page 18


 960 036f 04       		.uleb128 0x4
 961 0370 01       		.byte	0x1
 962 0371 02       		.byte	0x2
 963 0372 88000000 		.4byte	.LASF43
 964 0376 06       		.uleb128 0x6
 965 0377 04       		.byte	0x4
 966 0378 59030000 		.4byte	0x359
 967 037c 06       		.uleb128 0x6
 968 037d 04       		.byte	0x4
 969 037e AD010000 		.4byte	0x1ad
 970 0382 06       		.uleb128 0x6
 971 0383 04       		.byte	0x4
 972 0384 F1010000 		.4byte	0x1f1
 973 0388 06       		.uleb128 0x6
 974 0389 04       		.byte	0x4
 975 038a 3D020000 		.4byte	0x23d
 976 038e 06       		.uleb128 0x6
 977 038f 04       		.byte	0x4
 978 0390 35020000 		.4byte	0x235
 979 0394 19       		.uleb128 0x19
 980 0395 72010000 		.4byte	0x172
 981 0399 02       		.byte	0x2
 982 039a A2030000 		.4byte	0x3a2
 983 039e AC030000 		.4byte	0x3ac
 984 03a2 1A       		.uleb128 0x1a
 985 03a3 DB000000 		.4byte	.LASF45
 986 03a7 AC030000 		.4byte	0x3ac
 987 03ab 00       		.byte	0
 988 03ac 07       		.uleb128 0x7
 989 03ad 4D030000 		.4byte	0x34d
 990 03b1 1B       		.uleb128 0x1b
 991 03b2 94030000 		.4byte	0x394
 992 03b6 D6020000 		.4byte	.LASF51
 993 03ba 00000000 		.4byte	.LFB6
 994 03be 0C000000 		.4byte	.LFE6-.LFB6
 995 03c2 01       		.uleb128 0x1
 996 03c3 9C       		.byte	0x9c
 997 03c4 CC030000 		.4byte	0x3cc
 998 03c8 D5030000 		.4byte	0x3d5
 999 03cc 1C       		.uleb128 0x1c
 1000 03cd A2030000 		.4byte	0x3a2
 1001 03d1 02       		.uleb128 0x2
 1002 03d2 91       		.byte	0x91
 1003 03d3 7C       		.sleb128 -4
 1004 03d4 00       		.byte	0
 1005 03d5 1D       		.uleb128 0x1d
 1006 03d6 D8010000 		.4byte	0x1d8
 1007 03da 14       		.byte	0x14
 1008 03db 00000000 		.4byte	.LFB18
 1009 03df 0E000000 		.4byte	.LFE18-.LFB18
 1010 03e3 01       		.uleb128 0x1
 1011 03e4 9C       		.byte	0x9c
 1012 03e5 01040000 		.4byte	0x401
 1013 03e9 1E       		.uleb128 0x1e
 1014 03ea 02000000 		.4byte	.LBB4
 1015 03ee 06000000 		.4byte	.LBE4-.LBB4
 1016 03f2 1F       		.uleb128 0x1f
ARM GAS  /tmp/cchiKlBg.s 			page 19


 1017 03f3 746D7000 		.ascii	"tmp\000"
 1018 03f7 02       		.byte	0x2
 1019 03f8 16       		.byte	0x16
 1020 03f9 64030000 		.4byte	0x364
 1021 03fd 01       		.uleb128 0x1
 1022 03fe 53       		.byte	0x53
 1023 03ff 00       		.byte	0
 1024 0400 00       		.byte	0
 1025 0401 1D       		.uleb128 0x1d
 1026 0402 E4010000 		.4byte	0x1e4
 1027 0406 1B       		.byte	0x1b
 1028 0407 00000000 		.4byte	.LFB19
 1029 040b 0E000000 		.4byte	.LFE19-.LFB19
 1030 040f 01       		.uleb128 0x1
 1031 0410 9C       		.byte	0x9c
 1032 0411 2D040000 		.4byte	0x42d
 1033 0415 1E       		.uleb128 0x1e
 1034 0416 06000000 		.4byte	.LBB7
 1035 041a 06000000 		.4byte	.LBE7-.LBB7
 1036 041e 1F       		.uleb128 0x1f
 1037 041f 746D7000 		.ascii	"tmp\000"
 1038 0423 02       		.byte	0x2
 1039 0424 1D       		.byte	0x1d
 1040 0425 64030000 		.4byte	0x364
 1041 0429 01       		.uleb128 0x1
 1042 042a 53       		.byte	0x53
 1043 042b 00       		.byte	0
 1044 042c 00       		.byte	0
 1045 042d 20       		.uleb128 0x20
 1046 042e 1C020000 		.4byte	0x21c
 1047 0432 1B       		.byte	0x1b
 1048 0433 00000000 		.4byte	.LFB26
 1049 0437 08000000 		.4byte	.LFE26-.LFB26
 1050 043b 01       		.uleb128 0x1
 1051 043c 9C       		.byte	0x9c
 1052 043d 20       		.uleb128 0x20
 1053 043e 28020000 		.4byte	0x228
 1054 0442 22       		.byte	0x22
 1055 0443 00000000 		.4byte	.LFB27
 1056 0447 08000000 		.4byte	.LFE27-.LFB27
 1057 044b 01       		.uleb128 0x1
 1058 044c 9C       		.byte	0x9c
 1059 044d 21       		.uleb128 0x21
 1060 044e 69020000 		.4byte	0x269
 1061 0452 04       		.byte	0x4
 1062 0453 07       		.byte	0x7
 1063 0454 00000000 		.4byte	.LFB36
 1064 0458 28000000 		.4byte	.LFE36-.LFB36
 1065 045c 01       		.uleb128 0x1
 1066 045d 9C       		.byte	0x9c
 1067 045e 66040000 		.4byte	0x466
 1068 0462 8B040000 		.4byte	0x48b
 1069 0466 22       		.uleb128 0x22
 1070 0467 DB000000 		.4byte	.LASF45
 1071 046b 8B040000 		.4byte	0x48b
 1072 046f 02       		.uleb128 0x2
 1073 0470 91       		.byte	0x91
ARM GAS  /tmp/cchiKlBg.s 			page 20


 1074 0471 74       		.sleb128 -12
 1075 0472 1E       		.uleb128 0x1e
 1076 0473 0C000000 		.4byte	.LBB10
 1077 0477 14000000 		.4byte	.LBE10-.LBB10
 1078 047b 23       		.uleb128 0x23
 1079 047c 0B030000 		.4byte	.LASF44
 1080 0480 04       		.byte	0x4
 1081 0481 0A       		.byte	0xa
 1082 0482 93000000 		.4byte	0x93
 1083 0486 02       		.uleb128 0x2
 1084 0487 91       		.byte	0x91
 1085 0488 7C       		.sleb128 -4
 1086 0489 00       		.byte	0
 1087 048a 00       		.byte	0
 1088 048b 07       		.uleb128 0x7
 1089 048c 8E030000 		.4byte	0x38e
 1090 0490 21       		.uleb128 0x21
 1091 0491 87020000 		.4byte	0x287
 1092 0495 04       		.byte	0x4
 1093 0496 12       		.byte	0x12
 1094 0497 00000000 		.4byte	.LFB37
 1095 049b 1E000000 		.4byte	.LFE37-.LFB37
 1096 049f 01       		.uleb128 0x1
 1097 04a0 9C       		.byte	0x9c
 1098 04a1 A9040000 		.4byte	0x4a9
 1099 04a5 C4040000 		.4byte	0x4c4
 1100 04a9 22       		.uleb128 0x22
 1101 04aa DB000000 		.4byte	.LASF45
 1102 04ae 8B040000 		.4byte	0x48b
 1103 04b2 02       		.uleb128 0x2
 1104 04b3 91       		.byte	0x91
 1105 04b4 7C       		.sleb128 -4
 1106 04b5 24       		.uleb128 0x24
 1107 04b6 75030000 		.4byte	.LASF46
 1108 04ba 04       		.byte	0x4
 1109 04bb 12       		.byte	0x12
 1110 04bc 93000000 		.4byte	0x93
 1111 04c0 02       		.uleb128 0x2
 1112 04c1 91       		.byte	0x91
 1113 04c2 78       		.sleb128 -8
 1114 04c3 00       		.byte	0
 1115 04c4 25       		.uleb128 0x25
 1116 04c5 A6020000 		.4byte	0x2a6
 1117 04c9 04       		.byte	0x4
 1118 04ca 1B       		.byte	0x1b
 1119 04cb 00000000 		.4byte	.LFB38
 1120 04cf 38000000 		.4byte	.LFE38-.LFB38
 1121 04d3 01       		.uleb128 0x1
 1122 04d4 9C       		.byte	0x9c
 1123 04d5 DD040000 		.4byte	0x4dd
 1124 04d9 02050000 		.4byte	0x502
 1125 04dd 22       		.uleb128 0x22
 1126 04de DB000000 		.4byte	.LASF45
 1127 04e2 8B040000 		.4byte	0x48b
 1128 04e6 02       		.uleb128 0x2
 1129 04e7 91       		.byte	0x91
 1130 04e8 6C       		.sleb128 -20
ARM GAS  /tmp/cchiKlBg.s 			page 21


 1131 04e9 1E       		.uleb128 0x1e
 1132 04ea 12000000 		.4byte	.LBB13
 1133 04ee 18000000 		.4byte	.LBE13-.LBB13
 1134 04f2 23       		.uleb128 0x23
 1135 04f3 0B030000 		.4byte	.LASF44
 1136 04f7 04       		.byte	0x4
 1137 04f8 1F       		.byte	0x1f
 1138 04f9 93000000 		.4byte	0x93
 1139 04fd 02       		.uleb128 0x2
 1140 04fe 91       		.byte	0x91
 1141 04ff 74       		.sleb128 -12
 1142 0500 00       		.byte	0
 1143 0501 00       		.byte	0
 1144 0502 25       		.uleb128 0x25
 1145 0503 C4020000 		.4byte	0x2c4
 1146 0507 04       		.byte	0x4
 1147 0508 2A       		.byte	0x2a
 1148 0509 00000000 		.4byte	.LFB39
 1149 050d 2A000000 		.4byte	.LFE39-.LFB39
 1150 0511 01       		.uleb128 0x1
 1151 0512 9C       		.byte	0x9c
 1152 0513 1B050000 		.4byte	0x51b
 1153 0517 36050000 		.4byte	0x536
 1154 051b 22       		.uleb128 0x22
 1155 051c DB000000 		.4byte	.LASF45
 1156 0520 8B040000 		.4byte	0x48b
 1157 0524 02       		.uleb128 0x2
 1158 0525 91       		.byte	0x91
 1159 0526 74       		.sleb128 -12
 1160 0527 24       		.uleb128 0x24
 1161 0528 75030000 		.4byte	.LASF46
 1162 052c 04       		.byte	0x4
 1163 052d 2A       		.byte	0x2a
 1164 052e 93000000 		.4byte	0x93
 1165 0532 02       		.uleb128 0x2
 1166 0533 91       		.byte	0x91
 1167 0534 70       		.sleb128 -16
 1168 0535 00       		.byte	0
 1169 0536 25       		.uleb128 0x25
 1170 0537 E3020000 		.4byte	0x2e3
 1171 053b 04       		.byte	0x4
 1172 053c 35       		.byte	0x35
 1173 053d 00000000 		.4byte	.LFB40
 1174 0541 64000000 		.4byte	.LFE40-.LFB40
 1175 0545 01       		.uleb128 0x1
 1176 0546 9C       		.byte	0x9c
 1177 0547 4F050000 		.4byte	0x54f
 1178 054b 9E050000 		.4byte	0x59e
 1179 054f 22       		.uleb128 0x22
 1180 0550 DB000000 		.4byte	.LASF45
 1181 0554 8B040000 		.4byte	0x48b
 1182 0558 02       		.uleb128 0x2
 1183 0559 91       		.byte	0x91
 1184 055a 6C       		.sleb128 -20
 1185 055b 24       		.uleb128 0x24
 1186 055c 95000000 		.4byte	.LASF47
 1187 0560 04       		.byte	0x4
ARM GAS  /tmp/cchiKlBg.s 			page 22


 1188 0561 35       		.byte	0x35
 1189 0562 93000000 		.4byte	0x93
 1190 0566 02       		.uleb128 0x2
 1191 0567 91       		.byte	0x91
 1192 0568 68       		.sleb128 -24
 1193 0569 24       		.uleb128 0x24
 1194 056a 54040000 		.4byte	.LASF48
 1195 056e 04       		.byte	0x4
 1196 056f 35       		.byte	0x35
 1197 0570 2C000000 		.4byte	0x2c
 1198 0574 02       		.uleb128 0x2
 1199 0575 91       		.byte	0x91
 1200 0576 64       		.sleb128 -28
 1201 0577 24       		.uleb128 0x24
 1202 0578 00000000 		.4byte	.LASF49
 1203 057c 04       		.byte	0x4
 1204 057d 35       		.byte	0x35
 1205 057e 2C000000 		.4byte	0x2c
 1206 0582 02       		.uleb128 0x2
 1207 0583 91       		.byte	0x91
 1208 0584 60       		.sleb128 -32
 1209 0585 1E       		.uleb128 0x1e
 1210 0586 30000000 		.4byte	.LBB15
 1211 058a 2A000000 		.4byte	.LBE15-.LBB15
 1212 058e 23       		.uleb128 0x23
 1213 058f 2E000000 		.4byte	.LASF50
 1214 0593 04       		.byte	0x4
 1215 0594 3B       		.byte	0x3b
 1216 0595 76030000 		.4byte	0x376
 1217 0599 02       		.uleb128 0x2
 1218 059a 91       		.byte	0x91
 1219 059b 74       		.sleb128 -12
 1220 059c 00       		.byte	0
 1221 059d 00       		.byte	0
 1222 059e 26       		.uleb128 0x26
 1223 059f 0C030000 		.4byte	0x30c
 1224 05a3 04       		.byte	0x4
 1225 05a4 42       		.byte	0x42
 1226 05a5 00       		.byte	0
 1227 05a6 AE050000 		.4byte	0x5ae
 1228 05aa B8050000 		.4byte	0x5b8
 1229 05ae 1A       		.uleb128 0x1a
 1230 05af DB000000 		.4byte	.LASF45
 1231 05b3 8B040000 		.4byte	0x48b
 1232 05b7 00       		.byte	0
 1233 05b8 27       		.uleb128 0x27
 1234 05b9 9E050000 		.4byte	0x59e
 1235 05bd 5A000000 		.4byte	.LASF52
 1236 05c1 00000000 		.4byte	.LFB42
 1237 05c5 1C000000 		.4byte	.LFE42-.LFB42
 1238 05c9 01       		.uleb128 0x1
 1239 05ca 9C       		.byte	0x9c
 1240 05cb D3050000 		.4byte	0x5d3
 1241 05cf DC050000 		.4byte	0x5dc
 1242 05d3 1C       		.uleb128 0x1c
 1243 05d4 AE050000 		.4byte	0x5ae
 1244 05d8 02       		.uleb128 0x2
ARM GAS  /tmp/cchiKlBg.s 			page 23


 1245 05d9 91       		.byte	0x91
 1246 05da 74       		.sleb128 -12
 1247 05db 00       		.byte	0
 1248 05dc 26       		.uleb128 0x26
 1249 05dd 26030000 		.4byte	0x326
 1250 05e1 04       		.byte	0x4
 1251 05e2 48       		.byte	0x48
 1252 05e3 00       		.byte	0
 1253 05e4 EC050000 		.4byte	0x5ec
 1254 05e8 17060000 		.4byte	0x617
 1255 05ec 1A       		.uleb128 0x1a
 1256 05ed DB000000 		.4byte	.LASF45
 1257 05f1 8B040000 		.4byte	0x48b
 1258 05f5 28       		.uleb128 0x28
 1259 05f6 95000000 		.4byte	.LASF47
 1260 05fa 04       		.byte	0x4
 1261 05fb 48       		.byte	0x48
 1262 05fc 93000000 		.4byte	0x93
 1263 0600 28       		.uleb128 0x28
 1264 0601 54040000 		.4byte	.LASF48
 1265 0605 04       		.byte	0x4
 1266 0606 48       		.byte	0x48
 1267 0607 2C000000 		.4byte	0x2c
 1268 060b 28       		.uleb128 0x28
 1269 060c 00000000 		.4byte	.LASF49
 1270 0610 04       		.byte	0x4
 1271 0611 48       		.byte	0x48
 1272 0612 2C000000 		.4byte	0x2c
 1273 0616 00       		.byte	0
 1274 0617 29       		.uleb128 0x29
 1275 0618 DC050000 		.4byte	0x5dc
 1276 061c 05040000 		.4byte	.LASF57
 1277 0620 00000000 		.4byte	.LFB45
 1278 0624 2E000000 		.4byte	.LFE45-.LFB45
 1279 0628 01       		.uleb128 0x1
 1280 0629 9C       		.byte	0x9c
 1281 062a 2E060000 		.4byte	0x62e
 1282 062e 1C       		.uleb128 0x1c
 1283 062f EC050000 		.4byte	0x5ec
 1284 0633 02       		.uleb128 0x2
 1285 0634 91       		.byte	0x91
 1286 0635 74       		.sleb128 -12
 1287 0636 1C       		.uleb128 0x1c
 1288 0637 F5050000 		.4byte	0x5f5
 1289 063b 02       		.uleb128 0x2
 1290 063c 91       		.byte	0x91
 1291 063d 70       		.sleb128 -16
 1292 063e 1C       		.uleb128 0x1c
 1293 063f 00060000 		.4byte	0x600
 1294 0643 02       		.uleb128 0x2
 1295 0644 91       		.byte	0x91
 1296 0645 6C       		.sleb128 -20
 1297 0646 1C       		.uleb128 0x1c
 1298 0647 0B060000 		.4byte	0x60b
 1299 064b 02       		.uleb128 0x2
 1300 064c 91       		.byte	0x91
 1301 064d 68       		.sleb128 -24
ARM GAS  /tmp/cchiKlBg.s 			page 24


 1302 064e 00       		.byte	0
 1303 064f 00       		.byte	0
 1304              		.section	.debug_abbrev,"",%progbits
 1305              	.Ldebug_abbrev0:
 1306 0000 01       		.uleb128 0x1
 1307 0001 11       		.uleb128 0x11
 1308 0002 01       		.byte	0x1
 1309 0003 25       		.uleb128 0x25
 1310 0004 0E       		.uleb128 0xe
 1311 0005 13       		.uleb128 0x13
 1312 0006 0B       		.uleb128 0xb
 1313 0007 03       		.uleb128 0x3
 1314 0008 0E       		.uleb128 0xe
 1315 0009 1B       		.uleb128 0x1b
 1316 000a 0E       		.uleb128 0xe
 1317 000b 55       		.uleb128 0x55
 1318 000c 17       		.uleb128 0x17
 1319 000d 11       		.uleb128 0x11
 1320 000e 01       		.uleb128 0x1
 1321 000f 10       		.uleb128 0x10
 1322 0010 17       		.uleb128 0x17
 1323 0011 00       		.byte	0
 1324 0012 00       		.byte	0
 1325 0013 02       		.uleb128 0x2
 1326 0014 24       		.uleb128 0x24
 1327 0015 00       		.byte	0
 1328 0016 0B       		.uleb128 0xb
 1329 0017 0B       		.uleb128 0xb
 1330 0018 3E       		.uleb128 0x3e
 1331 0019 0B       		.uleb128 0xb
 1332 001a 03       		.uleb128 0x3
 1333 001b 08       		.uleb128 0x8
 1334 001c 00       		.byte	0
 1335 001d 00       		.byte	0
 1336 001e 03       		.uleb128 0x3
 1337 001f 16       		.uleb128 0x16
 1338 0020 00       		.byte	0
 1339 0021 03       		.uleb128 0x3
 1340 0022 0E       		.uleb128 0xe
 1341 0023 3A       		.uleb128 0x3a
 1342 0024 0B       		.uleb128 0xb
 1343 0025 3B       		.uleb128 0x3b
 1344 0026 0B       		.uleb128 0xb
 1345 0027 49       		.uleb128 0x49
 1346 0028 13       		.uleb128 0x13
 1347 0029 00       		.byte	0
 1348 002a 00       		.byte	0
 1349 002b 04       		.uleb128 0x4
 1350 002c 24       		.uleb128 0x24
 1351 002d 00       		.byte	0
 1352 002e 0B       		.uleb128 0xb
 1353 002f 0B       		.uleb128 0xb
 1354 0030 3E       		.uleb128 0x3e
 1355 0031 0B       		.uleb128 0xb
 1356 0032 03       		.uleb128 0x3
 1357 0033 0E       		.uleb128 0xe
 1358 0034 00       		.byte	0
ARM GAS  /tmp/cchiKlBg.s 			page 25


 1359 0035 00       		.byte	0
 1360 0036 05       		.uleb128 0x5
 1361 0037 0F       		.uleb128 0xf
 1362 0038 00       		.byte	0
 1363 0039 0B       		.uleb128 0xb
 1364 003a 0B       		.uleb128 0xb
 1365 003b 00       		.byte	0
 1366 003c 00       		.byte	0
 1367 003d 06       		.uleb128 0x6
 1368 003e 0F       		.uleb128 0xf
 1369 003f 00       		.byte	0
 1370 0040 0B       		.uleb128 0xb
 1371 0041 0B       		.uleb128 0xb
 1372 0042 49       		.uleb128 0x49
 1373 0043 13       		.uleb128 0x13
 1374 0044 00       		.byte	0
 1375 0045 00       		.byte	0
 1376 0046 07       		.uleb128 0x7
 1377 0047 26       		.uleb128 0x26
 1378 0048 00       		.byte	0
 1379 0049 49       		.uleb128 0x49
 1380 004a 13       		.uleb128 0x13
 1381 004b 00       		.byte	0
 1382 004c 00       		.byte	0
 1383 004d 08       		.uleb128 0x8
 1384 004e 39       		.uleb128 0x39
 1385 004f 01       		.byte	0x1
 1386 0050 03       		.uleb128 0x3
 1387 0051 08       		.uleb128 0x8
 1388 0052 3A       		.uleb128 0x3a
 1389 0053 0B       		.uleb128 0xb
 1390 0054 3B       		.uleb128 0x3b
 1391 0055 0B       		.uleb128 0xb
 1392 0056 01       		.uleb128 0x1
 1393 0057 13       		.uleb128 0x13
 1394 0058 00       		.byte	0
 1395 0059 00       		.byte	0
 1396 005a 09       		.uleb128 0x9
 1397 005b 08       		.uleb128 0x8
 1398 005c 00       		.byte	0
 1399 005d 3A       		.uleb128 0x3a
 1400 005e 0B       		.uleb128 0xb
 1401 005f 3B       		.uleb128 0x3b
 1402 0060 0B       		.uleb128 0xb
 1403 0061 18       		.uleb128 0x18
 1404 0062 13       		.uleb128 0x13
 1405 0063 00       		.byte	0
 1406 0064 00       		.byte	0
 1407 0065 0A       		.uleb128 0xa
 1408 0066 2E       		.uleb128 0x2e
 1409 0067 01       		.byte	0x1
 1410 0068 3F       		.uleb128 0x3f
 1411 0069 19       		.uleb128 0x19
 1412 006a 03       		.uleb128 0x3
 1413 006b 0E       		.uleb128 0xe
 1414 006c 3A       		.uleb128 0x3a
 1415 006d 0B       		.uleb128 0xb
ARM GAS  /tmp/cchiKlBg.s 			page 26


 1416 006e 3B       		.uleb128 0x3b
 1417 006f 0B       		.uleb128 0xb
 1418 0070 49       		.uleb128 0x49
 1419 0071 13       		.uleb128 0x13
 1420 0072 3C       		.uleb128 0x3c
 1421 0073 19       		.uleb128 0x19
 1422 0074 01       		.uleb128 0x1
 1423 0075 13       		.uleb128 0x13
 1424 0076 00       		.byte	0
 1425 0077 00       		.byte	0
 1426 0078 0B       		.uleb128 0xb
 1427 0079 05       		.uleb128 0x5
 1428 007a 00       		.byte	0
 1429 007b 49       		.uleb128 0x49
 1430 007c 13       		.uleb128 0x13
 1431 007d 00       		.byte	0
 1432 007e 00       		.byte	0
 1433 007f 0C       		.uleb128 0xc
 1434 0080 02       		.uleb128 0x2
 1435 0081 01       		.byte	0x1
 1436 0082 03       		.uleb128 0x3
 1437 0083 0E       		.uleb128 0xe
 1438 0084 0B       		.uleb128 0xb
 1439 0085 0B       		.uleb128 0xb
 1440 0086 3A       		.uleb128 0x3a
 1441 0087 0B       		.uleb128 0xb
 1442 0088 3B       		.uleb128 0x3b
 1443 0089 0B       		.uleb128 0xb
 1444 008a 01       		.uleb128 0x1
 1445 008b 13       		.uleb128 0x13
 1446 008c 00       		.byte	0
 1447 008d 00       		.byte	0
 1448 008e 0D       		.uleb128 0xd
 1449 008f 2E       		.uleb128 0x2e
 1450 0090 01       		.byte	0x1
 1451 0091 3F       		.uleb128 0x3f
 1452 0092 19       		.uleb128 0x19
 1453 0093 03       		.uleb128 0x3
 1454 0094 0E       		.uleb128 0xe
 1455 0095 3A       		.uleb128 0x3a
 1456 0096 0B       		.uleb128 0xb
 1457 0097 3B       		.uleb128 0x3b
 1458 0098 0B       		.uleb128 0xb
 1459 0099 49       		.uleb128 0x49
 1460 009a 13       		.uleb128 0x13
 1461 009b 3C       		.uleb128 0x3c
 1462 009c 19       		.uleb128 0x19
 1463 009d 64       		.uleb128 0x64
 1464 009e 13       		.uleb128 0x13
 1465 009f 01       		.uleb128 0x1
 1466 00a0 13       		.uleb128 0x13
 1467 00a1 00       		.byte	0
 1468 00a2 00       		.byte	0
 1469 00a3 0E       		.uleb128 0xe
 1470 00a4 05       		.uleb128 0x5
 1471 00a5 00       		.byte	0
 1472 00a6 49       		.uleb128 0x49
ARM GAS  /tmp/cchiKlBg.s 			page 27


 1473 00a7 13       		.uleb128 0x13
 1474 00a8 34       		.uleb128 0x34
 1475 00a9 19       		.uleb128 0x19
 1476 00aa 00       		.byte	0
 1477 00ab 00       		.byte	0
 1478 00ac 0F       		.uleb128 0xf
 1479 00ad 2E       		.uleb128 0x2e
 1480 00ae 01       		.byte	0x1
 1481 00af 3F       		.uleb128 0x3f
 1482 00b0 19       		.uleb128 0x19
 1483 00b1 03       		.uleb128 0x3
 1484 00b2 0E       		.uleb128 0xe
 1485 00b3 3A       		.uleb128 0x3a
 1486 00b4 0B       		.uleb128 0xb
 1487 00b5 3B       		.uleb128 0x3b
 1488 00b6 0B       		.uleb128 0xb
 1489 00b7 49       		.uleb128 0x49
 1490 00b8 13       		.uleb128 0x13
 1491 00b9 32       		.uleb128 0x32
 1492 00ba 0B       		.uleb128 0xb
 1493 00bb 3C       		.uleb128 0x3c
 1494 00bc 19       		.uleb128 0x19
 1495 00bd 64       		.uleb128 0x64
 1496 00be 13       		.uleb128 0x13
 1497 00bf 01       		.uleb128 0x1
 1498 00c0 13       		.uleb128 0x13
 1499 00c1 00       		.byte	0
 1500 00c2 00       		.byte	0
 1501 00c3 10       		.uleb128 0x10
 1502 00c4 2E       		.uleb128 0x2e
 1503 00c5 01       		.byte	0x1
 1504 00c6 3F       		.uleb128 0x3f
 1505 00c7 19       		.uleb128 0x19
 1506 00c8 03       		.uleb128 0x3
 1507 00c9 0E       		.uleb128 0xe
 1508 00ca 3A       		.uleb128 0x3a
 1509 00cb 0B       		.uleb128 0xb
 1510 00cc 3B       		.uleb128 0x3b
 1511 00cd 0B       		.uleb128 0xb
 1512 00ce 49       		.uleb128 0x49
 1513 00cf 13       		.uleb128 0x13
 1514 00d0 32       		.uleb128 0x32
 1515 00d1 0B       		.uleb128 0xb
 1516 00d2 3C       		.uleb128 0x3c
 1517 00d3 19       		.uleb128 0x19
 1518 00d4 64       		.uleb128 0x64
 1519 00d5 13       		.uleb128 0x13
 1520 00d6 00       		.byte	0
 1521 00d7 00       		.byte	0
 1522 00d8 11       		.uleb128 0x11
 1523 00d9 1C       		.uleb128 0x1c
 1524 00da 00       		.byte	0
 1525 00db 49       		.uleb128 0x49
 1526 00dc 13       		.uleb128 0x13
 1527 00dd 38       		.uleb128 0x38
 1528 00de 0B       		.uleb128 0xb
 1529 00df 00       		.byte	0
ARM GAS  /tmp/cchiKlBg.s 			page 28


 1530 00e0 00       		.byte	0
 1531 00e1 12       		.uleb128 0x12
 1532 00e2 2E       		.uleb128 0x2e
 1533 00e3 00       		.byte	0
 1534 00e4 3F       		.uleb128 0x3f
 1535 00e5 19       		.uleb128 0x19
 1536 00e6 03       		.uleb128 0x3
 1537 00e7 0E       		.uleb128 0xe
 1538 00e8 3A       		.uleb128 0x3a
 1539 00e9 0B       		.uleb128 0xb
 1540 00ea 3B       		.uleb128 0x3b
 1541 00eb 0B       		.uleb128 0xb
 1542 00ec 6E       		.uleb128 0x6e
 1543 00ed 0E       		.uleb128 0xe
 1544 00ee 32       		.uleb128 0x32
 1545 00ef 0B       		.uleb128 0xb
 1546 00f0 3C       		.uleb128 0x3c
 1547 00f1 19       		.uleb128 0x19
 1548 00f2 00       		.byte	0
 1549 00f3 00       		.byte	0
 1550 00f4 13       		.uleb128 0x13
 1551 00f5 02       		.uleb128 0x2
 1552 00f6 01       		.byte	0x1
 1553 00f7 03       		.uleb128 0x3
 1554 00f8 0E       		.uleb128 0xe
 1555 00f9 0B       		.uleb128 0xb
 1556 00fa 0B       		.uleb128 0xb
 1557 00fb 3A       		.uleb128 0x3a
 1558 00fc 0B       		.uleb128 0xb
 1559 00fd 3B       		.uleb128 0x3b
 1560 00fe 0B       		.uleb128 0xb
 1561 00ff 00       		.byte	0
 1562 0100 00       		.byte	0
 1563 0101 14       		.uleb128 0x14
 1564 0102 13       		.uleb128 0x13
 1565 0103 01       		.byte	0x1
 1566 0104 03       		.uleb128 0x3
 1567 0105 0E       		.uleb128 0xe
 1568 0106 0B       		.uleb128 0xb
 1569 0107 0B       		.uleb128 0xb
 1570 0108 3A       		.uleb128 0x3a
 1571 0109 0B       		.uleb128 0xb
 1572 010a 3B       		.uleb128 0x3b
 1573 010b 0B       		.uleb128 0xb
 1574 010c 32       		.uleb128 0x32
 1575 010d 0B       		.uleb128 0xb
 1576 010e 01       		.uleb128 0x1
 1577 010f 13       		.uleb128 0x13
 1578 0110 00       		.byte	0
 1579 0111 00       		.byte	0
 1580 0112 15       		.uleb128 0x15
 1581 0113 0D       		.uleb128 0xd
 1582 0114 00       		.byte	0
 1583 0115 03       		.uleb128 0x3
 1584 0116 0E       		.uleb128 0xe
 1585 0117 3A       		.uleb128 0x3a
 1586 0118 0B       		.uleb128 0xb
ARM GAS  /tmp/cchiKlBg.s 			page 29


 1587 0119 3B       		.uleb128 0x3b
 1588 011a 0B       		.uleb128 0xb
 1589 011b 49       		.uleb128 0x49
 1590 011c 13       		.uleb128 0x13
 1591 011d 38       		.uleb128 0x38
 1592 011e 0B       		.uleb128 0xb
 1593 011f 00       		.byte	0
 1594 0120 00       		.byte	0
 1595 0121 16       		.uleb128 0x16
 1596 0122 2E       		.uleb128 0x2e
 1597 0123 01       		.byte	0x1
 1598 0124 3F       		.uleb128 0x3f
 1599 0125 19       		.uleb128 0x19
 1600 0126 03       		.uleb128 0x3
 1601 0127 0E       		.uleb128 0xe
 1602 0128 3A       		.uleb128 0x3a
 1603 0129 0B       		.uleb128 0xb
 1604 012a 3B       		.uleb128 0x3b
 1605 012b 0B       		.uleb128 0xb
 1606 012c 6E       		.uleb128 0x6e
 1607 012d 0E       		.uleb128 0xe
 1608 012e 49       		.uleb128 0x49
 1609 012f 13       		.uleb128 0x13
 1610 0130 32       		.uleb128 0x32
 1611 0131 0B       		.uleb128 0xb
 1612 0132 3C       		.uleb128 0x3c
 1613 0133 19       		.uleb128 0x19
 1614 0134 64       		.uleb128 0x64
 1615 0135 13       		.uleb128 0x13
 1616 0136 01       		.uleb128 0x1
 1617 0137 13       		.uleb128 0x13
 1618 0138 00       		.byte	0
 1619 0139 00       		.byte	0
 1620 013a 17       		.uleb128 0x17
 1621 013b 2E       		.uleb128 0x2e
 1622 013c 01       		.byte	0x1
 1623 013d 3F       		.uleb128 0x3f
 1624 013e 19       		.uleb128 0x19
 1625 013f 03       		.uleb128 0x3
 1626 0140 0E       		.uleb128 0xe
 1627 0141 3A       		.uleb128 0x3a
 1628 0142 0B       		.uleb128 0xb
 1629 0143 3B       		.uleb128 0x3b
 1630 0144 0B       		.uleb128 0xb
 1631 0145 6E       		.uleb128 0x6e
 1632 0146 0E       		.uleb128 0xe
 1633 0147 32       		.uleb128 0x32
 1634 0148 0B       		.uleb128 0xb
 1635 0149 3C       		.uleb128 0x3c
 1636 014a 19       		.uleb128 0x19
 1637 014b 64       		.uleb128 0x64
 1638 014c 13       		.uleb128 0x13
 1639 014d 01       		.uleb128 0x1
 1640 014e 13       		.uleb128 0x13
 1641 014f 00       		.byte	0
 1642 0150 00       		.byte	0
 1643 0151 18       		.uleb128 0x18
ARM GAS  /tmp/cchiKlBg.s 			page 30


 1644 0152 10       		.uleb128 0x10
 1645 0153 00       		.byte	0
 1646 0154 0B       		.uleb128 0xb
 1647 0155 0B       		.uleb128 0xb
 1648 0156 49       		.uleb128 0x49
 1649 0157 13       		.uleb128 0x13
 1650 0158 00       		.byte	0
 1651 0159 00       		.byte	0
 1652 015a 19       		.uleb128 0x19
 1653 015b 2E       		.uleb128 0x2e
 1654 015c 01       		.byte	0x1
 1655 015d 47       		.uleb128 0x47
 1656 015e 13       		.uleb128 0x13
 1657 015f 20       		.uleb128 0x20
 1658 0160 0B       		.uleb128 0xb
 1659 0161 64       		.uleb128 0x64
 1660 0162 13       		.uleb128 0x13
 1661 0163 01       		.uleb128 0x1
 1662 0164 13       		.uleb128 0x13
 1663 0165 00       		.byte	0
 1664 0166 00       		.byte	0
 1665 0167 1A       		.uleb128 0x1a
 1666 0168 05       		.uleb128 0x5
 1667 0169 00       		.byte	0
 1668 016a 03       		.uleb128 0x3
 1669 016b 0E       		.uleb128 0xe
 1670 016c 49       		.uleb128 0x49
 1671 016d 13       		.uleb128 0x13
 1672 016e 34       		.uleb128 0x34
 1673 016f 19       		.uleb128 0x19
 1674 0170 00       		.byte	0
 1675 0171 00       		.byte	0
 1676 0172 1B       		.uleb128 0x1b
 1677 0173 2E       		.uleb128 0x2e
 1678 0174 01       		.byte	0x1
 1679 0175 31       		.uleb128 0x31
 1680 0176 13       		.uleb128 0x13
 1681 0177 6E       		.uleb128 0x6e
 1682 0178 0E       		.uleb128 0xe
 1683 0179 11       		.uleb128 0x11
 1684 017a 01       		.uleb128 0x1
 1685 017b 12       		.uleb128 0x12
 1686 017c 06       		.uleb128 0x6
 1687 017d 40       		.uleb128 0x40
 1688 017e 18       		.uleb128 0x18
 1689 017f 64       		.uleb128 0x64
 1690 0180 13       		.uleb128 0x13
 1691 0181 9742     		.uleb128 0x2117
 1692 0183 19       		.uleb128 0x19
 1693 0184 01       		.uleb128 0x1
 1694 0185 13       		.uleb128 0x13
 1695 0186 00       		.byte	0
 1696 0187 00       		.byte	0
 1697 0188 1C       		.uleb128 0x1c
 1698 0189 05       		.uleb128 0x5
 1699 018a 00       		.byte	0
 1700 018b 31       		.uleb128 0x31
ARM GAS  /tmp/cchiKlBg.s 			page 31


 1701 018c 13       		.uleb128 0x13
 1702 018d 02       		.uleb128 0x2
 1703 018e 18       		.uleb128 0x18
 1704 018f 00       		.byte	0
 1705 0190 00       		.byte	0
 1706 0191 1D       		.uleb128 0x1d
 1707 0192 2E       		.uleb128 0x2e
 1708 0193 01       		.byte	0x1
 1709 0194 47       		.uleb128 0x47
 1710 0195 13       		.uleb128 0x13
 1711 0196 3B       		.uleb128 0x3b
 1712 0197 0B       		.uleb128 0xb
 1713 0198 11       		.uleb128 0x11
 1714 0199 01       		.uleb128 0x1
 1715 019a 12       		.uleb128 0x12
 1716 019b 06       		.uleb128 0x6
 1717 019c 40       		.uleb128 0x40
 1718 019d 18       		.uleb128 0x18
 1719 019e 9642     		.uleb128 0x2116
 1720 01a0 19       		.uleb128 0x19
 1721 01a1 01       		.uleb128 0x1
 1722 01a2 13       		.uleb128 0x13
 1723 01a3 00       		.byte	0
 1724 01a4 00       		.byte	0
 1725 01a5 1E       		.uleb128 0x1e
 1726 01a6 0B       		.uleb128 0xb
 1727 01a7 01       		.byte	0x1
 1728 01a8 11       		.uleb128 0x11
 1729 01a9 01       		.uleb128 0x1
 1730 01aa 12       		.uleb128 0x12
 1731 01ab 06       		.uleb128 0x6
 1732 01ac 00       		.byte	0
 1733 01ad 00       		.byte	0
 1734 01ae 1F       		.uleb128 0x1f
 1735 01af 34       		.uleb128 0x34
 1736 01b0 00       		.byte	0
 1737 01b1 03       		.uleb128 0x3
 1738 01b2 08       		.uleb128 0x8
 1739 01b3 3A       		.uleb128 0x3a
 1740 01b4 0B       		.uleb128 0xb
 1741 01b5 3B       		.uleb128 0x3b
 1742 01b6 0B       		.uleb128 0xb
 1743 01b7 49       		.uleb128 0x49
 1744 01b8 13       		.uleb128 0x13
 1745 01b9 02       		.uleb128 0x2
 1746 01ba 18       		.uleb128 0x18
 1747 01bb 00       		.byte	0
 1748 01bc 00       		.byte	0
 1749 01bd 20       		.uleb128 0x20
 1750 01be 2E       		.uleb128 0x2e
 1751 01bf 00       		.byte	0
 1752 01c0 47       		.uleb128 0x47
 1753 01c1 13       		.uleb128 0x13
 1754 01c2 3B       		.uleb128 0x3b
 1755 01c3 0B       		.uleb128 0xb
 1756 01c4 11       		.uleb128 0x11
 1757 01c5 01       		.uleb128 0x1
ARM GAS  /tmp/cchiKlBg.s 			page 32


 1758 01c6 12       		.uleb128 0x12
 1759 01c7 06       		.uleb128 0x6
 1760 01c8 40       		.uleb128 0x40
 1761 01c9 18       		.uleb128 0x18
 1762 01ca 9642     		.uleb128 0x2116
 1763 01cc 19       		.uleb128 0x19
 1764 01cd 00       		.byte	0
 1765 01ce 00       		.byte	0
 1766 01cf 21       		.uleb128 0x21
 1767 01d0 2E       		.uleb128 0x2e
 1768 01d1 01       		.byte	0x1
 1769 01d2 47       		.uleb128 0x47
 1770 01d3 13       		.uleb128 0x13
 1771 01d4 3A       		.uleb128 0x3a
 1772 01d5 0B       		.uleb128 0xb
 1773 01d6 3B       		.uleb128 0x3b
 1774 01d7 0B       		.uleb128 0xb
 1775 01d8 11       		.uleb128 0x11
 1776 01d9 01       		.uleb128 0x1
 1777 01da 12       		.uleb128 0x12
 1778 01db 06       		.uleb128 0x6
 1779 01dc 40       		.uleb128 0x40
 1780 01dd 18       		.uleb128 0x18
 1781 01de 64       		.uleb128 0x64
 1782 01df 13       		.uleb128 0x13
 1783 01e0 9742     		.uleb128 0x2117
 1784 01e2 19       		.uleb128 0x19
 1785 01e3 01       		.uleb128 0x1
 1786 01e4 13       		.uleb128 0x13
 1787 01e5 00       		.byte	0
 1788 01e6 00       		.byte	0
 1789 01e7 22       		.uleb128 0x22
 1790 01e8 05       		.uleb128 0x5
 1791 01e9 00       		.byte	0
 1792 01ea 03       		.uleb128 0x3
 1793 01eb 0E       		.uleb128 0xe
 1794 01ec 49       		.uleb128 0x49
 1795 01ed 13       		.uleb128 0x13
 1796 01ee 34       		.uleb128 0x34
 1797 01ef 19       		.uleb128 0x19
 1798 01f0 02       		.uleb128 0x2
 1799 01f1 18       		.uleb128 0x18
 1800 01f2 00       		.byte	0
 1801 01f3 00       		.byte	0
 1802 01f4 23       		.uleb128 0x23
 1803 01f5 34       		.uleb128 0x34
 1804 01f6 00       		.byte	0
 1805 01f7 03       		.uleb128 0x3
 1806 01f8 0E       		.uleb128 0xe
 1807 01f9 3A       		.uleb128 0x3a
 1808 01fa 0B       		.uleb128 0xb
 1809 01fb 3B       		.uleb128 0x3b
 1810 01fc 0B       		.uleb128 0xb
 1811 01fd 49       		.uleb128 0x49
 1812 01fe 13       		.uleb128 0x13
 1813 01ff 02       		.uleb128 0x2
 1814 0200 18       		.uleb128 0x18
ARM GAS  /tmp/cchiKlBg.s 			page 33


 1815 0201 00       		.byte	0
 1816 0202 00       		.byte	0
 1817 0203 24       		.uleb128 0x24
 1818 0204 05       		.uleb128 0x5
 1819 0205 00       		.byte	0
 1820 0206 03       		.uleb128 0x3
 1821 0207 0E       		.uleb128 0xe
 1822 0208 3A       		.uleb128 0x3a
 1823 0209 0B       		.uleb128 0xb
 1824 020a 3B       		.uleb128 0x3b
 1825 020b 0B       		.uleb128 0xb
 1826 020c 49       		.uleb128 0x49
 1827 020d 13       		.uleb128 0x13
 1828 020e 02       		.uleb128 0x2
 1829 020f 18       		.uleb128 0x18
 1830 0210 00       		.byte	0
 1831 0211 00       		.byte	0
 1832 0212 25       		.uleb128 0x25
 1833 0213 2E       		.uleb128 0x2e
 1834 0214 01       		.byte	0x1
 1835 0215 47       		.uleb128 0x47
 1836 0216 13       		.uleb128 0x13
 1837 0217 3A       		.uleb128 0x3a
 1838 0218 0B       		.uleb128 0xb
 1839 0219 3B       		.uleb128 0x3b
 1840 021a 0B       		.uleb128 0xb
 1841 021b 11       		.uleb128 0x11
 1842 021c 01       		.uleb128 0x1
 1843 021d 12       		.uleb128 0x12
 1844 021e 06       		.uleb128 0x6
 1845 021f 40       		.uleb128 0x40
 1846 0220 18       		.uleb128 0x18
 1847 0221 64       		.uleb128 0x64
 1848 0222 13       		.uleb128 0x13
 1849 0223 9642     		.uleb128 0x2116
 1850 0225 19       		.uleb128 0x19
 1851 0226 01       		.uleb128 0x1
 1852 0227 13       		.uleb128 0x13
 1853 0228 00       		.byte	0
 1854 0229 00       		.byte	0
 1855 022a 26       		.uleb128 0x26
 1856 022b 2E       		.uleb128 0x2e
 1857 022c 01       		.byte	0x1
 1858 022d 47       		.uleb128 0x47
 1859 022e 13       		.uleb128 0x13
 1860 022f 3A       		.uleb128 0x3a
 1861 0230 0B       		.uleb128 0xb
 1862 0231 3B       		.uleb128 0x3b
 1863 0232 0B       		.uleb128 0xb
 1864 0233 20       		.uleb128 0x20
 1865 0234 0B       		.uleb128 0xb
 1866 0235 64       		.uleb128 0x64
 1867 0236 13       		.uleb128 0x13
 1868 0237 01       		.uleb128 0x1
 1869 0238 13       		.uleb128 0x13
 1870 0239 00       		.byte	0
 1871 023a 00       		.byte	0
ARM GAS  /tmp/cchiKlBg.s 			page 34


 1872 023b 27       		.uleb128 0x27
 1873 023c 2E       		.uleb128 0x2e
 1874 023d 01       		.byte	0x1
 1875 023e 31       		.uleb128 0x31
 1876 023f 13       		.uleb128 0x13
 1877 0240 6E       		.uleb128 0x6e
 1878 0241 0E       		.uleb128 0xe
 1879 0242 11       		.uleb128 0x11
 1880 0243 01       		.uleb128 0x1
 1881 0244 12       		.uleb128 0x12
 1882 0245 06       		.uleb128 0x6
 1883 0246 40       		.uleb128 0x40
 1884 0247 18       		.uleb128 0x18
 1885 0248 64       		.uleb128 0x64
 1886 0249 13       		.uleb128 0x13
 1887 024a 9642     		.uleb128 0x2116
 1888 024c 19       		.uleb128 0x19
 1889 024d 01       		.uleb128 0x1
 1890 024e 13       		.uleb128 0x13
 1891 024f 00       		.byte	0
 1892 0250 00       		.byte	0
 1893 0251 28       		.uleb128 0x28
 1894 0252 05       		.uleb128 0x5
 1895 0253 00       		.byte	0
 1896 0254 03       		.uleb128 0x3
 1897 0255 0E       		.uleb128 0xe
 1898 0256 3A       		.uleb128 0x3a
 1899 0257 0B       		.uleb128 0xb
 1900 0258 3B       		.uleb128 0x3b
 1901 0259 0B       		.uleb128 0xb
 1902 025a 49       		.uleb128 0x49
 1903 025b 13       		.uleb128 0x13
 1904 025c 00       		.byte	0
 1905 025d 00       		.byte	0
 1906 025e 29       		.uleb128 0x29
 1907 025f 2E       		.uleb128 0x2e
 1908 0260 01       		.byte	0x1
 1909 0261 31       		.uleb128 0x31
 1910 0262 13       		.uleb128 0x13
 1911 0263 6E       		.uleb128 0x6e
 1912 0264 0E       		.uleb128 0xe
 1913 0265 11       		.uleb128 0x11
 1914 0266 01       		.uleb128 0x1
 1915 0267 12       		.uleb128 0x12
 1916 0268 06       		.uleb128 0x6
 1917 0269 40       		.uleb128 0x40
 1918 026a 18       		.uleb128 0x18
 1919 026b 64       		.uleb128 0x64
 1920 026c 13       		.uleb128 0x13
 1921 026d 9642     		.uleb128 0x2116
 1922 026f 19       		.uleb128 0x19
 1923 0270 00       		.byte	0
 1924 0271 00       		.byte	0
 1925 0272 00       		.byte	0
 1926              		.section	.debug_aranges,"",%progbits
 1927 0000 74000000 		.4byte	0x74
 1928 0004 0200     		.2byte	0x2
ARM GAS  /tmp/cchiKlBg.s 			page 35


 1929 0006 00000000 		.4byte	.Ldebug_info0
 1930 000a 04       		.byte	0x4
 1931 000b 00       		.byte	0
 1932 000c 0000     		.2byte	0
 1933 000e 0000     		.2byte	0
 1934 0010 00000000 		.4byte	.LFB6
 1935 0014 0C000000 		.4byte	.LFE6-.LFB6
 1936 0018 00000000 		.4byte	.LFB18
 1937 001c 0E000000 		.4byte	.LFE18-.LFB18
 1938 0020 00000000 		.4byte	.LFB19
 1939 0024 0E000000 		.4byte	.LFE19-.LFB19
 1940 0028 00000000 		.4byte	.LFB26
 1941 002c 08000000 		.4byte	.LFE26-.LFB26
 1942 0030 00000000 		.4byte	.LFB27
 1943 0034 08000000 		.4byte	.LFE27-.LFB27
 1944 0038 00000000 		.4byte	.LFB36
 1945 003c 28000000 		.4byte	.LFE36-.LFB36
 1946 0040 00000000 		.4byte	.LFB37
 1947 0044 1E000000 		.4byte	.LFE37-.LFB37
 1948 0048 00000000 		.4byte	.LFB38
 1949 004c 38000000 		.4byte	.LFE38-.LFB38
 1950 0050 00000000 		.4byte	.LFB39
 1951 0054 2A000000 		.4byte	.LFE39-.LFB39
 1952 0058 00000000 		.4byte	.LFB40
 1953 005c 64000000 		.4byte	.LFE40-.LFB40
 1954 0060 00000000 		.4byte	.LFB42
 1955 0064 1C000000 		.4byte	.LFE42-.LFB42
 1956 0068 00000000 		.4byte	.LFB45
 1957 006c 2E000000 		.4byte	.LFE45-.LFB45
 1958 0070 00000000 		.4byte	0
 1959 0074 00000000 		.4byte	0
 1960              		.section	.debug_ranges,"",%progbits
 1961              	.Ldebug_ranges0:
 1962 0000 00000000 		.4byte	.LFB6
 1963 0004 0C000000 		.4byte	.LFE6
 1964 0008 00000000 		.4byte	.LFB18
 1965 000c 0E000000 		.4byte	.LFE18
 1966 0010 00000000 		.4byte	.LFB19
 1967 0014 0E000000 		.4byte	.LFE19
 1968 0018 00000000 		.4byte	.LFB26
 1969 001c 08000000 		.4byte	.LFE26
 1970 0020 00000000 		.4byte	.LFB27
 1971 0024 08000000 		.4byte	.LFE27
 1972 0028 00000000 		.4byte	.LFB36
 1973 002c 28000000 		.4byte	.LFE36
 1974 0030 00000000 		.4byte	.LFB37
 1975 0034 1E000000 		.4byte	.LFE37
 1976 0038 00000000 		.4byte	.LFB38
 1977 003c 38000000 		.4byte	.LFE38
 1978 0040 00000000 		.4byte	.LFB39
 1979 0044 2A000000 		.4byte	.LFE39
 1980 0048 00000000 		.4byte	.LFB40
 1981 004c 64000000 		.4byte	.LFE40
 1982 0050 00000000 		.4byte	.LFB42
 1983 0054 1C000000 		.4byte	.LFE42
 1984 0058 00000000 		.4byte	.LFB45
 1985 005c 2E000000 		.4byte	.LFE45
ARM GAS  /tmp/cchiKlBg.s 			page 36


 1986 0060 00000000 		.4byte	0
 1987 0064 00000000 		.4byte	0
 1988              		.section	.debug_line,"",%progbits
 1989              	.Ldebug_line0:
 1990 0000 23030000 		.section	.debug_str,"MS",%progbits,1
 1990      0200FE01 
 1990      00000201 
 1990      FB0E0D00 
 1990      01010101 
 1991              	.LASF49:
 1992 0000 626C6F63 		.ascii	"blocklen\000"
 1992      6B6C656E 
 1992      00
 1993              	.LASF14:
 1994 0009 73747263 		.ascii	"strcoll\000"
 1994      6F6C6C00 
 1995              	.LASF3:
 1996 0011 5F5F7569 		.ascii	"__uint8_t\000"
 1996      6E74385F 
 1996      7400
 1997              	.LASF2:
 1998 001b 73697A65 		.ascii	"size_t\000"
 1998      5F7400
 1999              	.LASF30:
 2000 0022 66726565 		.ascii	"free_unsafe\000"
 2000      5F756E73 
 2000      61666500 
 2001              	.LASF50:
 2002 002e 63757270 		.ascii	"curp\000"
 2002      00
 2003              	.LASF27:
 2004 0033 5F5A4E33 		.ascii	"_ZN3r2p7SysLock7releaseEv\000"
 2004      72327037 
 2004      5379734C 
 2004      6F636B37 
 2004      72656C65 
 2005              	.LASF31:
 2006 004d 616C6C6F 		.ascii	"alloc_unsafe\000"
 2006      635F756E 
 2006      73616665 
 2006      00
 2007              	.LASF52:
 2008 005a 5F5A4E33 		.ascii	"_ZN3r2p11SimplePool_C2Ev\000"
 2008      72327031 
 2008      3153696D 
 2008      706C6550 
 2008      6F6F6C5F 
 2009              	.LASF19:
 2010 0073 7E556E63 		.ascii	"~Uncopyable\000"
 2010      6F707961 
 2010      626C6500 
 2011              	.LASF7:
 2012 007f 6C6F6E67 		.ascii	"long int\000"
 2012      20696E74 
 2012      00
 2013              	.LASF43:
 2014 0088 626F6F6C 		.ascii	"bool\000"
ARM GAS  /tmp/cchiKlBg.s 			page 37


 2014      00
 2015              	.LASF41:
 2016 008d 75696E74 		.ascii	"uint8_t\000"
 2016      385F7400 
 2017              	.LASF47:
 2018 0095 61727261 		.ascii	"arrayp\000"
 2018      797000
 2019              	.LASF32:
 2020 009c 616C6C6F 		.ascii	"alloc\000"
 2020      6300
 2021              	.LASF39:
 2022 00a2 5F5A4E33 		.ascii	"_ZN3r2p11SimplePool_4growEPvjj\000"
 2022      72327031 
 2022      3153696D 
 2022      706C6550 
 2022      6F6F6C5F 
 2023              	.LASF1:
 2024 00c1 7369676E 		.ascii	"signed char\000"
 2024      65642063 
 2024      68617200 
 2025              	.LASF4:
 2026 00cd 756E7369 		.ascii	"unsigned char\000"
 2026      676E6564 
 2026      20636861 
 2026      7200
 2027              	.LASF45:
 2028 00db 74686973 		.ascii	"this\000"
 2028      00
 2029              	.LASF38:
 2030 00e0 67726F77 		.ascii	"grow\000"
 2030      00
 2031              	.LASF9:
 2032 00e5 6C6F6E67 		.ascii	"long unsigned int\000"
 2032      20756E73 
 2032      69676E65 
 2032      6420696E 
 2032      7400
 2033              	.LASF53:
 2034 00f7 474E5520 		.ascii	"GNU C++ 4.8.4 20141219 (release) -mcpu=cortex-m4 -m"
 2034      432B2B20 
 2034      342E382E 
 2034      34203230 
 2034      31343132 
 2035 012a 666C6F61 		.ascii	"float-abi=hard -mfpu=fpv4-sp-d16 -mno-thumb-interwo"
 2035      742D6162 
 2035      693D6861 
 2035      7264202D 
 2035      6D667075 
 2036 015d 726B202D 		.ascii	"rk -mthumb -ggdb -O0 -fomit-frame-pointer -falign-f"
 2036      6D746875 
 2036      6D62202D 
 2036      67676462 
 2036      202D4F30 
 2037 0190 756E6374 		.ascii	"unctions=16 -ffunction-sections -fdata-sections -fn"
 2037      696F6E73 
 2037      3D313620 
 2037      2D666675 
ARM GAS  /tmp/cchiKlBg.s 			page 38


 2037      6E637469 
 2038 01c3 6F2D636F 		.ascii	"o-common -fsingle-precision-constant -fno-rtti -fno"
 2038      6D6D6F6E 
 2038      202D6673 
 2038      696E676C 
 2038      652D7072 
 2039 01f6 2D657863 		.ascii	"-exceptions -fno-threadsafe-statics\000"
 2039      65707469 
 2039      6F6E7320 
 2039      2D666E6F 
 2039      2D746872 
 2040              	.LASF6:
 2041 021a 73686F72 		.ascii	"short unsigned int\000"
 2041      7420756E 
 2041      7369676E 
 2041      65642069 
 2041      6E7400
 2042              	.LASF8:
 2043 022d 5F5F7569 		.ascii	"__uint32_t\000"
 2043      6E743332 
 2043      5F7400
 2044              	.LASF20:
 2045 0238 5379734C 		.ascii	"SysLock_\000"
 2045      6F636B5F 
 2045      00
 2046              	.LASF5:
 2047 0241 73686F72 		.ascii	"short int\000"
 2047      7420696E 
 2047      7400
 2048              	.LASF25:
 2049 024b 5379734C 		.ascii	"SysLock\000"
 2049      6F636B00 
 2050              	.LASF55:
 2051 0253 2F686F6D 		.ascii	"/home/dave/workspace-demo/IMU/\000"
 2051      652F6461 
 2051      76652F77 
 2051      6F726B73 
 2051      70616365 
 2052              	.LASF18:
 2053 0272 556E636F 		.ascii	"Uncopyable\000"
 2053      70796162 
 2053      6C6500
 2054              	.LASF17:
 2055 027d 73747278 		.ascii	"strxfrm\000"
 2055      66726D00 
 2056              	.LASF36:
 2057 0285 5F5A4E33 		.ascii	"_ZN3r2p11SimplePool_11free_unsafeEPv\000"
 2057      72327031 
 2057      3153696D 
 2057      706C6550 
 2057      6F6F6C5F 
 2058              	.LASF0:
 2059 02aa 756E7369 		.ascii	"unsigned int\000"
 2059      676E6564 
 2059      20696E74 
 2059      00
 2060              	.LASF21:
ARM GAS  /tmp/cchiKlBg.s 			page 39


 2061 02b7 61637175 		.ascii	"acquire\000"
 2061      69726500 
 2062              	.LASF11:
 2063 02bf 6C6F6E67 		.ascii	"long long unsigned int\000"
 2063      206C6F6E 
 2063      6720756E 
 2063      7369676E 
 2063      65642069 
 2064              	.LASF51:
 2065 02d6 5F5A4E33 		.ascii	"_ZN3r2p10UncopyableC2Ev\000"
 2065      72327031 
 2065      30556E63 
 2065      6F707961 
 2065      626C6543 
 2066              	.LASF34:
 2067 02ee 5F5A4E33 		.ascii	"_ZN3r2p11SimplePool_5allocEv\000"
 2067      72327031 
 2067      3153696D 
 2067      706C6550 
 2067      6F6F6C5F 
 2068              	.LASF44:
 2069 030b 626C6F63 		.ascii	"blockp\000"
 2069      6B7000
 2070              	.LASF12:
 2071 0312 73697A65 		.ascii	"sizetype\000"
 2071      74797065 
 2071      00
 2072              	.LASF35:
 2073 031b 66726565 		.ascii	"free\000"
 2073      00
 2074              	.LASF10:
 2075 0320 6C6F6E67 		.ascii	"long long int\000"
 2075      206C6F6E 
 2075      6720696E 
 2075      7400
 2076              	.LASF24:
 2077 032e 5F5A4E33 		.ascii	"_ZN3r2p8SysLock_7releaseEv\000"
 2077      72327038 
 2077      5379734C 
 2077      6F636B5F 
 2077      3772656C 
 2078              	.LASF13:
 2079 0349 63686172 		.ascii	"char\000"
 2079      00
 2080              	.LASF40:
 2081 034e 53696D70 		.ascii	"SimplePool_\000"
 2081      6C65506F 
 2081      6F6C5F00 
 2082              	.LASF23:
 2083 035a 5F5A4E33 		.ascii	"_ZN3r2p8SysLock_7acquireEv\000"
 2083      72327038 
 2083      5379734C 
 2083      6F636B5F 
 2083      37616371 
 2084              	.LASF46:
 2085 0375 6F626A70 		.ascii	"objp\000"
 2085      00
ARM GAS  /tmp/cchiKlBg.s 			page 40


 2086              	.LASF37:
 2087 037a 5F5A4E33 		.ascii	"_ZN3r2p11SimplePool_4freeEPv\000"
 2087      72327031 
 2087      3153696D 
 2087      706C6550 
 2087      6F6F6C5F 
 2088              	.LASF28:
 2089 0397 6E657874 		.ascii	"nextp\000"
 2089      7000
 2090              	.LASF42:
 2091 039d 75696E74 		.ascii	"uint32_t\000"
 2091      33325F74 
 2091      00
 2092              	.LASF15:
 2093 03a6 73747265 		.ascii	"strerror\000"
 2093      72726F72 
 2093      00
 2094              	.LASF54:
 2095 03af 2F686F6D 		.ascii	"/home/dave/r2p-sdk/core/Middleware/src/impl/SimpleP"
 2095      652F6461 
 2095      76652F72 
 2095      32702D73 
 2095      646B2F63 
 2096 03e2 6F6F6C5F 		.ascii	"ool_.cpp\000"
 2096      2E637070 
 2096      00
 2097              	.LASF26:
 2098 03eb 5F5A4E33 		.ascii	"_ZN3r2p7SysLock7acquireEv\000"
 2098      72327037 
 2098      5379734C 
 2098      6F636B37 
 2098      61637175 
 2099              	.LASF57:
 2100 0405 5F5A4E33 		.ascii	"_ZN3r2p11SimplePool_C2EPvjj\000"
 2100      72327031 
 2100      3153696D 
 2100      706C6550 
 2100      6F6F6C5F 
 2101              	.LASF16:
 2102 0421 73747274 		.ascii	"strtok\000"
 2102      6F6B00
 2103              	.LASF33:
 2104 0428 5F5A4E33 		.ascii	"_ZN3r2p11SimplePool_12alloc_unsafeEv\000"
 2104      72327031 
 2104      3153696D 
 2104      706C6550 
 2104      6F6F6C5F 
 2105              	.LASF56:
 2106 044d 48656164 		.ascii	"Header\000"
 2106      657200
 2107              	.LASF48:
 2108 0454 6C656E67 		.ascii	"length\000"
 2108      746800
 2109              	.LASF29:
 2110 045b 68656164 		.ascii	"headp\000"
 2110      7000
 2111              	.LASF22:
ARM GAS  /tmp/cchiKlBg.s 			page 41


 2112 0461 72656C65 		.ascii	"release\000"
 2112      61736500 
 2113              		.ident	"GCC: (4.8.4-1+11-1) 4.8.4 20141219 (release)"
ARM GAS  /tmp/cchiKlBg.s 			page 42


DEFINED SYMBOLS
                            *ABS*:0000000000000000 SimplePool_.cpp
     /tmp/cchiKlBg.s:21     .text._ZN3r2p10UncopyableC2Ev:0000000000000000 $t
     /tmp/cchiKlBg.s:27     .text._ZN3r2p10UncopyableC2Ev:0000000000000000 _ZN3r2p10UncopyableC2Ev
     /tmp/cchiKlBg.s:27     .text._ZN3r2p10UncopyableC2Ev:0000000000000000 _ZN3r2p10UncopyableC1Ev
     /tmp/cchiKlBg.s:50     .text._ZN3r2p8SysLock_7acquireEv:0000000000000000 $t
     /tmp/cchiKlBg.s:56     .text._ZN3r2p8SysLock_7acquireEv:0000000000000000 _ZN3r2p8SysLock_7acquireEv
     /tmp/cchiKlBg.s:86     .text._ZN3r2p8SysLock_7releaseEv:0000000000000000 $t
     /tmp/cchiKlBg.s:92     .text._ZN3r2p8SysLock_7releaseEv:0000000000000000 _ZN3r2p8SysLock_7releaseEv
     /tmp/cchiKlBg.s:121    .text._ZN3r2p7SysLock7acquireEv:0000000000000000 $t
     /tmp/cchiKlBg.s:127    .text._ZN3r2p7SysLock7acquireEv:0000000000000000 _ZN3r2p7SysLock7acquireEv
     /tmp/cchiKlBg.s:146    .text._ZN3r2p7SysLock7releaseEv:0000000000000000 $t
     /tmp/cchiKlBg.s:152    .text._ZN3r2p7SysLock7releaseEv:0000000000000000 _ZN3r2p7SysLock7releaseEv
     /tmp/cchiKlBg.s:170    .text._ZN3r2p11SimplePool_12alloc_unsafeEv:0000000000000000 $t
     /tmp/cchiKlBg.s:176    .text._ZN3r2p11SimplePool_12alloc_unsafeEv:0000000000000000 _ZN3r2p11SimplePool_12alloc_unsafeEv
     /tmp/cchiKlBg.s:224    .text._ZN3r2p11SimplePool_11free_unsafeEPv:0000000000000000 $t
     /tmp/cchiKlBg.s:230    .text._ZN3r2p11SimplePool_11free_unsafeEPv:0000000000000000 _ZN3r2p11SimplePool_11free_unsafeEPv
     /tmp/cchiKlBg.s:263    .text._ZN3r2p11SimplePool_5allocEv:0000000000000000 $t
     /tmp/cchiKlBg.s:269    .text._ZN3r2p11SimplePool_5allocEv:0000000000000000 _ZN3r2p11SimplePool_5allocEv
     /tmp/cchiKlBg.s:324    .text._ZN3r2p11SimplePool_4freeEPv:0000000000000000 $t
     /tmp/cchiKlBg.s:330    .text._ZN3r2p11SimplePool_4freeEPv:0000000000000000 _ZN3r2p11SimplePool_4freeEPv
     /tmp/cchiKlBg.s:369    .rodata:0000000000000000 $d
     /tmp/cchiKlBg.s:373    .text._ZN3r2p11SimplePool_4growEPvjj:0000000000000000 $t
     /tmp/cchiKlBg.s:379    .text._ZN3r2p11SimplePool_4growEPvjj:0000000000000000 _ZN3r2p11SimplePool_4growEPvjj
     /tmp/cchiKlBg.s:456    .text._ZN3r2p11SimplePool_4growEPvjj:0000000000000060 $d
     /tmp/cchiKlBg.s:461    .text._ZN3r2p11SimplePool_C2Ev:0000000000000000 $t
     /tmp/cchiKlBg.s:467    .text._ZN3r2p11SimplePool_C2Ev:0000000000000000 _ZN3r2p11SimplePool_C2Ev
     /tmp/cchiKlBg.s:467    .text._ZN3r2p11SimplePool_C2Ev:0000000000000000 _ZN3r2p11SimplePool_C1Ev
     /tmp/cchiKlBg.s:499    .text._ZN3r2p11SimplePool_C2EPvjj:0000000000000000 $t
     /tmp/cchiKlBg.s:505    .text._ZN3r2p11SimplePool_C2EPvjj:0000000000000000 _ZN3r2p11SimplePool_C2EPvjj
     /tmp/cchiKlBg.s:505    .text._ZN3r2p11SimplePool_C2EPvjj:0000000000000000 _ZN3r2p11SimplePool_C1EPvjj
                     .debug_frame:0000000000000010 $d
     /tmp/cchiKlBg.s:460    .text._ZN3r2p11SimplePool_4growEPvjj:0000000000000064 $t
                           .group:0000000000000000 _ZN3r2p10UncopyableC5Ev

UNDEFINED SYMBOLS
dbg_check_lock
dbg_check_unlock
chDbgPanic
