ARM GAS  /tmp/cc7KgYHl.s 			page 1


   1              		.syntax unified
   2              		.cpu cortex-m4
   3              		.eabi_attribute 27, 3
   4              		.eabi_attribute 28, 1
   5              		.fpu fpv4-sp-d16
   6              		.eabi_attribute 20, 1
   7              		.eabi_attribute 21, 1
   8              		.eabi_attribute 23, 3
   9              		.eabi_attribute 24, 1
  10              		.eabi_attribute 25, 1
  11              		.eabi_attribute 26, 1
  12              		.eabi_attribute 30, 6
  13              		.eabi_attribute 34, 1
  14              		.eabi_attribute 18, 4
  15              		.thumb
  16              		.file	"Time_.cpp"
  17              		.text
  18              	.Ltext0:
  19              		.cfi_sections	.debug_frame
  20              		.section	.text._ZN3r2p4Time2msEl,"axG",%progbits,_ZN3r2p4Time2msEl,comdat
  21              		.align	2
  22              		.p2align 4,,15
  23              		.weak	_ZN3r2p4Time2msEl
  24              		.thumb
  25              		.thumb_func
  26              		.type	_ZN3r2p4Time2msEl, %function
  27              	_ZN3r2p4Time2msEl:
  28              	.LFB58:
  29              		.file 1 "/home/dave/r2p-sdk/core/Middleware/include/r2p/Time.hpp"
  30              		.loc 1 184 0
  31              		.cfi_startproc
  32              		@ args = 0, pretend = 0, frame = 8
  33              		@ frame_needed = 0, uses_anonymous_args = 0
  34 0000 00B5     		push	{lr}
  35              		.cfi_def_cfa_offset 4
  36              		.cfi_offset 14, -4
  37 0002 83B0     		sub	sp, sp, #12
  38              		.cfi_def_cfa_offset 16
  39 0004 0190     		str	r0, [sp, #4]
  40 0006 0091     		str	r1, [sp]
  41              		.loc 1 186 0
  42 0008 009B     		ldr	r3, [sp]
  43 000a 4FF47A72 		mov	r2, #1000
  44 000e 02FB03F3 		mul	r3, r2, r3
  45 0012 0198     		ldr	r0, [sp, #4]
  46 0014 1946     		mov	r1, r3
  47 0016 FFF7FEFF 		bl	_ZN3r2p4TimeC1IlEET_
  48              		.loc 1 187 0
  49 001a 0198     		ldr	r0, [sp, #4]
  50 001c 03B0     		add	sp, sp, #12
  51              		@ sp needed
  52 001e 5DF804FB 		ldr	pc, [sp], #4
  53              		.cfi_endproc
  54              	.LFE58:
  55              		.size	_ZN3r2p4Time2msEl, .-_ZN3r2p4Time2msEl
  56 0022 00BFAFF3 		.section	.text._ZN3r2p4Time3nowEv,"ax",%progbits
  56      0080AFF3 
ARM GAS  /tmp/cc7KgYHl.s 			page 2


  56      0080AFF3 
  56      0080
  57              		.align	2
  58              		.p2align 4,,15
  59              		.global	_ZN3r2p4Time3nowEv
  60              		.thumb
  61              		.thumb_func
  62              		.type	_ZN3r2p4Time3nowEv, %function
  63              	_ZN3r2p4Time3nowEv:
  64              	.LFB70:
  65              		.file 2 "/home/dave/r2p-sdk/core/Middleware/port/chibios/src/impl/Time_.cpp"
  66              		.loc 2 8 0
  67              		.cfi_startproc
  68              		@ args = 0, pretend = 0, frame = 8
  69              		@ frame_needed = 0, uses_anonymous_args = 0
  70 0000 10B5     		push	{r4, lr}
  71              		.cfi_def_cfa_offset 8
  72              		.cfi_offset 4, -8
  73              		.cfi_offset 14, -4
  74 0002 82B0     		sub	sp, sp, #8
  75              		.cfi_def_cfa_offset 16
  76 0004 0190     		str	r0, [sp, #4]
  77              	.LBB2:
  78              		.loc 2 10 0
  79 0006 0C4B     		ldr	r3, .L9
  80 0008 DB68     		ldr	r3, [r3, #12]
  81 000a 1C46     		mov	r4, r3
  82              		.loc 2 11 0
  83 000c 0B4B     		ldr	r3, .L9+4
  84 000e 1B68     		ldr	r3, [r3]
  85              		.loc 2 12 0
  86 0010 A342     		cmp	r3, r4
  87 0012 01D1     		bne	.L4
  88              		.loc 2 12 0 is_stmt 0 discriminator 1
  89 0014 631C     		adds	r3, r4, #1
  90 0016 06E0     		b	.L5
  91              	.L4:
  92              		.loc 2 12 0 discriminator 2
  93 0018 094B     		ldr	r3, .L9+8
  94 001a 1B68     		ldr	r3, [r3]
  95 001c A342     		cmp	r3, r4
  96 001e 01D1     		bne	.L6
  97              		.loc 2 12 0 discriminator 3
  98 0020 631E     		subs	r3, r4, #1
  99 0022 00E0     		b	.L5
 100              	.L6:
 101              		.loc 2 12 0 discriminator 4
 102 0024 2346     		mov	r3, r4
 103              	.L5:
 104              		.loc 2 12 0 discriminator 6
 105 0026 019A     		ldr	r2, [sp, #4]
 106 0028 1046     		mov	r0, r2
 107 002a 1946     		mov	r1, r3
 108 002c FFF7FEFF 		bl	_ZN3r2p4Time2msEl
 109              	.LBE2:
 110              		.loc 2 13 0 is_stmt 1 discriminator 6
 111 0030 0198     		ldr	r0, [sp, #4]
ARM GAS  /tmp/cc7KgYHl.s 			page 3


 112 0032 02B0     		add	sp, sp, #8
 113              		@ sp needed
 114 0034 10BD     		pop	{r4, pc}
 115              	.L10:
 116 0036 00BF     		.align	2
 117              	.L9:
 118 0038 00000000 		.word	vtlist
 119 003c 00000000 		.word	_ZN3r2p4Time9INFINITENE
 120 0040 00000000 		.word	_ZN3r2p4Time8INFINITEE
 121              		.cfi_endproc
 122              	.LFE70:
 123              		.size	_ZN3r2p4Time3nowEv, .-_ZN3r2p4Time3nowEv
 124 0044 AFF30080 		.section	.text._ZN3r2p4TimeC2IlEET_,"axG",%progbits,_ZN3r2p4TimeC5IlEET_,comdat
 124      AFF30080 
 124      AFF30080 
 125              		.align	2
 126              		.p2align 4,,15
 127              		.weak	_ZN3r2p4TimeC2IlEET_
 128              		.thumb
 129              		.thumb_func
 130              		.type	_ZN3r2p4TimeC2IlEET_, %function
 131              	_ZN3r2p4TimeC2IlEET_:
 132              	.LFB72:
 133              		.loc 1 159 0
 134              		.cfi_startproc
 135              		@ args = 0, pretend = 0, frame = 8
 136              		@ frame_needed = 0, uses_anonymous_args = 0
 137              		@ link register save eliminated.
 138 0000 82B0     		sub	sp, sp, #8
 139              		.cfi_def_cfa_offset 8
 140 0002 0190     		str	r0, [sp, #4]
 141 0004 0091     		str	r1, [sp]
 142              	.LBB3:
 143              		.loc 1 161 0
 144 0006 019B     		ldr	r3, [sp, #4]
 145 0008 009A     		ldr	r2, [sp]
 146 000a 1A60     		str	r2, [r3]
 147              	.LBE3:
 148              		.loc 1 162 0
 149 000c 019B     		ldr	r3, [sp, #4]
 150 000e 1846     		mov	r0, r3
 151 0010 02B0     		add	sp, sp, #8
 152              		@ sp needed
 153 0012 7047     		bx	lr
 154              		.cfi_endproc
 155              	.LFE72:
 156              		.size	_ZN3r2p4TimeC2IlEET_, .-_ZN3r2p4TimeC2IlEET_
 157              		.weak	_ZN3r2p4TimeC1IlEET_
 158              		.thumb_set _ZN3r2p4TimeC1IlEET_,_ZN3r2p4TimeC2IlEET_
 159 0014 AFF30080 		.text
 159      AFF30080 
 159      AFF30080 
 160              	.Letext0:
 161              		.file 3 "/usr/lib/gcc/arm-none-eabi/4.8/include/stddef.h"
 162              		.file 4 "/usr/include/newlib/machine/_default_types.h"
 163              		.file 5 "/usr/include/newlib/c++/4.8/cstring"
 164              		.file 6 "/usr/include/newlib/string.h"
ARM GAS  /tmp/cc7KgYHl.s 			page 4


 165              		.file 7 "<built-in>"
 166              		.file 8 "/home/dave/r2p-sdk/core/Middleware/include/r2p/Uncopyable.hpp"
 167              		.file 9 "/usr/include/newlib/stdint.h"
 168              		.file 10 "/home/dave/r2p-sdk/core/ChibiOS/os/ports/GCC/ARMCMx/chtypes.h"
 169              		.file 11 "/home/dave/r2p-sdk/core/ChibiOS/os/kernel/include/chvt.h"
 170              		.section	.debug_info,"",%progbits
 171              	.Ldebug_info0:
 172 0000 C3050000 		.4byte	0x5c3
 173 0004 0400     		.2byte	0x4
 174 0006 00000000 		.4byte	.Ldebug_abbrev0
 175 000a 04       		.byte	0x4
 176 000b 01       		.uleb128 0x1
 177 000c B7020000 		.4byte	.LASF63
 178 0010 04       		.byte	0x4
 179 0011 C2000000 		.4byte	.LASF64
 180 0015 92000000 		.4byte	.LASF65
 181 0019 00000000 		.4byte	.Ldebug_ranges0+0
 182 001d 00000000 		.4byte	0
 183 0021 00000000 		.4byte	.Ldebug_line0
 184 0025 02       		.uleb128 0x2
 185 0026 04       		.byte	0x4
 186 0027 05       		.byte	0x5
 187 0028 696E7400 		.ascii	"int\000"
 188 002c 03       		.uleb128 0x3
 189 002d 27000000 		.4byte	.LASF5
 190 0031 03       		.byte	0x3
 191 0032 D4       		.byte	0xd4
 192 0033 37000000 		.4byte	0x37
 193 0037 04       		.uleb128 0x4
 194 0038 04       		.byte	0x4
 195 0039 07       		.byte	0x7
 196 003a 3B020000 		.4byte	.LASF0
 197 003e 04       		.uleb128 0x4
 198 003f 01       		.byte	0x1
 199 0040 06       		.byte	0x6
 200 0041 60010000 		.4byte	.LASF1
 201 0045 04       		.uleb128 0x4
 202 0046 01       		.byte	0x1
 203 0047 08       		.byte	0x8
 204 0048 FB010000 		.4byte	.LASF2
 205 004c 04       		.uleb128 0x4
 206 004d 02       		.byte	0x2
 207 004e 05       		.byte	0x5
 208 004f 1D000000 		.4byte	.LASF3
 209 0053 04       		.uleb128 0x4
 210 0054 02       		.byte	0x2
 211 0055 07       		.byte	0x7
 212 0056 6B020000 		.4byte	.LASF4
 213 005a 03       		.uleb128 0x3
 214 005b 45040000 		.4byte	.LASF6
 215 005f 04       		.byte	0x4
 216 0060 3F       		.byte	0x3f
 217 0061 65000000 		.4byte	0x65
 218 0065 04       		.uleb128 0x4
 219 0066 04       		.byte	0x4
 220 0067 05       		.byte	0x5
 221 0068 9E020000 		.4byte	.LASF7
ARM GAS  /tmp/cc7KgYHl.s 			page 5


 222 006c 03       		.uleb128 0x3
 223 006d 37000000 		.4byte	.LASF8
 224 0071 04       		.byte	0x4
 225 0072 41       		.byte	0x41
 226 0073 77000000 		.4byte	0x77
 227 0077 04       		.uleb128 0x4
 228 0078 04       		.byte	0x4
 229 0079 07       		.byte	0x7
 230 007a 0B040000 		.4byte	.LASF9
 231 007e 04       		.uleb128 0x4
 232 007f 08       		.byte	0x8
 233 0080 05       		.byte	0x5
 234 0081 83010000 		.4byte	.LASF10
 235 0085 04       		.uleb128 0x4
 236 0086 08       		.byte	0x8
 237 0087 07       		.byte	0x7
 238 0088 13020000 		.4byte	.LASF11
 239 008c 04       		.uleb128 0x4
 240 008d 04       		.byte	0x4
 241 008e 07       		.byte	0x7
 242 008f 2E000000 		.4byte	.LASF12
 243 0093 05       		.uleb128 0x5
 244 0094 04       		.byte	0x4
 245 0095 06       		.uleb128 0x6
 246 0096 04       		.byte	0x4
 247 0097 9B000000 		.4byte	0x9b
 248 009b 04       		.uleb128 0x4
 249 009c 01       		.byte	0x1
 250 009d 08       		.byte	0x8
 251 009e 9A010000 		.4byte	.LASF13
 252 00a2 06       		.uleb128 0x6
 253 00a3 04       		.byte	0x4
 254 00a4 A8000000 		.4byte	0xa8
 255 00a8 07       		.uleb128 0x7
 256 00a9 9B000000 		.4byte	0x9b
 257 00ad 08       		.uleb128 0x8
 258 00ae 73746400 		.ascii	"std\000"
 259 00b2 07       		.byte	0x7
 260 00b3 00       		.byte	0
 261 00b4 D5000000 		.4byte	0xd5
 262 00b8 09       		.uleb128 0x9
 263 00b9 05       		.byte	0x5
 264 00ba 52       		.byte	0x52
 265 00bb D5000000 		.4byte	0xd5
 266 00bf 09       		.uleb128 0x9
 267 00c0 05       		.byte	0x5
 268 00c1 55       		.byte	0x55
 269 00c2 EF000000 		.4byte	0xef
 270 00c6 09       		.uleb128 0x9
 271 00c7 05       		.byte	0x5
 272 00c8 5B       		.byte	0x5b
 273 00c9 04010000 		.4byte	0x104
 274 00cd 09       		.uleb128 0x9
 275 00ce 05       		.byte	0x5
 276 00cf 5C       		.byte	0x5c
 277 00d0 1E010000 		.4byte	0x11e
 278 00d4 00       		.byte	0
ARM GAS  /tmp/cc7KgYHl.s 			page 6


 279 00d5 0A       		.uleb128 0xa
 280 00d6 AF020000 		.4byte	.LASF14
 281 00da 06       		.byte	0x6
 282 00db 1D       		.byte	0x1d
 283 00dc 25000000 		.4byte	0x25
 284 00e0 EF000000 		.4byte	0xef
 285 00e4 0B       		.uleb128 0xb
 286 00e5 A2000000 		.4byte	0xa2
 287 00e9 0B       		.uleb128 0xb
 288 00ea A2000000 		.4byte	0xa2
 289 00ee 00       		.byte	0
 290 00ef 0A       		.uleb128 0xa
 291 00f0 6F000000 		.4byte	.LASF15
 292 00f4 06       		.byte	0x6
 293 00f5 20       		.byte	0x20
 294 00f6 95000000 		.4byte	0x95
 295 00fa 04010000 		.4byte	0x104
 296 00fe 0B       		.uleb128 0xb
 297 00ff 25000000 		.4byte	0x25
 298 0103 00       		.byte	0
 299 0104 0A       		.uleb128 0xa
 300 0105 B4010000 		.4byte	.LASF16
 301 0109 06       		.byte	0x6
 302 010a 2B       		.byte	0x2b
 303 010b 95000000 		.4byte	0x95
 304 010f 1E010000 		.4byte	0x11e
 305 0113 0B       		.uleb128 0xb
 306 0114 95000000 		.4byte	0x95
 307 0118 0B       		.uleb128 0xb
 308 0119 A2000000 		.4byte	0xa2
 309 011d 00       		.byte	0
 310 011e 0A       		.uleb128 0xa
 311 011f 03040000 		.4byte	.LASF17
 312 0123 06       		.byte	0x6
 313 0124 2E       		.byte	0x2e
 314 0125 2C000000 		.4byte	0x2c
 315 0129 3D010000 		.4byte	0x13d
 316 012d 0B       		.uleb128 0xb
 317 012e 95000000 		.4byte	0x95
 318 0132 0B       		.uleb128 0xb
 319 0133 A2000000 		.4byte	0xa2
 320 0137 0B       		.uleb128 0xb
 321 0138 2C000000 		.4byte	0x2c
 322 013c 00       		.byte	0
 323 013d 08       		.uleb128 0x8
 324 013e 72327000 		.ascii	"r2p\000"
 325 0142 08       		.byte	0x8
 326 0143 03       		.byte	0x3
 327 0144 FB030000 		.4byte	0x3fb
 328 0148 0C       		.uleb128 0xc
 329 0149 24040000 		.4byte	.LASF43
 330 014d 04       		.byte	0x4
 331 014e 01       		.byte	0x1
 332 014f 08       		.byte	0x8
 333 0150 F5030000 		.4byte	0x3f5
 334 0154 0D       		.uleb128 0xd
 335 0155 FE030000 		.4byte	.LASF66
ARM GAS  /tmp/cc7KgYHl.s 			page 7


 336 0159 01       		.byte	0x1
 337 015a 0A       		.byte	0xa
 338 015b FB030000 		.4byte	0x3fb
 339 015f 01       		.byte	0x1
 340 0160 0E       		.uleb128 0xe
 341 0161 72617700 		.ascii	"raw\000"
 342 0165 01       		.byte	0x1
 343 0166 1B       		.byte	0x1b
 344 0167 54010000 		.4byte	0x154
 345 016b 00       		.byte	0
 346 016c 01       		.byte	0x1
 347 016d 0F       		.uleb128 0xf
 348 016e B8040000 		.4byte	.LASF18
 349 0172 01       		.byte	0x1
 350 0173 3B       		.byte	0x3b
 351 0174 F5030000 		.4byte	0x3f5
 352 0178 01       		.byte	0x1
 353 0179 0F       		.uleb128 0xf
 354 017a 42000000 		.4byte	.LASF19
 355 017e 01       		.byte	0x1
 356 017f 3C       		.byte	0x3c
 357 0180 F5030000 		.4byte	0x3f5
 358 0184 01       		.byte	0x1
 359 0185 0F       		.uleb128 0xf
 360 0186 6C010000 		.4byte	.LASF20
 361 018a 01       		.byte	0x1
 362 018b 3D       		.byte	0x3d
 363 018c F5030000 		.4byte	0x3f5
 364 0190 01       		.byte	0x1
 365 0191 10       		.uleb128 0x10
 366 0192 29040000 		.4byte	.LASF21
 367 0196 01       		.byte	0x1
 368 0197 1E       		.byte	0x1e
 369 0198 1B010000 		.4byte	.LASF23
 370 019c 54010000 		.4byte	0x154
 371 01a0 01       		.byte	0x1
 372 01a1 A9010000 		.4byte	0x1a9
 373 01a5 AF010000 		.4byte	0x1af
 374 01a9 11       		.uleb128 0x11
 375 01aa EC040000 		.4byte	0x4ec
 376 01ae 00       		.byte	0
 377 01af 10       		.uleb128 0x10
 378 01b0 57040000 		.4byte	.LASF22
 379 01b4 01       		.byte	0x1
 380 01b5 1F       		.byte	0x1f
 381 01b6 BB010000 		.4byte	.LASF24
 382 01ba 54010000 		.4byte	0x154
 383 01be 01       		.byte	0x1
 384 01bf C7010000 		.4byte	0x1c7
 385 01c3 CD010000 		.4byte	0x1cd
 386 01c7 11       		.uleb128 0x11
 387 01c8 EC040000 		.4byte	0x4ec
 388 01cc 00       		.byte	0
 389 01cd 10       		.uleb128 0x10
 390 01ce 8B020000 		.4byte	.LASF25
 391 01d2 01       		.byte	0x1
 392 01d3 20       		.byte	0x20
ARM GAS  /tmp/cc7KgYHl.s 			page 8


 393 01d4 E5030000 		.4byte	.LASF26
 394 01d8 54010000 		.4byte	0x154
 395 01dc 01       		.byte	0x1
 396 01dd E5010000 		.4byte	0x1e5
 397 01e1 EB010000 		.4byte	0x1eb
 398 01e5 11       		.uleb128 0x11
 399 01e6 EC040000 		.4byte	0x4ec
 400 01ea 00       		.byte	0
 401 01eb 10       		.uleb128 0x10
 402 01ec 91010000 		.4byte	.LASF27
 403 01f0 01       		.byte	0x1
 404 01f1 21       		.byte	0x21
 405 01f2 D5010000 		.4byte	.LASF28
 406 01f6 54010000 		.4byte	0x154
 407 01fa 01       		.byte	0x1
 408 01fb 03020000 		.4byte	0x203
 409 01ff 09020000 		.4byte	0x209
 410 0203 11       		.uleb128 0x11
 411 0204 EC040000 		.4byte	0x4ec
 412 0208 00       		.byte	0
 413 0209 10       		.uleb128 0x10
 414 020a 17000000 		.4byte	.LASF29
 415 020e 01       		.byte	0x1
 416 020f 23       		.byte	0x23
 417 0210 35010000 		.4byte	.LASF30
 418 0214 F2040000 		.4byte	0x4f2
 419 0218 01       		.byte	0x1
 420 0219 21020000 		.4byte	0x221
 421 021d 27020000 		.4byte	0x227
 422 0221 11       		.uleb128 0x11
 423 0222 EC040000 		.4byte	0x4ec
 424 0226 00       		.byte	0
 425 0227 10       		.uleb128 0x10
 426 0228 48020000 		.4byte	.LASF31
 427 022c 01       		.byte	0x1
 428 022d 24       		.byte	0x24
 429 022e 52000000 		.4byte	.LASF32
 430 0232 F2040000 		.4byte	0x4f2
 431 0236 01       		.byte	0x1
 432 0237 3F020000 		.4byte	0x23f
 433 023b 45020000 		.4byte	0x245
 434 023f 11       		.uleb128 0x11
 435 0240 EC040000 		.4byte	0x4ec
 436 0244 00       		.byte	0
 437 0245 10       		.uleb128 0x10
 438 0246 78000000 		.4byte	.LASF33
 439 024a 01       		.byte	0x1
 440 024b 25       		.byte	0x25
 441 024c 4B010000 		.4byte	.LASF34
 442 0250 F2040000 		.4byte	0x4f2
 443 0254 01       		.byte	0x1
 444 0255 5D020000 		.4byte	0x25d
 445 0259 63020000 		.4byte	0x263
 446 025d 11       		.uleb128 0x11
 447 025e EC040000 		.4byte	0x4ec
 448 0262 00       		.byte	0
 449 0263 10       		.uleb128 0x10
ARM GAS  /tmp/cc7KgYHl.s 			page 9


 450 0264 AE040000 		.4byte	.LASF35
 451 0268 01       		.byte	0x1
 452 0269 26       		.byte	0x26
 453 026a EF040000 		.4byte	.LASF36
 454 026e F2040000 		.4byte	0x4f2
 455 0272 01       		.byte	0x1
 456 0273 7B020000 		.4byte	0x27b
 457 0277 81020000 		.4byte	0x281
 458 027b 11       		.uleb128 0x11
 459 027c EC040000 		.4byte	0x4ec
 460 0280 00       		.byte	0
 461 0281 10       		.uleb128 0x10
 462 0282 09020000 		.4byte	.LASF37
 463 0286 01       		.byte	0x1
 464 0287 28       		.byte	0x28
 465 0288 9F010000 		.4byte	.LASF38
 466 028c F9040000 		.4byte	0x4f9
 467 0290 01       		.byte	0x1
 468 0291 99020000 		.4byte	0x299
 469 0295 A4020000 		.4byte	0x2a4
 470 0299 11       		.uleb128 0x11
 471 029a FF040000 		.4byte	0x4ff
 472 029e 0B       		.uleb128 0xb
 473 029f 05050000 		.4byte	0x505
 474 02a3 00       		.byte	0
 475 02a4 10       		.uleb128 0x10
 476 02a5 DA030000 		.4byte	.LASF39
 477 02a9 01       		.byte	0x1
 478 02aa 29       		.byte	0x29
 479 02ab 7D000000 		.4byte	.LASF40
 480 02af F9040000 		.4byte	0x4f9
 481 02b3 01       		.byte	0x1
 482 02b4 BC020000 		.4byte	0x2bc
 483 02b8 C7020000 		.4byte	0x2c7
 484 02bc 11       		.uleb128 0x11
 485 02bd FF040000 		.4byte	0x4ff
 486 02c1 0B       		.uleb128 0xb
 487 02c2 05050000 		.4byte	0x505
 488 02c6 00       		.byte	0
 489 02c7 10       		.uleb128 0x10
 490 02c8 05010000 		.4byte	.LASF41
 491 02cc 01       		.byte	0x1
 492 02cd 2A       		.byte	0x2a
 493 02ce 56020000 		.4byte	.LASF42
 494 02d2 F9040000 		.4byte	0x4f9
 495 02d6 01       		.byte	0x1
 496 02d7 DF020000 		.4byte	0x2df
 497 02db EA020000 		.4byte	0x2ea
 498 02df 11       		.uleb128 0x11
 499 02e0 FF040000 		.4byte	0x4ff
 500 02e4 0B       		.uleb128 0xb
 501 02e5 05050000 		.4byte	0x505
 502 02e9 00       		.byte	0
 503 02ea 12       		.uleb128 0x12
 504 02eb 24040000 		.4byte	.LASF43
 505 02ef 01       		.byte	0x1
 506 02f0 2D       		.byte	0x2d
ARM GAS  /tmp/cc7KgYHl.s 			page 10


 507 02f1 FF040000 		.4byte	0x4ff
 508 02f5 01       		.byte	0x1
 509 02f6 FE020000 		.4byte	0x2fe
 510 02fa 04030000 		.4byte	0x304
 511 02fe 11       		.uleb128 0x11
 512 02ff FF040000 		.4byte	0x4ff
 513 0303 00       		.byte	0
 514 0304 13       		.uleb128 0x13
 515 0305 24040000 		.4byte	.LASF43
 516 0309 01       		.byte	0x1
 517 030a 2F       		.byte	0x2f
 518 030b FF040000 		.4byte	0x4ff
 519 030f 01       		.byte	0x1
 520 0310 18030000 		.4byte	0x318
 521 0314 23030000 		.4byte	0x323
 522 0318 11       		.uleb128 0x11
 523 0319 FF040000 		.4byte	0x4ff
 524 031d 0B       		.uleb128 0xb
 525 031e F2040000 		.4byte	0x4f2
 526 0322 00       		.byte	0
 527 0323 12       		.uleb128 0x12
 528 0324 24040000 		.4byte	.LASF43
 529 0328 01       		.byte	0x1
 530 0329 30       		.byte	0x30
 531 032a FF040000 		.4byte	0x4ff
 532 032e 01       		.byte	0x1
 533 032f 37030000 		.4byte	0x337
 534 0333 42030000 		.4byte	0x342
 535 0337 11       		.uleb128 0x11
 536 0338 FF040000 		.4byte	0x4ff
 537 033c 0B       		.uleb128 0xb
 538 033d 05050000 		.4byte	0x505
 539 0341 00       		.byte	0
 540 0342 14       		.uleb128 0x14
 541 0343 757300   		.ascii	"us\000"
 542 0346 01       		.byte	0x1
 543 0347 33       		.byte	0x33
 544 0348 00000000 		.4byte	.LASF44
 545 034c 48010000 		.4byte	0x148
 546 0350 01       		.byte	0x1
 547 0351 5B030000 		.4byte	0x35b
 548 0355 0B       		.uleb128 0xb
 549 0356 54010000 		.4byte	0x154
 550 035a 00       		.byte	0
 551 035b 14       		.uleb128 0x14
 552 035c 6D7300   		.ascii	"ms\000"
 553 035f 01       		.byte	0x1
 554 0360 34       		.byte	0x34
 555 0361 C2040000 		.4byte	.LASF45
 556 0365 48010000 		.4byte	0x148
 557 0369 01       		.byte	0x1
 558 036a 74030000 		.4byte	0x374
 559 036e 0B       		.uleb128 0xb
 560 036f 54010000 		.4byte	0x154
 561 0373 00       		.byte	0
 562 0374 14       		.uleb128 0x14
 563 0375 7300     		.ascii	"s\000"
ARM GAS  /tmp/cc7KgYHl.s 			page 11


 564 0377 01       		.byte	0x1
 565 0378 35       		.byte	0x35
 566 0379 79040000 		.4byte	.LASF46
 567 037d 48010000 		.4byte	0x148
 568 0381 01       		.byte	0x1
 569 0382 8C030000 		.4byte	0x38c
 570 0386 0B       		.uleb128 0xb
 571 0387 54010000 		.4byte	0x154
 572 038b 00       		.byte	0
 573 038c 14       		.uleb128 0x14
 574 038d 6D00     		.ascii	"m\000"
 575 038f 01       		.byte	0x1
 576 0390 36       		.byte	0x36
 577 0391 B1000000 		.4byte	.LASF47
 578 0395 48010000 		.4byte	0x148
 579 0399 01       		.byte	0x1
 580 039a A4030000 		.4byte	0x3a4
 581 039e 0B       		.uleb128 0xb
 582 039f 54010000 		.4byte	0x154
 583 03a3 00       		.byte	0
 584 03a4 14       		.uleb128 0x14
 585 03a5 687A00   		.ascii	"hz\000"
 586 03a8 01       		.byte	0x1
 587 03a9 37       		.byte	0x37
 588 03aa 33040000 		.4byte	.LASF48
 589 03ae 48010000 		.4byte	0x148
 590 03b2 01       		.byte	0x1
 591 03b3 BD030000 		.4byte	0x3bd
 592 03b7 0B       		.uleb128 0xb
 593 03b8 F2040000 		.4byte	0x4f2
 594 03bc 00       		.byte	0
 595 03bd 15       		.uleb128 0x15
 596 03be 6E6F7700 		.ascii	"now\000"
 597 03c2 01       		.byte	0x1
 598 03c3 38       		.byte	0x38
 599 03c4 D4040000 		.4byte	.LASF67
 600 03c8 48010000 		.4byte	0x148
 601 03cc 01       		.byte	0x1
 602 03cd 07       		.uleb128 0x7
 603 03ce 54010000 		.4byte	0x154
 604 03d2 16       		.uleb128 0x16
 605 03d3 61040000 		.4byte	.LASF68
 606 03d7 01       		.byte	0x1
 607 03d8 9F       		.byte	0x9f
 608 03d9 FF040000 		.4byte	0x4ff
 609 03dd 01       		.byte	0x1
 610 03de E9030000 		.4byte	0x3e9
 611 03e2 17       		.uleb128 0x17
 612 03e3 5400     		.ascii	"T\000"
 613 03e5 65000000 		.4byte	0x65
 614 03e9 11       		.uleb128 0x11
 615 03ea FF040000 		.4byte	0x4ff
 616 03ee 0B       		.uleb128 0xb
 617 03ef 65000000 		.4byte	0x65
 618 03f3 00       		.byte	0
 619 03f4 00       		.byte	0
 620 03f5 07       		.uleb128 0x7
ARM GAS  /tmp/cc7KgYHl.s 			page 12


 621 03f6 48010000 		.4byte	0x148
 622 03fa 00       		.byte	0
 623 03fb 03       		.uleb128 0x3
 624 03fc A7020000 		.4byte	.LASF49
 625 0400 09       		.byte	0x9
 626 0401 41       		.byte	0x41
 627 0402 5A000000 		.4byte	0x5a
 628 0406 03       		.uleb128 0x3
 629 0407 2A020000 		.4byte	.LASF50
 630 040b 09       		.byte	0x9
 631 040c 42       		.byte	0x42
 632 040d 6C000000 		.4byte	0x6c
 633 0411 04       		.uleb128 0x4
 634 0412 01       		.byte	0x1
 635 0413 02       		.byte	0x2
 636 0414 12000000 		.4byte	.LASF51
 637 0418 03       		.uleb128 0x3
 638 0419 94020000 		.4byte	.LASF52
 639 041d 0A       		.byte	0xa
 640 041e 35       		.byte	0x35
 641 041f 06040000 		.4byte	0x406
 642 0423 03       		.uleb128 0x3
 643 0424 70040000 		.4byte	.LASF53
 644 0428 0B       		.byte	0xb
 645 0429 58       		.byte	0x58
 646 042a 2E040000 		.4byte	0x42e
 647 042e 06       		.uleb128 0x6
 648 042f 04       		.byte	0x4
 649 0430 34040000 		.4byte	0x434
 650 0434 18       		.uleb128 0x18
 651 0435 3F040000 		.4byte	0x43f
 652 0439 0B       		.uleb128 0xb
 653 043a 93000000 		.4byte	0x93
 654 043e 00       		.byte	0
 655 043f 03       		.uleb128 0x3
 656 0440 7E020000 		.4byte	.LASF54
 657 0444 0B       		.byte	0xb
 658 0445 5D       		.byte	0x5d
 659 0446 4A040000 		.4byte	0x44a
 660 044a 19       		.uleb128 0x19
 661 044b 7E020000 		.4byte	.LASF54
 662 044f 14       		.byte	0x14
 663 0450 0B       		.byte	0xb
 664 0451 64       		.byte	0x64
 665 0452 93040000 		.4byte	0x493
 666 0456 1A       		.uleb128 0x1a
 667 0457 4E020000 		.4byte	.LASF55
 668 045b 0B       		.byte	0xb
 669 045c 65       		.byte	0x65
 670 045d 93040000 		.4byte	0x493
 671 0461 00       		.byte	0
 672 0462 1A       		.uleb128 0x1a
 673 0463 33020000 		.4byte	.LASF56
 674 0467 0B       		.byte	0xb
 675 0468 67       		.byte	0x67
 676 0469 93040000 		.4byte	0x493
 677 046d 04       		.byte	0x4
ARM GAS  /tmp/cc7KgYHl.s 			page 13


 678 046e 1A       		.uleb128 0x1a
 679 046f E7040000 		.4byte	.LASF57
 680 0473 0B       		.byte	0xb
 681 0474 69       		.byte	0x69
 682 0475 18040000 		.4byte	0x418
 683 0479 08       		.byte	0x8
 684 047a 1A       		.uleb128 0x1a
 685 047b 4F040000 		.4byte	.LASF58
 686 047f 0B       		.byte	0xb
 687 0480 6A       		.byte	0x6a
 688 0481 23040000 		.4byte	0x423
 689 0485 0C       		.byte	0xc
 690 0486 1A       		.uleb128 0x1a
 691 0487 68000000 		.4byte	.LASF59
 692 048b 0B       		.byte	0xb
 693 048c 6C       		.byte	0x6c
 694 048d 93000000 		.4byte	0x93
 695 0491 10       		.byte	0x10
 696 0492 00       		.byte	0
 697 0493 06       		.uleb128 0x6
 698 0494 04       		.byte	0x4
 699 0495 4A040000 		.4byte	0x44a
 700 0499 1B       		.uleb128 0x1b
 701 049a 10       		.byte	0x10
 702 049b 0B       		.byte	0xb
 703 049c 76       		.byte	0x76
 704 049d 8A040000 		.4byte	.LASF69
 705 04a1 D6040000 		.4byte	0x4d6
 706 04a5 1A       		.uleb128 0x1a
 707 04a6 4E020000 		.4byte	.LASF55
 708 04aa 0B       		.byte	0xb
 709 04ab 77       		.byte	0x77
 710 04ac D6040000 		.4byte	0x4d6
 711 04b0 00       		.byte	0
 712 04b1 1A       		.uleb128 0x1a
 713 04b2 33020000 		.4byte	.LASF56
 714 04b6 0B       		.byte	0xb
 715 04b7 79       		.byte	0x79
 716 04b8 D6040000 		.4byte	0x4d6
 717 04bc 04       		.byte	0x4
 718 04bd 1A       		.uleb128 0x1a
 719 04be E7040000 		.4byte	.LASF57
 720 04c2 0B       		.byte	0xb
 721 04c3 7B       		.byte	0x7b
 722 04c4 18040000 		.4byte	0x418
 723 04c8 08       		.byte	0x8
 724 04c9 1A       		.uleb128 0x1a
 725 04ca 10010000 		.4byte	.LASF60
 726 04ce 0B       		.byte	0xb
 727 04cf 7C       		.byte	0x7c
 728 04d0 DC040000 		.4byte	0x4dc
 729 04d4 0C       		.byte	0xc
 730 04d5 00       		.byte	0
 731 04d6 06       		.uleb128 0x6
 732 04d7 04       		.byte	0x4
 733 04d8 3F040000 		.4byte	0x43f
 734 04dc 1C       		.uleb128 0x1c
ARM GAS  /tmp/cc7KgYHl.s 			page 14


 735 04dd 18040000 		.4byte	0x418
 736 04e1 03       		.uleb128 0x3
 737 04e2 92040000 		.4byte	.LASF61
 738 04e6 0B       		.byte	0xb
 739 04e7 7D       		.byte	0x7d
 740 04e8 99040000 		.4byte	0x499
 741 04ec 06       		.uleb128 0x6
 742 04ed 04       		.byte	0x4
 743 04ee F5030000 		.4byte	0x3f5
 744 04f2 04       		.uleb128 0x4
 745 04f3 08       		.byte	0x8
 746 04f4 04       		.byte	0x4
 747 04f5 1D040000 		.4byte	.LASF62
 748 04f9 1D       		.uleb128 0x1d
 749 04fa 04       		.byte	0x4
 750 04fb 48010000 		.4byte	0x148
 751 04ff 06       		.uleb128 0x6
 752 0500 04       		.byte	0x4
 753 0501 48010000 		.4byte	0x148
 754 0505 1D       		.uleb128 0x1d
 755 0506 04       		.byte	0x4
 756 0507 F5030000 		.4byte	0x3f5
 757 050b 1E       		.uleb128 0x1e
 758 050c 5B030000 		.4byte	0x35b
 759 0510 B8       		.byte	0xb8
 760 0511 00000000 		.4byte	.LFB58
 761 0515 22000000 		.4byte	.LFE58-.LFB58
 762 0519 01       		.uleb128 0x1
 763 051a 9C       		.byte	0x9c
 764 051b 2E050000 		.4byte	0x52e
 765 051f 1F       		.uleb128 0x1f
 766 0520 76010000 		.4byte	.LASF70
 767 0524 01       		.byte	0x1
 768 0525 B8       		.byte	0xb8
 769 0526 CD030000 		.4byte	0x3cd
 770 052a 02       		.uleb128 0x2
 771 052b 91       		.byte	0x91
 772 052c 70       		.sleb128 -16
 773 052d 00       		.byte	0
 774 052e 20       		.uleb128 0x20
 775 052f BD030000 		.4byte	0x3bd
 776 0533 02       		.byte	0x2
 777 0534 08       		.byte	0x8
 778 0535 00000000 		.4byte	.LFB70
 779 0539 44000000 		.4byte	.LFE70-.LFB70
 780 053d 01       		.uleb128 0x1
 781 053e 9C       		.byte	0x9c
 782 053f 59050000 		.4byte	0x559
 783 0543 21       		.uleb128 0x21
 784 0544 06000000 		.4byte	.LBB2
 785 0548 2A000000 		.4byte	.LBE2-.LBB2
 786 054c 22       		.uleb128 0x22
 787 054d 7400     		.ascii	"t\000"
 788 054f 02       		.byte	0x2
 789 0550 0A       		.byte	0xa
 790 0551 54010000 		.4byte	0x154
 791 0555 01       		.uleb128 0x1
ARM GAS  /tmp/cc7KgYHl.s 			page 15


 792 0556 54       		.byte	0x54
 793 0557 00       		.byte	0
 794 0558 00       		.byte	0
 795 0559 23       		.uleb128 0x23
 796 055a D2030000 		.4byte	0x3d2
 797 055e 02       		.byte	0x2
 798 055f 6E050000 		.4byte	0x56e
 799 0563 83050000 		.4byte	0x583
 800 0567 17       		.uleb128 0x17
 801 0568 5400     		.ascii	"T\000"
 802 056a 65000000 		.4byte	0x65
 803 056e 24       		.uleb128 0x24
 804 056f B3040000 		.4byte	.LASF71
 805 0573 83050000 		.4byte	0x583
 806 0577 25       		.uleb128 0x25
 807 0578 EE010000 		.4byte	.LASF72
 808 057c 01       		.byte	0x1
 809 057d 9F       		.byte	0x9f
 810 057e 65000000 		.4byte	0x65
 811 0582 00       		.byte	0
 812 0583 07       		.uleb128 0x7
 813 0584 FF040000 		.4byte	0x4ff
 814 0588 26       		.uleb128 0x26
 815 0589 59050000 		.4byte	0x559
 816 058d 99040000 		.4byte	.LASF73
 817 0591 00000000 		.4byte	.LFB72
 818 0595 14000000 		.4byte	.LFE72-.LFB72
 819 0599 01       		.uleb128 0x1
 820 059a 9C       		.byte	0x9c
 821 059b AA050000 		.4byte	0x5aa
 822 059f BB050000 		.4byte	0x5bb
 823 05a3 17       		.uleb128 0x17
 824 05a4 5400     		.ascii	"T\000"
 825 05a6 65000000 		.4byte	0x65
 826 05aa 27       		.uleb128 0x27
 827 05ab 6E050000 		.4byte	0x56e
 828 05af 02       		.uleb128 0x2
 829 05b0 91       		.byte	0x91
 830 05b1 7C       		.sleb128 -4
 831 05b2 27       		.uleb128 0x27
 832 05b3 77050000 		.4byte	0x577
 833 05b7 02       		.uleb128 0x2
 834 05b8 91       		.byte	0x91
 835 05b9 78       		.sleb128 -8
 836 05ba 00       		.byte	0
 837 05bb 28       		.uleb128 0x28
 838 05bc 4B000000 		.4byte	.LASF74
 839 05c0 0B       		.byte	0xb
 840 05c1 F5       		.byte	0xf5
 841 05c2 E1040000 		.4byte	0x4e1
 842 05c6 00       		.byte	0
 843              		.section	.debug_abbrev,"",%progbits
 844              	.Ldebug_abbrev0:
 845 0000 01       		.uleb128 0x1
 846 0001 11       		.uleb128 0x11
 847 0002 01       		.byte	0x1
 848 0003 25       		.uleb128 0x25
ARM GAS  /tmp/cc7KgYHl.s 			page 16


 849 0004 0E       		.uleb128 0xe
 850 0005 13       		.uleb128 0x13
 851 0006 0B       		.uleb128 0xb
 852 0007 03       		.uleb128 0x3
 853 0008 0E       		.uleb128 0xe
 854 0009 1B       		.uleb128 0x1b
 855 000a 0E       		.uleb128 0xe
 856 000b 55       		.uleb128 0x55
 857 000c 17       		.uleb128 0x17
 858 000d 11       		.uleb128 0x11
 859 000e 01       		.uleb128 0x1
 860 000f 10       		.uleb128 0x10
 861 0010 17       		.uleb128 0x17
 862 0011 00       		.byte	0
 863 0012 00       		.byte	0
 864 0013 02       		.uleb128 0x2
 865 0014 24       		.uleb128 0x24
 866 0015 00       		.byte	0
 867 0016 0B       		.uleb128 0xb
 868 0017 0B       		.uleb128 0xb
 869 0018 3E       		.uleb128 0x3e
 870 0019 0B       		.uleb128 0xb
 871 001a 03       		.uleb128 0x3
 872 001b 08       		.uleb128 0x8
 873 001c 00       		.byte	0
 874 001d 00       		.byte	0
 875 001e 03       		.uleb128 0x3
 876 001f 16       		.uleb128 0x16
 877 0020 00       		.byte	0
 878 0021 03       		.uleb128 0x3
 879 0022 0E       		.uleb128 0xe
 880 0023 3A       		.uleb128 0x3a
 881 0024 0B       		.uleb128 0xb
 882 0025 3B       		.uleb128 0x3b
 883 0026 0B       		.uleb128 0xb
 884 0027 49       		.uleb128 0x49
 885 0028 13       		.uleb128 0x13
 886 0029 00       		.byte	0
 887 002a 00       		.byte	0
 888 002b 04       		.uleb128 0x4
 889 002c 24       		.uleb128 0x24
 890 002d 00       		.byte	0
 891 002e 0B       		.uleb128 0xb
 892 002f 0B       		.uleb128 0xb
 893 0030 3E       		.uleb128 0x3e
 894 0031 0B       		.uleb128 0xb
 895 0032 03       		.uleb128 0x3
 896 0033 0E       		.uleb128 0xe
 897 0034 00       		.byte	0
 898 0035 00       		.byte	0
 899 0036 05       		.uleb128 0x5
 900 0037 0F       		.uleb128 0xf
 901 0038 00       		.byte	0
 902 0039 0B       		.uleb128 0xb
 903 003a 0B       		.uleb128 0xb
 904 003b 00       		.byte	0
 905 003c 00       		.byte	0
ARM GAS  /tmp/cc7KgYHl.s 			page 17


 906 003d 06       		.uleb128 0x6
 907 003e 0F       		.uleb128 0xf
 908 003f 00       		.byte	0
 909 0040 0B       		.uleb128 0xb
 910 0041 0B       		.uleb128 0xb
 911 0042 49       		.uleb128 0x49
 912 0043 13       		.uleb128 0x13
 913 0044 00       		.byte	0
 914 0045 00       		.byte	0
 915 0046 07       		.uleb128 0x7
 916 0047 26       		.uleb128 0x26
 917 0048 00       		.byte	0
 918 0049 49       		.uleb128 0x49
 919 004a 13       		.uleb128 0x13
 920 004b 00       		.byte	0
 921 004c 00       		.byte	0
 922 004d 08       		.uleb128 0x8
 923 004e 39       		.uleb128 0x39
 924 004f 01       		.byte	0x1
 925 0050 03       		.uleb128 0x3
 926 0051 08       		.uleb128 0x8
 927 0052 3A       		.uleb128 0x3a
 928 0053 0B       		.uleb128 0xb
 929 0054 3B       		.uleb128 0x3b
 930 0055 0B       		.uleb128 0xb
 931 0056 01       		.uleb128 0x1
 932 0057 13       		.uleb128 0x13
 933 0058 00       		.byte	0
 934 0059 00       		.byte	0
 935 005a 09       		.uleb128 0x9
 936 005b 08       		.uleb128 0x8
 937 005c 00       		.byte	0
 938 005d 3A       		.uleb128 0x3a
 939 005e 0B       		.uleb128 0xb
 940 005f 3B       		.uleb128 0x3b
 941 0060 0B       		.uleb128 0xb
 942 0061 18       		.uleb128 0x18
 943 0062 13       		.uleb128 0x13
 944 0063 00       		.byte	0
 945 0064 00       		.byte	0
 946 0065 0A       		.uleb128 0xa
 947 0066 2E       		.uleb128 0x2e
 948 0067 01       		.byte	0x1
 949 0068 3F       		.uleb128 0x3f
 950 0069 19       		.uleb128 0x19
 951 006a 03       		.uleb128 0x3
 952 006b 0E       		.uleb128 0xe
 953 006c 3A       		.uleb128 0x3a
 954 006d 0B       		.uleb128 0xb
 955 006e 3B       		.uleb128 0x3b
 956 006f 0B       		.uleb128 0xb
 957 0070 49       		.uleb128 0x49
 958 0071 13       		.uleb128 0x13
 959 0072 3C       		.uleb128 0x3c
 960 0073 19       		.uleb128 0x19
 961 0074 01       		.uleb128 0x1
 962 0075 13       		.uleb128 0x13
ARM GAS  /tmp/cc7KgYHl.s 			page 18


 963 0076 00       		.byte	0
 964 0077 00       		.byte	0
 965 0078 0B       		.uleb128 0xb
 966 0079 05       		.uleb128 0x5
 967 007a 00       		.byte	0
 968 007b 49       		.uleb128 0x49
 969 007c 13       		.uleb128 0x13
 970 007d 00       		.byte	0
 971 007e 00       		.byte	0
 972 007f 0C       		.uleb128 0xc
 973 0080 02       		.uleb128 0x2
 974 0081 01       		.byte	0x1
 975 0082 03       		.uleb128 0x3
 976 0083 0E       		.uleb128 0xe
 977 0084 0B       		.uleb128 0xb
 978 0085 0B       		.uleb128 0xb
 979 0086 3A       		.uleb128 0x3a
 980 0087 0B       		.uleb128 0xb
 981 0088 3B       		.uleb128 0x3b
 982 0089 0B       		.uleb128 0xb
 983 008a 01       		.uleb128 0x1
 984 008b 13       		.uleb128 0x13
 985 008c 00       		.byte	0
 986 008d 00       		.byte	0
 987 008e 0D       		.uleb128 0xd
 988 008f 16       		.uleb128 0x16
 989 0090 00       		.byte	0
 990 0091 03       		.uleb128 0x3
 991 0092 0E       		.uleb128 0xe
 992 0093 3A       		.uleb128 0x3a
 993 0094 0B       		.uleb128 0xb
 994 0095 3B       		.uleb128 0x3b
 995 0096 0B       		.uleb128 0xb
 996 0097 49       		.uleb128 0x49
 997 0098 13       		.uleb128 0x13
 998 0099 32       		.uleb128 0x32
 999 009a 0B       		.uleb128 0xb
 1000 009b 00       		.byte	0
 1001 009c 00       		.byte	0
 1002 009d 0E       		.uleb128 0xe
 1003 009e 0D       		.uleb128 0xd
 1004 009f 00       		.byte	0
 1005 00a0 03       		.uleb128 0x3
 1006 00a1 08       		.uleb128 0x8
 1007 00a2 3A       		.uleb128 0x3a
 1008 00a3 0B       		.uleb128 0xb
 1009 00a4 3B       		.uleb128 0x3b
 1010 00a5 0B       		.uleb128 0xb
 1011 00a6 49       		.uleb128 0x49
 1012 00a7 13       		.uleb128 0x13
 1013 00a8 38       		.uleb128 0x38
 1014 00a9 0B       		.uleb128 0xb
 1015 00aa 32       		.uleb128 0x32
 1016 00ab 0B       		.uleb128 0xb
 1017 00ac 00       		.byte	0
 1018 00ad 00       		.byte	0
 1019 00ae 0F       		.uleb128 0xf
ARM GAS  /tmp/cc7KgYHl.s 			page 19


 1020 00af 0D       		.uleb128 0xd
 1021 00b0 00       		.byte	0
 1022 00b1 03       		.uleb128 0x3
 1023 00b2 0E       		.uleb128 0xe
 1024 00b3 3A       		.uleb128 0x3a
 1025 00b4 0B       		.uleb128 0xb
 1026 00b5 3B       		.uleb128 0x3b
 1027 00b6 0B       		.uleb128 0xb
 1028 00b7 49       		.uleb128 0x49
 1029 00b8 13       		.uleb128 0x13
 1030 00b9 3F       		.uleb128 0x3f
 1031 00ba 19       		.uleb128 0x19
 1032 00bb 32       		.uleb128 0x32
 1033 00bc 0B       		.uleb128 0xb
 1034 00bd 3C       		.uleb128 0x3c
 1035 00be 19       		.uleb128 0x19
 1036 00bf 00       		.byte	0
 1037 00c0 00       		.byte	0
 1038 00c1 10       		.uleb128 0x10
 1039 00c2 2E       		.uleb128 0x2e
 1040 00c3 01       		.byte	0x1
 1041 00c4 3F       		.uleb128 0x3f
 1042 00c5 19       		.uleb128 0x19
 1043 00c6 03       		.uleb128 0x3
 1044 00c7 0E       		.uleb128 0xe
 1045 00c8 3A       		.uleb128 0x3a
 1046 00c9 0B       		.uleb128 0xb
 1047 00ca 3B       		.uleb128 0x3b
 1048 00cb 0B       		.uleb128 0xb
 1049 00cc 6E       		.uleb128 0x6e
 1050 00cd 0E       		.uleb128 0xe
 1051 00ce 49       		.uleb128 0x49
 1052 00cf 13       		.uleb128 0x13
 1053 00d0 32       		.uleb128 0x32
 1054 00d1 0B       		.uleb128 0xb
 1055 00d2 3C       		.uleb128 0x3c
 1056 00d3 19       		.uleb128 0x19
 1057 00d4 64       		.uleb128 0x64
 1058 00d5 13       		.uleb128 0x13
 1059 00d6 01       		.uleb128 0x1
 1060 00d7 13       		.uleb128 0x13
 1061 00d8 00       		.byte	0
 1062 00d9 00       		.byte	0
 1063 00da 11       		.uleb128 0x11
 1064 00db 05       		.uleb128 0x5
 1065 00dc 00       		.byte	0
 1066 00dd 49       		.uleb128 0x49
 1067 00de 13       		.uleb128 0x13
 1068 00df 34       		.uleb128 0x34
 1069 00e0 19       		.uleb128 0x19
 1070 00e1 00       		.byte	0
 1071 00e2 00       		.byte	0
 1072 00e3 12       		.uleb128 0x12
 1073 00e4 2E       		.uleb128 0x2e
 1074 00e5 01       		.byte	0x1
 1075 00e6 3F       		.uleb128 0x3f
 1076 00e7 19       		.uleb128 0x19
ARM GAS  /tmp/cc7KgYHl.s 			page 20


 1077 00e8 03       		.uleb128 0x3
 1078 00e9 0E       		.uleb128 0xe
 1079 00ea 3A       		.uleb128 0x3a
 1080 00eb 0B       		.uleb128 0xb
 1081 00ec 3B       		.uleb128 0x3b
 1082 00ed 0B       		.uleb128 0xb
 1083 00ee 49       		.uleb128 0x49
 1084 00ef 13       		.uleb128 0x13
 1085 00f0 32       		.uleb128 0x32
 1086 00f1 0B       		.uleb128 0xb
 1087 00f2 3C       		.uleb128 0x3c
 1088 00f3 19       		.uleb128 0x19
 1089 00f4 64       		.uleb128 0x64
 1090 00f5 13       		.uleb128 0x13
 1091 00f6 01       		.uleb128 0x1
 1092 00f7 13       		.uleb128 0x13
 1093 00f8 00       		.byte	0
 1094 00f9 00       		.byte	0
 1095 00fa 13       		.uleb128 0x13
 1096 00fb 2E       		.uleb128 0x2e
 1097 00fc 01       		.byte	0x1
 1098 00fd 3F       		.uleb128 0x3f
 1099 00fe 19       		.uleb128 0x19
 1100 00ff 03       		.uleb128 0x3
 1101 0100 0E       		.uleb128 0xe
 1102 0101 3A       		.uleb128 0x3a
 1103 0102 0B       		.uleb128 0xb
 1104 0103 3B       		.uleb128 0x3b
 1105 0104 0B       		.uleb128 0xb
 1106 0105 49       		.uleb128 0x49
 1107 0106 13       		.uleb128 0x13
 1108 0107 32       		.uleb128 0x32
 1109 0108 0B       		.uleb128 0xb
 1110 0109 3C       		.uleb128 0x3c
 1111 010a 19       		.uleb128 0x19
 1112 010b 63       		.uleb128 0x63
 1113 010c 19       		.uleb128 0x19
 1114 010d 64       		.uleb128 0x64
 1115 010e 13       		.uleb128 0x13
 1116 010f 01       		.uleb128 0x1
 1117 0110 13       		.uleb128 0x13
 1118 0111 00       		.byte	0
 1119 0112 00       		.byte	0
 1120 0113 14       		.uleb128 0x14
 1121 0114 2E       		.uleb128 0x2e
 1122 0115 01       		.byte	0x1
 1123 0116 3F       		.uleb128 0x3f
 1124 0117 19       		.uleb128 0x19
 1125 0118 03       		.uleb128 0x3
 1126 0119 08       		.uleb128 0x8
 1127 011a 3A       		.uleb128 0x3a
 1128 011b 0B       		.uleb128 0xb
 1129 011c 3B       		.uleb128 0x3b
 1130 011d 0B       		.uleb128 0xb
 1131 011e 6E       		.uleb128 0x6e
 1132 011f 0E       		.uleb128 0xe
 1133 0120 49       		.uleb128 0x49
ARM GAS  /tmp/cc7KgYHl.s 			page 21


 1134 0121 13       		.uleb128 0x13
 1135 0122 32       		.uleb128 0x32
 1136 0123 0B       		.uleb128 0xb
 1137 0124 3C       		.uleb128 0x3c
 1138 0125 19       		.uleb128 0x19
 1139 0126 01       		.uleb128 0x1
 1140 0127 13       		.uleb128 0x13
 1141 0128 00       		.byte	0
 1142 0129 00       		.byte	0
 1143 012a 15       		.uleb128 0x15
 1144 012b 2E       		.uleb128 0x2e
 1145 012c 00       		.byte	0
 1146 012d 3F       		.uleb128 0x3f
 1147 012e 19       		.uleb128 0x19
 1148 012f 03       		.uleb128 0x3
 1149 0130 08       		.uleb128 0x8
 1150 0131 3A       		.uleb128 0x3a
 1151 0132 0B       		.uleb128 0xb
 1152 0133 3B       		.uleb128 0x3b
 1153 0134 0B       		.uleb128 0xb
 1154 0135 6E       		.uleb128 0x6e
 1155 0136 0E       		.uleb128 0xe
 1156 0137 49       		.uleb128 0x49
 1157 0138 13       		.uleb128 0x13
 1158 0139 32       		.uleb128 0x32
 1159 013a 0B       		.uleb128 0xb
 1160 013b 3C       		.uleb128 0x3c
 1161 013c 19       		.uleb128 0x19
 1162 013d 00       		.byte	0
 1163 013e 00       		.byte	0
 1164 013f 16       		.uleb128 0x16
 1165 0140 2E       		.uleb128 0x2e
 1166 0141 01       		.byte	0x1
 1167 0142 3F       		.uleb128 0x3f
 1168 0143 19       		.uleb128 0x19
 1169 0144 03       		.uleb128 0x3
 1170 0145 0E       		.uleb128 0xe
 1171 0146 3A       		.uleb128 0x3a
 1172 0147 0B       		.uleb128 0xb
 1173 0148 3B       		.uleb128 0x3b
 1174 0149 0B       		.uleb128 0xb
 1175 014a 49       		.uleb128 0x49
 1176 014b 13       		.uleb128 0x13
 1177 014c 32       		.uleb128 0x32
 1178 014d 0B       		.uleb128 0xb
 1179 014e 3C       		.uleb128 0x3c
 1180 014f 19       		.uleb128 0x19
 1181 0150 64       		.uleb128 0x64
 1182 0151 13       		.uleb128 0x13
 1183 0152 00       		.byte	0
 1184 0153 00       		.byte	0
 1185 0154 17       		.uleb128 0x17
 1186 0155 2F       		.uleb128 0x2f
 1187 0156 00       		.byte	0
 1188 0157 03       		.uleb128 0x3
 1189 0158 08       		.uleb128 0x8
 1190 0159 49       		.uleb128 0x49
ARM GAS  /tmp/cc7KgYHl.s 			page 22


 1191 015a 13       		.uleb128 0x13
 1192 015b 00       		.byte	0
 1193 015c 00       		.byte	0
 1194 015d 18       		.uleb128 0x18
 1195 015e 15       		.uleb128 0x15
 1196 015f 01       		.byte	0x1
 1197 0160 01       		.uleb128 0x1
 1198 0161 13       		.uleb128 0x13
 1199 0162 00       		.byte	0
 1200 0163 00       		.byte	0
 1201 0164 19       		.uleb128 0x19
 1202 0165 13       		.uleb128 0x13
 1203 0166 01       		.byte	0x1
 1204 0167 03       		.uleb128 0x3
 1205 0168 0E       		.uleb128 0xe
 1206 0169 0B       		.uleb128 0xb
 1207 016a 0B       		.uleb128 0xb
 1208 016b 3A       		.uleb128 0x3a
 1209 016c 0B       		.uleb128 0xb
 1210 016d 3B       		.uleb128 0x3b
 1211 016e 0B       		.uleb128 0xb
 1212 016f 01       		.uleb128 0x1
 1213 0170 13       		.uleb128 0x13
 1214 0171 00       		.byte	0
 1215 0172 00       		.byte	0
 1216 0173 1A       		.uleb128 0x1a
 1217 0174 0D       		.uleb128 0xd
 1218 0175 00       		.byte	0
 1219 0176 03       		.uleb128 0x3
 1220 0177 0E       		.uleb128 0xe
 1221 0178 3A       		.uleb128 0x3a
 1222 0179 0B       		.uleb128 0xb
 1223 017a 3B       		.uleb128 0x3b
 1224 017b 0B       		.uleb128 0xb
 1225 017c 49       		.uleb128 0x49
 1226 017d 13       		.uleb128 0x13
 1227 017e 38       		.uleb128 0x38
 1228 017f 0B       		.uleb128 0xb
 1229 0180 00       		.byte	0
 1230 0181 00       		.byte	0
 1231 0182 1B       		.uleb128 0x1b
 1232 0183 13       		.uleb128 0x13
 1233 0184 01       		.byte	0x1
 1234 0185 0B       		.uleb128 0xb
 1235 0186 0B       		.uleb128 0xb
 1236 0187 3A       		.uleb128 0x3a
 1237 0188 0B       		.uleb128 0xb
 1238 0189 3B       		.uleb128 0x3b
 1239 018a 0B       		.uleb128 0xb
 1240 018b 6E       		.uleb128 0x6e
 1241 018c 0E       		.uleb128 0xe
 1242 018d 01       		.uleb128 0x1
 1243 018e 13       		.uleb128 0x13
 1244 018f 00       		.byte	0
 1245 0190 00       		.byte	0
 1246 0191 1C       		.uleb128 0x1c
 1247 0192 35       		.uleb128 0x35
ARM GAS  /tmp/cc7KgYHl.s 			page 23


 1248 0193 00       		.byte	0
 1249 0194 49       		.uleb128 0x49
 1250 0195 13       		.uleb128 0x13
 1251 0196 00       		.byte	0
 1252 0197 00       		.byte	0
 1253 0198 1D       		.uleb128 0x1d
 1254 0199 10       		.uleb128 0x10
 1255 019a 00       		.byte	0
 1256 019b 0B       		.uleb128 0xb
 1257 019c 0B       		.uleb128 0xb
 1258 019d 49       		.uleb128 0x49
 1259 019e 13       		.uleb128 0x13
 1260 019f 00       		.byte	0
 1261 01a0 00       		.byte	0
 1262 01a1 1E       		.uleb128 0x1e
 1263 01a2 2E       		.uleb128 0x2e
 1264 01a3 01       		.byte	0x1
 1265 01a4 47       		.uleb128 0x47
 1266 01a5 13       		.uleb128 0x13
 1267 01a6 3B       		.uleb128 0x3b
 1268 01a7 0B       		.uleb128 0xb
 1269 01a8 11       		.uleb128 0x11
 1270 01a9 01       		.uleb128 0x1
 1271 01aa 12       		.uleb128 0x12
 1272 01ab 06       		.uleb128 0x6
 1273 01ac 40       		.uleb128 0x40
 1274 01ad 18       		.uleb128 0x18
 1275 01ae 9642     		.uleb128 0x2116
 1276 01b0 19       		.uleb128 0x19
 1277 01b1 01       		.uleb128 0x1
 1278 01b2 13       		.uleb128 0x13
 1279 01b3 00       		.byte	0
 1280 01b4 00       		.byte	0
 1281 01b5 1F       		.uleb128 0x1f
 1282 01b6 05       		.uleb128 0x5
 1283 01b7 00       		.byte	0
 1284 01b8 03       		.uleb128 0x3
 1285 01b9 0E       		.uleb128 0xe
 1286 01ba 3A       		.uleb128 0x3a
 1287 01bb 0B       		.uleb128 0xb
 1288 01bc 3B       		.uleb128 0x3b
 1289 01bd 0B       		.uleb128 0xb
 1290 01be 49       		.uleb128 0x49
 1291 01bf 13       		.uleb128 0x13
 1292 01c0 02       		.uleb128 0x2
 1293 01c1 18       		.uleb128 0x18
 1294 01c2 00       		.byte	0
 1295 01c3 00       		.byte	0
 1296 01c4 20       		.uleb128 0x20
 1297 01c5 2E       		.uleb128 0x2e
 1298 01c6 01       		.byte	0x1
 1299 01c7 47       		.uleb128 0x47
 1300 01c8 13       		.uleb128 0x13
 1301 01c9 3A       		.uleb128 0x3a
 1302 01ca 0B       		.uleb128 0xb
 1303 01cb 3B       		.uleb128 0x3b
 1304 01cc 0B       		.uleb128 0xb
ARM GAS  /tmp/cc7KgYHl.s 			page 24


 1305 01cd 11       		.uleb128 0x11
 1306 01ce 01       		.uleb128 0x1
 1307 01cf 12       		.uleb128 0x12
 1308 01d0 06       		.uleb128 0x6
 1309 01d1 40       		.uleb128 0x40
 1310 01d2 18       		.uleb128 0x18
 1311 01d3 9642     		.uleb128 0x2116
 1312 01d5 19       		.uleb128 0x19
 1313 01d6 01       		.uleb128 0x1
 1314 01d7 13       		.uleb128 0x13
 1315 01d8 00       		.byte	0
 1316 01d9 00       		.byte	0
 1317 01da 21       		.uleb128 0x21
 1318 01db 0B       		.uleb128 0xb
 1319 01dc 01       		.byte	0x1
 1320 01dd 11       		.uleb128 0x11
 1321 01de 01       		.uleb128 0x1
 1322 01df 12       		.uleb128 0x12
 1323 01e0 06       		.uleb128 0x6
 1324 01e1 00       		.byte	0
 1325 01e2 00       		.byte	0
 1326 01e3 22       		.uleb128 0x22
 1327 01e4 34       		.uleb128 0x34
 1328 01e5 00       		.byte	0
 1329 01e6 03       		.uleb128 0x3
 1330 01e7 08       		.uleb128 0x8
 1331 01e8 3A       		.uleb128 0x3a
 1332 01e9 0B       		.uleb128 0xb
 1333 01ea 3B       		.uleb128 0x3b
 1334 01eb 0B       		.uleb128 0xb
 1335 01ec 49       		.uleb128 0x49
 1336 01ed 13       		.uleb128 0x13
 1337 01ee 02       		.uleb128 0x2
 1338 01ef 18       		.uleb128 0x18
 1339 01f0 00       		.byte	0
 1340 01f1 00       		.byte	0
 1341 01f2 23       		.uleb128 0x23
 1342 01f3 2E       		.uleb128 0x2e
 1343 01f4 01       		.byte	0x1
 1344 01f5 47       		.uleb128 0x47
 1345 01f6 13       		.uleb128 0x13
 1346 01f7 20       		.uleb128 0x20
 1347 01f8 0B       		.uleb128 0xb
 1348 01f9 64       		.uleb128 0x64
 1349 01fa 13       		.uleb128 0x13
 1350 01fb 01       		.uleb128 0x1
 1351 01fc 13       		.uleb128 0x13
 1352 01fd 00       		.byte	0
 1353 01fe 00       		.byte	0
 1354 01ff 24       		.uleb128 0x24
 1355 0200 05       		.uleb128 0x5
 1356 0201 00       		.byte	0
 1357 0202 03       		.uleb128 0x3
 1358 0203 0E       		.uleb128 0xe
 1359 0204 49       		.uleb128 0x49
 1360 0205 13       		.uleb128 0x13
 1361 0206 34       		.uleb128 0x34
ARM GAS  /tmp/cc7KgYHl.s 			page 25


 1362 0207 19       		.uleb128 0x19
 1363 0208 00       		.byte	0
 1364 0209 00       		.byte	0
 1365 020a 25       		.uleb128 0x25
 1366 020b 05       		.uleb128 0x5
 1367 020c 00       		.byte	0
 1368 020d 03       		.uleb128 0x3
 1369 020e 0E       		.uleb128 0xe
 1370 020f 3A       		.uleb128 0x3a
 1371 0210 0B       		.uleb128 0xb
 1372 0211 3B       		.uleb128 0x3b
 1373 0212 0B       		.uleb128 0xb
 1374 0213 49       		.uleb128 0x49
 1375 0214 13       		.uleb128 0x13
 1376 0215 00       		.byte	0
 1377 0216 00       		.byte	0
 1378 0217 26       		.uleb128 0x26
 1379 0218 2E       		.uleb128 0x2e
 1380 0219 01       		.byte	0x1
 1381 021a 31       		.uleb128 0x31
 1382 021b 13       		.uleb128 0x13
 1383 021c 6E       		.uleb128 0x6e
 1384 021d 0E       		.uleb128 0xe
 1385 021e 11       		.uleb128 0x11
 1386 021f 01       		.uleb128 0x1
 1387 0220 12       		.uleb128 0x12
 1388 0221 06       		.uleb128 0x6
 1389 0222 40       		.uleb128 0x40
 1390 0223 18       		.uleb128 0x18
 1391 0224 64       		.uleb128 0x64
 1392 0225 13       		.uleb128 0x13
 1393 0226 9742     		.uleb128 0x2117
 1394 0228 19       		.uleb128 0x19
 1395 0229 01       		.uleb128 0x1
 1396 022a 13       		.uleb128 0x13
 1397 022b 00       		.byte	0
 1398 022c 00       		.byte	0
 1399 022d 27       		.uleb128 0x27
 1400 022e 05       		.uleb128 0x5
 1401 022f 00       		.byte	0
 1402 0230 31       		.uleb128 0x31
 1403 0231 13       		.uleb128 0x13
 1404 0232 02       		.uleb128 0x2
 1405 0233 18       		.uleb128 0x18
 1406 0234 00       		.byte	0
 1407 0235 00       		.byte	0
 1408 0236 28       		.uleb128 0x28
 1409 0237 34       		.uleb128 0x34
 1410 0238 00       		.byte	0
 1411 0239 03       		.uleb128 0x3
 1412 023a 0E       		.uleb128 0xe
 1413 023b 3A       		.uleb128 0x3a
 1414 023c 0B       		.uleb128 0xb
 1415 023d 3B       		.uleb128 0x3b
 1416 023e 0B       		.uleb128 0xb
 1417 023f 49       		.uleb128 0x49
 1418 0240 13       		.uleb128 0x13
ARM GAS  /tmp/cc7KgYHl.s 			page 26


 1419 0241 3F       		.uleb128 0x3f
 1420 0242 19       		.uleb128 0x19
 1421 0243 3C       		.uleb128 0x3c
 1422 0244 19       		.uleb128 0x19
 1423 0245 00       		.byte	0
 1424 0246 00       		.byte	0
 1425 0247 00       		.byte	0
 1426              		.section	.debug_aranges,"",%progbits
 1427 0000 2C000000 		.4byte	0x2c
 1428 0004 0200     		.2byte	0x2
 1429 0006 00000000 		.4byte	.Ldebug_info0
 1430 000a 04       		.byte	0x4
 1431 000b 00       		.byte	0
 1432 000c 0000     		.2byte	0
 1433 000e 0000     		.2byte	0
 1434 0010 00000000 		.4byte	.LFB58
 1435 0014 22000000 		.4byte	.LFE58-.LFB58
 1436 0018 00000000 		.4byte	.LFB70
 1437 001c 44000000 		.4byte	.LFE70-.LFB70
 1438 0020 00000000 		.4byte	.LFB72
 1439 0024 14000000 		.4byte	.LFE72-.LFB72
 1440 0028 00000000 		.4byte	0
 1441 002c 00000000 		.4byte	0
 1442              		.section	.debug_ranges,"",%progbits
 1443              	.Ldebug_ranges0:
 1444 0000 00000000 		.4byte	.LFB58
 1445 0004 22000000 		.4byte	.LFE58
 1446 0008 00000000 		.4byte	.LFB70
 1447 000c 44000000 		.4byte	.LFE70
 1448 0010 00000000 		.4byte	.LFB72
 1449 0014 14000000 		.4byte	.LFE72
 1450 0018 00000000 		.4byte	0
 1451 001c 00000000 		.4byte	0
 1452              		.section	.debug_line,"",%progbits
 1453              	.Ldebug_line0:
 1454 0000 43020000 		.section	.debug_str,"MS",%progbits,1
 1454      0200E701 
 1454      00000201 
 1454      FB0E0D00 
 1454      01010101 
 1455              	.LASF44:
 1456 0000 5F5A4E33 		.ascii	"_ZN3r2p4Time2usEl\000"
 1456      72327034 
 1456      54696D65 
 1456      32757345 
 1456      6C00
 1457              	.LASF51:
 1458 0012 626F6F6C 		.ascii	"bool\000"
 1458      00
 1459              	.LASF29:
 1460 0017 746F5F75 		.ascii	"to_us\000"
 1460      7300
 1461              	.LASF3:
 1462 001d 73686F72 		.ascii	"short int\000"
 1462      7420696E 
 1462      7400
 1463              	.LASF5:
ARM GAS  /tmp/cc7KgYHl.s 			page 27


 1464 0027 73697A65 		.ascii	"size_t\000"
 1464      5F7400
 1465              	.LASF12:
 1466 002e 73697A65 		.ascii	"sizetype\000"
 1466      74797065 
 1466      00
 1467              	.LASF8:
 1468 0037 5F5F7569 		.ascii	"__uint32_t\000"
 1468      6E743332 
 1468      5F7400
 1469              	.LASF19:
 1470 0042 494E4649 		.ascii	"INFINITE\000"
 1470      4E495445 
 1470      00
 1471              	.LASF74:
 1472 004b 76746C69 		.ascii	"vtlist\000"
 1472      737400
 1473              	.LASF32:
 1474 0052 5F5A4E4B 		.ascii	"_ZNK3r2p4Time5to_msEv\000"
 1474      33723270 
 1474      3454696D 
 1474      6535746F 
 1474      5F6D7345 
 1475              	.LASF59:
 1476 0068 76745F70 		.ascii	"vt_par\000"
 1476      617200
 1477              	.LASF15:
 1478 006f 73747265 		.ascii	"strerror\000"
 1478      72726F72 
 1478      00
 1479              	.LASF33:
 1480 0078 746F5F73 		.ascii	"to_s\000"
 1480      00
 1481              	.LASF40:
 1482 007d 5F5A4E33 		.ascii	"_ZN3r2p4TimepLERKS0_\000"
 1482      72327034 
 1482      54696D65 
 1482      704C4552 
 1482      4B53305F 
 1483              	.LASF65:
 1484 0092 2F686F6D 		.ascii	"/home/dave/workspace-demo/IMU/\000"
 1484      652F6461 
 1484      76652F77 
 1484      6F726B73 
 1484      70616365 
 1485              	.LASF47:
 1486 00b1 5F5A4E33 		.ascii	"_ZN3r2p4Time1mEl\000"
 1486      72327034 
 1486      54696D65 
 1486      316D456C 
 1486      00
 1487              	.LASF64:
 1488 00c2 2F686F6D 		.ascii	"/home/dave/r2p-sdk/core/Middleware/port/chibios/src"
 1488      652F6461 
 1488      76652F72 
 1488      32702D73 
 1488      646B2F63 
ARM GAS  /tmp/cc7KgYHl.s 			page 28


 1489 00f5 2F696D70 		.ascii	"/impl/Time_.cpp\000"
 1489      6C2F5469 
 1489      6D655F2E 
 1489      63707000 
 1490              	.LASF41:
 1491 0105 6F706572 		.ascii	"operator-=\000"
 1491      61746F72 
 1491      2D3D00
 1492              	.LASF60:
 1493 0110 76745F73 		.ascii	"vt_systime\000"
 1493      79737469 
 1493      6D6500
 1494              	.LASF23:
 1495 011b 5F5A4E4B 		.ascii	"_ZNK3r2p4Time9to_us_rawEv\000"
 1495      33723270 
 1495      3454696D 
 1495      6539746F 
 1495      5F75735F 
 1496              	.LASF30:
 1497 0135 5F5A4E4B 		.ascii	"_ZNK3r2p4Time5to_usEv\000"
 1497      33723270 
 1497      3454696D 
 1497      6535746F 
 1497      5F757345 
 1498              	.LASF34:
 1499 014b 5F5A4E4B 		.ascii	"_ZNK3r2p4Time4to_sEv\000"
 1499      33723270 
 1499      3454696D 
 1499      6534746F 
 1499      5F734576 
 1500              	.LASF1:
 1501 0160 7369676E 		.ascii	"signed char\000"
 1501      65642063 
 1501      68617200 
 1502              	.LASF20:
 1503 016c 494E4649 		.ascii	"INFINITEN\000"
 1503      4E495445 
 1503      4E00
 1504              	.LASF70:
 1505 0176 6D696C6C 		.ascii	"milliseconds\000"
 1505      69736563 
 1505      6F6E6473 
 1505      00
 1506              	.LASF10:
 1507 0183 6C6F6E67 		.ascii	"long long int\000"
 1507      206C6F6E 
 1507      6720696E 
 1507      7400
 1508              	.LASF27:
 1509 0191 746F5F6D 		.ascii	"to_m_raw\000"
 1509      5F726177 
 1509      00
 1510              	.LASF13:
 1511 019a 63686172 		.ascii	"char\000"
 1511      00
 1512              	.LASF38:
 1513 019f 5F5A4E33 		.ascii	"_ZN3r2p4TimeaSERKS0_\000"
ARM GAS  /tmp/cc7KgYHl.s 			page 29


 1513      72327034 
 1513      54696D65 
 1513      61534552 
 1513      4B53305F 
 1514              	.LASF16:
 1515 01b4 73747274 		.ascii	"strtok\000"
 1515      6F6B00
 1516              	.LASF24:
 1517 01bb 5F5A4E4B 		.ascii	"_ZNK3r2p4Time9to_ms_rawEv\000"
 1517      33723270 
 1517      3454696D 
 1517      6539746F 
 1517      5F6D735F 
 1518              	.LASF28:
 1519 01d5 5F5A4E4B 		.ascii	"_ZNK3r2p4Time8to_m_rawEv\000"
 1519      33723270 
 1519      3454696D 
 1519      6538746F 
 1519      5F6D5F72 
 1520              	.LASF72:
 1521 01ee 6D696372 		.ascii	"microseconds\000"
 1521      6F736563 
 1521      6F6E6473 
 1521      00
 1522              	.LASF2:
 1523 01fb 756E7369 		.ascii	"unsigned char\000"
 1523      676E6564 
 1523      20636861 
 1523      7200
 1524              	.LASF37:
 1525 0209 6F706572 		.ascii	"operator=\000"
 1525      61746F72 
 1525      3D00
 1526              	.LASF11:
 1527 0213 6C6F6E67 		.ascii	"long long unsigned int\000"
 1527      206C6F6E 
 1527      6720756E 
 1527      7369676E 
 1527      65642069 
 1528              	.LASF50:
 1529 022a 75696E74 		.ascii	"uint32_t\000"
 1529      33325F74 
 1529      00
 1530              	.LASF56:
 1531 0233 76745F70 		.ascii	"vt_prev\000"
 1531      72657600 
 1532              	.LASF0:
 1533 023b 756E7369 		.ascii	"unsigned int\000"
 1533      676E6564 
 1533      20696E74 
 1533      00
 1534              	.LASF31:
 1535 0248 746F5F6D 		.ascii	"to_ms\000"
 1535      7300
 1536              	.LASF55:
 1537 024e 76745F6E 		.ascii	"vt_next\000"
 1537      65787400 
ARM GAS  /tmp/cc7KgYHl.s 			page 30


 1538              	.LASF42:
 1539 0256 5F5A4E33 		.ascii	"_ZN3r2p4TimemIERKS0_\000"
 1539      72327034 
 1539      54696D65 
 1539      6D494552 
 1539      4B53305F 
 1540              	.LASF4:
 1541 026b 73686F72 		.ascii	"short unsigned int\000"
 1541      7420756E 
 1541      7369676E 
 1541      65642069 
 1541      6E7400
 1542              	.LASF54:
 1543 027e 56697274 		.ascii	"VirtualTimer\000"
 1543      75616C54 
 1543      696D6572 
 1543      00
 1544              	.LASF25:
 1545 028b 746F5F73 		.ascii	"to_s_raw\000"
 1545      5F726177 
 1545      00
 1546              	.LASF52:
 1547 0294 73797374 		.ascii	"systime_t\000"
 1547      696D655F 
 1547      7400
 1548              	.LASF7:
 1549 029e 6C6F6E67 		.ascii	"long int\000"
 1549      20696E74 
 1549      00
 1550              	.LASF49:
 1551 02a7 696E7433 		.ascii	"int32_t\000"
 1551      325F7400 
 1552              	.LASF14:
 1553 02af 73747263 		.ascii	"strcoll\000"
 1553      6F6C6C00 
 1554              	.LASF63:
 1555 02b7 474E5520 		.ascii	"GNU C++ 4.8.4 20141219 (release) -mcpu=cortex-m4 -m"
 1555      432B2B20 
 1555      342E382E 
 1555      34203230 
 1555      31343132 
 1556 02ea 666C6F61 		.ascii	"float-abi=hard -mfpu=fpv4-sp-d16 -mno-thumb-interwo"
 1556      742D6162 
 1556      693D6861 
 1556      7264202D 
 1556      6D667075 
 1557 031d 726B202D 		.ascii	"rk -mthumb -ggdb -O0 -fomit-frame-pointer -falign-f"
 1557      6D746875 
 1557      6D62202D 
 1557      67676462 
 1557      202D4F30 
 1558 0350 756E6374 		.ascii	"unctions=16 -ffunction-sections -fdata-sections -fn"
 1558      696F6E73 
 1558      3D313620 
 1558      2D666675 
 1558      6E637469 
 1559 0383 6F2D636F 		.ascii	"o-common -fsingle-precision-constant -fno-rtti -fno"
ARM GAS  /tmp/cc7KgYHl.s 			page 31


 1559      6D6D6F6E 
 1559      202D6673 
 1559      696E676C 
 1559      652D7072 
 1560 03b6 2D657863 		.ascii	"-exceptions -fno-threadsafe-statics\000"
 1560      65707469 
 1560      6F6E7320 
 1560      2D666E6F 
 1560      2D746872 
 1561              	.LASF39:
 1562 03da 6F706572 		.ascii	"operator+=\000"
 1562      61746F72 
 1562      2B3D00
 1563              	.LASF26:
 1564 03e5 5F5A4E4B 		.ascii	"_ZNK3r2p4Time8to_s_rawEv\000"
 1564      33723270 
 1564      3454696D 
 1564      6538746F 
 1564      5F735F72 
 1565              	.LASF66:
 1566 03fe 54797065 		.ascii	"Type\000"
 1566      00
 1567              	.LASF17:
 1568 0403 73747278 		.ascii	"strxfrm\000"
 1568      66726D00 
 1569              	.LASF9:
 1570 040b 6C6F6E67 		.ascii	"long unsigned int\000"
 1570      20756E73 
 1570      69676E65 
 1570      6420696E 
 1570      7400
 1571              	.LASF62:
 1572 041d 646F7562 		.ascii	"double\000"
 1572      6C6500
 1573              	.LASF43:
 1574 0424 54696D65 		.ascii	"Time\000"
 1574      00
 1575              	.LASF21:
 1576 0429 746F5F75 		.ascii	"to_us_raw\000"
 1576      735F7261 
 1576      7700
 1577              	.LASF48:
 1578 0433 5F5A4E33 		.ascii	"_ZN3r2p4Time2hzEd\000"
 1578      72327034 
 1578      54696D65 
 1578      32687A45 
 1578      6400
 1579              	.LASF6:
 1580 0445 5F5F696E 		.ascii	"__int32_t\000"
 1580      7433325F 
 1580      7400
 1581              	.LASF58:
 1582 044f 76745F66 		.ascii	"vt_func\000"
 1582      756E6300 
 1583              	.LASF22:
 1584 0457 746F5F6D 		.ascii	"to_ms_raw\000"
 1584      735F7261 
ARM GAS  /tmp/cc7KgYHl.s 			page 32


 1584      7700
 1585              	.LASF68:
 1586 0461 54696D65 		.ascii	"Time<long int>\000"
 1586      3C6C6F6E 
 1586      6720696E 
 1586      743E00
 1587              	.LASF53:
 1588 0470 76746675 		.ascii	"vtfunc_t\000"
 1588      6E635F74 
 1588      00
 1589              	.LASF46:
 1590 0479 5F5A4E33 		.ascii	"_ZN3r2p4Time1sEl\000"
 1590      72327034 
 1590      54696D65 
 1590      3173456C 
 1590      00
 1591              	.LASF69:
 1592 048a 3656544C 		.ascii	"6VTList\000"
 1592      69737400 
 1593              	.LASF61:
 1594 0492 56544C69 		.ascii	"VTList\000"
 1594      737400
 1595              	.LASF73:
 1596 0499 5F5A4E33 		.ascii	"_ZN3r2p4TimeC2IlEET_\000"
 1596      72327034 
 1596      54696D65 
 1596      4332496C 
 1596      4545545F 
 1597              	.LASF35:
 1598 04ae 746F5F6D 		.ascii	"to_m\000"
 1598      00
 1599              	.LASF71:
 1600 04b3 74686973 		.ascii	"this\000"
 1600      00
 1601              	.LASF18:
 1602 04b8 494D4D45 		.ascii	"IMMEDIATE\000"
 1602      44494154 
 1602      4500
 1603              	.LASF45:
 1604 04c2 5F5A4E33 		.ascii	"_ZN3r2p4Time2msEl\000"
 1604      72327034 
 1604      54696D65 
 1604      326D7345 
 1604      6C00
 1605              	.LASF67:
 1606 04d4 5F5A4E33 		.ascii	"_ZN3r2p4Time3nowEv\000"
 1606      72327034 
 1606      54696D65 
 1606      336E6F77 
 1606      457600
 1607              	.LASF57:
 1608 04e7 76745F74 		.ascii	"vt_time\000"
 1608      696D6500 
 1609              	.LASF36:
 1610 04ef 5F5A4E4B 		.ascii	"_ZNK3r2p4Time4to_mEv\000"
 1610      33723270 
 1610      3454696D 
ARM GAS  /tmp/cc7KgYHl.s 			page 33


 1610      6534746F 
 1610      5F6D4576 
 1611              		.ident	"GCC: (4.8.4-1+11-1) 4.8.4 20141219 (release)"
ARM GAS  /tmp/cc7KgYHl.s 			page 34


DEFINED SYMBOLS
                            *ABS*:0000000000000000 Time_.cpp
     /tmp/cc7KgYHl.s:21     .text._ZN3r2p4Time2msEl:0000000000000000 $t
     /tmp/cc7KgYHl.s:27     .text._ZN3r2p4Time2msEl:0000000000000000 _ZN3r2p4Time2msEl
     /tmp/cc7KgYHl.s:131    .text._ZN3r2p4TimeC2IlEET_:0000000000000000 _ZN3r2p4TimeC1IlEET_
     /tmp/cc7KgYHl.s:57     .text._ZN3r2p4Time3nowEv:0000000000000000 $t
     /tmp/cc7KgYHl.s:63     .text._ZN3r2p4Time3nowEv:0000000000000000 _ZN3r2p4Time3nowEv
     /tmp/cc7KgYHl.s:118    .text._ZN3r2p4Time3nowEv:0000000000000038 $d
     /tmp/cc7KgYHl.s:125    .text._ZN3r2p4TimeC2IlEET_:0000000000000000 $t
     /tmp/cc7KgYHl.s:131    .text._ZN3r2p4TimeC2IlEET_:0000000000000000 _ZN3r2p4TimeC2IlEET_
                     .debug_frame:0000000000000010 $d
     /tmp/cc7KgYHl.s:124    .text._ZN3r2p4Time3nowEv:0000000000000044 $t
                           .group:0000000000000000 _ZN3r2p4TimeC5IlEET_

UNDEFINED SYMBOLS
vtlist
_ZN3r2p4Time9INFINITENE
_ZN3r2p4Time8INFINITEE
