ARM GAS  /tmp/ccIEywMV.s 			page 1


   1              		.syntax unified
   2              		.cpu cortex-m4
   3              		.eabi_attribute 27, 3
   4              		.eabi_attribute 28, 1
   5              		.fpu fpv4-sp-d16
   6              		.eabi_attribute 20, 1
   7              		.eabi_attribute 21, 1
   8              		.eabi_attribute 23, 3
   9              		.eabi_attribute 24, 1
  10              		.eabi_attribute 25, 1
  11              		.eabi_attribute 26, 1
  12              		.eabi_attribute 30, 6
  13              		.eabi_attribute 34, 1
  14              		.eabi_attribute 18, 4
  15              		.thumb
  16              		.file	"Utils.cpp"
  17              		.text
  18              	.Ltext0:
  19              		.cfi_sections	.debug_frame
  20              		.section	.text._ZN3r2p13is_identifierEPKc,"ax",%progbits
  21              		.align	2
  22              		.p2align 4,,15
  23              		.global	_ZN3r2p13is_identifierEPKc
  24              		.thumb
  25              		.thumb_func
  26              		.type	_ZN3r2p13is_identifierEPKc, %function
  27              	_ZN3r2p13is_identifierEPKc:
  28              	.LFB36:
  29              		.file 1 "/home/dave/r2p-sdk/core/Middleware/src/Utils.cpp"
  30              		.loc 1 7 0
  31              		.cfi_startproc
  32              		@ args = 0, pretend = 0, frame = 8
  33              		@ frame_needed = 0, uses_anonymous_args = 0
  34              		@ link register save eliminated.
  35 0000 82B0     		sub	sp, sp, #8
  36              		.cfi_def_cfa_offset 8
  37 0002 0190     		str	r0, [sp, #4]
  38              		.loc 1 9 0
  39 0004 019B     		ldr	r3, [sp, #4]
  40 0006 002B     		cmp	r3, #0
  41 0008 2BD0     		beq	.L2
  42              		.loc 1 9 0 is_stmt 0 discriminator 1
  43 000a 019B     		ldr	r3, [sp, #4]
  44 000c 1B78     		ldrb	r3, [r3]	@ zero_extendqisi2
  45 000e 002B     		cmp	r3, #0
  46 0010 27D0     		beq	.L2
  47              		.loc 1 10 0 is_stmt 1
  48 0012 02E0     		b	.L3
  49              	.L5:
  50              		.loc 1 14 0
  51 0014 019B     		ldr	r3, [sp, #4]
  52 0016 0133     		adds	r3, r3, #1
  53 0018 0193     		str	r3, [sp, #4]
  54              	.L3:
  55              		.loc 1 10 0 discriminator 1
  56 001a 019B     		ldr	r3, [sp, #4]
  57 001c 1B78     		ldrb	r3, [r3]	@ zero_extendqisi2
ARM GAS  /tmp/ccIEywMV.s 			page 2


  58 001e 602B     		cmp	r3, #96
  59 0020 03D9     		bls	.L4
  60              		.loc 1 10 0 is_stmt 0 discriminator 2
  61 0022 019B     		ldr	r3, [sp, #4]
  62 0024 1B78     		ldrb	r3, [r3]	@ zero_extendqisi2
  63 0026 7A2B     		cmp	r3, #122
  64 0028 F4D9     		bls	.L5
  65              	.L4:
  66              		.loc 1 11 0 is_stmt 1 discriminator 3
  67 002a 019B     		ldr	r3, [sp, #4]
  68 002c 1B78     		ldrb	r3, [r3]	@ zero_extendqisi2
  69              		.loc 1 10 0 discriminator 3
  70 002e 402B     		cmp	r3, #64
  71 0030 03D9     		bls	.L6
  72              		.loc 1 11 0
  73 0032 019B     		ldr	r3, [sp, #4]
  74 0034 1B78     		ldrb	r3, [r3]	@ zero_extendqisi2
  75 0036 5A2B     		cmp	r3, #90
  76 0038 ECD9     		bls	.L5
  77              	.L6:
  78              		.loc 1 12 0 discriminator 1
  79 003a 019B     		ldr	r3, [sp, #4]
  80 003c 1B78     		ldrb	r3, [r3]	@ zero_extendqisi2
  81              		.loc 1 11 0 discriminator 1
  82 003e 2F2B     		cmp	r3, #47
  83 0040 03D9     		bls	.L7
  84              		.loc 1 12 0
  85 0042 019B     		ldr	r3, [sp, #4]
  86 0044 1B78     		ldrb	r3, [r3]	@ zero_extendqisi2
  87 0046 392B     		cmp	r3, #57
  88 0048 E4D9     		bls	.L5
  89              	.L7:
  90              		.loc 1 13 0 discriminator 1
  91 004a 019B     		ldr	r3, [sp, #4]
  92 004c 1B78     		ldrb	r3, [r3]	@ zero_extendqisi2
  93              		.loc 1 12 0 discriminator 1
  94 004e 5F2B     		cmp	r3, #95
  95 0050 E0D0     		beq	.L5
  96              		.loc 1 16 0
  97 0052 019B     		ldr	r3, [sp, #4]
  98 0054 1B78     		ldrb	r3, [r3]	@ zero_extendqisi2
  99 0056 002B     		cmp	r3, #0
 100 0058 14BF     		ite	ne
 101 005a 0023     		movne	r3, #0
 102 005c 0123     		moveq	r3, #1
 103 005e DBB2     		uxtb	r3, r3
 104 0060 00E0     		b	.L8
 105              	.L2:
 106              		.loc 1 18 0
 107 0062 0023     		movs	r3, #0
 108              	.L8:
 109              		.loc 1 19 0
 110 0064 1846     		mov	r0, r3
 111 0066 02B0     		add	sp, sp, #8
 112              		@ sp needed
 113 0068 7047     		bx	lr
 114              		.cfi_endproc
ARM GAS  /tmp/ccIEywMV.s 			page 3


 115              	.LFE36:
 116              		.size	_ZN3r2p13is_identifierEPKc, .-_ZN3r2p13is_identifierEPKc
 117 006a 00BFAFF3 		.section	.text._ZN3r2p13is_identifierEPKcj,"ax",%progbits
 117      0080
 118              		.align	2
 119              		.p2align 4,,15
 120              		.global	_ZN3r2p13is_identifierEPKcj
 121              		.thumb
 122              		.thumb_func
 123              		.type	_ZN3r2p13is_identifierEPKcj, %function
 124              	_ZN3r2p13is_identifierEPKcj:
 125              	.LFB37:
 126              		.loc 1 22 0
 127              		.cfi_startproc
 128              		@ args = 0, pretend = 0, frame = 8
 129              		@ frame_needed = 0, uses_anonymous_args = 0
 130              		@ link register save eliminated.
 131 0000 82B0     		sub	sp, sp, #8
 132              		.cfi_def_cfa_offset 8
 133 0002 0190     		str	r0, [sp, #4]
 134 0004 0091     		str	r1, [sp]
 135              		.loc 1 24 0
 136 0006 019B     		ldr	r3, [sp, #4]
 137 0008 002B     		cmp	r3, #0
 138 000a 34D0     		beq	.L10
 139              		.loc 1 24 0 is_stmt 0 discriminator 1
 140 000c 019B     		ldr	r3, [sp, #4]
 141 000e 1B78     		ldrb	r3, [r3]	@ zero_extendqisi2
 142 0010 002B     		cmp	r3, #0
 143 0012 30D0     		beq	.L10
 144              		.loc 1 25 0 is_stmt 1
 145 0014 05E0     		b	.L11
 146              	.L14:
 147              		.loc 1 29 0
 148 0016 019B     		ldr	r3, [sp, #4]
 149 0018 0133     		adds	r3, r3, #1
 150 001a 0193     		str	r3, [sp, #4]
 151              		.loc 1 30 0
 152 001c 009B     		ldr	r3, [sp]
 153 001e 013B     		subs	r3, r3, #1
 154 0020 0093     		str	r3, [sp]
 155              	.L11:
 156              		.loc 1 25 0 discriminator 1
 157 0022 009B     		ldr	r3, [sp]
 158 0024 002B     		cmp	r3, #0
 159 0026 1BD0     		beq	.L12
 160              		.loc 1 25 0 is_stmt 0 discriminator 2
 161 0028 019B     		ldr	r3, [sp, #4]
 162 002a 1B78     		ldrb	r3, [r3]	@ zero_extendqisi2
 163 002c 602B     		cmp	r3, #96
 164 002e 03D9     		bls	.L13
 165              		.loc 1 25 0 discriminator 1
 166 0030 019B     		ldr	r3, [sp, #4]
 167 0032 1B78     		ldrb	r3, [r3]	@ zero_extendqisi2
 168 0034 7A2B     		cmp	r3, #122
 169 0036 EED9     		bls	.L14
 170              	.L13:
ARM GAS  /tmp/ccIEywMV.s 			page 4


 171              		.loc 1 26 0 is_stmt 1 discriminator 2
 172 0038 019B     		ldr	r3, [sp, #4]
 173 003a 1B78     		ldrb	r3, [r3]	@ zero_extendqisi2
 174              		.loc 1 25 0 discriminator 2
 175 003c 402B     		cmp	r3, #64
 176 003e 03D9     		bls	.L15
 177              		.loc 1 26 0
 178 0040 019B     		ldr	r3, [sp, #4]
 179 0042 1B78     		ldrb	r3, [r3]	@ zero_extendqisi2
 180 0044 5A2B     		cmp	r3, #90
 181 0046 E6D9     		bls	.L14
 182              	.L15:
 183              		.loc 1 27 0 discriminator 1
 184 0048 019B     		ldr	r3, [sp, #4]
 185 004a 1B78     		ldrb	r3, [r3]	@ zero_extendqisi2
 186              		.loc 1 26 0 discriminator 1
 187 004c 2F2B     		cmp	r3, #47
 188 004e 03D9     		bls	.L16
 189              		.loc 1 27 0
 190 0050 019B     		ldr	r3, [sp, #4]
 191 0052 1B78     		ldrb	r3, [r3]	@ zero_extendqisi2
 192 0054 392B     		cmp	r3, #57
 193 0056 DED9     		bls	.L14
 194              	.L16:
 195              		.loc 1 28 0 discriminator 1
 196 0058 019B     		ldr	r3, [sp, #4]
 197 005a 1B78     		ldrb	r3, [r3]	@ zero_extendqisi2
 198              		.loc 1 27 0 discriminator 1
 199 005c 5F2B     		cmp	r3, #95
 200 005e DAD0     		beq	.L14
 201              	.L12:
 202              		.loc 1 32 0
 203 0060 009B     		ldr	r3, [sp]
 204 0062 002B     		cmp	r3, #0
 205 0064 03D0     		beq	.L17
 206              		.loc 1 32 0 is_stmt 0 discriminator 2
 207 0066 019B     		ldr	r3, [sp, #4]
 208 0068 1B78     		ldrb	r3, [r3]	@ zero_extendqisi2
 209 006a 002B     		cmp	r3, #0
 210 006c 01D1     		bne	.L18
 211              	.L17:
 212              		.loc 1 32 0 discriminator 1
 213 006e 0123     		movs	r3, #1
 214 0070 00E0     		b	.L19
 215              	.L18:
 216              		.loc 1 32 0 discriminator 3
 217 0072 0023     		movs	r3, #0
 218              	.L19:
 219              		.loc 1 32 0 discriminator 4
 220 0074 00E0     		b	.L20
 221              	.L10:
 222              		.loc 1 34 0 is_stmt 1
 223 0076 0023     		movs	r3, #0
 224              	.L20:
 225              		.loc 1 35 0
 226 0078 1846     		mov	r0, r3
 227 007a 02B0     		add	sp, sp, #8
ARM GAS  /tmp/ccIEywMV.s 			page 5


 228              		@ sp needed
 229 007c 7047     		bx	lr
 230              		.cfi_endproc
 231              	.LFE37:
 232              		.size	_ZN3r2p13is_identifierEPKcj, .-_ZN3r2p13is_identifierEPKcj
 233 007e 00BF     		.text
 234              	.Letext0:
 235              		.file 2 "/usr/include/newlib/c++/4.8/cstring"
 236              		.file 3 "/usr/include/newlib/string.h"
 237              		.file 4 "<built-in>"
 238              		.file 5 "/home/dave/r2p-sdk/core/Middleware/include/r2p/Uncopyable.hpp"
 239              		.file 6 "/usr/lib/gcc/arm-none-eabi/4.8/include/stddef.h"
 240              		.section	.debug_info,"",%progbits
 241              	.Ldebug_info0:
 242 0000 B6010000 		.4byte	0x1b6
 243 0004 0400     		.2byte	0x4
 244 0006 00000000 		.4byte	.Ldebug_abbrev0
 245 000a 04       		.byte	0x4
 246 000b 01       		.uleb128 0x1
 247 000c 4E000000 		.4byte	.LASF19
 248 0010 04       		.byte	0x4
 249 0011 71010000 		.4byte	.LASF20
 250 0015 3E020000 		.4byte	.LASF21
 251 0019 00000000 		.4byte	.Ldebug_ranges0+0
 252 001d 00000000 		.4byte	0
 253 0021 00000000 		.4byte	.Ldebug_line0
 254 0025 02       		.uleb128 0x2
 255 0026 04       		.byte	0x4
 256 0027 05       		.byte	0x5
 257 0028 696E7400 		.ascii	"int\000"
 258 002c 03       		.uleb128 0x3
 259 002d 39000000 		.4byte	.LASF22
 260 0031 06       		.byte	0x6
 261 0032 D4       		.byte	0xd4
 262 0033 37000000 		.4byte	0x37
 263 0037 04       		.uleb128 0x4
 264 0038 04       		.byte	0x4
 265 0039 07       		.byte	0x7
 266 003a 21000000 		.4byte	.LASF0
 267 003e 04       		.uleb128 0x4
 268 003f 01       		.byte	0x1
 269 0040 06       		.byte	0x6
 270 0041 64020000 		.4byte	.LASF1
 271 0045 04       		.uleb128 0x4
 272 0046 01       		.byte	0x1
 273 0047 08       		.byte	0x8
 274 0048 F5010000 		.4byte	.LASF2
 275 004c 04       		.uleb128 0x4
 276 004d 02       		.byte	0x2
 277 004e 05       		.byte	0x5
 278 004f 19020000 		.4byte	.LASF3
 279 0053 04       		.uleb128 0x4
 280 0054 02       		.byte	0x2
 281 0055 07       		.byte	0x7
 282 0056 0E000000 		.4byte	.LASF4
 283 005a 04       		.uleb128 0x4
 284 005b 04       		.byte	0x4
ARM GAS  /tmp/ccIEywMV.s 			page 6


 285 005c 05       		.byte	0x5
 286 005d 10020000 		.4byte	.LASF5
 287 0061 04       		.uleb128 0x4
 288 0062 04       		.byte	0x4
 289 0063 07       		.byte	0x7
 290 0064 A2010000 		.4byte	.LASF6
 291 0068 04       		.uleb128 0x4
 292 0069 08       		.byte	0x8
 293 006a 05       		.byte	0x5
 294 006b 00000000 		.4byte	.LASF7
 295 006f 04       		.uleb128 0x4
 296 0070 08       		.byte	0x8
 297 0071 07       		.byte	0x7
 298 0072 B4010000 		.4byte	.LASF8
 299 0076 04       		.uleb128 0x4
 300 0077 04       		.byte	0x4
 301 0078 07       		.byte	0x7
 302 0079 78020000 		.4byte	.LASF9
 303 007d 05       		.uleb128 0x5
 304 007e 04       		.byte	0x4
 305 007f 83000000 		.4byte	0x83
 306 0083 04       		.uleb128 0x4
 307 0084 01       		.byte	0x1
 308 0085 08       		.byte	0x8
 309 0086 03020000 		.4byte	.LASF10
 310 008a 05       		.uleb128 0x5
 311 008b 04       		.byte	0x4
 312 008c 90000000 		.4byte	0x90
 313 0090 06       		.uleb128 0x6
 314 0091 83000000 		.4byte	0x83
 315 0095 07       		.uleb128 0x7
 316 0096 73746400 		.ascii	"std\000"
 317 009a 04       		.byte	0x4
 318 009b 00       		.byte	0
 319 009c BD000000 		.4byte	0xbd
 320 00a0 08       		.uleb128 0x8
 321 00a1 02       		.byte	0x2
 322 00a2 52       		.byte	0x52
 323 00a3 BD000000 		.4byte	0xbd
 324 00a7 08       		.uleb128 0x8
 325 00a8 02       		.byte	0x2
 326 00a9 55       		.byte	0x55
 327 00aa D7000000 		.4byte	0xd7
 328 00ae 08       		.uleb128 0x8
 329 00af 02       		.byte	0x2
 330 00b0 5B       		.byte	0x5b
 331 00b1 EC000000 		.4byte	0xec
 332 00b5 08       		.uleb128 0x8
 333 00b6 02       		.byte	0x2
 334 00b7 5C       		.byte	0x5c
 335 00b8 06010000 		.4byte	0x106
 336 00bc 00       		.byte	0
 337 00bd 09       		.uleb128 0x9
 338 00be 70020000 		.4byte	.LASF11
 339 00c2 03       		.byte	0x3
 340 00c3 1D       		.byte	0x1d
 341 00c4 25000000 		.4byte	0x25
ARM GAS  /tmp/ccIEywMV.s 			page 7


 342 00c8 D7000000 		.4byte	0xd7
 343 00cc 0A       		.uleb128 0xa
 344 00cd 8A000000 		.4byte	0x8a
 345 00d1 0A       		.uleb128 0xa
 346 00d2 8A000000 		.4byte	0x8a
 347 00d6 00       		.byte	0
 348 00d7 09       		.uleb128 0x9
 349 00d8 EC010000 		.4byte	.LASF12
 350 00dc 03       		.byte	0x3
 351 00dd 20       		.byte	0x20
 352 00de 7D000000 		.4byte	0x7d
 353 00e2 EC000000 		.4byte	0xec
 354 00e6 0A       		.uleb128 0xa
 355 00e7 25000000 		.4byte	0x25
 356 00eb 00       		.byte	0
 357 00ec 09       		.uleb128 0x9
 358 00ed 5D020000 		.4byte	.LASF13
 359 00f1 03       		.byte	0x3
 360 00f2 2B       		.byte	0x2b
 361 00f3 7D000000 		.4byte	0x7d
 362 00f7 06010000 		.4byte	0x106
 363 00fb 0A       		.uleb128 0xa
 364 00fc 7D000000 		.4byte	0x7d
 365 0100 0A       		.uleb128 0xa
 366 0101 8A000000 		.4byte	0x8a
 367 0105 00       		.byte	0
 368 0106 09       		.uleb128 0x9
 369 0107 08020000 		.4byte	.LASF14
 370 010b 03       		.byte	0x3
 371 010c 2E       		.byte	0x2e
 372 010d 2C000000 		.4byte	0x2c
 373 0111 25010000 		.4byte	0x125
 374 0115 0A       		.uleb128 0xa
 375 0116 7D000000 		.4byte	0x7d
 376 011a 0A       		.uleb128 0xa
 377 011b 8A000000 		.4byte	0x8a
 378 011f 0A       		.uleb128 0xa
 379 0120 2C000000 		.4byte	0x2c
 380 0124 00       		.byte	0
 381 0125 07       		.uleb128 0x7
 382 0126 72327000 		.ascii	"r2p\000"
 383 012a 05       		.byte	0x5
 384 012b 03       		.byte	0x3
 385 012c 64010000 		.4byte	0x164
 386 0130 0B       		.uleb128 0xb
 387 0131 40000000 		.4byte	.LASF15
 388 0135 01       		.byte	0x1
 389 0136 07       		.byte	0x7
 390 0137 23020000 		.4byte	.LASF23
 391 013b 64010000 		.4byte	0x164
 392 013f 49010000 		.4byte	0x149
 393 0143 0A       		.uleb128 0xa
 394 0144 8A000000 		.4byte	0x8a
 395 0148 00       		.byte	0
 396 0149 0C       		.uleb128 0xc
 397 014a 40000000 		.4byte	.LASF15
 398 014e 01       		.byte	0x1
ARM GAS  /tmp/ccIEywMV.s 			page 8


 399 014f 16       		.byte	0x16
 400 0150 CB010000 		.4byte	.LASF24
 401 0154 64010000 		.4byte	0x164
 402 0158 0A       		.uleb128 0xa
 403 0159 8A000000 		.4byte	0x8a
 404 015d 0A       		.uleb128 0xa
 405 015e 2C000000 		.4byte	0x2c
 406 0162 00       		.byte	0
 407 0163 00       		.byte	0
 408 0164 04       		.uleb128 0x4
 409 0165 01       		.byte	0x1
 410 0166 02       		.byte	0x2
 411 0167 E7010000 		.4byte	.LASF16
 412 016b 0D       		.uleb128 0xd
 413 016c 30010000 		.4byte	0x130
 414 0170 00000000 		.4byte	.LFB36
 415 0174 6A000000 		.4byte	.LFE36-.LFB36
 416 0178 01       		.uleb128 0x1
 417 0179 9C       		.byte	0x9c
 418 017a 8D010000 		.4byte	0x18d
 419 017e 0E       		.uleb128 0xe
 420 017f 81020000 		.4byte	.LASF17
 421 0183 01       		.byte	0x1
 422 0184 07       		.byte	0x7
 423 0185 8A000000 		.4byte	0x8a
 424 0189 02       		.uleb128 0x2
 425 018a 91       		.byte	0x91
 426 018b 7C       		.sleb128 -4
 427 018c 00       		.byte	0
 428 018d 0F       		.uleb128 0xf
 429 018e 49010000 		.4byte	0x149
 430 0192 00000000 		.4byte	.LFB37
 431 0196 7E000000 		.4byte	.LFE37-.LFB37
 432 019a 01       		.uleb128 0x1
 433 019b 9C       		.byte	0x9c
 434 019c 0E       		.uleb128 0xe
 435 019d 81020000 		.4byte	.LASF17
 436 01a1 01       		.byte	0x1
 437 01a2 16       		.byte	0x16
 438 01a3 8A000000 		.4byte	0x8a
 439 01a7 02       		.uleb128 0x2
 440 01a8 91       		.byte	0x91
 441 01a9 7C       		.sleb128 -4
 442 01aa 0E       		.uleb128 0xe
 443 01ab 2E000000 		.4byte	.LASF18
 444 01af 01       		.byte	0x1
 445 01b0 16       		.byte	0x16
 446 01b1 2C000000 		.4byte	0x2c
 447 01b5 02       		.uleb128 0x2
 448 01b6 91       		.byte	0x91
 449 01b7 78       		.sleb128 -8
 450 01b8 00       		.byte	0
 451 01b9 00       		.byte	0
 452              		.section	.debug_abbrev,"",%progbits
 453              	.Ldebug_abbrev0:
 454 0000 01       		.uleb128 0x1
 455 0001 11       		.uleb128 0x11
ARM GAS  /tmp/ccIEywMV.s 			page 9


 456 0002 01       		.byte	0x1
 457 0003 25       		.uleb128 0x25
 458 0004 0E       		.uleb128 0xe
 459 0005 13       		.uleb128 0x13
 460 0006 0B       		.uleb128 0xb
 461 0007 03       		.uleb128 0x3
 462 0008 0E       		.uleb128 0xe
 463 0009 1B       		.uleb128 0x1b
 464 000a 0E       		.uleb128 0xe
 465 000b 55       		.uleb128 0x55
 466 000c 17       		.uleb128 0x17
 467 000d 11       		.uleb128 0x11
 468 000e 01       		.uleb128 0x1
 469 000f 10       		.uleb128 0x10
 470 0010 17       		.uleb128 0x17
 471 0011 00       		.byte	0
 472 0012 00       		.byte	0
 473 0013 02       		.uleb128 0x2
 474 0014 24       		.uleb128 0x24
 475 0015 00       		.byte	0
 476 0016 0B       		.uleb128 0xb
 477 0017 0B       		.uleb128 0xb
 478 0018 3E       		.uleb128 0x3e
 479 0019 0B       		.uleb128 0xb
 480 001a 03       		.uleb128 0x3
 481 001b 08       		.uleb128 0x8
 482 001c 00       		.byte	0
 483 001d 00       		.byte	0
 484 001e 03       		.uleb128 0x3
 485 001f 16       		.uleb128 0x16
 486 0020 00       		.byte	0
 487 0021 03       		.uleb128 0x3
 488 0022 0E       		.uleb128 0xe
 489 0023 3A       		.uleb128 0x3a
 490 0024 0B       		.uleb128 0xb
 491 0025 3B       		.uleb128 0x3b
 492 0026 0B       		.uleb128 0xb
 493 0027 49       		.uleb128 0x49
 494 0028 13       		.uleb128 0x13
 495 0029 00       		.byte	0
 496 002a 00       		.byte	0
 497 002b 04       		.uleb128 0x4
 498 002c 24       		.uleb128 0x24
 499 002d 00       		.byte	0
 500 002e 0B       		.uleb128 0xb
 501 002f 0B       		.uleb128 0xb
 502 0030 3E       		.uleb128 0x3e
 503 0031 0B       		.uleb128 0xb
 504 0032 03       		.uleb128 0x3
 505 0033 0E       		.uleb128 0xe
 506 0034 00       		.byte	0
 507 0035 00       		.byte	0
 508 0036 05       		.uleb128 0x5
 509 0037 0F       		.uleb128 0xf
 510 0038 00       		.byte	0
 511 0039 0B       		.uleb128 0xb
 512 003a 0B       		.uleb128 0xb
ARM GAS  /tmp/ccIEywMV.s 			page 10


 513 003b 49       		.uleb128 0x49
 514 003c 13       		.uleb128 0x13
 515 003d 00       		.byte	0
 516 003e 00       		.byte	0
 517 003f 06       		.uleb128 0x6
 518 0040 26       		.uleb128 0x26
 519 0041 00       		.byte	0
 520 0042 49       		.uleb128 0x49
 521 0043 13       		.uleb128 0x13
 522 0044 00       		.byte	0
 523 0045 00       		.byte	0
 524 0046 07       		.uleb128 0x7
 525 0047 39       		.uleb128 0x39
 526 0048 01       		.byte	0x1
 527 0049 03       		.uleb128 0x3
 528 004a 08       		.uleb128 0x8
 529 004b 3A       		.uleb128 0x3a
 530 004c 0B       		.uleb128 0xb
 531 004d 3B       		.uleb128 0x3b
 532 004e 0B       		.uleb128 0xb
 533 004f 01       		.uleb128 0x1
 534 0050 13       		.uleb128 0x13
 535 0051 00       		.byte	0
 536 0052 00       		.byte	0
 537 0053 08       		.uleb128 0x8
 538 0054 08       		.uleb128 0x8
 539 0055 00       		.byte	0
 540 0056 3A       		.uleb128 0x3a
 541 0057 0B       		.uleb128 0xb
 542 0058 3B       		.uleb128 0x3b
 543 0059 0B       		.uleb128 0xb
 544 005a 18       		.uleb128 0x18
 545 005b 13       		.uleb128 0x13
 546 005c 00       		.byte	0
 547 005d 00       		.byte	0
 548 005e 09       		.uleb128 0x9
 549 005f 2E       		.uleb128 0x2e
 550 0060 01       		.byte	0x1
 551 0061 3F       		.uleb128 0x3f
 552 0062 19       		.uleb128 0x19
 553 0063 03       		.uleb128 0x3
 554 0064 0E       		.uleb128 0xe
 555 0065 3A       		.uleb128 0x3a
 556 0066 0B       		.uleb128 0xb
 557 0067 3B       		.uleb128 0x3b
 558 0068 0B       		.uleb128 0xb
 559 0069 49       		.uleb128 0x49
 560 006a 13       		.uleb128 0x13
 561 006b 3C       		.uleb128 0x3c
 562 006c 19       		.uleb128 0x19
 563 006d 01       		.uleb128 0x1
 564 006e 13       		.uleb128 0x13
 565 006f 00       		.byte	0
 566 0070 00       		.byte	0
 567 0071 0A       		.uleb128 0xa
 568 0072 05       		.uleb128 0x5
 569 0073 00       		.byte	0
ARM GAS  /tmp/ccIEywMV.s 			page 11


 570 0074 49       		.uleb128 0x49
 571 0075 13       		.uleb128 0x13
 572 0076 00       		.byte	0
 573 0077 00       		.byte	0
 574 0078 0B       		.uleb128 0xb
 575 0079 2E       		.uleb128 0x2e
 576 007a 01       		.byte	0x1
 577 007b 3F       		.uleb128 0x3f
 578 007c 19       		.uleb128 0x19
 579 007d 03       		.uleb128 0x3
 580 007e 0E       		.uleb128 0xe
 581 007f 3A       		.uleb128 0x3a
 582 0080 0B       		.uleb128 0xb
 583 0081 3B       		.uleb128 0x3b
 584 0082 0B       		.uleb128 0xb
 585 0083 6E       		.uleb128 0x6e
 586 0084 0E       		.uleb128 0xe
 587 0085 49       		.uleb128 0x49
 588 0086 13       		.uleb128 0x13
 589 0087 3C       		.uleb128 0x3c
 590 0088 19       		.uleb128 0x19
 591 0089 01       		.uleb128 0x1
 592 008a 13       		.uleb128 0x13
 593 008b 00       		.byte	0
 594 008c 00       		.byte	0
 595 008d 0C       		.uleb128 0xc
 596 008e 2E       		.uleb128 0x2e
 597 008f 01       		.byte	0x1
 598 0090 3F       		.uleb128 0x3f
 599 0091 19       		.uleb128 0x19
 600 0092 03       		.uleb128 0x3
 601 0093 0E       		.uleb128 0xe
 602 0094 3A       		.uleb128 0x3a
 603 0095 0B       		.uleb128 0xb
 604 0096 3B       		.uleb128 0x3b
 605 0097 0B       		.uleb128 0xb
 606 0098 6E       		.uleb128 0x6e
 607 0099 0E       		.uleb128 0xe
 608 009a 49       		.uleb128 0x49
 609 009b 13       		.uleb128 0x13
 610 009c 3C       		.uleb128 0x3c
 611 009d 19       		.uleb128 0x19
 612 009e 00       		.byte	0
 613 009f 00       		.byte	0
 614 00a0 0D       		.uleb128 0xd
 615 00a1 2E       		.uleb128 0x2e
 616 00a2 01       		.byte	0x1
 617 00a3 47       		.uleb128 0x47
 618 00a4 13       		.uleb128 0x13
 619 00a5 11       		.uleb128 0x11
 620 00a6 01       		.uleb128 0x1
 621 00a7 12       		.uleb128 0x12
 622 00a8 06       		.uleb128 0x6
 623 00a9 40       		.uleb128 0x40
 624 00aa 18       		.uleb128 0x18
 625 00ab 9742     		.uleb128 0x2117
 626 00ad 19       		.uleb128 0x19
ARM GAS  /tmp/ccIEywMV.s 			page 12


 627 00ae 01       		.uleb128 0x1
 628 00af 13       		.uleb128 0x13
 629 00b0 00       		.byte	0
 630 00b1 00       		.byte	0
 631 00b2 0E       		.uleb128 0xe
 632 00b3 05       		.uleb128 0x5
 633 00b4 00       		.byte	0
 634 00b5 03       		.uleb128 0x3
 635 00b6 0E       		.uleb128 0xe
 636 00b7 3A       		.uleb128 0x3a
 637 00b8 0B       		.uleb128 0xb
 638 00b9 3B       		.uleb128 0x3b
 639 00ba 0B       		.uleb128 0xb
 640 00bb 49       		.uleb128 0x49
 641 00bc 13       		.uleb128 0x13
 642 00bd 02       		.uleb128 0x2
 643 00be 18       		.uleb128 0x18
 644 00bf 00       		.byte	0
 645 00c0 00       		.byte	0
 646 00c1 0F       		.uleb128 0xf
 647 00c2 2E       		.uleb128 0x2e
 648 00c3 01       		.byte	0x1
 649 00c4 47       		.uleb128 0x47
 650 00c5 13       		.uleb128 0x13
 651 00c6 11       		.uleb128 0x11
 652 00c7 01       		.uleb128 0x1
 653 00c8 12       		.uleb128 0x12
 654 00c9 06       		.uleb128 0x6
 655 00ca 40       		.uleb128 0x40
 656 00cb 18       		.uleb128 0x18
 657 00cc 9742     		.uleb128 0x2117
 658 00ce 19       		.uleb128 0x19
 659 00cf 00       		.byte	0
 660 00d0 00       		.byte	0
 661 00d1 00       		.byte	0
 662              		.section	.debug_aranges,"",%progbits
 663 0000 24000000 		.4byte	0x24
 664 0004 0200     		.2byte	0x2
 665 0006 00000000 		.4byte	.Ldebug_info0
 666 000a 04       		.byte	0x4
 667 000b 00       		.byte	0
 668 000c 0000     		.2byte	0
 669 000e 0000     		.2byte	0
 670 0010 00000000 		.4byte	.LFB36
 671 0014 6A000000 		.4byte	.LFE36-.LFB36
 672 0018 00000000 		.4byte	.LFB37
 673 001c 7E000000 		.4byte	.LFE37-.LFB37
 674 0020 00000000 		.4byte	0
 675 0024 00000000 		.4byte	0
 676              		.section	.debug_ranges,"",%progbits
 677              	.Ldebug_ranges0:
 678 0000 00000000 		.4byte	.LFB36
 679 0004 6A000000 		.4byte	.LFE36
 680 0008 00000000 		.4byte	.LFB37
 681 000c 7E000000 		.4byte	.LFE37
 682 0010 00000000 		.4byte	0
 683 0014 00000000 		.4byte	0
ARM GAS  /tmp/ccIEywMV.s 			page 13


 684              		.section	.debug_line,"",%progbits
 685              	.Ldebug_line0:
 686 0000 C0010000 		.section	.debug_str,"MS",%progbits,1
 686      02001001 
 686      00000201 
 686      FB0E0D00 
 686      01010101 
 687              	.LASF7:
 688 0000 6C6F6E67 		.ascii	"long long int\000"
 688      206C6F6E 
 688      6720696E 
 688      7400
 689              	.LASF4:
 690 000e 73686F72 		.ascii	"short unsigned int\000"
 690      7420756E 
 690      7369676E 
 690      65642069 
 690      6E7400
 691              	.LASF0:
 692 0021 756E7369 		.ascii	"unsigned int\000"
 692      676E6564 
 692      20696E74 
 692      00
 693              	.LASF18:
 694 002e 6D61785F 		.ascii	"max_length\000"
 694      6C656E67 
 694      746800
 695              	.LASF22:
 696 0039 73697A65 		.ascii	"size_t\000"
 696      5F7400
 697              	.LASF15:
 698 0040 69735F69 		.ascii	"is_identifier\000"
 698      64656E74 
 698      69666965 
 698      7200
 699              	.LASF19:
 700 004e 474E5520 		.ascii	"GNU C++ 4.8.4 20141219 (release) -mcpu=cortex-m4 -m"
 700      432B2B20 
 700      342E382E 
 700      34203230 
 700      31343132 
 701 0081 666C6F61 		.ascii	"float-abi=hard -mfpu=fpv4-sp-d16 -mno-thumb-interwo"
 701      742D6162 
 701      693D6861 
 701      7264202D 
 701      6D667075 
 702 00b4 726B202D 		.ascii	"rk -mthumb -ggdb -O0 -fomit-frame-pointer -falign-f"
 702      6D746875 
 702      6D62202D 
 702      67676462 
 702      202D4F30 
 703 00e7 756E6374 		.ascii	"unctions=16 -ffunction-sections -fdata-sections -fn"
 703      696F6E73 
 703      3D313620 
 703      2D666675 
 703      6E637469 
 704 011a 6F2D636F 		.ascii	"o-common -fsingle-precision-constant -fno-rtti -fno"
ARM GAS  /tmp/ccIEywMV.s 			page 14


 704      6D6D6F6E 
 704      202D6673 
 704      696E676C 
 704      652D7072 
 705 014d 2D657863 		.ascii	"-exceptions -fno-threadsafe-statics\000"
 705      65707469 
 705      6F6E7320 
 705      2D666E6F 
 705      2D746872 
 706              	.LASF20:
 707 0171 2F686F6D 		.ascii	"/home/dave/r2p-sdk/core/Middleware/src/Utils.cpp\000"
 707      652F6461 
 707      76652F72 
 707      32702D73 
 707      646B2F63 
 708              	.LASF6:
 709 01a2 6C6F6E67 		.ascii	"long unsigned int\000"
 709      20756E73 
 709      69676E65 
 709      6420696E 
 709      7400
 710              	.LASF8:
 711 01b4 6C6F6E67 		.ascii	"long long unsigned int\000"
 711      206C6F6E 
 711      6720756E 
 711      7369676E 
 711      65642069 
 712              	.LASF24:
 713 01cb 5F5A4E33 		.ascii	"_ZN3r2p13is_identifierEPKcj\000"
 713      72327031 
 713      3369735F 
 713      6964656E 
 713      74696669 
 714              	.LASF16:
 715 01e7 626F6F6C 		.ascii	"bool\000"
 715      00
 716              	.LASF12:
 717 01ec 73747265 		.ascii	"strerror\000"
 717      72726F72 
 717      00
 718              	.LASF2:
 719 01f5 756E7369 		.ascii	"unsigned char\000"
 719      676E6564 
 719      20636861 
 719      7200
 720              	.LASF10:
 721 0203 63686172 		.ascii	"char\000"
 721      00
 722              	.LASF14:
 723 0208 73747278 		.ascii	"strxfrm\000"
 723      66726D00 
 724              	.LASF5:
 725 0210 6C6F6E67 		.ascii	"long int\000"
 725      20696E74 
 725      00
 726              	.LASF3:
 727 0219 73686F72 		.ascii	"short int\000"
ARM GAS  /tmp/ccIEywMV.s 			page 15


 727      7420696E 
 727      7400
 728              	.LASF23:
 729 0223 5F5A4E33 		.ascii	"_ZN3r2p13is_identifierEPKc\000"
 729      72327031 
 729      3369735F 
 729      6964656E 
 729      74696669 
 730              	.LASF21:
 731 023e 2F686F6D 		.ascii	"/home/dave/workspace-demo/IMU/\000"
 731      652F6461 
 731      76652F77 
 731      6F726B73 
 731      70616365 
 732              	.LASF13:
 733 025d 73747274 		.ascii	"strtok\000"
 733      6F6B00
 734              	.LASF1:
 735 0264 7369676E 		.ascii	"signed char\000"
 735      65642063 
 735      68617200 
 736              	.LASF11:
 737 0270 73747263 		.ascii	"strcoll\000"
 737      6F6C6C00 
 738              	.LASF9:
 739 0278 73697A65 		.ascii	"sizetype\000"
 739      74797065 
 739      00
 740              	.LASF17:
 741 0281 6E616D65 		.ascii	"namep\000"
 741      7000
 742              		.ident	"GCC: (4.8.4-1+11-1) 4.8.4 20141219 (release)"
ARM GAS  /tmp/ccIEywMV.s 			page 16


DEFINED SYMBOLS
                            *ABS*:0000000000000000 Utils.cpp
     /tmp/ccIEywMV.s:21     .text._ZN3r2p13is_identifierEPKc:0000000000000000 $t
     /tmp/ccIEywMV.s:27     .text._ZN3r2p13is_identifierEPKc:0000000000000000 _ZN3r2p13is_identifierEPKc
     /tmp/ccIEywMV.s:118    .text._ZN3r2p13is_identifierEPKcj:0000000000000000 $t
     /tmp/ccIEywMV.s:124    .text._ZN3r2p13is_identifierEPKcj:0000000000000000 _ZN3r2p13is_identifierEPKcj
                     .debug_frame:0000000000000010 $d

NO UNDEFINED SYMBOLS
