ARM GAS  /tmp/ccB5x7Ed.s 			page 1


   1              		.syntax unified
   2              		.cpu cortex-m4
   3              		.eabi_attribute 27, 3
   4              		.eabi_attribute 28, 1
   5              		.fpu fpv4-sp-d16
   6              		.eabi_attribute 20, 1
   7              		.eabi_attribute 21, 1
   8              		.eabi_attribute 23, 3
   9              		.eabi_attribute 24, 1
  10              		.eabi_attribute 25, 1
  11              		.eabi_attribute 26, 1
  12              		.eabi_attribute 30, 6
  13              		.eabi_attribute 34, 1
  14              		.eabi_attribute 18, 4
  15              		.thumb
  16              		.file	"board.c"
  17              		.text
  18              	.Ltext0:
  19              		.cfi_sections	.debug_frame
  20              		.global	pal_default_config
  21              		.section	.rodata.pal_default_config,"a",%progbits
  22              		.align	2
  23              		.type	pal_default_config, %object
  24              		.size	pal_default_config, 168
  25              	pal_default_config:
  26 0000 4000A8AA 		.word	-1431830464
  27 0004 00000000 		.word	0
  28 0008 0000FCFF 		.word	-262144
  29 000c 15550164 		.word	1677808917
  30 0010 F7FF0000 		.word	65527
  31 0014 00000000 		.word	0
  32 0018 40E40E00 		.word	975936
  33 001c B002AAA9 		.word	-1448475984
  34 0020 00000000 		.word	0
  35 0024 F003FFFF 		.word	-64528
  36 0028 05550000 		.word	21765
  37 002c FFFF0000 		.word	65535
  38 0030 00000000 		.word	0
  39 0034 99775055 		.word	1431336857
  40 0038 00000004 		.word	67108864
  41 003c 00000000 		.word	0
  42 0040 00000030 		.word	805306368
  43 0044 55555541 		.word	1096111445
  44 0048 FFDF0000 		.word	57343
  45 004c 00000000 		.word	0
  46 0050 00000000 		.word	0
  47 0054 00000000 		.word	0
  48 0058 00000000 		.word	0
  49 005c 00000000 		.word	0
  50 0060 55555555 		.word	1431655765
  51 0064 FFFF0000 		.word	65535
  52 0068 00000000 		.word	0
  53 006c 00000000 		.word	0
  54 0070 00000000 		.word	0
  55 0074 00000000 		.word	0
  56 0078 00000000 		.word	0
  57 007c 55555555 		.word	1431655765
ARM GAS  /tmp/ccB5x7Ed.s 			page 2


  58 0080 FFFF0000 		.word	65535
  59 0084 00000000 		.word	0
  60 0088 00000000 		.word	0
  61 008c 04000000 		.word	4
  62 0090 00000000 		.word	0
  63 0094 00000000 		.word	0
  64 0098 55555555 		.word	1431655765
  65 009c FDFF0000 		.word	65533
  66 00a0 00000000 		.word	0
  67 00a4 00000000 		.word	0
  68              		.section	.text.__early_init,"ax",%progbits
  69              		.align	2
  70              		.p2align 4,,15
  71              		.global	__early_init
  72              		.thumb
  73              		.thumb_func
  74              		.type	__early_init, %function
  75              	__early_init:
  76              	.LFB118:
  77              		.file 1 "/home/dave/r2p-sdk/modules/USB_module/board.c"
  78              		.loc 1 47 0
  79              		.cfi_startproc
  80              		@ args = 0, pretend = 0, frame = 0
  81              		@ frame_needed = 0, uses_anonymous_args = 0
  82 0000 08B5     		push	{r3, lr}
  83              		.cfi_def_cfa_offset 8
  84              		.cfi_offset 3, -8
  85              		.cfi_offset 14, -4
  86              		.loc 1 49 0
  87 0002 FFF7FEFF 		bl	stm32_clock_init
  88              		.loc 1 50 0
  89 0006 08BD     		pop	{r3, pc}
  90              		.cfi_endproc
  91              	.LFE118:
  92              		.size	__early_init, .-__early_init
  93 0008 AFF30080 		.section	.text.mmc_lld_is_card_inserted,"ax",%progbits
  93      AFF30080 
  94              		.align	2
  95              		.p2align 4,,15
  96              		.global	mmc_lld_is_card_inserted
  97              		.thumb
  98              		.thumb_func
  99              		.type	mmc_lld_is_card_inserted, %function
 100              	mmc_lld_is_card_inserted:
 101              	.LFB119:
 102              		.loc 1 78 0
 103              		.cfi_startproc
 104              		@ args = 0, pretend = 0, frame = 8
 105              		@ frame_needed = 0, uses_anonymous_args = 0
 106              		@ link register save eliminated.
 107 0000 82B0     		sub	sp, sp, #8
 108              		.cfi_def_cfa_offset 8
 109 0002 0190     		str	r0, [sp, #4]
 110              		.loc 1 82 0
 111 0004 0123     		movs	r3, #1
 112              		.loc 1 83 0
 113 0006 1846     		mov	r0, r3
ARM GAS  /tmp/ccB5x7Ed.s 			page 3


 114 0008 02B0     		add	sp, sp, #8
 115              		@ sp needed
 116 000a 7047     		bx	lr
 117              		.cfi_endproc
 118              	.LFE119:
 119              		.size	mmc_lld_is_card_inserted, .-mmc_lld_is_card_inserted
 120 000c AFF30080 		.section	.text.mmc_lld_is_write_protected,"ax",%progbits
 121              		.align	2
 122              		.p2align 4,,15
 123              		.global	mmc_lld_is_write_protected
 124              		.thumb
 125              		.thumb_func
 126              		.type	mmc_lld_is_write_protected, %function
 127              	mmc_lld_is_write_protected:
 128              	.LFB120:
 129              		.loc 1 88 0
 130              		.cfi_startproc
 131              		@ args = 0, pretend = 0, frame = 8
 132              		@ frame_needed = 0, uses_anonymous_args = 0
 133              		@ link register save eliminated.
 134 0000 82B0     		sub	sp, sp, #8
 135              		.cfi_def_cfa_offset 8
 136 0002 0190     		str	r0, [sp, #4]
 137              		.loc 1 92 0
 138 0004 0023     		movs	r3, #0
 139              		.loc 1 93 0
 140 0006 1846     		mov	r0, r3
 141 0008 02B0     		add	sp, sp, #8
 142              		@ sp needed
 143 000a 7047     		bx	lr
 144              		.cfi_endproc
 145              	.LFE120:
 146              		.size	mmc_lld_is_write_protected, .-mmc_lld_is_write_protected
 147 000c AFF30080 		.section	.text.boardInit,"ax",%progbits
 148              		.align	2
 149              		.p2align 4,,15
 150              		.global	boardInit
 151              		.thumb
 152              		.thumb_func
 153              		.type	boardInit, %function
 154              	boardInit:
 155              	.LFB121:
 156              		.loc 1 100 0
 157              		.cfi_startproc
 158              		@ args = 0, pretend = 0, frame = 0
 159              		@ frame_needed = 0, uses_anonymous_args = 0
 160              		@ link register save eliminated.
 161              		.loc 1 101 0
 162 0000 7047     		bx	lr
 163              		.cfi_endproc
 164              	.LFE121:
 165              		.size	boardInit, .-boardInit
 166 0002 00BFAFF3 		.text
 166      0080AFF3 
 166      0080AFF3 
 166      0080
 167              	.Letext0:
ARM GAS  /tmp/ccB5x7Ed.s 			page 4


 168              		.file 2 "/usr/include/newlib/machine/_default_types.h"
 169              		.file 3 "/usr/include/newlib/stdint.h"
 170              		.file 4 "/home/dave/r2p-sdk/core/ChibiOS/os/ports/GCC/ARMCMx/chtypes.h"
 171              		.file 5 "/home/dave/r2p-sdk/core/ChibiOS/os/kernel/include/chlists.h"
 172              		.file 6 "/home/dave/r2p-sdk/core/ChibiOS/os/kernel/include/chthreads.h"
 173              		.file 7 "/home/dave/r2p-sdk/core/ChibiOS/os/ports/GCC/ARMCMx/chcore_v7m.h"
 174              		.file 8 "/home/dave/r2p-sdk/core/ChibiOS/os/kernel/include/chmtx.h"
 175              		.file 9 "/home/dave/r2p-sdk/core/ChibiOS/os/hal/platforms/STM32F30x/stm32f30x.h"
 176              		.file 10 "/home/dave/r2p-sdk/core/ChibiOS/os/hal/platforms/STM32F30x/stm32_dma.h"
 177              		.file 11 "/home/dave/r2p-sdk/core/ChibiOS/os/hal/include/io_block.h"
 178              		.file 12 "/home/dave/r2p-sdk/core/ChibiOS/os/hal/platforms/STM32/GPIOv2/pal_lld.h"
 179              		.file 13 "/home/dave/r2p-sdk/core/ChibiOS/os/hal/include/spi.h"
 180              		.file 14 "/home/dave/r2p-sdk/core/ChibiOS/os/hal/platforms/STM32/SPIv2/spi_lld.h"
 181              		.file 15 "/home/dave/r2p-sdk/core/ChibiOS/os/hal/include/mmc_spi.h"
 182              		.file 16 "/home/dave/r2p-sdk/core/ChibiOS/os/ports/common/ARMCMx/CMSIS/include/core_cm4.h"
 183              		.section	.debug_info,"",%progbits
 184              	.Ldebug_info0:
 185 0000 450C0000 		.4byte	0xc45
 186 0004 0400     		.2byte	0x4
 187 0006 00000000 		.4byte	.Ldebug_abbrev0
 188 000a 04       		.byte	0x4
 189 000b 01       		.uleb128 0x1
 190 000c 31060000 		.4byte	.LASF172
 191 0010 01       		.byte	0x1
 192 0011 F0050000 		.4byte	.LASF173
 193 0015 00000000 		.4byte	.Ldebug_ranges0+0
 194 0019 00000000 		.4byte	0
 195 001d 00000000 		.4byte	.Ldebug_line0
 196 0021 02       		.uleb128 0x2
 197 0022 04       		.byte	0x4
 198 0023 05       		.byte	0x5
 199 0024 696E7400 		.ascii	"int\000"
 200 0028 03       		.uleb128 0x3
 201 0029 04       		.byte	0x4
 202 002a 07       		.byte	0x7
 203 002b 26020000 		.4byte	.LASF0
 204 002f 03       		.uleb128 0x3
 205 0030 01       		.byte	0x1
 206 0031 06       		.byte	0x6
 207 0032 06010000 		.4byte	.LASF1
 208 0036 04       		.uleb128 0x4
 209 0037 57000000 		.4byte	.LASF4
 210 003b 02       		.byte	0x2
 211 003c 1D       		.byte	0x1d
 212 003d 41000000 		.4byte	0x41
 213 0041 03       		.uleb128 0x3
 214 0042 01       		.byte	0x1
 215 0043 08       		.byte	0x8
 216 0044 1E040000 		.4byte	.LASF2
 217 0048 03       		.uleb128 0x3
 218 0049 02       		.byte	0x2
 219 004a 05       		.byte	0x5
 220 004b 4E040000 		.4byte	.LASF3
 221 004f 04       		.uleb128 0x4
 222 0050 32050000 		.4byte	.LASF5
 223 0054 02       		.byte	0x2
 224 0055 2B       		.byte	0x2b
ARM GAS  /tmp/ccB5x7Ed.s 			page 5


 225 0056 5A000000 		.4byte	0x5a
 226 005a 03       		.uleb128 0x3
 227 005b 02       		.byte	0x2
 228 005c 07       		.byte	0x7
 229 005d 81020000 		.4byte	.LASF6
 230 0061 04       		.uleb128 0x4
 231 0062 64050000 		.4byte	.LASF7
 232 0066 02       		.byte	0x2
 233 0067 3F       		.byte	0x3f
 234 0068 6C000000 		.4byte	0x6c
 235 006c 03       		.uleb128 0x3
 236 006d 04       		.byte	0x4
 237 006e 05       		.byte	0x5
 238 006f 6A010000 		.4byte	.LASF8
 239 0073 04       		.uleb128 0x4
 240 0074 D7010000 		.4byte	.LASF9
 241 0078 02       		.byte	0x2
 242 0079 41       		.byte	0x41
 243 007a 7E000000 		.4byte	0x7e
 244 007e 03       		.uleb128 0x3
 245 007f 04       		.byte	0x4
 246 0080 07       		.byte	0x7
 247 0081 E4040000 		.4byte	.LASF10
 248 0085 03       		.uleb128 0x3
 249 0086 08       		.byte	0x8
 250 0087 05       		.byte	0x5
 251 0088 F8000000 		.4byte	.LASF11
 252 008c 04       		.uleb128 0x4
 253 008d 76030000 		.4byte	.LASF12
 254 0091 02       		.byte	0x2
 255 0092 5B       		.byte	0x5b
 256 0093 97000000 		.4byte	0x97
 257 0097 03       		.uleb128 0x3
 258 0098 08       		.byte	0x8
 259 0099 07       		.byte	0x7
 260 009a 96000000 		.4byte	.LASF13
 261 009e 04       		.uleb128 0x4
 262 009f E2050000 		.4byte	.LASF14
 263 00a3 03       		.byte	0x3
 264 00a4 2A       		.byte	0x2a
 265 00a5 36000000 		.4byte	0x36
 266 00a9 04       		.uleb128 0x4
 267 00aa 33020000 		.4byte	.LASF15
 268 00ae 03       		.byte	0x3
 269 00af 36       		.byte	0x36
 270 00b0 4F000000 		.4byte	0x4f
 271 00b4 04       		.uleb128 0x4
 272 00b5 16040000 		.4byte	.LASF16
 273 00b9 03       		.byte	0x3
 274 00ba 41       		.byte	0x41
 275 00bb 61000000 		.4byte	0x61
 276 00bf 04       		.uleb128 0x4
 277 00c0 D6040000 		.4byte	.LASF17
 278 00c4 03       		.byte	0x3
 279 00c5 42       		.byte	0x42
 280 00c6 73000000 		.4byte	0x73
 281 00ca 04       		.uleb128 0x4
ARM GAS  /tmp/ccB5x7Ed.s 			page 6


 282 00cb 47000000 		.4byte	.LASF18
 283 00cf 03       		.byte	0x3
 284 00d0 4E       		.byte	0x4e
 285 00d1 8C000000 		.4byte	0x8c
 286 00d5 04       		.uleb128 0x4
 287 00d6 2F010000 		.4byte	.LASF19
 288 00da 04       		.byte	0x4
 289 00db 2B       		.byte	0x2b
 290 00dc E0000000 		.4byte	0xe0
 291 00e0 03       		.uleb128 0x3
 292 00e1 01       		.byte	0x1
 293 00e2 02       		.byte	0x2
 294 00e3 10040000 		.4byte	.LASF20
 295 00e7 04       		.uleb128 0x4
 296 00e8 D1020000 		.4byte	.LASF21
 297 00ec 04       		.byte	0x4
 298 00ed 2C       		.byte	0x2c
 299 00ee 9E000000 		.4byte	0x9e
 300 00f2 04       		.uleb128 0x4
 301 00f3 7A010000 		.4byte	.LASF22
 302 00f7 04       		.byte	0x4
 303 00f8 2D       		.byte	0x2d
 304 00f9 9E000000 		.4byte	0x9e
 305 00fd 04       		.uleb128 0x4
 306 00fe 29000000 		.4byte	.LASF23
 307 0102 04       		.byte	0x4
 308 0103 2E       		.byte	0x2e
 309 0104 9E000000 		.4byte	0x9e
 310 0108 04       		.uleb128 0x4
 311 0109 4F010000 		.4byte	.LASF24
 312 010d 04       		.byte	0x4
 313 010e 2F       		.byte	0x2f
 314 010f 9E000000 		.4byte	0x9e
 315 0113 04       		.uleb128 0x4
 316 0114 02040000 		.4byte	.LASF25
 317 0118 04       		.byte	0x4
 318 0119 30       		.byte	0x30
 319 011a BF000000 		.4byte	0xbf
 320 011e 04       		.uleb128 0x4
 321 011f BC020000 		.4byte	.LASF26
 322 0123 04       		.byte	0x4
 323 0124 31       		.byte	0x31
 324 0125 B4000000 		.4byte	0xb4
 325 0129 04       		.uleb128 0x4
 326 012a EA020000 		.4byte	.LASF27
 327 012e 04       		.byte	0x4
 328 012f 33       		.byte	0x33
 329 0130 BF000000 		.4byte	0xbf
 330 0134 04       		.uleb128 0x4
 331 0135 4F050000 		.4byte	.LASF28
 332 0139 04       		.byte	0x4
 333 013a 35       		.byte	0x35
 334 013b BF000000 		.4byte	0xbf
 335 013f 04       		.uleb128 0x4
 336 0140 01030000 		.4byte	.LASF29
 337 0144 05       		.byte	0x5
 338 0145 2A       		.byte	0x2a
ARM GAS  /tmp/ccB5x7Ed.s 			page 7


 339 0146 4A010000 		.4byte	0x14a
 340 014a 05       		.uleb128 0x5
 341 014b 01030000 		.4byte	.LASF29
 342 014f 4C       		.byte	0x4c
 343 0150 06       		.byte	0x6
 344 0151 5E       		.byte	0x5e
 345 0152 53020000 		.4byte	0x253
 346 0156 06       		.uleb128 0x6
 347 0157 9D040000 		.4byte	.LASF30
 348 015b 06       		.byte	0x6
 349 015c 5F       		.byte	0x5f
 350 015d 74020000 		.4byte	0x274
 351 0161 00       		.byte	0
 352 0162 06       		.uleb128 0x6
 353 0163 DD030000 		.4byte	.LASF31
 354 0167 06       		.byte	0x6
 355 0168 61       		.byte	0x61
 356 0169 74020000 		.4byte	0x274
 357 016d 04       		.byte	0x4
 358 016e 06       		.uleb128 0x6
 359 016f EB000000 		.4byte	.LASF32
 360 0173 06       		.byte	0x6
 361 0174 63       		.byte	0x63
 362 0175 13010000 		.4byte	0x113
 363 0179 08       		.byte	0x8
 364 017a 06       		.uleb128 0x6
 365 017b 61070000 		.4byte	.LASF33
 366 017f 06       		.byte	0x6
 367 0180 64       		.byte	0x64
 368 0181 09040000 		.4byte	0x409
 369 0185 0C       		.byte	0xc
 370 0186 06       		.uleb128 0x6
 371 0187 9E010000 		.4byte	.LASF34
 372 018b 06       		.byte	0x6
 373 018c 66       		.byte	0x66
 374 018d 74020000 		.4byte	0x274
 375 0191 10       		.byte	0x10
 376 0192 06       		.uleb128 0x6
 377 0193 35030000 		.4byte	.LASF35
 378 0197 06       		.byte	0x6
 379 0198 67       		.byte	0x67
 380 0199 74020000 		.4byte	0x274
 381 019d 14       		.byte	0x14
 382 019e 06       		.uleb128 0x6
 383 019f 2A060000 		.4byte	.LASF36
 384 01a3 06       		.byte	0x6
 385 01a4 6E       		.byte	0x6e
 386 01a5 B2040000 		.4byte	0x4b2
 387 01a9 18       		.byte	0x18
 388 01aa 06       		.uleb128 0x6
 389 01ab 1B020000 		.4byte	.LASF37
 390 01af 06       		.byte	0x6
 391 01b0 74       		.byte	0x74
 392 01b1 C4040000 		.4byte	0x4c4
 393 01b5 1C       		.byte	0x1c
 394 01b6 06       		.uleb128 0x6
 395 01b7 58040000 		.4byte	.LASF38
ARM GAS  /tmp/ccB5x7Ed.s 			page 8


 396 01bb 06       		.byte	0x6
 397 01bc 79       		.byte	0x79
 398 01bd F2000000 		.4byte	0xf2
 399 01c1 20       		.byte	0x20
 400 01c2 06       		.uleb128 0x6
 401 01c3 A4040000 		.4byte	.LASF39
 402 01c7 06       		.byte	0x6
 403 01c8 7D       		.byte	0x7d
 404 01c9 E7000000 		.4byte	0xe7
 405 01cd 21       		.byte	0x21
 406 01ce 06       		.uleb128 0x6
 407 01cf BB050000 		.4byte	.LASF40
 408 01d3 06       		.byte	0x6
 409 01d4 82       		.byte	0x82
 410 01d5 FD000000 		.4byte	0xfd
 411 01d9 22       		.byte	0x22
 412 01da 06       		.uleb128 0x6
 413 01db 6C040000 		.4byte	.LASF41
 414 01df 06       		.byte	0x6
 415 01e0 88       		.byte	0x88
 416 01e1 08010000 		.4byte	0x108
 417 01e5 23       		.byte	0x23
 418 01e6 06       		.uleb128 0x6
 419 01e7 3C020000 		.4byte	.LASF42
 420 01eb 06       		.byte	0x6
 421 01ec 8F       		.byte	0x8f
 422 01ed 36040000 		.4byte	0x436
 423 01f1 24       		.byte	0x24
 424 01f2 07       		.uleb128 0x7
 425 01f3 705F7500 		.ascii	"p_u\000"
 426 01f7 06       		.byte	0x6
 427 01f8 B4       		.byte	0xb4
 428 01f9 7D040000 		.4byte	0x47d
 429 01fd 28       		.byte	0x28
 430 01fe 06       		.uleb128 0x6
 431 01ff 67070000 		.4byte	.LASF43
 432 0203 06       		.byte	0x6
 433 0204 B9       		.byte	0xb9
 434 0205 9A020000 		.4byte	0x29a
 435 0209 2C       		.byte	0x2c
 436 020a 06       		.uleb128 0x6
 437 020b 48020000 		.4byte	.LASF44
 438 020f 06       		.byte	0x6
 439 0210 BF       		.byte	0xbf
 440 0211 7A020000 		.4byte	0x27a
 441 0215 30       		.byte	0x30
 442 0216 06       		.uleb128 0x6
 443 0217 31070000 		.4byte	.LASF45
 444 021b 06       		.byte	0x6
 445 021c C3       		.byte	0xc3
 446 021d 1E010000 		.4byte	0x11e
 447 0221 38       		.byte	0x38
 448 0222 06       		.uleb128 0x6
 449 0223 BC040000 		.4byte	.LASF46
 450 0227 06       		.byte	0x6
 451 0228 C9       		.byte	0xc9
 452 0229 29010000 		.4byte	0x129
ARM GAS  /tmp/ccB5x7Ed.s 			page 9


 453 022d 3C       		.byte	0x3c
 454 022e 06       		.uleb128 0x6
 455 022f 44040000 		.4byte	.LASF47
 456 0233 06       		.byte	0x6
 457 0234 D0       		.byte	0xd0
 458 0235 CA040000 		.4byte	0x4ca
 459 0239 40       		.byte	0x40
 460 023a 06       		.uleb128 0x6
 461 023b 59050000 		.4byte	.LASF48
 462 023f 06       		.byte	0x6
 463 0240 D4       		.byte	0xd4
 464 0241 13010000 		.4byte	0x113
 465 0245 44       		.byte	0x44
 466 0246 06       		.uleb128 0x6
 467 0247 E2010000 		.4byte	.LASF49
 468 024b 06       		.byte	0x6
 469 024c DA       		.byte	0xda
 470 024d B0020000 		.4byte	0x2b0
 471 0251 48       		.byte	0x48
 472 0252 00       		.byte	0
 473 0253 08       		.uleb128 0x8
 474 0254 08       		.byte	0x8
 475 0255 05       		.byte	0x5
 476 0256 61       		.byte	0x61
 477 0257 74020000 		.4byte	0x274
 478 025b 06       		.uleb128 0x6
 479 025c 9D040000 		.4byte	.LASF30
 480 0260 05       		.byte	0x5
 481 0261 62       		.byte	0x62
 482 0262 74020000 		.4byte	0x274
 483 0266 00       		.byte	0
 484 0267 06       		.uleb128 0x6
 485 0268 DD030000 		.4byte	.LASF31
 486 026c 05       		.byte	0x5
 487 026d 64       		.byte	0x64
 488 026e 74020000 		.4byte	0x274
 489 0272 04       		.byte	0x4
 490 0273 00       		.byte	0
 491 0274 09       		.uleb128 0x9
 492 0275 04       		.byte	0x4
 493 0276 3F010000 		.4byte	0x13f
 494 027a 04       		.uleb128 0x4
 495 027b 53030000 		.4byte	.LASF50
 496 027f 05       		.byte	0x5
 497 0280 66       		.byte	0x66
 498 0281 53020000 		.4byte	0x253
 499 0285 08       		.uleb128 0x8
 500 0286 04       		.byte	0x4
 501 0287 05       		.byte	0x5
 502 0288 6B       		.byte	0x6b
 503 0289 9A020000 		.4byte	0x29a
 504 028d 06       		.uleb128 0x6
 505 028e 9D040000 		.4byte	.LASF30
 506 0292 05       		.byte	0x5
 507 0293 6D       		.byte	0x6d
 508 0294 74020000 		.4byte	0x274
 509 0298 00       		.byte	0
ARM GAS  /tmp/ccB5x7Ed.s 			page 10


 510 0299 00       		.byte	0
 511 029a 04       		.uleb128 0x4
 512 029b DE020000 		.4byte	.LASF51
 513 029f 05       		.byte	0x5
 514 02a0 70       		.byte	0x70
 515 02a1 85020000 		.4byte	0x285
 516 02a5 04       		.uleb128 0x4
 517 02a6 EA010000 		.4byte	.LASF52
 518 02aa 07       		.byte	0x7
 519 02ab E5       		.byte	0xe5
 520 02ac B0020000 		.4byte	0x2b0
 521 02b0 0A       		.uleb128 0xa
 522 02b1 04       		.byte	0x4
 523 02b2 04       		.uleb128 0x4
 524 02b3 F6020000 		.4byte	.LASF53
 525 02b7 07       		.byte	0x7
 526 02b8 EB       		.byte	0xeb
 527 02b9 CA000000 		.4byte	0xca
 528 02bd 0B       		.uleb128 0xb
 529 02be 88050000 		.4byte	.LASF54
 530 02c2 64       		.byte	0x64
 531 02c3 07       		.byte	0x7
 532 02c4 0C01     		.2byte	0x10c
 533 02c6 09040000 		.4byte	0x409
 534 02ca 0C       		.uleb128 0xc
 535 02cb 73313600 		.ascii	"s16\000"
 536 02cf 07       		.byte	0x7
 537 02d0 0E01     		.2byte	0x10e
 538 02d2 A5020000 		.4byte	0x2a5
 539 02d6 00       		.byte	0
 540 02d7 0C       		.uleb128 0xc
 541 02d8 73313700 		.ascii	"s17\000"
 542 02dc 07       		.byte	0x7
 543 02dd 0F01     		.2byte	0x10f
 544 02df A5020000 		.4byte	0x2a5
 545 02e3 04       		.byte	0x4
 546 02e4 0C       		.uleb128 0xc
 547 02e5 73313800 		.ascii	"s18\000"
 548 02e9 07       		.byte	0x7
 549 02ea 1001     		.2byte	0x110
 550 02ec A5020000 		.4byte	0x2a5
 551 02f0 08       		.byte	0x8
 552 02f1 0C       		.uleb128 0xc
 553 02f2 73313900 		.ascii	"s19\000"
 554 02f6 07       		.byte	0x7
 555 02f7 1101     		.2byte	0x111
 556 02f9 A5020000 		.4byte	0x2a5
 557 02fd 0C       		.byte	0xc
 558 02fe 0C       		.uleb128 0xc
 559 02ff 73323000 		.ascii	"s20\000"
 560 0303 07       		.byte	0x7
 561 0304 1201     		.2byte	0x112
 562 0306 A5020000 		.4byte	0x2a5
 563 030a 10       		.byte	0x10
 564 030b 0C       		.uleb128 0xc
 565 030c 73323100 		.ascii	"s21\000"
 566 0310 07       		.byte	0x7
ARM GAS  /tmp/ccB5x7Ed.s 			page 11


 567 0311 1301     		.2byte	0x113
 568 0313 A5020000 		.4byte	0x2a5
 569 0317 14       		.byte	0x14
 570 0318 0C       		.uleb128 0xc
 571 0319 73323200 		.ascii	"s22\000"
 572 031d 07       		.byte	0x7
 573 031e 1401     		.2byte	0x114
 574 0320 A5020000 		.4byte	0x2a5
 575 0324 18       		.byte	0x18
 576 0325 0C       		.uleb128 0xc
 577 0326 73323300 		.ascii	"s23\000"
 578 032a 07       		.byte	0x7
 579 032b 1501     		.2byte	0x115
 580 032d A5020000 		.4byte	0x2a5
 581 0331 1C       		.byte	0x1c
 582 0332 0C       		.uleb128 0xc
 583 0333 73323400 		.ascii	"s24\000"
 584 0337 07       		.byte	0x7
 585 0338 1601     		.2byte	0x116
 586 033a A5020000 		.4byte	0x2a5
 587 033e 20       		.byte	0x20
 588 033f 0C       		.uleb128 0xc
 589 0340 73323500 		.ascii	"s25\000"
 590 0344 07       		.byte	0x7
 591 0345 1701     		.2byte	0x117
 592 0347 A5020000 		.4byte	0x2a5
 593 034b 24       		.byte	0x24
 594 034c 0C       		.uleb128 0xc
 595 034d 73323600 		.ascii	"s26\000"
 596 0351 07       		.byte	0x7
 597 0352 1801     		.2byte	0x118
 598 0354 A5020000 		.4byte	0x2a5
 599 0358 28       		.byte	0x28
 600 0359 0C       		.uleb128 0xc
 601 035a 73323700 		.ascii	"s27\000"
 602 035e 07       		.byte	0x7
 603 035f 1901     		.2byte	0x119
 604 0361 A5020000 		.4byte	0x2a5
 605 0365 2C       		.byte	0x2c
 606 0366 0C       		.uleb128 0xc
 607 0367 73323800 		.ascii	"s28\000"
 608 036b 07       		.byte	0x7
 609 036c 1A01     		.2byte	0x11a
 610 036e A5020000 		.4byte	0x2a5
 611 0372 30       		.byte	0x30
 612 0373 0C       		.uleb128 0xc
 613 0374 73323900 		.ascii	"s29\000"
 614 0378 07       		.byte	0x7
 615 0379 1B01     		.2byte	0x11b
 616 037b A5020000 		.4byte	0x2a5
 617 037f 34       		.byte	0x34
 618 0380 0C       		.uleb128 0xc
 619 0381 73333000 		.ascii	"s30\000"
 620 0385 07       		.byte	0x7
 621 0386 1C01     		.2byte	0x11c
 622 0388 A5020000 		.4byte	0x2a5
 623 038c 38       		.byte	0x38
ARM GAS  /tmp/ccB5x7Ed.s 			page 12


 624 038d 0C       		.uleb128 0xc
 625 038e 73333100 		.ascii	"s31\000"
 626 0392 07       		.byte	0x7
 627 0393 1D01     		.2byte	0x11d
 628 0395 A5020000 		.4byte	0x2a5
 629 0399 3C       		.byte	0x3c
 630 039a 0C       		.uleb128 0xc
 631 039b 723400   		.ascii	"r4\000"
 632 039e 07       		.byte	0x7
 633 039f 1F01     		.2byte	0x11f
 634 03a1 A5020000 		.4byte	0x2a5
 635 03a5 40       		.byte	0x40
 636 03a6 0C       		.uleb128 0xc
 637 03a7 723500   		.ascii	"r5\000"
 638 03aa 07       		.byte	0x7
 639 03ab 2001     		.2byte	0x120
 640 03ad A5020000 		.4byte	0x2a5
 641 03b1 44       		.byte	0x44
 642 03b2 0C       		.uleb128 0xc
 643 03b3 723600   		.ascii	"r6\000"
 644 03b6 07       		.byte	0x7
 645 03b7 2101     		.2byte	0x121
 646 03b9 A5020000 		.4byte	0x2a5
 647 03bd 48       		.byte	0x48
 648 03be 0C       		.uleb128 0xc
 649 03bf 723700   		.ascii	"r7\000"
 650 03c2 07       		.byte	0x7
 651 03c3 2201     		.2byte	0x122
 652 03c5 A5020000 		.4byte	0x2a5
 653 03c9 4C       		.byte	0x4c
 654 03ca 0C       		.uleb128 0xc
 655 03cb 723800   		.ascii	"r8\000"
 656 03ce 07       		.byte	0x7
 657 03cf 2301     		.2byte	0x123
 658 03d1 A5020000 		.4byte	0x2a5
 659 03d5 50       		.byte	0x50
 660 03d6 0C       		.uleb128 0xc
 661 03d7 723900   		.ascii	"r9\000"
 662 03da 07       		.byte	0x7
 663 03db 2401     		.2byte	0x124
 664 03dd A5020000 		.4byte	0x2a5
 665 03e1 54       		.byte	0x54
 666 03e2 0C       		.uleb128 0xc
 667 03e3 72313000 		.ascii	"r10\000"
 668 03e7 07       		.byte	0x7
 669 03e8 2501     		.2byte	0x125
 670 03ea A5020000 		.4byte	0x2a5
 671 03ee 58       		.byte	0x58
 672 03ef 0C       		.uleb128 0xc
 673 03f0 72313100 		.ascii	"r11\000"
 674 03f4 07       		.byte	0x7
 675 03f5 2601     		.2byte	0x126
 676 03f7 A5020000 		.4byte	0x2a5
 677 03fb 5C       		.byte	0x5c
 678 03fc 0C       		.uleb128 0xc
 679 03fd 6C7200   		.ascii	"lr\000"
 680 0400 07       		.byte	0x7
ARM GAS  /tmp/ccB5x7Ed.s 			page 13


 681 0401 2701     		.2byte	0x127
 682 0403 A5020000 		.4byte	0x2a5
 683 0407 60       		.byte	0x60
 684 0408 00       		.byte	0
 685 0409 0B       		.uleb128 0xb
 686 040a 80050000 		.4byte	.LASF55
 687 040e 04       		.byte	0x4
 688 040f 07       		.byte	0x7
 689 0410 3101     		.2byte	0x131
 690 0412 24040000 		.4byte	0x424
 691 0416 0C       		.uleb128 0xc
 692 0417 72313300 		.ascii	"r13\000"
 693 041b 07       		.byte	0x7
 694 041c 3201     		.2byte	0x132
 695 041e 24040000 		.4byte	0x424
 696 0422 00       		.byte	0
 697 0423 00       		.byte	0
 698 0424 09       		.uleb128 0x9
 699 0425 04       		.byte	0x4
 700 0426 BD020000 		.4byte	0x2bd
 701 042a 0D       		.uleb128 0xd
 702 042b BF000000 		.4byte	0xbf
 703 042f 03       		.uleb128 0x3
 704 0430 04       		.byte	0x4
 705 0431 07       		.byte	0x7
 706 0432 20030000 		.4byte	.LASF56
 707 0436 0D       		.uleb128 0xd
 708 0437 34010000 		.4byte	0x134
 709 043b 05       		.uleb128 0x5
 710 043c 2F030000 		.4byte	.LASF57
 711 0440 10       		.byte	0x10
 712 0441 08       		.byte	0x8
 713 0442 2C       		.byte	0x2c
 714 0443 6C040000 		.4byte	0x46c
 715 0447 06       		.uleb128 0x6
 716 0448 36010000 		.4byte	.LASF58
 717 044c 08       		.byte	0x8
 718 044d 2D       		.byte	0x2d
 719 044e 7A020000 		.4byte	0x27a
 720 0452 00       		.byte	0
 721 0453 06       		.uleb128 0x6
 722 0454 46070000 		.4byte	.LASF59
 723 0458 08       		.byte	0x8
 724 0459 2F       		.byte	0x2f
 725 045a 74020000 		.4byte	0x274
 726 045e 08       		.byte	0x8
 727 045f 06       		.uleb128 0x6
 728 0460 48050000 		.4byte	.LASF60
 729 0464 08       		.byte	0x8
 730 0465 31       		.byte	0x31
 731 0466 6C040000 		.4byte	0x46c
 732 046a 0C       		.byte	0xc
 733 046b 00       		.byte	0
 734 046c 09       		.uleb128 0x9
 735 046d 04       		.byte	0x4
 736 046e 3B040000 		.4byte	0x43b
 737 0472 04       		.uleb128 0x4
ARM GAS  /tmp/ccB5x7Ed.s 			page 14


 738 0473 2F030000 		.4byte	.LASF57
 739 0477 08       		.byte	0x8
 740 0478 33       		.byte	0x33
 741 0479 3B040000 		.4byte	0x43b
 742 047d 0E       		.uleb128 0xe
 743 047e 04       		.byte	0x4
 744 047f 06       		.byte	0x6
 745 0480 96       		.byte	0x96
 746 0481 B2040000 		.4byte	0x4b2
 747 0485 0F       		.uleb128 0xf
 748 0486 40000000 		.4byte	.LASF61
 749 048a 06       		.byte	0x6
 750 048b 9D       		.byte	0x9d
 751 048c 1E010000 		.4byte	0x11e
 752 0490 0F       		.uleb128 0xf
 753 0491 B9000000 		.4byte	.LASF62
 754 0495 06       		.byte	0x6
 755 0496 A4       		.byte	0xa4
 756 0497 1E010000 		.4byte	0x11e
 757 049b 0F       		.uleb128 0xf
 758 049c 23060000 		.4byte	.LASF63
 759 04a0 06       		.byte	0x6
 760 04a1 AB       		.byte	0xab
 761 04a2 B0020000 		.4byte	0x2b0
 762 04a6 0F       		.uleb128 0xf
 763 04a7 96040000 		.4byte	.LASF64
 764 04ab 06       		.byte	0x6
 765 04ac B2       		.byte	0xb2
 766 04ad 29010000 		.4byte	0x129
 767 04b1 00       		.byte	0
 768 04b2 09       		.uleb128 0x9
 769 04b3 04       		.byte	0x4
 770 04b4 B8040000 		.4byte	0x4b8
 771 04b8 10       		.uleb128 0x10
 772 04b9 BD040000 		.4byte	0x4bd
 773 04bd 03       		.uleb128 0x3
 774 04be 01       		.byte	0x1
 775 04bf 08       		.byte	0x8
 776 04c0 07050000 		.4byte	.LASF65
 777 04c4 09       		.uleb128 0x9
 778 04c5 04       		.byte	0x4
 779 04c6 B2020000 		.4byte	0x2b2
 780 04ca 09       		.uleb128 0x9
 781 04cb 04       		.byte	0x4
 782 04cc 72040000 		.4byte	0x472
 783 04d0 09       		.uleb128 0x9
 784 04d1 04       		.byte	0x4
 785 04d2 9E000000 		.4byte	0x9e
 786 04d6 09       		.uleb128 0x9
 787 04d7 04       		.byte	0x4
 788 04d8 DC040000 		.4byte	0x4dc
 789 04dc 10       		.uleb128 0x10
 790 04dd 9E000000 		.4byte	0x9e
 791 04e1 11       		.uleb128 0x11
 792 04e2 BF000000 		.4byte	0xbf
 793 04e6 F1040000 		.4byte	0x4f1
 794 04ea 12       		.uleb128 0x12
ARM GAS  /tmp/ccB5x7Ed.s 			page 15


 795 04eb 2F040000 		.4byte	0x42f
 796 04ef 03       		.byte	0x3
 797 04f0 00       		.byte	0
 798 04f1 0D       		.uleb128 0xd
 799 04f2 A9000000 		.4byte	0xa9
 800 04f6 0D       		.uleb128 0xd
 801 04f7 B4000000 		.4byte	0xb4
 802 04fb 13       		.uleb128 0x13
 803 04fc 10       		.byte	0x10
 804 04fd 09       		.byte	0x9
 805 04fe E501     		.2byte	0x1e5
 806 0500 39050000 		.4byte	0x539
 807 0504 0C       		.uleb128 0xc
 808 0505 43435200 		.ascii	"CCR\000"
 809 0509 09       		.byte	0x9
 810 050a E701     		.2byte	0x1e7
 811 050c 2A040000 		.4byte	0x42a
 812 0510 00       		.byte	0
 813 0511 14       		.uleb128 0x14
 814 0512 CD050000 		.4byte	.LASF66
 815 0516 09       		.byte	0x9
 816 0517 E801     		.2byte	0x1e8
 817 0519 2A040000 		.4byte	0x42a
 818 051d 04       		.byte	0x4
 819 051e 14       		.uleb128 0x14
 820 051f 43020000 		.4byte	.LASF67
 821 0523 09       		.byte	0x9
 822 0524 E901     		.2byte	0x1e9
 823 0526 2A040000 		.4byte	0x42a
 824 052a 08       		.byte	0x8
 825 052b 14       		.uleb128 0x14
 826 052c D3050000 		.4byte	.LASF68
 827 0530 09       		.byte	0x9
 828 0531 EA01     		.2byte	0x1ea
 829 0533 2A040000 		.4byte	0x42a
 830 0537 0C       		.byte	0xc
 831 0538 00       		.byte	0
 832 0539 15       		.uleb128 0x15
 833 053a 81030000 		.4byte	.LASF69
 834 053e 09       		.byte	0x9
 835 053f EB01     		.2byte	0x1eb
 836 0541 FB040000 		.4byte	0x4fb
 837 0545 13       		.uleb128 0x13
 838 0546 24       		.byte	0x24
 839 0547 09       		.byte	0x9
 840 0548 C702     		.2byte	0x2c7
 841 054a 37060000 		.4byte	0x637
 842 054e 0C       		.uleb128 0xc
 843 054f 43523100 		.ascii	"CR1\000"
 844 0553 09       		.byte	0x9
 845 0554 C902     		.2byte	0x2c9
 846 0556 F1040000 		.4byte	0x4f1
 847 055a 00       		.byte	0
 848 055b 14       		.uleb128 0x14
 849 055c AB030000 		.4byte	.LASF70
 850 0560 09       		.byte	0x9
 851 0561 CA02     		.2byte	0x2ca
ARM GAS  /tmp/ccB5x7Ed.s 			page 16


 852 0563 A9000000 		.4byte	0xa9
 853 0567 02       		.byte	0x2
 854 0568 0C       		.uleb128 0xc
 855 0569 43523200 		.ascii	"CR2\000"
 856 056d 09       		.byte	0x9
 857 056e CB02     		.2byte	0x2cb
 858 0570 F1040000 		.4byte	0x4f1
 859 0574 04       		.byte	0x4
 860 0575 14       		.uleb128 0x14
 861 0576 B5030000 		.4byte	.LASF71
 862 057a 09       		.byte	0x9
 863 057b CC02     		.2byte	0x2cc
 864 057d A9000000 		.4byte	0xa9
 865 0581 06       		.byte	0x6
 866 0582 0C       		.uleb128 0xc
 867 0583 535200   		.ascii	"SR\000"
 868 0586 09       		.byte	0x9
 869 0587 CD02     		.2byte	0x2cd
 870 0589 F1040000 		.4byte	0x4f1
 871 058d 08       		.byte	0x8
 872 058e 14       		.uleb128 0x14
 873 058f BF030000 		.4byte	.LASF72
 874 0593 09       		.byte	0x9
 875 0594 CE02     		.2byte	0x2ce
 876 0596 A9000000 		.4byte	0xa9
 877 059a 0A       		.byte	0xa
 878 059b 0C       		.uleb128 0xc
 879 059c 445200   		.ascii	"DR\000"
 880 059f 09       		.byte	0x9
 881 05a0 CF02     		.2byte	0x2cf
 882 05a2 F1040000 		.4byte	0x4f1
 883 05a6 0C       		.byte	0xc
 884 05a7 14       		.uleb128 0x14
 885 05a8 C9030000 		.4byte	.LASF73
 886 05ac 09       		.byte	0x9
 887 05ad D002     		.2byte	0x2d0
 888 05af A9000000 		.4byte	0xa9
 889 05b3 0E       		.byte	0xe
 890 05b4 14       		.uleb128 0x14
 891 05b5 AD000000 		.4byte	.LASF74
 892 05b9 09       		.byte	0x9
 893 05ba D102     		.2byte	0x2d1
 894 05bc F1040000 		.4byte	0x4f1
 895 05c0 10       		.byte	0x10
 896 05c1 14       		.uleb128 0x14
 897 05c2 D3030000 		.4byte	.LASF75
 898 05c6 09       		.byte	0x9
 899 05c7 D202     		.2byte	0x2d2
 900 05c9 A9000000 		.4byte	0xa9
 901 05cd 12       		.byte	0x12
 902 05ce 14       		.uleb128 0x14
 903 05cf 31000000 		.4byte	.LASF76
 904 05d3 09       		.byte	0x9
 905 05d4 D302     		.2byte	0x2d3
 906 05d6 F1040000 		.4byte	0x4f1
 907 05da 14       		.byte	0x14
 908 05db 14       		.uleb128 0x14
ARM GAS  /tmp/ccB5x7Ed.s 			page 17


 909 05dc CC040000 		.4byte	.LASF77
 910 05e0 09       		.byte	0x9
 911 05e1 D402     		.2byte	0x2d4
 912 05e3 A9000000 		.4byte	0xa9
 913 05e7 16       		.byte	0x16
 914 05e8 14       		.uleb128 0x14
 915 05e9 A4030000 		.4byte	.LASF78
 916 05ed 09       		.byte	0x9
 917 05ee D502     		.2byte	0x2d5
 918 05f0 F1040000 		.4byte	0x4f1
 919 05f4 18       		.byte	0x18
 920 05f5 14       		.uleb128 0x14
 921 05f6 E4030000 		.4byte	.LASF79
 922 05fa 09       		.byte	0x9
 923 05fb D602     		.2byte	0x2d6
 924 05fd A9000000 		.4byte	0xa9
 925 0601 1A       		.byte	0x1a
 926 0602 14       		.uleb128 0x14
 927 0603 27010000 		.4byte	.LASF80
 928 0607 09       		.byte	0x9
 929 0608 D702     		.2byte	0x2d7
 930 060a F1040000 		.4byte	0x4f1
 931 060e 1C       		.byte	0x1c
 932 060f 14       		.uleb128 0x14
 933 0610 EE030000 		.4byte	.LASF81
 934 0614 09       		.byte	0x9
 935 0615 D802     		.2byte	0x2d8
 936 0617 A9000000 		.4byte	0xa9
 937 061b 1E       		.byte	0x1e
 938 061c 14       		.uleb128 0x14
 939 061d 1A030000 		.4byte	.LASF82
 940 0621 09       		.byte	0x9
 941 0622 D902     		.2byte	0x2d9
 942 0624 F1040000 		.4byte	0x4f1
 943 0628 20       		.byte	0x20
 944 0629 14       		.uleb128 0x14
 945 062a F8030000 		.4byte	.LASF83
 946 062e 09       		.byte	0x9
 947 062f DA02     		.2byte	0x2da
 948 0631 A9000000 		.4byte	0xa9
 949 0635 22       		.byte	0x22
 950 0636 00       		.byte	0
 951 0637 15       		.uleb128 0x15
 952 0638 F6040000 		.4byte	.LASF84
 953 063c 09       		.byte	0x9
 954 063d DB02     		.2byte	0x2db
 955 063f 45050000 		.4byte	0x545
 956 0643 08       		.uleb128 0x8
 957 0644 0C       		.byte	0xc
 958 0645 0A       		.byte	0xa
 959 0646 C1       		.byte	0xc1
 960 0647 88060000 		.4byte	0x688
 961 064b 06       		.uleb128 0x6
 962 064c AC040000 		.4byte	.LASF85
 963 0650 0A       		.byte	0xa
 964 0651 C2       		.byte	0xc2
 965 0652 88060000 		.4byte	0x688
ARM GAS  /tmp/ccB5x7Ed.s 			page 18


 966 0656 00       		.byte	0
 967 0657 06       		.uleb128 0x6
 968 0658 C7040000 		.4byte	.LASF86
 969 065c 0A       		.byte	0xa
 970 065d C3       		.byte	0xc3
 971 065e 8E060000 		.4byte	0x68e
 972 0662 04       		.byte	0x4
 973 0663 06       		.uleb128 0x6
 974 0664 6D020000 		.4byte	.LASF87
 975 0668 0A       		.byte	0xa
 976 0669 C4       		.byte	0xc4
 977 066a 9E000000 		.4byte	0x9e
 978 066e 08       		.byte	0x8
 979 066f 06       		.uleb128 0x6
 980 0670 F3010000 		.4byte	.LASF88
 981 0674 0A       		.byte	0xa
 982 0675 C6       		.byte	0xc6
 983 0676 9E000000 		.4byte	0x9e
 984 067a 09       		.byte	0x9
 985 067b 06       		.uleb128 0x6
 986 067c 89000000 		.4byte	.LASF89
 987 0680 0A       		.byte	0xa
 988 0681 C7       		.byte	0xc7
 989 0682 9E000000 		.4byte	0x9e
 990 0686 0A       		.byte	0xa
 991 0687 00       		.byte	0
 992 0688 09       		.uleb128 0x9
 993 0689 04       		.byte	0x4
 994 068a 39050000 		.4byte	0x539
 995 068e 09       		.uleb128 0x9
 996 068f 04       		.byte	0x4
 997 0690 2A040000 		.4byte	0x42a
 998 0694 04       		.uleb128 0x4
 999 0695 2C040000 		.4byte	.LASF90
 1000 0699 0A       		.byte	0xa
 1001 069a C8       		.byte	0xc8
 1002 069b 43060000 		.4byte	0x643
 1003 069f 16       		.uleb128 0x16
 1004 06a0 01       		.byte	0x1
 1005 06a1 0B       		.byte	0xb
 1006 06a2 33       		.byte	0x33
 1007 06a3 DE060000 		.4byte	0x6de
 1008 06a7 17       		.uleb128 0x17
 1009 06a8 59010000 		.4byte	.LASF91
 1010 06ac 00       		.sleb128 0
 1011 06ad 17       		.uleb128 0x17
 1012 06ae C6010000 		.4byte	.LASF92
 1013 06b2 01       		.sleb128 1
 1014 06b3 17       		.uleb128 0x17
 1015 06b4 9B020000 		.4byte	.LASF93
 1016 06b8 02       		.sleb128 2
 1017 06b9 17       		.uleb128 0x17
 1018 06ba C2020000 		.4byte	.LASF94
 1019 06be 03       		.sleb128 3
 1020 06bf 17       		.uleb128 0x17
 1021 06c0 19050000 		.4byte	.LASF95
 1022 06c4 04       		.sleb128 4
ARM GAS  /tmp/ccB5x7Ed.s 			page 19


 1023 06c5 17       		.uleb128 0x17
 1024 06c6 49030000 		.4byte	.LASF96
 1025 06ca 05       		.sleb128 5
 1026 06cb 17       		.uleb128 0x17
 1027 06cc 0E030000 		.4byte	.LASF97
 1028 06d0 06       		.sleb128 6
 1029 06d1 17       		.uleb128 0x17
 1030 06d2 60040000 		.4byte	.LASF98
 1031 06d6 07       		.sleb128 7
 1032 06d7 17       		.uleb128 0x17
 1033 06d8 3D030000 		.4byte	.LASF99
 1034 06dc 08       		.sleb128 8
 1035 06dd 00       		.byte	0
 1036 06de 04       		.uleb128 0x4
 1037 06df E0000000 		.4byte	.LASF100
 1038 06e3 0B       		.byte	0xb
 1039 06e4 3D       		.byte	0x3d
 1040 06e5 9F060000 		.4byte	0x69f
 1041 06e9 08       		.uleb128 0x8
 1042 06ea 08       		.byte	0x8
 1043 06eb 0B       		.byte	0xb
 1044 06ec 42       		.byte	0x42
 1045 06ed 0A070000 		.4byte	0x70a
 1046 06f1 06       		.uleb128 0x6
 1047 06f2 0B020000 		.4byte	.LASF101
 1048 06f6 0B       		.byte	0xb
 1049 06f7 43       		.byte	0x43
 1050 06f8 BF000000 		.4byte	0xbf
 1051 06fc 00       		.byte	0
 1052 06fd 06       		.uleb128 0x6
 1053 06fe 38000000 		.4byte	.LASF102
 1054 0702 0B       		.byte	0xb
 1055 0703 44       		.byte	0x44
 1056 0704 BF000000 		.4byte	0xbf
 1057 0708 04       		.byte	0x4
 1058 0709 00       		.byte	0
 1059 070a 04       		.uleb128 0x4
 1060 070b 00000000 		.4byte	.LASF103
 1061 070f 0B       		.byte	0xb
 1062 0710 45       		.byte	0x45
 1063 0711 E9060000 		.4byte	0x6e9
 1064 0715 18       		.uleb128 0x18
 1065 0716 D5000000 		.4byte	0xd5
 1066 071a 24070000 		.4byte	0x724
 1067 071e 19       		.uleb128 0x19
 1068 071f B0020000 		.4byte	0x2b0
 1069 0723 00       		.byte	0
 1070 0724 09       		.uleb128 0x9
 1071 0725 04       		.byte	0x4
 1072 0726 15070000 		.4byte	0x715
 1073 072a 18       		.uleb128 0x18
 1074 072b D5000000 		.4byte	0xd5
 1075 072f 48070000 		.4byte	0x748
 1076 0733 19       		.uleb128 0x19
 1077 0734 B0020000 		.4byte	0x2b0
 1078 0738 19       		.uleb128 0x19
 1079 0739 BF000000 		.4byte	0xbf
ARM GAS  /tmp/ccB5x7Ed.s 			page 20


 1080 073d 19       		.uleb128 0x19
 1081 073e D0040000 		.4byte	0x4d0
 1082 0742 19       		.uleb128 0x19
 1083 0743 BF000000 		.4byte	0xbf
 1084 0747 00       		.byte	0
 1085 0748 09       		.uleb128 0x9
 1086 0749 04       		.byte	0x4
 1087 074a 2A070000 		.4byte	0x72a
 1088 074e 18       		.uleb128 0x18
 1089 074f D5000000 		.4byte	0xd5
 1090 0753 6C070000 		.4byte	0x76c
 1091 0757 19       		.uleb128 0x19
 1092 0758 B0020000 		.4byte	0x2b0
 1093 075c 19       		.uleb128 0x19
 1094 075d BF000000 		.4byte	0xbf
 1095 0761 19       		.uleb128 0x19
 1096 0762 D6040000 		.4byte	0x4d6
 1097 0766 19       		.uleb128 0x19
 1098 0767 BF000000 		.4byte	0xbf
 1099 076b 00       		.byte	0
 1100 076c 09       		.uleb128 0x9
 1101 076d 04       		.byte	0x4
 1102 076e 4E070000 		.4byte	0x74e
 1103 0772 18       		.uleb128 0x18
 1104 0773 D5000000 		.4byte	0xd5
 1105 0777 86070000 		.4byte	0x786
 1106 077b 19       		.uleb128 0x19
 1107 077c B0020000 		.4byte	0x2b0
 1108 0780 19       		.uleb128 0x19
 1109 0781 86070000 		.4byte	0x786
 1110 0785 00       		.byte	0
 1111 0786 09       		.uleb128 0x9
 1112 0787 04       		.byte	0x4
 1113 0788 0A070000 		.4byte	0x70a
 1114 078c 09       		.uleb128 0x9
 1115 078d 04       		.byte	0x4
 1116 078e 72070000 		.4byte	0x772
 1117 0792 08       		.uleb128 0x8
 1118 0793 04       		.byte	0x4
 1119 0794 0C       		.byte	0xc
 1120 0795 96       		.byte	0x96
 1121 0796 B3070000 		.4byte	0x7b3
 1122 079a 07       		.uleb128 0x7
 1123 079b 73657400 		.ascii	"set\000"
 1124 079f 0C       		.byte	0xc
 1125 07a0 97       		.byte	0x97
 1126 07a1 A9000000 		.4byte	0xa9
 1127 07a5 00       		.byte	0
 1128 07a6 06       		.uleb128 0x6
 1129 07a7 29030000 		.4byte	.LASF104
 1130 07ab 0C       		.byte	0xc
 1131 07ac 98       		.byte	0x98
 1132 07ad A9000000 		.4byte	0xa9
 1133 07b1 02       		.byte	0x2
 1134 07b2 00       		.byte	0
 1135 07b3 0E       		.uleb128 0xe
 1136 07b4 04       		.byte	0x4
ARM GAS  /tmp/ccB5x7Ed.s 			page 21


 1137 07b5 0C       		.byte	0xc
 1138 07b6 94       		.byte	0x94
 1139 07b7 CE070000 		.4byte	0x7ce
 1140 07bb 1A       		.uleb128 0x1a
 1141 07bc 5700     		.ascii	"W\000"
 1142 07be 0C       		.byte	0xc
 1143 07bf 95       		.byte	0x95
 1144 07c0 BF000000 		.4byte	0xbf
 1145 07c4 1A       		.uleb128 0x1a
 1146 07c5 4800     		.ascii	"H\000"
 1147 07c7 0C       		.byte	0xc
 1148 07c8 99       		.byte	0x99
 1149 07c9 92070000 		.4byte	0x792
 1150 07cd 00       		.byte	0
 1151 07ce 08       		.uleb128 0x8
 1152 07cf 28       		.byte	0x28
 1153 07d0 0C       		.byte	0xc
 1154 07d1 8C       		.byte	0x8c
 1155 07d2 4F080000 		.4byte	0x84f
 1156 07d6 06       		.uleb128 0x6
 1157 07d7 90000000 		.4byte	.LASF105
 1158 07db 0C       		.byte	0xc
 1159 07dc 8E       		.byte	0x8e
 1160 07dd 2A040000 		.4byte	0x42a
 1161 07e1 00       		.byte	0
 1162 07e2 06       		.uleb128 0x6
 1163 07e3 50000000 		.4byte	.LASF106
 1164 07e7 0C       		.byte	0xc
 1165 07e8 8F       		.byte	0x8f
 1166 07e9 2A040000 		.4byte	0x42a
 1167 07ed 04       		.byte	0x4
 1168 07ee 06       		.uleb128 0x6
 1169 07ef CF010000 		.4byte	.LASF107
 1170 07f3 0C       		.byte	0xc
 1171 07f4 90       		.byte	0x90
 1172 07f5 2A040000 		.4byte	0x42a
 1173 07f9 08       		.byte	0x8
 1174 07fa 06       		.uleb128 0x6
 1175 07fb B3000000 		.4byte	.LASF108
 1176 07ff 0C       		.byte	0xc
 1177 0800 91       		.byte	0x91
 1178 0801 2A040000 		.4byte	0x42a
 1179 0805 0C       		.byte	0xc
 1180 0806 07       		.uleb128 0x7
 1181 0807 49445200 		.ascii	"IDR\000"
 1182 080b 0C       		.byte	0xc
 1183 080c 92       		.byte	0x92
 1184 080d 2A040000 		.4byte	0x42a
 1185 0811 10       		.byte	0x10
 1186 0812 07       		.uleb128 0x7
 1187 0813 4F445200 		.ascii	"ODR\000"
 1188 0817 0C       		.byte	0xc
 1189 0818 93       		.byte	0x93
 1190 0819 2A040000 		.4byte	0x42a
 1191 081d 14       		.byte	0x14
 1192 081e 06       		.uleb128 0x6
 1193 081f C2050000 		.4byte	.LASF109
ARM GAS  /tmp/ccB5x7Ed.s 			page 22


 1194 0823 0C       		.byte	0xc
 1195 0824 9A       		.byte	0x9a
 1196 0825 4F080000 		.4byte	0x84f
 1197 0829 18       		.byte	0x18
 1198 082a 06       		.uleb128 0x6
 1199 082b 68020000 		.4byte	.LASF110
 1200 082f 0C       		.byte	0xc
 1201 0830 9B       		.byte	0x9b
 1202 0831 2A040000 		.4byte	0x42a
 1203 0835 1C       		.byte	0x1c
 1204 0836 06       		.uleb128 0x6
 1205 0837 9F030000 		.4byte	.LASF111
 1206 083b 0C       		.byte	0xc
 1207 083c 9C       		.byte	0x9c
 1208 083d 2A040000 		.4byte	0x42a
 1209 0841 20       		.byte	0x20
 1210 0842 06       		.uleb128 0x6
 1211 0843 37070000 		.4byte	.LASF112
 1212 0847 0C       		.byte	0xc
 1213 0848 9D       		.byte	0x9d
 1214 0849 2A040000 		.4byte	0x42a
 1215 084d 24       		.byte	0x24
 1216 084e 00       		.byte	0
 1217 084f 0D       		.uleb128 0xd
 1218 0850 B3070000 		.4byte	0x7b3
 1219 0854 04       		.uleb128 0x4
 1220 0855 53020000 		.4byte	.LASF113
 1221 0859 0C       		.byte	0xc
 1222 085a 9E       		.byte	0x9e
 1223 085b CE070000 		.4byte	0x7ce
 1224 085f 08       		.uleb128 0x8
 1225 0860 1C       		.byte	0x1c
 1226 0861 0C       		.byte	0xc
 1227 0862 A3       		.byte	0xa3
 1228 0863 BC080000 		.4byte	0x8bc
 1229 0867 06       		.uleb128 0x6
 1230 0868 49010000 		.4byte	.LASF114
 1231 086c 0C       		.byte	0xc
 1232 086d A5       		.byte	0xa5
 1233 086e BF000000 		.4byte	0xbf
 1234 0872 00       		.byte	0
 1235 0873 06       		.uleb128 0x6
 1236 0874 79000000 		.4byte	.LASF115
 1237 0878 0C       		.byte	0xc
 1238 0879 A7       		.byte	0xa7
 1239 087a BF000000 		.4byte	0xbf
 1240 087e 04       		.byte	0x4
 1241 087f 06       		.uleb128 0x6
 1242 0880 60020000 		.4byte	.LASF116
 1243 0884 0C       		.byte	0xc
 1244 0885 A9       		.byte	0xa9
 1245 0886 BF000000 		.4byte	0xbf
 1246 088a 08       		.byte	0x8
 1247 088b 06       		.uleb128 0x6
 1248 088c EA050000 		.4byte	.LASF117
 1249 0890 0C       		.byte	0xc
 1250 0891 AB       		.byte	0xab
ARM GAS  /tmp/ccB5x7Ed.s 			page 23


 1251 0892 BF000000 		.4byte	0xbf
 1252 0896 0C       		.byte	0xc
 1253 0897 07       		.uleb128 0x7
 1254 0898 6F647200 		.ascii	"odr\000"
 1255 089c 0C       		.byte	0xc
 1256 089d AD       		.byte	0xad
 1257 089e BF000000 		.4byte	0xbf
 1258 08a2 10       		.byte	0x10
 1259 08a3 06       		.uleb128 0x6
 1260 08a4 3F040000 		.4byte	.LASF118
 1261 08a8 0C       		.byte	0xc
 1262 08a9 AF       		.byte	0xaf
 1263 08aa BF000000 		.4byte	0xbf
 1264 08ae 14       		.byte	0x14
 1265 08af 06       		.uleb128 0x6
 1266 08b0 6A030000 		.4byte	.LASF119
 1267 08b4 0C       		.byte	0xc
 1268 08b5 B1       		.byte	0xb1
 1269 08b6 BF000000 		.4byte	0xbf
 1270 08ba 18       		.byte	0x18
 1271 08bb 00       		.byte	0
 1272 08bc 04       		.uleb128 0x4
 1273 08bd 16000000 		.4byte	.LASF120
 1274 08c1 0C       		.byte	0xc
 1275 08c2 B2       		.byte	0xb2
 1276 08c3 5F080000 		.4byte	0x85f
 1277 08c7 08       		.uleb128 0x8
 1278 08c8 A8       		.byte	0xa8
 1279 08c9 0C       		.byte	0xc
 1280 08ca BB       		.byte	0xbb
 1281 08cb 18090000 		.4byte	0x918
 1282 08cf 06       		.uleb128 0x6
 1283 08d0 8F040000 		.4byte	.LASF121
 1284 08d4 0C       		.byte	0xc
 1285 08d5 BE       		.byte	0xbe
 1286 08d6 BC080000 		.4byte	0x8bc
 1287 08da 00       		.byte	0
 1288 08db 06       		.uleb128 0x6
 1289 08dc 14020000 		.4byte	.LASF122
 1290 08e0 0C       		.byte	0xc
 1291 08e1 C2       		.byte	0xc2
 1292 08e2 BC080000 		.4byte	0x8bc
 1293 08e6 1C       		.byte	0x1c
 1294 08e7 06       		.uleb128 0x6
 1295 08e8 20070000 		.4byte	.LASF123
 1296 08ec 0C       		.byte	0xc
 1297 08ed C6       		.byte	0xc6
 1298 08ee BC080000 		.4byte	0x8bc
 1299 08f2 38       		.byte	0x38
 1300 08f3 06       		.uleb128 0x6
 1301 08f4 6F030000 		.4byte	.LASF124
 1302 08f8 0C       		.byte	0xc
 1303 08f9 CA       		.byte	0xca
 1304 08fa BC080000 		.4byte	0x8bc
 1305 08fe 54       		.byte	0x54
 1306 08ff 06       		.uleb128 0x6
 1307 0900 73010000 		.4byte	.LASF125
ARM GAS  /tmp/ccB5x7Ed.s 			page 24


 1308 0904 0C       		.byte	0xc
 1309 0905 CE       		.byte	0xce
 1310 0906 BC080000 		.4byte	0x8bc
 1311 090a 70       		.byte	0x70
 1312 090b 06       		.uleb128 0x6
 1313 090c 94020000 		.4byte	.LASF126
 1314 0910 0C       		.byte	0xc
 1315 0911 D2       		.byte	0xd2
 1316 0912 BC080000 		.4byte	0x8bc
 1317 0916 8C       		.byte	0x8c
 1318 0917 00       		.byte	0
 1319 0918 04       		.uleb128 0x4
 1320 0919 3C070000 		.4byte	.LASF127
 1321 091d 0C       		.byte	0xc
 1322 091e E0       		.byte	0xe0
 1323 091f C7080000 		.4byte	0x8c7
 1324 0923 04       		.uleb128 0x4
 1325 0924 75050000 		.4byte	.LASF128
 1326 0928 0C       		.byte	0xc
 1327 0929 FD       		.byte	0xfd
 1328 092a 2E090000 		.4byte	0x92e
 1329 092e 09       		.uleb128 0x9
 1330 092f 04       		.byte	0x4
 1331 0930 54080000 		.4byte	0x854
 1332 0934 16       		.uleb128 0x16
 1333 0935 01       		.byte	0x1
 1334 0936 0D       		.byte	0xd
 1335 0937 55       		.byte	0x55
 1336 0938 5B090000 		.4byte	0x95b
 1337 093c 17       		.uleb128 0x17
 1338 093d A6050000 		.4byte	.LASF129
 1339 0941 00       		.sleb128 0
 1340 0942 17       		.uleb128 0x17
 1341 0943 1E010000 		.4byte	.LASF130
 1342 0947 01       		.sleb128 1
 1343 0948 17       		.uleb128 0x17
 1344 0949 9C050000 		.4byte	.LASF131
 1345 094d 02       		.sleb128 2
 1346 094e 17       		.uleb128 0x17
 1347 094f 61000000 		.4byte	.LASF132
 1348 0953 03       		.sleb128 3
 1349 0954 17       		.uleb128 0x17
 1350 0955 0C050000 		.4byte	.LASF133
 1351 0959 04       		.sleb128 4
 1352 095a 00       		.byte	0
 1353 095b 04       		.uleb128 0x4
 1354 095c 3D050000 		.4byte	.LASF134
 1355 0960 0D       		.byte	0xd
 1356 0961 5B       		.byte	0x5b
 1357 0962 34090000 		.4byte	0x934
 1358 0966 15       		.uleb128 0x15
 1359 0967 C2000000 		.4byte	.LASF135
 1360 096b 0E       		.byte	0xe
 1361 096c 2301     		.2byte	0x123
 1362 096e 72090000 		.4byte	0x972
 1363 0972 0B       		.uleb128 0xb
 1364 0973 C2000000 		.4byte	.LASF135
ARM GAS  /tmp/ccB5x7Ed.s 			page 25


 1365 0977 30       		.byte	0x30
 1366 0978 0E       		.byte	0xe
 1367 0979 4B01     		.2byte	0x14b
 1368 097b F5090000 		.4byte	0x9f5
 1369 097f 14       		.uleb128 0x14
 1370 0980 64010000 		.4byte	.LASF136
 1371 0984 0E       		.byte	0xe
 1372 0985 4F01     		.2byte	0x14f
 1373 0987 5B090000 		.4byte	0x95b
 1374 098b 00       		.byte	0
 1375 098c 14       		.uleb128 0x14
 1376 098d 2B050000 		.4byte	.LASF137
 1377 0991 0E       		.byte	0xe
 1378 0992 5301     		.2byte	0x153
 1379 0994 6F0A0000 		.4byte	0xa6f
 1380 0998 04       		.byte	0x4
 1381 0999 14       		.uleb128 0x14
 1382 099a 6E050000 		.4byte	.LASF138
 1383 099e 0E       		.byte	0xe
 1384 099f 5801     		.2byte	0x158
 1385 09a1 74020000 		.4byte	0x274
 1386 09a5 08       		.byte	0x8
 1387 09a6 14       		.uleb128 0x14
 1388 09a7 0A040000 		.4byte	.LASF139
 1389 09ab 0E       		.byte	0xe
 1390 09ac 5F01     		.2byte	0x15f
 1391 09ae 72040000 		.4byte	0x472
 1392 09b2 0C       		.byte	0xc
 1393 09b3 0C       		.uleb128 0xc
 1394 09b4 73706900 		.ascii	"spi\000"
 1395 09b8 0E       		.byte	0xe
 1396 09b9 6B01     		.2byte	0x16b
 1397 09bb 7A0A0000 		.4byte	0xa7a
 1398 09bf 1C       		.byte	0x1c
 1399 09c0 14       		.uleb128 0x14
 1400 09c1 10000000 		.4byte	.LASF140
 1401 09c5 0E       		.byte	0xe
 1402 09c6 6F01     		.2byte	0x16f
 1403 09c8 800A0000 		.4byte	0xa80
 1404 09cc 20       		.byte	0x20
 1405 09cd 14       		.uleb128 0x14
 1406 09ce C0010000 		.4byte	.LASF141
 1407 09d2 0E       		.byte	0xe
 1408 09d3 7301     		.2byte	0x173
 1409 09d5 800A0000 		.4byte	0xa80
 1410 09d9 24       		.byte	0x24
 1411 09da 14       		.uleb128 0x14
 1412 09db AD010000 		.4byte	.LASF142
 1413 09df 0E       		.byte	0xe
 1414 09e0 7701     		.2byte	0x177
 1415 09e2 BF000000 		.4byte	0xbf
 1416 09e6 28       		.byte	0x28
 1417 09e7 14       		.uleb128 0x14
 1418 09e8 60030000 		.4byte	.LASF143
 1419 09ec 0E       		.byte	0xe
 1420 09ed 7B01     		.2byte	0x17b
 1421 09ef BF000000 		.4byte	0xbf
ARM GAS  /tmp/ccB5x7Ed.s 			page 26


 1422 09f3 2C       		.byte	0x2c
 1423 09f4 00       		.byte	0
 1424 09f5 15       		.uleb128 0x15
 1425 09f6 FD010000 		.4byte	.LASF144
 1426 09fa 0E       		.byte	0xe
 1427 09fb 2B01     		.2byte	0x12b
 1428 09fd 010A0000 		.4byte	0xa01
 1429 0a01 09       		.uleb128 0x9
 1430 0a02 04       		.byte	0x4
 1431 0a03 070A0000 		.4byte	0xa07
 1432 0a07 1B       		.uleb128 0x1b
 1433 0a08 120A0000 		.4byte	0xa12
 1434 0a0c 19       		.uleb128 0x19
 1435 0a0d 120A0000 		.4byte	0xa12
 1436 0a11 00       		.byte	0
 1437 0a12 09       		.uleb128 0x9
 1438 0a13 04       		.byte	0x4
 1439 0a14 66090000 		.4byte	0x966
 1440 0a18 13       		.uleb128 0x13
 1441 0a19 10       		.byte	0x10
 1442 0a1a 0E       		.byte	0xe
 1443 0a1b 3001     		.2byte	0x130
 1444 0a1d 630A0000 		.4byte	0xa63
 1445 0a21 14       		.uleb128 0x14
 1446 0a22 A6010000 		.4byte	.LASF145
 1447 0a26 0E       		.byte	0xe
 1448 0a27 3401     		.2byte	0x134
 1449 0a29 F5090000 		.4byte	0x9f5
 1450 0a2d 00       		.byte	0
 1451 0a2e 14       		.uleb128 0x14
 1452 0a2f CC000000 		.4byte	.LASF146
 1453 0a33 0E       		.byte	0xe
 1454 0a34 3901     		.2byte	0x139
 1455 0a36 23090000 		.4byte	0x923
 1456 0a3a 04       		.byte	0x4
 1457 0a3b 14       		.uleb128 0x14
 1458 0a3c F2000000 		.4byte	.LASF147
 1459 0a40 0E       		.byte	0xe
 1460 0a41 3D01     		.2byte	0x13d
 1461 0a43 A9000000 		.4byte	0xa9
 1462 0a47 08       		.byte	0x8
 1463 0a48 0C       		.uleb128 0xc
 1464 0a49 63723100 		.ascii	"cr1\000"
 1465 0a4d 0E       		.byte	0xe
 1466 0a4e 4101     		.2byte	0x141
 1467 0a50 A9000000 		.4byte	0xa9
 1468 0a54 0A       		.byte	0xa
 1469 0a55 0C       		.uleb128 0xc
 1470 0a56 63723200 		.ascii	"cr2\000"
 1471 0a5a 0E       		.byte	0xe
 1472 0a5b 4501     		.2byte	0x145
 1473 0a5d A9000000 		.4byte	0xa9
 1474 0a61 0C       		.byte	0xc
 1475 0a62 00       		.byte	0
 1476 0a63 15       		.uleb128 0x15
 1477 0a64 27070000 		.4byte	.LASF148
 1478 0a68 0E       		.byte	0xe
ARM GAS  /tmp/ccB5x7Ed.s 			page 27


 1479 0a69 4601     		.2byte	0x146
 1480 0a6b 180A0000 		.4byte	0xa18
 1481 0a6f 09       		.uleb128 0x9
 1482 0a70 04       		.byte	0x4
 1483 0a71 750A0000 		.4byte	0xa75
 1484 0a75 10       		.uleb128 0x10
 1485 0a76 630A0000 		.4byte	0xa63
 1486 0a7a 09       		.uleb128 0x9
 1487 0a7b 04       		.byte	0x4
 1488 0a7c 37060000 		.4byte	0x637
 1489 0a80 09       		.uleb128 0x9
 1490 0a81 04       		.byte	0x4
 1491 0a82 860A0000 		.4byte	0xa86
 1492 0a86 10       		.uleb128 0x10
 1493 0a87 94060000 		.4byte	0x694
 1494 0a8b 08       		.uleb128 0x8
 1495 0a8c 0C       		.byte	0xc
 1496 0a8d 0F       		.byte	0xf
 1497 0a8e 56       		.byte	0x56
 1498 0a8f B80A0000 		.4byte	0xab8
 1499 0a93 06       		.uleb128 0x6
 1500 0a94 D9020000 		.4byte	.LASF149
 1501 0a98 0F       		.byte	0xf
 1502 0a99 5A       		.byte	0x5a
 1503 0a9a 120A0000 		.4byte	0xa12
 1504 0a9e 00       		.byte	0
 1505 0a9f 06       		.uleb128 0x6
 1506 0aa0 A6020000 		.4byte	.LASF150
 1507 0aa4 0F       		.byte	0xf
 1508 0aa5 5E       		.byte	0x5e
 1509 0aa6 6F0A0000 		.4byte	0xa6f
 1510 0aaa 04       		.byte	0x4
 1511 0aab 06       		.uleb128 0x6
 1512 0aac C7050000 		.4byte	.LASF151
 1513 0ab0 0F       		.byte	0xf
 1514 0ab1 62       		.byte	0x62
 1515 0ab2 6F0A0000 		.4byte	0xa6f
 1516 0ab6 08       		.byte	0x8
 1517 0ab7 00       		.byte	0
 1518 0ab8 04       		.uleb128 0x4
 1519 0ab9 95030000 		.4byte	.LASF152
 1520 0abd 0F       		.byte	0xf
 1521 0abe 63       		.byte	0x63
 1522 0abf 8B0A0000 		.4byte	0xa8b
 1523 0ac3 05       		.uleb128 0x5
 1524 0ac4 6C000000 		.4byte	.LASF153
 1525 0ac8 20       		.byte	0x20
 1526 0ac9 0F       		.byte	0xf
 1527 0aca 70       		.byte	0x70
 1528 0acb 300B0000 		.4byte	0xb30
 1529 0acf 06       		.uleb128 0x6
 1530 0ad0 12010000 		.4byte	.LASF154
 1531 0ad4 0F       		.byte	0xf
 1532 0ad5 71       		.byte	0x71
 1533 0ad6 24070000 		.4byte	0x724
 1534 0ada 00       		.byte	0
 1535 0adb 06       		.uleb128 0x6
ARM GAS  /tmp/ccB5x7Ed.s 			page 28


 1536 0adc 8F050000 		.4byte	.LASF155
 1537 0ae0 0F       		.byte	0xf
 1538 0ae1 71       		.byte	0x71
 1539 0ae2 24070000 		.4byte	0x724
 1540 0ae6 04       		.byte	0x4
 1541 0ae7 06       		.uleb128 0x6
 1542 0ae8 B4040000 		.4byte	.LASF156
 1543 0aec 0F       		.byte	0xf
 1544 0aed 71       		.byte	0x71
 1545 0aee 24070000 		.4byte	0x724
 1546 0af2 08       		.byte	0x8
 1547 0af3 06       		.uleb128 0x6
 1548 0af4 3E010000 		.4byte	.LASF157
 1549 0af8 0F       		.byte	0xf
 1550 0af9 71       		.byte	0x71
 1551 0afa 24070000 		.4byte	0x724
 1552 0afe 0C       		.byte	0xc
 1553 0aff 06       		.uleb128 0x6
 1554 0b00 02050000 		.4byte	.LASF158
 1555 0b04 0F       		.byte	0xf
 1556 0b05 71       		.byte	0x71
 1557 0b06 48070000 		.4byte	0x748
 1558 0b0a 10       		.byte	0x10
 1559 0b0b 06       		.uleb128 0x6
 1560 0b0c 08030000 		.4byte	.LASF159
 1561 0b10 0F       		.byte	0xf
 1562 0b11 71       		.byte	0x71
 1563 0b12 6C070000 		.4byte	0x76c
 1564 0b16 14       		.byte	0x14
 1565 0b17 06       		.uleb128 0x6
 1566 0b18 1E060000 		.4byte	.LASF160
 1567 0b1c 0F       		.byte	0xf
 1568 0b1d 71       		.byte	0x71
 1569 0b1e 24070000 		.4byte	0x724
 1570 0b22 18       		.byte	0x18
 1571 0b23 06       		.uleb128 0x6
 1572 0b24 B7010000 		.4byte	.LASF161
 1573 0b28 0F       		.byte	0xf
 1574 0b29 71       		.byte	0x71
 1575 0b2a 8C070000 		.4byte	0x78c
 1576 0b2e 1C       		.byte	0x1c
 1577 0b2f 00       		.byte	0
 1578 0b30 08       		.uleb128 0x8
 1579 0b31 34       		.byte	0x34
 1580 0b32 0F       		.byte	0xf
 1581 0b33 79       		.byte	0x79
 1582 0b34 8D0B0000 		.4byte	0xb8d
 1583 0b38 07       		.uleb128 0x7
 1584 0b39 766D7400 		.ascii	"vmt\000"
 1585 0b3d 0F       		.byte	0xf
 1586 0b3e 7D       		.byte	0x7d
 1587 0b3f 8D0B0000 		.4byte	0xb8d
 1588 0b43 00       		.byte	0
 1589 0b44 06       		.uleb128 0x6
 1590 0b45 64010000 		.4byte	.LASF136
 1591 0b49 0F       		.byte	0xf
 1592 0b4a 7E       		.byte	0x7e
ARM GAS  /tmp/ccB5x7Ed.s 			page 29


 1593 0b4b DE060000 		.4byte	0x6de
 1594 0b4f 04       		.byte	0x4
 1595 0b50 07       		.uleb128 0x7
 1596 0b51 63696400 		.ascii	"cid\000"
 1597 0b55 0F       		.byte	0xf
 1598 0b56 7E       		.byte	0x7e
 1599 0b57 E1040000 		.4byte	0x4e1
 1600 0b5b 08       		.byte	0x8
 1601 0b5c 07       		.uleb128 0x7
 1602 0b5d 63736400 		.ascii	"csd\000"
 1603 0b61 0F       		.byte	0xf
 1604 0b62 7E       		.byte	0x7e
 1605 0b63 E1040000 		.4byte	0x4e1
 1606 0b67 18       		.byte	0x18
 1607 0b68 06       		.uleb128 0x6
 1608 0b69 80000000 		.4byte	.LASF162
 1609 0b6d 0F       		.byte	0xf
 1610 0b6e 7E       		.byte	0x7e
 1611 0b6f BF000000 		.4byte	0xbf
 1612 0b73 28       		.byte	0x28
 1613 0b74 06       		.uleb128 0x6
 1614 0b75 2B050000 		.4byte	.LASF137
 1615 0b79 0F       		.byte	0xf
 1616 0b7a 82       		.byte	0x82
 1617 0b7b 980B0000 		.4byte	0xb98
 1618 0b7f 2C       		.byte	0x2c
 1619 0b80 06       		.uleb128 0x6
 1620 0b81 AC020000 		.4byte	.LASF163
 1621 0b85 0F       		.byte	0xf
 1622 0b86 86       		.byte	0x86
 1623 0b87 D5000000 		.4byte	0xd5
 1624 0b8b 30       		.byte	0x30
 1625 0b8c 00       		.byte	0
 1626 0b8d 09       		.uleb128 0x9
 1627 0b8e 04       		.byte	0x4
 1628 0b8f 930B0000 		.4byte	0xb93
 1629 0b93 10       		.uleb128 0x10
 1630 0b94 C30A0000 		.4byte	0xac3
 1631 0b98 09       		.uleb128 0x9
 1632 0b99 04       		.byte	0x4
 1633 0b9a 9E0B0000 		.4byte	0xb9e
 1634 0b9e 10       		.uleb128 0x10
 1635 0b9f B80A0000 		.4byte	0xab8
 1636 0ba3 04       		.uleb128 0x4
 1637 0ba4 B1050000 		.4byte	.LASF164
 1638 0ba8 0F       		.byte	0xf
 1639 0ba9 87       		.byte	0x87
 1640 0baa 300B0000 		.4byte	0xb30
 1641 0bae 1C       		.uleb128 0x1c
 1642 0baf 74020000 		.4byte	.LASF168
 1643 0bb3 01       		.byte	0x1
 1644 0bb4 2F       		.byte	0x2f
 1645 0bb5 00000000 		.4byte	.LFB118
 1646 0bb9 08000000 		.4byte	.LFE118-.LFB118
 1647 0bbd 01       		.uleb128 0x1
 1648 0bbe 9C       		.byte	0x9c
 1649 0bbf 1D       		.uleb128 0x1d
ARM GAS  /tmp/ccB5x7Ed.s 			page 30


 1650 0bc0 76040000 		.4byte	.LASF165
 1651 0bc4 01       		.byte	0x1
 1652 0bc5 4E       		.byte	0x4e
 1653 0bc6 D5000000 		.4byte	0xd5
 1654 0bca 00000000 		.4byte	.LFB119
 1655 0bce 0C000000 		.4byte	.LFE119-.LFB119
 1656 0bd2 01       		.uleb128 0x1
 1657 0bd3 9C       		.byte	0x9c
 1658 0bd4 E70B0000 		.4byte	0xbe7
 1659 0bd8 1E       		.uleb128 0x1e
 1660 0bd9 DF040000 		.4byte	.LASF167
 1661 0bdd 01       		.byte	0x1
 1662 0bde 4E       		.byte	0x4e
 1663 0bdf E70B0000 		.4byte	0xbe7
 1664 0be3 02       		.uleb128 0x2
 1665 0be4 91       		.byte	0x91
 1666 0be5 7C       		.sleb128 -4
 1667 0be6 00       		.byte	0
 1668 0be7 09       		.uleb128 0x9
 1669 0be8 04       		.byte	0x4
 1670 0be9 A30B0000 		.4byte	0xba3
 1671 0bed 1D       		.uleb128 0x1d
 1672 0bee 83010000 		.4byte	.LASF166
 1673 0bf2 01       		.byte	0x1
 1674 0bf3 58       		.byte	0x58
 1675 0bf4 D5000000 		.4byte	0xd5
 1676 0bf8 00000000 		.4byte	.LFB120
 1677 0bfc 0C000000 		.4byte	.LFE120-.LFB120
 1678 0c00 01       		.uleb128 0x1
 1679 0c01 9C       		.byte	0x9c
 1680 0c02 150C0000 		.4byte	0xc15
 1681 0c06 1E       		.uleb128 0x1e
 1682 0c07 DF040000 		.4byte	.LASF167
 1683 0c0b 01       		.byte	0x1
 1684 0c0c 58       		.byte	0x58
 1685 0c0d E70B0000 		.4byte	0xbe7
 1686 0c11 02       		.uleb128 0x2
 1687 0c12 91       		.byte	0x91
 1688 0c13 7C       		.sleb128 -4
 1689 0c14 00       		.byte	0
 1690 0c15 1F       		.uleb128 0x1f
 1691 0c16 D8050000 		.4byte	.LASF169
 1692 0c1a 01       		.byte	0x1
 1693 0c1b 64       		.byte	0x64
 1694 0c1c 00000000 		.4byte	.LFB121
 1695 0c20 02000000 		.4byte	.LFE121-.LFB121
 1696 0c24 01       		.uleb128 0x1
 1697 0c25 9C       		.byte	0x9c
 1698 0c26 20       		.uleb128 0x20
 1699 0c27 D3000000 		.4byte	.LASF170
 1700 0c2b 10       		.byte	0x10
 1701 0c2c 9806     		.2byte	0x698
 1702 0c2e F6040000 		.4byte	0x4f6
 1703 0c32 21       		.uleb128 0x21
 1704 0c33 4E070000 		.4byte	.LASF171
 1705 0c37 01       		.byte	0x1
 1706 0c38 19       		.byte	0x19
ARM GAS  /tmp/ccB5x7Ed.s 			page 31


 1707 0c39 430C0000 		.4byte	0xc43
 1708 0c3d 05       		.uleb128 0x5
 1709 0c3e 03       		.byte	0x3
 1710 0c3f 00000000 		.4byte	pal_default_config
 1711 0c43 10       		.uleb128 0x10
 1712 0c44 18090000 		.4byte	0x918
 1713 0c48 00       		.byte	0
 1714              		.section	.debug_abbrev,"",%progbits
 1715              	.Ldebug_abbrev0:
 1716 0000 01       		.uleb128 0x1
 1717 0001 11       		.uleb128 0x11
 1718 0002 01       		.byte	0x1
 1719 0003 25       		.uleb128 0x25
 1720 0004 0E       		.uleb128 0xe
 1721 0005 13       		.uleb128 0x13
 1722 0006 0B       		.uleb128 0xb
 1723 0007 03       		.uleb128 0x3
 1724 0008 0E       		.uleb128 0xe
 1725 0009 55       		.uleb128 0x55
 1726 000a 17       		.uleb128 0x17
 1727 000b 11       		.uleb128 0x11
 1728 000c 01       		.uleb128 0x1
 1729 000d 10       		.uleb128 0x10
 1730 000e 17       		.uleb128 0x17
 1731 000f 00       		.byte	0
 1732 0010 00       		.byte	0
 1733 0011 02       		.uleb128 0x2
 1734 0012 24       		.uleb128 0x24
 1735 0013 00       		.byte	0
 1736 0014 0B       		.uleb128 0xb
 1737 0015 0B       		.uleb128 0xb
 1738 0016 3E       		.uleb128 0x3e
 1739 0017 0B       		.uleb128 0xb
 1740 0018 03       		.uleb128 0x3
 1741 0019 08       		.uleb128 0x8
 1742 001a 00       		.byte	0
 1743 001b 00       		.byte	0
 1744 001c 03       		.uleb128 0x3
 1745 001d 24       		.uleb128 0x24
 1746 001e 00       		.byte	0
 1747 001f 0B       		.uleb128 0xb
 1748 0020 0B       		.uleb128 0xb
 1749 0021 3E       		.uleb128 0x3e
 1750 0022 0B       		.uleb128 0xb
 1751 0023 03       		.uleb128 0x3
 1752 0024 0E       		.uleb128 0xe
 1753 0025 00       		.byte	0
 1754 0026 00       		.byte	0
 1755 0027 04       		.uleb128 0x4
 1756 0028 16       		.uleb128 0x16
 1757 0029 00       		.byte	0
 1758 002a 03       		.uleb128 0x3
 1759 002b 0E       		.uleb128 0xe
 1760 002c 3A       		.uleb128 0x3a
 1761 002d 0B       		.uleb128 0xb
 1762 002e 3B       		.uleb128 0x3b
 1763 002f 0B       		.uleb128 0xb
ARM GAS  /tmp/ccB5x7Ed.s 			page 32


 1764 0030 49       		.uleb128 0x49
 1765 0031 13       		.uleb128 0x13
 1766 0032 00       		.byte	0
 1767 0033 00       		.byte	0
 1768 0034 05       		.uleb128 0x5
 1769 0035 13       		.uleb128 0x13
 1770 0036 01       		.byte	0x1
 1771 0037 03       		.uleb128 0x3
 1772 0038 0E       		.uleb128 0xe
 1773 0039 0B       		.uleb128 0xb
 1774 003a 0B       		.uleb128 0xb
 1775 003b 3A       		.uleb128 0x3a
 1776 003c 0B       		.uleb128 0xb
 1777 003d 3B       		.uleb128 0x3b
 1778 003e 0B       		.uleb128 0xb
 1779 003f 01       		.uleb128 0x1
 1780 0040 13       		.uleb128 0x13
 1781 0041 00       		.byte	0
 1782 0042 00       		.byte	0
 1783 0043 06       		.uleb128 0x6
 1784 0044 0D       		.uleb128 0xd
 1785 0045 00       		.byte	0
 1786 0046 03       		.uleb128 0x3
 1787 0047 0E       		.uleb128 0xe
 1788 0048 3A       		.uleb128 0x3a
 1789 0049 0B       		.uleb128 0xb
 1790 004a 3B       		.uleb128 0x3b
 1791 004b 0B       		.uleb128 0xb
 1792 004c 49       		.uleb128 0x49
 1793 004d 13       		.uleb128 0x13
 1794 004e 38       		.uleb128 0x38
 1795 004f 0B       		.uleb128 0xb
 1796 0050 00       		.byte	0
 1797 0051 00       		.byte	0
 1798 0052 07       		.uleb128 0x7
 1799 0053 0D       		.uleb128 0xd
 1800 0054 00       		.byte	0
 1801 0055 03       		.uleb128 0x3
 1802 0056 08       		.uleb128 0x8
 1803 0057 3A       		.uleb128 0x3a
 1804 0058 0B       		.uleb128 0xb
 1805 0059 3B       		.uleb128 0x3b
 1806 005a 0B       		.uleb128 0xb
 1807 005b 49       		.uleb128 0x49
 1808 005c 13       		.uleb128 0x13
 1809 005d 38       		.uleb128 0x38
 1810 005e 0B       		.uleb128 0xb
 1811 005f 00       		.byte	0
 1812 0060 00       		.byte	0
 1813 0061 08       		.uleb128 0x8
 1814 0062 13       		.uleb128 0x13
 1815 0063 01       		.byte	0x1
 1816 0064 0B       		.uleb128 0xb
 1817 0065 0B       		.uleb128 0xb
 1818 0066 3A       		.uleb128 0x3a
 1819 0067 0B       		.uleb128 0xb
 1820 0068 3B       		.uleb128 0x3b
ARM GAS  /tmp/ccB5x7Ed.s 			page 33


 1821 0069 0B       		.uleb128 0xb
 1822 006a 01       		.uleb128 0x1
 1823 006b 13       		.uleb128 0x13
 1824 006c 00       		.byte	0
 1825 006d 00       		.byte	0
 1826 006e 09       		.uleb128 0x9
 1827 006f 0F       		.uleb128 0xf
 1828 0070 00       		.byte	0
 1829 0071 0B       		.uleb128 0xb
 1830 0072 0B       		.uleb128 0xb
 1831 0073 49       		.uleb128 0x49
 1832 0074 13       		.uleb128 0x13
 1833 0075 00       		.byte	0
 1834 0076 00       		.byte	0
 1835 0077 0A       		.uleb128 0xa
 1836 0078 0F       		.uleb128 0xf
 1837 0079 00       		.byte	0
 1838 007a 0B       		.uleb128 0xb
 1839 007b 0B       		.uleb128 0xb
 1840 007c 00       		.byte	0
 1841 007d 00       		.byte	0
 1842 007e 0B       		.uleb128 0xb
 1843 007f 13       		.uleb128 0x13
 1844 0080 01       		.byte	0x1
 1845 0081 03       		.uleb128 0x3
 1846 0082 0E       		.uleb128 0xe
 1847 0083 0B       		.uleb128 0xb
 1848 0084 0B       		.uleb128 0xb
 1849 0085 3A       		.uleb128 0x3a
 1850 0086 0B       		.uleb128 0xb
 1851 0087 3B       		.uleb128 0x3b
 1852 0088 05       		.uleb128 0x5
 1853 0089 01       		.uleb128 0x1
 1854 008a 13       		.uleb128 0x13
 1855 008b 00       		.byte	0
 1856 008c 00       		.byte	0
 1857 008d 0C       		.uleb128 0xc
 1858 008e 0D       		.uleb128 0xd
 1859 008f 00       		.byte	0
 1860 0090 03       		.uleb128 0x3
 1861 0091 08       		.uleb128 0x8
 1862 0092 3A       		.uleb128 0x3a
 1863 0093 0B       		.uleb128 0xb
 1864 0094 3B       		.uleb128 0x3b
 1865 0095 05       		.uleb128 0x5
 1866 0096 49       		.uleb128 0x49
 1867 0097 13       		.uleb128 0x13
 1868 0098 38       		.uleb128 0x38
 1869 0099 0B       		.uleb128 0xb
 1870 009a 00       		.byte	0
 1871 009b 00       		.byte	0
 1872 009c 0D       		.uleb128 0xd
 1873 009d 35       		.uleb128 0x35
 1874 009e 00       		.byte	0
 1875 009f 49       		.uleb128 0x49
 1876 00a0 13       		.uleb128 0x13
 1877 00a1 00       		.byte	0
ARM GAS  /tmp/ccB5x7Ed.s 			page 34


 1878 00a2 00       		.byte	0
 1879 00a3 0E       		.uleb128 0xe
 1880 00a4 17       		.uleb128 0x17
 1881 00a5 01       		.byte	0x1
 1882 00a6 0B       		.uleb128 0xb
 1883 00a7 0B       		.uleb128 0xb
 1884 00a8 3A       		.uleb128 0x3a
 1885 00a9 0B       		.uleb128 0xb
 1886 00aa 3B       		.uleb128 0x3b
 1887 00ab 0B       		.uleb128 0xb
 1888 00ac 01       		.uleb128 0x1
 1889 00ad 13       		.uleb128 0x13
 1890 00ae 00       		.byte	0
 1891 00af 00       		.byte	0
 1892 00b0 0F       		.uleb128 0xf
 1893 00b1 0D       		.uleb128 0xd
 1894 00b2 00       		.byte	0
 1895 00b3 03       		.uleb128 0x3
 1896 00b4 0E       		.uleb128 0xe
 1897 00b5 3A       		.uleb128 0x3a
 1898 00b6 0B       		.uleb128 0xb
 1899 00b7 3B       		.uleb128 0x3b
 1900 00b8 0B       		.uleb128 0xb
 1901 00b9 49       		.uleb128 0x49
 1902 00ba 13       		.uleb128 0x13
 1903 00bb 00       		.byte	0
 1904 00bc 00       		.byte	0
 1905 00bd 10       		.uleb128 0x10
 1906 00be 26       		.uleb128 0x26
 1907 00bf 00       		.byte	0
 1908 00c0 49       		.uleb128 0x49
 1909 00c1 13       		.uleb128 0x13
 1910 00c2 00       		.byte	0
 1911 00c3 00       		.byte	0
 1912 00c4 11       		.uleb128 0x11
 1913 00c5 01       		.uleb128 0x1
 1914 00c6 01       		.byte	0x1
 1915 00c7 49       		.uleb128 0x49
 1916 00c8 13       		.uleb128 0x13
 1917 00c9 01       		.uleb128 0x1
 1918 00ca 13       		.uleb128 0x13
 1919 00cb 00       		.byte	0
 1920 00cc 00       		.byte	0
 1921 00cd 12       		.uleb128 0x12
 1922 00ce 21       		.uleb128 0x21
 1923 00cf 00       		.byte	0
 1924 00d0 49       		.uleb128 0x49
 1925 00d1 13       		.uleb128 0x13
 1926 00d2 2F       		.uleb128 0x2f
 1927 00d3 0B       		.uleb128 0xb
 1928 00d4 00       		.byte	0
 1929 00d5 00       		.byte	0
 1930 00d6 13       		.uleb128 0x13
 1931 00d7 13       		.uleb128 0x13
 1932 00d8 01       		.byte	0x1
 1933 00d9 0B       		.uleb128 0xb
 1934 00da 0B       		.uleb128 0xb
ARM GAS  /tmp/ccB5x7Ed.s 			page 35


 1935 00db 3A       		.uleb128 0x3a
 1936 00dc 0B       		.uleb128 0xb
 1937 00dd 3B       		.uleb128 0x3b
 1938 00de 05       		.uleb128 0x5
 1939 00df 01       		.uleb128 0x1
 1940 00e0 13       		.uleb128 0x13
 1941 00e1 00       		.byte	0
 1942 00e2 00       		.byte	0
 1943 00e3 14       		.uleb128 0x14
 1944 00e4 0D       		.uleb128 0xd
 1945 00e5 00       		.byte	0
 1946 00e6 03       		.uleb128 0x3
 1947 00e7 0E       		.uleb128 0xe
 1948 00e8 3A       		.uleb128 0x3a
 1949 00e9 0B       		.uleb128 0xb
 1950 00ea 3B       		.uleb128 0x3b
 1951 00eb 05       		.uleb128 0x5
 1952 00ec 49       		.uleb128 0x49
 1953 00ed 13       		.uleb128 0x13
 1954 00ee 38       		.uleb128 0x38
 1955 00ef 0B       		.uleb128 0xb
 1956 00f0 00       		.byte	0
 1957 00f1 00       		.byte	0
 1958 00f2 15       		.uleb128 0x15
 1959 00f3 16       		.uleb128 0x16
 1960 00f4 00       		.byte	0
 1961 00f5 03       		.uleb128 0x3
 1962 00f6 0E       		.uleb128 0xe
 1963 00f7 3A       		.uleb128 0x3a
 1964 00f8 0B       		.uleb128 0xb
 1965 00f9 3B       		.uleb128 0x3b
 1966 00fa 05       		.uleb128 0x5
 1967 00fb 49       		.uleb128 0x49
 1968 00fc 13       		.uleb128 0x13
 1969 00fd 00       		.byte	0
 1970 00fe 00       		.byte	0
 1971 00ff 16       		.uleb128 0x16
 1972 0100 04       		.uleb128 0x4
 1973 0101 01       		.byte	0x1
 1974 0102 0B       		.uleb128 0xb
 1975 0103 0B       		.uleb128 0xb
 1976 0104 3A       		.uleb128 0x3a
 1977 0105 0B       		.uleb128 0xb
 1978 0106 3B       		.uleb128 0x3b
 1979 0107 0B       		.uleb128 0xb
 1980 0108 01       		.uleb128 0x1
 1981 0109 13       		.uleb128 0x13
 1982 010a 00       		.byte	0
 1983 010b 00       		.byte	0
 1984 010c 17       		.uleb128 0x17
 1985 010d 28       		.uleb128 0x28
 1986 010e 00       		.byte	0
 1987 010f 03       		.uleb128 0x3
 1988 0110 0E       		.uleb128 0xe
 1989 0111 1C       		.uleb128 0x1c
 1990 0112 0D       		.uleb128 0xd
 1991 0113 00       		.byte	0
ARM GAS  /tmp/ccB5x7Ed.s 			page 36


 1992 0114 00       		.byte	0
 1993 0115 18       		.uleb128 0x18
 1994 0116 15       		.uleb128 0x15
 1995 0117 01       		.byte	0x1
 1996 0118 27       		.uleb128 0x27
 1997 0119 19       		.uleb128 0x19
 1998 011a 49       		.uleb128 0x49
 1999 011b 13       		.uleb128 0x13
 2000 011c 01       		.uleb128 0x1
 2001 011d 13       		.uleb128 0x13
 2002 011e 00       		.byte	0
 2003 011f 00       		.byte	0
 2004 0120 19       		.uleb128 0x19
 2005 0121 05       		.uleb128 0x5
 2006 0122 00       		.byte	0
 2007 0123 49       		.uleb128 0x49
 2008 0124 13       		.uleb128 0x13
 2009 0125 00       		.byte	0
 2010 0126 00       		.byte	0
 2011 0127 1A       		.uleb128 0x1a
 2012 0128 0D       		.uleb128 0xd
 2013 0129 00       		.byte	0
 2014 012a 03       		.uleb128 0x3
 2015 012b 08       		.uleb128 0x8
 2016 012c 3A       		.uleb128 0x3a
 2017 012d 0B       		.uleb128 0xb
 2018 012e 3B       		.uleb128 0x3b
 2019 012f 0B       		.uleb128 0xb
 2020 0130 49       		.uleb128 0x49
 2021 0131 13       		.uleb128 0x13
 2022 0132 00       		.byte	0
 2023 0133 00       		.byte	0
 2024 0134 1B       		.uleb128 0x1b
 2025 0135 15       		.uleb128 0x15
 2026 0136 01       		.byte	0x1
 2027 0137 27       		.uleb128 0x27
 2028 0138 19       		.uleb128 0x19
 2029 0139 01       		.uleb128 0x1
 2030 013a 13       		.uleb128 0x13
 2031 013b 00       		.byte	0
 2032 013c 00       		.byte	0
 2033 013d 1C       		.uleb128 0x1c
 2034 013e 2E       		.uleb128 0x2e
 2035 013f 00       		.byte	0
 2036 0140 3F       		.uleb128 0x3f
 2037 0141 19       		.uleb128 0x19
 2038 0142 03       		.uleb128 0x3
 2039 0143 0E       		.uleb128 0xe
 2040 0144 3A       		.uleb128 0x3a
 2041 0145 0B       		.uleb128 0xb
 2042 0146 3B       		.uleb128 0x3b
 2043 0147 0B       		.uleb128 0xb
 2044 0148 27       		.uleb128 0x27
 2045 0149 19       		.uleb128 0x19
 2046 014a 11       		.uleb128 0x11
 2047 014b 01       		.uleb128 0x1
 2048 014c 12       		.uleb128 0x12
ARM GAS  /tmp/ccB5x7Ed.s 			page 37


 2049 014d 06       		.uleb128 0x6
 2050 014e 40       		.uleb128 0x40
 2051 014f 18       		.uleb128 0x18
 2052 0150 9642     		.uleb128 0x2116
 2053 0152 19       		.uleb128 0x19
 2054 0153 00       		.byte	0
 2055 0154 00       		.byte	0
 2056 0155 1D       		.uleb128 0x1d
 2057 0156 2E       		.uleb128 0x2e
 2058 0157 01       		.byte	0x1
 2059 0158 3F       		.uleb128 0x3f
 2060 0159 19       		.uleb128 0x19
 2061 015a 03       		.uleb128 0x3
 2062 015b 0E       		.uleb128 0xe
 2063 015c 3A       		.uleb128 0x3a
 2064 015d 0B       		.uleb128 0xb
 2065 015e 3B       		.uleb128 0x3b
 2066 015f 0B       		.uleb128 0xb
 2067 0160 27       		.uleb128 0x27
 2068 0161 19       		.uleb128 0x19
 2069 0162 49       		.uleb128 0x49
 2070 0163 13       		.uleb128 0x13
 2071 0164 11       		.uleb128 0x11
 2072 0165 01       		.uleb128 0x1
 2073 0166 12       		.uleb128 0x12
 2074 0167 06       		.uleb128 0x6
 2075 0168 40       		.uleb128 0x40
 2076 0169 18       		.uleb128 0x18
 2077 016a 9742     		.uleb128 0x2117
 2078 016c 19       		.uleb128 0x19
 2079 016d 01       		.uleb128 0x1
 2080 016e 13       		.uleb128 0x13
 2081 016f 00       		.byte	0
 2082 0170 00       		.byte	0
 2083 0171 1E       		.uleb128 0x1e
 2084 0172 05       		.uleb128 0x5
 2085 0173 00       		.byte	0
 2086 0174 03       		.uleb128 0x3
 2087 0175 0E       		.uleb128 0xe
 2088 0176 3A       		.uleb128 0x3a
 2089 0177 0B       		.uleb128 0xb
 2090 0178 3B       		.uleb128 0x3b
 2091 0179 0B       		.uleb128 0xb
 2092 017a 49       		.uleb128 0x49
 2093 017b 13       		.uleb128 0x13
 2094 017c 02       		.uleb128 0x2
 2095 017d 18       		.uleb128 0x18
 2096 017e 00       		.byte	0
 2097 017f 00       		.byte	0
 2098 0180 1F       		.uleb128 0x1f
 2099 0181 2E       		.uleb128 0x2e
 2100 0182 00       		.byte	0
 2101 0183 3F       		.uleb128 0x3f
 2102 0184 19       		.uleb128 0x19
 2103 0185 03       		.uleb128 0x3
 2104 0186 0E       		.uleb128 0xe
 2105 0187 3A       		.uleb128 0x3a
ARM GAS  /tmp/ccB5x7Ed.s 			page 38


 2106 0188 0B       		.uleb128 0xb
 2107 0189 3B       		.uleb128 0x3b
 2108 018a 0B       		.uleb128 0xb
 2109 018b 27       		.uleb128 0x27
 2110 018c 19       		.uleb128 0x19
 2111 018d 11       		.uleb128 0x11
 2112 018e 01       		.uleb128 0x1
 2113 018f 12       		.uleb128 0x12
 2114 0190 06       		.uleb128 0x6
 2115 0191 40       		.uleb128 0x40
 2116 0192 18       		.uleb128 0x18
 2117 0193 9742     		.uleb128 0x2117
 2118 0195 19       		.uleb128 0x19
 2119 0196 00       		.byte	0
 2120 0197 00       		.byte	0
 2121 0198 20       		.uleb128 0x20
 2122 0199 34       		.uleb128 0x34
 2123 019a 00       		.byte	0
 2124 019b 03       		.uleb128 0x3
 2125 019c 0E       		.uleb128 0xe
 2126 019d 3A       		.uleb128 0x3a
 2127 019e 0B       		.uleb128 0xb
 2128 019f 3B       		.uleb128 0x3b
 2129 01a0 05       		.uleb128 0x5
 2130 01a1 49       		.uleb128 0x49
 2131 01a2 13       		.uleb128 0x13
 2132 01a3 3F       		.uleb128 0x3f
 2133 01a4 19       		.uleb128 0x19
 2134 01a5 3C       		.uleb128 0x3c
 2135 01a6 19       		.uleb128 0x19
 2136 01a7 00       		.byte	0
 2137 01a8 00       		.byte	0
 2138 01a9 21       		.uleb128 0x21
 2139 01aa 34       		.uleb128 0x34
 2140 01ab 00       		.byte	0
 2141 01ac 03       		.uleb128 0x3
 2142 01ad 0E       		.uleb128 0xe
 2143 01ae 3A       		.uleb128 0x3a
 2144 01af 0B       		.uleb128 0xb
 2145 01b0 3B       		.uleb128 0x3b
 2146 01b1 0B       		.uleb128 0xb
 2147 01b2 49       		.uleb128 0x49
 2148 01b3 13       		.uleb128 0x13
 2149 01b4 3F       		.uleb128 0x3f
 2150 01b5 19       		.uleb128 0x19
 2151 01b6 02       		.uleb128 0x2
 2152 01b7 18       		.uleb128 0x18
 2153 01b8 00       		.byte	0
 2154 01b9 00       		.byte	0
 2155 01ba 00       		.byte	0
 2156              		.section	.debug_aranges,"",%progbits
 2157 0000 34000000 		.4byte	0x34
 2158 0004 0200     		.2byte	0x2
 2159 0006 00000000 		.4byte	.Ldebug_info0
 2160 000a 04       		.byte	0x4
 2161 000b 00       		.byte	0
 2162 000c 0000     		.2byte	0
ARM GAS  /tmp/ccB5x7Ed.s 			page 39


 2163 000e 0000     		.2byte	0
 2164 0010 00000000 		.4byte	.LFB118
 2165 0014 08000000 		.4byte	.LFE118-.LFB118
 2166 0018 00000000 		.4byte	.LFB119
 2167 001c 0C000000 		.4byte	.LFE119-.LFB119
 2168 0020 00000000 		.4byte	.LFB120
 2169 0024 0C000000 		.4byte	.LFE120-.LFB120
 2170 0028 00000000 		.4byte	.LFB121
 2171 002c 02000000 		.4byte	.LFE121-.LFB121
 2172 0030 00000000 		.4byte	0
 2173 0034 00000000 		.4byte	0
 2174              		.section	.debug_ranges,"",%progbits
 2175              	.Ldebug_ranges0:
 2176 0000 00000000 		.4byte	.LFB118
 2177 0004 08000000 		.4byte	.LFE118
 2178 0008 00000000 		.4byte	.LFB119
 2179 000c 0C000000 		.4byte	.LFE119
 2180 0010 00000000 		.4byte	.LFB120
 2181 0014 0C000000 		.4byte	.LFE120
 2182 0018 00000000 		.4byte	.LFB121
 2183 001c 02000000 		.4byte	.LFE121
 2184 0020 00000000 		.4byte	0
 2185 0024 00000000 		.4byte	0
 2186              		.section	.debug_line,"",%progbits
 2187              	.Ldebug_line0:
 2188 0000 1E030000 		.section	.debug_str,"MS",%progbits,1
 2188      0200D202 
 2188      00000201 
 2188      FB0E0D00 
 2188      01010101 
 2189              	.LASF103:
 2190 0000 426C6F63 		.ascii	"BlockDeviceInfo\000"
 2190      6B446576 
 2190      69636549 
 2190      6E666F00 
 2191              	.LASF140:
 2192 0010 646D6172 		.ascii	"dmarx\000"
 2192      7800
 2193              	.LASF120:
 2194 0016 73746D33 		.ascii	"stm32_gpio_setup_t\000"
 2194      325F6770 
 2194      696F5F73 
 2194      65747570 
 2194      5F7400
 2195              	.LASF23:
 2196 0029 74726566 		.ascii	"trefs_t\000"
 2196      735F7400 
 2197              	.LASF76:
 2198 0031 52584352 		.ascii	"RXCRCR\000"
 2198      435200
 2199              	.LASF102:
 2200 0038 626C6B5F 		.ascii	"blk_num\000"
 2200      6E756D00 
 2201              	.LASF61:
 2202 0040 7264796D 		.ascii	"rdymsg\000"
 2202      736700
 2203              	.LASF18:
ARM GAS  /tmp/ccB5x7Ed.s 			page 40


 2204 0047 75696E74 		.ascii	"uint64_t\000"
 2204      36345F74 
 2204      00
 2205              	.LASF106:
 2206 0050 4F545950 		.ascii	"OTYPER\000"
 2206      455200
 2207              	.LASF4:
 2208 0057 5F5F7569 		.ascii	"__uint8_t\000"
 2208      6E74385F 
 2208      7400
 2209              	.LASF132:
 2210 0061 5350495F 		.ascii	"SPI_ACTIVE\000"
 2210      41435449 
 2210      564500
 2211              	.LASF153:
 2212 006c 4D4D4344 		.ascii	"MMCDriverVMT\000"
 2212      72697665 
 2212      72564D54 
 2212      00
 2213              	.LASF115:
 2214 0079 6F747970 		.ascii	"otyper\000"
 2214      657200
 2215              	.LASF162:
 2216 0080 63617061 		.ascii	"capacity\000"
 2216      63697479 
 2216      00
 2217              	.LASF89:
 2218 0089 76656374 		.ascii	"vector\000"
 2218      6F7200
 2219              	.LASF105:
 2220 0090 4D4F4445 		.ascii	"MODER\000"
 2220      5200
 2221              	.LASF13:
 2222 0096 6C6F6E67 		.ascii	"long long unsigned int\000"
 2222      206C6F6E 
 2222      6720756E 
 2222      7369676E 
 2222      65642069 
 2223              	.LASF74:
 2224 00ad 43524350 		.ascii	"CRCPR\000"
 2224      5200
 2225              	.LASF108:
 2226 00b3 50555044 		.ascii	"PUPDR\000"
 2226      5200
 2227              	.LASF62:
 2228 00b9 65786974 		.ascii	"exitcode\000"
 2228      636F6465 
 2228      00
 2229              	.LASF135:
 2230 00c2 53504944 		.ascii	"SPIDriver\000"
 2230      72697665 
 2230      7200
 2231              	.LASF146:
 2232 00cc 7373706F 		.ascii	"ssport\000"
 2232      727400
 2233              	.LASF170:
 2234 00d3 49544D5F 		.ascii	"ITM_RxBuffer\000"
ARM GAS  /tmp/ccB5x7Ed.s 			page 41


 2234      52784275 
 2234      66666572 
 2234      00
 2235              	.LASF100:
 2236 00e0 626C6B73 		.ascii	"blkstate_t\000"
 2236      74617465 
 2236      5F7400
 2237              	.LASF32:
 2238 00eb 705F7072 		.ascii	"p_prio\000"
 2238      696F00
 2239              	.LASF147:
 2240 00f2 73737061 		.ascii	"sspad\000"
 2240      6400
 2241              	.LASF11:
 2242 00f8 6C6F6E67 		.ascii	"long long int\000"
 2242      206C6F6E 
 2242      6720696E 
 2242      7400
 2243              	.LASF1:
 2244 0106 7369676E 		.ascii	"signed char\000"
 2244      65642063 
 2244      68617200 
 2245              	.LASF154:
 2246 0112 69735F69 		.ascii	"is_inserted\000"
 2246      6E736572 
 2246      74656400 
 2247              	.LASF130:
 2248 011e 5350495F 		.ascii	"SPI_STOP\000"
 2248      53544F50 
 2248      00
 2249              	.LASF80:
 2250 0127 49325343 		.ascii	"I2SCFGR\000"
 2250      46475200 
 2251              	.LASF19:
 2252 012f 626F6F6C 		.ascii	"bool_t\000"
 2252      5F7400
 2253              	.LASF58:
 2254 0136 6D5F7175 		.ascii	"m_queue\000"
 2254      65756500 
 2255              	.LASF157:
 2256 013e 64697363 		.ascii	"disconnect\000"
 2256      6F6E6E65 
 2256      637400
 2257              	.LASF114:
 2258 0149 6D6F6465 		.ascii	"moder\000"
 2258      7200
 2259              	.LASF24:
 2260 014f 74736C69 		.ascii	"tslices_t\000"
 2260      6365735F 
 2260      7400
 2261              	.LASF91:
 2262 0159 424C4B5F 		.ascii	"BLK_UNINIT\000"
 2262      554E494E 
 2262      495400
 2263              	.LASF136:
 2264 0164 73746174 		.ascii	"state\000"
 2264      6500
ARM GAS  /tmp/ccB5x7Ed.s 			page 42


 2265              	.LASF8:
 2266 016a 6C6F6E67 		.ascii	"long int\000"
 2266      20696E74 
 2266      00
 2267              	.LASF125:
 2268 0173 50454461 		.ascii	"PEData\000"
 2268      746100
 2269              	.LASF22:
 2270 017a 74737461 		.ascii	"tstate_t\000"
 2270      74655F74 
 2270      00
 2271              	.LASF166:
 2272 0183 6D6D635F 		.ascii	"mmc_lld_is_write_protected\000"
 2272      6C6C645F 
 2272      69735F77 
 2272      72697465 
 2272      5F70726F 
 2273              	.LASF34:
 2274 019e 705F6E65 		.ascii	"p_newer\000"
 2274      77657200 
 2275              	.LASF145:
 2276 01a6 656E645F 		.ascii	"end_cb\000"
 2276      636200
 2277              	.LASF142:
 2278 01ad 7278646D 		.ascii	"rxdmamode\000"
 2278      616D6F64 
 2278      6500
 2279              	.LASF161:
 2280 01b7 6765745F 		.ascii	"get_info\000"
 2280      696E666F 
 2280      00
 2281              	.LASF141:
 2282 01c0 646D6174 		.ascii	"dmatx\000"
 2282      7800
 2283              	.LASF92:
 2284 01c6 424C4B5F 		.ascii	"BLK_STOP\000"
 2284      53544F50 
 2284      00
 2285              	.LASF107:
 2286 01cf 4F535045 		.ascii	"OSPEEDR\000"
 2286      45445200 
 2287              	.LASF9:
 2288 01d7 5F5F7569 		.ascii	"__uint32_t\000"
 2288      6E743332 
 2288      5F7400
 2289              	.LASF49:
 2290 01e2 705F6D70 		.ascii	"p_mpool\000"
 2290      6F6F6C00 
 2291              	.LASF52:
 2292 01ea 72656761 		.ascii	"regarm_t\000"
 2292      726D5F74 
 2292      00
 2293              	.LASF88:
 2294 01f3 73656C66 		.ascii	"selfindex\000"
 2294      696E6465 
 2294      7800
 2295              	.LASF144:
ARM GAS  /tmp/ccB5x7Ed.s 			page 43


 2296 01fd 73706963 		.ascii	"spicallback_t\000"
 2296      616C6C62 
 2296      61636B5F 
 2296      7400
 2297              	.LASF101:
 2298 020b 626C6B5F 		.ascii	"blk_size\000"
 2298      73697A65 
 2298      00
 2299              	.LASF122:
 2300 0214 50424461 		.ascii	"PBData\000"
 2300      746100
 2301              	.LASF37:
 2302 021b 705F7374 		.ascii	"p_stklimit\000"
 2302      6B6C696D 
 2302      697400
 2303              	.LASF0:
 2304 0226 756E7369 		.ascii	"unsigned int\000"
 2304      676E6564 
 2304      20696E74 
 2304      00
 2305              	.LASF15:
 2306 0233 75696E74 		.ascii	"uint16_t\000"
 2306      31365F74 
 2306      00
 2307              	.LASF42:
 2308 023c 705F7469 		.ascii	"p_time\000"
 2308      6D6500
 2309              	.LASF67:
 2310 0243 43504152 		.ascii	"CPAR\000"
 2310      00
 2311              	.LASF44:
 2312 0248 705F6D73 		.ascii	"p_msgqueue\000"
 2312      67717565 
 2312      756500
 2313              	.LASF113:
 2314 0253 4750494F 		.ascii	"GPIO_TypeDef\000"
 2314      5F547970 
 2314      65446566 
 2314      00
 2315              	.LASF116:
 2316 0260 6F737065 		.ascii	"ospeedr\000"
 2316      65647200 
 2317              	.LASF110:
 2318 0268 4C434B52 		.ascii	"LCKR\000"
 2318      00
 2319              	.LASF87:
 2320 026d 69736869 		.ascii	"ishift\000"
 2320      667400
 2321              	.LASF168:
 2322 0274 5F5F6561 		.ascii	"__early_init\000"
 2322      726C795F 
 2322      696E6974 
 2322      00
 2323              	.LASF6:
 2324 0281 73686F72 		.ascii	"short unsigned int\000"
 2324      7420756E 
 2324      7369676E 
ARM GAS  /tmp/ccB5x7Ed.s 			page 44


 2324      65642069 
 2324      6E7400
 2325              	.LASF126:
 2326 0294 50464461 		.ascii	"PFData\000"
 2326      746100
 2327              	.LASF93:
 2328 029b 424C4B5F 		.ascii	"BLK_ACTIVE\000"
 2328      41435449 
 2328      564500
 2329              	.LASF150:
 2330 02a6 6C736366 		.ascii	"lscfg\000"
 2330      6700
 2331              	.LASF163:
 2332 02ac 626C6F63 		.ascii	"block_addresses\000"
 2332      6B5F6164 
 2332      64726573 
 2332      73657300 
 2333              	.LASF26:
 2334 02bc 6D73675F 		.ascii	"msg_t\000"
 2334      7400
 2335              	.LASF94:
 2336 02c2 424C4B5F 		.ascii	"BLK_CONNECTING\000"
 2336      434F4E4E 
 2336      45435449 
 2336      4E4700
 2337              	.LASF21:
 2338 02d1 746D6F64 		.ascii	"tmode_t\000"
 2338      655F7400 
 2339              	.LASF149:
 2340 02d9 73706970 		.ascii	"spip\000"
 2340      00
 2341              	.LASF51:
 2342 02de 54687265 		.ascii	"ThreadsList\000"
 2342      6164734C 
 2342      69737400 
 2343              	.LASF27:
 2344 02ea 6576656E 		.ascii	"eventmask_t\000"
 2344      746D6173 
 2344      6B5F7400 
 2345              	.LASF53:
 2346 02f6 73746B61 		.ascii	"stkalign_t\000"
 2346      6C69676E 
 2346      5F7400
 2347              	.LASF29:
 2348 0301 54687265 		.ascii	"Thread\000"
 2348      616400
 2349              	.LASF159:
 2350 0308 77726974 		.ascii	"write\000"
 2350      6500
 2351              	.LASF97:
 2352 030e 424C4B5F 		.ascii	"BLK_READING\000"
 2352      52454144 
 2352      494E4700 
 2353              	.LASF82:
 2354 031a 49325350 		.ascii	"I2SPR\000"
 2354      5200
 2355              	.LASF56:
ARM GAS  /tmp/ccB5x7Ed.s 			page 45


 2356 0320 73697A65 		.ascii	"sizetype\000"
 2356      74797065 
 2356      00
 2357              	.LASF104:
 2358 0329 636C6561 		.ascii	"clear\000"
 2358      7200
 2359              	.LASF57:
 2360 032f 4D757465 		.ascii	"Mutex\000"
 2360      7800
 2361              	.LASF35:
 2362 0335 705F6F6C 		.ascii	"p_older\000"
 2362      64657200 
 2363              	.LASF99:
 2364 033d 424C4B5F 		.ascii	"BLK_SYNCING\000"
 2364      53594E43 
 2364      494E4700 
 2365              	.LASF96:
 2366 0349 424C4B5F 		.ascii	"BLK_READY\000"
 2366      52454144 
 2366      5900
 2367              	.LASF50:
 2368 0353 54687265 		.ascii	"ThreadsQueue\000"
 2368      61647351 
 2368      75657565 
 2368      00
 2369              	.LASF143:
 2370 0360 7478646D 		.ascii	"txdmamode\000"
 2370      616D6F64 
 2370      6500
 2371              	.LASF119:
 2372 036a 61667268 		.ascii	"afrh\000"
 2372      00
 2373              	.LASF124:
 2374 036f 50444461 		.ascii	"PDData\000"
 2374      746100
 2375              	.LASF12:
 2376 0376 5F5F7569 		.ascii	"__uint64_t\000"
 2376      6E743634 
 2376      5F7400
 2377              	.LASF69:
 2378 0381 444D415F 		.ascii	"DMA_Channel_TypeDef\000"
 2378      4368616E 
 2378      6E656C5F 
 2378      54797065 
 2378      44656600 
 2379              	.LASF152:
 2380 0395 4D4D4343 		.ascii	"MMCConfig\000"
 2380      6F6E6669 
 2380      6700
 2381              	.LASF111:
 2382 039f 4146524C 		.ascii	"AFRL\000"
 2382      00
 2383              	.LASF78:
 2384 03a4 54584352 		.ascii	"TXCRCR\000"
 2384      435200
 2385              	.LASF70:
 2386 03ab 52455345 		.ascii	"RESERVED0\000"
ARM GAS  /tmp/ccB5x7Ed.s 			page 46


 2386      52564544 
 2386      3000
 2387              	.LASF71:
 2388 03b5 52455345 		.ascii	"RESERVED1\000"
 2388      52564544 
 2388      3100
 2389              	.LASF72:
 2390 03bf 52455345 		.ascii	"RESERVED2\000"
 2390      52564544 
 2390      3200
 2391              	.LASF73:
 2392 03c9 52455345 		.ascii	"RESERVED3\000"
 2392      52564544 
 2392      3300
 2393              	.LASF75:
 2394 03d3 52455345 		.ascii	"RESERVED4\000"
 2394      52564544 
 2394      3400
 2395              	.LASF31:
 2396 03dd 705F7072 		.ascii	"p_prev\000"
 2396      657600
 2397              	.LASF79:
 2398 03e4 52455345 		.ascii	"RESERVED6\000"
 2398      52564544 
 2398      3600
 2399              	.LASF81:
 2400 03ee 52455345 		.ascii	"RESERVED7\000"
 2400      52564544 
 2400      3700
 2401              	.LASF83:
 2402 03f8 52455345 		.ascii	"RESERVED8\000"
 2402      52564544 
 2402      3800
 2403              	.LASF25:
 2404 0402 74707269 		.ascii	"tprio_t\000"
 2404      6F5F7400 
 2405              	.LASF139:
 2406 040a 6D757465 		.ascii	"mutex\000"
 2406      7800
 2407              	.LASF20:
 2408 0410 5F426F6F 		.ascii	"_Bool\000"
 2408      6C00
 2409              	.LASF16:
 2410 0416 696E7433 		.ascii	"int32_t\000"
 2410      325F7400 
 2411              	.LASF2:
 2412 041e 756E7369 		.ascii	"unsigned char\000"
 2412      676E6564 
 2412      20636861 
 2412      7200
 2413              	.LASF90:
 2414 042c 73746D33 		.ascii	"stm32_dma_stream_t\000"
 2414      325F646D 
 2414      615F7374 
 2414      7265616D 
 2414      5F7400
 2415              	.LASF118:
ARM GAS  /tmp/ccB5x7Ed.s 			page 47


 2416 043f 6166726C 		.ascii	"afrl\000"
 2416      00
 2417              	.LASF47:
 2418 0444 705F6D74 		.ascii	"p_mtxlist\000"
 2418      786C6973 
 2418      7400
 2419              	.LASF3:
 2420 044e 73686F72 		.ascii	"short int\000"
 2420      7420696E 
 2420      7400
 2421              	.LASF38:
 2422 0458 705F7374 		.ascii	"p_state\000"
 2422      61746500 
 2423              	.LASF98:
 2424 0460 424C4B5F 		.ascii	"BLK_WRITING\000"
 2424      57524954 
 2424      494E4700 
 2425              	.LASF41:
 2426 046c 705F7072 		.ascii	"p_preempt\000"
 2426      65656D70 
 2426      7400
 2427              	.LASF165:
 2428 0476 6D6D635F 		.ascii	"mmc_lld_is_card_inserted\000"
 2428      6C6C645F 
 2428      69735F63 
 2428      6172645F 
 2428      696E7365 
 2429              	.LASF121:
 2430 048f 50414461 		.ascii	"PAData\000"
 2430      746100
 2431              	.LASF64:
 2432 0496 65776D61 		.ascii	"ewmask\000"
 2432      736B00
 2433              	.LASF30:
 2434 049d 705F6E65 		.ascii	"p_next\000"
 2434      787400
 2435              	.LASF39:
 2436 04a4 705F666C 		.ascii	"p_flags\000"
 2436      61677300 
 2437              	.LASF85:
 2438 04ac 6368616E 		.ascii	"channel\000"
 2438      6E656C00 
 2439              	.LASF156:
 2440 04b4 636F6E6E 		.ascii	"connect\000"
 2440      65637400 
 2441              	.LASF46:
 2442 04bc 705F6570 		.ascii	"p_epending\000"
 2442      656E6469 
 2442      6E6700
 2443              	.LASF86:
 2444 04c7 69666372 		.ascii	"ifcr\000"
 2444      00
 2445              	.LASF77:
 2446 04cc 52455345 		.ascii	"RESERVED5\000"
 2446      52564544 
 2446      3500
 2447              	.LASF17:
ARM GAS  /tmp/ccB5x7Ed.s 			page 48


 2448 04d6 75696E74 		.ascii	"uint32_t\000"
 2448      33325F74 
 2448      00
 2449              	.LASF167:
 2450 04df 6D6D6370 		.ascii	"mmcp\000"
 2450      00
 2451              	.LASF10:
 2452 04e4 6C6F6E67 		.ascii	"long unsigned int\000"
 2452      20756E73 
 2452      69676E65 
 2452      6420696E 
 2452      7400
 2453              	.LASF84:
 2454 04f6 5350495F 		.ascii	"SPI_TypeDef\000"
 2454      54797065 
 2454      44656600 
 2455              	.LASF158:
 2456 0502 72656164 		.ascii	"read\000"
 2456      00
 2457              	.LASF65:
 2458 0507 63686172 		.ascii	"char\000"
 2458      00
 2459              	.LASF133:
 2460 050c 5350495F 		.ascii	"SPI_COMPLETE\000"
 2460      434F4D50 
 2460      4C455445 
 2460      00
 2461              	.LASF95:
 2462 0519 424C4B5F 		.ascii	"BLK_DISCONNECTING\000"
 2462      44495343 
 2462      4F4E4E45 
 2462      4354494E 
 2462      4700
 2463              	.LASF137:
 2464 052b 636F6E66 		.ascii	"config\000"
 2464      696700
 2465              	.LASF5:
 2466 0532 5F5F7569 		.ascii	"__uint16_t\000"
 2466      6E743136 
 2466      5F7400
 2467              	.LASF134:
 2468 053d 73706973 		.ascii	"spistate_t\000"
 2468      74617465 
 2468      5F7400
 2469              	.LASF60:
 2470 0548 6D5F6E65 		.ascii	"m_next\000"
 2470      787400
 2471              	.LASF28:
 2472 054f 73797374 		.ascii	"systime_t\000"
 2472      696D655F 
 2472      7400
 2473              	.LASF48:
 2474 0559 705F7265 		.ascii	"p_realprio\000"
 2474      616C7072 
 2474      696F00
 2475              	.LASF7:
 2476 0564 5F5F696E 		.ascii	"__int32_t\000"
ARM GAS  /tmp/ccB5x7Ed.s 			page 49


 2476      7433325F 
 2476      7400
 2477              	.LASF138:
 2478 056e 74687265 		.ascii	"thread\000"
 2478      616400
 2479              	.LASF128:
 2480 0575 696F706F 		.ascii	"ioportid_t\000"
 2480      72746964 
 2480      5F7400
 2481              	.LASF55:
 2482 0580 636F6E74 		.ascii	"context\000"
 2482      65787400 
 2483              	.LASF54:
 2484 0588 696E7463 		.ascii	"intctx\000"
 2484      747800
 2485              	.LASF155:
 2486 058f 69735F70 		.ascii	"is_protected\000"
 2486      726F7465 
 2486      63746564 
 2486      00
 2487              	.LASF131:
 2488 059c 5350495F 		.ascii	"SPI_READY\000"
 2488      52454144 
 2488      5900
 2489              	.LASF129:
 2490 05a6 5350495F 		.ascii	"SPI_UNINIT\000"
 2490      554E494E 
 2490      495400
 2491              	.LASF164:
 2492 05b1 4D4D4344 		.ascii	"MMCDriver\000"
 2492      72697665 
 2492      7200
 2493              	.LASF40:
 2494 05bb 705F7265 		.ascii	"p_refs\000"
 2494      667300
 2495              	.LASF109:
 2496 05c2 42535252 		.ascii	"BSRR\000"
 2496      00
 2497              	.LASF151:
 2498 05c7 68736366 		.ascii	"hscfg\000"
 2498      6700
 2499              	.LASF66:
 2500 05cd 434E4454 		.ascii	"CNDTR\000"
 2500      5200
 2501              	.LASF68:
 2502 05d3 434D4152 		.ascii	"CMAR\000"
 2502      00
 2503              	.LASF169:
 2504 05d8 626F6172 		.ascii	"boardInit\000"
 2504      64496E69 
 2504      7400
 2505              	.LASF14:
 2506 05e2 75696E74 		.ascii	"uint8_t\000"
 2506      385F7400 
 2507              	.LASF117:
 2508 05ea 70757064 		.ascii	"pupdr\000"
 2508      7200
ARM GAS  /tmp/ccB5x7Ed.s 			page 50


 2509              	.LASF173:
 2510 05f0 2F686F6D 		.ascii	"/home/dave/r2p-sdk/modules/USB_module/board.c\000"
 2510      652F6461 
 2510      76652F72 
 2510      32702D73 
 2510      646B2F6D 
 2511              	.LASF160:
 2512 061e 73796E63 		.ascii	"sync\000"
 2512      00
 2513              	.LASF63:
 2514 0623 77746F62 		.ascii	"wtobjp\000"
 2514      6A7000
 2515              	.LASF36:
 2516 062a 705F6E61 		.ascii	"p_name\000"
 2516      6D6500
 2517              	.LASF172:
 2518 0631 474E5520 		.ascii	"GNU C 4.8.4 20141219 (release) -mcpu=cortex-m4 -mfl"
 2518      4320342E 
 2518      382E3420 
 2518      32303134 
 2518      31323139 
 2519 0664 6F61742D 		.ascii	"oat-abi=hard -mfpu=fpv4-sp-d16 -mno-thumb-interwork"
 2519      6162693D 
 2519      68617264 
 2519      202D6D66 
 2519      70753D66 
 2520 0697 202D6D74 		.ascii	" -mthumb -ggdb -O0 -fomit-frame-pointer -falign-fun"
 2520      68756D62 
 2520      202D6767 
 2520      6462202D 
 2520      4F30202D 
 2521 06ca 6374696F 		.ascii	"ctions=16 -ffunction-sections -fdata-sections -fno-"
 2521      6E733D31 
 2521      36202D66 
 2521      66756E63 
 2521      74696F6E 
 2522 06fd 636F6D6D 		.ascii	"common -fsingle-precision-constant\000"
 2522      6F6E202D 
 2522      6673696E 
 2522      676C652D 
 2522      70726563 
 2523              	.LASF123:
 2524 0720 50434461 		.ascii	"PCData\000"
 2524      746100
 2525              	.LASF148:
 2526 0727 53504943 		.ascii	"SPIConfig\000"
 2526      6F6E6669 
 2526      6700
 2527              	.LASF45:
 2528 0731 705F6D73 		.ascii	"p_msg\000"
 2528      6700
 2529              	.LASF112:
 2530 0737 41465248 		.ascii	"AFRH\000"
 2530      00
 2531              	.LASF127:
 2532 073c 50414C43 		.ascii	"PALConfig\000"
 2532      6F6E6669 
ARM GAS  /tmp/ccB5x7Ed.s 			page 51


 2532      6700
 2533              	.LASF59:
 2534 0746 6D5F6F77 		.ascii	"m_owner\000"
 2534      6E657200 
 2535              	.LASF171:
 2536 074e 70616C5F 		.ascii	"pal_default_config\000"
 2536      64656661 
 2536      756C745F 
 2536      636F6E66 
 2536      696700
 2537              	.LASF33:
 2538 0761 705F6374 		.ascii	"p_ctx\000"
 2538      7800
 2539              	.LASF43:
 2540 0767 705F7761 		.ascii	"p_waiting\000"
 2540      6974696E 
 2540      6700
 2541              		.ident	"GCC: (4.8.4-1+11-1) 4.8.4 20141219 (release)"
ARM GAS  /tmp/ccB5x7Ed.s 			page 52


DEFINED SYMBOLS
                            *ABS*:0000000000000000 board.c
     /tmp/ccB5x7Ed.s:25     .rodata.pal_default_config:0000000000000000 pal_default_config
     /tmp/ccB5x7Ed.s:22     .rodata.pal_default_config:0000000000000000 $d
     /tmp/ccB5x7Ed.s:69     .text.__early_init:0000000000000000 $t
     /tmp/ccB5x7Ed.s:75     .text.__early_init:0000000000000000 __early_init
     /tmp/ccB5x7Ed.s:94     .text.mmc_lld_is_card_inserted:0000000000000000 $t
     /tmp/ccB5x7Ed.s:100    .text.mmc_lld_is_card_inserted:0000000000000000 mmc_lld_is_card_inserted
     /tmp/ccB5x7Ed.s:121    .text.mmc_lld_is_write_protected:0000000000000000 $t
     /tmp/ccB5x7Ed.s:127    .text.mmc_lld_is_write_protected:0000000000000000 mmc_lld_is_write_protected
     /tmp/ccB5x7Ed.s:148    .text.boardInit:0000000000000000 $t
     /tmp/ccB5x7Ed.s:154    .text.boardInit:0000000000000000 boardInit
                     .debug_frame:0000000000000010 $d

UNDEFINED SYMBOLS
stm32_clock_init
