ARM GAS  /tmp/cckLXY3o.s 			page 1


   1              		.syntax unified
   2              		.cpu cortex-m4
   3              		.eabi_attribute 27, 3
   4              		.eabi_attribute 28, 1
   5              		.fpu fpv4-sp-d16
   6              		.eabi_attribute 20, 1
   7              		.eabi_attribute 21, 1
   8              		.eabi_attribute 23, 3
   9              		.eabi_attribute 24, 1
  10              		.eabi_attribute 25, 1
  11              		.eabi_attribute 26, 1
  12              		.eabi_attribute 30, 6
  13              		.eabi_attribute 34, 1
  14              		.eabi_attribute 18, 4
  15              		.thumb
  16              		.file	"chcore.c"
  17              		.text
  18              	.Ltext0:
  19              		.cfi_sections	.debug_frame
  20              		.section	.text.port_halt,"ax",%progbits
  21              		.align	2
  22              		.p2align 4,,15
  23              		.weak	port_halt
  24              		.thumb
  25              		.thumb_func
  26              		.type	port_halt, %function
  27              	port_halt:
  28              	.LFB7:
  29              		.file 1 "/home/dave/r2p-sdk/core/ChibiOS/os/ports/GCC/ARMCMx/chcore.c"
  30              		.loc 1 46 0
  31              		.cfi_startproc
  32              		@ args = 0, pretend = 0, frame = 0
  33              		@ frame_needed = 0, uses_anonymous_args = 0
  34              		@ link register save eliminated.
  35              		.loc 1 48 0
  36              	@ 48 "/home/dave/r2p-sdk/core/ChibiOS/os/ports/GCC/ARMCMx/chcore.c" 1
  37 0000 72B6     		cpsid   i
  38              	@ 0 "" 2
  39              		.thumb
  40              	.L2:
  41              		.loc 1 50 0 discriminator 1
  42 0002 FEE7     		b	.L2
  43              		.cfi_endproc
  44              	.LFE7:
  45              		.size	port_halt, .-port_halt
  46 0004 AFF30080 		.text
  46      AFF30080 
  46      AFF30080 
  47              	.Letext0:
  48              		.section	.debug_info,"",%progbits
  49              	.Ldebug_info0:
  50 0000 8A000000 		.4byte	0x8a
  51 0004 0400     		.2byte	0x4
  52 0006 00000000 		.4byte	.Ldebug_abbrev0
  53 000a 04       		.byte	0x4
  54 000b 01       		.uleb128 0x1
  55 000c 1B000000 		.4byte	.LASF12
ARM GAS  /tmp/cckLXY3o.s 			page 2


  56 0010 01       		.byte	0x1
  57 0011 4F010000 		.4byte	.LASF13
  58 0015 00000000 		.4byte	.Ldebug_ranges0+0
  59 0019 00000000 		.4byte	0
  60 001d 00000000 		.4byte	.Ldebug_line0
  61 0021 02       		.uleb128 0x2
  62 0022 04       		.byte	0x4
  63 0023 05       		.byte	0x5
  64 0024 696E7400 		.ascii	"int\000"
  65 0028 03       		.uleb128 0x3
  66 0029 04       		.byte	0x4
  67 002a 07       		.byte	0x7
  68 002b 0E000000 		.4byte	.LASF0
  69 002f 03       		.uleb128 0x3
  70 0030 01       		.byte	0x1
  71 0031 06       		.byte	0x6
  72 0032 A5010000 		.4byte	.LASF1
  73 0036 03       		.uleb128 0x3
  74 0037 01       		.byte	0x1
  75 0038 08       		.byte	0x8
  76 0039 33010000 		.4byte	.LASF2
  77 003d 03       		.uleb128 0x3
  78 003e 02       		.byte	0x2
  79 003f 05       		.byte	0x5
  80 0040 BB010000 		.4byte	.LASF3
  81 0044 03       		.uleb128 0x3
  82 0045 02       		.byte	0x2
  83 0046 07       		.byte	0x7
  84 0047 92010000 		.4byte	.LASF4
  85 004b 03       		.uleb128 0x3
  86 004c 04       		.byte	0x4
  87 004d 05       		.byte	0x5
  88 004e 46010000 		.4byte	.LASF5
  89 0052 03       		.uleb128 0x3
  90 0053 04       		.byte	0x4
  91 0054 07       		.byte	0x7
  92 0055 0A010000 		.4byte	.LASF6
  93 0059 03       		.uleb128 0x3
  94 005a 08       		.byte	0x8
  95 005b 05       		.byte	0x5
  96 005c 00000000 		.4byte	.LASF7
  97 0060 03       		.uleb128 0x3
  98 0061 08       		.byte	0x8
  99 0062 07       		.byte	0x7
 100 0063 1C010000 		.4byte	.LASF8
 101 0067 03       		.uleb128 0x3
 102 0068 01       		.byte	0x1
 103 0069 02       		.byte	0x2
 104 006a 8C010000 		.4byte	.LASF9
 105 006e 03       		.uleb128 0x3
 106 006f 04       		.byte	0x4
 107 0070 07       		.byte	0x7
 108 0071 C5010000 		.4byte	.LASF10
 109 0075 03       		.uleb128 0x3
 110 0076 01       		.byte	0x1
 111 0077 08       		.byte	0x8
 112 0078 41010000 		.4byte	.LASF11
ARM GAS  /tmp/cckLXY3o.s 			page 3


 113 007c 04       		.uleb128 0x4
 114 007d B1010000 		.4byte	.LASF14
 115 0081 01       		.byte	0x1
 116 0082 2E       		.byte	0x2e
 117 0083 00000000 		.4byte	.LFB7
 118 0087 04000000 		.4byte	.LFE7-.LFB7
 119 008b 01       		.uleb128 0x1
 120 008c 9C       		.byte	0x9c
 121 008d 00       		.byte	0
 122              		.section	.debug_abbrev,"",%progbits
 123              	.Ldebug_abbrev0:
 124 0000 01       		.uleb128 0x1
 125 0001 11       		.uleb128 0x11
 126 0002 01       		.byte	0x1
 127 0003 25       		.uleb128 0x25
 128 0004 0E       		.uleb128 0xe
 129 0005 13       		.uleb128 0x13
 130 0006 0B       		.uleb128 0xb
 131 0007 03       		.uleb128 0x3
 132 0008 0E       		.uleb128 0xe
 133 0009 55       		.uleb128 0x55
 134 000a 17       		.uleb128 0x17
 135 000b 11       		.uleb128 0x11
 136 000c 01       		.uleb128 0x1
 137 000d 10       		.uleb128 0x10
 138 000e 17       		.uleb128 0x17
 139 000f 00       		.byte	0
 140 0010 00       		.byte	0
 141 0011 02       		.uleb128 0x2
 142 0012 24       		.uleb128 0x24
 143 0013 00       		.byte	0
 144 0014 0B       		.uleb128 0xb
 145 0015 0B       		.uleb128 0xb
 146 0016 3E       		.uleb128 0x3e
 147 0017 0B       		.uleb128 0xb
 148 0018 03       		.uleb128 0x3
 149 0019 08       		.uleb128 0x8
 150 001a 00       		.byte	0
 151 001b 00       		.byte	0
 152 001c 03       		.uleb128 0x3
 153 001d 24       		.uleb128 0x24
 154 001e 00       		.byte	0
 155 001f 0B       		.uleb128 0xb
 156 0020 0B       		.uleb128 0xb
 157 0021 3E       		.uleb128 0x3e
 158 0022 0B       		.uleb128 0xb
 159 0023 03       		.uleb128 0x3
 160 0024 0E       		.uleb128 0xe
 161 0025 00       		.byte	0
 162 0026 00       		.byte	0
 163 0027 04       		.uleb128 0x4
 164 0028 2E       		.uleb128 0x2e
 165 0029 00       		.byte	0
 166 002a 3F       		.uleb128 0x3f
 167 002b 19       		.uleb128 0x19
 168 002c 03       		.uleb128 0x3
 169 002d 0E       		.uleb128 0xe
ARM GAS  /tmp/cckLXY3o.s 			page 4


 170 002e 3A       		.uleb128 0x3a
 171 002f 0B       		.uleb128 0xb
 172 0030 3B       		.uleb128 0x3b
 173 0031 0B       		.uleb128 0xb
 174 0032 27       		.uleb128 0x27
 175 0033 19       		.uleb128 0x19
 176 0034 11       		.uleb128 0x11
 177 0035 01       		.uleb128 0x1
 178 0036 12       		.uleb128 0x12
 179 0037 06       		.uleb128 0x6
 180 0038 40       		.uleb128 0x40
 181 0039 18       		.uleb128 0x18
 182 003a 9742     		.uleb128 0x2117
 183 003c 19       		.uleb128 0x19
 184 003d 00       		.byte	0
 185 003e 00       		.byte	0
 186 003f 00       		.byte	0
 187              		.section	.debug_aranges,"",%progbits
 188 0000 1C000000 		.4byte	0x1c
 189 0004 0200     		.2byte	0x2
 190 0006 00000000 		.4byte	.Ldebug_info0
 191 000a 04       		.byte	0x4
 192 000b 00       		.byte	0
 193 000c 0000     		.2byte	0
 194 000e 0000     		.2byte	0
 195 0010 00000000 		.4byte	.LFB7
 196 0014 04000000 		.4byte	.LFE7-.LFB7
 197 0018 00000000 		.4byte	0
 198 001c 00000000 		.4byte	0
 199              		.section	.debug_ranges,"",%progbits
 200              	.Ldebug_ranges0:
 201 0000 00000000 		.4byte	.LFB7
 202 0004 04000000 		.4byte	.LFE7
 203 0008 00000000 		.4byte	0
 204 000c 00000000 		.4byte	0
 205              		.section	.debug_line,"",%progbits
 206              	.Ldebug_line0:
 207 0000 6E000000 		.section	.debug_str,"MS",%progbits,1
 207      02005300 
 207      00000201 
 207      FB0E0D00 
 207      01010101 
 208              	.LASF7:
 209 0000 6C6F6E67 		.ascii	"long long int\000"
 209      206C6F6E 
 209      6720696E 
 209      7400
 210              	.LASF0:
 211 000e 756E7369 		.ascii	"unsigned int\000"
 211      676E6564 
 211      20696E74 
 211      00
 212              	.LASF12:
 213 001b 474E5520 		.ascii	"GNU C 4.8.4 20141219 (release) -mcpu=cortex-m4 -mfl"
 213      4320342E 
 213      382E3420 
 213      32303134 
ARM GAS  /tmp/cckLXY3o.s 			page 5


 213      31323139 
 214 004e 6F61742D 		.ascii	"oat-abi=hard -mfpu=fpv4-sp-d16 -mno-thumb-interwork"
 214      6162693D 
 214      68617264 
 214      202D6D66 
 214      70753D66 
 215 0081 202D6D74 		.ascii	" -mthumb -ggdb -O0 -fomit-frame-pointer -falign-fun"
 215      68756D62 
 215      202D6767 
 215      6462202D 
 215      4F30202D 
 216 00b4 6374696F 		.ascii	"ctions=16 -ffunction-sections -fdata-sections -fno-"
 216      6E733D31 
 216      36202D66 
 216      66756E63 
 216      74696F6E 
 217 00e7 636F6D6D 		.ascii	"common -fsingle-precision-constant\000"
 217      6F6E202D 
 217      6673696E 
 217      676C652D 
 217      70726563 
 218              	.LASF6:
 219 010a 6C6F6E67 		.ascii	"long unsigned int\000"
 219      20756E73 
 219      69676E65 
 219      6420696E 
 219      7400
 220              	.LASF8:
 221 011c 6C6F6E67 		.ascii	"long long unsigned int\000"
 221      206C6F6E 
 221      6720756E 
 221      7369676E 
 221      65642069 
 222              	.LASF2:
 223 0133 756E7369 		.ascii	"unsigned char\000"
 223      676E6564 
 223      20636861 
 223      7200
 224              	.LASF11:
 225 0141 63686172 		.ascii	"char\000"
 225      00
 226              	.LASF5:
 227 0146 6C6F6E67 		.ascii	"long int\000"
 227      20696E74 
 227      00
 228              	.LASF13:
 229 014f 2F686F6D 		.ascii	"/home/dave/r2p-sdk/core/ChibiOS/os/ports/GCC/ARMCMx"
 229      652F6461 
 229      76652F72 
 229      32702D73 
 229      646B2F63 
 230 0182 2F636863 		.ascii	"/chcore.c\000"
 230      6F72652E 
 230      6300
 231              	.LASF9:
 232 018c 5F426F6F 		.ascii	"_Bool\000"
 232      6C00
ARM GAS  /tmp/cckLXY3o.s 			page 6


 233              	.LASF4:
 234 0192 73686F72 		.ascii	"short unsigned int\000"
 234      7420756E 
 234      7369676E 
 234      65642069 
 234      6E7400
 235              	.LASF1:
 236 01a5 7369676E 		.ascii	"signed char\000"
 236      65642063 
 236      68617200 
 237              	.LASF14:
 238 01b1 706F7274 		.ascii	"port_halt\000"
 238      5F68616C 
 238      7400
 239              	.LASF3:
 240 01bb 73686F72 		.ascii	"short int\000"
 240      7420696E 
 240      7400
 241              	.LASF10:
 242 01c5 73697A65 		.ascii	"sizetype\000"
 242      74797065 
 242      00
 243              		.ident	"GCC: (4.8.4-1+11-1) 4.8.4 20141219 (release)"
ARM GAS  /tmp/cckLXY3o.s 			page 7


DEFINED SYMBOLS
                            *ABS*:0000000000000000 chcore.c
     /tmp/cckLXY3o.s:21     .text.port_halt:0000000000000000 $t
     /tmp/cckLXY3o.s:27     .text.port_halt:0000000000000000 port_halt
                     .debug_frame:0000000000000010 $d

NO UNDEFINED SYMBOLS
