ARM GAS  /tmp/cc9AzfzH.s 			page 1


   1              		.syntax unified
   2              		.cpu cortex-m4
   3              		.eabi_attribute 27, 3
   4              		.eabi_attribute 28, 1
   5              		.fpu fpv4-sp-d16
   6              		.eabi_attribute 20, 1
   7              		.eabi_attribute 21, 1
   8              		.eabi_attribute 23, 3
   9              		.eabi_attribute 24, 1
  10              		.eabi_attribute 25, 1
  11              		.eabi_attribute 26, 1
  12              		.eabi_attribute 30, 6
  13              		.eabi_attribute 34, 1
  14              		.eabi_attribute 18, 4
  15              		.thumb
  16              		.file	"chdynamic.c"
  17              		.text
  18              	.Ltext0:
  19              		.cfi_sections	.debug_frame
  20              		.section	.rodata
  21              		.align	2
  22              	.LC0:
  23 0000 63685468 		.ascii	"chThdAddRef(), #1\000"
  23      64416464 
  23      52656628 
  23      292C2023 
  23      3100
  24              		.section	.text.chThdAddRef,"ax",%progbits
  25              		.align	2
  26              		.p2align 4,,15
  27              		.global	chThdAddRef
  28              		.thumb
  29              		.thumb_func
  30              		.type	chThdAddRef, %function
  31              	chThdAddRef:
  32              	.LFB7:
  33              		.file 1 "/home/dave/r2p-sdk/core/ChibiOS/os/kernel/src/chdynamic.c"
  34              		.loc 1 52 0
  35              		.cfi_startproc
  36              		@ args = 0, pretend = 0, frame = 8
  37              		@ frame_needed = 0, uses_anonymous_args = 0
  38 0000 00B5     		push	{lr}
  39              		.cfi_def_cfa_offset 4
  40              		.cfi_offset 14, -4
  41 0002 83B0     		sub	sp, sp, #12
  42              		.cfi_def_cfa_offset 16
  43 0004 0190     		str	r0, [sp, #4]
  44              	.LBB2:
  45              		.loc 1 54 0
  46 0006 2023     		movs	r3, #32
  47              	@ 54 "/home/dave/r2p-sdk/core/ChibiOS/os/kernel/src/chdynamic.c" 1
  48 0008 83F31188 		msr     BASEPRI, r3
  49              	@ 0 "" 2
  50              		.thumb
  51              	.LBE2:
  52 000c FFF7FEFF 		bl	dbg_check_lock
  53              		.loc 1 55 0
ARM GAS  /tmp/cc9AzfzH.s 			page 2


  54 0010 019B     		ldr	r3, [sp, #4]
  55 0012 93F82230 		ldrb	r3, [r3, #34]	@ zero_extendqisi2
  56 0016 FF2B     		cmp	r3, #255
  57 0018 02D1     		bne	.L2
  58              		.loc 1 55 0 is_stmt 0 discriminator 1
  59 001a 0A48     		ldr	r0, .L4
  60 001c FFF7FEFF 		bl	chDbgPanic
  61              	.L2:
  62              		.loc 1 56 0 is_stmt 1
  63 0020 019B     		ldr	r3, [sp, #4]
  64 0022 93F82230 		ldrb	r3, [r3, #34]	@ zero_extendqisi2
  65 0026 0133     		adds	r3, r3, #1
  66 0028 DAB2     		uxtb	r2, r3
  67 002a 019B     		ldr	r3, [sp, #4]
  68 002c 83F82220 		strb	r2, [r3, #34]
  69              		.loc 1 57 0
  70 0030 FFF7FEFF 		bl	dbg_check_unlock
  71              	.LBB3:
  72 0034 0023     		movs	r3, #0
  73              	@ 57 "/home/dave/r2p-sdk/core/ChibiOS/os/kernel/src/chdynamic.c" 1
  74 0036 83F31188 		msr     BASEPRI, r3
  75              	@ 0 "" 2
  76              		.thumb
  77              	.LBE3:
  78              		.loc 1 58 0
  79 003a 019B     		ldr	r3, [sp, #4]
  80              		.loc 1 59 0
  81 003c 1846     		mov	r0, r3
  82 003e 03B0     		add	sp, sp, #12
  83              		@ sp needed
  84 0040 5DF804FB 		ldr	pc, [sp], #4
  85              	.L5:
  86              		.align	2
  87              	.L4:
  88 0044 00000000 		.word	.LC0
  89              		.cfi_endproc
  90              	.LFE7:
  91              		.size	chThdAddRef, .-chThdAddRef
  92 0048 AFF30080 		.section	.rodata
  92      AFF30080 
  93 0012 0000     		.align	2
  94              	.LC1:
  95 0014 63685468 		.ascii	"chThdRelease(), #1\000"
  95      6452656C 
  95      65617365 
  95      28292C20 
  95      233100
  96              		.section	.text.chThdRelease,"ax",%progbits
  97              		.align	2
  98              		.p2align 4,,15
  99              		.global	chThdRelease
 100              		.thumb
 101              		.thumb_func
 102              		.type	chThdRelease, %function
 103              	chThdRelease:
 104              	.LFB8:
 105              		.loc 1 74 0
ARM GAS  /tmp/cc9AzfzH.s 			page 3


 106              		.cfi_startproc
 107              		@ args = 0, pretend = 0, frame = 16
 108              		@ frame_needed = 0, uses_anonymous_args = 0
 109 0000 00B5     		push	{lr}
 110              		.cfi_def_cfa_offset 4
 111              		.cfi_offset 14, -4
 112 0002 85B0     		sub	sp, sp, #20
 113              		.cfi_def_cfa_offset 24
 114 0004 0190     		str	r0, [sp, #4]
 115              	.LBB4:
 116              		.loc 1 77 0
 117 0006 2023     		movs	r3, #32
 118              	@ 77 "/home/dave/r2p-sdk/core/ChibiOS/os/kernel/src/chdynamic.c" 1
 119 0008 83F31188 		msr     BASEPRI, r3
 120              	@ 0 "" 2
 121              		.thumb
 122              	.LBE4:
 123 000c FFF7FEFF 		bl	dbg_check_lock
 124              		.loc 1 78 0
 125 0010 019B     		ldr	r3, [sp, #4]
 126 0012 93F82230 		ldrb	r3, [r3, #34]	@ zero_extendqisi2
 127 0016 002B     		cmp	r3, #0
 128 0018 02D1     		bne	.L7
 129              		.loc 1 78 0 is_stmt 0 discriminator 1
 130 001a 2548     		ldr	r0, .L11
 131 001c FFF7FEFF 		bl	chDbgPanic
 132              	.L7:
 133              		.loc 1 79 0 is_stmt 1
 134 0020 019B     		ldr	r3, [sp, #4]
 135 0022 93F82230 		ldrb	r3, [r3, #34]	@ zero_extendqisi2
 136 0026 013B     		subs	r3, r3, #1
 137 0028 DAB2     		uxtb	r2, r3
 138 002a 019B     		ldr	r3, [sp, #4]
 139 002c 83F82220 		strb	r2, [r3, #34]
 140 0030 019B     		ldr	r3, [sp, #4]
 141 0032 93F82230 		ldrb	r3, [r3, #34]
 142 0036 8DF80F30 		strb	r3, [sp, #15]
 143              		.loc 1 80 0
 144 003a FFF7FEFF 		bl	dbg_check_unlock
 145              	.LBB5:
 146 003e 0023     		movs	r3, #0
 147              	@ 80 "/home/dave/r2p-sdk/core/ChibiOS/os/kernel/src/chdynamic.c" 1
 148 0040 83F31188 		msr     BASEPRI, r3
 149              	@ 0 "" 2
 150              		.thumb
 151              	.LBE5:
 152              		.loc 1 85 0
 153 0044 9DF80F30 		ldrb	r3, [sp, #15]	@ zero_extendqisi2
 154 0048 002B     		cmp	r3, #0
 155 004a 2DD1     		bne	.L6
 156              		.loc 1 85 0 is_stmt 0 discriminator 1
 157 004c 019B     		ldr	r3, [sp, #4]
 158 004e 93F82030 		ldrb	r3, [r3, #32]	@ zero_extendqisi2
 159 0052 0E2B     		cmp	r3, #14
 160 0054 28D1     		bne	.L6
 161              		.loc 1 86 0 is_stmt 1
 162 0056 019B     		ldr	r3, [sp, #4]
ARM GAS  /tmp/cc9AzfzH.s 			page 4


 163 0058 93F82130 		ldrb	r3, [r3, #33]	@ zero_extendqisi2
 164 005c 03F00303 		and	r3, r3, #3
 165 0060 012B     		cmp	r3, #1
 166 0062 02D0     		beq	.L9
 167 0064 022B     		cmp	r3, #2
 168 0066 0ED0     		beq	.L10
 169 0068 1EE0     		b	.L6
 170              	.L9:
 171              		.loc 1 90 0
 172 006a 019B     		ldr	r3, [sp, #4]
 173 006c 5B69     		ldr	r3, [r3, #20]
 174 006e 019A     		ldr	r2, [sp, #4]
 175 0070 1269     		ldr	r2, [r2, #16]
 176 0072 1A61     		str	r2, [r3, #16]
 177 0074 019B     		ldr	r3, [sp, #4]
 178 0076 1B69     		ldr	r3, [r3, #16]
 179 0078 019A     		ldr	r2, [sp, #4]
 180 007a 5269     		ldr	r2, [r2, #20]
 181 007c 5A61     		str	r2, [r3, #20]
 182              		.loc 1 92 0
 183 007e 0198     		ldr	r0, [sp, #4]
 184 0080 FFF7FEFF 		bl	chHeapFree
 185              		.loc 1 93 0
 186 0084 10E0     		b	.L6
 187              	.L10:
 188              		.loc 1 98 0
 189 0086 019B     		ldr	r3, [sp, #4]
 190 0088 5B69     		ldr	r3, [r3, #20]
 191 008a 019A     		ldr	r2, [sp, #4]
 192 008c 1269     		ldr	r2, [r2, #16]
 193 008e 1A61     		str	r2, [r3, #16]
 194 0090 019B     		ldr	r3, [sp, #4]
 195 0092 1B69     		ldr	r3, [r3, #16]
 196 0094 019A     		ldr	r2, [sp, #4]
 197 0096 5269     		ldr	r2, [r2, #20]
 198 0098 5A61     		str	r2, [r3, #20]
 199              		.loc 1 100 0
 200 009a 019B     		ldr	r3, [sp, #4]
 201 009c 9B6C     		ldr	r3, [r3, #72]
 202 009e 1846     		mov	r0, r3
 203 00a0 0199     		ldr	r1, [sp, #4]
 204 00a2 FFF7FEFF 		bl	chPoolFree
 205              		.loc 1 101 0
 206 00a6 00BF     		nop
 207              	.L6:
 208              		.loc 1 105 0
 209 00a8 05B0     		add	sp, sp, #20
 210              		@ sp needed
 211 00aa 5DF804FB 		ldr	pc, [sp], #4
 212              	.L12:
 213 00ae 00BF     		.align	2
 214              	.L11:
 215 00b0 14000000 		.word	.LC1
 216              		.cfi_endproc
 217              	.LFE8:
 218              		.size	chThdRelease, .-chThdRelease
 219 00b4 AFF30080 		.section	.text.chThdCreateFromHeap,"ax",%progbits
ARM GAS  /tmp/cc9AzfzH.s 			page 5


 219      AFF30080 
 219      AFF30080 
 220              		.align	2
 221              		.p2align 4,,15
 222              		.global	chThdCreateFromHeap
 223              		.thumb
 224              		.thumb_func
 225              		.type	chThdCreateFromHeap, %function
 226              	chThdCreateFromHeap:
 227              	.LFB9:
 228              		.loc 1 131 0
 229              		.cfi_startproc
 230              		@ args = 4, pretend = 0, frame = 24
 231              		@ frame_needed = 0, uses_anonymous_args = 0
 232 0000 00B5     		push	{lr}
 233              		.cfi_def_cfa_offset 4
 234              		.cfi_offset 14, -4
 235 0002 89B0     		sub	sp, sp, #36
 236              		.cfi_def_cfa_offset 40
 237 0004 0590     		str	r0, [sp, #20]
 238 0006 0491     		str	r1, [sp, #16]
 239 0008 0392     		str	r2, [sp, #12]
 240 000a 0293     		str	r3, [sp, #8]
 241              		.loc 1 135 0
 242 000c 0598     		ldr	r0, [sp, #20]
 243 000e 0499     		ldr	r1, [sp, #16]
 244 0010 FFF7FEFF 		bl	chHeapAlloc
 245 0014 0790     		str	r0, [sp, #28]
 246              		.loc 1 136 0
 247 0016 079B     		ldr	r3, [sp, #28]
 248 0018 002B     		cmp	r3, #0
 249 001a 01D1     		bne	.L14
 250              		.loc 1 137 0
 251 001c 0023     		movs	r3, #0
 252 001e 2DE0     		b	.L15
 253              	.L14:
 254              		.loc 1 140 0
 255 0020 079B     		ldr	r3, [sp, #28]
 256 0022 4C33     		adds	r3, r3, #76
 257 0024 0798     		ldr	r0, [sp, #28]
 258 0026 1946     		mov	r1, r3
 259 0028 FF22     		movs	r2, #255
 260 002a FFF7FEFF 		bl	_thread_memfill
 261              		.loc 1 143 0
 262 002e 079B     		ldr	r3, [sp, #28]
 263 0030 03F14C02 		add	r2, r3, #76
 264 0034 0799     		ldr	r1, [sp, #28]
 265 0036 049B     		ldr	r3, [sp, #16]
 266 0038 0B44     		add	r3, r3, r1
 267 003a 1046     		mov	r0, r2
 268 003c 1946     		mov	r1, r3
 269 003e 5522     		movs	r2, #85
 270 0040 FFF7FEFF 		bl	_thread_memfill
 271              	.LBB6:
 272              		.loc 1 148 0
 273 0044 2023     		movs	r3, #32
 274              	@ 148 "/home/dave/r2p-sdk/core/ChibiOS/os/kernel/src/chdynamic.c" 1
ARM GAS  /tmp/cc9AzfzH.s 			page 6


 275 0046 83F31188 		msr     BASEPRI, r3
 276              	@ 0 "" 2
 277              		.thumb
 278              	.LBE6:
 279 004a FFF7FEFF 		bl	dbg_check_lock
 280              		.loc 1 149 0
 281 004e 0A9B     		ldr	r3, [sp, #40]
 282 0050 0093     		str	r3, [sp]
 283 0052 0798     		ldr	r0, [sp, #28]
 284 0054 0499     		ldr	r1, [sp, #16]
 285 0056 039A     		ldr	r2, [sp, #12]
 286 0058 029B     		ldr	r3, [sp, #8]
 287 005a FFF7FEFF 		bl	chThdCreateI
 288 005e 0690     		str	r0, [sp, #24]
 289              		.loc 1 150 0
 290 0060 069B     		ldr	r3, [sp, #24]
 291 0062 0122     		movs	r2, #1
 292 0064 83F82120 		strb	r2, [r3, #33]
 293              		.loc 1 151 0
 294 0068 0698     		ldr	r0, [sp, #24]
 295 006a 0021     		movs	r1, #0
 296 006c FFF7FEFF 		bl	chSchWakeupS
 297              		.loc 1 152 0
 298 0070 FFF7FEFF 		bl	dbg_check_unlock
 299              	.LBB7:
 300 0074 0023     		movs	r3, #0
 301              	@ 152 "/home/dave/r2p-sdk/core/ChibiOS/os/kernel/src/chdynamic.c" 1
 302 0076 83F31188 		msr     BASEPRI, r3
 303              	@ 0 "" 2
 304              		.thumb
 305              	.LBE7:
 306              		.loc 1 153 0
 307 007a 069B     		ldr	r3, [sp, #24]
 308              	.L15:
 309              		.loc 1 154 0
 310 007c 1846     		mov	r0, r3
 311 007e 09B0     		add	sp, sp, #36
 312              		@ sp needed
 313 0080 5DF804FB 		ldr	pc, [sp], #4
 314              		.cfi_endproc
 315              	.LFE9:
 316              		.size	chThdCreateFromHeap, .-chThdCreateFromHeap
 317 0084 AFF30080 		.section	.rodata
 317      AFF30080 
 317      AFF30080 
 318 0027 00       		.align	2
 319              	.LC2:
 320 0028 22636854 		.ascii	"\"chThdCreateFromMemoryPool\"()\000"
 320      68644372 
 320      65617465 
 320      46726F6D 
 320      4D656D6F 
 321 0046 0000     		.section	.text.chThdCreateFromMemoryPool,"ax",%progbits
 322              		.align	2
 323              		.p2align 4,,15
 324              		.global	chThdCreateFromMemoryPool
 325              		.thumb
ARM GAS  /tmp/cc9AzfzH.s 			page 7


 326              		.thumb_func
 327              		.type	chThdCreateFromMemoryPool, %function
 328              	chThdCreateFromMemoryPool:
 329              	.LFB10:
 330              		.loc 1 180 0
 331              		.cfi_startproc
 332              		@ args = 0, pretend = 0, frame = 24
 333              		@ frame_needed = 0, uses_anonymous_args = 0
 334 0000 00B5     		push	{lr}
 335              		.cfi_def_cfa_offset 4
 336              		.cfi_offset 14, -4
 337 0002 89B0     		sub	sp, sp, #36
 338              		.cfi_def_cfa_offset 40
 339 0004 0590     		str	r0, [sp, #20]
 340 0006 0491     		str	r1, [sp, #16]
 341 0008 0392     		str	r2, [sp, #12]
 342 000a 0293     		str	r3, [sp, #8]
 343              		.loc 1 184 0
 344 000c 059B     		ldr	r3, [sp, #20]
 345 000e 002B     		cmp	r3, #0
 346 0010 02D1     		bne	.L17
 347              		.loc 1 184 0 is_stmt 0 discriminator 1
 348 0012 2248     		ldr	r0, .L20
 349 0014 FFF7FEFF 		bl	chDbgPanic
 350              	.L17:
 351              		.loc 1 186 0 is_stmt 1
 352 0018 0598     		ldr	r0, [sp, #20]
 353 001a FFF7FEFF 		bl	chPoolAlloc
 354 001e 0790     		str	r0, [sp, #28]
 355              		.loc 1 187 0
 356 0020 079B     		ldr	r3, [sp, #28]
 357 0022 002B     		cmp	r3, #0
 358 0024 01D1     		bne	.L18
 359              		.loc 1 188 0
 360 0026 0023     		movs	r3, #0
 361 0028 33E0     		b	.L19
 362              	.L18:
 363              		.loc 1 191 0
 364 002a 079B     		ldr	r3, [sp, #28]
 365 002c 4C33     		adds	r3, r3, #76
 366 002e 0798     		ldr	r0, [sp, #28]
 367 0030 1946     		mov	r1, r3
 368 0032 FF22     		movs	r2, #255
 369 0034 FFF7FEFF 		bl	_thread_memfill
 370              		.loc 1 194 0
 371 0038 079B     		ldr	r3, [sp, #28]
 372 003a 03F14C02 		add	r2, r3, #76
 373              		.loc 1 195 0
 374 003e 059B     		ldr	r3, [sp, #20]
 375 0040 5B68     		ldr	r3, [r3, #4]
 376              		.loc 1 194 0
 377 0042 0799     		ldr	r1, [sp, #28]
 378 0044 0B44     		add	r3, r3, r1
 379 0046 1046     		mov	r0, r2
 380 0048 1946     		mov	r1, r3
 381 004a 5522     		movs	r2, #85
 382 004c FFF7FEFF 		bl	_thread_memfill
ARM GAS  /tmp/cc9AzfzH.s 			page 8


 383              	.LBB8:
 384              		.loc 1 199 0
 385 0050 2023     		movs	r3, #32
 386              	@ 199 "/home/dave/r2p-sdk/core/ChibiOS/os/kernel/src/chdynamic.c" 1
 387 0052 83F31188 		msr     BASEPRI, r3
 388              	@ 0 "" 2
 389              		.thumb
 390              	.LBE8:
 391 0056 FFF7FEFF 		bl	dbg_check_lock
 392              		.loc 1 200 0
 393 005a 059B     		ldr	r3, [sp, #20]
 394 005c 5B68     		ldr	r3, [r3, #4]
 395 005e 029A     		ldr	r2, [sp, #8]
 396 0060 0092     		str	r2, [sp]
 397 0062 0798     		ldr	r0, [sp, #28]
 398 0064 1946     		mov	r1, r3
 399 0066 049A     		ldr	r2, [sp, #16]
 400 0068 039B     		ldr	r3, [sp, #12]
 401 006a FFF7FEFF 		bl	chThdCreateI
 402 006e 0690     		str	r0, [sp, #24]
 403              		.loc 1 201 0
 404 0070 069B     		ldr	r3, [sp, #24]
 405 0072 0222     		movs	r2, #2
 406 0074 83F82120 		strb	r2, [r3, #33]
 407              		.loc 1 202 0
 408 0078 069B     		ldr	r3, [sp, #24]
 409 007a 059A     		ldr	r2, [sp, #20]
 410 007c 9A64     		str	r2, [r3, #72]
 411              		.loc 1 203 0
 412 007e 0698     		ldr	r0, [sp, #24]
 413 0080 0021     		movs	r1, #0
 414 0082 FFF7FEFF 		bl	chSchWakeupS
 415              		.loc 1 204 0
 416 0086 FFF7FEFF 		bl	dbg_check_unlock
 417              	.LBB9:
 418 008a 0023     		movs	r3, #0
 419              	@ 204 "/home/dave/r2p-sdk/core/ChibiOS/os/kernel/src/chdynamic.c" 1
 420 008c 83F31188 		msr     BASEPRI, r3
 421              	@ 0 "" 2
 422              		.thumb
 423              	.LBE9:
 424              		.loc 1 205 0
 425 0090 069B     		ldr	r3, [sp, #24]
 426              	.L19:
 427              		.loc 1 206 0
 428 0092 1846     		mov	r0, r3
 429 0094 09B0     		add	sp, sp, #36
 430              		@ sp needed
 431 0096 5DF804FB 		ldr	pc, [sp], #4
 432              	.L21:
 433 009a 00BF     		.align	2
 434              	.L20:
 435 009c 28000000 		.word	.LC2
 436              		.cfi_endproc
 437              	.LFE10:
 438              		.size	chThdCreateFromMemoryPool, .-chThdCreateFromMemoryPool
 439              		.text
ARM GAS  /tmp/cc9AzfzH.s 			page 9


 440              	.Letext0:
 441              		.file 2 "/usr/lib/gcc/arm-none-eabi/4.8/include/stddef.h"
 442              		.file 3 "/usr/include/newlib/machine/_default_types.h"
 443              		.file 4 "/usr/include/newlib/stdint.h"
 444              		.file 5 "/home/dave/r2p-sdk/core/ChibiOS/os/ports/GCC/ARMCMx/chtypes.h"
 445              		.file 6 "/home/dave/r2p-sdk/core/ChibiOS/os/kernel/include/chlists.h"
 446              		.file 7 "/home/dave/r2p-sdk/core/ChibiOS/os/kernel/include/chthreads.h"
 447              		.file 8 "/home/dave/r2p-sdk/core/ChibiOS/os/ports/GCC/ARMCMx/chcore_v7m.h"
 448              		.file 9 "/home/dave/r2p-sdk/core/ChibiOS/os/kernel/include/chmtx.h"
 449              		.file 10 "/home/dave/r2p-sdk/core/ChibiOS/os/kernel/include/chmemcore.h"
 450              		.file 11 "/home/dave/r2p-sdk/core/ChibiOS/os/kernel/include/chheap.h"
 451              		.file 12 "/home/dave/r2p-sdk/core/ChibiOS/os/kernel/include/chmempools.h"
 452              		.section	.debug_info,"",%progbits
 453              	.Ldebug_info0:
 454 0000 FB070000 		.4byte	0x7fb
 455 0004 0400     		.2byte	0x4
 456 0006 00000000 		.4byte	.Ldebug_abbrev0
 457 000a 04       		.byte	0x4
 458 000b 01       		.uleb128 0x1
 459 000c B4020000 		.4byte	.LASF87
 460 0010 01       		.byte	0x1
 461 0011 A7000000 		.4byte	.LASF88
 462 0015 00000000 		.4byte	.Ldebug_ranges0+0
 463 0019 00000000 		.4byte	0
 464 001d 00000000 		.4byte	.Ldebug_line0
 465 0021 02       		.uleb128 0x2
 466 0022 04       		.byte	0x4
 467 0023 05       		.byte	0x5
 468 0024 696E7400 		.ascii	"int\000"
 469 0028 03       		.uleb128 0x3
 470 0029 0E000000 		.4byte	.LASF2
 471 002d 02       		.byte	0x2
 472 002e D4       		.byte	0xd4
 473 002f 33000000 		.4byte	0x33
 474 0033 04       		.uleb128 0x4
 475 0034 04       		.byte	0x4
 476 0035 07       		.byte	0x7
 477 0036 6D010000 		.4byte	.LASF0
 478 003a 04       		.uleb128 0x4
 479 003b 01       		.byte	0x1
 480 003c 06       		.byte	0x6
 481 003d 85000000 		.4byte	.LASF1
 482 0041 03       		.uleb128 0x3
 483 0042 25000000 		.4byte	.LASF3
 484 0046 03       		.byte	0x3
 485 0047 1D       		.byte	0x1d
 486 0048 4C000000 		.4byte	0x4c
 487 004c 04       		.uleb128 0x4
 488 004d 01       		.byte	0x1
 489 004e 08       		.byte	0x8
 490 004f 69020000 		.4byte	.LASF4
 491 0053 04       		.uleb128 0x4
 492 0054 02       		.byte	0x2
 493 0055 05       		.byte	0x5
 494 0056 8C020000 		.4byte	.LASF5
 495 005a 04       		.uleb128 0x4
 496 005b 02       		.byte	0x2
ARM GAS  /tmp/cc9AzfzH.s 			page 10


 497 005c 07       		.byte	0x7
 498 005d 99010000 		.4byte	.LASF6
 499 0061 03       		.uleb128 0x3
 500 0062 00040000 		.4byte	.LASF7
 501 0066 03       		.byte	0x3
 502 0067 3F       		.byte	0x3f
 503 0068 6C000000 		.4byte	0x6c
 504 006c 04       		.uleb128 0x4
 505 006d 04       		.byte	0x4
 506 006e 05       		.byte	0x5
 507 006f EB000000 		.4byte	.LASF8
 508 0073 03       		.uleb128 0x3
 509 0074 3C010000 		.4byte	.LASF9
 510 0078 03       		.byte	0x3
 511 0079 41       		.byte	0x41
 512 007a 7E000000 		.4byte	0x7e
 513 007e 04       		.uleb128 0x4
 514 007f 04       		.byte	0x4
 515 0080 07       		.byte	0x7
 516 0081 7A010000 		.4byte	.LASF10
 517 0085 04       		.uleb128 0x4
 518 0086 08       		.byte	0x8
 519 0087 05       		.byte	0x5
 520 0088 77000000 		.4byte	.LASF11
 521 008c 03       		.uleb128 0x3
 522 008d 2C020000 		.4byte	.LASF12
 523 0091 03       		.byte	0x3
 524 0092 5B       		.byte	0x5b
 525 0093 97000000 		.4byte	0x97
 526 0097 04       		.uleb128 0x4
 527 0098 08       		.byte	0x8
 528 0099 07       		.byte	0x7
 529 009a 47000000 		.4byte	.LASF13
 530 009e 03       		.uleb128 0x3
 531 009f 3E040000 		.4byte	.LASF14
 532 00a3 04       		.byte	0x4
 533 00a4 2A       		.byte	0x2a
 534 00a5 41000000 		.4byte	0x41
 535 00a9 03       		.uleb128 0x3
 536 00aa 61020000 		.4byte	.LASF15
 537 00ae 04       		.byte	0x4
 538 00af 41       		.byte	0x41
 539 00b0 61000000 		.4byte	0x61
 540 00b4 03       		.uleb128 0x3
 541 00b5 D1030000 		.4byte	.LASF16
 542 00b9 04       		.byte	0x4
 543 00ba 42       		.byte	0x42
 544 00bb 73000000 		.4byte	0x73
 545 00bf 03       		.uleb128 0x3
 546 00c0 1C000000 		.4byte	.LASF17
 547 00c4 04       		.byte	0x4
 548 00c5 4E       		.byte	0x4e
 549 00c6 8C000000 		.4byte	0x8c
 550 00ca 04       		.uleb128 0x4
 551 00cb 01       		.byte	0x1
 552 00cc 02       		.byte	0x2
 553 00cd 5B020000 		.4byte	.LASF18
ARM GAS  /tmp/cc9AzfzH.s 			page 11


 554 00d1 03       		.uleb128 0x3
 555 00d2 B2010000 		.4byte	.LASF19
 556 00d6 05       		.byte	0x5
 557 00d7 2C       		.byte	0x2c
 558 00d8 9E000000 		.4byte	0x9e
 559 00dc 03       		.uleb128 0x3
 560 00dd 08010000 		.4byte	.LASF20
 561 00e1 05       		.byte	0x5
 562 00e2 2D       		.byte	0x2d
 563 00e3 9E000000 		.4byte	0x9e
 564 00e7 03       		.uleb128 0x3
 565 00e8 3F020000 		.4byte	.LASF21
 566 00ec 05       		.byte	0x5
 567 00ed 2E       		.byte	0x2e
 568 00ee 9E000000 		.4byte	0x9e
 569 00f2 03       		.uleb128 0x3
 570 00f3 E1000000 		.4byte	.LASF22
 571 00f7 05       		.byte	0x5
 572 00f8 2F       		.byte	0x2f
 573 00f9 9E000000 		.4byte	0x9e
 574 00fd 03       		.uleb128 0x3
 575 00fe 53020000 		.4byte	.LASF23
 576 0102 05       		.byte	0x5
 577 0103 30       		.byte	0x30
 578 0104 B4000000 		.4byte	0xb4
 579 0108 03       		.uleb128 0x3
 580 0109 AC010000 		.4byte	.LASF24
 581 010d 05       		.byte	0x5
 582 010e 31       		.byte	0x31
 583 010f A9000000 		.4byte	0xa9
 584 0113 03       		.uleb128 0x3
 585 0114 C6010000 		.4byte	.LASF25
 586 0118 05       		.byte	0x5
 587 0119 33       		.byte	0x33
 588 011a B4000000 		.4byte	0xb4
 589 011e 03       		.uleb128 0x3
 590 011f EB030000 		.4byte	.LASF26
 591 0123 05       		.byte	0x5
 592 0124 35       		.byte	0x35
 593 0125 B4000000 		.4byte	0xb4
 594 0129 03       		.uleb128 0x3
 595 012a BF030000 		.4byte	.LASF27
 596 012e 06       		.byte	0x6
 597 012f 2A       		.byte	0x2a
 598 0130 34010000 		.4byte	0x134
 599 0134 05       		.uleb128 0x5
 600 0135 BF030000 		.4byte	.LASF27
 601 0139 4C       		.byte	0x4c
 602 013a 07       		.byte	0x7
 603 013b 5E       		.byte	0x5e
 604 013c 3D020000 		.4byte	0x23d
 605 0140 06       		.uleb128 0x6
 606 0141 A3030000 		.4byte	.LASF28
 607 0145 07       		.byte	0x7
 608 0146 5F       		.byte	0x5f
 609 0147 5E020000 		.4byte	0x25e
 610 014b 00       		.byte	0
ARM GAS  /tmp/cc9AzfzH.s 			page 12


 611 014c 06       		.uleb128 0x6
 612 014d 4C020000 		.4byte	.LASF29
 613 0151 07       		.byte	0x7
 614 0152 61       		.byte	0x61
 615 0153 5E020000 		.4byte	0x25e
 616 0157 04       		.byte	0x4
 617 0158 06       		.uleb128 0x6
 618 0159 70000000 		.4byte	.LASF30
 619 015d 07       		.byte	0x7
 620 015e 63       		.byte	0x63
 621 015f FD000000 		.4byte	0xfd
 622 0163 08       		.byte	0x8
 623 0164 06       		.uleb128 0x6
 624 0165 63040000 		.4byte	.LASF31
 625 0169 07       		.byte	0x7
 626 016a 64       		.byte	0x64
 627 016b F3030000 		.4byte	0x3f3
 628 016f 0C       		.byte	0xc
 629 0170 06       		.uleb128 0x6
 630 0171 11010000 		.4byte	.LASF32
 631 0175 07       		.byte	0x7
 632 0176 66       		.byte	0x66
 633 0177 5E020000 		.4byte	0x25e
 634 017b 10       		.byte	0x10
 635 017c 06       		.uleb128 0x6
 636 017d F8010000 		.4byte	.LASF33
 637 0181 07       		.byte	0x7
 638 0182 67       		.byte	0x67
 639 0183 5E020000 		.4byte	0x25e
 640 0187 14       		.byte	0x14
 641 0188 06       		.uleb128 0x6
 642 0189 54040000 		.4byte	.LASF34
 643 018d 07       		.byte	0x7
 644 018e 6E       		.byte	0x6e
 645 018f B5050000 		.4byte	0x5b5
 646 0193 18       		.byte	0x18
 647 0194 06       		.uleb128 0x6
 648 0195 62010000 		.4byte	.LASF35
 649 0199 07       		.byte	0x7
 650 019a 74       		.byte	0x74
 651 019b C7050000 		.4byte	0x5c7
 652 019f 1C       		.byte	0x1c
 653 01a0 06       		.uleb128 0x6
 654 01a1 96020000 		.4byte	.LASF36
 655 01a5 07       		.byte	0x7
 656 01a6 79       		.byte	0x79
 657 01a7 DC000000 		.4byte	0xdc
 658 01ab 20       		.byte	0x20
 659 01ac 06       		.uleb128 0x6
 660 01ad AA030000 		.4byte	.LASF37
 661 01b1 07       		.byte	0x7
 662 01b2 7D       		.byte	0x7d
 663 01b3 D1000000 		.4byte	0xd1
 664 01b7 21       		.byte	0x21
 665 01b8 06       		.uleb128 0x6
 666 01b9 37040000 		.4byte	.LASF38
 667 01bd 07       		.byte	0x7
ARM GAS  /tmp/cc9AzfzH.s 			page 13


 668 01be 82       		.byte	0x82
 669 01bf E7000000 		.4byte	0xe7
 670 01c3 22       		.byte	0x22
 671 01c4 06       		.uleb128 0x6
 672 01c5 9E020000 		.4byte	.LASF39
 673 01c9 07       		.byte	0x7
 674 01ca 88       		.byte	0x88
 675 01cb F2000000 		.4byte	0xf2
 676 01cf 23       		.byte	0x23
 677 01d0 06       		.uleb128 0x6
 678 01d1 12040000 		.4byte	.LASF40
 679 01d5 07       		.byte	0x7
 680 01d6 8F       		.byte	0x8f
 681 01d7 1B040000 		.4byte	0x41b
 682 01db 24       		.byte	0x24
 683 01dc 07       		.uleb128 0x7
 684 01dd 705F7500 		.ascii	"p_u\000"
 685 01e1 07       		.byte	0x7
 686 01e2 B4       		.byte	0xb4
 687 01e3 80050000 		.4byte	0x580
 688 01e7 28       		.byte	0x28
 689 01e8 06       		.uleb128 0x6
 690 01e9 69040000 		.4byte	.LASF41
 691 01ed 07       		.byte	0x7
 692 01ee B9       		.byte	0xb9
 693 01ef 84020000 		.4byte	0x284
 694 01f3 2C       		.byte	0x2c
 695 01f4 06       		.uleb128 0x6
 696 01f5 20040000 		.4byte	.LASF42
 697 01f9 07       		.byte	0x7
 698 01fa BF       		.byte	0xbf
 699 01fb 64020000 		.4byte	0x264
 700 01ff 30       		.byte	0x30
 701 0200 06       		.uleb128 0x6
 702 0201 08000000 		.4byte	.LASF43
 703 0205 07       		.byte	0x7
 704 0206 C3       		.byte	0xc3
 705 0207 08010000 		.4byte	0x108
 706 020b 38       		.byte	0x38
 707 020c 06       		.uleb128 0x6
 708 020d C6030000 		.4byte	.LASF44
 709 0211 07       		.byte	0x7
 710 0212 C9       		.byte	0xc9
 711 0213 13010000 		.4byte	0x113
 712 0217 3C       		.byte	0x3c
 713 0218 06       		.uleb128 0x6
 714 0219 82020000 		.4byte	.LASF45
 715 021d 07       		.byte	0x7
 716 021e D0       		.byte	0xd0
 717 021f CD050000 		.4byte	0x5cd
 718 0223 40       		.byte	0x40
 719 0224 06       		.uleb128 0x6
 720 0225 F5030000 		.4byte	.LASF46
 721 0229 07       		.byte	0x7
 722 022a D4       		.byte	0xd4
 723 022b FD000000 		.4byte	0xfd
 724 022f 44       		.byte	0x44
ARM GAS  /tmp/cc9AzfzH.s 			page 14


 725 0230 06       		.uleb128 0x6
 726 0231 97000000 		.4byte	.LASF47
 727 0235 07       		.byte	0x7
 728 0236 DA       		.byte	0xda
 729 0237 9A020000 		.4byte	0x29a
 730 023b 48       		.byte	0x48
 731 023c 00       		.byte	0
 732 023d 08       		.uleb128 0x8
 733 023e 08       		.byte	0x8
 734 023f 06       		.byte	0x6
 735 0240 61       		.byte	0x61
 736 0241 5E020000 		.4byte	0x25e
 737 0245 06       		.uleb128 0x6
 738 0246 A3030000 		.4byte	.LASF28
 739 024a 06       		.byte	0x6
 740 024b 62       		.byte	0x62
 741 024c 5E020000 		.4byte	0x25e
 742 0250 00       		.byte	0
 743 0251 06       		.uleb128 0x6
 744 0252 4C020000 		.4byte	.LASF29
 745 0256 06       		.byte	0x6
 746 0257 64       		.byte	0x64
 747 0258 5E020000 		.4byte	0x25e
 748 025c 04       		.byte	0x4
 749 025d 00       		.byte	0
 750 025e 09       		.uleb128 0x9
 751 025f 04       		.byte	0x4
 752 0260 29010000 		.4byte	0x129
 753 0264 03       		.uleb128 0x3
 754 0265 00020000 		.4byte	.LASF48
 755 0269 06       		.byte	0x6
 756 026a 66       		.byte	0x66
 757 026b 3D020000 		.4byte	0x23d
 758 026f 08       		.uleb128 0x8
 759 0270 04       		.byte	0x4
 760 0271 06       		.byte	0x6
 761 0272 6B       		.byte	0x6b
 762 0273 84020000 		.4byte	0x284
 763 0277 06       		.uleb128 0x6
 764 0278 A3030000 		.4byte	.LASF28
 765 027c 06       		.byte	0x6
 766 027d 6D       		.byte	0x6d
 767 027e 5E020000 		.4byte	0x25e
 768 0282 00       		.byte	0
 769 0283 00       		.byte	0
 770 0284 03       		.uleb128 0x3
 771 0285 BA010000 		.4byte	.LASF49
 772 0289 06       		.byte	0x6
 773 028a 70       		.byte	0x70
 774 028b 6F020000 		.4byte	0x26f
 775 028f 03       		.uleb128 0x3
 776 0290 53010000 		.4byte	.LASF50
 777 0294 08       		.byte	0x8
 778 0295 E5       		.byte	0xe5
 779 0296 9A020000 		.4byte	0x29a
 780 029a 0A       		.uleb128 0xa
 781 029b 04       		.byte	0x4
ARM GAS  /tmp/cc9AzfzH.s 			page 15


 782 029c 03       		.uleb128 0x3
 783 029d E4010000 		.4byte	.LASF51
 784 02a1 08       		.byte	0x8
 785 02a2 EB       		.byte	0xeb
 786 02a3 BF000000 		.4byte	0xbf
 787 02a7 0B       		.uleb128 0xb
 788 02a8 19040000 		.4byte	.LASF52
 789 02ac 64       		.byte	0x64
 790 02ad 08       		.byte	0x8
 791 02ae 0C01     		.2byte	0x10c
 792 02b0 F3030000 		.4byte	0x3f3
 793 02b4 0C       		.uleb128 0xc
 794 02b5 73313600 		.ascii	"s16\000"
 795 02b9 08       		.byte	0x8
 796 02ba 0E01     		.2byte	0x10e
 797 02bc 8F020000 		.4byte	0x28f
 798 02c0 00       		.byte	0
 799 02c1 0C       		.uleb128 0xc
 800 02c2 73313700 		.ascii	"s17\000"
 801 02c6 08       		.byte	0x8
 802 02c7 0F01     		.2byte	0x10f
 803 02c9 8F020000 		.4byte	0x28f
 804 02cd 04       		.byte	0x4
 805 02ce 0C       		.uleb128 0xc
 806 02cf 73313800 		.ascii	"s18\000"
 807 02d3 08       		.byte	0x8
 808 02d4 1001     		.2byte	0x110
 809 02d6 8F020000 		.4byte	0x28f
 810 02da 08       		.byte	0x8
 811 02db 0C       		.uleb128 0xc
 812 02dc 73313900 		.ascii	"s19\000"
 813 02e0 08       		.byte	0x8
 814 02e1 1101     		.2byte	0x111
 815 02e3 8F020000 		.4byte	0x28f
 816 02e7 0C       		.byte	0xc
 817 02e8 0C       		.uleb128 0xc
 818 02e9 73323000 		.ascii	"s20\000"
 819 02ed 08       		.byte	0x8
 820 02ee 1201     		.2byte	0x112
 821 02f0 8F020000 		.4byte	0x28f
 822 02f4 10       		.byte	0x10
 823 02f5 0C       		.uleb128 0xc
 824 02f6 73323100 		.ascii	"s21\000"
 825 02fa 08       		.byte	0x8
 826 02fb 1301     		.2byte	0x113
 827 02fd 8F020000 		.4byte	0x28f
 828 0301 14       		.byte	0x14
 829 0302 0C       		.uleb128 0xc
 830 0303 73323200 		.ascii	"s22\000"
 831 0307 08       		.byte	0x8
 832 0308 1401     		.2byte	0x114
 833 030a 8F020000 		.4byte	0x28f
 834 030e 18       		.byte	0x18
 835 030f 0C       		.uleb128 0xc
 836 0310 73323300 		.ascii	"s23\000"
 837 0314 08       		.byte	0x8
 838 0315 1501     		.2byte	0x115
ARM GAS  /tmp/cc9AzfzH.s 			page 16


 839 0317 8F020000 		.4byte	0x28f
 840 031b 1C       		.byte	0x1c
 841 031c 0C       		.uleb128 0xc
 842 031d 73323400 		.ascii	"s24\000"
 843 0321 08       		.byte	0x8
 844 0322 1601     		.2byte	0x116
 845 0324 8F020000 		.4byte	0x28f
 846 0328 20       		.byte	0x20
 847 0329 0C       		.uleb128 0xc
 848 032a 73323500 		.ascii	"s25\000"
 849 032e 08       		.byte	0x8
 850 032f 1701     		.2byte	0x117
 851 0331 8F020000 		.4byte	0x28f
 852 0335 24       		.byte	0x24
 853 0336 0C       		.uleb128 0xc
 854 0337 73323600 		.ascii	"s26\000"
 855 033b 08       		.byte	0x8
 856 033c 1801     		.2byte	0x118
 857 033e 8F020000 		.4byte	0x28f
 858 0342 28       		.byte	0x28
 859 0343 0C       		.uleb128 0xc
 860 0344 73323700 		.ascii	"s27\000"
 861 0348 08       		.byte	0x8
 862 0349 1901     		.2byte	0x119
 863 034b 8F020000 		.4byte	0x28f
 864 034f 2C       		.byte	0x2c
 865 0350 0C       		.uleb128 0xc
 866 0351 73323800 		.ascii	"s28\000"
 867 0355 08       		.byte	0x8
 868 0356 1A01     		.2byte	0x11a
 869 0358 8F020000 		.4byte	0x28f
 870 035c 30       		.byte	0x30
 871 035d 0C       		.uleb128 0xc
 872 035e 73323900 		.ascii	"s29\000"
 873 0362 08       		.byte	0x8
 874 0363 1B01     		.2byte	0x11b
 875 0365 8F020000 		.4byte	0x28f
 876 0369 34       		.byte	0x34
 877 036a 0C       		.uleb128 0xc
 878 036b 73333000 		.ascii	"s30\000"
 879 036f 08       		.byte	0x8
 880 0370 1C01     		.2byte	0x11c
 881 0372 8F020000 		.4byte	0x28f
 882 0376 38       		.byte	0x38
 883 0377 0C       		.uleb128 0xc
 884 0378 73333100 		.ascii	"s31\000"
 885 037c 08       		.byte	0x8
 886 037d 1D01     		.2byte	0x11d
 887 037f 8F020000 		.4byte	0x28f
 888 0383 3C       		.byte	0x3c
 889 0384 0C       		.uleb128 0xc
 890 0385 723400   		.ascii	"r4\000"
 891 0388 08       		.byte	0x8
 892 0389 1F01     		.2byte	0x11f
 893 038b 8F020000 		.4byte	0x28f
 894 038f 40       		.byte	0x40
 895 0390 0C       		.uleb128 0xc
ARM GAS  /tmp/cc9AzfzH.s 			page 17


 896 0391 723500   		.ascii	"r5\000"
 897 0394 08       		.byte	0x8
 898 0395 2001     		.2byte	0x120
 899 0397 8F020000 		.4byte	0x28f
 900 039b 44       		.byte	0x44
 901 039c 0C       		.uleb128 0xc
 902 039d 723600   		.ascii	"r6\000"
 903 03a0 08       		.byte	0x8
 904 03a1 2101     		.2byte	0x121
 905 03a3 8F020000 		.4byte	0x28f
 906 03a7 48       		.byte	0x48
 907 03a8 0C       		.uleb128 0xc
 908 03a9 723700   		.ascii	"r7\000"
 909 03ac 08       		.byte	0x8
 910 03ad 2201     		.2byte	0x122
 911 03af 8F020000 		.4byte	0x28f
 912 03b3 4C       		.byte	0x4c
 913 03b4 0C       		.uleb128 0xc
 914 03b5 723800   		.ascii	"r8\000"
 915 03b8 08       		.byte	0x8
 916 03b9 2301     		.2byte	0x123
 917 03bb 8F020000 		.4byte	0x28f
 918 03bf 50       		.byte	0x50
 919 03c0 0C       		.uleb128 0xc
 920 03c1 723900   		.ascii	"r9\000"
 921 03c4 08       		.byte	0x8
 922 03c5 2401     		.2byte	0x124
 923 03c7 8F020000 		.4byte	0x28f
 924 03cb 54       		.byte	0x54
 925 03cc 0C       		.uleb128 0xc
 926 03cd 72313000 		.ascii	"r10\000"
 927 03d1 08       		.byte	0x8
 928 03d2 2501     		.2byte	0x125
 929 03d4 8F020000 		.4byte	0x28f
 930 03d8 58       		.byte	0x58
 931 03d9 0C       		.uleb128 0xc
 932 03da 72313100 		.ascii	"r11\000"
 933 03de 08       		.byte	0x8
 934 03df 2601     		.2byte	0x126
 935 03e1 8F020000 		.4byte	0x28f
 936 03e5 5C       		.byte	0x5c
 937 03e6 0C       		.uleb128 0xc
 938 03e7 6C7200   		.ascii	"lr\000"
 939 03ea 08       		.byte	0x8
 940 03eb 2701     		.2byte	0x127
 941 03ed 8F020000 		.4byte	0x28f
 942 03f1 60       		.byte	0x60
 943 03f2 00       		.byte	0
 944 03f3 0B       		.uleb128 0xb
 945 03f4 8C010000 		.4byte	.LASF53
 946 03f8 04       		.byte	0x4
 947 03f9 08       		.byte	0x8
 948 03fa 3101     		.2byte	0x131
 949 03fc 0E040000 		.4byte	0x40e
 950 0400 0C       		.uleb128 0xc
 951 0401 72313300 		.ascii	"r13\000"
 952 0405 08       		.byte	0x8
ARM GAS  /tmp/cc9AzfzH.s 			page 18


 953 0406 3201     		.2byte	0x132
 954 0408 0E040000 		.4byte	0x40e
 955 040c 00       		.byte	0
 956 040d 00       		.byte	0
 957 040e 09       		.uleb128 0x9
 958 040f 04       		.byte	0x4
 959 0410 A7020000 		.4byte	0x2a7
 960 0414 04       		.uleb128 0x4
 961 0415 04       		.byte	0x4
 962 0416 07       		.byte	0x7
 963 0417 EF010000 		.4byte	.LASF54
 964 041b 0D       		.uleb128 0xd
 965 041c 1E010000 		.4byte	0x11e
 966 0420 05       		.uleb128 0x5
 967 0421 D2010000 		.4byte	.LASF55
 968 0425 10       		.byte	0x10
 969 0426 09       		.byte	0x9
 970 0427 2C       		.byte	0x2c
 971 0428 51040000 		.4byte	0x451
 972 042c 06       		.uleb128 0x6
 973 042d 9F000000 		.4byte	.LASF56
 974 0431 09       		.byte	0x9
 975 0432 2D       		.byte	0x2d
 976 0433 64020000 		.4byte	0x264
 977 0437 00       		.byte	0
 978 0438 06       		.uleb128 0x6
 979 0439 5B040000 		.4byte	.LASF57
 980 043d 09       		.byte	0x9
 981 043e 2F       		.byte	0x2f
 982 043f 5E020000 		.4byte	0x25e
 983 0443 08       		.byte	0x8
 984 0444 06       		.uleb128 0x6
 985 0445 E4030000 		.4byte	.LASF58
 986 0449 09       		.byte	0x9
 987 044a 31       		.byte	0x31
 988 044b 51040000 		.4byte	0x451
 989 044f 0C       		.byte	0xc
 990 0450 00       		.byte	0
 991 0451 09       		.uleb128 0x9
 992 0452 04       		.byte	0x4
 993 0453 20040000 		.4byte	0x420
 994 0457 03       		.uleb128 0x3
 995 0458 D2010000 		.4byte	.LASF55
 996 045c 09       		.byte	0x9
 997 045d 33       		.byte	0x33
 998 045e 20040000 		.4byte	0x420
 999 0462 03       		.uleb128 0x3
 1000 0463 3A000000 		.4byte	.LASF59
 1001 0467 0A       		.byte	0xa
 1002 0468 2C       		.byte	0x2c
 1003 0469 6D040000 		.4byte	0x46d
 1004 046d 09       		.uleb128 0x9
 1005 046e 04       		.byte	0x4
 1006 046f 73040000 		.4byte	0x473
 1007 0473 0E       		.uleb128 0xe
 1008 0474 9A020000 		.4byte	0x29a
 1009 0478 82040000 		.4byte	0x482
ARM GAS  /tmp/cc9AzfzH.s 			page 19


 1010 047c 0F       		.uleb128 0xf
 1011 047d 28000000 		.4byte	0x28
 1012 0481 00       		.byte	0
 1013 0482 03       		.uleb128 0x3
 1014 0483 21020000 		.4byte	.LASF60
 1015 0487 0B       		.byte	0xb
 1016 0488 34       		.byte	0x34
 1017 0489 8D040000 		.4byte	0x48d
 1018 048d 05       		.uleb128 0x5
 1019 048e 73040000 		.4byte	.LASF61
 1020 0492 20       		.byte	0x20
 1021 0493 0B       		.byte	0xb
 1022 0494 47       		.byte	0x47
 1023 0495 BE040000 		.4byte	0x4be
 1024 0499 06       		.uleb128 0x6
 1025 049a 77020000 		.4byte	.LASF62
 1026 049e 0B       		.byte	0xb
 1027 049f 48       		.byte	0x48
 1028 04a0 62040000 		.4byte	0x462
 1029 04a4 00       		.byte	0
 1030 04a5 06       		.uleb128 0x6
 1031 04a6 5E000000 		.4byte	.LASF63
 1032 04aa 0B       		.byte	0xb
 1033 04ab 4A       		.byte	0x4a
 1034 04ac DD040000 		.4byte	0x4dd
 1035 04b0 08       		.byte	0x8
 1036 04b1 06       		.uleb128 0x6
 1037 04b2 91000000 		.4byte	.LASF64
 1038 04b6 0B       		.byte	0xb
 1039 04b7 4C       		.byte	0x4c
 1040 04b8 57040000 		.4byte	0x457
 1041 04bc 10       		.byte	0x10
 1042 04bd 00       		.byte	0
 1043 04be 10       		.uleb128 0x10
 1044 04bf 04       		.byte	0x4
 1045 04c0 0B       		.byte	0xb
 1046 04c1 3C       		.byte	0x3c
 1047 04c2 DD040000 		.4byte	0x4dd
 1048 04c6 11       		.uleb128 0x11
 1049 04c7 6B000000 		.4byte	.LASF65
 1050 04cb 0B       		.byte	0xb
 1051 04cc 3D       		.byte	0x3d
 1052 04cd FE040000 		.4byte	0x4fe
 1053 04d1 11       		.uleb128 0x11
 1054 04d2 DA030000 		.4byte	.LASF66
 1055 04d6 0B       		.byte	0xb
 1056 04d7 3E       		.byte	0x3e
 1057 04d8 04050000 		.4byte	0x504
 1058 04dc 00       		.byte	0
 1059 04dd 12       		.uleb128 0x12
 1060 04de A8020000 		.4byte	.LASF89
 1061 04e2 08       		.byte	0x8
 1062 04e3 0B       		.byte	0xb
 1063 04e4 39       		.byte	0x39
 1064 04e5 FE040000 		.4byte	0x4fe
 1065 04e9 11       		.uleb128 0x11
 1066 04ea 5C010000 		.4byte	.LASF67
ARM GAS  /tmp/cc9AzfzH.s 			page 20


 1067 04ee 0B       		.byte	0xb
 1068 04ef 3A       		.byte	0x3a
 1069 04f0 9C020000 		.4byte	0x29c
 1070 04f4 13       		.uleb128 0x13
 1071 04f5 6800     		.ascii	"h\000"
 1072 04f7 0B       		.byte	0xb
 1073 04f8 41       		.byte	0x41
 1074 04f9 0A050000 		.4byte	0x50a
 1075 04fd 00       		.byte	0
 1076 04fe 09       		.uleb128 0x9
 1077 04ff 04       		.byte	0x4
 1078 0500 DD040000 		.4byte	0x4dd
 1079 0504 09       		.uleb128 0x9
 1080 0505 04       		.byte	0x4
 1081 0506 82040000 		.4byte	0x482
 1082 050a 08       		.uleb128 0x8
 1083 050b 08       		.byte	0x8
 1084 050c 0B       		.byte	0xb
 1085 050d 3B       		.byte	0x3b
 1086 050e 29050000 		.4byte	0x529
 1087 0512 07       		.uleb128 0x7
 1088 0513 7500     		.ascii	"u\000"
 1089 0515 0B       		.byte	0xb
 1090 0516 3F       		.byte	0x3f
 1091 0517 BE040000 		.4byte	0x4be
 1092 051b 00       		.byte	0
 1093 051c 06       		.uleb128 0x6
 1094 051d 94010000 		.4byte	.LASF68
 1095 0521 0B       		.byte	0xb
 1096 0522 40       		.byte	0x40
 1097 0523 28000000 		.4byte	0x28
 1098 0527 04       		.byte	0x4
 1099 0528 00       		.byte	0
 1100 0529 05       		.uleb128 0x5
 1101 052a 2B040000 		.4byte	.LASF69
 1102 052e 04       		.byte	0x4
 1103 052f 0C       		.byte	0xc
 1104 0530 2C       		.byte	0x2c
 1105 0531 42050000 		.4byte	0x542
 1106 0535 06       		.uleb128 0x6
 1107 0536 37020000 		.4byte	.LASF70
 1108 053a 0C       		.byte	0xc
 1109 053b 2D       		.byte	0x2d
 1110 053c 42050000 		.4byte	0x542
 1111 0540 00       		.byte	0
 1112 0541 00       		.byte	0
 1113 0542 09       		.uleb128 0x9
 1114 0543 04       		.byte	0x4
 1115 0544 29050000 		.4byte	0x529
 1116 0548 08       		.uleb128 0x8
 1117 0549 0C       		.byte	0xc
 1118 054a 0C       		.byte	0xc
 1119 054b 34       		.byte	0x34
 1120 054c 75050000 		.4byte	0x575
 1121 0550 06       		.uleb128 0x6
 1122 0551 0A040000 		.4byte	.LASF71
 1123 0555 0C       		.byte	0xc
ARM GAS  /tmp/cc9AzfzH.s 			page 21


 1124 0556 35       		.byte	0x35
 1125 0557 42050000 		.4byte	0x542
 1126 055b 00       		.byte	0
 1127 055c 06       		.uleb128 0x6
 1128 055d 0D020000 		.4byte	.LASF72
 1129 0561 0C       		.byte	0xc
 1130 0562 36       		.byte	0x36
 1131 0563 28000000 		.4byte	0x28
 1132 0567 04       		.byte	0x4
 1133 0568 06       		.uleb128 0x6
 1134 0569 47010000 		.4byte	.LASF73
 1135 056d 0C       		.byte	0xc
 1136 056e 38       		.byte	0x38
 1137 056f 62040000 		.4byte	0x462
 1138 0573 08       		.byte	0x8
 1139 0574 00       		.byte	0
 1140 0575 03       		.uleb128 0x3
 1141 0576 2F000000 		.4byte	.LASF74
 1142 057a 0C       		.byte	0xc
 1143 057b 3A       		.byte	0x3a
 1144 057c 48050000 		.4byte	0x548
 1145 0580 10       		.uleb128 0x10
 1146 0581 04       		.byte	0x4
 1147 0582 07       		.byte	0x7
 1148 0583 96       		.byte	0x96
 1149 0584 B5050000 		.4byte	0x5b5
 1150 0588 11       		.uleb128 0x11
 1151 0589 15000000 		.4byte	.LASF75
 1152 058d 07       		.byte	0x7
 1153 058e 9D       		.byte	0x9d
 1154 058f 08010000 		.4byte	0x108
 1155 0593 11       		.uleb128 0x11
 1156 0594 33010000 		.4byte	.LASF76
 1157 0598 07       		.byte	0x7
 1158 0599 A4       		.byte	0xa4
 1159 059a 08010000 		.4byte	0x108
 1160 059e 11       		.uleb128 0x11
 1161 059f 4D040000 		.4byte	.LASF77
 1162 05a3 07       		.byte	0x7
 1163 05a4 AB       		.byte	0xab
 1164 05a5 9A020000 		.4byte	0x29a
 1165 05a9 11       		.uleb128 0x11
 1166 05aa 46040000 		.4byte	.LASF78
 1167 05ae 07       		.byte	0x7
 1168 05af B2       		.byte	0xb2
 1169 05b0 13010000 		.4byte	0x113
 1170 05b4 00       		.byte	0
 1171 05b5 09       		.uleb128 0x9
 1172 05b6 04       		.byte	0x4
 1173 05b7 BB050000 		.4byte	0x5bb
 1174 05bb 14       		.uleb128 0x14
 1175 05bc C0050000 		.4byte	0x5c0
 1176 05c0 04       		.uleb128 0x4
 1177 05c1 01       		.byte	0x1
 1178 05c2 08       		.byte	0x8
 1179 05c3 DF030000 		.4byte	.LASF79
 1180 05c7 09       		.uleb128 0x9
ARM GAS  /tmp/cc9AzfzH.s 			page 22


 1181 05c8 04       		.byte	0x4
 1182 05c9 9C020000 		.4byte	0x29c
 1183 05cd 09       		.uleb128 0x9
 1184 05ce 04       		.byte	0x4
 1185 05cf 57040000 		.4byte	0x457
 1186 05d3 03       		.uleb128 0x3
 1187 05d4 00000000 		.4byte	.LASF80
 1188 05d8 07       		.byte	0x7
 1189 05d9 E5       		.byte	0xe5
 1190 05da DE050000 		.4byte	0x5de
 1191 05de 09       		.uleb128 0x9
 1192 05df 04       		.byte	0x4
 1193 05e0 E4050000 		.4byte	0x5e4
 1194 05e4 0E       		.uleb128 0xe
 1195 05e5 08010000 		.4byte	0x108
 1196 05e9 F3050000 		.4byte	0x5f3
 1197 05ed 0F       		.uleb128 0xf
 1198 05ee 9A020000 		.4byte	0x29a
 1199 05f2 00       		.byte	0
 1200 05f3 15       		.uleb128 0x15
 1201 05f4 D8010000 		.4byte	.LASF82
 1202 05f8 01       		.byte	0x1
 1203 05f9 34       		.byte	0x34
 1204 05fa 5E020000 		.4byte	0x25e
 1205 05fe 00000000 		.4byte	.LFB7
 1206 0602 48000000 		.4byte	.LFE7-.LFB7
 1207 0606 01       		.uleb128 0x1
 1208 0607 9C       		.byte	0x9c
 1209 0608 4C060000 		.4byte	0x64c
 1210 060c 16       		.uleb128 0x16
 1211 060d 747000   		.ascii	"tp\000"
 1212 0610 01       		.byte	0x1
 1213 0611 34       		.byte	0x34
 1214 0612 5E020000 		.4byte	0x25e
 1215 0616 02       		.uleb128 0x2
 1216 0617 91       		.byte	0x91
 1217 0618 74       		.sleb128 -12
 1218 0619 17       		.uleb128 0x17
 1219 061a 06000000 		.4byte	.LBB2
 1220 061e 06000000 		.4byte	.LBE2-.LBB2
 1221 0622 34060000 		.4byte	0x634
 1222 0626 18       		.uleb128 0x18
 1223 0627 746D7000 		.ascii	"tmp\000"
 1224 062b 01       		.byte	0x1
 1225 062c 36       		.byte	0x36
 1226 062d B4000000 		.4byte	0xb4
 1227 0631 01       		.uleb128 0x1
 1228 0632 53       		.byte	0x53
 1229 0633 00       		.byte	0
 1230 0634 19       		.uleb128 0x19
 1231 0635 34000000 		.4byte	.LBB3
 1232 0639 06000000 		.4byte	.LBE3-.LBB3
 1233 063d 18       		.uleb128 0x18
 1234 063e 746D7000 		.ascii	"tmp\000"
 1235 0642 01       		.byte	0x1
 1236 0643 39       		.byte	0x39
 1237 0644 B4000000 		.4byte	0xb4
ARM GAS  /tmp/cc9AzfzH.s 			page 23


 1238 0648 01       		.uleb128 0x1
 1239 0649 53       		.byte	0x53
 1240 064a 00       		.byte	0
 1241 064b 00       		.byte	0
 1242 064c 1A       		.uleb128 0x1a
 1243 064d B2030000 		.4byte	.LASF90
 1244 0651 01       		.byte	0x1
 1245 0652 4A       		.byte	0x4a
 1246 0653 00000000 		.4byte	.LFB8
 1247 0657 B4000000 		.4byte	.LFE8-.LFB8
 1248 065b 01       		.uleb128 0x1
 1249 065c 9C       		.byte	0x9c
 1250 065d AF060000 		.4byte	0x6af
 1251 0661 16       		.uleb128 0x16
 1252 0662 747000   		.ascii	"tp\000"
 1253 0665 01       		.byte	0x1
 1254 0666 4A       		.byte	0x4a
 1255 0667 5E020000 		.4byte	0x25e
 1256 066b 02       		.uleb128 0x2
 1257 066c 91       		.byte	0x91
 1258 066d 6C       		.sleb128 -20
 1259 066e 1B       		.uleb128 0x1b
 1260 066f 47020000 		.4byte	.LASF81
 1261 0673 01       		.byte	0x1
 1262 0674 4B       		.byte	0x4b
 1263 0675 E7000000 		.4byte	0xe7
 1264 0679 02       		.uleb128 0x2
 1265 067a 91       		.byte	0x91
 1266 067b 77       		.sleb128 -9
 1267 067c 17       		.uleb128 0x17
 1268 067d 06000000 		.4byte	.LBB4
 1269 0681 06000000 		.4byte	.LBE4-.LBB4
 1270 0685 97060000 		.4byte	0x697
 1271 0689 18       		.uleb128 0x18
 1272 068a 746D7000 		.ascii	"tmp\000"
 1273 068e 01       		.byte	0x1
 1274 068f 4D       		.byte	0x4d
 1275 0690 B4000000 		.4byte	0xb4
 1276 0694 01       		.uleb128 0x1
 1277 0695 53       		.byte	0x53
 1278 0696 00       		.byte	0
 1279 0697 19       		.uleb128 0x19
 1280 0698 3E000000 		.4byte	.LBB5
 1281 069c 06000000 		.4byte	.LBE5-.LBB5
 1282 06a0 18       		.uleb128 0x18
 1283 06a1 746D7000 		.ascii	"tmp\000"
 1284 06a5 01       		.byte	0x1
 1285 06a6 50       		.byte	0x50
 1286 06a7 B4000000 		.4byte	0xb4
 1287 06ab 01       		.uleb128 0x1
 1288 06ac 53       		.byte	0x53
 1289 06ad 00       		.byte	0
 1290 06ae 00       		.byte	0
 1291 06af 15       		.uleb128 0x15
 1292 06b0 F4000000 		.4byte	.LASF83
 1293 06b4 01       		.byte	0x1
 1294 06b5 82       		.byte	0x82
ARM GAS  /tmp/cc9AzfzH.s 			page 24


 1295 06b6 5E020000 		.4byte	0x25e
 1296 06ba 00000000 		.4byte	.LFB9
 1297 06be 84000000 		.4byte	.LFE9-.LFB9
 1298 06c2 01       		.uleb128 0x1
 1299 06c3 9C       		.byte	0x9c
 1300 06c4 5B070000 		.4byte	0x75b
 1301 06c8 1C       		.uleb128 0x1c
 1302 06c9 65000000 		.4byte	.LASF84
 1303 06cd 01       		.byte	0x1
 1304 06ce 82       		.byte	0x82
 1305 06cf 04050000 		.4byte	0x504
 1306 06d3 02       		.uleb128 0x2
 1307 06d4 91       		.byte	0x91
 1308 06d5 6C       		.sleb128 -20
 1309 06d6 1C       		.uleb128 0x1c
 1310 06d7 94010000 		.4byte	.LASF68
 1311 06db 01       		.byte	0x1
 1312 06dc 82       		.byte	0x82
 1313 06dd 28000000 		.4byte	0x28
 1314 06e1 02       		.uleb128 0x2
 1315 06e2 91       		.byte	0x91
 1316 06e3 68       		.sleb128 -24
 1317 06e4 1C       		.uleb128 0x1c
 1318 06e5 1C020000 		.4byte	.LASF85
 1319 06e9 01       		.byte	0x1
 1320 06ea 83       		.byte	0x83
 1321 06eb FD000000 		.4byte	0xfd
 1322 06ef 02       		.uleb128 0x2
 1323 06f0 91       		.byte	0x91
 1324 06f1 64       		.sleb128 -28
 1325 06f2 16       		.uleb128 0x16
 1326 06f3 706600   		.ascii	"pf\000"
 1327 06f6 01       		.byte	0x1
 1328 06f7 83       		.byte	0x83
 1329 06f8 D3050000 		.4byte	0x5d3
 1330 06fc 02       		.uleb128 0x2
 1331 06fd 91       		.byte	0x91
 1332 06fe 60       		.sleb128 -32
 1333 06ff 16       		.uleb128 0x16
 1334 0700 61726700 		.ascii	"arg\000"
 1335 0704 01       		.byte	0x1
 1336 0705 83       		.byte	0x83
 1337 0706 9A020000 		.4byte	0x29a
 1338 070a 02       		.uleb128 0x2
 1339 070b 91       		.byte	0x91
 1340 070c 00       		.sleb128 0
 1341 070d 18       		.uleb128 0x18
 1342 070e 77737000 		.ascii	"wsp\000"
 1343 0712 01       		.byte	0x1
 1344 0713 84       		.byte	0x84
 1345 0714 9A020000 		.4byte	0x29a
 1346 0718 02       		.uleb128 0x2
 1347 0719 91       		.byte	0x91
 1348 071a 74       		.sleb128 -12
 1349 071b 18       		.uleb128 0x18
 1350 071c 747000   		.ascii	"tp\000"
 1351 071f 01       		.byte	0x1
ARM GAS  /tmp/cc9AzfzH.s 			page 25


 1352 0720 85       		.byte	0x85
 1353 0721 5E020000 		.4byte	0x25e
 1354 0725 02       		.uleb128 0x2
 1355 0726 91       		.byte	0x91
 1356 0727 70       		.sleb128 -16
 1357 0728 17       		.uleb128 0x17
 1358 0729 44000000 		.4byte	.LBB6
 1359 072d 06000000 		.4byte	.LBE6-.LBB6
 1360 0731 43070000 		.4byte	0x743
 1361 0735 18       		.uleb128 0x18
 1362 0736 746D7000 		.ascii	"tmp\000"
 1363 073a 01       		.byte	0x1
 1364 073b 94       		.byte	0x94
 1365 073c B4000000 		.4byte	0xb4
 1366 0740 01       		.uleb128 0x1
 1367 0741 53       		.byte	0x53
 1368 0742 00       		.byte	0
 1369 0743 19       		.uleb128 0x19
 1370 0744 74000000 		.4byte	.LBB7
 1371 0748 06000000 		.4byte	.LBE7-.LBB7
 1372 074c 18       		.uleb128 0x18
 1373 074d 746D7000 		.ascii	"tmp\000"
 1374 0751 01       		.byte	0x1
 1375 0752 98       		.byte	0x98
 1376 0753 B4000000 		.4byte	0xb4
 1377 0757 01       		.uleb128 0x1
 1378 0758 53       		.byte	0x53
 1379 0759 00       		.byte	0
 1380 075a 00       		.byte	0
 1381 075b 15       		.uleb128 0x15
 1382 075c 19010000 		.4byte	.LASF86
 1383 0760 01       		.byte	0x1
 1384 0761 B3       		.byte	0xb3
 1385 0762 5E020000 		.4byte	0x25e
 1386 0766 00000000 		.4byte	.LFB10
 1387 076a A0000000 		.4byte	.LFE10-.LFB10
 1388 076e 01       		.uleb128 0x1
 1389 076f 9C       		.byte	0x9c
 1390 0770 F8070000 		.4byte	0x7f8
 1391 0774 16       		.uleb128 0x16
 1392 0775 6D7000   		.ascii	"mp\000"
 1393 0778 01       		.byte	0x1
 1394 0779 B3       		.byte	0xb3
 1395 077a F8070000 		.4byte	0x7f8
 1396 077e 02       		.uleb128 0x2
 1397 077f 91       		.byte	0x91
 1398 0780 6C       		.sleb128 -20
 1399 0781 1C       		.uleb128 0x1c
 1400 0782 1C020000 		.4byte	.LASF85
 1401 0786 01       		.byte	0x1
 1402 0787 B3       		.byte	0xb3
 1403 0788 FD000000 		.4byte	0xfd
 1404 078c 02       		.uleb128 0x2
 1405 078d 91       		.byte	0x91
 1406 078e 68       		.sleb128 -24
 1407 078f 16       		.uleb128 0x16
 1408 0790 706600   		.ascii	"pf\000"
ARM GAS  /tmp/cc9AzfzH.s 			page 26


 1409 0793 01       		.byte	0x1
 1410 0794 B4       		.byte	0xb4
 1411 0795 D3050000 		.4byte	0x5d3
 1412 0799 02       		.uleb128 0x2
 1413 079a 91       		.byte	0x91
 1414 079b 64       		.sleb128 -28
 1415 079c 16       		.uleb128 0x16
 1416 079d 61726700 		.ascii	"arg\000"
 1417 07a1 01       		.byte	0x1
 1418 07a2 B4       		.byte	0xb4
 1419 07a3 9A020000 		.4byte	0x29a
 1420 07a7 02       		.uleb128 0x2
 1421 07a8 91       		.byte	0x91
 1422 07a9 60       		.sleb128 -32
 1423 07aa 18       		.uleb128 0x18
 1424 07ab 77737000 		.ascii	"wsp\000"
 1425 07af 01       		.byte	0x1
 1426 07b0 B5       		.byte	0xb5
 1427 07b1 9A020000 		.4byte	0x29a
 1428 07b5 02       		.uleb128 0x2
 1429 07b6 91       		.byte	0x91
 1430 07b7 74       		.sleb128 -12
 1431 07b8 18       		.uleb128 0x18
 1432 07b9 747000   		.ascii	"tp\000"
 1433 07bc 01       		.byte	0x1
 1434 07bd B6       		.byte	0xb6
 1435 07be 5E020000 		.4byte	0x25e
 1436 07c2 02       		.uleb128 0x2
 1437 07c3 91       		.byte	0x91
 1438 07c4 70       		.sleb128 -16
 1439 07c5 17       		.uleb128 0x17
 1440 07c6 50000000 		.4byte	.LBB8
 1441 07ca 06000000 		.4byte	.LBE8-.LBB8
 1442 07ce E0070000 		.4byte	0x7e0
 1443 07d2 18       		.uleb128 0x18
 1444 07d3 746D7000 		.ascii	"tmp\000"
 1445 07d7 01       		.byte	0x1
 1446 07d8 C7       		.byte	0xc7
 1447 07d9 B4000000 		.4byte	0xb4
 1448 07dd 01       		.uleb128 0x1
 1449 07de 53       		.byte	0x53
 1450 07df 00       		.byte	0
 1451 07e0 19       		.uleb128 0x19
 1452 07e1 8A000000 		.4byte	.LBB9
 1453 07e5 06000000 		.4byte	.LBE9-.LBB9
 1454 07e9 18       		.uleb128 0x18
 1455 07ea 746D7000 		.ascii	"tmp\000"
 1456 07ee 01       		.byte	0x1
 1457 07ef CC       		.byte	0xcc
 1458 07f0 B4000000 		.4byte	0xb4
 1459 07f4 01       		.uleb128 0x1
 1460 07f5 53       		.byte	0x53
 1461 07f6 00       		.byte	0
 1462 07f7 00       		.byte	0
 1463 07f8 09       		.uleb128 0x9
 1464 07f9 04       		.byte	0x4
 1465 07fa 75050000 		.4byte	0x575
ARM GAS  /tmp/cc9AzfzH.s 			page 27


 1466 07fe 00       		.byte	0
 1467              		.section	.debug_abbrev,"",%progbits
 1468              	.Ldebug_abbrev0:
 1469 0000 01       		.uleb128 0x1
 1470 0001 11       		.uleb128 0x11
 1471 0002 01       		.byte	0x1
 1472 0003 25       		.uleb128 0x25
 1473 0004 0E       		.uleb128 0xe
 1474 0005 13       		.uleb128 0x13
 1475 0006 0B       		.uleb128 0xb
 1476 0007 03       		.uleb128 0x3
 1477 0008 0E       		.uleb128 0xe
 1478 0009 55       		.uleb128 0x55
 1479 000a 17       		.uleb128 0x17
 1480 000b 11       		.uleb128 0x11
 1481 000c 01       		.uleb128 0x1
 1482 000d 10       		.uleb128 0x10
 1483 000e 17       		.uleb128 0x17
 1484 000f 00       		.byte	0
 1485 0010 00       		.byte	0
 1486 0011 02       		.uleb128 0x2
 1487 0012 24       		.uleb128 0x24
 1488 0013 00       		.byte	0
 1489 0014 0B       		.uleb128 0xb
 1490 0015 0B       		.uleb128 0xb
 1491 0016 3E       		.uleb128 0x3e
 1492 0017 0B       		.uleb128 0xb
 1493 0018 03       		.uleb128 0x3
 1494 0019 08       		.uleb128 0x8
 1495 001a 00       		.byte	0
 1496 001b 00       		.byte	0
 1497 001c 03       		.uleb128 0x3
 1498 001d 16       		.uleb128 0x16
 1499 001e 00       		.byte	0
 1500 001f 03       		.uleb128 0x3
 1501 0020 0E       		.uleb128 0xe
 1502 0021 3A       		.uleb128 0x3a
 1503 0022 0B       		.uleb128 0xb
 1504 0023 3B       		.uleb128 0x3b
 1505 0024 0B       		.uleb128 0xb
 1506 0025 49       		.uleb128 0x49
 1507 0026 13       		.uleb128 0x13
 1508 0027 00       		.byte	0
 1509 0028 00       		.byte	0
 1510 0029 04       		.uleb128 0x4
 1511 002a 24       		.uleb128 0x24
 1512 002b 00       		.byte	0
 1513 002c 0B       		.uleb128 0xb
 1514 002d 0B       		.uleb128 0xb
 1515 002e 3E       		.uleb128 0x3e
 1516 002f 0B       		.uleb128 0xb
 1517 0030 03       		.uleb128 0x3
 1518 0031 0E       		.uleb128 0xe
 1519 0032 00       		.byte	0
 1520 0033 00       		.byte	0
 1521 0034 05       		.uleb128 0x5
 1522 0035 13       		.uleb128 0x13
ARM GAS  /tmp/cc9AzfzH.s 			page 28


 1523 0036 01       		.byte	0x1
 1524 0037 03       		.uleb128 0x3
 1525 0038 0E       		.uleb128 0xe
 1526 0039 0B       		.uleb128 0xb
 1527 003a 0B       		.uleb128 0xb
 1528 003b 3A       		.uleb128 0x3a
 1529 003c 0B       		.uleb128 0xb
 1530 003d 3B       		.uleb128 0x3b
 1531 003e 0B       		.uleb128 0xb
 1532 003f 01       		.uleb128 0x1
 1533 0040 13       		.uleb128 0x13
 1534 0041 00       		.byte	0
 1535 0042 00       		.byte	0
 1536 0043 06       		.uleb128 0x6
 1537 0044 0D       		.uleb128 0xd
 1538 0045 00       		.byte	0
 1539 0046 03       		.uleb128 0x3
 1540 0047 0E       		.uleb128 0xe
 1541 0048 3A       		.uleb128 0x3a
 1542 0049 0B       		.uleb128 0xb
 1543 004a 3B       		.uleb128 0x3b
 1544 004b 0B       		.uleb128 0xb
 1545 004c 49       		.uleb128 0x49
 1546 004d 13       		.uleb128 0x13
 1547 004e 38       		.uleb128 0x38
 1548 004f 0B       		.uleb128 0xb
 1549 0050 00       		.byte	0
 1550 0051 00       		.byte	0
 1551 0052 07       		.uleb128 0x7
 1552 0053 0D       		.uleb128 0xd
 1553 0054 00       		.byte	0
 1554 0055 03       		.uleb128 0x3
 1555 0056 08       		.uleb128 0x8
 1556 0057 3A       		.uleb128 0x3a
 1557 0058 0B       		.uleb128 0xb
 1558 0059 3B       		.uleb128 0x3b
 1559 005a 0B       		.uleb128 0xb
 1560 005b 49       		.uleb128 0x49
 1561 005c 13       		.uleb128 0x13
 1562 005d 38       		.uleb128 0x38
 1563 005e 0B       		.uleb128 0xb
 1564 005f 00       		.byte	0
 1565 0060 00       		.byte	0
 1566 0061 08       		.uleb128 0x8
 1567 0062 13       		.uleb128 0x13
 1568 0063 01       		.byte	0x1
 1569 0064 0B       		.uleb128 0xb
 1570 0065 0B       		.uleb128 0xb
 1571 0066 3A       		.uleb128 0x3a
 1572 0067 0B       		.uleb128 0xb
 1573 0068 3B       		.uleb128 0x3b
 1574 0069 0B       		.uleb128 0xb
 1575 006a 01       		.uleb128 0x1
 1576 006b 13       		.uleb128 0x13
 1577 006c 00       		.byte	0
 1578 006d 00       		.byte	0
 1579 006e 09       		.uleb128 0x9
ARM GAS  /tmp/cc9AzfzH.s 			page 29


 1580 006f 0F       		.uleb128 0xf
 1581 0070 00       		.byte	0
 1582 0071 0B       		.uleb128 0xb
 1583 0072 0B       		.uleb128 0xb
 1584 0073 49       		.uleb128 0x49
 1585 0074 13       		.uleb128 0x13
 1586 0075 00       		.byte	0
 1587 0076 00       		.byte	0
 1588 0077 0A       		.uleb128 0xa
 1589 0078 0F       		.uleb128 0xf
 1590 0079 00       		.byte	0
 1591 007a 0B       		.uleb128 0xb
 1592 007b 0B       		.uleb128 0xb
 1593 007c 00       		.byte	0
 1594 007d 00       		.byte	0
 1595 007e 0B       		.uleb128 0xb
 1596 007f 13       		.uleb128 0x13
 1597 0080 01       		.byte	0x1
 1598 0081 03       		.uleb128 0x3
 1599 0082 0E       		.uleb128 0xe
 1600 0083 0B       		.uleb128 0xb
 1601 0084 0B       		.uleb128 0xb
 1602 0085 3A       		.uleb128 0x3a
 1603 0086 0B       		.uleb128 0xb
 1604 0087 3B       		.uleb128 0x3b
 1605 0088 05       		.uleb128 0x5
 1606 0089 01       		.uleb128 0x1
 1607 008a 13       		.uleb128 0x13
 1608 008b 00       		.byte	0
 1609 008c 00       		.byte	0
 1610 008d 0C       		.uleb128 0xc
 1611 008e 0D       		.uleb128 0xd
 1612 008f 00       		.byte	0
 1613 0090 03       		.uleb128 0x3
 1614 0091 08       		.uleb128 0x8
 1615 0092 3A       		.uleb128 0x3a
 1616 0093 0B       		.uleb128 0xb
 1617 0094 3B       		.uleb128 0x3b
 1618 0095 05       		.uleb128 0x5
 1619 0096 49       		.uleb128 0x49
 1620 0097 13       		.uleb128 0x13
 1621 0098 38       		.uleb128 0x38
 1622 0099 0B       		.uleb128 0xb
 1623 009a 00       		.byte	0
 1624 009b 00       		.byte	0
 1625 009c 0D       		.uleb128 0xd
 1626 009d 35       		.uleb128 0x35
 1627 009e 00       		.byte	0
 1628 009f 49       		.uleb128 0x49
 1629 00a0 13       		.uleb128 0x13
 1630 00a1 00       		.byte	0
 1631 00a2 00       		.byte	0
 1632 00a3 0E       		.uleb128 0xe
 1633 00a4 15       		.uleb128 0x15
 1634 00a5 01       		.byte	0x1
 1635 00a6 27       		.uleb128 0x27
 1636 00a7 19       		.uleb128 0x19
ARM GAS  /tmp/cc9AzfzH.s 			page 30


 1637 00a8 49       		.uleb128 0x49
 1638 00a9 13       		.uleb128 0x13
 1639 00aa 01       		.uleb128 0x1
 1640 00ab 13       		.uleb128 0x13
 1641 00ac 00       		.byte	0
 1642 00ad 00       		.byte	0
 1643 00ae 0F       		.uleb128 0xf
 1644 00af 05       		.uleb128 0x5
 1645 00b0 00       		.byte	0
 1646 00b1 49       		.uleb128 0x49
 1647 00b2 13       		.uleb128 0x13
 1648 00b3 00       		.byte	0
 1649 00b4 00       		.byte	0
 1650 00b5 10       		.uleb128 0x10
 1651 00b6 17       		.uleb128 0x17
 1652 00b7 01       		.byte	0x1
 1653 00b8 0B       		.uleb128 0xb
 1654 00b9 0B       		.uleb128 0xb
 1655 00ba 3A       		.uleb128 0x3a
 1656 00bb 0B       		.uleb128 0xb
 1657 00bc 3B       		.uleb128 0x3b
 1658 00bd 0B       		.uleb128 0xb
 1659 00be 01       		.uleb128 0x1
 1660 00bf 13       		.uleb128 0x13
 1661 00c0 00       		.byte	0
 1662 00c1 00       		.byte	0
 1663 00c2 11       		.uleb128 0x11
 1664 00c3 0D       		.uleb128 0xd
 1665 00c4 00       		.byte	0
 1666 00c5 03       		.uleb128 0x3
 1667 00c6 0E       		.uleb128 0xe
 1668 00c7 3A       		.uleb128 0x3a
 1669 00c8 0B       		.uleb128 0xb
 1670 00c9 3B       		.uleb128 0x3b
 1671 00ca 0B       		.uleb128 0xb
 1672 00cb 49       		.uleb128 0x49
 1673 00cc 13       		.uleb128 0x13
 1674 00cd 00       		.byte	0
 1675 00ce 00       		.byte	0
 1676 00cf 12       		.uleb128 0x12
 1677 00d0 17       		.uleb128 0x17
 1678 00d1 01       		.byte	0x1
 1679 00d2 03       		.uleb128 0x3
 1680 00d3 0E       		.uleb128 0xe
 1681 00d4 0B       		.uleb128 0xb
 1682 00d5 0B       		.uleb128 0xb
 1683 00d6 3A       		.uleb128 0x3a
 1684 00d7 0B       		.uleb128 0xb
 1685 00d8 3B       		.uleb128 0x3b
 1686 00d9 0B       		.uleb128 0xb
 1687 00da 01       		.uleb128 0x1
 1688 00db 13       		.uleb128 0x13
 1689 00dc 00       		.byte	0
 1690 00dd 00       		.byte	0
 1691 00de 13       		.uleb128 0x13
 1692 00df 0D       		.uleb128 0xd
 1693 00e0 00       		.byte	0
ARM GAS  /tmp/cc9AzfzH.s 			page 31


 1694 00e1 03       		.uleb128 0x3
 1695 00e2 08       		.uleb128 0x8
 1696 00e3 3A       		.uleb128 0x3a
 1697 00e4 0B       		.uleb128 0xb
 1698 00e5 3B       		.uleb128 0x3b
 1699 00e6 0B       		.uleb128 0xb
 1700 00e7 49       		.uleb128 0x49
 1701 00e8 13       		.uleb128 0x13
 1702 00e9 00       		.byte	0
 1703 00ea 00       		.byte	0
 1704 00eb 14       		.uleb128 0x14
 1705 00ec 26       		.uleb128 0x26
 1706 00ed 00       		.byte	0
 1707 00ee 49       		.uleb128 0x49
 1708 00ef 13       		.uleb128 0x13
 1709 00f0 00       		.byte	0
 1710 00f1 00       		.byte	0
 1711 00f2 15       		.uleb128 0x15
 1712 00f3 2E       		.uleb128 0x2e
 1713 00f4 01       		.byte	0x1
 1714 00f5 3F       		.uleb128 0x3f
 1715 00f6 19       		.uleb128 0x19
 1716 00f7 03       		.uleb128 0x3
 1717 00f8 0E       		.uleb128 0xe
 1718 00f9 3A       		.uleb128 0x3a
 1719 00fa 0B       		.uleb128 0xb
 1720 00fb 3B       		.uleb128 0x3b
 1721 00fc 0B       		.uleb128 0xb
 1722 00fd 27       		.uleb128 0x27
 1723 00fe 19       		.uleb128 0x19
 1724 00ff 49       		.uleb128 0x49
 1725 0100 13       		.uleb128 0x13
 1726 0101 11       		.uleb128 0x11
 1727 0102 01       		.uleb128 0x1
 1728 0103 12       		.uleb128 0x12
 1729 0104 06       		.uleb128 0x6
 1730 0105 40       		.uleb128 0x40
 1731 0106 18       		.uleb128 0x18
 1732 0107 9642     		.uleb128 0x2116
 1733 0109 19       		.uleb128 0x19
 1734 010a 01       		.uleb128 0x1
 1735 010b 13       		.uleb128 0x13
 1736 010c 00       		.byte	0
 1737 010d 00       		.byte	0
 1738 010e 16       		.uleb128 0x16
 1739 010f 05       		.uleb128 0x5
 1740 0110 00       		.byte	0
 1741 0111 03       		.uleb128 0x3
 1742 0112 08       		.uleb128 0x8
 1743 0113 3A       		.uleb128 0x3a
 1744 0114 0B       		.uleb128 0xb
 1745 0115 3B       		.uleb128 0x3b
 1746 0116 0B       		.uleb128 0xb
 1747 0117 49       		.uleb128 0x49
 1748 0118 13       		.uleb128 0x13
 1749 0119 02       		.uleb128 0x2
 1750 011a 18       		.uleb128 0x18
ARM GAS  /tmp/cc9AzfzH.s 			page 32


 1751 011b 00       		.byte	0
 1752 011c 00       		.byte	0
 1753 011d 17       		.uleb128 0x17
 1754 011e 0B       		.uleb128 0xb
 1755 011f 01       		.byte	0x1
 1756 0120 11       		.uleb128 0x11
 1757 0121 01       		.uleb128 0x1
 1758 0122 12       		.uleb128 0x12
 1759 0123 06       		.uleb128 0x6
 1760 0124 01       		.uleb128 0x1
 1761 0125 13       		.uleb128 0x13
 1762 0126 00       		.byte	0
 1763 0127 00       		.byte	0
 1764 0128 18       		.uleb128 0x18
 1765 0129 34       		.uleb128 0x34
 1766 012a 00       		.byte	0
 1767 012b 03       		.uleb128 0x3
 1768 012c 08       		.uleb128 0x8
 1769 012d 3A       		.uleb128 0x3a
 1770 012e 0B       		.uleb128 0xb
 1771 012f 3B       		.uleb128 0x3b
 1772 0130 0B       		.uleb128 0xb
 1773 0131 49       		.uleb128 0x49
 1774 0132 13       		.uleb128 0x13
 1775 0133 02       		.uleb128 0x2
 1776 0134 18       		.uleb128 0x18
 1777 0135 00       		.byte	0
 1778 0136 00       		.byte	0
 1779 0137 19       		.uleb128 0x19
 1780 0138 0B       		.uleb128 0xb
 1781 0139 01       		.byte	0x1
 1782 013a 11       		.uleb128 0x11
 1783 013b 01       		.uleb128 0x1
 1784 013c 12       		.uleb128 0x12
 1785 013d 06       		.uleb128 0x6
 1786 013e 00       		.byte	0
 1787 013f 00       		.byte	0
 1788 0140 1A       		.uleb128 0x1a
 1789 0141 2E       		.uleb128 0x2e
 1790 0142 01       		.byte	0x1
 1791 0143 3F       		.uleb128 0x3f
 1792 0144 19       		.uleb128 0x19
 1793 0145 03       		.uleb128 0x3
 1794 0146 0E       		.uleb128 0xe
 1795 0147 3A       		.uleb128 0x3a
 1796 0148 0B       		.uleb128 0xb
 1797 0149 3B       		.uleb128 0x3b
 1798 014a 0B       		.uleb128 0xb
 1799 014b 27       		.uleb128 0x27
 1800 014c 19       		.uleb128 0x19
 1801 014d 11       		.uleb128 0x11
 1802 014e 01       		.uleb128 0x1
 1803 014f 12       		.uleb128 0x12
 1804 0150 06       		.uleb128 0x6
 1805 0151 40       		.uleb128 0x40
 1806 0152 18       		.uleb128 0x18
 1807 0153 9642     		.uleb128 0x2116
ARM GAS  /tmp/cc9AzfzH.s 			page 33


 1808 0155 19       		.uleb128 0x19
 1809 0156 01       		.uleb128 0x1
 1810 0157 13       		.uleb128 0x13
 1811 0158 00       		.byte	0
 1812 0159 00       		.byte	0
 1813 015a 1B       		.uleb128 0x1b
 1814 015b 34       		.uleb128 0x34
 1815 015c 00       		.byte	0
 1816 015d 03       		.uleb128 0x3
 1817 015e 0E       		.uleb128 0xe
 1818 015f 3A       		.uleb128 0x3a
 1819 0160 0B       		.uleb128 0xb
 1820 0161 3B       		.uleb128 0x3b
 1821 0162 0B       		.uleb128 0xb
 1822 0163 49       		.uleb128 0x49
 1823 0164 13       		.uleb128 0x13
 1824 0165 02       		.uleb128 0x2
 1825 0166 18       		.uleb128 0x18
 1826 0167 00       		.byte	0
 1827 0168 00       		.byte	0
 1828 0169 1C       		.uleb128 0x1c
 1829 016a 05       		.uleb128 0x5
 1830 016b 00       		.byte	0
 1831 016c 03       		.uleb128 0x3
 1832 016d 0E       		.uleb128 0xe
 1833 016e 3A       		.uleb128 0x3a
 1834 016f 0B       		.uleb128 0xb
 1835 0170 3B       		.uleb128 0x3b
 1836 0171 0B       		.uleb128 0xb
 1837 0172 49       		.uleb128 0x49
 1838 0173 13       		.uleb128 0x13
 1839 0174 02       		.uleb128 0x2
 1840 0175 18       		.uleb128 0x18
 1841 0176 00       		.byte	0
 1842 0177 00       		.byte	0
 1843 0178 00       		.byte	0
 1844              		.section	.debug_aranges,"",%progbits
 1845 0000 34000000 		.4byte	0x34
 1846 0004 0200     		.2byte	0x2
 1847 0006 00000000 		.4byte	.Ldebug_info0
 1848 000a 04       		.byte	0x4
 1849 000b 00       		.byte	0
 1850 000c 0000     		.2byte	0
 1851 000e 0000     		.2byte	0
 1852 0010 00000000 		.4byte	.LFB7
 1853 0014 48000000 		.4byte	.LFE7-.LFB7
 1854 0018 00000000 		.4byte	.LFB8
 1855 001c B4000000 		.4byte	.LFE8-.LFB8
 1856 0020 00000000 		.4byte	.LFB9
 1857 0024 84000000 		.4byte	.LFE9-.LFB9
 1858 0028 00000000 		.4byte	.LFB10
 1859 002c A0000000 		.4byte	.LFE10-.LFB10
 1860 0030 00000000 		.4byte	0
 1861 0034 00000000 		.4byte	0
 1862              		.section	.debug_ranges,"",%progbits
 1863              	.Ldebug_ranges0:
 1864 0000 00000000 		.4byte	.LFB7
ARM GAS  /tmp/cc9AzfzH.s 			page 34


 1865 0004 48000000 		.4byte	.LFE7
 1866 0008 00000000 		.4byte	.LFB8
 1867 000c B4000000 		.4byte	.LFE8
 1868 0010 00000000 		.4byte	.LFB9
 1869 0014 84000000 		.4byte	.LFE9
 1870 0018 00000000 		.4byte	.LFB10
 1871 001c A0000000 		.4byte	.LFE10
 1872 0020 00000000 		.4byte	0
 1873 0024 00000000 		.4byte	0
 1874              		.section	.debug_line,"",%progbits
 1875              	.Ldebug_line0:
 1876 0000 38020000 		.section	.debug_str,"MS",%progbits,1
 1876      0200A801 
 1876      00000201 
 1876      FB0E0D00 
 1876      01010101 
 1877              	.LASF80:
 1878 0000 7466756E 		.ascii	"tfunc_t\000"
 1878      635F7400 
 1879              	.LASF43:
 1880 0008 705F6D73 		.ascii	"p_msg\000"
 1880      6700
 1881              	.LASF2:
 1882 000e 73697A65 		.ascii	"size_t\000"
 1882      5F7400
 1883              	.LASF75:
 1884 0015 7264796D 		.ascii	"rdymsg\000"
 1884      736700
 1885              	.LASF17:
 1886 001c 75696E74 		.ascii	"uint64_t\000"
 1886      36345F74 
 1886      00
 1887              	.LASF3:
 1888 0025 5F5F7569 		.ascii	"__uint8_t\000"
 1888      6E74385F 
 1888      7400
 1889              	.LASF74:
 1890 002f 4D656D6F 		.ascii	"MemoryPool\000"
 1890      7279506F 
 1890      6F6C00
 1891              	.LASF59:
 1892 003a 6D656D67 		.ascii	"memgetfunc_t\000"
 1892      65746675 
 1892      6E635F74 
 1892      00
 1893              	.LASF13:
 1894 0047 6C6F6E67 		.ascii	"long long unsigned int\000"
 1894      206C6F6E 
 1894      6720756E 
 1894      7369676E 
 1894      65642069 
 1895              	.LASF63:
 1896 005e 685F6672 		.ascii	"h_free\000"
 1896      656500
 1897              	.LASF84:
 1898 0065 68656170 		.ascii	"heapp\000"
 1898      7000
ARM GAS  /tmp/cc9AzfzH.s 			page 35


 1899              	.LASF65:
 1900 006b 6E657874 		.ascii	"next\000"
 1900      00
 1901              	.LASF30:
 1902 0070 705F7072 		.ascii	"p_prio\000"
 1902      696F00
 1903              	.LASF11:
 1904 0077 6C6F6E67 		.ascii	"long long int\000"
 1904      206C6F6E 
 1904      6720696E 
 1904      7400
 1905              	.LASF1:
 1906 0085 7369676E 		.ascii	"signed char\000"
 1906      65642063 
 1906      68617200 
 1907              	.LASF64:
 1908 0091 685F6D74 		.ascii	"h_mtx\000"
 1908      7800
 1909              	.LASF47:
 1910 0097 705F6D70 		.ascii	"p_mpool\000"
 1910      6F6F6C00 
 1911              	.LASF56:
 1912 009f 6D5F7175 		.ascii	"m_queue\000"
 1912      65756500 
 1913              	.LASF88:
 1914 00a7 2F686F6D 		.ascii	"/home/dave/r2p-sdk/core/ChibiOS/os/kernel/src/chdyn"
 1914      652F6461 
 1914      76652F72 
 1914      32702D73 
 1914      646B2F63 
 1915 00da 616D6963 		.ascii	"amic.c\000"
 1915      2E6300
 1916              	.LASF22:
 1917 00e1 74736C69 		.ascii	"tslices_t\000"
 1917      6365735F 
 1917      7400
 1918              	.LASF8:
 1919 00eb 6C6F6E67 		.ascii	"long int\000"
 1919      20696E74 
 1919      00
 1920              	.LASF83:
 1921 00f4 63685468 		.ascii	"chThdCreateFromHeap\000"
 1921      64437265 
 1921      61746546 
 1921      726F6D48 
 1921      65617000 
 1922              	.LASF20:
 1923 0108 74737461 		.ascii	"tstate_t\000"
 1923      74655F74 
 1923      00
 1924              	.LASF32:
 1925 0111 705F6E65 		.ascii	"p_newer\000"
 1925      77657200 
 1926              	.LASF86:
 1927 0119 63685468 		.ascii	"chThdCreateFromMemoryPool\000"
 1927      64437265 
 1927      61746546 
ARM GAS  /tmp/cc9AzfzH.s 			page 36


 1927      726F6D4D 
 1927      656D6F72 
 1928              	.LASF76:
 1929 0133 65786974 		.ascii	"exitcode\000"
 1929      636F6465 
 1929      00
 1930              	.LASF9:
 1931 013c 5F5F7569 		.ascii	"__uint32_t\000"
 1931      6E743332 
 1931      5F7400
 1932              	.LASF73:
 1933 0147 6D705F70 		.ascii	"mp_provider\000"
 1933      726F7669 
 1933      64657200 
 1934              	.LASF50:
 1935 0153 72656761 		.ascii	"regarm_t\000"
 1935      726D5F74 
 1935      00
 1936              	.LASF67:
 1937 015c 616C6967 		.ascii	"align\000"
 1937      6E00
 1938              	.LASF35:
 1939 0162 705F7374 		.ascii	"p_stklimit\000"
 1939      6B6C696D 
 1939      697400
 1940              	.LASF0:
 1941 016d 756E7369 		.ascii	"unsigned int\000"
 1941      676E6564 
 1941      20696E74 
 1941      00
 1942              	.LASF10:
 1943 017a 6C6F6E67 		.ascii	"long unsigned int\000"
 1943      20756E73 
 1943      69676E65 
 1943      6420696E 
 1943      7400
 1944              	.LASF53:
 1945 018c 636F6E74 		.ascii	"context\000"
 1945      65787400 
 1946              	.LASF68:
 1947 0194 73697A65 		.ascii	"size\000"
 1947      00
 1948              	.LASF6:
 1949 0199 73686F72 		.ascii	"short unsigned int\000"
 1949      7420756E 
 1949      7369676E 
 1949      65642069 
 1949      6E7400
 1950              	.LASF24:
 1951 01ac 6D73675F 		.ascii	"msg_t\000"
 1951      7400
 1952              	.LASF19:
 1953 01b2 746D6F64 		.ascii	"tmode_t\000"
 1953      655F7400 
 1954              	.LASF49:
 1955 01ba 54687265 		.ascii	"ThreadsList\000"
 1955      6164734C 
ARM GAS  /tmp/cc9AzfzH.s 			page 37


 1955      69737400 
 1956              	.LASF25:
 1957 01c6 6576656E 		.ascii	"eventmask_t\000"
 1957      746D6173 
 1957      6B5F7400 
 1958              	.LASF55:
 1959 01d2 4D757465 		.ascii	"Mutex\000"
 1959      7800
 1960              	.LASF82:
 1961 01d8 63685468 		.ascii	"chThdAddRef\000"
 1961      64416464 
 1961      52656600 
 1962              	.LASF51:
 1963 01e4 73746B61 		.ascii	"stkalign_t\000"
 1963      6C69676E 
 1963      5F7400
 1964              	.LASF54:
 1965 01ef 73697A65 		.ascii	"sizetype\000"
 1965      74797065 
 1965      00
 1966              	.LASF33:
 1967 01f8 705F6F6C 		.ascii	"p_older\000"
 1967      64657200 
 1968              	.LASF48:
 1969 0200 54687265 		.ascii	"ThreadsQueue\000"
 1969      61647351 
 1969      75657565 
 1969      00
 1970              	.LASF72:
 1971 020d 6D705F6F 		.ascii	"mp_object_size\000"
 1971      626A6563 
 1971      745F7369 
 1971      7A6500
 1972              	.LASF85:
 1973 021c 7072696F 		.ascii	"prio\000"
 1973      00
 1974              	.LASF60:
 1975 0221 4D656D6F 		.ascii	"MemoryHeap\000"
 1975      72794865 
 1975      617000
 1976              	.LASF12:
 1977 022c 5F5F7569 		.ascii	"__uint64_t\000"
 1977      6E743634 
 1977      5F7400
 1978              	.LASF70:
 1979 0237 70685F6E 		.ascii	"ph_next\000"
 1979      65787400 
 1980              	.LASF21:
 1981 023f 74726566 		.ascii	"trefs_t\000"
 1981      735F7400 
 1982              	.LASF81:
 1983 0247 72656673 		.ascii	"refs\000"
 1983      00
 1984              	.LASF29:
 1985 024c 705F7072 		.ascii	"p_prev\000"
 1985      657600
 1986              	.LASF23:
ARM GAS  /tmp/cc9AzfzH.s 			page 38


 1987 0253 74707269 		.ascii	"tprio_t\000"
 1987      6F5F7400 
 1988              	.LASF18:
 1989 025b 5F426F6F 		.ascii	"_Bool\000"
 1989      6C00
 1990              	.LASF15:
 1991 0261 696E7433 		.ascii	"int32_t\000"
 1991      325F7400 
 1992              	.LASF4:
 1993 0269 756E7369 		.ascii	"unsigned char\000"
 1993      676E6564 
 1993      20636861 
 1993      7200
 1994              	.LASF62:
 1995 0277 685F7072 		.ascii	"h_provider\000"
 1995      6F766964 
 1995      657200
 1996              	.LASF45:
 1997 0282 705F6D74 		.ascii	"p_mtxlist\000"
 1997      786C6973 
 1997      7400
 1998              	.LASF5:
 1999 028c 73686F72 		.ascii	"short int\000"
 1999      7420696E 
 1999      7400
 2000              	.LASF36:
 2001 0296 705F7374 		.ascii	"p_state\000"
 2001      61746500 
 2002              	.LASF39:
 2003 029e 705F7072 		.ascii	"p_preempt\000"
 2003      65656D70 
 2003      7400
 2004              	.LASF89:
 2005 02a8 68656170 		.ascii	"heap_header\000"
 2005      5F686561 
 2005      64657200 
 2006              	.LASF87:
 2007 02b4 474E5520 		.ascii	"GNU C 4.8.4 20141219 (release) -mcpu=cortex-m4 -mfl"
 2007      4320342E 
 2007      382E3420 
 2007      32303134 
 2007      31323139 
 2008 02e7 6F61742D 		.ascii	"oat-abi=hard -mfpu=fpv4-sp-d16 -mno-thumb-interwork"
 2008      6162693D 
 2008      68617264 
 2008      202D6D66 
 2008      70753D66 
 2009 031a 202D6D74 		.ascii	" -mthumb -ggdb -O0 -fomit-frame-pointer -falign-fun"
 2009      68756D62 
 2009      202D6767 
 2009      6462202D 
 2009      4F30202D 
 2010 034d 6374696F 		.ascii	"ctions=16 -ffunction-sections -fdata-sections -fno-"
 2010      6E733D31 
 2010      36202D66 
 2010      66756E63 
 2010      74696F6E 
ARM GAS  /tmp/cc9AzfzH.s 			page 39


 2011 0380 636F6D6D 		.ascii	"common -fsingle-precision-constant\000"
 2011      6F6E202D 
 2011      6673696E 
 2011      676C652D 
 2011      70726563 
 2012              	.LASF28:
 2013 03a3 705F6E65 		.ascii	"p_next\000"
 2013      787400
 2014              	.LASF37:
 2015 03aa 705F666C 		.ascii	"p_flags\000"
 2015      61677300 
 2016              	.LASF90:
 2017 03b2 63685468 		.ascii	"chThdRelease\000"
 2017      6452656C 
 2017      65617365 
 2017      00
 2018              	.LASF27:
 2019 03bf 54687265 		.ascii	"Thread\000"
 2019      616400
 2020              	.LASF44:
 2021 03c6 705F6570 		.ascii	"p_epending\000"
 2021      656E6469 
 2021      6E6700
 2022              	.LASF16:
 2023 03d1 75696E74 		.ascii	"uint32_t\000"
 2023      33325F74 
 2023      00
 2024              	.LASF66:
 2025 03da 68656170 		.ascii	"heap\000"
 2025      00
 2026              	.LASF79:
 2027 03df 63686172 		.ascii	"char\000"
 2027      00
 2028              	.LASF58:
 2029 03e4 6D5F6E65 		.ascii	"m_next\000"
 2029      787400
 2030              	.LASF26:
 2031 03eb 73797374 		.ascii	"systime_t\000"
 2031      696D655F 
 2031      7400
 2032              	.LASF46:
 2033 03f5 705F7265 		.ascii	"p_realprio\000"
 2033      616C7072 
 2033      696F00
 2034              	.LASF7:
 2035 0400 5F5F696E 		.ascii	"__int32_t\000"
 2035      7433325F 
 2035      7400
 2036              	.LASF71:
 2037 040a 6D705F6E 		.ascii	"mp_next\000"
 2037      65787400 
 2038              	.LASF40:
 2039 0412 705F7469 		.ascii	"p_time\000"
 2039      6D6500
 2040              	.LASF52:
 2041 0419 696E7463 		.ascii	"intctx\000"
 2041      747800
ARM GAS  /tmp/cc9AzfzH.s 			page 40


 2042              	.LASF42:
 2043 0420 705F6D73 		.ascii	"p_msgqueue\000"
 2043      67717565 
 2043      756500
 2044              	.LASF69:
 2045 042b 706F6F6C 		.ascii	"pool_header\000"
 2045      5F686561 
 2045      64657200 
 2046              	.LASF38:
 2047 0437 705F7265 		.ascii	"p_refs\000"
 2047      667300
 2048              	.LASF14:
 2049 043e 75696E74 		.ascii	"uint8_t\000"
 2049      385F7400 
 2050              	.LASF78:
 2051 0446 65776D61 		.ascii	"ewmask\000"
 2051      736B00
 2052              	.LASF77:
 2053 044d 77746F62 		.ascii	"wtobjp\000"
 2053      6A7000
 2054              	.LASF34:
 2055 0454 705F6E61 		.ascii	"p_name\000"
 2055      6D6500
 2056              	.LASF57:
 2057 045b 6D5F6F77 		.ascii	"m_owner\000"
 2057      6E657200 
 2058              	.LASF31:
 2059 0463 705F6374 		.ascii	"p_ctx\000"
 2059      7800
 2060              	.LASF41:
 2061 0469 705F7761 		.ascii	"p_waiting\000"
 2061      6974696E 
 2061      6700
 2062              	.LASF61:
 2063 0473 6D656D6F 		.ascii	"memory_heap\000"
 2063      72795F68 
 2063      65617000 
 2064              		.ident	"GCC: (4.8.4-1+11-1) 4.8.4 20141219 (release)"
ARM GAS  /tmp/cc9AzfzH.s 			page 41


DEFINED SYMBOLS
                            *ABS*:0000000000000000 chdynamic.c
     /tmp/cc9AzfzH.s:21     .rodata:0000000000000000 $d
     /tmp/cc9AzfzH.s:25     .text.chThdAddRef:0000000000000000 $t
     /tmp/cc9AzfzH.s:31     .text.chThdAddRef:0000000000000000 chThdAddRef
     /tmp/cc9AzfzH.s:88     .text.chThdAddRef:0000000000000044 $d
     /tmp/cc9AzfzH.s:97     .text.chThdRelease:0000000000000000 $t
     /tmp/cc9AzfzH.s:103    .text.chThdRelease:0000000000000000 chThdRelease
     /tmp/cc9AzfzH.s:215    .text.chThdRelease:00000000000000b0 $d
     /tmp/cc9AzfzH.s:220    .text.chThdCreateFromHeap:0000000000000000 $t
     /tmp/cc9AzfzH.s:226    .text.chThdCreateFromHeap:0000000000000000 chThdCreateFromHeap
     /tmp/cc9AzfzH.s:322    .text.chThdCreateFromMemoryPool:0000000000000000 $t
     /tmp/cc9AzfzH.s:328    .text.chThdCreateFromMemoryPool:0000000000000000 chThdCreateFromMemoryPool
     /tmp/cc9AzfzH.s:435    .text.chThdCreateFromMemoryPool:000000000000009c $d
                     .debug_frame:0000000000000010 $d
     /tmp/cc9AzfzH.s:92     .text.chThdAddRef:0000000000000048 $t
     /tmp/cc9AzfzH.s:219    .text.chThdRelease:00000000000000b4 $t

UNDEFINED SYMBOLS
dbg_check_lock
chDbgPanic
dbg_check_unlock
chHeapFree
chPoolFree
chHeapAlloc
_thread_memfill
chThdCreateI
chSchWakeupS
chPoolAlloc
