ARM GAS  /tmp/ccNGBAsD.s 			page 1


   1              		.syntax unified
   2              		.cpu cortex-m4
   3              		.eabi_attribute 27, 3
   4              		.eabi_attribute 28, 1
   5              		.fpu fpv4-sp-d16
   6              		.eabi_attribute 20, 1
   7              		.eabi_attribute 21, 1
   8              		.eabi_attribute 23, 3
   9              		.eabi_attribute 24, 1
  10              		.eabi_attribute 25, 1
  11              		.eabi_attribute 26, 1
  12              		.eabi_attribute 30, 6
  13              		.eabi_attribute 34, 1
  14              		.eabi_attribute 18, 4
  15              		.thumb
  16              		.file	"chnew.cpp"
  17              		.text
  18              	.Ltext0:
  19              		.cfi_sections	.debug_frame
  20              		.section	.text._Znwj,"ax",%progbits
  21              		.align	2
  22              		.p2align 4,,15
  23              		.global	_Znwj
  24              		.thumb
  25              		.thumb_func
  26              		.type	_Znwj, %function
  27              	_Znwj:
  28              	.LFB7:
  29              		.file 1 "/home/dave/r2p-sdk/modules/USB_module/chnew.cpp"
  30              		.loc 1 5 0
  31              		.cfi_startproc
  32              		@ args = 0, pretend = 0, frame = 8
  33              		@ frame_needed = 0, uses_anonymous_args = 0
  34 0000 00B5     		push	{lr}
  35              		.cfi_def_cfa_offset 4
  36              		.cfi_offset 14, -4
  37 0002 83B0     		sub	sp, sp, #12
  38              		.cfi_def_cfa_offset 16
  39 0004 0190     		str	r0, [sp, #4]
  40              		.loc 1 7 0
  41 0006 019B     		ldr	r3, [sp, #4]
  42 0008 002B     		cmp	r3, #0
  43 000a 01D0     		beq	.L2
  44              		.loc 1 7 0 is_stmt 0 discriminator 1
  45 000c 019B     		ldr	r3, [sp, #4]
  46 000e 00E0     		b	.L3
  47              	.L2:
  48              		.loc 1 7 0 discriminator 2
  49 0010 0123     		movs	r3, #1
  50              	.L3:
  51              		.loc 1 7 0 discriminator 3
  52 0012 0020     		movs	r0, #0
  53 0014 1946     		mov	r1, r3
  54 0016 FFF7FEFF 		bl	chHeapAlloc
  55 001a 0346     		mov	r3, r0
  56              		.loc 1 8 0 is_stmt 1 discriminator 3
  57 001c 1846     		mov	r0, r3
ARM GAS  /tmp/ccNGBAsD.s 			page 2


  58 001e 03B0     		add	sp, sp, #12
  59              		@ sp needed
  60 0020 5DF804FB 		ldr	pc, [sp], #4
  61              		.cfi_endproc
  62              	.LFE7:
  63              		.size	_Znwj, .-_Znwj
  64 0024 AFF30080 		.section	.text._ZnwjP11memory_heap,"ax",%progbits
  64      AFF30080 
  64      AFF30080 
  65              		.align	2
  66              		.p2align 4,,15
  67              		.global	_ZnwjP11memory_heap
  68              		.thumb
  69              		.thumb_func
  70              		.type	_ZnwjP11memory_heap, %function
  71              	_ZnwjP11memory_heap:
  72              	.LFB8:
  73              		.loc 1 11 0
  74              		.cfi_startproc
  75              		@ args = 0, pretend = 0, frame = 8
  76              		@ frame_needed = 0, uses_anonymous_args = 0
  77 0000 00B5     		push	{lr}
  78              		.cfi_def_cfa_offset 4
  79              		.cfi_offset 14, -4
  80 0002 83B0     		sub	sp, sp, #12
  81              		.cfi_def_cfa_offset 16
  82 0004 0190     		str	r0, [sp, #4]
  83 0006 0091     		str	r1, [sp]
  84              		.loc 1 13 0
  85 0008 019B     		ldr	r3, [sp, #4]
  86 000a 002B     		cmp	r3, #0
  87 000c 01D0     		beq	.L6
  88              		.loc 1 13 0 is_stmt 0 discriminator 1
  89 000e 019B     		ldr	r3, [sp, #4]
  90 0010 00E0     		b	.L7
  91              	.L6:
  92              		.loc 1 13 0 discriminator 2
  93 0012 0123     		movs	r3, #1
  94              	.L7:
  95              		.loc 1 13 0 discriminator 3
  96 0014 0098     		ldr	r0, [sp]
  97 0016 1946     		mov	r1, r3
  98 0018 FFF7FEFF 		bl	chHeapAlloc
  99 001c 0346     		mov	r3, r0
 100              		.loc 1 14 0 is_stmt 1 discriminator 3
 101 001e 1846     		mov	r0, r3
 102 0020 03B0     		add	sp, sp, #12
 103              		@ sp needed
 104 0022 5DF804FB 		ldr	pc, [sp], #4
 105              		.cfi_endproc
 106              	.LFE8:
 107              		.size	_ZnwjP11memory_heap, .-_ZnwjP11memory_heap
 108 0026 00BFAFF3 		.section	.text._Znaj,"ax",%progbits
 108      0080AFF3 
 108      0080
 109              		.align	2
 110              		.p2align 4,,15
ARM GAS  /tmp/ccNGBAsD.s 			page 3


 111              		.global	_Znaj
 112              		.thumb
 113              		.thumb_func
 114              		.type	_Znaj, %function
 115              	_Znaj:
 116              	.LFB9:
 117              		.loc 1 17 0
 118              		.cfi_startproc
 119              		@ args = 0, pretend = 0, frame = 8
 120              		@ frame_needed = 0, uses_anonymous_args = 0
 121 0000 00B5     		push	{lr}
 122              		.cfi_def_cfa_offset 4
 123              		.cfi_offset 14, -4
 124 0002 83B0     		sub	sp, sp, #12
 125              		.cfi_def_cfa_offset 16
 126 0004 0190     		str	r0, [sp, #4]
 127              		.loc 1 19 0
 128 0006 019B     		ldr	r3, [sp, #4]
 129 0008 002B     		cmp	r3, #0
 130 000a 01D0     		beq	.L10
 131              		.loc 1 19 0 is_stmt 0 discriminator 1
 132 000c 019B     		ldr	r3, [sp, #4]
 133 000e 00E0     		b	.L11
 134              	.L10:
 135              		.loc 1 19 0 discriminator 2
 136 0010 0123     		movs	r3, #1
 137              	.L11:
 138              		.loc 1 19 0 discriminator 3
 139 0012 0020     		movs	r0, #0
 140 0014 1946     		mov	r1, r3
 141 0016 FFF7FEFF 		bl	chHeapAlloc
 142 001a 0346     		mov	r3, r0
 143              		.loc 1 20 0 is_stmt 1 discriminator 3
 144 001c 1846     		mov	r0, r3
 145 001e 03B0     		add	sp, sp, #12
 146              		@ sp needed
 147 0020 5DF804FB 		ldr	pc, [sp], #4
 148              		.cfi_endproc
 149              	.LFE9:
 150              		.size	_Znaj, .-_Znaj
 151 0024 AFF30080 		.section	.text._ZnajP11memory_heap,"ax",%progbits
 151      AFF30080 
 151      AFF30080 
 152              		.align	2
 153              		.p2align 4,,15
 154              		.global	_ZnajP11memory_heap
 155              		.thumb
 156              		.thumb_func
 157              		.type	_ZnajP11memory_heap, %function
 158              	_ZnajP11memory_heap:
 159              	.LFB10:
 160              		.loc 1 23 0
 161              		.cfi_startproc
 162              		@ args = 0, pretend = 0, frame = 8
 163              		@ frame_needed = 0, uses_anonymous_args = 0
 164 0000 00B5     		push	{lr}
 165              		.cfi_def_cfa_offset 4
ARM GAS  /tmp/ccNGBAsD.s 			page 4


 166              		.cfi_offset 14, -4
 167 0002 83B0     		sub	sp, sp, #12
 168              		.cfi_def_cfa_offset 16
 169 0004 0190     		str	r0, [sp, #4]
 170 0006 0091     		str	r1, [sp]
 171              		.loc 1 25 0
 172 0008 019B     		ldr	r3, [sp, #4]
 173 000a 002B     		cmp	r3, #0
 174 000c 01D0     		beq	.L14
 175              		.loc 1 25 0 is_stmt 0 discriminator 1
 176 000e 019B     		ldr	r3, [sp, #4]
 177 0010 00E0     		b	.L15
 178              	.L14:
 179              		.loc 1 25 0 discriminator 2
 180 0012 0123     		movs	r3, #1
 181              	.L15:
 182              		.loc 1 25 0 discriminator 3
 183 0014 0098     		ldr	r0, [sp]
 184 0016 1946     		mov	r1, r3
 185 0018 FFF7FEFF 		bl	chHeapAlloc
 186 001c 0346     		mov	r3, r0
 187              		.loc 1 26 0 is_stmt 1 discriminator 3
 188 001e 1846     		mov	r0, r3
 189 0020 03B0     		add	sp, sp, #12
 190              		@ sp needed
 191 0022 5DF804FB 		ldr	pc, [sp], #4
 192              		.cfi_endproc
 193              	.LFE10:
 194              		.size	_ZnajP11memory_heap, .-_ZnajP11memory_heap
 195 0026 00BFAFF3 		.section	.text._ZdlPv,"ax",%progbits
 195      0080AFF3 
 195      0080
 196              		.align	2
 197              		.p2align 4,,15
 198              		.global	_ZdlPv
 199              		.thumb
 200              		.thumb_func
 201              		.type	_ZdlPv, %function
 202              	_ZdlPv:
 203              	.LFB11:
 204              		.loc 1 29 0
 205              		.cfi_startproc
 206              		@ args = 0, pretend = 0, frame = 8
 207              		@ frame_needed = 0, uses_anonymous_args = 0
 208 0000 00B5     		push	{lr}
 209              		.cfi_def_cfa_offset 4
 210              		.cfi_offset 14, -4
 211 0002 83B0     		sub	sp, sp, #12
 212              		.cfi_def_cfa_offset 16
 213 0004 0190     		str	r0, [sp, #4]
 214              		.loc 1 31 0
 215 0006 019B     		ldr	r3, [sp, #4]
 216 0008 002B     		cmp	r3, #0
 217 000a 02D0     		beq	.L17
 218              		.loc 1 32 0
 219 000c 0198     		ldr	r0, [sp, #4]
 220 000e FFF7FEFF 		bl	chHeapFree
ARM GAS  /tmp/ccNGBAsD.s 			page 5


 221              	.L17:
 222              		.loc 1 34 0
 223 0012 03B0     		add	sp, sp, #12
 224              		@ sp needed
 225 0014 5DF804FB 		ldr	pc, [sp], #4
 226              		.cfi_endproc
 227              	.LFE11:
 228              		.size	_ZdlPv, .-_ZdlPv
 229 0018 AFF30080 		.section	.text._ZdlPvP11memory_heap,"ax",%progbits
 229      AFF30080 
 230              		.align	2
 231              		.p2align 4,,15
 232              		.global	_ZdlPvP11memory_heap
 233              		.thumb
 234              		.thumb_func
 235              		.type	_ZdlPvP11memory_heap, %function
 236              	_ZdlPvP11memory_heap:
 237              	.LFB12:
 238              		.loc 1 37 0
 239              		.cfi_startproc
 240              		@ args = 0, pretend = 0, frame = 8
 241              		@ frame_needed = 0, uses_anonymous_args = 0
 242 0000 00B5     		push	{lr}
 243              		.cfi_def_cfa_offset 4
 244              		.cfi_offset 14, -4
 245 0002 83B0     		sub	sp, sp, #12
 246              		.cfi_def_cfa_offset 16
 247 0004 0190     		str	r0, [sp, #4]
 248 0006 0091     		str	r1, [sp]
 249              		.loc 1 40 0
 250 0008 019B     		ldr	r3, [sp, #4]
 251 000a 002B     		cmp	r3, #0
 252 000c 02D0     		beq	.L19
 253              		.loc 1 41 0
 254 000e 0198     		ldr	r0, [sp, #4]
 255 0010 FFF7FEFF 		bl	chHeapFree
 256              	.L19:
 257              		.loc 1 43 0
 258 0014 03B0     		add	sp, sp, #12
 259              		@ sp needed
 260 0016 5DF804FB 		ldr	pc, [sp], #4
 261              		.cfi_endproc
 262              	.LFE12:
 263              		.size	_ZdlPvP11memory_heap, .-_ZdlPvP11memory_heap
 264 001a 00BFAFF3 		.section	.text._ZdaPv,"ax",%progbits
 264      0080
 265              		.align	2
 266              		.p2align 4,,15
 267              		.global	_ZdaPv
 268              		.thumb
 269              		.thumb_func
 270              		.type	_ZdaPv, %function
 271              	_ZdaPv:
 272              	.LFB13:
 273              		.loc 1 46 0
 274              		.cfi_startproc
 275              		@ args = 0, pretend = 0, frame = 8
ARM GAS  /tmp/ccNGBAsD.s 			page 6


 276              		@ frame_needed = 0, uses_anonymous_args = 0
 277 0000 00B5     		push	{lr}
 278              		.cfi_def_cfa_offset 4
 279              		.cfi_offset 14, -4
 280 0002 83B0     		sub	sp, sp, #12
 281              		.cfi_def_cfa_offset 16
 282 0004 0190     		str	r0, [sp, #4]
 283              		.loc 1 48 0
 284 0006 019B     		ldr	r3, [sp, #4]
 285 0008 002B     		cmp	r3, #0
 286 000a 02D0     		beq	.L21
 287              		.loc 1 49 0
 288 000c 0198     		ldr	r0, [sp, #4]
 289 000e FFF7FEFF 		bl	chHeapFree
 290              	.L21:
 291              		.loc 1 51 0
 292 0012 03B0     		add	sp, sp, #12
 293              		@ sp needed
 294 0014 5DF804FB 		ldr	pc, [sp], #4
 295              		.cfi_endproc
 296              	.LFE13:
 297              		.size	_ZdaPv, .-_ZdaPv
 298 0018 AFF30080 		.section	.text._ZdaPvP11memory_heap,"ax",%progbits
 298      AFF30080 
 299              		.align	2
 300              		.p2align 4,,15
 301              		.global	_ZdaPvP11memory_heap
 302              		.thumb
 303              		.thumb_func
 304              		.type	_ZdaPvP11memory_heap, %function
 305              	_ZdaPvP11memory_heap:
 306              	.LFB14:
 307              		.loc 1 54 0
 308              		.cfi_startproc
 309              		@ args = 0, pretend = 0, frame = 8
 310              		@ frame_needed = 0, uses_anonymous_args = 0
 311 0000 00B5     		push	{lr}
 312              		.cfi_def_cfa_offset 4
 313              		.cfi_offset 14, -4
 314 0002 83B0     		sub	sp, sp, #12
 315              		.cfi_def_cfa_offset 16
 316 0004 0190     		str	r0, [sp, #4]
 317 0006 0091     		str	r1, [sp]
 318              		.loc 1 57 0
 319 0008 019B     		ldr	r3, [sp, #4]
 320 000a 002B     		cmp	r3, #0
 321 000c 02D0     		beq	.L23
 322              		.loc 1 58 0
 323 000e 0198     		ldr	r0, [sp, #4]
 324 0010 FFF7FEFF 		bl	chHeapFree
 325              	.L23:
 326              		.loc 1 60 0
 327 0014 03B0     		add	sp, sp, #12
 328              		@ sp needed
 329 0016 5DF804FB 		ldr	pc, [sp], #4
 330              		.cfi_endproc
 331              	.LFE14:
ARM GAS  /tmp/ccNGBAsD.s 			page 7


 332              		.size	_ZdaPvP11memory_heap, .-_ZdaPvP11memory_heap
 333 001a 00BFAFF3 		.text
 333      0080
 334              	.Letext0:
 335              		.file 2 "/usr/lib/gcc/arm-none-eabi/4.8/include/stddef.h"
 336              		.file 3 "/usr/include/newlib/machine/_default_types.h"
 337              		.file 4 "/usr/include/newlib/stdint.h"
 338              		.file 5 "/home/dave/r2p-sdk/core/ChibiOS/os/ports/GCC/ARMCMx/chtypes.h"
 339              		.file 6 "/home/dave/r2p-sdk/core/ChibiOS/os/kernel/include/chlists.h"
 340              		.file 7 "/home/dave/r2p-sdk/core/ChibiOS/os/kernel/include/chthreads.h"
 341              		.file 8 "/home/dave/r2p-sdk/core/ChibiOS/os/ports/GCC/ARMCMx/chcore_v7m.h"
 342              		.file 9 "/home/dave/r2p-sdk/core/ChibiOS/os/kernel/include/chmtx.h"
 343              		.file 10 "/home/dave/r2p-sdk/core/ChibiOS/os/kernel/include/chmemcore.h"
 344              		.file 11 "/home/dave/r2p-sdk/core/ChibiOS/os/kernel/include/chheap.h"
 345              		.section	.debug_info,"",%progbits
 346              	.Ldebug_info0:
 347 0000 0B070000 		.4byte	0x70b
 348 0004 0400     		.2byte	0x4
 349 0006 00000000 		.4byte	.Ldebug_abbrev0
 350 000a 04       		.byte	0x4
 351 000b 01       		.uleb128 0x1
 352 000c 1C020000 		.4byte	.LASF89
 353 0010 04       		.byte	0x4
 354 0011 47030000 		.4byte	.LASF90
 355 0015 00000000 		.4byte	.Ldebug_ranges0+0
 356 0019 00000000 		.4byte	0
 357 001d 00000000 		.4byte	.Ldebug_line0
 358 0021 02       		.uleb128 0x2
 359 0022 04       		.byte	0x4
 360 0023 05       		.byte	0x5
 361 0024 696E7400 		.ascii	"int\000"
 362 0028 03       		.uleb128 0x3
 363 0029 06000000 		.4byte	.LASF2
 364 002d 02       		.byte	0x2
 365 002e D4       		.byte	0xd4
 366 002f 33000000 		.4byte	0x33
 367 0033 04       		.uleb128 0x4
 368 0034 04       		.byte	0x4
 369 0035 07       		.byte	0x7
 370 0036 18010000 		.4byte	.LASF0
 371 003a 04       		.uleb128 0x4
 372 003b 01       		.byte	0x1
 373 003c 06       		.byte	0x6
 374 003d 9F000000 		.4byte	.LASF1
 375 0041 03       		.uleb128 0x3
 376 0042 1D000000 		.4byte	.LASF3
 377 0046 03       		.byte	0x3
 378 0047 1D       		.byte	0x1d
 379 0048 4C000000 		.4byte	0x4c
 380 004c 04       		.uleb128 0x4
 381 004d 01       		.byte	0x1
 382 004e 08       		.byte	0x8
 383 004f 87030000 		.4byte	.LASF4
 384 0053 04       		.uleb128 0x4
 385 0054 02       		.byte	0x2
 386 0055 05       		.byte	0x5
 387 0056 AA030000 		.4byte	.LASF5
ARM GAS  /tmp/ccNGBAsD.s 			page 8


 388 005a 04       		.uleb128 0x4
 389 005b 02       		.byte	0x2
 390 005c 07       		.byte	0x7
 391 005d 5A010000 		.4byte	.LASF6
 392 0061 03       		.uleb128 0x3
 393 0062 55040000 		.4byte	.LASF7
 394 0066 03       		.byte	0x3
 395 0067 3F       		.byte	0x3f
 396 0068 6C000000 		.4byte	0x6c
 397 006c 04       		.uleb128 0x4
 398 006d 04       		.byte	0x4
 399 006e 05       		.byte	0x5
 400 006f D9000000 		.4byte	.LASF8
 401 0073 03       		.uleb128 0x3
 402 0074 F3000000 		.4byte	.LASF9
 403 0078 03       		.byte	0x3
 404 0079 41       		.byte	0x41
 405 007a 7E000000 		.4byte	0x7e
 406 007e 04       		.uleb128 0x4
 407 007f 04       		.byte	0x4
 408 0080 07       		.byte	0x7
 409 0081 3B010000 		.4byte	.LASF10
 410 0085 04       		.uleb128 0x4
 411 0086 08       		.byte	0x8
 412 0087 05       		.byte	0x5
 413 0088 91000000 		.4byte	.LASF11
 414 008c 03       		.uleb128 0x3
 415 008d 11020000 		.4byte	.LASF12
 416 0091 03       		.byte	0x3
 417 0092 5B       		.byte	0x5b
 418 0093 97000000 		.4byte	0x97
 419 0097 04       		.uleb128 0x4
 420 0098 08       		.byte	0x8
 421 0099 07       		.byte	0x7
 422 009a 48000000 		.4byte	.LASF13
 423 009e 03       		.uleb128 0x3
 424 009f 7F040000 		.4byte	.LASF14
 425 00a3 04       		.byte	0x4
 426 00a4 2A       		.byte	0x2a
 427 00a5 41000000 		.4byte	0x41
 428 00a9 03       		.uleb128 0x3
 429 00aa 7F030000 		.4byte	.LASF15
 430 00ae 04       		.byte	0x4
 431 00af 41       		.byte	0x41
 432 00b0 61000000 		.4byte	0x61
 433 00b4 03       		.uleb128 0x3
 434 00b5 12040000 		.4byte	.LASF16
 435 00b9 04       		.byte	0x4
 436 00ba 42       		.byte	0x42
 437 00bb 73000000 		.4byte	0x73
 438 00bf 03       		.uleb128 0x3
 439 00c0 14000000 		.4byte	.LASF17
 440 00c4 04       		.byte	0x4
 441 00c5 4E       		.byte	0x4e
 442 00c6 8C000000 		.4byte	0x8c
 443 00ca 04       		.uleb128 0x4
 444 00cb 01       		.byte	0x1
ARM GAS  /tmp/ccNGBAsD.s 			page 9


 445 00cc 02       		.byte	0x2
 446 00cd 7B010000 		.4byte	.LASF18
 447 00d1 03       		.uleb128 0x3
 448 00d2 73010000 		.4byte	.LASF19
 449 00d6 05       		.byte	0x5
 450 00d7 2C       		.byte	0x2c
 451 00d8 9E000000 		.4byte	0x9e
 452 00dc 03       		.uleb128 0x3
 453 00dd E2000000 		.4byte	.LASF20
 454 00e1 05       		.byte	0x5
 455 00e2 2D       		.byte	0x2d
 456 00e3 9E000000 		.4byte	0x9e
 457 00e7 03       		.uleb128 0x3
 458 00e8 3F030000 		.4byte	.LASF21
 459 00ec 05       		.byte	0x5
 460 00ed 2E       		.byte	0x2e
 461 00ee 9E000000 		.4byte	0x9e
 462 00f2 03       		.uleb128 0x3
 463 00f3 C1000000 		.4byte	.LASF22
 464 00f7 05       		.byte	0x5
 465 00f8 2F       		.byte	0x2f
 466 00f9 9E000000 		.4byte	0x9e
 467 00fd 03       		.uleb128 0x3
 468 00fe 77030000 		.4byte	.LASF23
 469 0102 05       		.byte	0x5
 470 0103 30       		.byte	0x30
 471 0104 B4000000 		.4byte	0xb4
 472 0108 03       		.uleb128 0x3
 473 0109 6D010000 		.4byte	.LASF24
 474 010d 05       		.byte	0x5
 475 010e 31       		.byte	0x31
 476 010f A9000000 		.4byte	0xa9
 477 0113 03       		.uleb128 0x3
 478 0114 8C010000 		.4byte	.LASF25
 479 0118 05       		.byte	0x5
 480 0119 33       		.byte	0x33
 481 011a B4000000 		.4byte	0xb4
 482 011e 03       		.uleb128 0x3
 483 011f 40040000 		.4byte	.LASF26
 484 0123 05       		.byte	0x5
 485 0124 35       		.byte	0x35
 486 0125 B4000000 		.4byte	0xb4
 487 0129 03       		.uleb128 0x3
 488 012a 00040000 		.4byte	.LASF27
 489 012e 06       		.byte	0x6
 490 012f 2A       		.byte	0x2a
 491 0130 34010000 		.4byte	0x134
 492 0134 05       		.uleb128 0x5
 493 0135 00040000 		.4byte	.LASF27
 494 0139 4C       		.byte	0x4c
 495 013a 07       		.byte	0x7
 496 013b 5E       		.byte	0x5e
 497 013c 72020000 		.4byte	0x272
 498 0140 06       		.uleb128 0x6
 499 0141 04       		.byte	0x4
 500 0142 07       		.byte	0x7
 501 0143 96       		.byte	0x96
ARM GAS  /tmp/ccNGBAsD.s 			page 10


 502 0144 75010000 		.4byte	0x175
 503 0148 07       		.uleb128 0x7
 504 0149 0D000000 		.4byte	.LASF28
 505 014d 07       		.byte	0x7
 506 014e 9D       		.byte	0x9d
 507 014f 08010000 		.4byte	0x108
 508 0153 07       		.uleb128 0x7
 509 0154 6F000000 		.4byte	.LASF29
 510 0158 07       		.byte	0x7
 511 0159 A4       		.byte	0xa4
 512 015a 08010000 		.4byte	0x108
 513 015e 07       		.uleb128 0x7
 514 015f 87040000 		.4byte	.LASF30
 515 0163 07       		.byte	0x7
 516 0164 AB       		.byte	0xab
 517 0165 D7020000 		.4byte	0x2d7
 518 0169 07       		.uleb128 0x7
 519 016a D2030000 		.4byte	.LASF31
 520 016e 07       		.byte	0x7
 521 016f B2       		.byte	0xb2
 522 0170 13010000 		.4byte	0x113
 523 0174 00       		.byte	0
 524 0175 08       		.uleb128 0x8
 525 0176 D9030000 		.4byte	.LASF32
 526 017a 07       		.byte	0x7
 527 017b 5F       		.byte	0x5f
 528 017c 66050000 		.4byte	0x566
 529 0180 00       		.byte	0
 530 0181 08       		.uleb128 0x8
 531 0182 C4010000 		.4byte	.LASF33
 532 0186 07       		.byte	0x7
 533 0187 61       		.byte	0x61
 534 0188 66050000 		.4byte	0x566
 535 018c 04       		.byte	0x4
 536 018d 08       		.uleb128 0x8
 537 018e 8A000000 		.4byte	.LASF34
 538 0192 07       		.byte	0x7
 539 0193 63       		.byte	0x63
 540 0194 FD000000 		.4byte	0xfd
 541 0198 08       		.byte	0x8
 542 0199 08       		.uleb128 0x8
 543 019a BF040000 		.4byte	.LASF35
 544 019e 07       		.byte	0x7
 545 019f 64       		.byte	0x64
 546 01a0 30040000 		.4byte	0x430
 547 01a4 0C       		.byte	0xc
 548 01a5 08       		.uleb128 0x8
 549 01a6 EB000000 		.4byte	.LASF36
 550 01aa 07       		.byte	0x7
 551 01ab 66       		.byte	0x66
 552 01ac 66050000 		.4byte	0x566
 553 01b0 10       		.byte	0x10
 554 01b1 08       		.uleb128 0x8
 555 01b2 E2010000 		.4byte	.LASF37
 556 01b6 07       		.byte	0x7
 557 01b7 67       		.byte	0x67
 558 01b8 66050000 		.4byte	0x566
ARM GAS  /tmp/ccNGBAsD.s 			page 11


 559 01bc 14       		.byte	0x14
 560 01bd 08       		.uleb128 0x8
 561 01be 8E040000 		.4byte	.LASF38
 562 01c2 07       		.byte	0x7
 563 01c3 6E       		.byte	0x6e
 564 01c4 6C050000 		.4byte	0x56c
 565 01c8 18       		.byte	0x18
 566 01c9 08       		.uleb128 0x8
 567 01ca 0D010000 		.4byte	.LASF39
 568 01ce 07       		.byte	0x7
 569 01cf 74       		.byte	0x74
 570 01d0 7E050000 		.4byte	0x57e
 571 01d4 1C       		.byte	0x1c
 572 01d5 08       		.uleb128 0x8
 573 01d6 B4030000 		.4byte	.LASF40
 574 01da 07       		.byte	0x7
 575 01db 79       		.byte	0x79
 576 01dc DC000000 		.4byte	0xdc
 577 01e0 20       		.byte	0x20
 578 01e1 08       		.uleb128 0x8
 579 01e2 E0030000 		.4byte	.LASF41
 580 01e6 07       		.byte	0x7
 581 01e7 7D       		.byte	0x7d
 582 01e8 D1000000 		.4byte	0xd1
 583 01ec 21       		.byte	0x21
 584 01ed 08       		.uleb128 0x8
 585 01ee 78040000 		.4byte	.LASF42
 586 01f2 07       		.byte	0x7
 587 01f3 82       		.byte	0x82
 588 01f4 E7000000 		.4byte	0xe7
 589 01f8 22       		.byte	0x22
 590 01f9 08       		.uleb128 0x8
 591 01fa BC030000 		.4byte	.LASF43
 592 01fe 07       		.byte	0x7
 593 01ff 88       		.byte	0x88
 594 0200 F2000000 		.4byte	0xf2
 595 0204 23       		.byte	0x23
 596 0205 08       		.uleb128 0x8
 597 0206 5F040000 		.4byte	.LASF44
 598 020a 07       		.byte	0x7
 599 020b 8F       		.byte	0x8f
 600 020c 58040000 		.4byte	0x458
 601 0210 24       		.byte	0x24
 602 0211 09       		.uleb128 0x9
 603 0212 705F7500 		.ascii	"p_u\000"
 604 0216 07       		.byte	0x7
 605 0217 B4       		.byte	0xb4
 606 0218 40010000 		.4byte	0x140
 607 021c 28       		.byte	0x28
 608 021d 08       		.uleb128 0x8
 609 021e C5040000 		.4byte	.LASF45
 610 0222 07       		.byte	0x7
 611 0223 B9       		.byte	0xb9
 612 0224 C1020000 		.4byte	0x2c1
 613 0228 2C       		.byte	0x2c
 614 0229 08       		.uleb128 0x8
 615 022a 6D040000 		.4byte	.LASF46
ARM GAS  /tmp/ccNGBAsD.s 			page 12


 616 022e 07       		.byte	0x7
 617 022f BF       		.byte	0xbf
 618 0230 9D020000 		.4byte	0x29d
 619 0234 30       		.byte	0x30
 620 0235 08       		.uleb128 0x8
 621 0236 00000000 		.4byte	.LASF47
 622 023a 07       		.byte	0x7
 623 023b C3       		.byte	0xc3
 624 023c 08010000 		.4byte	0x108
 625 0240 38       		.byte	0x38
 626 0241 08       		.uleb128 0x8
 627 0242 07040000 		.4byte	.LASF48
 628 0246 07       		.byte	0x7
 629 0247 C9       		.byte	0xc9
 630 0248 13010000 		.4byte	0x113
 631 024c 3C       		.byte	0x3c
 632 024d 08       		.uleb128 0x8
 633 024e A0030000 		.4byte	.LASF49
 634 0252 07       		.byte	0x7
 635 0253 D0       		.byte	0xd0
 636 0254 84050000 		.4byte	0x584
 637 0258 40       		.byte	0x40
 638 0259 08       		.uleb128 0x8
 639 025a 4A040000 		.4byte	.LASF50
 640 025e 07       		.byte	0x7
 641 025f D4       		.byte	0xd4
 642 0260 FD000000 		.4byte	0xfd
 643 0264 44       		.byte	0x44
 644 0265 08       		.uleb128 0x8
 645 0266 B1000000 		.4byte	.LASF51
 646 026a 07       		.byte	0x7
 647 026b DA       		.byte	0xda
 648 026c D7020000 		.4byte	0x2d7
 649 0270 48       		.byte	0x48
 650 0271 00       		.byte	0
 651 0272 0A       		.uleb128 0xa
 652 0273 08       		.byte	0x8
 653 0274 06       		.byte	0x6
 654 0275 61       		.byte	0x61
 655 0276 02020000 		.4byte	.LASF53
 656 027a 97020000 		.4byte	0x297
 657 027e 08       		.uleb128 0x8
 658 027f D9030000 		.4byte	.LASF32
 659 0283 06       		.byte	0x6
 660 0284 62       		.byte	0x62
 661 0285 97020000 		.4byte	0x297
 662 0289 00       		.byte	0
 663 028a 08       		.uleb128 0x8
 664 028b C4010000 		.4byte	.LASF33
 665 028f 06       		.byte	0x6
 666 0290 64       		.byte	0x64
 667 0291 97020000 		.4byte	0x297
 668 0295 04       		.byte	0x4
 669 0296 00       		.byte	0
 670 0297 0B       		.uleb128 0xb
 671 0298 04       		.byte	0x4
 672 0299 29010000 		.4byte	0x129
ARM GAS  /tmp/ccNGBAsD.s 			page 13


 673 029d 03       		.uleb128 0x3
 674 029e EA010000 		.4byte	.LASF52
 675 02a2 06       		.byte	0x6
 676 02a3 66       		.byte	0x66
 677 02a4 72020000 		.4byte	0x272
 678 02a8 0A       		.uleb128 0xa
 679 02a9 04       		.byte	0x4
 680 02aa 06       		.byte	0x6
 681 02ab 6B       		.byte	0x6b
 682 02ac CB000000 		.4byte	.LASF54
 683 02b0 C1020000 		.4byte	0x2c1
 684 02b4 08       		.uleb128 0x8
 685 02b5 D9030000 		.4byte	.LASF32
 686 02b9 06       		.byte	0x6
 687 02ba 6D       		.byte	0x6d
 688 02bb 97020000 		.4byte	0x297
 689 02bf 00       		.byte	0
 690 02c0 00       		.byte	0
 691 02c1 03       		.uleb128 0x3
 692 02c2 80010000 		.4byte	.LASF55
 693 02c6 06       		.byte	0x6
 694 02c7 70       		.byte	0x70
 695 02c8 A8020000 		.4byte	0x2a8
 696 02cc 03       		.uleb128 0x3
 697 02cd FE000000 		.4byte	.LASF56
 698 02d1 08       		.byte	0x8
 699 02d2 E5       		.byte	0xe5
 700 02d3 D7020000 		.4byte	0x2d7
 701 02d7 0C       		.uleb128 0xc
 702 02d8 04       		.byte	0x4
 703 02d9 03       		.uleb128 0x3
 704 02da A4010000 		.4byte	.LASF57
 705 02de 08       		.byte	0x8
 706 02df EB       		.byte	0xeb
 707 02e0 BF000000 		.4byte	0xbf
 708 02e4 0D       		.uleb128 0xd
 709 02e5 66040000 		.4byte	.LASF58
 710 02e9 64       		.byte	0x64
 711 02ea 08       		.byte	0x8
 712 02eb 0C01     		.2byte	0x10c
 713 02ed 30040000 		.4byte	0x430
 714 02f1 0E       		.uleb128 0xe
 715 02f2 73313600 		.ascii	"s16\000"
 716 02f6 08       		.byte	0x8
 717 02f7 0E01     		.2byte	0x10e
 718 02f9 CC020000 		.4byte	0x2cc
 719 02fd 00       		.byte	0
 720 02fe 0E       		.uleb128 0xe
 721 02ff 73313700 		.ascii	"s17\000"
 722 0303 08       		.byte	0x8
 723 0304 0F01     		.2byte	0x10f
 724 0306 CC020000 		.4byte	0x2cc
 725 030a 04       		.byte	0x4
 726 030b 0E       		.uleb128 0xe
 727 030c 73313800 		.ascii	"s18\000"
 728 0310 08       		.byte	0x8
 729 0311 1001     		.2byte	0x110
ARM GAS  /tmp/ccNGBAsD.s 			page 14


 730 0313 CC020000 		.4byte	0x2cc
 731 0317 08       		.byte	0x8
 732 0318 0E       		.uleb128 0xe
 733 0319 73313900 		.ascii	"s19\000"
 734 031d 08       		.byte	0x8
 735 031e 1101     		.2byte	0x111
 736 0320 CC020000 		.4byte	0x2cc
 737 0324 0C       		.byte	0xc
 738 0325 0E       		.uleb128 0xe
 739 0326 73323000 		.ascii	"s20\000"
 740 032a 08       		.byte	0x8
 741 032b 1201     		.2byte	0x112
 742 032d CC020000 		.4byte	0x2cc
 743 0331 10       		.byte	0x10
 744 0332 0E       		.uleb128 0xe
 745 0333 73323100 		.ascii	"s21\000"
 746 0337 08       		.byte	0x8
 747 0338 1301     		.2byte	0x113
 748 033a CC020000 		.4byte	0x2cc
 749 033e 14       		.byte	0x14
 750 033f 0E       		.uleb128 0xe
 751 0340 73323200 		.ascii	"s22\000"
 752 0344 08       		.byte	0x8
 753 0345 1401     		.2byte	0x114
 754 0347 CC020000 		.4byte	0x2cc
 755 034b 18       		.byte	0x18
 756 034c 0E       		.uleb128 0xe
 757 034d 73323300 		.ascii	"s23\000"
 758 0351 08       		.byte	0x8
 759 0352 1501     		.2byte	0x115
 760 0354 CC020000 		.4byte	0x2cc
 761 0358 1C       		.byte	0x1c
 762 0359 0E       		.uleb128 0xe
 763 035a 73323400 		.ascii	"s24\000"
 764 035e 08       		.byte	0x8
 765 035f 1601     		.2byte	0x116
 766 0361 CC020000 		.4byte	0x2cc
 767 0365 20       		.byte	0x20
 768 0366 0E       		.uleb128 0xe
 769 0367 73323500 		.ascii	"s25\000"
 770 036b 08       		.byte	0x8
 771 036c 1701     		.2byte	0x117
 772 036e CC020000 		.4byte	0x2cc
 773 0372 24       		.byte	0x24
 774 0373 0E       		.uleb128 0xe
 775 0374 73323600 		.ascii	"s26\000"
 776 0378 08       		.byte	0x8
 777 0379 1801     		.2byte	0x118
 778 037b CC020000 		.4byte	0x2cc
 779 037f 28       		.byte	0x28
 780 0380 0E       		.uleb128 0xe
 781 0381 73323700 		.ascii	"s27\000"
 782 0385 08       		.byte	0x8
 783 0386 1901     		.2byte	0x119
 784 0388 CC020000 		.4byte	0x2cc
 785 038c 2C       		.byte	0x2c
 786 038d 0E       		.uleb128 0xe
ARM GAS  /tmp/ccNGBAsD.s 			page 15


 787 038e 73323800 		.ascii	"s28\000"
 788 0392 08       		.byte	0x8
 789 0393 1A01     		.2byte	0x11a
 790 0395 CC020000 		.4byte	0x2cc
 791 0399 30       		.byte	0x30
 792 039a 0E       		.uleb128 0xe
 793 039b 73323900 		.ascii	"s29\000"
 794 039f 08       		.byte	0x8
 795 03a0 1B01     		.2byte	0x11b
 796 03a2 CC020000 		.4byte	0x2cc
 797 03a6 34       		.byte	0x34
 798 03a7 0E       		.uleb128 0xe
 799 03a8 73333000 		.ascii	"s30\000"
 800 03ac 08       		.byte	0x8
 801 03ad 1C01     		.2byte	0x11c
 802 03af CC020000 		.4byte	0x2cc
 803 03b3 38       		.byte	0x38
 804 03b4 0E       		.uleb128 0xe
 805 03b5 73333100 		.ascii	"s31\000"
 806 03b9 08       		.byte	0x8
 807 03ba 1D01     		.2byte	0x11d
 808 03bc CC020000 		.4byte	0x2cc
 809 03c0 3C       		.byte	0x3c
 810 03c1 0E       		.uleb128 0xe
 811 03c2 723400   		.ascii	"r4\000"
 812 03c5 08       		.byte	0x8
 813 03c6 1F01     		.2byte	0x11f
 814 03c8 CC020000 		.4byte	0x2cc
 815 03cc 40       		.byte	0x40
 816 03cd 0E       		.uleb128 0xe
 817 03ce 723500   		.ascii	"r5\000"
 818 03d1 08       		.byte	0x8
 819 03d2 2001     		.2byte	0x120
 820 03d4 CC020000 		.4byte	0x2cc
 821 03d8 44       		.byte	0x44
 822 03d9 0E       		.uleb128 0xe
 823 03da 723600   		.ascii	"r6\000"
 824 03dd 08       		.byte	0x8
 825 03de 2101     		.2byte	0x121
 826 03e0 CC020000 		.4byte	0x2cc
 827 03e4 48       		.byte	0x48
 828 03e5 0E       		.uleb128 0xe
 829 03e6 723700   		.ascii	"r7\000"
 830 03e9 08       		.byte	0x8
 831 03ea 2201     		.2byte	0x122
 832 03ec CC020000 		.4byte	0x2cc
 833 03f0 4C       		.byte	0x4c
 834 03f1 0E       		.uleb128 0xe
 835 03f2 723800   		.ascii	"r8\000"
 836 03f5 08       		.byte	0x8
 837 03f6 2301     		.2byte	0x123
 838 03f8 CC020000 		.4byte	0x2cc
 839 03fc 50       		.byte	0x50
 840 03fd 0E       		.uleb128 0xe
 841 03fe 723900   		.ascii	"r9\000"
 842 0401 08       		.byte	0x8
 843 0402 2401     		.2byte	0x124
ARM GAS  /tmp/ccNGBAsD.s 			page 16


 844 0404 CC020000 		.4byte	0x2cc
 845 0408 54       		.byte	0x54
 846 0409 0E       		.uleb128 0xe
 847 040a 72313000 		.ascii	"r10\000"
 848 040e 08       		.byte	0x8
 849 040f 2501     		.2byte	0x125
 850 0411 CC020000 		.4byte	0x2cc
 851 0415 58       		.byte	0x58
 852 0416 0E       		.uleb128 0xe
 853 0417 72313100 		.ascii	"r11\000"
 854 041b 08       		.byte	0x8
 855 041c 2601     		.2byte	0x126
 856 041e CC020000 		.4byte	0x2cc
 857 0422 5C       		.byte	0x5c
 858 0423 0E       		.uleb128 0xe
 859 0424 6C7200   		.ascii	"lr\000"
 860 0427 08       		.byte	0x8
 861 0428 2701     		.2byte	0x127
 862 042a CC020000 		.4byte	0x2cc
 863 042e 60       		.byte	0x60
 864 042f 00       		.byte	0
 865 0430 0D       		.uleb128 0xd
 866 0431 4D010000 		.4byte	.LASF59
 867 0435 04       		.byte	0x4
 868 0436 08       		.byte	0x8
 869 0437 3101     		.2byte	0x131
 870 0439 4B040000 		.4byte	0x44b
 871 043d 0E       		.uleb128 0xe
 872 043e 72313300 		.ascii	"r13\000"
 873 0442 08       		.byte	0x8
 874 0443 3201     		.2byte	0x132
 875 0445 4B040000 		.4byte	0x44b
 876 0449 00       		.byte	0
 877 044a 00       		.byte	0
 878 044b 0B       		.uleb128 0xb
 879 044c 04       		.byte	0x4
 880 044d E4020000 		.4byte	0x2e4
 881 0451 04       		.uleb128 0x4
 882 0452 04       		.byte	0x4
 883 0453 07       		.byte	0x7
 884 0454 CB010000 		.4byte	.LASF60
 885 0458 0F       		.uleb128 0xf
 886 0459 1E010000 		.4byte	0x11e
 887 045d 05       		.uleb128 0x5
 888 045e 98010000 		.4byte	.LASF61
 889 0462 10       		.byte	0x10
 890 0463 09       		.byte	0x9
 891 0464 2C       		.byte	0x2c
 892 0465 8E040000 		.4byte	0x48e
 893 0469 08       		.uleb128 0x8
 894 046a B9000000 		.4byte	.LASF62
 895 046e 09       		.byte	0x9
 896 046f 2D       		.byte	0x2d
 897 0470 9D020000 		.4byte	0x29d
 898 0474 00       		.byte	0
 899 0475 08       		.uleb128 0x8
 900 0476 B7040000 		.4byte	.LASF63
ARM GAS  /tmp/ccNGBAsD.s 			page 17


 901 047a 09       		.byte	0x9
 902 047b 2F       		.byte	0x2f
 903 047c 97020000 		.4byte	0x297
 904 0480 08       		.byte	0x8
 905 0481 08       		.uleb128 0x8
 906 0482 39040000 		.4byte	.LASF64
 907 0486 09       		.byte	0x9
 908 0487 31       		.byte	0x31
 909 0488 8E040000 		.4byte	0x48e
 910 048c 0C       		.byte	0xc
 911 048d 00       		.byte	0
 912 048e 0B       		.uleb128 0xb
 913 048f 04       		.byte	0x4
 914 0490 5D040000 		.4byte	0x45d
 915 0494 03       		.uleb128 0x3
 916 0495 98010000 		.4byte	.LASF61
 917 0499 09       		.byte	0x9
 918 049a 33       		.byte	0x33
 919 049b 5D040000 		.4byte	0x45d
 920 049f 03       		.uleb128 0x3
 921 04a0 3B000000 		.4byte	.LASF65
 922 04a4 0A       		.byte	0xa
 923 04a5 2C       		.byte	0x2c
 924 04a6 AA040000 		.4byte	0x4aa
 925 04aa 0B       		.uleb128 0xb
 926 04ab 04       		.byte	0x4
 927 04ac B0040000 		.4byte	0x4b0
 928 04b0 10       		.uleb128 0x10
 929 04b1 D7020000 		.4byte	0x2d7
 930 04b5 BF040000 		.4byte	0x4bf
 931 04b9 11       		.uleb128 0x11
 932 04ba 28000000 		.4byte	0x28
 933 04be 00       		.byte	0
 934 04bf 03       		.uleb128 0x3
 935 04c0 F7010000 		.4byte	.LASF66
 936 04c4 0B       		.byte	0xb
 937 04c5 34       		.byte	0x34
 938 04c6 CA040000 		.4byte	0x4ca
 939 04ca 05       		.uleb128 0x5
 940 04cb CF040000 		.4byte	.LASF67
 941 04cf 20       		.byte	0x20
 942 04d0 0B       		.byte	0xb
 943 04d1 47       		.byte	0x47
 944 04d2 FB040000 		.4byte	0x4fb
 945 04d6 08       		.uleb128 0x8
 946 04d7 95030000 		.4byte	.LASF68
 947 04db 0B       		.byte	0xb
 948 04dc 48       		.byte	0x48
 949 04dd 9F040000 		.4byte	0x49f
 950 04e1 00       		.byte	0
 951 04e2 08       		.uleb128 0x8
 952 04e3 78000000 		.4byte	.LASF69
 953 04e7 0B       		.byte	0xb
 954 04e8 4A       		.byte	0x4a
 955 04e9 FB040000 		.4byte	0x4fb
 956 04ed 08       		.byte	0x8
 957 04ee 08       		.uleb128 0x8
ARM GAS  /tmp/ccNGBAsD.s 			page 18


 958 04ef AB000000 		.4byte	.LASF70
 959 04f3 0B       		.byte	0xb
 960 04f4 4C       		.byte	0x4c
 961 04f5 94040000 		.4byte	0x494
 962 04f9 10       		.byte	0x10
 963 04fa 00       		.byte	0
 964 04fb 12       		.uleb128 0x12
 965 04fc C6030000 		.4byte	.LASF91
 966 0500 08       		.byte	0x8
 967 0501 0B       		.byte	0xb
 968 0502 39       		.byte	0x39
 969 0503 5A050000 		.4byte	0x55a
 970 0507 13       		.uleb128 0x13
 971 0508 08       		.byte	0x8
 972 0509 0B       		.byte	0xb
 973 050a 3B       		.byte	0x3b
 974 050b 45050000 		.4byte	0x545
 975 050f 06       		.uleb128 0x6
 976 0510 04       		.byte	0x4
 977 0511 0B       		.byte	0xb
 978 0512 3C       		.byte	0x3c
 979 0513 2E050000 		.4byte	0x52e
 980 0517 07       		.uleb128 0x7
 981 0518 85000000 		.4byte	.LASF71
 982 051c 0B       		.byte	0xb
 983 051d 3D       		.byte	0x3d
 984 051e 5A050000 		.4byte	0x55a
 985 0522 07       		.uleb128 0x7
 986 0523 2F040000 		.4byte	.LASF72
 987 0527 0B       		.byte	0xb
 988 0528 3E       		.byte	0x3e
 989 0529 60050000 		.4byte	0x560
 990 052d 00       		.byte	0
 991 052e 09       		.uleb128 0x9
 992 052f 7500     		.ascii	"u\000"
 993 0531 0B       		.byte	0xb
 994 0532 3F       		.byte	0x3f
 995 0533 0F050000 		.4byte	0x50f
 996 0537 00       		.byte	0
 997 0538 08       		.uleb128 0x8
 998 0539 55010000 		.4byte	.LASF73
 999 053d 0B       		.byte	0xb
 1000 053e 40       		.byte	0x40
 1001 053f 28000000 		.4byte	0x28
 1002 0543 04       		.byte	0x4
 1003 0544 00       		.byte	0
 1004 0545 07       		.uleb128 0x7
 1005 0546 07010000 		.4byte	.LASF74
 1006 054a 0B       		.byte	0xb
 1007 054b 3A       		.byte	0x3a
 1008 054c D9020000 		.4byte	0x2d9
 1009 0550 14       		.uleb128 0x14
 1010 0551 6800     		.ascii	"h\000"
 1011 0553 0B       		.byte	0xb
 1012 0554 41       		.byte	0x41
 1013 0555 07050000 		.4byte	0x507
 1014 0559 00       		.byte	0
ARM GAS  /tmp/ccNGBAsD.s 			page 19


 1015 055a 0B       		.uleb128 0xb
 1016 055b 04       		.byte	0x4
 1017 055c FB040000 		.4byte	0x4fb
 1018 0560 0B       		.uleb128 0xb
 1019 0561 04       		.byte	0x4
 1020 0562 BF040000 		.4byte	0x4bf
 1021 0566 0B       		.uleb128 0xb
 1022 0567 04       		.byte	0x4
 1023 0568 34010000 		.4byte	0x134
 1024 056c 0B       		.uleb128 0xb
 1025 056d 04       		.byte	0x4
 1026 056e 72050000 		.4byte	0x572
 1027 0572 15       		.uleb128 0x15
 1028 0573 77050000 		.4byte	0x577
 1029 0577 04       		.uleb128 0x4
 1030 0578 01       		.byte	0x1
 1031 0579 08       		.byte	0x8
 1032 057a 34040000 		.4byte	.LASF75
 1033 057e 0B       		.uleb128 0xb
 1034 057f 04       		.byte	0x4
 1035 0580 D9020000 		.4byte	0x2d9
 1036 0584 0B       		.uleb128 0xb
 1037 0585 04       		.byte	0x4
 1038 0586 94040000 		.4byte	0x494
 1039 058a 16       		.uleb128 0x16
 1040 058b AA040000 		.4byte	.LASF76
 1041 058f 01       		.byte	0x1
 1042 0590 05       		.byte	0x5
 1043 0591 9E010000 		.4byte	.LASF77
 1044 0595 D7020000 		.4byte	0x2d7
 1045 0599 00000000 		.4byte	.LFB7
 1046 059d 24000000 		.4byte	.LFE7-.LFB7
 1047 05a1 01       		.uleb128 0x1
 1048 05a2 9C       		.byte	0x9c
 1049 05a3 B6050000 		.4byte	0x5b6
 1050 05a7 17       		.uleb128 0x17
 1051 05a8 55010000 		.4byte	.LASF73
 1052 05ac 01       		.byte	0x1
 1053 05ad 05       		.byte	0x5
 1054 05ae 28000000 		.4byte	0x28
 1055 05b2 02       		.uleb128 0x2
 1056 05b3 91       		.byte	0x91
 1057 05b4 74       		.sleb128 -12
 1058 05b5 00       		.byte	0
 1059 05b6 16       		.uleb128 0x16
 1060 05b7 AA040000 		.4byte	.LASF76
 1061 05bb 01       		.byte	0x1
 1062 05bc 0B       		.byte	0xb
 1063 05bd 27000000 		.4byte	.LASF78
 1064 05c1 D7020000 		.4byte	0x2d7
 1065 05c5 00000000 		.4byte	.LFB8
 1066 05c9 26000000 		.4byte	.LFE8-.LFB8
 1067 05cd 01       		.uleb128 0x1
 1068 05ce 9C       		.byte	0x9c
 1069 05cf F0050000 		.4byte	0x5f0
 1070 05d3 17       		.uleb128 0x17
 1071 05d4 55010000 		.4byte	.LASF73
ARM GAS  /tmp/ccNGBAsD.s 			page 20


 1072 05d8 01       		.byte	0x1
 1073 05d9 0B       		.byte	0xb
 1074 05da 28000000 		.4byte	0x28
 1075 05de 02       		.uleb128 0x2
 1076 05df 91       		.byte	0x91
 1077 05e0 74       		.sleb128 -12
 1078 05e1 17       		.uleb128 0x17
 1079 05e2 7F000000 		.4byte	.LASF79
 1080 05e6 01       		.byte	0x1
 1081 05e7 0B       		.byte	0xb
 1082 05e8 60050000 		.4byte	0x560
 1083 05ec 02       		.uleb128 0x2
 1084 05ed 91       		.byte	0x91
 1085 05ee 70       		.sleb128 -16
 1086 05ef 00       		.byte	0
 1087 05f0 16       		.uleb128 0x16
 1088 05f1 5F000000 		.4byte	.LASF80
 1089 05f5 01       		.byte	0x1
 1090 05f6 11       		.byte	0x11
 1091 05f7 35010000 		.4byte	.LASF81
 1092 05fb D7020000 		.4byte	0x2d7
 1093 05ff 00000000 		.4byte	.LFB9
 1094 0603 24000000 		.4byte	.LFE9-.LFB9
 1095 0607 01       		.uleb128 0x1
 1096 0608 9C       		.byte	0x9c
 1097 0609 1C060000 		.4byte	0x61c
 1098 060d 17       		.uleb128 0x17
 1099 060e 55010000 		.4byte	.LASF73
 1100 0612 01       		.byte	0x1
 1101 0613 11       		.byte	0x11
 1102 0614 28000000 		.4byte	0x28
 1103 0618 02       		.uleb128 0x2
 1104 0619 91       		.byte	0x91
 1105 061a 74       		.sleb128 -12
 1106 061b 00       		.byte	0
 1107 061c 16       		.uleb128 0x16
 1108 061d 5F000000 		.4byte	.LASF80
 1109 0621 01       		.byte	0x1
 1110 0622 17       		.byte	0x17
 1111 0623 1B040000 		.4byte	.LASF82
 1112 0627 D7020000 		.4byte	0x2d7
 1113 062b 00000000 		.4byte	.LFB10
 1114 062f 26000000 		.4byte	.LFE10-.LFB10
 1115 0633 01       		.uleb128 0x1
 1116 0634 9C       		.byte	0x9c
 1117 0635 56060000 		.4byte	0x656
 1118 0639 17       		.uleb128 0x17
 1119 063a 55010000 		.4byte	.LASF73
 1120 063e 01       		.byte	0x1
 1121 063f 17       		.byte	0x17
 1122 0640 28000000 		.4byte	0x28
 1123 0644 02       		.uleb128 0x2
 1124 0645 91       		.byte	0x91
 1125 0646 74       		.sleb128 -12
 1126 0647 17       		.uleb128 0x17
 1127 0648 7F000000 		.4byte	.LASF79
 1128 064c 01       		.byte	0x1
ARM GAS  /tmp/ccNGBAsD.s 			page 21


 1129 064d 17       		.byte	0x17
 1130 064e 60050000 		.4byte	0x560
 1131 0652 02       		.uleb128 0x2
 1132 0653 91       		.byte	0x91
 1133 0654 70       		.sleb128 -16
 1134 0655 00       		.byte	0
 1135 0656 18       		.uleb128 0x18
 1136 0657 25010000 		.4byte	.LASF84
 1137 065b 01       		.byte	0x1
 1138 065c 1D       		.byte	0x1d
 1139 065d DB010000 		.4byte	.LASF85
 1140 0661 00000000 		.4byte	.LFB11
 1141 0665 18000000 		.4byte	.LFE11-.LFB11
 1142 0669 01       		.uleb128 0x1
 1143 066a 9C       		.byte	0x9c
 1144 066b 7E060000 		.4byte	0x67e
 1145 066f 17       		.uleb128 0x17
 1146 0670 E8030000 		.4byte	.LASF83
 1147 0674 01       		.byte	0x1
 1148 0675 1D       		.byte	0x1d
 1149 0676 D7020000 		.4byte	0x2d7
 1150 067a 02       		.uleb128 0x2
 1151 067b 91       		.byte	0x91
 1152 067c 74       		.sleb128 -12
 1153 067d 00       		.byte	0
 1154 067e 18       		.uleb128 0x18
 1155 067f 25010000 		.4byte	.LASF84
 1156 0683 01       		.byte	0x1
 1157 0684 25       		.byte	0x25
 1158 0685 95040000 		.4byte	.LASF86
 1159 0689 00000000 		.4byte	.LFB12
 1160 068d 1A000000 		.4byte	.LFE12-.LFB12
 1161 0691 01       		.uleb128 0x1
 1162 0692 9C       		.byte	0x9c
 1163 0693 B4060000 		.4byte	0x6b4
 1164 0697 17       		.uleb128 0x17
 1165 0698 E8030000 		.4byte	.LASF83
 1166 069c 01       		.byte	0x1
 1167 069d 25       		.byte	0x25
 1168 069e D7020000 		.4byte	0x2d7
 1169 06a2 02       		.uleb128 0x2
 1170 06a3 91       		.byte	0x91
 1171 06a4 74       		.sleb128 -12
 1172 06a5 17       		.uleb128 0x17
 1173 06a6 7F000000 		.4byte	.LASF79
 1174 06aa 01       		.byte	0x1
 1175 06ab 25       		.byte	0x25
 1176 06ac 60050000 		.4byte	0x560
 1177 06b0 02       		.uleb128 0x2
 1178 06b1 91       		.byte	0x91
 1179 06b2 70       		.sleb128 -16
 1180 06b3 00       		.byte	0
 1181 06b4 18       		.uleb128 0x18
 1182 06b5 ED030000 		.4byte	.LASF87
 1183 06b9 01       		.byte	0x1
 1184 06ba 2E       		.byte	0x2e
 1185 06bb D4010000 		.4byte	.LASF88
ARM GAS  /tmp/ccNGBAsD.s 			page 22


 1186 06bf 00000000 		.4byte	.LFB13
 1187 06c3 18000000 		.4byte	.LFE13-.LFB13
 1188 06c7 01       		.uleb128 0x1
 1189 06c8 9C       		.byte	0x9c
 1190 06c9 DC060000 		.4byte	0x6dc
 1191 06cd 17       		.uleb128 0x17
 1192 06ce E8030000 		.4byte	.LASF83
 1193 06d2 01       		.byte	0x1
 1194 06d3 2E       		.byte	0x2e
 1195 06d4 D7020000 		.4byte	0x2d7
 1196 06d8 02       		.uleb128 0x2
 1197 06d9 91       		.byte	0x91
 1198 06da 74       		.sleb128 -12
 1199 06db 00       		.byte	0
 1200 06dc 19       		.uleb128 0x19
 1201 06dd ED030000 		.4byte	.LASF87
 1202 06e1 01       		.byte	0x1
 1203 06e2 36       		.byte	0x36
 1204 06e3 AF010000 		.4byte	.LASF92
 1205 06e7 00000000 		.4byte	.LFB14
 1206 06eb 1A000000 		.4byte	.LFE14-.LFB14
 1207 06ef 01       		.uleb128 0x1
 1208 06f0 9C       		.byte	0x9c
 1209 06f1 17       		.uleb128 0x17
 1210 06f2 E8030000 		.4byte	.LASF83
 1211 06f6 01       		.byte	0x1
 1212 06f7 36       		.byte	0x36
 1213 06f8 D7020000 		.4byte	0x2d7
 1214 06fc 02       		.uleb128 0x2
 1215 06fd 91       		.byte	0x91
 1216 06fe 74       		.sleb128 -12
 1217 06ff 17       		.uleb128 0x17
 1218 0700 7F000000 		.4byte	.LASF79
 1219 0704 01       		.byte	0x1
 1220 0705 36       		.byte	0x36
 1221 0706 60050000 		.4byte	0x560
 1222 070a 02       		.uleb128 0x2
 1223 070b 91       		.byte	0x91
 1224 070c 70       		.sleb128 -16
 1225 070d 00       		.byte	0
 1226 070e 00       		.byte	0
 1227              		.section	.debug_abbrev,"",%progbits
 1228              	.Ldebug_abbrev0:
 1229 0000 01       		.uleb128 0x1
 1230 0001 11       		.uleb128 0x11
 1231 0002 01       		.byte	0x1
 1232 0003 25       		.uleb128 0x25
 1233 0004 0E       		.uleb128 0xe
 1234 0005 13       		.uleb128 0x13
 1235 0006 0B       		.uleb128 0xb
 1236 0007 03       		.uleb128 0x3
 1237 0008 0E       		.uleb128 0xe
 1238 0009 55       		.uleb128 0x55
 1239 000a 17       		.uleb128 0x17
 1240 000b 11       		.uleb128 0x11
 1241 000c 01       		.uleb128 0x1
 1242 000d 10       		.uleb128 0x10
ARM GAS  /tmp/ccNGBAsD.s 			page 23


 1243 000e 17       		.uleb128 0x17
 1244 000f 00       		.byte	0
 1245 0010 00       		.byte	0
 1246 0011 02       		.uleb128 0x2
 1247 0012 24       		.uleb128 0x24
 1248 0013 00       		.byte	0
 1249 0014 0B       		.uleb128 0xb
 1250 0015 0B       		.uleb128 0xb
 1251 0016 3E       		.uleb128 0x3e
 1252 0017 0B       		.uleb128 0xb
 1253 0018 03       		.uleb128 0x3
 1254 0019 08       		.uleb128 0x8
 1255 001a 00       		.byte	0
 1256 001b 00       		.byte	0
 1257 001c 03       		.uleb128 0x3
 1258 001d 16       		.uleb128 0x16
 1259 001e 00       		.byte	0
 1260 001f 03       		.uleb128 0x3
 1261 0020 0E       		.uleb128 0xe
 1262 0021 3A       		.uleb128 0x3a
 1263 0022 0B       		.uleb128 0xb
 1264 0023 3B       		.uleb128 0x3b
 1265 0024 0B       		.uleb128 0xb
 1266 0025 49       		.uleb128 0x49
 1267 0026 13       		.uleb128 0x13
 1268 0027 00       		.byte	0
 1269 0028 00       		.byte	0
 1270 0029 04       		.uleb128 0x4
 1271 002a 24       		.uleb128 0x24
 1272 002b 00       		.byte	0
 1273 002c 0B       		.uleb128 0xb
 1274 002d 0B       		.uleb128 0xb
 1275 002e 3E       		.uleb128 0x3e
 1276 002f 0B       		.uleb128 0xb
 1277 0030 03       		.uleb128 0x3
 1278 0031 0E       		.uleb128 0xe
 1279 0032 00       		.byte	0
 1280 0033 00       		.byte	0
 1281 0034 05       		.uleb128 0x5
 1282 0035 13       		.uleb128 0x13
 1283 0036 01       		.byte	0x1
 1284 0037 03       		.uleb128 0x3
 1285 0038 0E       		.uleb128 0xe
 1286 0039 0B       		.uleb128 0xb
 1287 003a 0B       		.uleb128 0xb
 1288 003b 3A       		.uleb128 0x3a
 1289 003c 0B       		.uleb128 0xb
 1290 003d 3B       		.uleb128 0x3b
 1291 003e 0B       		.uleb128 0xb
 1292 003f 01       		.uleb128 0x1
 1293 0040 13       		.uleb128 0x13
 1294 0041 00       		.byte	0
 1295 0042 00       		.byte	0
 1296 0043 06       		.uleb128 0x6
 1297 0044 17       		.uleb128 0x17
 1298 0045 01       		.byte	0x1
 1299 0046 0B       		.uleb128 0xb
ARM GAS  /tmp/ccNGBAsD.s 			page 24


 1300 0047 0B       		.uleb128 0xb
 1301 0048 3A       		.uleb128 0x3a
 1302 0049 0B       		.uleb128 0xb
 1303 004a 3B       		.uleb128 0x3b
 1304 004b 0B       		.uleb128 0xb
 1305 004c 01       		.uleb128 0x1
 1306 004d 13       		.uleb128 0x13
 1307 004e 00       		.byte	0
 1308 004f 00       		.byte	0
 1309 0050 07       		.uleb128 0x7
 1310 0051 0D       		.uleb128 0xd
 1311 0052 00       		.byte	0
 1312 0053 03       		.uleb128 0x3
 1313 0054 0E       		.uleb128 0xe
 1314 0055 3A       		.uleb128 0x3a
 1315 0056 0B       		.uleb128 0xb
 1316 0057 3B       		.uleb128 0x3b
 1317 0058 0B       		.uleb128 0xb
 1318 0059 49       		.uleb128 0x49
 1319 005a 13       		.uleb128 0x13
 1320 005b 00       		.byte	0
 1321 005c 00       		.byte	0
 1322 005d 08       		.uleb128 0x8
 1323 005e 0D       		.uleb128 0xd
 1324 005f 00       		.byte	0
 1325 0060 03       		.uleb128 0x3
 1326 0061 0E       		.uleb128 0xe
 1327 0062 3A       		.uleb128 0x3a
 1328 0063 0B       		.uleb128 0xb
 1329 0064 3B       		.uleb128 0x3b
 1330 0065 0B       		.uleb128 0xb
 1331 0066 49       		.uleb128 0x49
 1332 0067 13       		.uleb128 0x13
 1333 0068 38       		.uleb128 0x38
 1334 0069 0B       		.uleb128 0xb
 1335 006a 00       		.byte	0
 1336 006b 00       		.byte	0
 1337 006c 09       		.uleb128 0x9
 1338 006d 0D       		.uleb128 0xd
 1339 006e 00       		.byte	0
 1340 006f 03       		.uleb128 0x3
 1341 0070 08       		.uleb128 0x8
 1342 0071 3A       		.uleb128 0x3a
 1343 0072 0B       		.uleb128 0xb
 1344 0073 3B       		.uleb128 0x3b
 1345 0074 0B       		.uleb128 0xb
 1346 0075 49       		.uleb128 0x49
 1347 0076 13       		.uleb128 0x13
 1348 0077 38       		.uleb128 0x38
 1349 0078 0B       		.uleb128 0xb
 1350 0079 00       		.byte	0
 1351 007a 00       		.byte	0
 1352 007b 0A       		.uleb128 0xa
 1353 007c 13       		.uleb128 0x13
 1354 007d 01       		.byte	0x1
 1355 007e 0B       		.uleb128 0xb
 1356 007f 0B       		.uleb128 0xb
ARM GAS  /tmp/ccNGBAsD.s 			page 25


 1357 0080 3A       		.uleb128 0x3a
 1358 0081 0B       		.uleb128 0xb
 1359 0082 3B       		.uleb128 0x3b
 1360 0083 0B       		.uleb128 0xb
 1361 0084 6E       		.uleb128 0x6e
 1362 0085 0E       		.uleb128 0xe
 1363 0086 01       		.uleb128 0x1
 1364 0087 13       		.uleb128 0x13
 1365 0088 00       		.byte	0
 1366 0089 00       		.byte	0
 1367 008a 0B       		.uleb128 0xb
 1368 008b 0F       		.uleb128 0xf
 1369 008c 00       		.byte	0
 1370 008d 0B       		.uleb128 0xb
 1371 008e 0B       		.uleb128 0xb
 1372 008f 49       		.uleb128 0x49
 1373 0090 13       		.uleb128 0x13
 1374 0091 00       		.byte	0
 1375 0092 00       		.byte	0
 1376 0093 0C       		.uleb128 0xc
 1377 0094 0F       		.uleb128 0xf
 1378 0095 00       		.byte	0
 1379 0096 0B       		.uleb128 0xb
 1380 0097 0B       		.uleb128 0xb
 1381 0098 00       		.byte	0
 1382 0099 00       		.byte	0
 1383 009a 0D       		.uleb128 0xd
 1384 009b 13       		.uleb128 0x13
 1385 009c 01       		.byte	0x1
 1386 009d 03       		.uleb128 0x3
 1387 009e 0E       		.uleb128 0xe
 1388 009f 0B       		.uleb128 0xb
 1389 00a0 0B       		.uleb128 0xb
 1390 00a1 3A       		.uleb128 0x3a
 1391 00a2 0B       		.uleb128 0xb
 1392 00a3 3B       		.uleb128 0x3b
 1393 00a4 05       		.uleb128 0x5
 1394 00a5 01       		.uleb128 0x1
 1395 00a6 13       		.uleb128 0x13
 1396 00a7 00       		.byte	0
 1397 00a8 00       		.byte	0
 1398 00a9 0E       		.uleb128 0xe
 1399 00aa 0D       		.uleb128 0xd
 1400 00ab 00       		.byte	0
 1401 00ac 03       		.uleb128 0x3
 1402 00ad 08       		.uleb128 0x8
 1403 00ae 3A       		.uleb128 0x3a
 1404 00af 0B       		.uleb128 0xb
 1405 00b0 3B       		.uleb128 0x3b
 1406 00b1 05       		.uleb128 0x5
 1407 00b2 49       		.uleb128 0x49
 1408 00b3 13       		.uleb128 0x13
 1409 00b4 38       		.uleb128 0x38
 1410 00b5 0B       		.uleb128 0xb
 1411 00b6 00       		.byte	0
 1412 00b7 00       		.byte	0
 1413 00b8 0F       		.uleb128 0xf
ARM GAS  /tmp/ccNGBAsD.s 			page 26


 1414 00b9 35       		.uleb128 0x35
 1415 00ba 00       		.byte	0
 1416 00bb 49       		.uleb128 0x49
 1417 00bc 13       		.uleb128 0x13
 1418 00bd 00       		.byte	0
 1419 00be 00       		.byte	0
 1420 00bf 10       		.uleb128 0x10
 1421 00c0 15       		.uleb128 0x15
 1422 00c1 01       		.byte	0x1
 1423 00c2 49       		.uleb128 0x49
 1424 00c3 13       		.uleb128 0x13
 1425 00c4 01       		.uleb128 0x1
 1426 00c5 13       		.uleb128 0x13
 1427 00c6 00       		.byte	0
 1428 00c7 00       		.byte	0
 1429 00c8 11       		.uleb128 0x11
 1430 00c9 05       		.uleb128 0x5
 1431 00ca 00       		.byte	0
 1432 00cb 49       		.uleb128 0x49
 1433 00cc 13       		.uleb128 0x13
 1434 00cd 00       		.byte	0
 1435 00ce 00       		.byte	0
 1436 00cf 12       		.uleb128 0x12
 1437 00d0 17       		.uleb128 0x17
 1438 00d1 01       		.byte	0x1
 1439 00d2 03       		.uleb128 0x3
 1440 00d3 0E       		.uleb128 0xe
 1441 00d4 0B       		.uleb128 0xb
 1442 00d5 0B       		.uleb128 0xb
 1443 00d6 3A       		.uleb128 0x3a
 1444 00d7 0B       		.uleb128 0xb
 1445 00d8 3B       		.uleb128 0x3b
 1446 00d9 0B       		.uleb128 0xb
 1447 00da 01       		.uleb128 0x1
 1448 00db 13       		.uleb128 0x13
 1449 00dc 00       		.byte	0
 1450 00dd 00       		.byte	0
 1451 00de 13       		.uleb128 0x13
 1452 00df 13       		.uleb128 0x13
 1453 00e0 01       		.byte	0x1
 1454 00e1 0B       		.uleb128 0xb
 1455 00e2 0B       		.uleb128 0xb
 1456 00e3 3A       		.uleb128 0x3a
 1457 00e4 0B       		.uleb128 0xb
 1458 00e5 3B       		.uleb128 0x3b
 1459 00e6 0B       		.uleb128 0xb
 1460 00e7 01       		.uleb128 0x1
 1461 00e8 13       		.uleb128 0x13
 1462 00e9 00       		.byte	0
 1463 00ea 00       		.byte	0
 1464 00eb 14       		.uleb128 0x14
 1465 00ec 0D       		.uleb128 0xd
 1466 00ed 00       		.byte	0
 1467 00ee 03       		.uleb128 0x3
 1468 00ef 08       		.uleb128 0x8
 1469 00f0 3A       		.uleb128 0x3a
 1470 00f1 0B       		.uleb128 0xb
ARM GAS  /tmp/ccNGBAsD.s 			page 27


 1471 00f2 3B       		.uleb128 0x3b
 1472 00f3 0B       		.uleb128 0xb
 1473 00f4 49       		.uleb128 0x49
 1474 00f5 13       		.uleb128 0x13
 1475 00f6 00       		.byte	0
 1476 00f7 00       		.byte	0
 1477 00f8 15       		.uleb128 0x15
 1478 00f9 26       		.uleb128 0x26
 1479 00fa 00       		.byte	0
 1480 00fb 49       		.uleb128 0x49
 1481 00fc 13       		.uleb128 0x13
 1482 00fd 00       		.byte	0
 1483 00fe 00       		.byte	0
 1484 00ff 16       		.uleb128 0x16
 1485 0100 2E       		.uleb128 0x2e
 1486 0101 01       		.byte	0x1
 1487 0102 3F       		.uleb128 0x3f
 1488 0103 19       		.uleb128 0x19
 1489 0104 03       		.uleb128 0x3
 1490 0105 0E       		.uleb128 0xe
 1491 0106 3A       		.uleb128 0x3a
 1492 0107 0B       		.uleb128 0xb
 1493 0108 3B       		.uleb128 0x3b
 1494 0109 0B       		.uleb128 0xb
 1495 010a 6E       		.uleb128 0x6e
 1496 010b 0E       		.uleb128 0xe
 1497 010c 49       		.uleb128 0x49
 1498 010d 13       		.uleb128 0x13
 1499 010e 11       		.uleb128 0x11
 1500 010f 01       		.uleb128 0x1
 1501 0110 12       		.uleb128 0x12
 1502 0111 06       		.uleb128 0x6
 1503 0112 40       		.uleb128 0x40
 1504 0113 18       		.uleb128 0x18
 1505 0114 9642     		.uleb128 0x2116
 1506 0116 19       		.uleb128 0x19
 1507 0117 01       		.uleb128 0x1
 1508 0118 13       		.uleb128 0x13
 1509 0119 00       		.byte	0
 1510 011a 00       		.byte	0
 1511 011b 17       		.uleb128 0x17
 1512 011c 05       		.uleb128 0x5
 1513 011d 00       		.byte	0
 1514 011e 03       		.uleb128 0x3
 1515 011f 0E       		.uleb128 0xe
 1516 0120 3A       		.uleb128 0x3a
 1517 0121 0B       		.uleb128 0xb
 1518 0122 3B       		.uleb128 0x3b
 1519 0123 0B       		.uleb128 0xb
 1520 0124 49       		.uleb128 0x49
 1521 0125 13       		.uleb128 0x13
 1522 0126 02       		.uleb128 0x2
 1523 0127 18       		.uleb128 0x18
 1524 0128 00       		.byte	0
 1525 0129 00       		.byte	0
 1526 012a 18       		.uleb128 0x18
 1527 012b 2E       		.uleb128 0x2e
ARM GAS  /tmp/ccNGBAsD.s 			page 28


 1528 012c 01       		.byte	0x1
 1529 012d 3F       		.uleb128 0x3f
 1530 012e 19       		.uleb128 0x19
 1531 012f 03       		.uleb128 0x3
 1532 0130 0E       		.uleb128 0xe
 1533 0131 3A       		.uleb128 0x3a
 1534 0132 0B       		.uleb128 0xb
 1535 0133 3B       		.uleb128 0x3b
 1536 0134 0B       		.uleb128 0xb
 1537 0135 6E       		.uleb128 0x6e
 1538 0136 0E       		.uleb128 0xe
 1539 0137 11       		.uleb128 0x11
 1540 0138 01       		.uleb128 0x1
 1541 0139 12       		.uleb128 0x12
 1542 013a 06       		.uleb128 0x6
 1543 013b 40       		.uleb128 0x40
 1544 013c 18       		.uleb128 0x18
 1545 013d 9642     		.uleb128 0x2116
 1546 013f 19       		.uleb128 0x19
 1547 0140 01       		.uleb128 0x1
 1548 0141 13       		.uleb128 0x13
 1549 0142 00       		.byte	0
 1550 0143 00       		.byte	0
 1551 0144 19       		.uleb128 0x19
 1552 0145 2E       		.uleb128 0x2e
 1553 0146 01       		.byte	0x1
 1554 0147 3F       		.uleb128 0x3f
 1555 0148 19       		.uleb128 0x19
 1556 0149 03       		.uleb128 0x3
 1557 014a 0E       		.uleb128 0xe
 1558 014b 3A       		.uleb128 0x3a
 1559 014c 0B       		.uleb128 0xb
 1560 014d 3B       		.uleb128 0x3b
 1561 014e 0B       		.uleb128 0xb
 1562 014f 6E       		.uleb128 0x6e
 1563 0150 0E       		.uleb128 0xe
 1564 0151 11       		.uleb128 0x11
 1565 0152 01       		.uleb128 0x1
 1566 0153 12       		.uleb128 0x12
 1567 0154 06       		.uleb128 0x6
 1568 0155 40       		.uleb128 0x40
 1569 0156 18       		.uleb128 0x18
 1570 0157 9642     		.uleb128 0x2116
 1571 0159 19       		.uleb128 0x19
 1572 015a 00       		.byte	0
 1573 015b 00       		.byte	0
 1574 015c 00       		.byte	0
 1575              		.section	.debug_aranges,"",%progbits
 1576 0000 54000000 		.4byte	0x54
 1577 0004 0200     		.2byte	0x2
 1578 0006 00000000 		.4byte	.Ldebug_info0
 1579 000a 04       		.byte	0x4
 1580 000b 00       		.byte	0
 1581 000c 0000     		.2byte	0
 1582 000e 0000     		.2byte	0
 1583 0010 00000000 		.4byte	.LFB7
 1584 0014 24000000 		.4byte	.LFE7-.LFB7
ARM GAS  /tmp/ccNGBAsD.s 			page 29


 1585 0018 00000000 		.4byte	.LFB8
 1586 001c 26000000 		.4byte	.LFE8-.LFB8
 1587 0020 00000000 		.4byte	.LFB9
 1588 0024 24000000 		.4byte	.LFE9-.LFB9
 1589 0028 00000000 		.4byte	.LFB10
 1590 002c 26000000 		.4byte	.LFE10-.LFB10
 1591 0030 00000000 		.4byte	.LFB11
 1592 0034 18000000 		.4byte	.LFE11-.LFB11
 1593 0038 00000000 		.4byte	.LFB12
 1594 003c 1A000000 		.4byte	.LFE12-.LFB12
 1595 0040 00000000 		.4byte	.LFB13
 1596 0044 18000000 		.4byte	.LFE13-.LFB13
 1597 0048 00000000 		.4byte	.LFB14
 1598 004c 1A000000 		.4byte	.LFE14-.LFB14
 1599 0050 00000000 		.4byte	0
 1600 0054 00000000 		.4byte	0
 1601              		.section	.debug_ranges,"",%progbits
 1602              	.Ldebug_ranges0:
 1603 0000 00000000 		.4byte	.LFB7
 1604 0004 24000000 		.4byte	.LFE7
 1605 0008 00000000 		.4byte	.LFB8
 1606 000c 26000000 		.4byte	.LFE8
 1607 0010 00000000 		.4byte	.LFB9
 1608 0014 24000000 		.4byte	.LFE9
 1609 0018 00000000 		.4byte	.LFB10
 1610 001c 26000000 		.4byte	.LFE10
 1611 0020 00000000 		.4byte	.LFB11
 1612 0024 18000000 		.4byte	.LFE11
 1613 0028 00000000 		.4byte	.LFB12
 1614 002c 1A000000 		.4byte	.LFE12
 1615 0030 00000000 		.4byte	.LFB13
 1616 0034 18000000 		.4byte	.LFE13
 1617 0038 00000000 		.4byte	.LFB14
 1618 003c 1A000000 		.4byte	.LFE14
 1619 0040 00000000 		.4byte	0
 1620 0044 00000000 		.4byte	0
 1621              		.section	.debug_line,"",%progbits
 1622              	.Ldebug_line0:
 1623 0000 72020000 		.section	.debug_str,"MS",%progbits,1
 1623      02008E01 
 1623      00000201 
 1623      FB0E0D00 
 1623      01010101 
 1624              	.LASF47:
 1625 0000 705F6D73 		.ascii	"p_msg\000"
 1625      6700
 1626              	.LASF2:
 1627 0006 73697A65 		.ascii	"size_t\000"
 1627      5F7400
 1628              	.LASF28:
 1629 000d 7264796D 		.ascii	"rdymsg\000"
 1629      736700
 1630              	.LASF17:
 1631 0014 75696E74 		.ascii	"uint64_t\000"
 1631      36345F74 
 1631      00
 1632              	.LASF3:
ARM GAS  /tmp/ccNGBAsD.s 			page 30


 1633 001d 5F5F7569 		.ascii	"__uint8_t\000"
 1633      6E74385F 
 1633      7400
 1634              	.LASF78:
 1635 0027 5F5A6E77 		.ascii	"_ZnwjP11memory_heap\000"
 1635      6A503131 
 1635      6D656D6F 
 1635      72795F68 
 1635      65617000 
 1636              	.LASF65:
 1637 003b 6D656D67 		.ascii	"memgetfunc_t\000"
 1637      65746675 
 1637      6E635F74 
 1637      00
 1638              	.LASF13:
 1639 0048 6C6F6E67 		.ascii	"long long unsigned int\000"
 1639      206C6F6E 
 1639      6720756E 
 1639      7369676E 
 1639      65642069 
 1640              	.LASF80:
 1641 005f 6F706572 		.ascii	"operator new []\000"
 1641      61746F72 
 1641      206E6577 
 1641      205B5D00 
 1642              	.LASF29:
 1643 006f 65786974 		.ascii	"exitcode\000"
 1643      636F6465 
 1643      00
 1644              	.LASF69:
 1645 0078 685F6672 		.ascii	"h_free\000"
 1645      656500
 1646              	.LASF79:
 1647 007f 68656170 		.ascii	"heapp\000"
 1647      7000
 1648              	.LASF71:
 1649 0085 6E657874 		.ascii	"next\000"
 1649      00
 1650              	.LASF34:
 1651 008a 705F7072 		.ascii	"p_prio\000"
 1651      696F00
 1652              	.LASF11:
 1653 0091 6C6F6E67 		.ascii	"long long int\000"
 1653      206C6F6E 
 1653      6720696E 
 1653      7400
 1654              	.LASF1:
 1655 009f 7369676E 		.ascii	"signed char\000"
 1655      65642063 
 1655      68617200 
 1656              	.LASF70:
 1657 00ab 685F6D74 		.ascii	"h_mtx\000"
 1657      7800
 1658              	.LASF51:
 1659 00b1 705F6D70 		.ascii	"p_mpool\000"
 1659      6F6F6C00 
 1660              	.LASF62:
ARM GAS  /tmp/ccNGBAsD.s 			page 31


 1661 00b9 6D5F7175 		.ascii	"m_queue\000"
 1661      65756500 
 1662              	.LASF22:
 1663 00c1 74736C69 		.ascii	"tslices_t\000"
 1663      6365735F 
 1663      7400
 1664              	.LASF54:
 1665 00cb 31315468 		.ascii	"11ThreadsList\000"
 1665      72656164 
 1665      734C6973 
 1665      7400
 1666              	.LASF8:
 1667 00d9 6C6F6E67 		.ascii	"long int\000"
 1667      20696E74 
 1667      00
 1668              	.LASF20:
 1669 00e2 74737461 		.ascii	"tstate_t\000"
 1669      74655F74 
 1669      00
 1670              	.LASF36:
 1671 00eb 705F6E65 		.ascii	"p_newer\000"
 1671      77657200 
 1672              	.LASF9:
 1673 00f3 5F5F7569 		.ascii	"__uint32_t\000"
 1673      6E743332 
 1673      5F7400
 1674              	.LASF56:
 1675 00fe 72656761 		.ascii	"regarm_t\000"
 1675      726D5F74 
 1675      00
 1676              	.LASF74:
 1677 0107 616C6967 		.ascii	"align\000"
 1677      6E00
 1678              	.LASF39:
 1679 010d 705F7374 		.ascii	"p_stklimit\000"
 1679      6B6C696D 
 1679      697400
 1680              	.LASF0:
 1681 0118 756E7369 		.ascii	"unsigned int\000"
 1681      676E6564 
 1681      20696E74 
 1681      00
 1682              	.LASF84:
 1683 0125 6F706572 		.ascii	"operator delete\000"
 1683      61746F72 
 1683      2064656C 
 1683      65746500 
 1684              	.LASF81:
 1685 0135 5F5A6E61 		.ascii	"_Znaj\000"
 1685      6A00
 1686              	.LASF10:
 1687 013b 6C6F6E67 		.ascii	"long unsigned int\000"
 1687      20756E73 
 1687      69676E65 
 1687      6420696E 
 1687      7400
 1688              	.LASF59:
ARM GAS  /tmp/ccNGBAsD.s 			page 32


 1689 014d 636F6E74 		.ascii	"context\000"
 1689      65787400 
 1690              	.LASF73:
 1691 0155 73697A65 		.ascii	"size\000"
 1691      00
 1692              	.LASF6:
 1693 015a 73686F72 		.ascii	"short unsigned int\000"
 1693      7420756E 
 1693      7369676E 
 1693      65642069 
 1693      6E7400
 1694              	.LASF24:
 1695 016d 6D73675F 		.ascii	"msg_t\000"
 1695      7400
 1696              	.LASF19:
 1697 0173 746D6F64 		.ascii	"tmode_t\000"
 1697      655F7400 
 1698              	.LASF18:
 1699 017b 626F6F6C 		.ascii	"bool\000"
 1699      00
 1700              	.LASF55:
 1701 0180 54687265 		.ascii	"ThreadsList\000"
 1701      6164734C 
 1701      69737400 
 1702              	.LASF25:
 1703 018c 6576656E 		.ascii	"eventmask_t\000"
 1703      746D6173 
 1703      6B5F7400 
 1704              	.LASF61:
 1705 0198 4D757465 		.ascii	"Mutex\000"
 1705      7800
 1706              	.LASF77:
 1707 019e 5F5A6E77 		.ascii	"_Znwj\000"
 1707      6A00
 1708              	.LASF57:
 1709 01a4 73746B61 		.ascii	"stkalign_t\000"
 1709      6C69676E 
 1709      5F7400
 1710              	.LASF92:
 1711 01af 5F5A6461 		.ascii	"_ZdaPvP11memory_heap\000"
 1711      50765031 
 1711      316D656D 
 1711      6F72795F 
 1711      68656170 
 1712              	.LASF33:
 1713 01c4 705F7072 		.ascii	"p_prev\000"
 1713      657600
 1714              	.LASF60:
 1715 01cb 73697A65 		.ascii	"sizetype\000"
 1715      74797065 
 1715      00
 1716              	.LASF88:
 1717 01d4 5F5A6461 		.ascii	"_ZdaPv\000"
 1717      507600
 1718              	.LASF85:
 1719 01db 5F5A646C 		.ascii	"_ZdlPv\000"
 1719      507600
ARM GAS  /tmp/ccNGBAsD.s 			page 33


 1720              	.LASF37:
 1721 01e2 705F6F6C 		.ascii	"p_older\000"
 1721      64657200 
 1722              	.LASF52:
 1723 01ea 54687265 		.ascii	"ThreadsQueue\000"
 1723      61647351 
 1723      75657565 
 1723      00
 1724              	.LASF66:
 1725 01f7 4D656D6F 		.ascii	"MemoryHeap\000"
 1725      72794865 
 1725      617000
 1726              	.LASF53:
 1727 0202 31325468 		.ascii	"12ThreadsQueue\000"
 1727      72656164 
 1727      73517565 
 1727      756500
 1728              	.LASF12:
 1729 0211 5F5F7569 		.ascii	"__uint64_t\000"
 1729      6E743634 
 1729      5F7400
 1730              	.LASF89:
 1731 021c 474E5520 		.ascii	"GNU C++ 4.8.4 20141219 (release) -mcpu=cortex-m4 -m"
 1731      432B2B20 
 1731      342E382E 
 1731      34203230 
 1731      31343132 
 1732 024f 666C6F61 		.ascii	"float-abi=hard -mfpu=fpv4-sp-d16 -mno-thumb-interwo"
 1732      742D6162 
 1732      693D6861 
 1732      7264202D 
 1732      6D667075 
 1733 0282 726B202D 		.ascii	"rk -mthumb -ggdb -O0 -fomit-frame-pointer -falign-f"
 1733      6D746875 
 1733      6D62202D 
 1733      67676462 
 1733      202D4F30 
 1734 02b5 756E6374 		.ascii	"unctions=16 -ffunction-sections -fdata-sections -fn"
 1734      696F6E73 
 1734      3D313620 
 1734      2D666675 
 1734      6E637469 
 1735 02e8 6F2D636F 		.ascii	"o-common -fsingle-precision-constant -fno-rtti -fno"
 1735      6D6D6F6E 
 1735      202D6673 
 1735      696E676C 
 1735      652D7072 
 1736 031b 2D657863 		.ascii	"-exceptions -fno-threadsafe-statics\000"
 1736      65707469 
 1736      6F6E7320 
 1736      2D666E6F 
 1736      2D746872 
 1737              	.LASF21:
 1738 033f 74726566 		.ascii	"trefs_t\000"
 1738      735F7400 
 1739              	.LASF90:
 1740 0347 2F686F6D 		.ascii	"/home/dave/r2p-sdk/modules/USB_module/chnew.cpp\000"
ARM GAS  /tmp/ccNGBAsD.s 			page 34


 1740      652F6461 
 1740      76652F72 
 1740      32702D73 
 1740      646B2F6D 
 1741              	.LASF23:
 1742 0377 74707269 		.ascii	"tprio_t\000"
 1742      6F5F7400 
 1743              	.LASF15:
 1744 037f 696E7433 		.ascii	"int32_t\000"
 1744      325F7400 
 1745              	.LASF4:
 1746 0387 756E7369 		.ascii	"unsigned char\000"
 1746      676E6564 
 1746      20636861 
 1746      7200
 1747              	.LASF68:
 1748 0395 685F7072 		.ascii	"h_provider\000"
 1748      6F766964 
 1748      657200
 1749              	.LASF49:
 1750 03a0 705F6D74 		.ascii	"p_mtxlist\000"
 1750      786C6973 
 1750      7400
 1751              	.LASF5:
 1752 03aa 73686F72 		.ascii	"short int\000"
 1752      7420696E 
 1752      7400
 1753              	.LASF40:
 1754 03b4 705F7374 		.ascii	"p_state\000"
 1754      61746500 
 1755              	.LASF43:
 1756 03bc 705F7072 		.ascii	"p_preempt\000"
 1756      65656D70 
 1756      7400
 1757              	.LASF91:
 1758 03c6 68656170 		.ascii	"heap_header\000"
 1758      5F686561 
 1758      64657200 
 1759              	.LASF31:
 1760 03d2 65776D61 		.ascii	"ewmask\000"
 1760      736B00
 1761              	.LASF32:
 1762 03d9 705F6E65 		.ascii	"p_next\000"
 1762      787400
 1763              	.LASF41:
 1764 03e0 705F666C 		.ascii	"p_flags\000"
 1764      61677300 
 1765              	.LASF83:
 1766 03e8 6F626A70 		.ascii	"objp\000"
 1766      00
 1767              	.LASF87:
 1768 03ed 6F706572 		.ascii	"operator delete []\000"
 1768      61746F72 
 1768      2064656C 
 1768      65746520 
 1768      5B5D00
 1769              	.LASF27:
ARM GAS  /tmp/ccNGBAsD.s 			page 35


 1770 0400 54687265 		.ascii	"Thread\000"
 1770      616400
 1771              	.LASF48:
 1772 0407 705F6570 		.ascii	"p_epending\000"
 1772      656E6469 
 1772      6E6700
 1773              	.LASF16:
 1774 0412 75696E74 		.ascii	"uint32_t\000"
 1774      33325F74 
 1774      00
 1775              	.LASF82:
 1776 041b 5F5A6E61 		.ascii	"_ZnajP11memory_heap\000"
 1776      6A503131 
 1776      6D656D6F 
 1776      72795F68 
 1776      65617000 
 1777              	.LASF72:
 1778 042f 68656170 		.ascii	"heap\000"
 1778      00
 1779              	.LASF75:
 1780 0434 63686172 		.ascii	"char\000"
 1780      00
 1781              	.LASF64:
 1782 0439 6D5F6E65 		.ascii	"m_next\000"
 1782      787400
 1783              	.LASF26:
 1784 0440 73797374 		.ascii	"systime_t\000"
 1784      696D655F 
 1784      7400
 1785              	.LASF50:
 1786 044a 705F7265 		.ascii	"p_realprio\000"
 1786      616C7072 
 1786      696F00
 1787              	.LASF7:
 1788 0455 5F5F696E 		.ascii	"__int32_t\000"
 1788      7433325F 
 1788      7400
 1789              	.LASF44:
 1790 045f 705F7469 		.ascii	"p_time\000"
 1790      6D6500
 1791              	.LASF58:
 1792 0466 696E7463 		.ascii	"intctx\000"
 1792      747800
 1793              	.LASF46:
 1794 046d 705F6D73 		.ascii	"p_msgqueue\000"
 1794      67717565 
 1794      756500
 1795              	.LASF42:
 1796 0478 705F7265 		.ascii	"p_refs\000"
 1796      667300
 1797              	.LASF14:
 1798 047f 75696E74 		.ascii	"uint8_t\000"
 1798      385F7400 
 1799              	.LASF30:
 1800 0487 77746F62 		.ascii	"wtobjp\000"
 1800      6A7000
 1801              	.LASF38:
ARM GAS  /tmp/ccNGBAsD.s 			page 36


 1802 048e 705F6E61 		.ascii	"p_name\000"
 1802      6D6500
 1803              	.LASF86:
 1804 0495 5F5A646C 		.ascii	"_ZdlPvP11memory_heap\000"
 1804      50765031 
 1804      316D656D 
 1804      6F72795F 
 1804      68656170 
 1805              	.LASF76:
 1806 04aa 6F706572 		.ascii	"operator new\000"
 1806      61746F72 
 1806      206E6577 
 1806      00
 1807              	.LASF63:
 1808 04b7 6D5F6F77 		.ascii	"m_owner\000"
 1808      6E657200 
 1809              	.LASF35:
 1810 04bf 705F6374 		.ascii	"p_ctx\000"
 1810      7800
 1811              	.LASF45:
 1812 04c5 705F7761 		.ascii	"p_waiting\000"
 1812      6974696E 
 1812      6700
 1813              	.LASF67:
 1814 04cf 6D656D6F 		.ascii	"memory_heap\000"
 1814      72795F68 
 1814      65617000 
 1815              		.ident	"GCC: (4.8.4-1+11-1) 4.8.4 20141219 (release)"
ARM GAS  /tmp/ccNGBAsD.s 			page 37


DEFINED SYMBOLS
                            *ABS*:0000000000000000 chnew.cpp
     /tmp/ccNGBAsD.s:21     .text._Znwj:0000000000000000 $t
     /tmp/ccNGBAsD.s:27     .text._Znwj:0000000000000000 _Znwj
     /tmp/ccNGBAsD.s:65     .text._ZnwjP11memory_heap:0000000000000000 $t
     /tmp/ccNGBAsD.s:71     .text._ZnwjP11memory_heap:0000000000000000 _ZnwjP11memory_heap
     /tmp/ccNGBAsD.s:109    .text._Znaj:0000000000000000 $t
     /tmp/ccNGBAsD.s:115    .text._Znaj:0000000000000000 _Znaj
     /tmp/ccNGBAsD.s:152    .text._ZnajP11memory_heap:0000000000000000 $t
     /tmp/ccNGBAsD.s:158    .text._ZnajP11memory_heap:0000000000000000 _ZnajP11memory_heap
     /tmp/ccNGBAsD.s:196    .text._ZdlPv:0000000000000000 $t
     /tmp/ccNGBAsD.s:202    .text._ZdlPv:0000000000000000 _ZdlPv
     /tmp/ccNGBAsD.s:230    .text._ZdlPvP11memory_heap:0000000000000000 $t
     /tmp/ccNGBAsD.s:236    .text._ZdlPvP11memory_heap:0000000000000000 _ZdlPvP11memory_heap
     /tmp/ccNGBAsD.s:265    .text._ZdaPv:0000000000000000 $t
     /tmp/ccNGBAsD.s:271    .text._ZdaPv:0000000000000000 _ZdaPv
     /tmp/ccNGBAsD.s:299    .text._ZdaPvP11memory_heap:0000000000000000 $t
     /tmp/ccNGBAsD.s:305    .text._ZdaPvP11memory_heap:0000000000000000 _ZdaPvP11memory_heap
                     .debug_frame:0000000000000010 $d

UNDEFINED SYMBOLS
chHeapAlloc
chHeapFree
