ARM GAS  /tmp/ccC1B38L.s 			page 1


   1              		.syntax unified
   2              		.cpu cortex-m4
   3              		.eabi_attribute 27, 3
   4              		.eabi_attribute 28, 1
   5              		.fpu fpv4-sp-d16
   6              		.eabi_attribute 20, 1
   7              		.eabi_attribute 21, 1
   8              		.eabi_attribute 23, 3
   9              		.eabi_attribute 24, 1
  10              		.eabi_attribute 25, 1
  11              		.eabi_attribute 26, 1
  12              		.eabi_attribute 30, 6
  13              		.eabi_attribute 34, 1
  14              		.eabi_attribute 18, 4
  15              		.thumb
  16              		.file	"chprintf.c"
  17              		.text
  18              	.Ltext0:
  19              		.cfi_sections	.debug_frame
  20              		.section	.text.long_to_string_with_divisor,"ax",%progbits
  21              		.align	2
  22              		.p2align 4,,15
  23              		.thumb
  24              		.thumb_func
  25              		.type	long_to_string_with_divisor, %function
  26              	long_to_string_with_divisor:
  27              	.LFB8:
  28              		.file 1 "/home/dave/r2p-sdk/core/ChibiOS/os/various/chprintf.c"
  29              		.loc 1 40 0
  30              		.cfi_startproc
  31              		@ args = 0, pretend = 0, frame = 32
  32              		@ frame_needed = 0, uses_anonymous_args = 0
  33              		@ link register save eliminated.
  34 0000 88B0     		sub	sp, sp, #32
  35              		.cfi_def_cfa_offset 32
  36 0002 0390     		str	r0, [sp, #12]
  37 0004 0291     		str	r1, [sp, #8]
  38 0006 0192     		str	r2, [sp, #4]
  39 0008 0093     		str	r3, [sp]
  40              		.loc 1 45 0
  41 000a 029B     		ldr	r3, [sp, #8]
  42 000c 0593     		str	r3, [sp, #20]
  43              		.loc 1 46 0
  44 000e 009B     		ldr	r3, [sp]
  45 0010 002B     		cmp	r3, #0
  46 0012 02D1     		bne	.L2
  47              		.loc 1 47 0
  48 0014 029B     		ldr	r3, [sp, #8]
  49 0016 0493     		str	r3, [sp, #16]
  50 0018 01E0     		b	.L3
  51              	.L2:
  52              		.loc 1 49 0
  53 001a 009B     		ldr	r3, [sp]
  54 001c 0493     		str	r3, [sp, #16]
  55              	.L3:
  56              		.loc 1 52 0
  57 001e 039B     		ldr	r3, [sp, #12]
ARM GAS  /tmp/ccC1B38L.s 			page 2


  58 0020 0B33     		adds	r3, r3, #11
  59 0022 0693     		str	r3, [sp, #24]
  60              	.L5:
  61              		.loc 1 54 0
  62 0024 059B     		ldr	r3, [sp, #20]
  63 0026 019A     		ldr	r2, [sp, #4]
  64 0028 B3FBF2F2 		udiv	r2, r3, r2
  65 002c 0199     		ldr	r1, [sp, #4]
  66 002e 01FB02F2 		mul	r2, r1, r2
  67 0032 9B1A     		subs	r3, r3, r2
  68 0034 0793     		str	r3, [sp, #28]
  69              		.loc 1 55 0
  70 0036 079B     		ldr	r3, [sp, #28]
  71 0038 3033     		adds	r3, r3, #48
  72 003a 0793     		str	r3, [sp, #28]
  73              		.loc 1 56 0
  74 003c 079B     		ldr	r3, [sp, #28]
  75 003e 392B     		cmp	r3, #57
  76 0040 02DD     		ble	.L4
  77              		.loc 1 57 0
  78 0042 079B     		ldr	r3, [sp, #28]
  79 0044 0733     		adds	r3, r3, #7
  80 0046 0793     		str	r3, [sp, #28]
  81              	.L4:
  82              		.loc 1 58 0
  83 0048 069B     		ldr	r3, [sp, #24]
  84 004a 013B     		subs	r3, r3, #1
  85 004c 0693     		str	r3, [sp, #24]
  86 004e 079B     		ldr	r3, [sp, #28]
  87 0050 DAB2     		uxtb	r2, r3
  88 0052 069B     		ldr	r3, [sp, #24]
  89 0054 1A70     		strb	r2, [r3]
  90              		.loc 1 59 0
  91 0056 059A     		ldr	r2, [sp, #20]
  92 0058 019B     		ldr	r3, [sp, #4]
  93 005a B2FBF3F3 		udiv	r3, r2, r3
  94 005e 0593     		str	r3, [sp, #20]
  95              		.loc 1 60 0
  96 0060 049A     		ldr	r2, [sp, #16]
  97 0062 019B     		ldr	r3, [sp, #4]
  98 0064 B2FBF3F3 		udiv	r3, r2, r3
  99 0068 0493     		str	r3, [sp, #16]
 100 006a 049B     		ldr	r3, [sp, #16]
 101 006c 002B     		cmp	r3, #0
 102 006e D9D1     		bne	.L5
 103              		.loc 1 62 0
 104 0070 039B     		ldr	r3, [sp, #12]
 105 0072 0B33     		adds	r3, r3, #11
 106 0074 1A46     		mov	r2, r3
 107 0076 069B     		ldr	r3, [sp, #24]
 108 0078 D31A     		subs	r3, r2, r3
 109 007a 0793     		str	r3, [sp, #28]
 110              	.L6:
 111              		.loc 1 64 0 discriminator 1
 112 007c 039B     		ldr	r3, [sp, #12]
 113 007e 5A1C     		adds	r2, r3, #1
 114 0080 0392     		str	r2, [sp, #12]
ARM GAS  /tmp/ccC1B38L.s 			page 3


 115 0082 069A     		ldr	r2, [sp, #24]
 116 0084 511C     		adds	r1, r2, #1
 117 0086 0691     		str	r1, [sp, #24]
 118 0088 1278     		ldrb	r2, [r2]	@ zero_extendqisi2
 119 008a 1A70     		strb	r2, [r3]
 120              		.loc 1 65 0 discriminator 1
 121 008c 079B     		ldr	r3, [sp, #28]
 122 008e 013B     		subs	r3, r3, #1
 123 0090 0793     		str	r3, [sp, #28]
 124 0092 079B     		ldr	r3, [sp, #28]
 125 0094 002B     		cmp	r3, #0
 126 0096 F1D1     		bne	.L6
 127              		.loc 1 67 0
 128 0098 039B     		ldr	r3, [sp, #12]
 129              		.loc 1 68 0
 130 009a 1846     		mov	r0, r3
 131 009c 08B0     		add	sp, sp, #32
 132              		@ sp needed
 133 009e 7047     		bx	lr
 134              		.cfi_endproc
 135              	.LFE8:
 136              		.size	long_to_string_with_divisor, .-long_to_string_with_divisor
 137              		.section	.text.ltoa,"ax",%progbits
 138              		.align	2
 139              		.p2align 4,,15
 140              		.thumb
 141              		.thumb_func
 142              		.type	ltoa, %function
 143              	ltoa:
 144              	.LFB9:
 145              		.loc 1 70 0
 146              		.cfi_startproc
 147              		@ args = 0, pretend = 0, frame = 16
 148              		@ frame_needed = 0, uses_anonymous_args = 0
 149 0000 00B5     		push	{lr}
 150              		.cfi_def_cfa_offset 4
 151              		.cfi_offset 14, -4
 152 0002 85B0     		sub	sp, sp, #20
 153              		.cfi_def_cfa_offset 24
 154 0004 0390     		str	r0, [sp, #12]
 155 0006 0291     		str	r1, [sp, #8]
 156 0008 0192     		str	r2, [sp, #4]
 157              		.loc 1 72 0
 158 000a 0398     		ldr	r0, [sp, #12]
 159 000c 0299     		ldr	r1, [sp, #8]
 160 000e 019A     		ldr	r2, [sp, #4]
 161 0010 0023     		movs	r3, #0
 162 0012 FFF7FEFF 		bl	long_to_string_with_divisor
 163 0016 0346     		mov	r3, r0
 164              		.loc 1 73 0
 165 0018 1846     		mov	r0, r3
 166 001a 05B0     		add	sp, sp, #20
 167              		@ sp needed
 168 001c 5DF804FB 		ldr	pc, [sp], #4
 169              		.cfi_endproc
 170              	.LFE9:
 171              		.size	ltoa, .-ltoa
ARM GAS  /tmp/ccC1B38L.s 			page 4


 172              		.global	__aeabi_d2iz
 173              		.global	__aeabi_i2d
 174              		.global	__aeabi_dsub
 175              		.global	__aeabi_ui2d
 176              		.global	__aeabi_dmul
 177              		.section	.text.ftoa,"ax",%progbits
 178              		.align	2
 179              		.p2align 4,,15
 180              		.thumb
 181              		.thumb_func
 182              		.type	ftoa, %function
 183              	ftoa:
 184              	.LFB10:
 185              		.loc 1 76 0
 186              		.cfi_startproc
 187              		@ args = 0, pretend = 0, frame = 24
 188              		@ frame_needed = 0, uses_anonymous_args = 0
 189 0000 30B5     		push	{r4, r5, lr}
 190              		.cfi_def_cfa_offset 12
 191              		.cfi_offset 4, -12
 192              		.cfi_offset 5, -8
 193              		.cfi_offset 14, -4
 194 0002 87B0     		sub	sp, sp, #28
 195              		.cfi_def_cfa_offset 40
 196 0004 0390     		str	r0, [sp, #12]
 197 0006 8DED000B 		fstd	d0, [sp]
 198              		.loc 1 78 0
 199 000a 204B     		ldr	r3, .L12
 200 000c 0593     		str	r3, [sp, #20]
 201              		.loc 1 80 0
 202 000e DDE90001 		ldrd	r0, [sp]
 203 0012 FFF7FEFF 		bl	__aeabi_d2iz
 204 0016 0346     		mov	r3, r0
 205 0018 0493     		str	r3, [sp, #16]
 206              		.loc 1 81 0
 207 001a 0398     		ldr	r0, [sp, #12]
 208 001c 0499     		ldr	r1, [sp, #16]
 209 001e 0A22     		movs	r2, #10
 210 0020 0023     		movs	r3, #0
 211 0022 FFF7FEFF 		bl	long_to_string_with_divisor
 212 0026 0390     		str	r0, [sp, #12]
 213              		.loc 1 82 0
 214 0028 039B     		ldr	r3, [sp, #12]
 215 002a 5A1C     		adds	r2, r3, #1
 216 002c 0392     		str	r2, [sp, #12]
 217 002e 2E22     		movs	r2, #46
 218 0030 1A70     		strb	r2, [r3]
 219              		.loc 1 83 0
 220 0032 0498     		ldr	r0, [sp, #16]
 221 0034 FFF7FEFF 		bl	__aeabi_i2d
 222 0038 0246     		mov	r2, r0
 223 003a 0B46     		mov	r3, r1
 224 003c DDE90001 		ldrd	r0, [sp]
 225 0040 FFF7FEFF 		bl	__aeabi_dsub
 226 0044 0246     		mov	r2, r0
 227 0046 0B46     		mov	r3, r1
 228 0048 1446     		mov	r4, r2
ARM GAS  /tmp/ccC1B38L.s 			page 5


 229 004a 1D46     		mov	r5, r3
 230 004c 0598     		ldr	r0, [sp, #20]
 231 004e FFF7FEFF 		bl	__aeabi_ui2d
 232 0052 0246     		mov	r2, r0
 233 0054 0B46     		mov	r3, r1
 234 0056 2046     		mov	r0, r4
 235 0058 2946     		mov	r1, r5
 236 005a FFF7FEFF 		bl	__aeabi_dmul
 237 005e 0246     		mov	r2, r0
 238 0060 0B46     		mov	r3, r1
 239 0062 1046     		mov	r0, r2
 240 0064 1946     		mov	r1, r3
 241 0066 FFF7FEFF 		bl	__aeabi_d2iz
 242 006a 0346     		mov	r3, r0
 243 006c 0493     		str	r3, [sp, #16]
 244              		.loc 1 84 0
 245 006e 059A     		ldr	r2, [sp, #20]
 246 0070 074B     		ldr	r3, .L12+4
 247 0072 A3FB0213 		umull	r1, r3, r3, r2
 248 0076 DB08     		lsrs	r3, r3, #3
 249 0078 0398     		ldr	r0, [sp, #12]
 250 007a 0499     		ldr	r1, [sp, #16]
 251 007c 0A22     		movs	r2, #10
 252 007e FFF7FEFF 		bl	long_to_string_with_divisor
 253 0082 0346     		mov	r3, r0
 254              		.loc 1 85 0
 255 0084 1846     		mov	r0, r3
 256 0086 07B0     		add	sp, sp, #28
 257              		@ sp needed
 258 0088 30BD     		pop	{r4, r5, pc}
 259              	.L13:
 260 008a 00BF     		.align	2
 261              	.L12:
 262 008c A0860100 		.word	100000
 263 0090 CDCCCCCC 		.word	-858993459
 264              		.cfi_endproc
 265              	.LFE10:
 266              		.size	ftoa, .-ftoa
 267 0094 AFF30080 		.section	.rodata
 267      AFF30080 
 267      AFF30080 
 268              		.align	2
 269              	.LC0:
 270 0000 286E756C 		.ascii	"(null)\000"
 270      6C2900
 271              		.global	__aeabi_d2f
 272              		.global	__aeabi_f2d
 273 0007 00       		.section	.text.chvprintf,"ax",%progbits
 274              		.align	2
 275              		.p2align 4,,15
 276              		.global	chvprintf
 277              		.thumb
 278              		.thumb_func
 279              		.type	chvprintf, %function
 280              	chvprintf:
 281              	.LFB11:
 282              		.loc 1 112 0
ARM GAS  /tmp/ccC1B38L.s 			page 6


 283              		.cfi_startproc
 284              		@ args = 0, pretend = 0, frame = 80
 285              		@ frame_needed = 0, uses_anonymous_args = 0
 286 0000 00B5     		push	{lr}
 287              		.cfi_def_cfa_offset 4
 288              		.cfi_offset 14, -4
 289 0002 95B0     		sub	sp, sp, #84
 290              		.cfi_def_cfa_offset 88
 291 0004 0390     		str	r0, [sp, #12]
 292 0006 0291     		str	r1, [sp, #8]
 293 0008 0192     		str	r2, [sp, #4]
 294              	.L69:
 295              		.loc 1 125 0
 296 000a 029B     		ldr	r3, [sp, #8]
 297 000c 5A1C     		adds	r2, r3, #1
 298 000e 0292     		str	r2, [sp, #8]
 299 0010 1B78     		ldrb	r3, [r3]
 300 0012 8DF84730 		strb	r3, [sp, #71]
 301              		.loc 1 126 0
 302 0016 9DF84730 		ldrb	r3, [sp, #71]	@ zero_extendqisi2
 303 001a 002B     		cmp	r3, #0
 304 001c 00D1     		bne	.L15
 305              		.loc 1 127 0
 306 001e 32E2     		b	.L72
 307              	.L15:
 308              		.loc 1 128 0
 309 0020 9DF84730 		ldrb	r3, [sp, #71]	@ zero_extendqisi2
 310 0024 252B     		cmp	r3, #37
 311 0026 08D0     		beq	.L17
 312              		.loc 1 129 0
 313 0028 039B     		ldr	r3, [sp, #12]
 314 002a 1B68     		ldr	r3, [r3]
 315 002c 9B68     		ldr	r3, [r3, #8]
 316 002e 9DF84720 		ldrb	r2, [sp, #71]	@ zero_extendqisi2
 317 0032 0398     		ldr	r0, [sp, #12]
 318 0034 1146     		mov	r1, r2
 319 0036 9847     		blx	r3
 320              		.loc 1 130 0
 321 0038 24E2     		b	.L18
 322              	.L17:
 323              		.loc 1 132 0
 324 003a 05AB     		add	r3, sp, #20
 325 003c 1393     		str	r3, [sp, #76]
 326              		.loc 1 133 0
 327 003e 05AB     		add	r3, sp, #20
 328 0040 1293     		str	r3, [sp, #72]
 329              		.loc 1 134 0
 330 0042 0023     		movs	r3, #0
 331 0044 8DF83630 		strb	r3, [sp, #54]
 332              		.loc 1 135 0
 333 0048 029B     		ldr	r3, [sp, #8]
 334 004a 1B78     		ldrb	r3, [r3]	@ zero_extendqisi2
 335 004c 2D2B     		cmp	r3, #45
 336 004e 05D1     		bne	.L19
 337              		.loc 1 136 0
 338 0050 029B     		ldr	r3, [sp, #8]
 339 0052 0133     		adds	r3, r3, #1
ARM GAS  /tmp/ccC1B38L.s 			page 7


 340 0054 0293     		str	r3, [sp, #8]
 341              		.loc 1 137 0
 342 0056 0123     		movs	r3, #1
 343 0058 8DF83630 		strb	r3, [sp, #54]
 344              	.L19:
 345              		.loc 1 139 0
 346 005c 2023     		movs	r3, #32
 347 005e 8DF84630 		strb	r3, [sp, #70]
 348              		.loc 1 140 0
 349 0062 029B     		ldr	r3, [sp, #8]
 350 0064 1B78     		ldrb	r3, [r3]	@ zero_extendqisi2
 351 0066 2E2B     		cmp	r3, #46
 352 0068 03D0     		beq	.L20
 353              		.loc 1 140 0 is_stmt 0 discriminator 1
 354 006a 029B     		ldr	r3, [sp, #8]
 355 006c 1B78     		ldrb	r3, [r3]	@ zero_extendqisi2
 356 006e 302B     		cmp	r3, #48
 357 0070 05D1     		bne	.L21
 358              	.L20:
 359              		.loc 1 141 0 is_stmt 1
 360 0072 029B     		ldr	r3, [sp, #8]
 361 0074 0133     		adds	r3, r3, #1
 362 0076 0293     		str	r3, [sp, #8]
 363              		.loc 1 142 0
 364 0078 3023     		movs	r3, #48
 365 007a 8DF84630 		strb	r3, [sp, #70]
 366              	.L21:
 367              		.loc 1 144 0
 368 007e 0023     		movs	r3, #0
 369 0080 0E93     		str	r3, [sp, #56]
 370              	.L26:
 371              		.loc 1 146 0
 372 0082 029B     		ldr	r3, [sp, #8]
 373 0084 5A1C     		adds	r2, r3, #1
 374 0086 0292     		str	r2, [sp, #8]
 375 0088 1B78     		ldrb	r3, [r3]
 376 008a 8DF84730 		strb	r3, [sp, #71]
 377              		.loc 1 147 0
 378 008e 9DF84730 		ldrb	r3, [sp, #71]	@ zero_extendqisi2
 379 0092 2F2B     		cmp	r3, #47
 380 0094 09D9     		bls	.L22
 381              		.loc 1 147 0 is_stmt 0 discriminator 1
 382 0096 9DF84730 		ldrb	r3, [sp, #71]	@ zero_extendqisi2
 383 009a 392B     		cmp	r3, #57
 384 009c 05D8     		bhi	.L22
 385              		.loc 1 148 0 is_stmt 1
 386 009e 9DF84730 		ldrb	r3, [sp, #71]
 387 00a2 303B     		subs	r3, r3, #48
 388 00a4 8DF84730 		strb	r3, [sp, #71]
 389 00a8 12E0     		b	.L23
 390              	.L22:
 391              		.loc 1 149 0
 392 00aa 9DF84730 		ldrb	r3, [sp, #71]	@ zero_extendqisi2
 393 00ae 2A2B     		cmp	r3, #42
 394 00b0 06D1     		bne	.L24
 395              		.loc 1 150 0
 396 00b2 019B     		ldr	r3, [sp, #4]
ARM GAS  /tmp/ccC1B38L.s 			page 8


 397 00b4 1A1D     		adds	r2, r3, #4
 398 00b6 0192     		str	r2, [sp, #4]
 399 00b8 1B68     		ldr	r3, [r3]
 400 00ba 8DF84730 		strb	r3, [sp, #71]
 401 00be 07E0     		b	.L23
 402              	.L24:
 403              		.loc 1 152 0
 404 00c0 00BF     		nop
 405              		.loc 1 155 0
 406 00c2 0023     		movs	r3, #0
 407 00c4 0F93     		str	r3, [sp, #60]
 408              		.loc 1 156 0
 409 00c6 9DF84730 		ldrb	r3, [sp, #71]	@ zero_extendqisi2
 410 00ca 2E2B     		cmp	r3, #46
 411 00cc 37D1     		bne	.L27
 412 00ce 0AE0     		b	.L31
 413              	.L23:
 414              		.loc 1 153 0
 415 00d0 0E9A     		ldr	r2, [sp, #56]
 416 00d2 1346     		mov	r3, r2
 417 00d4 9B00     		lsls	r3, r3, #2
 418 00d6 1344     		add	r3, r3, r2
 419 00d8 5B00     		lsls	r3, r3, #1
 420 00da 1A46     		mov	r2, r3
 421 00dc 9DF84730 		ldrb	r3, [sp, #71]	@ zero_extendqisi2
 422 00e0 1344     		add	r3, r3, r2
 423 00e2 0E93     		str	r3, [sp, #56]
 424              		.loc 1 154 0
 425 00e4 CDE7     		b	.L26
 426              	.L31:
 427              		.loc 1 158 0
 428 00e6 029B     		ldr	r3, [sp, #8]
 429 00e8 5A1C     		adds	r2, r3, #1
 430 00ea 0292     		str	r2, [sp, #8]
 431 00ec 1B78     		ldrb	r3, [r3]
 432 00ee 8DF84730 		strb	r3, [sp, #71]
 433              		.loc 1 159 0
 434 00f2 9DF84730 		ldrb	r3, [sp, #71]	@ zero_extendqisi2
 435 00f6 2F2B     		cmp	r3, #47
 436 00f8 09D9     		bls	.L28
 437              		.loc 1 159 0 is_stmt 0 discriminator 1
 438 00fa 9DF84730 		ldrb	r3, [sp, #71]	@ zero_extendqisi2
 439 00fe 392B     		cmp	r3, #57
 440 0100 05D8     		bhi	.L28
 441              		.loc 1 160 0 is_stmt 1
 442 0102 9DF84730 		ldrb	r3, [sp, #71]
 443 0106 303B     		subs	r3, r3, #48
 444 0108 8DF84730 		strb	r3, [sp, #71]
 445 010c 0BE0     		b	.L29
 446              	.L28:
 447              		.loc 1 161 0
 448 010e 9DF84730 		ldrb	r3, [sp, #71]	@ zero_extendqisi2
 449 0112 2A2B     		cmp	r3, #42
 450 0114 06D1     		bne	.L30
 451              		.loc 1 162 0
 452 0116 019B     		ldr	r3, [sp, #4]
 453 0118 1A1D     		adds	r2, r3, #4
ARM GAS  /tmp/ccC1B38L.s 			page 9


 454 011a 0192     		str	r2, [sp, #4]
 455 011c 1B68     		ldr	r3, [r3]
 456 011e 8DF84730 		strb	r3, [sp, #71]
 457 0122 00E0     		b	.L29
 458              	.L30:
 459              		.loc 1 164 0
 460 0124 0BE0     		b	.L27
 461              	.L29:
 462              		.loc 1 165 0
 463 0126 0F9A     		ldr	r2, [sp, #60]
 464 0128 1346     		mov	r3, r2
 465 012a 9B00     		lsls	r3, r3, #2
 466 012c 1344     		add	r3, r3, r2
 467 012e 5B00     		lsls	r3, r3, #1
 468 0130 0F93     		str	r3, [sp, #60]
 469              		.loc 1 166 0
 470 0132 9DF84730 		ldrb	r3, [sp, #71]	@ zero_extendqisi2
 471 0136 0F9A     		ldr	r2, [sp, #60]
 472 0138 1344     		add	r3, r3, r2
 473 013a 0F93     		str	r3, [sp, #60]
 474              		.loc 1 167 0
 475 013c D3E7     		b	.L31
 476              	.L27:
 477              		.loc 1 170 0
 478 013e 9DF84730 		ldrb	r3, [sp, #71]	@ zero_extendqisi2
 479 0142 6C2B     		cmp	r3, #108
 480 0144 03D0     		beq	.L32
 481              		.loc 1 170 0 is_stmt 0 discriminator 1
 482 0146 9DF84730 		ldrb	r3, [sp, #71]	@ zero_extendqisi2
 483 014a 4C2B     		cmp	r3, #76
 484 014c 0ED1     		bne	.L33
 485              	.L32:
 486              		.loc 1 171 0 is_stmt 1
 487 014e 0123     		movs	r3, #1
 488 0150 8DF83730 		strb	r3, [sp, #55]
 489              		.loc 1 172 0
 490 0154 029B     		ldr	r3, [sp, #8]
 491 0156 1B78     		ldrb	r3, [r3]	@ zero_extendqisi2
 492 0158 002B     		cmp	r3, #0
 493 015a 06D0     		beq	.L34
 494              		.loc 1 173 0
 495 015c 029B     		ldr	r3, [sp, #8]
 496 015e 5A1C     		adds	r2, r3, #1
 497 0160 0292     		str	r2, [sp, #8]
 498 0162 1B78     		ldrb	r3, [r3]
 499 0164 8DF84730 		strb	r3, [sp, #71]
 500              		.loc 1 172 0
 501 0168 13E0     		b	.L35
 502              	.L34:
 503              		.loc 1 172 0 is_stmt 0 discriminator 1
 504 016a 12E0     		b	.L35
 505              	.L33:
 506              		.loc 1 176 0 is_stmt 1
 507 016c 9DF84730 		ldrb	r3, [sp, #71]	@ zero_extendqisi2
 508 0170 402B     		cmp	r3, #64
 509 0172 05D9     		bls	.L36
 510              		.loc 1 176 0 is_stmt 0 discriminator 1
ARM GAS  /tmp/ccC1B38L.s 			page 10


 511 0174 9DF84730 		ldrb	r3, [sp, #71]	@ zero_extendqisi2
 512 0178 5A2B     		cmp	r3, #90
 513 017a 01D8     		bhi	.L36
 514              		.loc 1 176 0 discriminator 3
 515 017c 0123     		movs	r3, #1
 516 017e 00E0     		b	.L37
 517              	.L36:
 518              		.loc 1 176 0 discriminator 2
 519 0180 0023     		movs	r3, #0
 520              	.L37:
 521              		.loc 1 176 0 discriminator 4
 522 0182 8DF83730 		strb	r3, [sp, #55]
 523 0186 9DF83730 		ldrb	r3, [sp, #55]
 524 018a 03F00103 		and	r3, r3, #1
 525 018e 8DF83730 		strb	r3, [sp, #55]
 526              	.L35:
 527              		.loc 1 179 0 is_stmt 1
 528 0192 9DF84730 		ldrb	r3, [sp, #71]	@ zero_extendqisi2
 529 0196 443B     		subs	r3, r3, #68
 530 0198 342B     		cmp	r3, #52
 531 019a 00F20F81 		bhi	.L38
 532 019e 01A2     		adr	r2, .L40
 533 01a0 52F823F0 		ldr	pc, [r2, r3, lsl #2]
 534              		.p2align 2
 535              	.L40:
 536 01a4 DB020000 		.word	.L39+1
 537 01a8 BD030000 		.word	.L38+1
 538 01ac BD030000 		.word	.L38+1
 539 01b0 BD030000 		.word	.L38+1
 540 01b4 BD030000 		.word	.L38+1
 541 01b8 DB020000 		.word	.L39+1
 542 01bc BD030000 		.word	.L38+1
 543 01c0 BD030000 		.word	.L38+1
 544 01c4 BD030000 		.word	.L38+1
 545 01c8 BD030000 		.word	.L38+1
 546 01cc BD030000 		.word	.L38+1
 547 01d0 87030000 		.word	.L41+1
 548 01d4 BD030000 		.word	.L38+1
 549 01d8 BD030000 		.word	.L38+1
 550 01dc BD030000 		.word	.L38+1
 551 01e0 BD030000 		.word	.L38+1
 552 01e4 BD030000 		.word	.L38+1
 553 01e8 7F030000 		.word	.L42+1
 554 01ec BD030000 		.word	.L38+1
 555 01f0 BD030000 		.word	.L38+1
 556 01f4 77030000 		.word	.L43+1
 557 01f8 BD030000 		.word	.L38+1
 558 01fc BD030000 		.word	.L38+1
 559 0200 BD030000 		.word	.L38+1
 560 0204 BD030000 		.word	.L38+1
 561 0208 BD030000 		.word	.L38+1
 562 020c BD030000 		.word	.L38+1
 563 0210 BD030000 		.word	.L38+1
 564 0214 BD030000 		.word	.L38+1
 565 0218 BD030000 		.word	.L38+1
 566 021c BD030000 		.word	.L38+1
 567 0220 79020000 		.word	.L44+1
ARM GAS  /tmp/ccC1B38L.s 			page 11


 568 0224 DB020000 		.word	.L39+1
 569 0228 BD030000 		.word	.L38+1
 570 022c 1D030000 		.word	.L45+1
 571 0230 BD030000 		.word	.L38+1
 572 0234 BD030000 		.word	.L38+1
 573 0238 DB020000 		.word	.L39+1
 574 023c BD030000 		.word	.L38+1
 575 0240 BD030000 		.word	.L38+1
 576 0244 BD030000 		.word	.L38+1
 577 0248 BD030000 		.word	.L38+1
 578 024c BD030000 		.word	.L38+1
 579 0250 87030000 		.word	.L41+1
 580 0254 BD030000 		.word	.L38+1
 581 0258 BD030000 		.word	.L38+1
 582 025c BD030000 		.word	.L38+1
 583 0260 93020000 		.word	.L46+1
 584 0264 BD030000 		.word	.L38+1
 585 0268 7F030000 		.word	.L42+1
 586 026c BD030000 		.word	.L38+1
 587 0270 BD030000 		.word	.L38+1
 588 0274 77030000 		.word	.L43+1
 589              		.p2align 1
 590              	.L44:
 591              		.loc 1 181 0
 592 0278 2023     		movs	r3, #32
 593 027a 8DF84630 		strb	r3, [sp, #70]
 594              		.loc 1 182 0
 595 027e 139B     		ldr	r3, [sp, #76]
 596 0280 5A1C     		adds	r2, r3, #1
 597 0282 1392     		str	r2, [sp, #76]
 598 0284 019A     		ldr	r2, [sp, #4]
 599 0286 111D     		adds	r1, r2, #4
 600 0288 0191     		str	r1, [sp, #4]
 601 028a 1268     		ldr	r2, [r2]
 602 028c D2B2     		uxtb	r2, r2
 603 028e 1A70     		strb	r2, [r3]
 604              		.loc 1 183 0
 605 0290 9BE0     		b	.L47
 606              	.L46:
 607              		.loc 1 185 0
 608 0292 2023     		movs	r3, #32
 609 0294 8DF84630 		strb	r3, [sp, #70]
 610              		.loc 1 186 0
 611 0298 019B     		ldr	r3, [sp, #4]
 612 029a 1A1D     		adds	r2, r3, #4
 613 029c 0192     		str	r2, [sp, #4]
 614 029e 1B68     		ldr	r3, [r3]
 615 02a0 1293     		str	r3, [sp, #72]
 616 02a2 129B     		ldr	r3, [sp, #72]
 617 02a4 002B     		cmp	r3, #0
 618 02a6 01D1     		bne	.L48
 619              		.loc 1 187 0
 620 02a8 784B     		ldr	r3, .L73
 621 02aa 1293     		str	r3, [sp, #72]
 622              	.L48:
 623              		.loc 1 188 0
 624 02ac 0F9B     		ldr	r3, [sp, #60]
ARM GAS  /tmp/ccC1B38L.s 			page 12


 625 02ae 002B     		cmp	r3, #0
 626 02b0 02D1     		bne	.L49
 627              		.loc 1 189 0
 628 02b2 47F6FF73 		movw	r3, #32767
 629 02b6 0F93     		str	r3, [sp, #60]
 630              	.L49:
 631              		.loc 1 190 0
 632 02b8 129B     		ldr	r3, [sp, #72]
 633 02ba 1393     		str	r3, [sp, #76]
 634 02bc 02E0     		b	.L50
 635              	.L52:
 636              		.loc 1 190 0 is_stmt 0 discriminator 1
 637 02be 139B     		ldr	r3, [sp, #76]
 638 02c0 0133     		adds	r3, r3, #1
 639 02c2 1393     		str	r3, [sp, #76]
 640              	.L50:
 641 02c4 139B     		ldr	r3, [sp, #76]
 642 02c6 1B78     		ldrb	r3, [r3]	@ zero_extendqisi2
 643 02c8 002B     		cmp	r3, #0
 644 02ca 05D0     		beq	.L51
 645              		.loc 1 190 0 discriminator 2
 646 02cc 0F9B     		ldr	r3, [sp, #60]
 647 02ce 013B     		subs	r3, r3, #1
 648 02d0 0F93     		str	r3, [sp, #60]
 649 02d2 0F9B     		ldr	r3, [sp, #60]
 650 02d4 002B     		cmp	r3, #0
 651 02d6 F2DA     		bge	.L52
 652              	.L51:
 653              		.loc 1 192 0 is_stmt 1
 654 02d8 77E0     		b	.L47
 655              	.L39:
 656              		.loc 1 197 0
 657 02da 9DF83730 		ldrb	r3, [sp, #55]	@ zero_extendqisi2
 658 02de 002B     		cmp	r3, #0
 659 02e0 05D0     		beq	.L53
 660              		.loc 1 198 0
 661 02e2 019B     		ldr	r3, [sp, #4]
 662 02e4 1A1D     		adds	r2, r3, #4
 663 02e6 0192     		str	r2, [sp, #4]
 664 02e8 1B68     		ldr	r3, [r3]
 665 02ea 0C93     		str	r3, [sp, #48]
 666 02ec 04E0     		b	.L54
 667              	.L53:
 668              		.loc 1 200 0
 669 02ee 019B     		ldr	r3, [sp, #4]
 670 02f0 1A1D     		adds	r2, r3, #4
 671 02f2 0192     		str	r2, [sp, #4]
 672 02f4 1B68     		ldr	r3, [r3]
 673 02f6 0C93     		str	r3, [sp, #48]
 674              	.L54:
 675              		.loc 1 201 0
 676 02f8 0C9B     		ldr	r3, [sp, #48]
 677 02fa 002B     		cmp	r3, #0
 678 02fc 07DA     		bge	.L55
 679              		.loc 1 202 0
 680 02fe 139B     		ldr	r3, [sp, #76]
 681 0300 5A1C     		adds	r2, r3, #1
ARM GAS  /tmp/ccC1B38L.s 			page 13


 682 0302 1392     		str	r2, [sp, #76]
 683 0304 2D22     		movs	r2, #45
 684 0306 1A70     		strb	r2, [r3]
 685              		.loc 1 203 0
 686 0308 0C9B     		ldr	r3, [sp, #48]
 687 030a 5B42     		negs	r3, r3
 688 030c 0C93     		str	r3, [sp, #48]
 689              	.L55:
 690              		.loc 1 205 0
 691 030e 1398     		ldr	r0, [sp, #76]
 692 0310 0C99     		ldr	r1, [sp, #48]
 693 0312 0A22     		movs	r2, #10
 694 0314 FFF7FEFF 		bl	ltoa
 695 0318 1390     		str	r0, [sp, #76]
 696              		.loc 1 206 0
 697 031a 56E0     		b	.L47
 698              	.L45:
 699              		.loc 1 209 0
 700 031c 019B     		ldr	r3, [sp, #4]
 701 031e 0733     		adds	r3, r3, #7
 702 0320 23F00703 		bic	r3, r3, #7
 703 0324 03F10802 		add	r2, r3, #8
 704 0328 0192     		str	r2, [sp, #4]
 705 032a D3E90023 		ldrd	r2, [r3]
 706 032e 1046     		mov	r0, r2
 707 0330 1946     		mov	r1, r3
 708 0332 FFF7FEFF 		bl	__aeabi_d2f
 709 0336 0346     		mov	r3, r0	@ float
 710 0338 0B93     		str	r3, [sp, #44]	@ float
 711              		.loc 1 210 0
 712 033a DDED0B7A 		flds	s15, [sp, #44]
 713 033e F5EEC07A 		fcmpezs	s15
 714 0342 F1EE10FA 		fmstat
 715 0346 0AD5     		bpl	.L56
 716              		.loc 1 211 0
 717 0348 139B     		ldr	r3, [sp, #76]
 718 034a 5A1C     		adds	r2, r3, #1
 719 034c 1392     		str	r2, [sp, #76]
 720 034e 2D22     		movs	r2, #45
 721 0350 1A70     		strb	r2, [r3]
 722              		.loc 1 212 0
 723 0352 DDED0B7A 		flds	s15, [sp, #44]
 724 0356 F1EE677A 		fnegs	s15, s15
 725 035a CDED0B7A 		fsts	s15, [sp, #44]
 726              	.L56:
 727              		.loc 1 214 0
 728 035e 0B98     		ldr	r0, [sp, #44]	@ float
 729 0360 FFF7FEFF 		bl	__aeabi_f2d
 730 0364 0246     		mov	r2, r0
 731 0366 0B46     		mov	r3, r1
 732 0368 1398     		ldr	r0, [sp, #76]
 733 036a 43EC102B 		fmdrr	d0, r2, r3
 734 036e FFF7FEFF 		bl	ftoa
 735 0372 1390     		str	r0, [sp, #76]
 736              		.loc 1 215 0
 737 0374 29E0     		b	.L47
 738              	.L43:
ARM GAS  /tmp/ccC1B38L.s 			page 14


 739              		.loc 1 219 0
 740 0376 1023     		movs	r3, #16
 741 0378 8DF84730 		strb	r3, [sp, #71]
 742              		.loc 1 220 0
 743 037c 06E0     		b	.L58
 744              	.L42:
 745              		.loc 1 223 0
 746 037e 0A23     		movs	r3, #10
 747 0380 8DF84730 		strb	r3, [sp, #71]
 748              		.loc 1 224 0
 749 0384 02E0     		b	.L58
 750              	.L41:
 751              		.loc 1 227 0
 752 0386 0823     		movs	r3, #8
 753 0388 8DF84730 		strb	r3, [sp, #71]
 754              	.L58:
 755              		.loc 1 229 0
 756 038c 9DF83730 		ldrb	r3, [sp, #55]	@ zero_extendqisi2
 757 0390 002B     		cmp	r3, #0
 758 0392 05D0     		beq	.L59
 759              		.loc 1 230 0
 760 0394 019B     		ldr	r3, [sp, #4]
 761 0396 1A1D     		adds	r2, r3, #4
 762 0398 0192     		str	r2, [sp, #4]
 763 039a 1B68     		ldr	r3, [r3]
 764 039c 0C93     		str	r3, [sp, #48]
 765 039e 04E0     		b	.L60
 766              	.L59:
 767              		.loc 1 232 0
 768 03a0 019B     		ldr	r3, [sp, #4]
 769 03a2 1A1D     		adds	r2, r3, #4
 770 03a4 0192     		str	r2, [sp, #4]
 771 03a6 1B68     		ldr	r3, [r3]
 772 03a8 0C93     		str	r3, [sp, #48]
 773              	.L60:
 774              		.loc 1 233 0
 775 03aa 9DF84730 		ldrb	r3, [sp, #71]	@ zero_extendqisi2
 776 03ae 1398     		ldr	r0, [sp, #76]
 777 03b0 0C99     		ldr	r1, [sp, #48]
 778 03b2 1A46     		mov	r2, r3
 779 03b4 FFF7FEFF 		bl	ltoa
 780 03b8 1390     		str	r0, [sp, #76]
 781              		.loc 1 234 0
 782 03ba 06E0     		b	.L47
 783              	.L38:
 784              		.loc 1 236 0
 785 03bc 139B     		ldr	r3, [sp, #76]
 786 03be 5A1C     		adds	r2, r3, #1
 787 03c0 1392     		str	r2, [sp, #76]
 788 03c2 9DF84720 		ldrb	r2, [sp, #71]
 789 03c6 1A70     		strb	r2, [r3]
 790              		.loc 1 237 0
 791 03c8 00BF     		nop
 792              	.L47:
 793              		.loc 1 239 0
 794 03ca 139A     		ldr	r2, [sp, #76]
 795 03cc 129B     		ldr	r3, [sp, #72]
ARM GAS  /tmp/ccC1B38L.s 			page 15


 796 03ce D31A     		subs	r3, r2, r3
 797 03d0 1093     		str	r3, [sp, #64]
 798              		.loc 1 240 0
 799 03d2 0E9A     		ldr	r2, [sp, #56]
 800 03d4 109B     		ldr	r3, [sp, #64]
 801 03d6 D31A     		subs	r3, r2, r3
 802 03d8 0E93     		str	r3, [sp, #56]
 803 03da 0E9B     		ldr	r3, [sp, #56]
 804 03dc 002B     		cmp	r3, #0
 805 03de 01DA     		bge	.L61
 806              		.loc 1 241 0
 807 03e0 0023     		movs	r3, #0
 808 03e2 0E93     		str	r3, [sp, #56]
 809              	.L61:
 810              		.loc 1 242 0
 811 03e4 9DF83630 		ldrb	r3, [sp, #54]
 812 03e8 83F00103 		eor	r3, r3, #1
 813 03ec DBB2     		uxtb	r3, r3
 814 03ee 002B     		cmp	r3, #0
 815 03f0 02D0     		beq	.L62
 816              		.loc 1 243 0
 817 03f2 0E9B     		ldr	r3, [sp, #56]
 818 03f4 5B42     		negs	r3, r3
 819 03f6 0E93     		str	r3, [sp, #56]
 820              	.L62:
 821              		.loc 1 244 0
 822 03f8 0E9B     		ldr	r3, [sp, #56]
 823 03fa 002B     		cmp	r3, #0
 824 03fc 22DA     		bge	.L63
 825              		.loc 1 245 0
 826 03fe 129B     		ldr	r3, [sp, #72]
 827 0400 1B78     		ldrb	r3, [r3]	@ zero_extendqisi2
 828 0402 2D2B     		cmp	r3, #45
 829 0404 10D1     		bne	.L64
 830              		.loc 1 245 0 is_stmt 0 discriminator 1
 831 0406 9DF84630 		ldrb	r3, [sp, #70]	@ zero_extendqisi2
 832 040a 302B     		cmp	r3, #48
 833 040c 0CD1     		bne	.L64
 834              		.loc 1 246 0 is_stmt 1
 835 040e 039B     		ldr	r3, [sp, #12]
 836 0410 1B68     		ldr	r3, [r3]
 837 0412 9A68     		ldr	r2, [r3, #8]
 838 0414 129B     		ldr	r3, [sp, #72]
 839 0416 591C     		adds	r1, r3, #1
 840 0418 1291     		str	r1, [sp, #72]
 841 041a 1B78     		ldrb	r3, [r3]	@ zero_extendqisi2
 842 041c 0398     		ldr	r0, [sp, #12]
 843 041e 1946     		mov	r1, r3
 844 0420 9047     		blx	r2
 845              		.loc 1 247 0
 846 0422 109B     		ldr	r3, [sp, #64]
 847 0424 013B     		subs	r3, r3, #1
 848 0426 1093     		str	r3, [sp, #64]
 849              	.L64:
 850              		.loc 1 250 0 discriminator 1
 851 0428 039B     		ldr	r3, [sp, #12]
 852 042a 1B68     		ldr	r3, [r3]
ARM GAS  /tmp/ccC1B38L.s 			page 16


 853 042c 9B68     		ldr	r3, [r3, #8]
 854 042e 9DF84620 		ldrb	r2, [sp, #70]	@ zero_extendqisi2
 855 0432 0398     		ldr	r0, [sp, #12]
 856 0434 1146     		mov	r1, r2
 857 0436 9847     		blx	r3
 858              		.loc 1 251 0 discriminator 1
 859 0438 0E9B     		ldr	r3, [sp, #56]
 860 043a 0133     		adds	r3, r3, #1
 861 043c 0E93     		str	r3, [sp, #56]
 862 043e 0E9B     		ldr	r3, [sp, #56]
 863 0440 002B     		cmp	r3, #0
 864 0442 F1D1     		bne	.L64
 865              	.L63:
 866              		.loc 1 253 0
 867 0444 09E0     		b	.L65
 868              	.L66:
 869              		.loc 1 254 0
 870 0446 039B     		ldr	r3, [sp, #12]
 871 0448 1B68     		ldr	r3, [r3]
 872 044a 9A68     		ldr	r2, [r3, #8]
 873 044c 129B     		ldr	r3, [sp, #72]
 874 044e 591C     		adds	r1, r3, #1
 875 0450 1291     		str	r1, [sp, #72]
 876 0452 1B78     		ldrb	r3, [r3]	@ zero_extendqisi2
 877 0454 0398     		ldr	r0, [sp, #12]
 878 0456 1946     		mov	r1, r3
 879 0458 9047     		blx	r2
 880              	.L65:
 881              		.loc 1 253 0 discriminator 1
 882 045a 109B     		ldr	r3, [sp, #64]
 883 045c 013B     		subs	r3, r3, #1
 884 045e 1093     		str	r3, [sp, #64]
 885 0460 109B     		ldr	r3, [sp, #64]
 886 0462 002B     		cmp	r3, #0
 887 0464 EFDA     		bge	.L66
 888              		.loc 1 256 0
 889 0466 0AE0     		b	.L67
 890              	.L68:
 891              		.loc 1 257 0
 892 0468 039B     		ldr	r3, [sp, #12]
 893 046a 1B68     		ldr	r3, [r3]
 894 046c 9B68     		ldr	r3, [r3, #8]
 895 046e 9DF84620 		ldrb	r2, [sp, #70]	@ zero_extendqisi2
 896 0472 0398     		ldr	r0, [sp, #12]
 897 0474 1146     		mov	r1, r2
 898 0476 9847     		blx	r3
 899              		.loc 1 258 0
 900 0478 0E9B     		ldr	r3, [sp, #56]
 901 047a 013B     		subs	r3, r3, #1
 902 047c 0E93     		str	r3, [sp, #56]
 903              	.L67:
 904              		.loc 1 256 0 discriminator 1
 905 047e 0E9B     		ldr	r3, [sp, #56]
 906 0480 002B     		cmp	r3, #0
 907 0482 F1D1     		bne	.L68
 908              	.L18:
 909              		.loc 1 260 0
ARM GAS  /tmp/ccC1B38L.s 			page 17


 910 0484 C1E5     		b	.L69
 911              	.L72:
 912              		.loc 1 261 0
 913 0486 15B0     		add	sp, sp, #84
 914              		@ sp needed
 915 0488 5DF804FB 		ldr	pc, [sp], #4
 916              	.L74:
 917              		.align	2
 918              	.L73:
 919 048c 00000000 		.word	.LC0
 920              		.cfi_endproc
 921              	.LFE11:
 922              		.size	chvprintf, .-chvprintf
 923              		.section	.text.chsnprintf,"ax",%progbits
 924              		.align	2
 925              		.p2align 4,,15
 926              		.global	chsnprintf
 927              		.thumb
 928              		.thumb_func
 929              		.type	chsnprintf, %function
 930              	chsnprintf:
 931              	.LFB12:
 932              		.loc 1 288 0
 933              		.cfi_startproc
 934              		@ args = 4, pretend = 8, frame = 40
 935              		@ frame_needed = 0, uses_anonymous_args = 1
 936 0000 0CB4     		push	{r2, r3}
 937              		.cfi_def_cfa_offset 8
 938              		.cfi_offset 2, -8
 939              		.cfi_offset 3, -4
 940 0002 00B5     		push	{lr}
 941              		.cfi_def_cfa_offset 12
 942              		.cfi_offset 14, -12
 943 0004 8BB0     		sub	sp, sp, #44
 944              		.cfi_def_cfa_offset 56
 945 0006 0190     		str	r0, [sp, #4]
 946 0008 0091     		str	r1, [sp]
 947              		.loc 1 294 0
 948 000a 03AB     		add	r3, sp, #12
 949 000c 1846     		mov	r0, r3
 950 000e 0199     		ldr	r1, [sp, #4]
 951 0010 009A     		ldr	r2, [sp]
 952 0012 0023     		movs	r3, #0
 953 0014 FFF7FEFF 		bl	msObjectInit
 954              		.loc 1 297 0
 955 0018 03AB     		add	r3, sp, #12
 956 001a 0993     		str	r3, [sp, #36]
 957              		.loc 1 298 0
 958 001c 0DAB     		add	r3, sp, #52
 959 001e 0893     		str	r3, [sp, #32]
 960              		.loc 1 299 0
 961 0020 0998     		ldr	r0, [sp, #36]
 962 0022 0C99     		ldr	r1, [sp, #48]
 963 0024 089A     		ldr	r2, [sp, #32]
 964 0026 FFF7FEFF 		bl	chvprintf
 965              		.loc 1 303 0
 966 002a 099B     		ldr	r3, [sp, #36]
ARM GAS  /tmp/ccC1B38L.s 			page 18


 967 002c 1B68     		ldr	r3, [r3]
 968 002e 9B68     		ldr	r3, [r3, #8]
 969 0030 0998     		ldr	r0, [sp, #36]
 970 0032 0021     		movs	r1, #0
 971 0034 9847     		blx	r3
 972              		.loc 1 304 0
 973 0036 069B     		ldr	r3, [sp, #24]
 974 0038 013B     		subs	r3, r3, #1
 975              		.loc 1 305 0
 976 003a 1846     		mov	r0, r3
 977 003c 0BB0     		add	sp, sp, #44
 978              		@ sp needed
 979 003e 5DF804EB 		ldr	lr, [sp], #4
 980 0042 02B0     		add	sp, sp, #8
 981 0044 7047     		bx	lr
 982              		.cfi_endproc
 983              	.LFE12:
 984              		.size	chsnprintf, .-chsnprintf
 985 0046 00BFAFF3 		.text
 985      0080AFF3 
 985      0080
 986              	.Letext0:
 987              		.file 2 "/usr/lib/gcc/arm-none-eabi/4.8/include/stddef.h"
 988              		.file 3 "/usr/include/newlib/machine/_default_types.h"
 989              		.file 4 "/usr/include/newlib/stdint.h"
 990              		.file 5 "/home/dave/r2p-sdk/core/ChibiOS/os/ports/GCC/ARMCMx/chtypes.h"
 991              		.file 6 "/home/dave/r2p-sdk/core/ChibiOS/os/kernel/include/chstreams.h"
 992              		.file 7 "/usr/lib/gcc/arm-none-eabi/4.8/include/stdarg.h"
 993              		.file 8 "<built-in>"
 994              		.file 9 "/home/dave/r2p-sdk/core/ChibiOS/os/various/memstreams.h"
 995              		.section	.debug_info,"",%progbits
 996              	.Ldebug_info0:
 997 0000 17050000 		.4byte	0x517
 998 0004 0400     		.2byte	0x4
 999 0006 00000000 		.4byte	.Ldebug_abbrev0
 1000 000a 04       		.byte	0x4
 1001 000b 01       		.uleb128 0x1
 1002 000c 7C010000 		.4byte	.LASF46
 1003 0010 01       		.byte	0x1
 1004 0011 8E020000 		.4byte	.LASF47
 1005 0015 17030000 		.4byte	.LASF48
 1006 0019 00000000 		.4byte	.Ldebug_ranges0+0
 1007 001d 00000000 		.4byte	0
 1008 0021 00000000 		.4byte	.Ldebug_line0
 1009 0025 02       		.uleb128 0x2
 1010 0026 04       		.byte	0x4
 1011 0027 05       		.byte	0x5
 1012 0028 696E7400 		.ascii	"int\000"
 1013 002c 03       		.uleb128 0x3
 1014 002d 00000000 		.4byte	.LASF2
 1015 0031 02       		.byte	0x2
 1016 0032 D4       		.byte	0xd4
 1017 0033 37000000 		.4byte	0x37
 1018 0037 04       		.uleb128 0x4
 1019 0038 04       		.byte	0x4
 1020 0039 07       		.byte	0x7
 1021 003a AD000000 		.4byte	.LASF0
ARM GAS  /tmp/ccC1B38L.s 			page 19


 1022 003e 04       		.uleb128 0x4
 1023 003f 01       		.byte	0x1
 1024 0040 06       		.byte	0x6
 1025 0041 43000000 		.4byte	.LASF1
 1026 0045 03       		.uleb128 0x3
 1027 0046 07000000 		.4byte	.LASF3
 1028 004a 03       		.byte	0x3
 1029 004b 1D       		.byte	0x1d
 1030 004c 50000000 		.4byte	0x50
 1031 0050 04       		.uleb128 0x4
 1032 0051 01       		.byte	0x1
 1033 0052 08       		.byte	0x8
 1034 0053 64010000 		.4byte	.LASF4
 1035 0057 04       		.uleb128 0x4
 1036 0058 02       		.byte	0x2
 1037 0059 05       		.byte	0x5
 1038 005a 72010000 		.4byte	.LASF5
 1039 005e 04       		.uleb128 0x4
 1040 005f 02       		.byte	0x2
 1041 0060 07       		.byte	0x7
 1042 0061 E2000000 		.4byte	.LASF6
 1043 0065 03       		.uleb128 0x3
 1044 0066 CE020000 		.4byte	.LASF7
 1045 006a 03       		.byte	0x3
 1046 006b 3F       		.byte	0x3f
 1047 006c 70000000 		.4byte	0x70
 1048 0070 04       		.uleb128 0x4
 1049 0071 04       		.byte	0x4
 1050 0072 05       		.byte	0x5
 1051 0073 5D000000 		.4byte	.LASF8
 1052 0077 04       		.uleb128 0x4
 1053 0078 04       		.byte	0x4
 1054 0079 07       		.byte	0x7
 1055 007a BA000000 		.4byte	.LASF9
 1056 007e 04       		.uleb128 0x4
 1057 007f 08       		.byte	0x8
 1058 0080 05       		.byte	0x5
 1059 0081 35000000 		.4byte	.LASF10
 1060 0085 04       		.uleb128 0x4
 1061 0086 08       		.byte	0x8
 1062 0087 07       		.byte	0x7
 1063 0088 1E000000 		.4byte	.LASF11
 1064 008c 03       		.uleb128 0x3
 1065 008d E4020000 		.4byte	.LASF12
 1066 0091 04       		.byte	0x4
 1067 0092 2A       		.byte	0x2a
 1068 0093 45000000 		.4byte	0x45
 1069 0097 03       		.uleb128 0x3
 1070 0098 5C010000 		.4byte	.LASF13
 1071 009c 04       		.byte	0x4
 1072 009d 41       		.byte	0x41
 1073 009e 65000000 		.4byte	0x65
 1074 00a2 03       		.uleb128 0x3
 1075 00a3 4F000000 		.4byte	.LASF14
 1076 00a7 05       		.byte	0x5
 1077 00a8 2B       		.byte	0x2b
 1078 00a9 AD000000 		.4byte	0xad
ARM GAS  /tmp/ccC1B38L.s 			page 20


 1079 00ad 04       		.uleb128 0x4
 1080 00ae 01       		.byte	0x1
 1081 00af 02       		.byte	0x2
 1082 00b0 56010000 		.4byte	.LASF15
 1083 00b4 03       		.uleb128 0x3
 1084 00b5 F5000000 		.4byte	.LASF16
 1085 00b9 05       		.byte	0x5
 1086 00ba 31       		.byte	0x31
 1087 00bb 97000000 		.4byte	0x97
 1088 00bf 05       		.uleb128 0x5
 1089 00c0 04       		.byte	0x4
 1090 00c1 04       		.uleb128 0x4
 1091 00c2 04       		.byte	0x4
 1092 00c3 07       		.byte	0x7
 1093 00c4 06010000 		.4byte	.LASF17
 1094 00c8 06       		.uleb128 0x6
 1095 00c9 04       		.byte	0x4
 1096 00ca CE000000 		.4byte	0xce
 1097 00ce 07       		.uleb128 0x7
 1098 00cf D3000000 		.4byte	0xd3
 1099 00d3 04       		.uleb128 0x4
 1100 00d4 01       		.byte	0x1
 1101 00d5 08       		.byte	0x8
 1102 00d6 89020000 		.4byte	.LASF18
 1103 00da 06       		.uleb128 0x6
 1104 00db 04       		.byte	0x4
 1105 00dc E0000000 		.4byte	0xe0
 1106 00e0 08       		.uleb128 0x8
 1107 00e1 B4000000 		.4byte	0xb4
 1108 00e5 EF000000 		.4byte	0xef
 1109 00e9 09       		.uleb128 0x9
 1110 00ea BF000000 		.4byte	0xbf
 1111 00ee 00       		.byte	0
 1112 00ef 06       		.uleb128 0x6
 1113 00f0 04       		.byte	0x4
 1114 00f1 8C000000 		.4byte	0x8c
 1115 00f5 0A       		.uleb128 0xa
 1116 00f6 6B020000 		.4byte	.LASF23
 1117 00fa 10       		.byte	0x10
 1118 00fb 06       		.byte	0x6
 1119 00fc 48       		.byte	0x48
 1120 00fd 32010000 		.4byte	0x132
 1121 0101 0B       		.uleb128 0xb
 1122 0102 00010000 		.4byte	.LASF19
 1123 0106 06       		.byte	0x6
 1124 0107 49       		.byte	0x49
 1125 0108 56010000 		.4byte	0x156
 1126 010c 00       		.byte	0
 1127 010d 0B       		.uleb128 0xb
 1128 010e F6020000 		.4byte	.LASF20
 1129 0112 06       		.byte	0x6
 1130 0113 49       		.byte	0x49
 1131 0114 75010000 		.4byte	0x175
 1132 0118 04       		.byte	0x4
 1133 0119 0C       		.uleb128 0xc
 1134 011a 70757400 		.ascii	"put\000"
 1135 011e 06       		.byte	0x6
ARM GAS  /tmp/ccC1B38L.s 			page 21


 1136 011f 49       		.byte	0x49
 1137 0120 8F010000 		.4byte	0x18f
 1138 0124 08       		.byte	0x8
 1139 0125 0C       		.uleb128 0xc
 1140 0126 67657400 		.ascii	"get\000"
 1141 012a 06       		.byte	0x6
 1142 012b 49       		.byte	0x49
 1143 012c DA000000 		.4byte	0xda
 1144 0130 0C       		.byte	0xc
 1145 0131 00       		.byte	0
 1146 0132 08       		.uleb128 0x8
 1147 0133 2C000000 		.4byte	0x2c
 1148 0137 4B010000 		.4byte	0x14b
 1149 013b 09       		.uleb128 0x9
 1150 013c BF000000 		.4byte	0xbf
 1151 0140 09       		.uleb128 0x9
 1152 0141 4B010000 		.4byte	0x14b
 1153 0145 09       		.uleb128 0x9
 1154 0146 2C000000 		.4byte	0x2c
 1155 014a 00       		.byte	0
 1156 014b 06       		.uleb128 0x6
 1157 014c 04       		.byte	0x4
 1158 014d 51010000 		.4byte	0x151
 1159 0151 07       		.uleb128 0x7
 1160 0152 8C000000 		.4byte	0x8c
 1161 0156 06       		.uleb128 0x6
 1162 0157 04       		.byte	0x4
 1163 0158 32010000 		.4byte	0x132
 1164 015c 08       		.uleb128 0x8
 1165 015d 2C000000 		.4byte	0x2c
 1166 0161 75010000 		.4byte	0x175
 1167 0165 09       		.uleb128 0x9
 1168 0166 BF000000 		.4byte	0xbf
 1169 016a 09       		.uleb128 0x9
 1170 016b EF000000 		.4byte	0xef
 1171 016f 09       		.uleb128 0x9
 1172 0170 2C000000 		.4byte	0x2c
 1173 0174 00       		.byte	0
 1174 0175 06       		.uleb128 0x6
 1175 0176 04       		.byte	0x4
 1176 0177 5C010000 		.4byte	0x15c
 1177 017b 08       		.uleb128 0x8
 1178 017c B4000000 		.4byte	0xb4
 1179 0180 8F010000 		.4byte	0x18f
 1180 0184 09       		.uleb128 0x9
 1181 0185 BF000000 		.4byte	0xbf
 1182 0189 09       		.uleb128 0x9
 1183 018a 8C000000 		.4byte	0x8c
 1184 018e 00       		.byte	0
 1185 018f 06       		.uleb128 0x6
 1186 0190 04       		.byte	0x4
 1187 0191 7B010000 		.4byte	0x17b
 1188 0195 0D       		.uleb128 0xd
 1189 0196 04       		.byte	0x4
 1190 0197 06       		.byte	0x6
 1191 0198 51       		.byte	0x51
 1192 0199 AA010000 		.4byte	0x1aa
ARM GAS  /tmp/ccC1B38L.s 			page 22


 1193 019d 0C       		.uleb128 0xc
 1194 019e 766D7400 		.ascii	"vmt\000"
 1195 01a2 06       		.byte	0x6
 1196 01a3 53       		.byte	0x53
 1197 01a4 AA010000 		.4byte	0x1aa
 1198 01a8 00       		.byte	0
 1199 01a9 00       		.byte	0
 1200 01aa 06       		.uleb128 0x6
 1201 01ab 04       		.byte	0x4
 1202 01ac B0010000 		.4byte	0x1b0
 1203 01b0 07       		.uleb128 0x7
 1204 01b1 F5000000 		.4byte	0xf5
 1205 01b5 03       		.uleb128 0x3
 1206 01b6 98000000 		.4byte	.LASF21
 1207 01ba 06       		.byte	0x6
 1208 01bb 55       		.byte	0x55
 1209 01bc 95010000 		.4byte	0x195
 1210 01c0 03       		.uleb128 0x3
 1211 01c1 27010000 		.4byte	.LASF22
 1212 01c5 07       		.byte	0x7
 1213 01c6 28       		.byte	0x28
 1214 01c7 CB010000 		.4byte	0x1cb
 1215 01cb 0A       		.uleb128 0xa
 1216 01cc 71000000 		.4byte	.LASF24
 1217 01d0 04       		.byte	0x4
 1218 01d1 08       		.byte	0x8
 1219 01d2 00       		.byte	0
 1220 01d3 E2010000 		.4byte	0x1e2
 1221 01d7 0E       		.uleb128 0xe
 1222 01d8 DF020000 		.4byte	.LASF49
 1223 01dc BF000000 		.4byte	0xbf
 1224 01e0 00       		.byte	0
 1225 01e1 00       		.byte	0
 1226 01e2 03       		.uleb128 0x3
 1227 01e3 11000000 		.4byte	.LASF25
 1228 01e7 07       		.byte	0x7
 1229 01e8 62       		.byte	0x62
 1230 01e9 C0010000 		.4byte	0x1c0
 1231 01ed 0A       		.uleb128 0xa
 1232 01ee 36010000 		.4byte	.LASF26
 1233 01f2 10       		.byte	0x10
 1234 01f3 09       		.byte	0x9
 1235 01f4 3D       		.byte	0x3d
 1236 01f5 2A020000 		.4byte	0x22a
 1237 01f9 0B       		.uleb128 0xb
 1238 01fa 00010000 		.4byte	.LASF19
 1239 01fe 09       		.byte	0x9
 1240 01ff 3E       		.byte	0x3e
 1241 0200 56010000 		.4byte	0x156
 1242 0204 00       		.byte	0
 1243 0205 0B       		.uleb128 0xb
 1244 0206 F6020000 		.4byte	.LASF20
 1245 020a 09       		.byte	0x9
 1246 020b 3E       		.byte	0x3e
 1247 020c 75010000 		.4byte	0x175
 1248 0210 04       		.byte	0x4
 1249 0211 0C       		.uleb128 0xc
ARM GAS  /tmp/ccC1B38L.s 			page 23


 1250 0212 70757400 		.ascii	"put\000"
 1251 0216 09       		.byte	0x9
 1252 0217 3E       		.byte	0x3e
 1253 0218 8F010000 		.4byte	0x18f
 1254 021c 08       		.byte	0x8
 1255 021d 0C       		.uleb128 0xc
 1256 021e 67657400 		.ascii	"get\000"
 1257 0222 09       		.byte	0x9
 1258 0223 3E       		.byte	0x3e
 1259 0224 DA000000 		.4byte	0xda
 1260 0228 0C       		.byte	0xc
 1261 0229 00       		.byte	0
 1262 022a 0D       		.uleb128 0xd
 1263 022b 14       		.byte	0x14
 1264 022c 09       		.byte	0x9
 1265 022d 46       		.byte	0x46
 1266 022e 6F020000 		.4byte	0x26f
 1267 0232 0C       		.uleb128 0xc
 1268 0233 766D7400 		.ascii	"vmt\000"
 1269 0237 09       		.byte	0x9
 1270 0238 48       		.byte	0x48
 1271 0239 6F020000 		.4byte	0x26f
 1272 023d 00       		.byte	0
 1273 023e 0B       		.uleb128 0xb
 1274 023f 82000000 		.4byte	.LASF27
 1275 0243 09       		.byte	0x9
 1276 0244 49       		.byte	0x49
 1277 0245 EF000000 		.4byte	0xef
 1278 0249 04       		.byte	0x4
 1279 024a 0B       		.uleb128 0xb
 1280 024b DD000000 		.4byte	.LASF28
 1281 024f 09       		.byte	0x9
 1282 0250 49       		.byte	0x49
 1283 0251 2C000000 		.4byte	0x2c
 1284 0255 08       		.byte	0x8
 1285 0256 0C       		.uleb128 0xc
 1286 0257 656F7300 		.ascii	"eos\000"
 1287 025b 09       		.byte	0x9
 1288 025c 49       		.byte	0x49
 1289 025d 2C000000 		.4byte	0x2c
 1290 0261 0C       		.byte	0xc
 1291 0262 0B       		.uleb128 0xb
 1292 0263 D8020000 		.4byte	.LASF29
 1293 0267 09       		.byte	0x9
 1294 0268 49       		.byte	0x49
 1295 0269 2C000000 		.4byte	0x2c
 1296 026d 10       		.byte	0x10
 1297 026e 00       		.byte	0
 1298 026f 06       		.uleb128 0x6
 1299 0270 04       		.byte	0x4
 1300 0271 75020000 		.4byte	0x275
 1301 0275 07       		.uleb128 0x7
 1302 0276 ED010000 		.4byte	0x1ed
 1303 027a 03       		.uleb128 0x3
 1304 027b 49010000 		.4byte	.LASF30
 1305 027f 09       		.byte	0x9
 1306 0280 4A       		.byte	0x4a
ARM GAS  /tmp/ccC1B38L.s 			page 24


 1307 0281 2A020000 		.4byte	0x22a
 1308 0285 0F       		.uleb128 0xf
 1309 0286 FB020000 		.4byte	.LASF33
 1310 028a 01       		.byte	0x1
 1311 028b 25       		.byte	0x25
 1312 028c 06030000 		.4byte	0x306
 1313 0290 00000000 		.4byte	.LFB8
 1314 0294 A0000000 		.4byte	.LFE8-.LFB8
 1315 0298 01       		.uleb128 0x1
 1316 0299 9C       		.byte	0x9c
 1317 029a 06030000 		.4byte	0x306
 1318 029e 10       		.uleb128 0x10
 1319 029f 7000     		.ascii	"p\000"
 1320 02a1 01       		.byte	0x1
 1321 02a2 25       		.byte	0x25
 1322 02a3 06030000 		.4byte	0x306
 1323 02a7 02       		.uleb128 0x2
 1324 02a8 91       		.byte	0x91
 1325 02a9 6C       		.sleb128 -20
 1326 02aa 10       		.uleb128 0x10
 1327 02ab 6E756D00 		.ascii	"num\000"
 1328 02af 01       		.byte	0x1
 1329 02b0 26       		.byte	0x26
 1330 02b1 70000000 		.4byte	0x70
 1331 02b5 02       		.uleb128 0x2
 1332 02b6 91       		.byte	0x91
 1333 02b7 68       		.sleb128 -24
 1334 02b8 11       		.uleb128 0x11
 1335 02b9 83020000 		.4byte	.LASF31
 1336 02bd 01       		.byte	0x1
 1337 02be 27       		.byte	0x27
 1338 02bf 37000000 		.4byte	0x37
 1339 02c3 02       		.uleb128 0x2
 1340 02c4 91       		.byte	0x91
 1341 02c5 64       		.sleb128 -28
 1342 02c6 11       		.uleb128 0x11
 1343 02c7 1F010000 		.4byte	.LASF32
 1344 02cb 01       		.byte	0x1
 1345 02cc 28       		.byte	0x28
 1346 02cd 70000000 		.4byte	0x70
 1347 02d1 02       		.uleb128 0x2
 1348 02d2 91       		.byte	0x91
 1349 02d3 60       		.sleb128 -32
 1350 02d4 12       		.uleb128 0x12
 1351 02d5 6900     		.ascii	"i\000"
 1352 02d7 01       		.byte	0x1
 1353 02d8 29       		.byte	0x29
 1354 02d9 25000000 		.4byte	0x25
 1355 02dd 02       		.uleb128 0x2
 1356 02de 91       		.byte	0x91
 1357 02df 7C       		.sleb128 -4
 1358 02e0 12       		.uleb128 0x12
 1359 02e1 7100     		.ascii	"q\000"
 1360 02e3 01       		.byte	0x1
 1361 02e4 2A       		.byte	0x2a
 1362 02e5 06030000 		.4byte	0x306
 1363 02e9 02       		.uleb128 0x2
ARM GAS  /tmp/ccC1B38L.s 			page 25


 1364 02ea 91       		.byte	0x91
 1365 02eb 78       		.sleb128 -8
 1366 02ec 12       		.uleb128 0x12
 1367 02ed 6C00     		.ascii	"l\000"
 1368 02ef 01       		.byte	0x1
 1369 02f0 2B       		.byte	0x2b
 1370 02f1 70000000 		.4byte	0x70
 1371 02f5 02       		.uleb128 0x2
 1372 02f6 91       		.byte	0x91
 1373 02f7 74       		.sleb128 -12
 1374 02f8 12       		.uleb128 0x12
 1375 02f9 6C6C00   		.ascii	"ll\000"
 1376 02fc 01       		.byte	0x1
 1377 02fd 2B       		.byte	0x2b
 1378 02fe 70000000 		.4byte	0x70
 1379 0302 02       		.uleb128 0x2
 1380 0303 91       		.byte	0x91
 1381 0304 70       		.sleb128 -16
 1382 0305 00       		.byte	0
 1383 0306 06       		.uleb128 0x6
 1384 0307 04       		.byte	0x4
 1385 0308 D3000000 		.4byte	0xd3
 1386 030c 13       		.uleb128 0x13
 1387 030d FB000000 		.4byte	.LASF34
 1388 0311 01       		.byte	0x1
 1389 0312 46       		.byte	0x46
 1390 0313 06030000 		.4byte	0x306
 1391 0317 00000000 		.4byte	.LFB9
 1392 031b 20000000 		.4byte	.LFE9-.LFB9
 1393 031f 01       		.uleb128 0x1
 1394 0320 9C       		.byte	0x9c
 1395 0321 4E030000 		.4byte	0x34e
 1396 0325 10       		.uleb128 0x10
 1397 0326 7000     		.ascii	"p\000"
 1398 0328 01       		.byte	0x1
 1399 0329 46       		.byte	0x46
 1400 032a 06030000 		.4byte	0x306
 1401 032e 02       		.uleb128 0x2
 1402 032f 91       		.byte	0x91
 1403 0330 74       		.sleb128 -12
 1404 0331 10       		.uleb128 0x10
 1405 0332 6E756D00 		.ascii	"num\000"
 1406 0336 01       		.byte	0x1
 1407 0337 46       		.byte	0x46
 1408 0338 70000000 		.4byte	0x70
 1409 033c 02       		.uleb128 0x2
 1410 033d 91       		.byte	0x91
 1411 033e 70       		.sleb128 -16
 1412 033f 11       		.uleb128 0x11
 1413 0340 83020000 		.4byte	.LASF31
 1414 0344 01       		.byte	0x1
 1415 0345 46       		.byte	0x46
 1416 0346 37000000 		.4byte	0x37
 1417 034a 02       		.uleb128 0x2
 1418 034b 91       		.byte	0x91
 1419 034c 6C       		.sleb128 -20
 1420 034d 00       		.byte	0
ARM GAS  /tmp/ccC1B38L.s 			page 26


 1421 034e 13       		.uleb128 0x13
 1422 034f 19000000 		.4byte	.LASF35
 1423 0353 01       		.byte	0x1
 1424 0354 4C       		.byte	0x4c
 1425 0355 06030000 		.4byte	0x306
 1426 0359 00000000 		.4byte	.LFB10
 1427 035d 94000000 		.4byte	.LFE10-.LFB10
 1428 0361 01       		.uleb128 0x1
 1429 0362 9C       		.byte	0x9c
 1430 0363 9C030000 		.4byte	0x39c
 1431 0367 10       		.uleb128 0x10
 1432 0368 7000     		.ascii	"p\000"
 1433 036a 01       		.byte	0x1
 1434 036b 4C       		.byte	0x4c
 1435 036c 06030000 		.4byte	0x306
 1436 0370 02       		.uleb128 0x2
 1437 0371 91       		.byte	0x91
 1438 0372 64       		.sleb128 -28
 1439 0373 10       		.uleb128 0x10
 1440 0374 6E756D00 		.ascii	"num\000"
 1441 0378 01       		.byte	0x1
 1442 0379 4C       		.byte	0x4c
 1443 037a 9C030000 		.4byte	0x39c
 1444 037e 02       		.uleb128 0x2
 1445 037f 91       		.byte	0x91
 1446 0380 58       		.sleb128 -40
 1447 0381 12       		.uleb128 0x12
 1448 0382 6C00     		.ascii	"l\000"
 1449 0384 01       		.byte	0x1
 1450 0385 4D       		.byte	0x4d
 1451 0386 70000000 		.4byte	0x70
 1452 038a 02       		.uleb128 0x2
 1453 038b 91       		.byte	0x91
 1454 038c 68       		.sleb128 -24
 1455 038d 14       		.uleb128 0x14
 1456 038e C4020000 		.4byte	.LASF36
 1457 0392 01       		.byte	0x1
 1458 0393 4E       		.byte	0x4e
 1459 0394 77000000 		.4byte	0x77
 1460 0398 02       		.uleb128 0x2
 1461 0399 91       		.byte	0x91
 1462 039a 6C       		.sleb128 -20
 1463 039b 00       		.byte	0
 1464 039c 04       		.uleb128 0x4
 1465 039d 08       		.byte	0x8
 1466 039e 04       		.byte	0x4
 1467 039f 7B000000 		.4byte	.LASF37
 1468 03a3 15       		.uleb128 0x15
 1469 03a4 EC020000 		.4byte	.LASF44
 1470 03a8 01       		.byte	0x1
 1471 03a9 70       		.byte	0x70
 1472 03aa 00000000 		.4byte	.LFB11
 1473 03ae 90040000 		.4byte	.LFE11-.LFB11
 1474 03b2 01       		.uleb128 0x1
 1475 03b3 9C       		.byte	0x9c
 1476 03b4 8D040000 		.4byte	0x48d
 1477 03b8 10       		.uleb128 0x10
ARM GAS  /tmp/ccC1B38L.s 			page 27


 1478 03b9 63687000 		.ascii	"chp\000"
 1479 03bd 01       		.byte	0x1
 1480 03be 70       		.byte	0x70
 1481 03bf 8D040000 		.4byte	0x48d
 1482 03c3 03       		.uleb128 0x3
 1483 03c4 91       		.byte	0x91
 1484 03c5 B47F     		.sleb128 -76
 1485 03c7 10       		.uleb128 0x10
 1486 03c8 666D7400 		.ascii	"fmt\000"
 1487 03cc 01       		.byte	0x1
 1488 03cd 70       		.byte	0x70
 1489 03ce C8000000 		.4byte	0xc8
 1490 03d2 03       		.uleb128 0x3
 1491 03d3 91       		.byte	0x91
 1492 03d4 B07F     		.sleb128 -80
 1493 03d6 10       		.uleb128 0x10
 1494 03d7 617000   		.ascii	"ap\000"
 1495 03da 01       		.byte	0x1
 1496 03db 70       		.byte	0x70
 1497 03dc E2010000 		.4byte	0x1e2
 1498 03e0 03       		.uleb128 0x3
 1499 03e1 91       		.byte	0x91
 1500 03e2 AC7F     		.sleb128 -84
 1501 03e4 12       		.uleb128 0x12
 1502 03e5 7000     		.ascii	"p\000"
 1503 03e7 01       		.byte	0x1
 1504 03e8 71       		.byte	0x71
 1505 03e9 06030000 		.4byte	0x306
 1506 03ed 02       		.uleb128 0x2
 1507 03ee 91       		.byte	0x91
 1508 03ef 74       		.sleb128 -12
 1509 03f0 12       		.uleb128 0x12
 1510 03f1 7300     		.ascii	"s\000"
 1511 03f3 01       		.byte	0x1
 1512 03f4 71       		.byte	0x71
 1513 03f5 06030000 		.4byte	0x306
 1514 03f9 02       		.uleb128 0x2
 1515 03fa 91       		.byte	0x91
 1516 03fb 70       		.sleb128 -16
 1517 03fc 12       		.uleb128 0x12
 1518 03fd 6300     		.ascii	"c\000"
 1519 03ff 01       		.byte	0x1
 1520 0400 71       		.byte	0x71
 1521 0401 D3000000 		.4byte	0xd3
 1522 0405 02       		.uleb128 0x2
 1523 0406 91       		.byte	0x91
 1524 0407 6F       		.sleb128 -17
 1525 0408 14       		.uleb128 0x14
 1526 0409 89000000 		.4byte	.LASF38
 1527 040d 01       		.byte	0x1
 1528 040e 71       		.byte	0x71
 1529 040f D3000000 		.4byte	0xd3
 1530 0413 02       		.uleb128 0x2
 1531 0414 91       		.byte	0x91
 1532 0415 6E       		.sleb128 -18
 1533 0416 12       		.uleb128 0x12
 1534 0417 6900     		.ascii	"i\000"
ARM GAS  /tmp/ccC1B38L.s 			page 28


 1535 0419 01       		.byte	0x1
 1536 041a 72       		.byte	0x72
 1537 041b 25000000 		.4byte	0x25
 1538 041f 02       		.uleb128 0x2
 1539 0420 91       		.byte	0x91
 1540 0421 68       		.sleb128 -24
 1541 0422 14       		.uleb128 0x14
 1542 0423 C4020000 		.4byte	.LASF36
 1543 0427 01       		.byte	0x1
 1544 0428 72       		.byte	0x72
 1545 0429 25000000 		.4byte	0x25
 1546 042d 02       		.uleb128 0x2
 1547 042e 91       		.byte	0x91
 1548 042f 64       		.sleb128 -28
 1549 0430 14       		.uleb128 0x14
 1550 0431 D7000000 		.4byte	.LASF39
 1551 0435 01       		.byte	0x1
 1552 0436 72       		.byte	0x72
 1553 0437 25000000 		.4byte	0x25
 1554 043b 02       		.uleb128 0x2
 1555 043c 91       		.byte	0x91
 1556 043d 60       		.sleb128 -32
 1557 043e 14       		.uleb128 0x14
 1558 043f 90000000 		.4byte	.LASF40
 1559 0443 01       		.byte	0x1
 1560 0444 73       		.byte	0x73
 1561 0445 A2000000 		.4byte	0xa2
 1562 0449 02       		.uleb128 0x2
 1563 044a 91       		.byte	0x91
 1564 044b 5F       		.sleb128 -33
 1565 044c 14       		.uleb128 0x14
 1566 044d CC000000 		.4byte	.LASF41
 1567 0451 01       		.byte	0x1
 1568 0452 73       		.byte	0x73
 1569 0453 A2000000 		.4byte	0xa2
 1570 0457 02       		.uleb128 0x2
 1571 0458 91       		.byte	0x91
 1572 0459 5E       		.sleb128 -34
 1573 045a 12       		.uleb128 0x12
 1574 045b 6C00     		.ascii	"l\000"
 1575 045d 01       		.byte	0x1
 1576 045e 74       		.byte	0x74
 1577 045f 70000000 		.4byte	0x70
 1578 0463 02       		.uleb128 0x2
 1579 0464 91       		.byte	0x91
 1580 0465 58       		.sleb128 -40
 1581 0466 12       		.uleb128 0x12
 1582 0467 6600     		.ascii	"f\000"
 1583 0469 01       		.byte	0x1
 1584 046a 76       		.byte	0x76
 1585 046b 93040000 		.4byte	0x493
 1586 046f 02       		.uleb128 0x2
 1587 0470 91       		.byte	0x91
 1588 0471 54       		.sleb128 -44
 1589 0472 14       		.uleb128 0x14
 1590 0473 56000000 		.4byte	.LASF42
 1591 0477 01       		.byte	0x1
ARM GAS  /tmp/ccC1B38L.s 			page 29


 1592 0478 77       		.byte	0x77
 1593 0479 9A040000 		.4byte	0x49a
 1594 047d 03       		.uleb128 0x3
 1595 047e 91       		.byte	0x91
 1596 047f BC7F     		.sleb128 -68
 1597 0481 16       		.uleb128 0x16
 1598 0482 0F010000 		.4byte	.LASF50
 1599 0486 01       		.byte	0x1
 1600 0487 E4       		.byte	0xe4
 1601 0488 8C030000 		.4byte	.L58
 1602 048c 00       		.byte	0
 1603 048d 06       		.uleb128 0x6
 1604 048e 04       		.byte	0x4
 1605 048f B5010000 		.4byte	0x1b5
 1606 0493 04       		.uleb128 0x4
 1607 0494 04       		.byte	0x4
 1608 0495 04       		.byte	0x4
 1609 0496 43010000 		.4byte	.LASF43
 1610 049a 17       		.uleb128 0x17
 1611 049b D3000000 		.4byte	0xd3
 1612 049f AA040000 		.4byte	0x4aa
 1613 04a3 18       		.uleb128 0x18
 1614 04a4 C1000000 		.4byte	0xc1
 1615 04a8 16       		.byte	0x16
 1616 04a9 00       		.byte	0
 1617 04aa 19       		.uleb128 0x19
 1618 04ab 66000000 		.4byte	.LASF45
 1619 04af 01       		.byte	0x1
 1620 04b0 2001     		.2byte	0x120
 1621 04b2 25000000 		.4byte	0x25
 1622 04b6 00000000 		.4byte	.LFB12
 1623 04ba 46000000 		.4byte	.LFE12-.LFB12
 1624 04be 01       		.uleb128 0x1
 1625 04bf 9C       		.byte	0x9c
 1626 04c0 1A       		.uleb128 0x1a
 1627 04c1 73747200 		.ascii	"str\000"
 1628 04c5 01       		.byte	0x1
 1629 04c6 2001     		.2byte	0x120
 1630 04c8 06030000 		.4byte	0x306
 1631 04cc 02       		.uleb128 0x2
 1632 04cd 91       		.byte	0x91
 1633 04ce 4C       		.sleb128 -52
 1634 04cf 1B       		.uleb128 0x1b
 1635 04d0 DD000000 		.4byte	.LASF28
 1636 04d4 01       		.byte	0x1
 1637 04d5 2001     		.2byte	0x120
 1638 04d7 2C000000 		.4byte	0x2c
 1639 04db 02       		.uleb128 0x2
 1640 04dc 91       		.byte	0x91
 1641 04dd 48       		.sleb128 -56
 1642 04de 1A       		.uleb128 0x1a
 1643 04df 666D7400 		.ascii	"fmt\000"
 1644 04e3 01       		.byte	0x1
 1645 04e4 2001     		.2byte	0x120
 1646 04e6 C8000000 		.4byte	0xc8
 1647 04ea 02       		.uleb128 0x2
 1648 04eb 91       		.byte	0x91
ARM GAS  /tmp/ccC1B38L.s 			page 30


 1649 04ec 78       		.sleb128 -8
 1650 04ed 1C       		.uleb128 0x1c
 1651 04ee 1D       		.uleb128 0x1d
 1652 04ef 617000   		.ascii	"ap\000"
 1653 04f2 01       		.byte	0x1
 1654 04f3 2101     		.2byte	0x121
 1655 04f5 E2010000 		.4byte	0x1e2
 1656 04f9 02       		.uleb128 0x2
 1657 04fa 91       		.byte	0x91
 1658 04fb 68       		.sleb128 -24
 1659 04fc 1D       		.uleb128 0x1d
 1660 04fd 6D7300   		.ascii	"ms\000"
 1661 0500 01       		.byte	0x1
 1662 0501 2201     		.2byte	0x122
 1663 0503 7A020000 		.4byte	0x27a
 1664 0507 02       		.uleb128 0x2
 1665 0508 91       		.byte	0x91
 1666 0509 54       		.sleb128 -44
 1667 050a 1D       		.uleb128 0x1d
 1668 050b 63687000 		.ascii	"chp\000"
 1669 050f 01       		.byte	0x1
 1670 0510 2301     		.2byte	0x123
 1671 0512 8D040000 		.4byte	0x48d
 1672 0516 02       		.uleb128 0x2
 1673 0517 91       		.byte	0x91
 1674 0518 6C       		.sleb128 -20
 1675 0519 00       		.byte	0
 1676 051a 00       		.byte	0
 1677              		.section	.debug_abbrev,"",%progbits
 1678              	.Ldebug_abbrev0:
 1679 0000 01       		.uleb128 0x1
 1680 0001 11       		.uleb128 0x11
 1681 0002 01       		.byte	0x1
 1682 0003 25       		.uleb128 0x25
 1683 0004 0E       		.uleb128 0xe
 1684 0005 13       		.uleb128 0x13
 1685 0006 0B       		.uleb128 0xb
 1686 0007 03       		.uleb128 0x3
 1687 0008 0E       		.uleb128 0xe
 1688 0009 1B       		.uleb128 0x1b
 1689 000a 0E       		.uleb128 0xe
 1690 000b 55       		.uleb128 0x55
 1691 000c 17       		.uleb128 0x17
 1692 000d 11       		.uleb128 0x11
 1693 000e 01       		.uleb128 0x1
 1694 000f 10       		.uleb128 0x10
 1695 0010 17       		.uleb128 0x17
 1696 0011 00       		.byte	0
 1697 0012 00       		.byte	0
 1698 0013 02       		.uleb128 0x2
 1699 0014 24       		.uleb128 0x24
 1700 0015 00       		.byte	0
 1701 0016 0B       		.uleb128 0xb
 1702 0017 0B       		.uleb128 0xb
 1703 0018 3E       		.uleb128 0x3e
 1704 0019 0B       		.uleb128 0xb
 1705 001a 03       		.uleb128 0x3
ARM GAS  /tmp/ccC1B38L.s 			page 31


 1706 001b 08       		.uleb128 0x8
 1707 001c 00       		.byte	0
 1708 001d 00       		.byte	0
 1709 001e 03       		.uleb128 0x3
 1710 001f 16       		.uleb128 0x16
 1711 0020 00       		.byte	0
 1712 0021 03       		.uleb128 0x3
 1713 0022 0E       		.uleb128 0xe
 1714 0023 3A       		.uleb128 0x3a
 1715 0024 0B       		.uleb128 0xb
 1716 0025 3B       		.uleb128 0x3b
 1717 0026 0B       		.uleb128 0xb
 1718 0027 49       		.uleb128 0x49
 1719 0028 13       		.uleb128 0x13
 1720 0029 00       		.byte	0
 1721 002a 00       		.byte	0
 1722 002b 04       		.uleb128 0x4
 1723 002c 24       		.uleb128 0x24
 1724 002d 00       		.byte	0
 1725 002e 0B       		.uleb128 0xb
 1726 002f 0B       		.uleb128 0xb
 1727 0030 3E       		.uleb128 0x3e
 1728 0031 0B       		.uleb128 0xb
 1729 0032 03       		.uleb128 0x3
 1730 0033 0E       		.uleb128 0xe
 1731 0034 00       		.byte	0
 1732 0035 00       		.byte	0
 1733 0036 05       		.uleb128 0x5
 1734 0037 0F       		.uleb128 0xf
 1735 0038 00       		.byte	0
 1736 0039 0B       		.uleb128 0xb
 1737 003a 0B       		.uleb128 0xb
 1738 003b 00       		.byte	0
 1739 003c 00       		.byte	0
 1740 003d 06       		.uleb128 0x6
 1741 003e 0F       		.uleb128 0xf
 1742 003f 00       		.byte	0
 1743 0040 0B       		.uleb128 0xb
 1744 0041 0B       		.uleb128 0xb
 1745 0042 49       		.uleb128 0x49
 1746 0043 13       		.uleb128 0x13
 1747 0044 00       		.byte	0
 1748 0045 00       		.byte	0
 1749 0046 07       		.uleb128 0x7
 1750 0047 26       		.uleb128 0x26
 1751 0048 00       		.byte	0
 1752 0049 49       		.uleb128 0x49
 1753 004a 13       		.uleb128 0x13
 1754 004b 00       		.byte	0
 1755 004c 00       		.byte	0
 1756 004d 08       		.uleb128 0x8
 1757 004e 15       		.uleb128 0x15
 1758 004f 01       		.byte	0x1
 1759 0050 27       		.uleb128 0x27
 1760 0051 19       		.uleb128 0x19
 1761 0052 49       		.uleb128 0x49
 1762 0053 13       		.uleb128 0x13
ARM GAS  /tmp/ccC1B38L.s 			page 32


 1763 0054 01       		.uleb128 0x1
 1764 0055 13       		.uleb128 0x13
 1765 0056 00       		.byte	0
 1766 0057 00       		.byte	0
 1767 0058 09       		.uleb128 0x9
 1768 0059 05       		.uleb128 0x5
 1769 005a 00       		.byte	0
 1770 005b 49       		.uleb128 0x49
 1771 005c 13       		.uleb128 0x13
 1772 005d 00       		.byte	0
 1773 005e 00       		.byte	0
 1774 005f 0A       		.uleb128 0xa
 1775 0060 13       		.uleb128 0x13
 1776 0061 01       		.byte	0x1
 1777 0062 03       		.uleb128 0x3
 1778 0063 0E       		.uleb128 0xe
 1779 0064 0B       		.uleb128 0xb
 1780 0065 0B       		.uleb128 0xb
 1781 0066 3A       		.uleb128 0x3a
 1782 0067 0B       		.uleb128 0xb
 1783 0068 3B       		.uleb128 0x3b
 1784 0069 0B       		.uleb128 0xb
 1785 006a 01       		.uleb128 0x1
 1786 006b 13       		.uleb128 0x13
 1787 006c 00       		.byte	0
 1788 006d 00       		.byte	0
 1789 006e 0B       		.uleb128 0xb
 1790 006f 0D       		.uleb128 0xd
 1791 0070 00       		.byte	0
 1792 0071 03       		.uleb128 0x3
 1793 0072 0E       		.uleb128 0xe
 1794 0073 3A       		.uleb128 0x3a
 1795 0074 0B       		.uleb128 0xb
 1796 0075 3B       		.uleb128 0x3b
 1797 0076 0B       		.uleb128 0xb
 1798 0077 49       		.uleb128 0x49
 1799 0078 13       		.uleb128 0x13
 1800 0079 38       		.uleb128 0x38
 1801 007a 0B       		.uleb128 0xb
 1802 007b 00       		.byte	0
 1803 007c 00       		.byte	0
 1804 007d 0C       		.uleb128 0xc
 1805 007e 0D       		.uleb128 0xd
 1806 007f 00       		.byte	0
 1807 0080 03       		.uleb128 0x3
 1808 0081 08       		.uleb128 0x8
 1809 0082 3A       		.uleb128 0x3a
 1810 0083 0B       		.uleb128 0xb
 1811 0084 3B       		.uleb128 0x3b
 1812 0085 0B       		.uleb128 0xb
 1813 0086 49       		.uleb128 0x49
 1814 0087 13       		.uleb128 0x13
 1815 0088 38       		.uleb128 0x38
 1816 0089 0B       		.uleb128 0xb
 1817 008a 00       		.byte	0
 1818 008b 00       		.byte	0
 1819 008c 0D       		.uleb128 0xd
ARM GAS  /tmp/ccC1B38L.s 			page 33


 1820 008d 13       		.uleb128 0x13
 1821 008e 01       		.byte	0x1
 1822 008f 0B       		.uleb128 0xb
 1823 0090 0B       		.uleb128 0xb
 1824 0091 3A       		.uleb128 0x3a
 1825 0092 0B       		.uleb128 0xb
 1826 0093 3B       		.uleb128 0x3b
 1827 0094 0B       		.uleb128 0xb
 1828 0095 01       		.uleb128 0x1
 1829 0096 13       		.uleb128 0x13
 1830 0097 00       		.byte	0
 1831 0098 00       		.byte	0
 1832 0099 0E       		.uleb128 0xe
 1833 009a 0D       		.uleb128 0xd
 1834 009b 00       		.byte	0
 1835 009c 03       		.uleb128 0x3
 1836 009d 0E       		.uleb128 0xe
 1837 009e 49       		.uleb128 0x49
 1838 009f 13       		.uleb128 0x13
 1839 00a0 38       		.uleb128 0x38
 1840 00a1 0B       		.uleb128 0xb
 1841 00a2 34       		.uleb128 0x34
 1842 00a3 19       		.uleb128 0x19
 1843 00a4 00       		.byte	0
 1844 00a5 00       		.byte	0
 1845 00a6 0F       		.uleb128 0xf
 1846 00a7 2E       		.uleb128 0x2e
 1847 00a8 01       		.byte	0x1
 1848 00a9 03       		.uleb128 0x3
 1849 00aa 0E       		.uleb128 0xe
 1850 00ab 3A       		.uleb128 0x3a
 1851 00ac 0B       		.uleb128 0xb
 1852 00ad 3B       		.uleb128 0x3b
 1853 00ae 0B       		.uleb128 0xb
 1854 00af 27       		.uleb128 0x27
 1855 00b0 19       		.uleb128 0x19
 1856 00b1 49       		.uleb128 0x49
 1857 00b2 13       		.uleb128 0x13
 1858 00b3 11       		.uleb128 0x11
 1859 00b4 01       		.uleb128 0x1
 1860 00b5 12       		.uleb128 0x12
 1861 00b6 06       		.uleb128 0x6
 1862 00b7 40       		.uleb128 0x40
 1863 00b8 18       		.uleb128 0x18
 1864 00b9 9742     		.uleb128 0x2117
 1865 00bb 19       		.uleb128 0x19
 1866 00bc 01       		.uleb128 0x1
 1867 00bd 13       		.uleb128 0x13
 1868 00be 00       		.byte	0
 1869 00bf 00       		.byte	0
 1870 00c0 10       		.uleb128 0x10
 1871 00c1 05       		.uleb128 0x5
 1872 00c2 00       		.byte	0
 1873 00c3 03       		.uleb128 0x3
 1874 00c4 08       		.uleb128 0x8
 1875 00c5 3A       		.uleb128 0x3a
 1876 00c6 0B       		.uleb128 0xb
ARM GAS  /tmp/ccC1B38L.s 			page 34


 1877 00c7 3B       		.uleb128 0x3b
 1878 00c8 0B       		.uleb128 0xb
 1879 00c9 49       		.uleb128 0x49
 1880 00ca 13       		.uleb128 0x13
 1881 00cb 02       		.uleb128 0x2
 1882 00cc 18       		.uleb128 0x18
 1883 00cd 00       		.byte	0
 1884 00ce 00       		.byte	0
 1885 00cf 11       		.uleb128 0x11
 1886 00d0 05       		.uleb128 0x5
 1887 00d1 00       		.byte	0
 1888 00d2 03       		.uleb128 0x3
 1889 00d3 0E       		.uleb128 0xe
 1890 00d4 3A       		.uleb128 0x3a
 1891 00d5 0B       		.uleb128 0xb
 1892 00d6 3B       		.uleb128 0x3b
 1893 00d7 0B       		.uleb128 0xb
 1894 00d8 49       		.uleb128 0x49
 1895 00d9 13       		.uleb128 0x13
 1896 00da 02       		.uleb128 0x2
 1897 00db 18       		.uleb128 0x18
 1898 00dc 00       		.byte	0
 1899 00dd 00       		.byte	0
 1900 00de 12       		.uleb128 0x12
 1901 00df 34       		.uleb128 0x34
 1902 00e0 00       		.byte	0
 1903 00e1 03       		.uleb128 0x3
 1904 00e2 08       		.uleb128 0x8
 1905 00e3 3A       		.uleb128 0x3a
 1906 00e4 0B       		.uleb128 0xb
 1907 00e5 3B       		.uleb128 0x3b
 1908 00e6 0B       		.uleb128 0xb
 1909 00e7 49       		.uleb128 0x49
 1910 00e8 13       		.uleb128 0x13
 1911 00e9 02       		.uleb128 0x2
 1912 00ea 18       		.uleb128 0x18
 1913 00eb 00       		.byte	0
 1914 00ec 00       		.byte	0
 1915 00ed 13       		.uleb128 0x13
 1916 00ee 2E       		.uleb128 0x2e
 1917 00ef 01       		.byte	0x1
 1918 00f0 03       		.uleb128 0x3
 1919 00f1 0E       		.uleb128 0xe
 1920 00f2 3A       		.uleb128 0x3a
 1921 00f3 0B       		.uleb128 0xb
 1922 00f4 3B       		.uleb128 0x3b
 1923 00f5 0B       		.uleb128 0xb
 1924 00f6 27       		.uleb128 0x27
 1925 00f7 19       		.uleb128 0x19
 1926 00f8 49       		.uleb128 0x49
 1927 00f9 13       		.uleb128 0x13
 1928 00fa 11       		.uleb128 0x11
 1929 00fb 01       		.uleb128 0x1
 1930 00fc 12       		.uleb128 0x12
 1931 00fd 06       		.uleb128 0x6
 1932 00fe 40       		.uleb128 0x40
 1933 00ff 18       		.uleb128 0x18
ARM GAS  /tmp/ccC1B38L.s 			page 35


 1934 0100 9642     		.uleb128 0x2116
 1935 0102 19       		.uleb128 0x19
 1936 0103 01       		.uleb128 0x1
 1937 0104 13       		.uleb128 0x13
 1938 0105 00       		.byte	0
 1939 0106 00       		.byte	0
 1940 0107 14       		.uleb128 0x14
 1941 0108 34       		.uleb128 0x34
 1942 0109 00       		.byte	0
 1943 010a 03       		.uleb128 0x3
 1944 010b 0E       		.uleb128 0xe
 1945 010c 3A       		.uleb128 0x3a
 1946 010d 0B       		.uleb128 0xb
 1947 010e 3B       		.uleb128 0x3b
 1948 010f 0B       		.uleb128 0xb
 1949 0110 49       		.uleb128 0x49
 1950 0111 13       		.uleb128 0x13
 1951 0112 02       		.uleb128 0x2
 1952 0113 18       		.uleb128 0x18
 1953 0114 00       		.byte	0
 1954 0115 00       		.byte	0
 1955 0116 15       		.uleb128 0x15
 1956 0117 2E       		.uleb128 0x2e
 1957 0118 01       		.byte	0x1
 1958 0119 3F       		.uleb128 0x3f
 1959 011a 19       		.uleb128 0x19
 1960 011b 03       		.uleb128 0x3
 1961 011c 0E       		.uleb128 0xe
 1962 011d 3A       		.uleb128 0x3a
 1963 011e 0B       		.uleb128 0xb
 1964 011f 3B       		.uleb128 0x3b
 1965 0120 0B       		.uleb128 0xb
 1966 0121 27       		.uleb128 0x27
 1967 0122 19       		.uleb128 0x19
 1968 0123 11       		.uleb128 0x11
 1969 0124 01       		.uleb128 0x1
 1970 0125 12       		.uleb128 0x12
 1971 0126 06       		.uleb128 0x6
 1972 0127 40       		.uleb128 0x40
 1973 0128 18       		.uleb128 0x18
 1974 0129 9642     		.uleb128 0x2116
 1975 012b 19       		.uleb128 0x19
 1976 012c 01       		.uleb128 0x1
 1977 012d 13       		.uleb128 0x13
 1978 012e 00       		.byte	0
 1979 012f 00       		.byte	0
 1980 0130 16       		.uleb128 0x16
 1981 0131 0A       		.uleb128 0xa
 1982 0132 00       		.byte	0
 1983 0133 03       		.uleb128 0x3
 1984 0134 0E       		.uleb128 0xe
 1985 0135 3A       		.uleb128 0x3a
 1986 0136 0B       		.uleb128 0xb
 1987 0137 3B       		.uleb128 0x3b
 1988 0138 0B       		.uleb128 0xb
 1989 0139 11       		.uleb128 0x11
 1990 013a 01       		.uleb128 0x1
ARM GAS  /tmp/ccC1B38L.s 			page 36


 1991 013b 00       		.byte	0
 1992 013c 00       		.byte	0
 1993 013d 17       		.uleb128 0x17
 1994 013e 01       		.uleb128 0x1
 1995 013f 01       		.byte	0x1
 1996 0140 49       		.uleb128 0x49
 1997 0141 13       		.uleb128 0x13
 1998 0142 01       		.uleb128 0x1
 1999 0143 13       		.uleb128 0x13
 2000 0144 00       		.byte	0
 2001 0145 00       		.byte	0
 2002 0146 18       		.uleb128 0x18
 2003 0147 21       		.uleb128 0x21
 2004 0148 00       		.byte	0
 2005 0149 49       		.uleb128 0x49
 2006 014a 13       		.uleb128 0x13
 2007 014b 2F       		.uleb128 0x2f
 2008 014c 0B       		.uleb128 0xb
 2009 014d 00       		.byte	0
 2010 014e 00       		.byte	0
 2011 014f 19       		.uleb128 0x19
 2012 0150 2E       		.uleb128 0x2e
 2013 0151 01       		.byte	0x1
 2014 0152 3F       		.uleb128 0x3f
 2015 0153 19       		.uleb128 0x19
 2016 0154 03       		.uleb128 0x3
 2017 0155 0E       		.uleb128 0xe
 2018 0156 3A       		.uleb128 0x3a
 2019 0157 0B       		.uleb128 0xb
 2020 0158 3B       		.uleb128 0x3b
 2021 0159 05       		.uleb128 0x5
 2022 015a 27       		.uleb128 0x27
 2023 015b 19       		.uleb128 0x19
 2024 015c 49       		.uleb128 0x49
 2025 015d 13       		.uleb128 0x13
 2026 015e 11       		.uleb128 0x11
 2027 015f 01       		.uleb128 0x1
 2028 0160 12       		.uleb128 0x12
 2029 0161 06       		.uleb128 0x6
 2030 0162 40       		.uleb128 0x40
 2031 0163 18       		.uleb128 0x18
 2032 0164 9642     		.uleb128 0x2116
 2033 0166 19       		.uleb128 0x19
 2034 0167 00       		.byte	0
 2035 0168 00       		.byte	0
 2036 0169 1A       		.uleb128 0x1a
 2037 016a 05       		.uleb128 0x5
 2038 016b 00       		.byte	0
 2039 016c 03       		.uleb128 0x3
 2040 016d 08       		.uleb128 0x8
 2041 016e 3A       		.uleb128 0x3a
 2042 016f 0B       		.uleb128 0xb
 2043 0170 3B       		.uleb128 0x3b
 2044 0171 05       		.uleb128 0x5
 2045 0172 49       		.uleb128 0x49
 2046 0173 13       		.uleb128 0x13
 2047 0174 02       		.uleb128 0x2
ARM GAS  /tmp/ccC1B38L.s 			page 37


 2048 0175 18       		.uleb128 0x18
 2049 0176 00       		.byte	0
 2050 0177 00       		.byte	0
 2051 0178 1B       		.uleb128 0x1b
 2052 0179 05       		.uleb128 0x5
 2053 017a 00       		.byte	0
 2054 017b 03       		.uleb128 0x3
 2055 017c 0E       		.uleb128 0xe
 2056 017d 3A       		.uleb128 0x3a
 2057 017e 0B       		.uleb128 0xb
 2058 017f 3B       		.uleb128 0x3b
 2059 0180 05       		.uleb128 0x5
 2060 0181 49       		.uleb128 0x49
 2061 0182 13       		.uleb128 0x13
 2062 0183 02       		.uleb128 0x2
 2063 0184 18       		.uleb128 0x18
 2064 0185 00       		.byte	0
 2065 0186 00       		.byte	0
 2066 0187 1C       		.uleb128 0x1c
 2067 0188 18       		.uleb128 0x18
 2068 0189 00       		.byte	0
 2069 018a 00       		.byte	0
 2070 018b 00       		.byte	0
 2071 018c 1D       		.uleb128 0x1d
 2072 018d 34       		.uleb128 0x34
 2073 018e 00       		.byte	0
 2074 018f 03       		.uleb128 0x3
 2075 0190 08       		.uleb128 0x8
 2076 0191 3A       		.uleb128 0x3a
 2077 0192 0B       		.uleb128 0xb
 2078 0193 3B       		.uleb128 0x3b
 2079 0194 05       		.uleb128 0x5
 2080 0195 49       		.uleb128 0x49
 2081 0196 13       		.uleb128 0x13
 2082 0197 02       		.uleb128 0x2
 2083 0198 18       		.uleb128 0x18
 2084 0199 00       		.byte	0
 2085 019a 00       		.byte	0
 2086 019b 00       		.byte	0
 2087              		.section	.debug_aranges,"",%progbits
 2088 0000 3C000000 		.4byte	0x3c
 2089 0004 0200     		.2byte	0x2
 2090 0006 00000000 		.4byte	.Ldebug_info0
 2091 000a 04       		.byte	0x4
 2092 000b 00       		.byte	0
 2093 000c 0000     		.2byte	0
 2094 000e 0000     		.2byte	0
 2095 0010 00000000 		.4byte	.LFB8
 2096 0014 A0000000 		.4byte	.LFE8-.LFB8
 2097 0018 00000000 		.4byte	.LFB9
 2098 001c 20000000 		.4byte	.LFE9-.LFB9
 2099 0020 00000000 		.4byte	.LFB10
 2100 0024 94000000 		.4byte	.LFE10-.LFB10
 2101 0028 00000000 		.4byte	.LFB11
 2102 002c 90040000 		.4byte	.LFE11-.LFB11
 2103 0030 00000000 		.4byte	.LFB12
 2104 0034 46000000 		.4byte	.LFE12-.LFB12
ARM GAS  /tmp/ccC1B38L.s 			page 38


 2105 0038 00000000 		.4byte	0
 2106 003c 00000000 		.4byte	0
 2107              		.section	.debug_ranges,"",%progbits
 2108              	.Ldebug_ranges0:
 2109 0000 00000000 		.4byte	.LFB8
 2110 0004 A0000000 		.4byte	.LFE8
 2111 0008 00000000 		.4byte	.LFB9
 2112 000c 20000000 		.4byte	.LFE9
 2113 0010 00000000 		.4byte	.LFB10
 2114 0014 94000000 		.4byte	.LFE10
 2115 0018 00000000 		.4byte	.LFB11
 2116 001c 90040000 		.4byte	.LFE11
 2117 0020 00000000 		.4byte	.LFB12
 2118 0024 46000000 		.4byte	.LFE12
 2119 0028 00000000 		.4byte	0
 2120 002c 00000000 		.4byte	0
 2121              		.section	.debug_line,"",%progbits
 2122              	.Ldebug_line0:
 2123 0000 BD020000 		.section	.debug_str,"MS",%progbits,1
 2123      02007B01 
 2123      00000201 
 2123      FB0E0D00 
 2123      01010101 
 2124              	.LASF2:
 2125 0000 73697A65 		.ascii	"size_t\000"
 2125      5F7400
 2126              	.LASF3:
 2127 0007 5F5F7569 		.ascii	"__uint8_t\000"
 2127      6E74385F 
 2127      7400
 2128              	.LASF25:
 2129 0011 76615F6C 		.ascii	"va_list\000"
 2129      69737400 
 2130              	.LASF35:
 2131 0019 66746F61 		.ascii	"ftoa\000"
 2131      00
 2132              	.LASF11:
 2133 001e 6C6F6E67 		.ascii	"long long unsigned int\000"
 2133      206C6F6E 
 2133      6720756E 
 2133      7369676E 
 2133      65642069 
 2134              	.LASF10:
 2135 0035 6C6F6E67 		.ascii	"long long int\000"
 2135      206C6F6E 
 2135      6720696E 
 2135      7400
 2136              	.LASF1:
 2137 0043 7369676E 		.ascii	"signed char\000"
 2137      65642063 
 2137      68617200 
 2138              	.LASF14:
 2139 004f 626F6F6C 		.ascii	"bool_t\000"
 2139      5F7400
 2140              	.LASF42:
 2141 0056 746D7062 		.ascii	"tmpbuf\000"
 2141      756600
ARM GAS  /tmp/ccC1B38L.s 			page 39


 2142              	.LASF8:
 2143 005d 6C6F6E67 		.ascii	"long int\000"
 2143      20696E74 
 2143      00
 2144              	.LASF45:
 2145 0066 6368736E 		.ascii	"chsnprintf\000"
 2145      7072696E 
 2145      746600
 2146              	.LASF24:
 2147 0071 5F5F7661 		.ascii	"__va_list\000"
 2147      5F6C6973 
 2147      7400
 2148              	.LASF37:
 2149 007b 646F7562 		.ascii	"double\000"
 2149      6C6500
 2150              	.LASF27:
 2151 0082 62756666 		.ascii	"buffer\000"
 2151      657200
 2152              	.LASF38:
 2153 0089 66696C6C 		.ascii	"filler\000"
 2153      657200
 2154              	.LASF40:
 2155 0090 69735F6C 		.ascii	"is_long\000"
 2155      6F6E6700 
 2156              	.LASF21:
 2157 0098 42617365 		.ascii	"BaseSequentialStream\000"
 2157      53657175 
 2157      656E7469 
 2157      616C5374 
 2157      7265616D 
 2158              	.LASF0:
 2159 00ad 756E7369 		.ascii	"unsigned int\000"
 2159      676E6564 
 2159      20696E74 
 2159      00
 2160              	.LASF9:
 2161 00ba 6C6F6E67 		.ascii	"long unsigned int\000"
 2161      20756E73 
 2161      69676E65 
 2161      6420696E 
 2161      7400
 2162              	.LASF41:
 2163 00cc 6C656674 		.ascii	"left_align\000"
 2163      5F616C69 
 2163      676E00
 2164              	.LASF39:
 2165 00d7 77696474 		.ascii	"width\000"
 2165      6800
 2166              	.LASF28:
 2167 00dd 73697A65 		.ascii	"size\000"
 2167      00
 2168              	.LASF6:
 2169 00e2 73686F72 		.ascii	"short unsigned int\000"
 2169      7420756E 
 2169      7369676E 
 2169      65642069 
 2169      6E7400
ARM GAS  /tmp/ccC1B38L.s 			page 40


 2170              	.LASF16:
 2171 00f5 6D73675F 		.ascii	"msg_t\000"
 2171      7400
 2172              	.LASF34:
 2173 00fb 6C746F61 		.ascii	"ltoa\000"
 2173      00
 2174              	.LASF19:
 2175 0100 77726974 		.ascii	"write\000"
 2175      6500
 2176              	.LASF17:
 2177 0106 73697A65 		.ascii	"sizetype\000"
 2177      74797065 
 2177      00
 2178              	.LASF50:
 2179 010f 756E7369 		.ascii	"unsigned_common\000"
 2179      676E6564 
 2179      5F636F6D 
 2179      6D6F6E00 
 2180              	.LASF32:
 2181 011f 64697669 		.ascii	"divisor\000"
 2181      736F7200 
 2182              	.LASF22:
 2183 0127 5F5F676E 		.ascii	"__gnuc_va_list\000"
 2183      75635F76 
 2183      615F6C69 
 2183      737400
 2184              	.LASF26:
 2185 0136 4D656D53 		.ascii	"MemStreamVMT\000"
 2185      74726561 
 2185      6D564D54 
 2185      00
 2186              	.LASF43:
 2187 0143 666C6F61 		.ascii	"float\000"
 2187      7400
 2188              	.LASF30:
 2189 0149 4D656D6F 		.ascii	"MemoryStream\000"
 2189      72795374 
 2189      7265616D 
 2189      00
 2190              	.LASF15:
 2191 0156 5F426F6F 		.ascii	"_Bool\000"
 2191      6C00
 2192              	.LASF13:
 2193 015c 696E7433 		.ascii	"int32_t\000"
 2193      325F7400 
 2194              	.LASF4:
 2195 0164 756E7369 		.ascii	"unsigned char\000"
 2195      676E6564 
 2195      20636861 
 2195      7200
 2196              	.LASF5:
 2197 0172 73686F72 		.ascii	"short int\000"
 2197      7420696E 
 2197      7400
 2198              	.LASF46:
 2199 017c 474E5520 		.ascii	"GNU C 4.8.4 20141219 (release) -mcpu=cortex-m4 -mfl"
 2199      4320342E 
ARM GAS  /tmp/ccC1B38L.s 			page 41


 2199      382E3420 
 2199      32303134 
 2199      31323139 
 2200 01af 6F61742D 		.ascii	"oat-abi=hard -mfpu=fpv4-sp-d16 -mno-thumb-interwork"
 2200      6162693D 
 2200      68617264 
 2200      202D6D66 
 2200      70753D66 
 2201 01e2 202D6D74 		.ascii	" -mthumb -ggdb -O0 -fomit-frame-pointer -falign-fun"
 2201      68756D62 
 2201      202D6767 
 2201      6462202D 
 2201      4F30202D 
 2202 0215 6374696F 		.ascii	"ctions=16 -ffunction-sections -fdata-sections -fno-"
 2202      6E733D31 
 2202      36202D66 
 2202      66756E63 
 2202      74696F6E 
 2203 0248 636F6D6D 		.ascii	"common -fsingle-precision-constant\000"
 2203      6F6E202D 
 2203      6673696E 
 2203      676C652D 
 2203      70726563 
 2204              	.LASF23:
 2205 026b 42617365 		.ascii	"BaseSequentialStreamVMT\000"
 2205      53657175 
 2205      656E7469 
 2205      616C5374 
 2205      7265616D 
 2206              	.LASF31:
 2207 0283 72616469 		.ascii	"radix\000"
 2207      7800
 2208              	.LASF18:
 2209 0289 63686172 		.ascii	"char\000"
 2209      00
 2210              	.LASF47:
 2211 028e 2F686F6D 		.ascii	"/home/dave/r2p-sdk/core/ChibiOS/os/various/chprintf"
 2211      652F6461 
 2211      76652F72 
 2211      32702D73 
 2211      646B2F63 
 2212 02c1 2E6300   		.ascii	".c\000"
 2213              	.LASF36:
 2214 02c4 70726563 		.ascii	"precision\000"
 2214      6973696F 
 2214      6E00
 2215              	.LASF7:
 2216 02ce 5F5F696E 		.ascii	"__int32_t\000"
 2216      7433325F 
 2216      7400
 2217              	.LASF29:
 2218 02d8 6F666673 		.ascii	"offset\000"
 2218      657400
 2219              	.LASF49:
 2220 02df 5F5F6170 		.ascii	"__ap\000"
 2220      00
 2221              	.LASF12:
ARM GAS  /tmp/ccC1B38L.s 			page 42


 2222 02e4 75696E74 		.ascii	"uint8_t\000"
 2222      385F7400 
 2223              	.LASF44:
 2224 02ec 63687670 		.ascii	"chvprintf\000"
 2224      72696E74 
 2224      6600
 2225              	.LASF20:
 2226 02f6 72656164 		.ascii	"read\000"
 2226      00
 2227              	.LASF33:
 2228 02fb 6C6F6E67 		.ascii	"long_to_string_with_divisor\000"
 2228      5F746F5F 
 2228      73747269 
 2228      6E675F77 
 2228      6974685F 
 2229              	.LASF48:
 2230 0317 2F686F6D 		.ascii	"/home/dave/workspace-demo/USB/\000"
 2230      652F6461 
 2230      76652F77 
 2230      6F726B73 
 2230      70616365 
 2231              		.ident	"GCC: (4.8.4-1+11-1) 4.8.4 20141219 (release)"
ARM GAS  /tmp/ccC1B38L.s 			page 43


DEFINED SYMBOLS
                            *ABS*:0000000000000000 chprintf.c
     /tmp/ccC1B38L.s:21     .text.long_to_string_with_divisor:0000000000000000 $t
     /tmp/ccC1B38L.s:26     .text.long_to_string_with_divisor:0000000000000000 long_to_string_with_divisor
     /tmp/ccC1B38L.s:138    .text.ltoa:0000000000000000 $t
     /tmp/ccC1B38L.s:143    .text.ltoa:0000000000000000 ltoa
     /tmp/ccC1B38L.s:178    .text.ftoa:0000000000000000 $t
     /tmp/ccC1B38L.s:183    .text.ftoa:0000000000000000 ftoa
     /tmp/ccC1B38L.s:262    .text.ftoa:000000000000008c $d
     /tmp/ccC1B38L.s:268    .rodata:0000000000000000 $d
     /tmp/ccC1B38L.s:274    .text.chvprintf:0000000000000000 $t
     /tmp/ccC1B38L.s:280    .text.chvprintf:0000000000000000 chvprintf
     /tmp/ccC1B38L.s:536    .text.chvprintf:00000000000001a4 $d
     /tmp/ccC1B38L.s:589    .text.chvprintf:0000000000000278 $t
     /tmp/ccC1B38L.s:919    .text.chvprintf:000000000000048c $d
     /tmp/ccC1B38L.s:924    .text.chsnprintf:0000000000000000 $t
     /tmp/ccC1B38L.s:930    .text.chsnprintf:0000000000000000 chsnprintf
                     .debug_frame:0000000000000010 $d
     /tmp/ccC1B38L.s:267    .text.ftoa:0000000000000094 $t

UNDEFINED SYMBOLS
__aeabi_d2iz
__aeabi_i2d
__aeabi_dsub
__aeabi_ui2d
__aeabi_dmul
__aeabi_d2f
__aeabi_f2d
msObjectInit
