ARM GAS  /tmp/ccYw8YeE.s 			page 1


   1              		.syntax unified
   2              		.cpu cortex-m4
   3              		.eabi_attribute 27, 3
   4              		.eabi_attribute 28, 1
   5              		.fpu fpv4-sp-d16
   6              		.eabi_attribute 20, 1
   7              		.eabi_attribute 21, 1
   8              		.eabi_attribute 23, 3
   9              		.eabi_attribute 24, 1
  10              		.eabi_attribute 25, 1
  11              		.eabi_attribute 26, 1
  12              		.eabi_attribute 30, 6
  13              		.eabi_attribute 34, 1
  14              		.eabi_attribute 18, 4
  15              		.thumb
  16              		.file	"duration.cpp"
  17              		.text
  18              	.Ltext0:
  19              		.cfi_sections	.debug_frame
  20              		.section	.text._ZN3ros22normalizeSecNSecSignedERlS0_,"ax",%progbits
  21              		.align	2
  22              		.p2align 4,,15
  23              		.global	_ZN3ros22normalizeSecNSecSignedERlS0_
  24              		.thumb
  25              		.thumb_func
  26              		.type	_ZN3ros22normalizeSecNSecSignedERlS0_, %function
  27              	_ZN3ros22normalizeSecNSecSignedERlS0_:
  28              	.LFB8:
  29              		.file 1 "ros_lib/duration.cpp"
  30              		.loc 1 41 0
  31              		.cfi_startproc
  32              		@ args = 0, pretend = 0, frame = 16
  33              		@ frame_needed = 0, uses_anonymous_args = 0
  34              		@ link register save eliminated.
  35 0000 84B0     		sub	sp, sp, #16
  36              		.cfi_def_cfa_offset 16
  37 0002 0190     		str	r0, [sp, #4]
  38 0004 0091     		str	r1, [sp]
  39              	.LBB2:
  40              		.loc 1 42 0
  41 0006 009B     		ldr	r3, [sp]
  42 0008 1B68     		ldr	r3, [r3]
  43 000a 0393     		str	r3, [sp, #12]
  44              		.loc 1 43 0
  45 000c 019B     		ldr	r3, [sp, #4]
  46 000e 1B68     		ldr	r3, [r3]
  47 0010 0293     		str	r3, [sp, #8]
  48              		.loc 1 45 0
  49 0012 06E0     		b	.L2
  50              	.L3:
  51              		.loc 1 47 0
  52 0014 039A     		ldr	r2, [sp, #12]
  53 0016 0E4B     		ldr	r3, .L6
  54 0018 1344     		add	r3, r3, r2
  55 001a 0393     		str	r3, [sp, #12]
  56              		.loc 1 48 0
  57 001c 029B     		ldr	r3, [sp, #8]
ARM GAS  /tmp/ccYw8YeE.s 			page 2


  58 001e 0133     		adds	r3, r3, #1
  59 0020 0293     		str	r3, [sp, #8]
  60              	.L2:
  61              		.loc 1 45 0 discriminator 1
  62 0022 039A     		ldr	r2, [sp, #12]
  63 0024 0B4B     		ldr	r3, .L6+4
  64 0026 9A42     		cmp	r2, r3
  65 0028 F4DC     		bgt	.L3
  66              		.loc 1 50 0
  67 002a 06E0     		b	.L4
  68              	.L5:
  69              		.loc 1 52 0
  70 002c 039A     		ldr	r2, [sp, #12]
  71 002e 094B     		ldr	r3, .L6+4
  72 0030 1344     		add	r3, r3, r2
  73 0032 0393     		str	r3, [sp, #12]
  74              		.loc 1 53 0
  75 0034 029B     		ldr	r3, [sp, #8]
  76 0036 013B     		subs	r3, r3, #1
  77 0038 0293     		str	r3, [sp, #8]
  78              	.L4:
  79              		.loc 1 50 0 discriminator 1
  80 003a 039B     		ldr	r3, [sp, #12]
  81 003c 002B     		cmp	r3, #0
  82 003e F5DB     		blt	.L5
  83              		.loc 1 55 0
  84 0040 019B     		ldr	r3, [sp, #4]
  85 0042 029A     		ldr	r2, [sp, #8]
  86 0044 1A60     		str	r2, [r3]
  87              		.loc 1 56 0
  88 0046 009B     		ldr	r3, [sp]
  89 0048 039A     		ldr	r2, [sp, #12]
  90 004a 1A60     		str	r2, [r3]
  91              	.LBE2:
  92              		.loc 1 57 0
  93 004c 04B0     		add	sp, sp, #16
  94              		@ sp needed
  95 004e 7047     		bx	lr
  96              	.L7:
  97              		.align	2
  98              	.L6:
  99 0050 003665C4 		.word	-1000000000
 100 0054 00CA9A3B 		.word	1000000000
 101              		.cfi_endproc
 102              	.LFE8:
 103              		.size	_ZN3ros22normalizeSecNSecSignedERlS0_, .-_ZN3ros22normalizeSecNSecSignedERlS0_
 104 0058 AFF30080 		.section	.text._ZN3ros8DurationpLERKS0_,"ax",%progbits
 104      AFF30080 
 105              		.align	2
 106              		.p2align 4,,15
 107              		.global	_ZN3ros8DurationpLERKS0_
 108              		.thumb
 109              		.thumb_func
 110              		.type	_ZN3ros8DurationpLERKS0_, %function
 111              	_ZN3ros8DurationpLERKS0_:
 112              	.LFB9:
 113              		.loc 1 60 0
ARM GAS  /tmp/ccYw8YeE.s 			page 3


 114              		.cfi_startproc
 115              		@ args = 0, pretend = 0, frame = 8
 116              		@ frame_needed = 0, uses_anonymous_args = 0
 117 0000 00B5     		push	{lr}
 118              		.cfi_def_cfa_offset 4
 119              		.cfi_offset 14, -4
 120 0002 83B0     		sub	sp, sp, #12
 121              		.cfi_def_cfa_offset 16
 122 0004 0190     		str	r0, [sp, #4]
 123 0006 0091     		str	r1, [sp]
 124              		.loc 1 61 0
 125 0008 019B     		ldr	r3, [sp, #4]
 126 000a 1A68     		ldr	r2, [r3]
 127 000c 009B     		ldr	r3, [sp]
 128 000e 1B68     		ldr	r3, [r3]
 129 0010 1A44     		add	r2, r2, r3
 130 0012 019B     		ldr	r3, [sp, #4]
 131 0014 1A60     		str	r2, [r3]
 132              		.loc 1 62 0
 133 0016 019B     		ldr	r3, [sp, #4]
 134 0018 5A68     		ldr	r2, [r3, #4]
 135 001a 009B     		ldr	r3, [sp]
 136 001c 5B68     		ldr	r3, [r3, #4]
 137 001e 1A44     		add	r2, r2, r3
 138 0020 019B     		ldr	r3, [sp, #4]
 139 0022 5A60     		str	r2, [r3, #4]
 140              		.loc 1 63 0
 141 0024 019A     		ldr	r2, [sp, #4]
 142 0026 019B     		ldr	r3, [sp, #4]
 143 0028 0433     		adds	r3, r3, #4
 144 002a 1046     		mov	r0, r2
 145 002c 1946     		mov	r1, r3
 146 002e FFF7FEFF 		bl	_ZN3ros22normalizeSecNSecSignedERlS0_
 147              		.loc 1 64 0
 148 0032 019B     		ldr	r3, [sp, #4]
 149              		.loc 1 65 0
 150 0034 1846     		mov	r0, r3
 151 0036 03B0     		add	sp, sp, #12
 152              		@ sp needed
 153 0038 5DF804FB 		ldr	pc, [sp], #4
 154              		.cfi_endproc
 155              	.LFE9:
 156              		.size	_ZN3ros8DurationpLERKS0_, .-_ZN3ros8DurationpLERKS0_
 157 003c AFF30080 		.section	.text._ZN3ros8DurationmIERKS0_,"ax",%progbits
 158              		.align	2
 159              		.p2align 4,,15
 160              		.global	_ZN3ros8DurationmIERKS0_
 161              		.thumb
 162              		.thumb_func
 163              		.type	_ZN3ros8DurationmIERKS0_, %function
 164              	_ZN3ros8DurationmIERKS0_:
 165              	.LFB10:
 166              		.loc 1 67 0
 167              		.cfi_startproc
 168              		@ args = 0, pretend = 0, frame = 8
 169              		@ frame_needed = 0, uses_anonymous_args = 0
 170 0000 00B5     		push	{lr}
ARM GAS  /tmp/ccYw8YeE.s 			page 4


 171              		.cfi_def_cfa_offset 4
 172              		.cfi_offset 14, -4
 173 0002 83B0     		sub	sp, sp, #12
 174              		.cfi_def_cfa_offset 16
 175 0004 0190     		str	r0, [sp, #4]
 176 0006 0091     		str	r1, [sp]
 177              		.loc 1 68 0
 178 0008 019B     		ldr	r3, [sp, #4]
 179 000a 1A68     		ldr	r2, [r3]
 180 000c 009B     		ldr	r3, [sp]
 181 000e 1B68     		ldr	r3, [r3]
 182 0010 D21A     		subs	r2, r2, r3
 183 0012 019B     		ldr	r3, [sp, #4]
 184 0014 1A60     		str	r2, [r3]
 185              		.loc 1 69 0
 186 0016 019B     		ldr	r3, [sp, #4]
 187 0018 5A68     		ldr	r2, [r3, #4]
 188 001a 009B     		ldr	r3, [sp]
 189 001c 5B68     		ldr	r3, [r3, #4]
 190 001e D21A     		subs	r2, r2, r3
 191 0020 019B     		ldr	r3, [sp, #4]
 192 0022 5A60     		str	r2, [r3, #4]
 193              		.loc 1 70 0
 194 0024 019A     		ldr	r2, [sp, #4]
 195 0026 019B     		ldr	r3, [sp, #4]
 196 0028 0433     		adds	r3, r3, #4
 197 002a 1046     		mov	r0, r2
 198 002c 1946     		mov	r1, r3
 199 002e FFF7FEFF 		bl	_ZN3ros22normalizeSecNSecSignedERlS0_
 200              		.loc 1 71 0
 201 0032 019B     		ldr	r3, [sp, #4]
 202              		.loc 1 72 0
 203 0034 1846     		mov	r0, r3
 204 0036 03B0     		add	sp, sp, #12
 205              		@ sp needed
 206 0038 5DF804FB 		ldr	pc, [sp], #4
 207              		.cfi_endproc
 208              	.LFE10:
 209              		.size	_ZN3ros8DurationmIERKS0_, .-_ZN3ros8DurationmIERKS0_
 210              		.global	__aeabi_i2d
 211              		.global	__aeabi_dmul
 212              		.global	__aeabi_d2iz
 213 003c AFF30080 		.section	.text._ZN3ros8DurationmLEd,"ax",%progbits
 214              		.align	2
 215              		.p2align 4,,15
 216              		.global	_ZN3ros8DurationmLEd
 217              		.thumb
 218              		.thumb_func
 219              		.type	_ZN3ros8DurationmLEd, %function
 220              	_ZN3ros8DurationmLEd:
 221              	.LFB11:
 222              		.loc 1 74 0
 223              		.cfi_startproc
 224              		@ args = 0, pretend = 0, frame = 16
 225              		@ frame_needed = 0, uses_anonymous_args = 0
 226 0000 00B5     		push	{lr}
 227              		.cfi_def_cfa_offset 4
ARM GAS  /tmp/ccYw8YeE.s 			page 5


 228              		.cfi_offset 14, -4
 229 0002 85B0     		sub	sp, sp, #20
 230              		.cfi_def_cfa_offset 24
 231 0004 0390     		str	r0, [sp, #12]
 232 0006 8DED000B 		fstd	d0, [sp]
 233              		.loc 1 75 0
 234 000a 039B     		ldr	r3, [sp, #12]
 235 000c 1B68     		ldr	r3, [r3]
 236 000e 1846     		mov	r0, r3
 237 0010 FFF7FEFF 		bl	__aeabi_i2d
 238 0014 0246     		mov	r2, r0
 239 0016 0B46     		mov	r3, r1
 240 0018 1046     		mov	r0, r2
 241 001a 1946     		mov	r1, r3
 242 001c DDE90023 		ldrd	r2, [sp]
 243 0020 FFF7FEFF 		bl	__aeabi_dmul
 244 0024 0246     		mov	r2, r0
 245 0026 0B46     		mov	r3, r1
 246 0028 1046     		mov	r0, r2
 247 002a 1946     		mov	r1, r3
 248 002c FFF7FEFF 		bl	__aeabi_d2iz
 249 0030 0246     		mov	r2, r0
 250 0032 039B     		ldr	r3, [sp, #12]
 251 0034 1A60     		str	r2, [r3]
 252              		.loc 1 76 0
 253 0036 039B     		ldr	r3, [sp, #12]
 254 0038 5B68     		ldr	r3, [r3, #4]
 255 003a 1846     		mov	r0, r3
 256 003c FFF7FEFF 		bl	__aeabi_i2d
 257 0040 0246     		mov	r2, r0
 258 0042 0B46     		mov	r3, r1
 259 0044 1046     		mov	r0, r2
 260 0046 1946     		mov	r1, r3
 261 0048 DDE90023 		ldrd	r2, [sp]
 262 004c FFF7FEFF 		bl	__aeabi_dmul
 263 0050 0246     		mov	r2, r0
 264 0052 0B46     		mov	r3, r1
 265 0054 1046     		mov	r0, r2
 266 0056 1946     		mov	r1, r3
 267 0058 FFF7FEFF 		bl	__aeabi_d2iz
 268 005c 0246     		mov	r2, r0
 269 005e 039B     		ldr	r3, [sp, #12]
 270 0060 5A60     		str	r2, [r3, #4]
 271              		.loc 1 77 0
 272 0062 039A     		ldr	r2, [sp, #12]
 273 0064 039B     		ldr	r3, [sp, #12]
 274 0066 0433     		adds	r3, r3, #4
 275 0068 1046     		mov	r0, r2
 276 006a 1946     		mov	r1, r3
 277 006c FFF7FEFF 		bl	_ZN3ros22normalizeSecNSecSignedERlS0_
 278              		.loc 1 78 0
 279 0070 039B     		ldr	r3, [sp, #12]
 280              		.loc 1 79 0
 281 0072 1846     		mov	r0, r3
 282 0074 05B0     		add	sp, sp, #20
 283              		@ sp needed
 284 0076 5DF804FB 		ldr	pc, [sp], #4
ARM GAS  /tmp/ccYw8YeE.s 			page 6


 285              		.cfi_endproc
 286              	.LFE11:
 287              		.size	_ZN3ros8DurationmLEd, .-_ZN3ros8DurationmLEd
 288 007a 00BFAFF3 		.text
 288      0080
 289              	.Letext0:
 290              		.file 2 "ros_lib/ros/duration.h"
 291              		.section	.debug_info,"",%progbits
 292              	.Ldebug_info0:
 293 0000 DE020000 		.4byte	0x2de
 294 0004 0400     		.2byte	0x4
 295 0006 00000000 		.4byte	.Ldebug_abbrev0
 296 000a 04       		.byte	0x4
 297 000b 01       		.uleb128 0x1
 298 000c 96000000 		.4byte	.LASF30
 299 0010 04       		.byte	0x4
 300 0011 A3020000 		.4byte	.LASF31
 301 0015 37000000 		.4byte	.LASF32
 302 0019 00000000 		.4byte	.Ldebug_ranges0+0
 303 001d 00000000 		.4byte	0
 304 0021 00000000 		.4byte	.Ldebug_line0
 305 0025 02       		.uleb128 0x2
 306 0026 04       		.byte	0x4
 307 0027 05       		.byte	0x5
 308 0028 696E7400 		.ascii	"int\000"
 309 002c 03       		.uleb128 0x3
 310 002d 04       		.byte	0x4
 311 002e 07       		.byte	0x7
 312 002f 0A020000 		.4byte	.LASF0
 313 0033 03       		.uleb128 0x3
 314 0034 01       		.byte	0x1
 315 0035 06       		.byte	0x6
 316 0036 CA020000 		.4byte	.LASF1
 317 003a 03       		.uleb128 0x3
 318 003b 01       		.byte	0x1
 319 003c 08       		.byte	0x8
 320 003d FC010000 		.4byte	.LASF2
 321 0041 03       		.uleb128 0x3
 322 0042 02       		.byte	0x2
 323 0043 05       		.byte	0x5
 324 0044 77020000 		.4byte	.LASF3
 325 0048 03       		.uleb128 0x3
 326 0049 02       		.byte	0x2
 327 004a 07       		.byte	0x7
 328 004b B9010000 		.4byte	.LASF4
 329 004f 03       		.uleb128 0x3
 330 0050 04       		.byte	0x4
 331 0051 05       		.byte	0x5
 332 0052 9A020000 		.4byte	.LASF5
 333 0056 03       		.uleb128 0x3
 334 0057 04       		.byte	0x4
 335 0058 07       		.byte	0x7
 336 0059 84000000 		.4byte	.LASF6
 337 005d 03       		.uleb128 0x3
 338 005e 08       		.byte	0x8
 339 005f 05       		.byte	0x5
 340 0060 64020000 		.4byte	.LASF7
ARM GAS  /tmp/ccYw8YeE.s 			page 7


 341 0064 03       		.uleb128 0x3
 342 0065 08       		.byte	0x8
 343 0066 07       		.byte	0x7
 344 0067 2E020000 		.4byte	.LASF8
 345 006b 03       		.uleb128 0x3
 346 006c 04       		.byte	0x4
 347 006d 07       		.byte	0x7
 348 006e 5B020000 		.4byte	.LASF9
 349 0072 03       		.uleb128 0x3
 350 0073 01       		.byte	0x1
 351 0074 08       		.byte	0x8
 352 0075 15000000 		.4byte	.LASF10
 353 0079 03       		.uleb128 0x3
 354 007a 08       		.byte	0x8
 355 007b 04       		.byte	0x4
 356 007c D6010000 		.4byte	.LASF11
 357 0080 03       		.uleb128 0x3
 358 0081 04       		.byte	0x4
 359 0082 04       		.byte	0x4
 360 0083 C4020000 		.4byte	.LASF12
 361 0087 03       		.uleb128 0x3
 362 0088 08       		.byte	0x8
 363 0089 04       		.byte	0x4
 364 008a B8020000 		.4byte	.LASF13
 365 008e 04       		.uleb128 0x4
 366 008f 726F7300 		.ascii	"ros\000"
 367 0093 02       		.byte	0x2
 368 0094 28       		.byte	0x28
 369 0095 BC010000 		.4byte	0x1bc
 370 0099 05       		.uleb128 0x5
 371 009a 1A000000 		.4byte	.LASF15
 372 009e 08       		.byte	0x8
 373 009f 02       		.byte	0x2
 374 00a0 2C       		.byte	0x2c
 375 00a1 A0010000 		.4byte	0x1a0
 376 00a5 06       		.uleb128 0x6
 377 00a6 73656300 		.ascii	"sec\000"
 378 00aa 02       		.byte	0x2
 379 00ab 2F       		.byte	0x2f
 380 00ac 4F000000 		.4byte	0x4f
 381 00b0 00       		.byte	0
 382 00b1 01       		.byte	0x1
 383 00b2 07       		.uleb128 0x7
 384 00b3 72020000 		.4byte	.LASF14
 385 00b7 02       		.byte	0x2
 386 00b8 2F       		.byte	0x2f
 387 00b9 4F000000 		.4byte	0x4f
 388 00bd 04       		.byte	0x4
 389 00be 01       		.byte	0x1
 390 00bf 08       		.uleb128 0x8
 391 00c0 1A000000 		.4byte	.LASF15
 392 00c4 02       		.byte	0x2
 393 00c5 31       		.byte	0x31
 394 00c6 BC010000 		.4byte	0x1bc
 395 00ca 01       		.byte	0x1
 396 00cb D3000000 		.4byte	0xd3
 397 00cf D9000000 		.4byte	0xd9
ARM GAS  /tmp/ccYw8YeE.s 			page 8


 398 00d3 09       		.uleb128 0x9
 399 00d4 BC010000 		.4byte	0x1bc
 400 00d8 00       		.byte	0
 401 00d9 08       		.uleb128 0x8
 402 00da 1A000000 		.4byte	.LASF15
 403 00de 02       		.byte	0x2
 404 00df 32       		.byte	0x32
 405 00e0 BC010000 		.4byte	0x1bc
 406 00e4 01       		.byte	0x1
 407 00e5 ED000000 		.4byte	0xed
 408 00e9 FD000000 		.4byte	0xfd
 409 00ed 09       		.uleb128 0x9
 410 00ee BC010000 		.4byte	0x1bc
 411 00f2 0A       		.uleb128 0xa
 412 00f3 4F000000 		.4byte	0x4f
 413 00f7 0A       		.uleb128 0xa
 414 00f8 4F000000 		.4byte	0x4f
 415 00fc 00       		.byte	0
 416 00fd 0B       		.uleb128 0xb
 417 00fe DD010000 		.4byte	.LASF17
 418 0102 02       		.byte	0x2
 419 0103 37       		.byte	0x37
 420 0104 FC020000 		.4byte	.LASF19
 421 0108 79000000 		.4byte	0x79
 422 010c 01       		.byte	0x1
 423 010d 15010000 		.4byte	0x115
 424 0111 1B010000 		.4byte	0x11b
 425 0115 09       		.uleb128 0x9
 426 0116 C2010000 		.4byte	0x1c2
 427 011a 00       		.byte	0
 428 011b 0C       		.uleb128 0xc
 429 011c 77000000 		.4byte	.LASF16
 430 0120 02       		.byte	0x2
 431 0121 38       		.byte	0x38
 432 0122 56000000 		.4byte	.LASF24
 433 0126 01       		.byte	0x1
 434 0127 2F010000 		.4byte	0x12f
 435 012b 3A010000 		.4byte	0x13a
 436 012f 09       		.uleb128 0x9
 437 0130 BC010000 		.4byte	0x1bc
 438 0134 0A       		.uleb128 0xa
 439 0135 79000000 		.4byte	0x79
 440 0139 00       		.byte	0
 441 013a 0B       		.uleb128 0xb
 442 013b 45020000 		.4byte	.LASF18
 443 013f 02       		.byte	0x2
 444 0140 3A       		.byte	0x3a
 445 0141 E3010000 		.4byte	.LASF20
 446 0145 C8010000 		.4byte	0x1c8
 447 0149 01       		.byte	0x1
 448 014a 52010000 		.4byte	0x152
 449 014e 5D010000 		.4byte	0x15d
 450 0152 09       		.uleb128 0x9
 451 0153 BC010000 		.4byte	0x1bc
 452 0157 0A       		.uleb128 0xa
 453 0158 CE010000 		.4byte	0x1ce
 454 015c 00       		.byte	0
ARM GAS  /tmp/ccYw8YeE.s 			page 9


 455 015d 0B       		.uleb128 0xb
 456 015e 50020000 		.4byte	.LASF21
 457 0162 02       		.byte	0x2
 458 0163 3B       		.byte	0x3b
 459 0164 81020000 		.4byte	.LASF22
 460 0168 C8010000 		.4byte	0x1c8
 461 016c 01       		.byte	0x1
 462 016d 75010000 		.4byte	0x175
 463 0171 80010000 		.4byte	0x180
 464 0175 09       		.uleb128 0x9
 465 0176 BC010000 		.4byte	0x1bc
 466 017a 0A       		.uleb128 0xa
 467 017b CE010000 		.4byte	0x1ce
 468 017f 00       		.byte	0
 469 0180 0D       		.uleb128 0xd
 470 0181 2C000000 		.4byte	.LASF23
 471 0185 02       		.byte	0x2
 472 0186 3C       		.byte	0x3c
 473 0187 00000000 		.4byte	.LASF25
 474 018b C8010000 		.4byte	0x1c8
 475 018f 01       		.byte	0x1
 476 0190 94010000 		.4byte	0x194
 477 0194 09       		.uleb128 0x9
 478 0195 BC010000 		.4byte	0x1bc
 479 0199 0A       		.uleb128 0xa
 480 019a 79000000 		.4byte	0x79
 481 019e 00       		.byte	0
 482 019f 00       		.byte	0
 483 01a0 0E       		.uleb128 0xe
 484 01a1 99000000 		.4byte	0x99
 485 01a5 0F       		.uleb128 0xf
 486 01a6 17020000 		.4byte	.LASF33
 487 01aa 01       		.byte	0x1
 488 01ab 28       		.byte	0x28
 489 01ac D6020000 		.4byte	.LASF34
 490 01b0 0A       		.uleb128 0xa
 491 01b1 D4010000 		.4byte	0x1d4
 492 01b5 0A       		.uleb128 0xa
 493 01b6 D4010000 		.4byte	0x1d4
 494 01ba 00       		.byte	0
 495 01bb 00       		.byte	0
 496 01bc 10       		.uleb128 0x10
 497 01bd 04       		.byte	0x4
 498 01be 99000000 		.4byte	0x99
 499 01c2 10       		.uleb128 0x10
 500 01c3 04       		.byte	0x4
 501 01c4 A0010000 		.4byte	0x1a0
 502 01c8 11       		.uleb128 0x11
 503 01c9 04       		.byte	0x4
 504 01ca 99000000 		.4byte	0x99
 505 01ce 11       		.uleb128 0x11
 506 01cf 04       		.byte	0x4
 507 01d0 A0010000 		.4byte	0x1a0
 508 01d4 11       		.uleb128 0x11
 509 01d5 04       		.byte	0x4
 510 01d6 4F000000 		.4byte	0x4f
 511 01da 12       		.uleb128 0x12
ARM GAS  /tmp/ccYw8YeE.s 			page 10


 512 01db A5010000 		.4byte	0x1a5
 513 01df 00000000 		.4byte	.LFB8
 514 01e3 58000000 		.4byte	.LFE8-.LFB8
 515 01e7 01       		.uleb128 0x1
 516 01e8 9C       		.byte	0x9c
 517 01e9 30020000 		.4byte	0x230
 518 01ed 13       		.uleb128 0x13
 519 01ee 73656300 		.ascii	"sec\000"
 520 01f2 01       		.byte	0x1
 521 01f3 28       		.byte	0x28
 522 01f4 30020000 		.4byte	0x230
 523 01f8 02       		.uleb128 0x2
 524 01f9 91       		.byte	0x91
 525 01fa 74       		.sleb128 -12
 526 01fb 14       		.uleb128 0x14
 527 01fc 72020000 		.4byte	.LASF14
 528 0200 01       		.byte	0x1
 529 0201 28       		.byte	0x28
 530 0202 35020000 		.4byte	0x235
 531 0206 02       		.uleb128 0x2
 532 0207 91       		.byte	0x91
 533 0208 70       		.sleb128 -16
 534 0209 15       		.uleb128 0x15
 535 020a 06000000 		.4byte	.LBB2
 536 020e 46000000 		.4byte	.LBE2-.LBB2
 537 0212 16       		.uleb128 0x16
 538 0213 CC010000 		.4byte	.LASF26
 539 0217 01       		.byte	0x1
 540 0218 2A       		.byte	0x2a
 541 0219 4F000000 		.4byte	0x4f
 542 021d 02       		.uleb128 0x2
 543 021e 91       		.byte	0x91
 544 021f 7C       		.sleb128 -4
 545 0220 16       		.uleb128 0x16
 546 0221 23000000 		.4byte	.LASF27
 547 0225 01       		.byte	0x1
 548 0226 2B       		.byte	0x2b
 549 0227 4F000000 		.4byte	0x4f
 550 022b 02       		.uleb128 0x2
 551 022c 91       		.byte	0x91
 552 022d 78       		.sleb128 -8
 553 022e 00       		.byte	0
 554 022f 00       		.byte	0
 555 0230 0E       		.uleb128 0xe
 556 0231 D4010000 		.4byte	0x1d4
 557 0235 0E       		.uleb128 0xe
 558 0236 D4010000 		.4byte	0x1d4
 559 023a 17       		.uleb128 0x17
 560 023b 3A010000 		.4byte	0x13a
 561 023f 01       		.byte	0x1
 562 0240 3B       		.byte	0x3b
 563 0241 00000000 		.4byte	.LFB9
 564 0245 3C000000 		.4byte	.LFE9-.LFB9
 565 0249 01       		.uleb128 0x1
 566 024a 9C       		.byte	0x9c
 567 024b 53020000 		.4byte	0x253
 568 024f 6E020000 		.4byte	0x26e
ARM GAS  /tmp/ccYw8YeE.s 			page 11


 569 0253 18       		.uleb128 0x18
 570 0254 7F000000 		.4byte	.LASF28
 571 0258 6E020000 		.4byte	0x26e
 572 025c 02       		.uleb128 0x2
 573 025d 91       		.byte	0x91
 574 025e 74       		.sleb128 -12
 575 025f 13       		.uleb128 0x13
 576 0260 72687300 		.ascii	"rhs\000"
 577 0264 01       		.byte	0x1
 578 0265 3B       		.byte	0x3b
 579 0266 73020000 		.4byte	0x273
 580 026a 02       		.uleb128 0x2
 581 026b 91       		.byte	0x91
 582 026c 70       		.sleb128 -16
 583 026d 00       		.byte	0
 584 026e 0E       		.uleb128 0xe
 585 026f BC010000 		.4byte	0x1bc
 586 0273 0E       		.uleb128 0xe
 587 0274 CE010000 		.4byte	0x1ce
 588 0278 17       		.uleb128 0x17
 589 0279 5D010000 		.4byte	0x15d
 590 027d 01       		.byte	0x1
 591 027e 43       		.byte	0x43
 592 027f 00000000 		.4byte	.LFB10
 593 0283 3C000000 		.4byte	.LFE10-.LFB10
 594 0287 01       		.uleb128 0x1
 595 0288 9C       		.byte	0x9c
 596 0289 91020000 		.4byte	0x291
 597 028d AC020000 		.4byte	0x2ac
 598 0291 18       		.uleb128 0x18
 599 0292 7F000000 		.4byte	.LASF28
 600 0296 6E020000 		.4byte	0x26e
 601 029a 02       		.uleb128 0x2
 602 029b 91       		.byte	0x91
 603 029c 74       		.sleb128 -12
 604 029d 13       		.uleb128 0x13
 605 029e 72687300 		.ascii	"rhs\000"
 606 02a2 01       		.byte	0x1
 607 02a3 43       		.byte	0x43
 608 02a4 AC020000 		.4byte	0x2ac
 609 02a8 02       		.uleb128 0x2
 610 02a9 91       		.byte	0x91
 611 02aa 70       		.sleb128 -16
 612 02ab 00       		.byte	0
 613 02ac 0E       		.uleb128 0xe
 614 02ad CE010000 		.4byte	0x1ce
 615 02b1 19       		.uleb128 0x19
 616 02b2 80010000 		.4byte	0x180
 617 02b6 01       		.byte	0x1
 618 02b7 4A       		.byte	0x4a
 619 02b8 00000000 		.4byte	.LFB11
 620 02bc 7A000000 		.4byte	.LFE11-.LFB11
 621 02c0 01       		.uleb128 0x1
 622 02c1 9C       		.byte	0x9c
 623 02c2 C6020000 		.4byte	0x2c6
 624 02c6 18       		.uleb128 0x18
 625 02c7 7F000000 		.4byte	.LASF28
ARM GAS  /tmp/ccYw8YeE.s 			page 12


 626 02cb 6E020000 		.4byte	0x26e
 627 02cf 02       		.uleb128 0x2
 628 02d0 91       		.byte	0x91
 629 02d1 74       		.sleb128 -12
 630 02d2 14       		.uleb128 0x14
 631 02d3 71000000 		.4byte	.LASF29
 632 02d7 01       		.byte	0x1
 633 02d8 4A       		.byte	0x4a
 634 02d9 79000000 		.4byte	0x79
 635 02dd 02       		.uleb128 0x2
 636 02de 91       		.byte	0x91
 637 02df 68       		.sleb128 -24
 638 02e0 00       		.byte	0
 639 02e1 00       		.byte	0
 640              		.section	.debug_abbrev,"",%progbits
 641              	.Ldebug_abbrev0:
 642 0000 01       		.uleb128 0x1
 643 0001 11       		.uleb128 0x11
 644 0002 01       		.byte	0x1
 645 0003 25       		.uleb128 0x25
 646 0004 0E       		.uleb128 0xe
 647 0005 13       		.uleb128 0x13
 648 0006 0B       		.uleb128 0xb
 649 0007 03       		.uleb128 0x3
 650 0008 0E       		.uleb128 0xe
 651 0009 1B       		.uleb128 0x1b
 652 000a 0E       		.uleb128 0xe
 653 000b 55       		.uleb128 0x55
 654 000c 17       		.uleb128 0x17
 655 000d 11       		.uleb128 0x11
 656 000e 01       		.uleb128 0x1
 657 000f 10       		.uleb128 0x10
 658 0010 17       		.uleb128 0x17
 659 0011 00       		.byte	0
 660 0012 00       		.byte	0
 661 0013 02       		.uleb128 0x2
 662 0014 24       		.uleb128 0x24
 663 0015 00       		.byte	0
 664 0016 0B       		.uleb128 0xb
 665 0017 0B       		.uleb128 0xb
 666 0018 3E       		.uleb128 0x3e
 667 0019 0B       		.uleb128 0xb
 668 001a 03       		.uleb128 0x3
 669 001b 08       		.uleb128 0x8
 670 001c 00       		.byte	0
 671 001d 00       		.byte	0
 672 001e 03       		.uleb128 0x3
 673 001f 24       		.uleb128 0x24
 674 0020 00       		.byte	0
 675 0021 0B       		.uleb128 0xb
 676 0022 0B       		.uleb128 0xb
 677 0023 3E       		.uleb128 0x3e
 678 0024 0B       		.uleb128 0xb
 679 0025 03       		.uleb128 0x3
 680 0026 0E       		.uleb128 0xe
 681 0027 00       		.byte	0
 682 0028 00       		.byte	0
ARM GAS  /tmp/ccYw8YeE.s 			page 13


 683 0029 04       		.uleb128 0x4
 684 002a 39       		.uleb128 0x39
 685 002b 01       		.byte	0x1
 686 002c 03       		.uleb128 0x3
 687 002d 08       		.uleb128 0x8
 688 002e 3A       		.uleb128 0x3a
 689 002f 0B       		.uleb128 0xb
 690 0030 3B       		.uleb128 0x3b
 691 0031 0B       		.uleb128 0xb
 692 0032 01       		.uleb128 0x1
 693 0033 13       		.uleb128 0x13
 694 0034 00       		.byte	0
 695 0035 00       		.byte	0
 696 0036 05       		.uleb128 0x5
 697 0037 02       		.uleb128 0x2
 698 0038 01       		.byte	0x1
 699 0039 03       		.uleb128 0x3
 700 003a 0E       		.uleb128 0xe
 701 003b 0B       		.uleb128 0xb
 702 003c 0B       		.uleb128 0xb
 703 003d 3A       		.uleb128 0x3a
 704 003e 0B       		.uleb128 0xb
 705 003f 3B       		.uleb128 0x3b
 706 0040 0B       		.uleb128 0xb
 707 0041 01       		.uleb128 0x1
 708 0042 13       		.uleb128 0x13
 709 0043 00       		.byte	0
 710 0044 00       		.byte	0
 711 0045 06       		.uleb128 0x6
 712 0046 0D       		.uleb128 0xd
 713 0047 00       		.byte	0
 714 0048 03       		.uleb128 0x3
 715 0049 08       		.uleb128 0x8
 716 004a 3A       		.uleb128 0x3a
 717 004b 0B       		.uleb128 0xb
 718 004c 3B       		.uleb128 0x3b
 719 004d 0B       		.uleb128 0xb
 720 004e 49       		.uleb128 0x49
 721 004f 13       		.uleb128 0x13
 722 0050 38       		.uleb128 0x38
 723 0051 0B       		.uleb128 0xb
 724 0052 32       		.uleb128 0x32
 725 0053 0B       		.uleb128 0xb
 726 0054 00       		.byte	0
 727 0055 00       		.byte	0
 728 0056 07       		.uleb128 0x7
 729 0057 0D       		.uleb128 0xd
 730 0058 00       		.byte	0
 731 0059 03       		.uleb128 0x3
 732 005a 0E       		.uleb128 0xe
 733 005b 3A       		.uleb128 0x3a
 734 005c 0B       		.uleb128 0xb
 735 005d 3B       		.uleb128 0x3b
 736 005e 0B       		.uleb128 0xb
 737 005f 49       		.uleb128 0x49
 738 0060 13       		.uleb128 0x13
 739 0061 38       		.uleb128 0x38
ARM GAS  /tmp/ccYw8YeE.s 			page 14


 740 0062 0B       		.uleb128 0xb
 741 0063 32       		.uleb128 0x32
 742 0064 0B       		.uleb128 0xb
 743 0065 00       		.byte	0
 744 0066 00       		.byte	0
 745 0067 08       		.uleb128 0x8
 746 0068 2E       		.uleb128 0x2e
 747 0069 01       		.byte	0x1
 748 006a 3F       		.uleb128 0x3f
 749 006b 19       		.uleb128 0x19
 750 006c 03       		.uleb128 0x3
 751 006d 0E       		.uleb128 0xe
 752 006e 3A       		.uleb128 0x3a
 753 006f 0B       		.uleb128 0xb
 754 0070 3B       		.uleb128 0x3b
 755 0071 0B       		.uleb128 0xb
 756 0072 49       		.uleb128 0x49
 757 0073 13       		.uleb128 0x13
 758 0074 32       		.uleb128 0x32
 759 0075 0B       		.uleb128 0xb
 760 0076 3C       		.uleb128 0x3c
 761 0077 19       		.uleb128 0x19
 762 0078 64       		.uleb128 0x64
 763 0079 13       		.uleb128 0x13
 764 007a 01       		.uleb128 0x1
 765 007b 13       		.uleb128 0x13
 766 007c 00       		.byte	0
 767 007d 00       		.byte	0
 768 007e 09       		.uleb128 0x9
 769 007f 05       		.uleb128 0x5
 770 0080 00       		.byte	0
 771 0081 49       		.uleb128 0x49
 772 0082 13       		.uleb128 0x13
 773 0083 34       		.uleb128 0x34
 774 0084 19       		.uleb128 0x19
 775 0085 00       		.byte	0
 776 0086 00       		.byte	0
 777 0087 0A       		.uleb128 0xa
 778 0088 05       		.uleb128 0x5
 779 0089 00       		.byte	0
 780 008a 49       		.uleb128 0x49
 781 008b 13       		.uleb128 0x13
 782 008c 00       		.byte	0
 783 008d 00       		.byte	0
 784 008e 0B       		.uleb128 0xb
 785 008f 2E       		.uleb128 0x2e
 786 0090 01       		.byte	0x1
 787 0091 3F       		.uleb128 0x3f
 788 0092 19       		.uleb128 0x19
 789 0093 03       		.uleb128 0x3
 790 0094 0E       		.uleb128 0xe
 791 0095 3A       		.uleb128 0x3a
 792 0096 0B       		.uleb128 0xb
 793 0097 3B       		.uleb128 0x3b
 794 0098 0B       		.uleb128 0xb
 795 0099 6E       		.uleb128 0x6e
 796 009a 0E       		.uleb128 0xe
ARM GAS  /tmp/ccYw8YeE.s 			page 15


 797 009b 49       		.uleb128 0x49
 798 009c 13       		.uleb128 0x13
 799 009d 32       		.uleb128 0x32
 800 009e 0B       		.uleb128 0xb
 801 009f 3C       		.uleb128 0x3c
 802 00a0 19       		.uleb128 0x19
 803 00a1 64       		.uleb128 0x64
 804 00a2 13       		.uleb128 0x13
 805 00a3 01       		.uleb128 0x1
 806 00a4 13       		.uleb128 0x13
 807 00a5 00       		.byte	0
 808 00a6 00       		.byte	0
 809 00a7 0C       		.uleb128 0xc
 810 00a8 2E       		.uleb128 0x2e
 811 00a9 01       		.byte	0x1
 812 00aa 3F       		.uleb128 0x3f
 813 00ab 19       		.uleb128 0x19
 814 00ac 03       		.uleb128 0x3
 815 00ad 0E       		.uleb128 0xe
 816 00ae 3A       		.uleb128 0x3a
 817 00af 0B       		.uleb128 0xb
 818 00b0 3B       		.uleb128 0x3b
 819 00b1 0B       		.uleb128 0xb
 820 00b2 6E       		.uleb128 0x6e
 821 00b3 0E       		.uleb128 0xe
 822 00b4 32       		.uleb128 0x32
 823 00b5 0B       		.uleb128 0xb
 824 00b6 3C       		.uleb128 0x3c
 825 00b7 19       		.uleb128 0x19
 826 00b8 64       		.uleb128 0x64
 827 00b9 13       		.uleb128 0x13
 828 00ba 01       		.uleb128 0x1
 829 00bb 13       		.uleb128 0x13
 830 00bc 00       		.byte	0
 831 00bd 00       		.byte	0
 832 00be 0D       		.uleb128 0xd
 833 00bf 2E       		.uleb128 0x2e
 834 00c0 01       		.byte	0x1
 835 00c1 3F       		.uleb128 0x3f
 836 00c2 19       		.uleb128 0x19
 837 00c3 03       		.uleb128 0x3
 838 00c4 0E       		.uleb128 0xe
 839 00c5 3A       		.uleb128 0x3a
 840 00c6 0B       		.uleb128 0xb
 841 00c7 3B       		.uleb128 0x3b
 842 00c8 0B       		.uleb128 0xb
 843 00c9 6E       		.uleb128 0x6e
 844 00ca 0E       		.uleb128 0xe
 845 00cb 49       		.uleb128 0x49
 846 00cc 13       		.uleb128 0x13
 847 00cd 32       		.uleb128 0x32
 848 00ce 0B       		.uleb128 0xb
 849 00cf 3C       		.uleb128 0x3c
 850 00d0 19       		.uleb128 0x19
 851 00d1 64       		.uleb128 0x64
 852 00d2 13       		.uleb128 0x13
 853 00d3 00       		.byte	0
ARM GAS  /tmp/ccYw8YeE.s 			page 16


 854 00d4 00       		.byte	0
 855 00d5 0E       		.uleb128 0xe
 856 00d6 26       		.uleb128 0x26
 857 00d7 00       		.byte	0
 858 00d8 49       		.uleb128 0x49
 859 00d9 13       		.uleb128 0x13
 860 00da 00       		.byte	0
 861 00db 00       		.byte	0
 862 00dc 0F       		.uleb128 0xf
 863 00dd 2E       		.uleb128 0x2e
 864 00de 01       		.byte	0x1
 865 00df 3F       		.uleb128 0x3f
 866 00e0 19       		.uleb128 0x19
 867 00e1 03       		.uleb128 0x3
 868 00e2 0E       		.uleb128 0xe
 869 00e3 3A       		.uleb128 0x3a
 870 00e4 0B       		.uleb128 0xb
 871 00e5 3B       		.uleb128 0x3b
 872 00e6 0B       		.uleb128 0xb
 873 00e7 6E       		.uleb128 0x6e
 874 00e8 0E       		.uleb128 0xe
 875 00e9 3C       		.uleb128 0x3c
 876 00ea 19       		.uleb128 0x19
 877 00eb 00       		.byte	0
 878 00ec 00       		.byte	0
 879 00ed 10       		.uleb128 0x10
 880 00ee 0F       		.uleb128 0xf
 881 00ef 00       		.byte	0
 882 00f0 0B       		.uleb128 0xb
 883 00f1 0B       		.uleb128 0xb
 884 00f2 49       		.uleb128 0x49
 885 00f3 13       		.uleb128 0x13
 886 00f4 00       		.byte	0
 887 00f5 00       		.byte	0
 888 00f6 11       		.uleb128 0x11
 889 00f7 10       		.uleb128 0x10
 890 00f8 00       		.byte	0
 891 00f9 0B       		.uleb128 0xb
 892 00fa 0B       		.uleb128 0xb
 893 00fb 49       		.uleb128 0x49
 894 00fc 13       		.uleb128 0x13
 895 00fd 00       		.byte	0
 896 00fe 00       		.byte	0
 897 00ff 12       		.uleb128 0x12
 898 0100 2E       		.uleb128 0x2e
 899 0101 01       		.byte	0x1
 900 0102 47       		.uleb128 0x47
 901 0103 13       		.uleb128 0x13
 902 0104 11       		.uleb128 0x11
 903 0105 01       		.uleb128 0x1
 904 0106 12       		.uleb128 0x12
 905 0107 06       		.uleb128 0x6
 906 0108 40       		.uleb128 0x40
 907 0109 18       		.uleb128 0x18
 908 010a 9742     		.uleb128 0x2117
 909 010c 19       		.uleb128 0x19
 910 010d 01       		.uleb128 0x1
ARM GAS  /tmp/ccYw8YeE.s 			page 17


 911 010e 13       		.uleb128 0x13
 912 010f 00       		.byte	0
 913 0110 00       		.byte	0
 914 0111 13       		.uleb128 0x13
 915 0112 05       		.uleb128 0x5
 916 0113 00       		.byte	0
 917 0114 03       		.uleb128 0x3
 918 0115 08       		.uleb128 0x8
 919 0116 3A       		.uleb128 0x3a
 920 0117 0B       		.uleb128 0xb
 921 0118 3B       		.uleb128 0x3b
 922 0119 0B       		.uleb128 0xb
 923 011a 49       		.uleb128 0x49
 924 011b 13       		.uleb128 0x13
 925 011c 02       		.uleb128 0x2
 926 011d 18       		.uleb128 0x18
 927 011e 00       		.byte	0
 928 011f 00       		.byte	0
 929 0120 14       		.uleb128 0x14
 930 0121 05       		.uleb128 0x5
 931 0122 00       		.byte	0
 932 0123 03       		.uleb128 0x3
 933 0124 0E       		.uleb128 0xe
 934 0125 3A       		.uleb128 0x3a
 935 0126 0B       		.uleb128 0xb
 936 0127 3B       		.uleb128 0x3b
 937 0128 0B       		.uleb128 0xb
 938 0129 49       		.uleb128 0x49
 939 012a 13       		.uleb128 0x13
 940 012b 02       		.uleb128 0x2
 941 012c 18       		.uleb128 0x18
 942 012d 00       		.byte	0
 943 012e 00       		.byte	0
 944 012f 15       		.uleb128 0x15
 945 0130 0B       		.uleb128 0xb
 946 0131 01       		.byte	0x1
 947 0132 11       		.uleb128 0x11
 948 0133 01       		.uleb128 0x1
 949 0134 12       		.uleb128 0x12
 950 0135 06       		.uleb128 0x6
 951 0136 00       		.byte	0
 952 0137 00       		.byte	0
 953 0138 16       		.uleb128 0x16
 954 0139 34       		.uleb128 0x34
 955 013a 00       		.byte	0
 956 013b 03       		.uleb128 0x3
 957 013c 0E       		.uleb128 0xe
 958 013d 3A       		.uleb128 0x3a
 959 013e 0B       		.uleb128 0xb
 960 013f 3B       		.uleb128 0x3b
 961 0140 0B       		.uleb128 0xb
 962 0141 49       		.uleb128 0x49
 963 0142 13       		.uleb128 0x13
 964 0143 02       		.uleb128 0x2
 965 0144 18       		.uleb128 0x18
 966 0145 00       		.byte	0
 967 0146 00       		.byte	0
ARM GAS  /tmp/ccYw8YeE.s 			page 18


 968 0147 17       		.uleb128 0x17
 969 0148 2E       		.uleb128 0x2e
 970 0149 01       		.byte	0x1
 971 014a 47       		.uleb128 0x47
 972 014b 13       		.uleb128 0x13
 973 014c 3A       		.uleb128 0x3a
 974 014d 0B       		.uleb128 0xb
 975 014e 3B       		.uleb128 0x3b
 976 014f 0B       		.uleb128 0xb
 977 0150 11       		.uleb128 0x11
 978 0151 01       		.uleb128 0x1
 979 0152 12       		.uleb128 0x12
 980 0153 06       		.uleb128 0x6
 981 0154 40       		.uleb128 0x40
 982 0155 18       		.uleb128 0x18
 983 0156 64       		.uleb128 0x64
 984 0157 13       		.uleb128 0x13
 985 0158 9642     		.uleb128 0x2116
 986 015a 19       		.uleb128 0x19
 987 015b 01       		.uleb128 0x1
 988 015c 13       		.uleb128 0x13
 989 015d 00       		.byte	0
 990 015e 00       		.byte	0
 991 015f 18       		.uleb128 0x18
 992 0160 05       		.uleb128 0x5
 993 0161 00       		.byte	0
 994 0162 03       		.uleb128 0x3
 995 0163 0E       		.uleb128 0xe
 996 0164 49       		.uleb128 0x49
 997 0165 13       		.uleb128 0x13
 998 0166 34       		.uleb128 0x34
 999 0167 19       		.uleb128 0x19
 1000 0168 02       		.uleb128 0x2
 1001 0169 18       		.uleb128 0x18
 1002 016a 00       		.byte	0
 1003 016b 00       		.byte	0
 1004 016c 19       		.uleb128 0x19
 1005 016d 2E       		.uleb128 0x2e
 1006 016e 01       		.byte	0x1
 1007 016f 47       		.uleb128 0x47
 1008 0170 13       		.uleb128 0x13
 1009 0171 3A       		.uleb128 0x3a
 1010 0172 0B       		.uleb128 0xb
 1011 0173 3B       		.uleb128 0x3b
 1012 0174 0B       		.uleb128 0xb
 1013 0175 11       		.uleb128 0x11
 1014 0176 01       		.uleb128 0x1
 1015 0177 12       		.uleb128 0x12
 1016 0178 06       		.uleb128 0x6
 1017 0179 40       		.uleb128 0x40
 1018 017a 18       		.uleb128 0x18
 1019 017b 64       		.uleb128 0x64
 1020 017c 13       		.uleb128 0x13
 1021 017d 9642     		.uleb128 0x2116
 1022 017f 19       		.uleb128 0x19
 1023 0180 00       		.byte	0
 1024 0181 00       		.byte	0
ARM GAS  /tmp/ccYw8YeE.s 			page 19


 1025 0182 00       		.byte	0
 1026              		.section	.debug_aranges,"",%progbits
 1027 0000 34000000 		.4byte	0x34
 1028 0004 0200     		.2byte	0x2
 1029 0006 00000000 		.4byte	.Ldebug_info0
 1030 000a 04       		.byte	0x4
 1031 000b 00       		.byte	0
 1032 000c 0000     		.2byte	0
 1033 000e 0000     		.2byte	0
 1034 0010 00000000 		.4byte	.LFB8
 1035 0014 58000000 		.4byte	.LFE8-.LFB8
 1036 0018 00000000 		.4byte	.LFB9
 1037 001c 3C000000 		.4byte	.LFE9-.LFB9
 1038 0020 00000000 		.4byte	.LFB10
 1039 0024 3C000000 		.4byte	.LFE10-.LFB10
 1040 0028 00000000 		.4byte	.LFB11
 1041 002c 7A000000 		.4byte	.LFE11-.LFB11
 1042 0030 00000000 		.4byte	0
 1043 0034 00000000 		.4byte	0
 1044              		.section	.debug_ranges,"",%progbits
 1045              	.Ldebug_ranges0:
 1046 0000 00000000 		.4byte	.LFB8
 1047 0004 58000000 		.4byte	.LFE8
 1048 0008 00000000 		.4byte	.LFB9
 1049 000c 3C000000 		.4byte	.LFE9
 1050 0010 00000000 		.4byte	.LFB10
 1051 0014 3C000000 		.4byte	.LFE10
 1052 0018 00000000 		.4byte	.LFB11
 1053 001c 7A000000 		.4byte	.LFE11
 1054 0020 00000000 		.4byte	0
 1055 0024 00000000 		.4byte	0
 1056              		.section	.debug_line,"",%progbits
 1057              	.Ldebug_line0:
 1058 0000 AF000000 		.section	.debug_str,"MS",%progbits,1
 1058      02004500 
 1058      00000201 
 1058      FB0E0D00 
 1058      01010101 
 1059              	.LASF25:
 1060 0000 5F5A4E33 		.ascii	"_ZN3ros8DurationmLEd\000"
 1060      726F7338 
 1060      44757261 
 1060      74696F6E 
 1060      6D4C4564 
 1061              	.LASF10:
 1062 0015 63686172 		.ascii	"char\000"
 1062      00
 1063              	.LASF15:
 1064 001a 44757261 		.ascii	"Duration\000"
 1064      74696F6E 
 1064      00
 1065              	.LASF27:
 1066 0023 7365635F 		.ascii	"sec_part\000"
 1066      70617274 
 1066      00
 1067              	.LASF23:
 1068 002c 6F706572 		.ascii	"operator*=\000"
ARM GAS  /tmp/ccYw8YeE.s 			page 20


 1068      61746F72 
 1068      2A3D00
 1069              	.LASF32:
 1070 0037 2F686F6D 		.ascii	"/home/dave/workspace-demo/USB/\000"
 1070      652F6461 
 1070      76652F77 
 1070      6F726B73 
 1070      70616365 
 1071              	.LASF24:
 1072 0056 5F5A4E33 		.ascii	"_ZN3ros8Duration7fromSecEd\000"
 1072      726F7338 
 1072      44757261 
 1072      74696F6E 
 1072      3766726F 
 1073              	.LASF29:
 1074 0071 7363616C 		.ascii	"scale\000"
 1074      6500
 1075              	.LASF16:
 1076 0077 66726F6D 		.ascii	"fromSec\000"
 1076      53656300 
 1077              	.LASF28:
 1078 007f 74686973 		.ascii	"this\000"
 1078      00
 1079              	.LASF6:
 1080 0084 6C6F6E67 		.ascii	"long unsigned int\000"
 1080      20756E73 
 1080      69676E65 
 1080      6420696E 
 1080      7400
 1081              	.LASF30:
 1082 0096 474E5520 		.ascii	"GNU C++ 4.8.4 20141219 (release) -mcpu=cortex-m4 -m"
 1082      432B2B20 
 1082      342E382E 
 1082      34203230 
 1082      31343132 
 1083 00c9 666C6F61 		.ascii	"float-abi=hard -mfpu=fpv4-sp-d16 -mno-thumb-interwo"
 1083      742D6162 
 1083      693D6861 
 1083      7264202D 
 1083      6D667075 
 1084 00fc 726B202D 		.ascii	"rk -mthumb -ggdb -O0 -fomit-frame-pointer -falign-f"
 1084      6D746875 
 1084      6D62202D 
 1084      67676462 
 1084      202D4F30 
 1085 012f 756E6374 		.ascii	"unctions=16 -ffunction-sections -fdata-sections -fn"
 1085      696F6E73 
 1085      3D313620 
 1085      2D666675 
 1085      6E637469 
 1086 0162 6F2D636F 		.ascii	"o-common -fsingle-precision-constant -fno-rtti -fno"
 1086      6D6D6F6E 
 1086      202D6673 
 1086      696E676C 
 1086      652D7072 
 1087 0195 2D657863 		.ascii	"-exceptions -fno-threadsafe-statics\000"
 1087      65707469 
ARM GAS  /tmp/ccYw8YeE.s 			page 21


 1087      6F6E7320 
 1087      2D666E6F 
 1087      2D746872 
 1088              	.LASF4:
 1089 01b9 73686F72 		.ascii	"short unsigned int\000"
 1089      7420756E 
 1089      7369676E 
 1089      65642069 
 1089      6E7400
 1090              	.LASF26:
 1091 01cc 6E736563 		.ascii	"nsec_part\000"
 1091      5F706172 
 1091      7400
 1092              	.LASF11:
 1093 01d6 646F7562 		.ascii	"double\000"
 1093      6C6500
 1094              	.LASF17:
 1095 01dd 746F5365 		.ascii	"toSec\000"
 1095      6300
 1096              	.LASF20:
 1097 01e3 5F5A4E33 		.ascii	"_ZN3ros8DurationpLERKS0_\000"
 1097      726F7338 
 1097      44757261 
 1097      74696F6E 
 1097      704C4552 
 1098              	.LASF2:
 1099 01fc 756E7369 		.ascii	"unsigned char\000"
 1099      676E6564 
 1099      20636861 
 1099      7200
 1100              	.LASF0:
 1101 020a 756E7369 		.ascii	"unsigned int\000"
 1101      676E6564 
 1101      20696E74 
 1101      00
 1102              	.LASF33:
 1103 0217 6E6F726D 		.ascii	"normalizeSecNSecSigned\000"
 1103      616C697A 
 1103      65536563 
 1103      4E536563 
 1103      5369676E 
 1104              	.LASF8:
 1105 022e 6C6F6E67 		.ascii	"long long unsigned int\000"
 1105      206C6F6E 
 1105      6720756E 
 1105      7369676E 
 1105      65642069 
 1106              	.LASF18:
 1107 0245 6F706572 		.ascii	"operator+=\000"
 1107      61746F72 
 1107      2B3D00
 1108              	.LASF21:
 1109 0250 6F706572 		.ascii	"operator-=\000"
 1109      61746F72 
 1109      2D3D00
 1110              	.LASF9:
 1111 025b 73697A65 		.ascii	"sizetype\000"
ARM GAS  /tmp/ccYw8YeE.s 			page 22


 1111      74797065 
 1111      00
 1112              	.LASF7:
 1113 0264 6C6F6E67 		.ascii	"long long int\000"
 1113      206C6F6E 
 1113      6720696E 
 1113      7400
 1114              	.LASF14:
 1115 0272 6E736563 		.ascii	"nsec\000"
 1115      00
 1116              	.LASF3:
 1117 0277 73686F72 		.ascii	"short int\000"
 1117      7420696E 
 1117      7400
 1118              	.LASF22:
 1119 0281 5F5A4E33 		.ascii	"_ZN3ros8DurationmIERKS0_\000"
 1119      726F7338 
 1119      44757261 
 1119      74696F6E 
 1119      6D494552 
 1120              	.LASF5:
 1121 029a 6C6F6E67 		.ascii	"long int\000"
 1121      20696E74 
 1121      00
 1122              	.LASF31:
 1123 02a3 726F735F 		.ascii	"ros_lib/duration.cpp\000"
 1123      6C69622F 
 1123      64757261 
 1123      74696F6E 
 1123      2E637070 
 1124              	.LASF13:
 1125 02b8 6C6F6E67 		.ascii	"long double\000"
 1125      20646F75 
 1125      626C6500 
 1126              	.LASF12:
 1127 02c4 666C6F61 		.ascii	"float\000"
 1127      7400
 1128              	.LASF1:
 1129 02ca 7369676E 		.ascii	"signed char\000"
 1129      65642063 
 1129      68617200 
 1130              	.LASF34:
 1131 02d6 5F5A4E33 		.ascii	"_ZN3ros22normalizeSecNSecSignedERlS0_\000"
 1131      726F7332 
 1131      326E6F72 
 1131      6D616C69 
 1131      7A655365 
 1132              	.LASF19:
 1133 02fc 5F5A4E4B 		.ascii	"_ZNK3ros8Duration5toSecEv\000"
 1133      33726F73 
 1133      38447572 
 1133      6174696F 
 1133      6E35746F 
 1134              		.ident	"GCC: (4.8.4-1+11-1) 4.8.4 20141219 (release)"
ARM GAS  /tmp/ccYw8YeE.s 			page 23


DEFINED SYMBOLS
                            *ABS*:0000000000000000 duration.cpp
     /tmp/ccYw8YeE.s:21     .text._ZN3ros22normalizeSecNSecSignedERlS0_:0000000000000000 $t
     /tmp/ccYw8YeE.s:27     .text._ZN3ros22normalizeSecNSecSignedERlS0_:0000000000000000 _ZN3ros22normalizeSecNSecSignedERlS0_
     /tmp/ccYw8YeE.s:99     .text._ZN3ros22normalizeSecNSecSignedERlS0_:0000000000000050 $d
     /tmp/ccYw8YeE.s:105    .text._ZN3ros8DurationpLERKS0_:0000000000000000 $t
     /tmp/ccYw8YeE.s:111    .text._ZN3ros8DurationpLERKS0_:0000000000000000 _ZN3ros8DurationpLERKS0_
     /tmp/ccYw8YeE.s:158    .text._ZN3ros8DurationmIERKS0_:0000000000000000 $t
     /tmp/ccYw8YeE.s:164    .text._ZN3ros8DurationmIERKS0_:0000000000000000 _ZN3ros8DurationmIERKS0_
     /tmp/ccYw8YeE.s:214    .text._ZN3ros8DurationmLEd:0000000000000000 $t
     /tmp/ccYw8YeE.s:220    .text._ZN3ros8DurationmLEd:0000000000000000 _ZN3ros8DurationmLEd
                     .debug_frame:0000000000000010 $d
     /tmp/ccYw8YeE.s:104    .text._ZN3ros22normalizeSecNSecSignedERlS0_:0000000000000058 $t

UNDEFINED SYMBOLS
__aeabi_i2d
__aeabi_dmul
__aeabi_d2iz
