ARM GAS  /tmp/ccnWqada.s 			page 1


   1              		.syntax unified
   2              		.cpu cortex-m4
   3              		.eabi_attribute 27, 3
   4              		.eabi_attribute 28, 1
   5              		.fpu fpv4-sp-d16
   6              		.eabi_attribute 20, 1
   7              		.eabi_attribute 21, 1
   8              		.eabi_attribute 23, 3
   9              		.eabi_attribute 24, 1
  10              		.eabi_attribute 25, 1
  11              		.eabi_attribute 26, 1
  12              		.eabi_attribute 30, 6
  13              		.eabi_attribute 34, 1
  14              		.eabi_attribute 18, 4
  15              		.thumb
  16              		.file	"hal_lld.c"
  17              		.text
  18              	.Ltext0:
  19              		.cfi_sections	.debug_frame
  20              		.section	.text.hal_lld_backup_domain_init,"ax",%progbits
  21              		.align	2
  22              		.p2align 4,,15
  23              		.thumb
  24              		.thumb_func
  25              		.type	hal_lld_backup_domain_init, %function
  26              	hal_lld_backup_domain_init:
  27              	.LFB118:
  28              		.file 1 "/home/dave/r2p-sdk/core/ChibiOS/os/hal/platforms/STM32F30x/hal_lld.c"
  29              		.loc 1 49 0
  30              		.cfi_startproc
  31              		@ args = 0, pretend = 0, frame = 0
  32              		@ frame_needed = 0, uses_anonymous_args = 0
  33              		@ link register save eliminated.
  34              		.loc 1 52 0
  35 0000 094B     		ldr	r3, .L3
  36 0002 094A     		ldr	r2, .L3
  37 0004 1268     		ldr	r2, [r2]
  38 0006 42F48072 		orr	r2, r2, #256
  39 000a 1A60     		str	r2, [r3]
  40              		.loc 1 55 0
  41 000c 074B     		ldr	r3, .L3+4
  42 000e 1B6A     		ldr	r3, [r3, #32]
  43 0010 03F44073 		and	r3, r3, #768
  44 0014 002B     		cmp	r3, #0
  45 0016 06D0     		beq	.L1
  46              		.loc 1 57 0
  47 0018 044B     		ldr	r3, .L3+4
  48 001a 4FF48032 		mov	r2, #65536
  49 001e 1A62     		str	r2, [r3, #32]
  50              		.loc 1 58 0
  51 0020 024B     		ldr	r3, .L3+4
  52 0022 0022     		movs	r2, #0
  53 0024 1A62     		str	r2, [r3, #32]
  54              	.L1:
  55              		.loc 1 85 0
  56 0026 7047     		bx	lr
  57              	.L4:
ARM GAS  /tmp/ccnWqada.s 			page 2


  58              		.align	2
  59              	.L3:
  60 0028 00700040 		.word	1073770496
  61 002c 00100240 		.word	1073876992
  62              		.cfi_endproc
  63              	.LFE118:
  64              		.size	hal_lld_backup_domain_init, .-hal_lld_backup_domain_init
  65              		.section	.text.hal_lld_init,"ax",%progbits
  66              		.align	2
  67              		.p2align 4,,15
  68              		.global	hal_lld_init
  69              		.thumb
  70              		.thumb_func
  71              		.type	hal_lld_init, %function
  72              	hal_lld_init:
  73              	.LFB119:
  74              		.loc 1 100 0
  75              		.cfi_startproc
  76              		@ args = 0, pretend = 0, frame = 0
  77              		@ frame_needed = 0, uses_anonymous_args = 0
  78 0000 08B5     		push	{r3, lr}
  79              		.cfi_def_cfa_offset 8
  80              		.cfi_offset 3, -8
  81              		.cfi_offset 14, -4
  82              		.loc 1 103 0
  83 0002 234B     		ldr	r3, .L6
  84 0004 1B69     		ldr	r3, [r3, #16]
  85 0006 224B     		ldr	r3, .L6
  86 0008 4FF0FF32 		mov	r2, #-1
  87 000c 1A61     		str	r2, [r3, #16]
  88 000e 204B     		ldr	r3, .L6
  89 0010 0022     		movs	r2, #0
  90 0012 1A61     		str	r2, [r3, #16]
  91              		.loc 1 104 0
  92 0014 1E4B     		ldr	r3, .L6
  93 0016 DB68     		ldr	r3, [r3, #12]
  94 0018 1D4B     		ldr	r3, .L6
  95 001a 4FF0FF32 		mov	r2, #-1
  96 001e DA60     		str	r2, [r3, #12]
  97 0020 1B4B     		ldr	r3, .L6
  98 0022 0022     		movs	r2, #0
  99 0024 DA60     		str	r2, [r3, #12]
 100              		.loc 1 105 0
 101 0026 1A4B     		ldr	r3, .L6
 102 0028 9B6A     		ldr	r3, [r3, #40]
 103 002a 194B     		ldr	r3, .L6
 104 002c 4FF0FF32 		mov	r2, #-1
 105 0030 9A62     		str	r2, [r3, #40]
 106 0032 174B     		ldr	r3, .L6
 107 0034 0022     		movs	r2, #0
 108 0036 9A62     		str	r2, [r3, #40]
 109              		.loc 1 108 0
 110 0038 164B     		ldr	r3, .L6+4
 111 003a 174A     		ldr	r2, .L6+8
 112 003c 5A60     		str	r2, [r3, #4]
 113              		.loc 1 109 0
 114 003e 154B     		ldr	r3, .L6+4
ARM GAS  /tmp/ccnWqada.s 			page 3


 115 0040 0022     		movs	r2, #0
 116 0042 9A60     		str	r2, [r3, #8]
 117              		.loc 1 110 0
 118 0044 134B     		ldr	r3, .L6+4
 119 0046 0722     		movs	r2, #7
 120 0048 1A60     		str	r2, [r3]
 121              		.loc 1 115 0
 122 004a 144B     		ldr	r3, .L6+12
 123 004c 134A     		ldr	r2, .L6+12
 124 004e D268     		ldr	r2, [r2, #12]
 125 0050 42F08072 		orr	r2, r2, #16777216
 126 0054 DA60     		str	r2, [r3, #12]
 127              		.loc 1 116 0
 128 0056 124B     		ldr	r3, .L6+16
 129 0058 114A     		ldr	r2, .L6+16
 130 005a 1268     		ldr	r2, [r2]
 131 005c 42F00102 		orr	r2, r2, #1
 132 0060 1A60     		str	r2, [r3]
 133              		.loc 1 119 0
 134 0062 0B4B     		ldr	r3, .L6
 135 0064 0A4A     		ldr	r2, .L6
 136 0066 D269     		ldr	r2, [r2, #28]
 137 0068 42F08052 		orr	r2, r2, #268435456
 138 006c DA61     		str	r2, [r3, #28]
 139              		.loc 1 122 0
 140 006e FFF7FEFF 		bl	hal_lld_backup_domain_init
 141              		.loc 1 125 0
 142 0072 FFF7FEFF 		bl	dmaInit
 143              		.loc 1 135 0
 144 0076 064B     		ldr	r3, .L6
 145 0078 054A     		ldr	r2, .L6
 146 007a 9269     		ldr	r2, [r2, #24]
 147 007c 42F00102 		orr	r2, r2, #1
 148 0080 9A61     		str	r2, [r3, #24]
 149              		.loc 1 138 0
 150 0082 084B     		ldr	r3, .L6+20
 151 0084 074A     		ldr	r2, .L6+20
 152 0086 1268     		ldr	r2, [r2]
 153 0088 42F02002 		orr	r2, r2, #32
 154 008c 1A60     		str	r2, [r3]
 155              		.loc 1 139 0
 156 008e 08BD     		pop	{r3, pc}
 157              	.L7:
 158              		.align	2
 159              	.L6:
 160 0090 00100240 		.word	1073876992
 161 0094 10E000E0 		.word	-536813552
 162 0098 3F190100 		.word	71999
 163 009c F0ED00E0 		.word	-536810000
 164 00a0 001000E0 		.word	-536866816
 165 00a4 00000140 		.word	1073807360
 166              		.cfi_endproc
 167              	.LFE119:
 168              		.size	hal_lld_init, .-hal_lld_init
 169 00a8 AFF30080 		.section	.text.stm32_clock_init,"ax",%progbits
 169      AFF30080 
 170              		.align	2
ARM GAS  /tmp/ccnWqada.s 			page 4


 171              		.p2align 4,,15
 172              		.global	stm32_clock_init
 173              		.thumb
 174              		.thumb_func
 175              		.type	stm32_clock_init, %function
 176              	stm32_clock_init:
 177              	.LFB120:
 178              		.loc 1 148 0
 179              		.cfi_startproc
 180              		@ args = 0, pretend = 0, frame = 0
 181              		@ frame_needed = 0, uses_anonymous_args = 0
 182              		@ link register save eliminated.
 183              		.loc 1 153 0
 184 0000 284B     		ldr	r3, .L14
 185 0002 284A     		ldr	r2, .L14
 186 0004 1268     		ldr	r2, [r2]
 187 0006 42F00102 		orr	r2, r2, #1
 188 000a 1A60     		str	r2, [r3]
 189              		.loc 1 154 0
 190 000c 00BF     		nop
 191              	.L9:
 192              		.loc 1 154 0 is_stmt 0 discriminator 1
 193 000e 254B     		ldr	r3, .L14
 194 0010 1B68     		ldr	r3, [r3]
 195 0012 03F00203 		and	r3, r3, #2
 196 0016 002B     		cmp	r3, #0
 197 0018 F9D0     		beq	.L9
 198              		.loc 1 156 0 is_stmt 1
 199 001a 224B     		ldr	r3, .L14
 200 001c 214A     		ldr	r2, .L14
 201 001e 1268     		ldr	r2, [r2]
 202 0020 02F0F902 		and	r2, r2, #249
 203 0024 1A60     		str	r2, [r3]
 204              		.loc 1 157 0
 205 0026 1F4B     		ldr	r3, .L14
 206 0028 0022     		movs	r2, #0
 207 002a 5A60     		str	r2, [r3, #4]
 208              		.loc 1 158 0
 209 002c 00BF     		nop
 210              	.L10:
 211              		.loc 1 158 0 is_stmt 0 discriminator 1
 212 002e 1D4B     		ldr	r3, .L14
 213 0030 5B68     		ldr	r3, [r3, #4]
 214 0032 03F00C03 		and	r3, r3, #12
 215 0036 002B     		cmp	r3, #0
 216 0038 F9D1     		bne	.L10
 217              		.loc 1 165 0 is_stmt 1
 218 003a 1A4B     		ldr	r3, .L14
 219 003c 194A     		ldr	r2, .L14
 220 003e 1268     		ldr	r2, [r2]
 221 0040 42F4A022 		orr	r2, r2, #327680
 222 0044 1A60     		str	r2, [r3]
 223              		.loc 1 170 0
 224 0046 00BF     		nop
 225              	.L11:
 226              		.loc 1 170 0 is_stmt 0 discriminator 1
 227 0048 164B     		ldr	r3, .L14
ARM GAS  /tmp/ccnWqada.s 			page 5


 228 004a 1B68     		ldr	r3, [r3]
 229 004c 03F40033 		and	r3, r3, #131072
 230 0050 002B     		cmp	r3, #0
 231 0052 F9D0     		beq	.L11
 232              		.loc 1 182 0 is_stmt 1
 233 0054 134B     		ldr	r3, .L14
 234 0056 144A     		ldr	r2, .L14+4
 235 0058 5A60     		str	r2, [r3, #4]
 236              		.loc 1 185 0
 237 005a 124B     		ldr	r3, .L14
 238 005c 42F20212 		movw	r2, #8450
 239 0060 DA62     		str	r2, [r3, #44]
 240              		.loc 1 186 0
 241 0062 104B     		ldr	r3, .L14
 242 0064 3022     		movs	r2, #48
 243 0066 1A63     		str	r2, [r3, #48]
 244              		.loc 1 192 0
 245 0068 0E4B     		ldr	r3, .L14
 246 006a 0E4A     		ldr	r2, .L14
 247 006c 1268     		ldr	r2, [r2]
 248 006e 42F08072 		orr	r2, r2, #16777216
 249 0072 1A60     		str	r2, [r3]
 250              		.loc 1 193 0
 251 0074 00BF     		nop
 252              	.L12:
 253              		.loc 1 193 0 is_stmt 0 discriminator 1
 254 0076 0B4B     		ldr	r3, .L14
 255 0078 1B68     		ldr	r3, [r3]
 256 007a 03F00073 		and	r3, r3, #33554432
 257 007e 002B     		cmp	r3, #0
 258 0080 F9D0     		beq	.L12
 259              		.loc 1 198 0 is_stmt 1
 260 0082 0A4B     		ldr	r3, .L14+8
 261 0084 1222     		movs	r2, #18
 262 0086 1A60     		str	r2, [r3]
 263              		.loc 1 203 0
 264 0088 064B     		ldr	r3, .L14
 265 008a 064A     		ldr	r2, .L14
 266 008c 5268     		ldr	r2, [r2, #4]
 267 008e 42F00202 		orr	r2, r2, #2
 268 0092 5A60     		str	r2, [r3, #4]
 269              		.loc 1 204 0
 270 0094 00BF     		nop
 271              	.L13:
 272              		.loc 1 204 0 is_stmt 0 discriminator 1
 273 0096 034B     		ldr	r3, .L14
 274 0098 5B68     		ldr	r3, [r3, #4]
 275 009a 03F00C03 		and	r3, r3, #12
 276 009e 082B     		cmp	r3, #8
 277 00a0 F9D1     		bne	.L13
 278              		.loc 1 208 0 is_stmt 1
 279 00a2 7047     		bx	lr
 280              	.L15:
 281              		.align	2
 282              	.L14:
 283 00a4 00100240 		.word	1073876992
 284 00a8 00241D00 		.word	1909760
ARM GAS  /tmp/ccnWqada.s 			page 6


 285 00ac 00200240 		.word	1073881088
 286              		.cfi_endproc
 287              	.LFE120:
 288              		.size	stm32_clock_init, .-stm32_clock_init
 289              		.text
 290              	.Letext0:
 291              		.file 2 "/usr/include/newlib/machine/_default_types.h"
 292              		.file 3 "/usr/include/newlib/stdint.h"
 293              		.file 4 "/home/dave/r2p-sdk/core/ChibiOS/os/ports/common/ARMCMx/nvic.h"
 294              		.file 5 "/home/dave/r2p-sdk/core/ChibiOS/os/ports/common/ARMCMx/CMSIS/include/core_cm4.h"
 295              		.file 6 "/home/dave/r2p-sdk/core/ChibiOS/os/hal/platforms/STM32F30x/stm32f30x.h"
 296              		.section	.debug_info,"",%progbits
 297              	.Ldebug_info0:
 298 0000 F4030000 		.4byte	0x3f4
 299 0004 0400     		.2byte	0x4
 300 0006 00000000 		.4byte	.Ldebug_abbrev0
 301 000a 04       		.byte	0x4
 302 000b 01       		.uleb128 0x1
 303 000c 00000000 		.4byte	.LASF58
 304 0010 01       		.byte	0x1
 305 0011 EF000000 		.4byte	.LASF59
 306 0015 00000000 		.4byte	.Ldebug_ranges0+0
 307 0019 00000000 		.4byte	0
 308 001d 00000000 		.4byte	.Ldebug_line0
 309 0021 02       		.uleb128 0x2
 310 0022 04       		.byte	0x4
 311 0023 05       		.byte	0x5
 312 0024 696E7400 		.ascii	"int\000"
 313 0028 03       		.uleb128 0x3
 314 0029 04       		.byte	0x4
 315 002a 07       		.byte	0x7
 316 002b 96020000 		.4byte	.LASF0
 317 002f 03       		.uleb128 0x3
 318 0030 01       		.byte	0x1
 319 0031 06       		.byte	0x6
 320 0032 6A020000 		.4byte	.LASF1
 321 0036 03       		.uleb128 0x3
 322 0037 01       		.byte	0x1
 323 0038 08       		.byte	0x8
 324 0039 54020000 		.4byte	.LASF2
 325 003d 03       		.uleb128 0x3
 326 003e 02       		.byte	0x2
 327 003f 05       		.byte	0x5
 328 0040 43010000 		.4byte	.LASF3
 329 0044 04       		.uleb128 0x4
 330 0045 7F010000 		.4byte	.LASF5
 331 0049 02       		.byte	0x2
 332 004a 2B       		.byte	0x2b
 333 004b 4F000000 		.4byte	0x4f
 334 004f 03       		.uleb128 0x3
 335 0050 02       		.byte	0x2
 336 0051 07       		.byte	0x7
 337 0052 C3020000 		.4byte	.LASF4
 338 0056 04       		.uleb128 0x4
 339 0057 35030000 		.4byte	.LASF6
 340 005b 02       		.byte	0x2
 341 005c 3F       		.byte	0x3f
ARM GAS  /tmp/ccnWqada.s 			page 7


 342 005d 61000000 		.4byte	0x61
 343 0061 03       		.uleb128 0x3
 344 0062 04       		.byte	0x4
 345 0063 05       		.byte	0x5
 346 0064 0E020000 		.4byte	.LASF7
 347 0068 04       		.uleb128 0x4
 348 0069 74010000 		.4byte	.LASF8
 349 006d 02       		.byte	0x2
 350 006e 41       		.byte	0x41
 351 006f 73000000 		.4byte	0x73
 352 0073 03       		.uleb128 0x3
 353 0074 04       		.byte	0x4
 354 0075 07       		.byte	0x7
 355 0076 09030000 		.4byte	.LASF9
 356 007a 03       		.uleb128 0x3
 357 007b 08       		.byte	0x8
 358 007c 05       		.byte	0x5
 359 007d ED010000 		.4byte	.LASF10
 360 0081 03       		.uleb128 0x3
 361 0082 08       		.byte	0x8
 362 0083 07       		.byte	0x7
 363 0084 76020000 		.4byte	.LASF11
 364 0088 04       		.uleb128 0x4
 365 0089 DB020000 		.4byte	.LASF12
 366 008d 03       		.byte	0x3
 367 008e 36       		.byte	0x36
 368 008f 44000000 		.4byte	0x44
 369 0093 04       		.uleb128 0x4
 370 0094 EC020000 		.4byte	.LASF13
 371 0098 03       		.byte	0x3
 372 0099 41       		.byte	0x41
 373 009a 56000000 		.4byte	0x56
 374 009e 04       		.uleb128 0x4
 375 009f 8D020000 		.4byte	.LASF14
 376 00a3 03       		.byte	0x3
 377 00a4 42       		.byte	0x42
 378 00a5 68000000 		.4byte	0x68
 379 00a9 03       		.uleb128 0x3
 380 00aa 01       		.byte	0x1
 381 00ab 02       		.byte	0x2
 382 00ac F4020000 		.4byte	.LASF15
 383 00b0 04       		.uleb128 0x4
 384 00b1 D5010000 		.4byte	.LASF16
 385 00b5 04       		.byte	0x4
 386 00b6 3A       		.byte	0x3a
 387 00b7 BB000000 		.4byte	0xbb
 388 00bb 05       		.uleb128 0x5
 389 00bc 9E000000 		.4byte	0x9e
 390 00c0 03       		.uleb128 0x3
 391 00c1 04       		.byte	0x4
 392 00c2 07       		.byte	0x7
 393 00c3 4D010000 		.4byte	.LASF17
 394 00c7 06       		.uleb128 0x6
 395 00c8 10       		.byte	0x10
 396 00c9 04       		.byte	0x4
 397 00ca F1       		.byte	0xf1
 398 00cb 00010000 		.4byte	0x100
ARM GAS  /tmp/ccnWqada.s 			page 8


 399 00cf 07       		.uleb128 0x7
 400 00d0 08020000 		.4byte	.LASF18
 401 00d4 04       		.byte	0x4
 402 00d5 F2       		.byte	0xf2
 403 00d6 B0000000 		.4byte	0xb0
 404 00da 00       		.byte	0
 405 00db 07       		.uleb128 0x7
 406 00dc AE010000 		.4byte	.LASF19
 407 00e0 04       		.byte	0x4
 408 00e1 F3       		.byte	0xf3
 409 00e2 B0000000 		.4byte	0xb0
 410 00e6 04       		.byte	0x4
 411 00e7 07       		.uleb128 0x7
 412 00e8 CF010000 		.4byte	.LASF20
 413 00ec 04       		.byte	0x4
 414 00ed F4       		.byte	0xf4
 415 00ee B0000000 		.4byte	0xb0
 416 00f2 08       		.byte	0x8
 417 00f3 07       		.uleb128 0x7
 418 00f4 3D010000 		.4byte	.LASF21
 419 00f8 04       		.byte	0x4
 420 00f9 F5       		.byte	0xf5
 421 00fa B0000000 		.4byte	0xb0
 422 00fe 0C       		.byte	0xc
 423 00ff 00       		.byte	0
 424 0100 04       		.uleb128 0x4
 425 0101 E4020000 		.4byte	.LASF22
 426 0105 04       		.byte	0x4
 427 0106 F6       		.byte	0xf6
 428 0107 C7000000 		.4byte	0xc7
 429 010b 08       		.uleb128 0x8
 430 010c 20       		.byte	0x20
 431 010d 04       		.byte	0x4
 432 010e 0601     		.2byte	0x106
 433 0110 7D010000 		.4byte	0x17d
 434 0114 09       		.uleb128 0x9
 435 0115 90010000 		.4byte	.LASF23
 436 0119 04       		.byte	0x4
 437 011a 0701     		.2byte	0x107
 438 011c B0000000 		.4byte	0xb0
 439 0120 00       		.byte	0
 440 0121 09       		.uleb128 0x9
 441 0122 FB010000 		.4byte	.LASF24
 442 0126 04       		.byte	0x4
 443 0127 0801     		.2byte	0x108
 444 0129 B0000000 		.4byte	0xb0
 445 012d 04       		.byte	0x4
 446 012e 09       		.uleb128 0x9
 447 012f 02030000 		.4byte	.LASF25
 448 0133 04       		.byte	0x4
 449 0134 0901     		.2byte	0x109
 450 0136 B0000000 		.4byte	0xb0
 451 013a 08       		.byte	0x8
 452 013b 09       		.uleb128 0x9
 453 013c 4D020000 		.4byte	.LASF26
 454 0140 04       		.byte	0x4
 455 0141 0A01     		.2byte	0x10a
ARM GAS  /tmp/ccnWqada.s 			page 9


 456 0143 B0000000 		.4byte	0xb0
 457 0147 0C       		.byte	0xc
 458 0148 09       		.uleb128 0x9
 459 0149 1B030000 		.4byte	.LASF27
 460 014d 04       		.byte	0x4
 461 014e 0B01     		.2byte	0x10b
 462 0150 B0000000 		.4byte	0xb0
 463 0154 10       		.byte	0x10
 464 0155 09       		.uleb128 0x9
 465 0156 3F030000 		.4byte	.LASF28
 466 015a 04       		.byte	0x4
 467 015b 0C01     		.2byte	0x10c
 468 015d B0000000 		.4byte	0xb0
 469 0161 14       		.byte	0x14
 470 0162 09       		.uleb128 0x9
 471 0163 60010000 		.4byte	.LASF29
 472 0167 04       		.byte	0x4
 473 0168 0D01     		.2byte	0x10d
 474 016a B0000000 		.4byte	0xb0
 475 016e 18       		.byte	0x18
 476 016f 09       		.uleb128 0x9
 477 0170 5B010000 		.4byte	.LASF30
 478 0174 04       		.byte	0x4
 479 0175 0E01     		.2byte	0x10e
 480 0177 B0000000 		.4byte	0xb0
 481 017b 1C       		.byte	0x1c
 482 017c 00       		.byte	0
 483 017d 0A       		.uleb128 0xa
 484 017e FA020000 		.4byte	.LASF31
 485 0182 04       		.byte	0x4
 486 0183 0F01     		.2byte	0x10f
 487 0185 0B010000 		.4byte	0x10b
 488 0189 03       		.uleb128 0x3
 489 018a 01       		.byte	0x1
 490 018b 08       		.byte	0x8
 491 018c D6020000 		.4byte	.LASF32
 492 0190 0B       		.uleb128 0xb
 493 0191 BB000000 		.4byte	0xbb
 494 0195 0C       		.uleb128 0xc
 495 0196 9E000000 		.4byte	0x9e
 496 019a A5010000 		.4byte	0x1a5
 497 019e 0D       		.uleb128 0xd
 498 019f C0000000 		.4byte	0xc0
 499 01a3 03       		.byte	0x3
 500 01a4 00       		.byte	0
 501 01a5 08       		.uleb128 0x8
 502 01a6 10       		.byte	0x10
 503 01a7 05       		.byte	0x5
 504 01a8 6002     		.2byte	0x260
 505 01aa E3010000 		.4byte	0x1e3
 506 01ae 09       		.uleb128 0x9
 507 01af 90010000 		.4byte	.LASF23
 508 01b3 05       		.byte	0x5
 509 01b4 6202     		.2byte	0x262
 510 01b6 BB000000 		.4byte	0xbb
 511 01ba 00       		.byte	0
 512 01bb 09       		.uleb128 0x9
ARM GAS  /tmp/ccnWqada.s 			page 10


 513 01bc 46030000 		.4byte	.LASF33
 514 01c0 05       		.byte	0x5
 515 01c1 6302     		.2byte	0x263
 516 01c3 BB000000 		.4byte	0xbb
 517 01c7 04       		.byte	0x4
 518 01c8 0E       		.uleb128 0xe
 519 01c9 56414C00 		.ascii	"VAL\000"
 520 01cd 05       		.byte	0x5
 521 01ce 6402     		.2byte	0x264
 522 01d0 BB000000 		.4byte	0xbb
 523 01d4 08       		.byte	0x8
 524 01d5 09       		.uleb128 0x9
 525 01d6 02020000 		.4byte	.LASF34
 526 01da 05       		.byte	0x5
 527 01db 6502     		.2byte	0x265
 528 01dd 90010000 		.4byte	0x190
 529 01e1 0C       		.byte	0xc
 530 01e2 00       		.byte	0
 531 01e3 0A       		.uleb128 0xa
 532 01e4 B6020000 		.4byte	.LASF35
 533 01e8 05       		.byte	0x5
 534 01e9 6602     		.2byte	0x266
 535 01eb A5010000 		.4byte	0x1a5
 536 01ef 05       		.uleb128 0x5
 537 01f0 93000000 		.4byte	0x93
 538 01f4 08       		.uleb128 0x8
 539 01f5 24       		.byte	0x24
 540 01f6 06       		.byte	0x6
 541 01f7 0D02     		.2byte	0x20d
 542 01f9 70020000 		.4byte	0x270
 543 01fd 0E       		.uleb128 0xe
 544 01fe 41435200 		.ascii	"ACR\000"
 545 0202 06       		.byte	0x6
 546 0203 0F02     		.2byte	0x20f
 547 0205 BB000000 		.4byte	0xbb
 548 0209 00       		.byte	0
 549 020a 09       		.uleb128 0x9
 550 020b 95010000 		.4byte	.LASF36
 551 020f 06       		.byte	0x6
 552 0210 1002     		.2byte	0x210
 553 0212 BB000000 		.4byte	0xbb
 554 0216 04       		.byte	0x4
 555 0217 09       		.uleb128 0x9
 556 0218 DD010000 		.4byte	.LASF37
 557 021c 06       		.byte	0x6
 558 021d 1102     		.2byte	0x211
 559 021f BB000000 		.4byte	0xbb
 560 0223 08       		.byte	0x8
 561 0224 0E       		.uleb128 0xe
 562 0225 535200   		.ascii	"SR\000"
 563 0228 06       		.byte	0x6
 564 0229 1202     		.2byte	0x212
 565 022b BB000000 		.4byte	0xbb
 566 022f 0C       		.byte	0xc
 567 0230 0E       		.uleb128 0xe
 568 0231 435200   		.ascii	"CR\000"
 569 0234 06       		.byte	0x6
ARM GAS  /tmp/ccnWqada.s 			page 11


 570 0235 1302     		.2byte	0x213
 571 0237 BB000000 		.4byte	0xbb
 572 023b 10       		.byte	0x10
 573 023c 0E       		.uleb128 0xe
 574 023d 415200   		.ascii	"AR\000"
 575 0240 06       		.byte	0x6
 576 0241 1402     		.2byte	0x214
 577 0243 BB000000 		.4byte	0xbb
 578 0247 14       		.byte	0x14
 579 0248 09       		.uleb128 0x9
 580 0249 4B030000 		.4byte	.LASF38
 581 024d 06       		.byte	0x6
 582 024e 1502     		.2byte	0x215
 583 0250 9E000000 		.4byte	0x9e
 584 0254 18       		.byte	0x18
 585 0255 0E       		.uleb128 0xe
 586 0256 4F425200 		.ascii	"OBR\000"
 587 025a 06       		.byte	0x6
 588 025b 1602     		.2byte	0x216
 589 025d BB000000 		.4byte	0xbb
 590 0261 1C       		.byte	0x1c
 591 0262 09       		.uleb128 0x9
 592 0263 39020000 		.4byte	.LASF39
 593 0267 06       		.byte	0x6
 594 0268 1702     		.2byte	0x217
 595 026a BB000000 		.4byte	0xbb
 596 026e 20       		.byte	0x20
 597 026f 00       		.byte	0
 598 0270 0A       		.uleb128 0xa
 599 0271 54030000 		.4byte	.LASF40
 600 0275 06       		.byte	0x6
 601 0276 1902     		.2byte	0x219
 602 0278 F4010000 		.4byte	0x1f4
 603 027c 08       		.uleb128 0x8
 604 027d 1C       		.byte	0x1c
 605 027e 06       		.byte	0x6
 606 027f 5002     		.2byte	0x250
 607 0281 BA020000 		.4byte	0x2ba
 608 0285 09       		.uleb128 0x9
 609 0286 8A010000 		.4byte	.LASF41
 610 028a 06       		.byte	0x6
 611 028b 5202     		.2byte	0x252
 612 028d BB000000 		.4byte	0xbb
 613 0291 00       		.byte	0
 614 0292 0E       		.uleb128 0xe
 615 0293 52435200 		.ascii	"RCR\000"
 616 0297 06       		.byte	0x6
 617 0298 5302     		.2byte	0x253
 618 029a BB000000 		.4byte	0xbb
 619 029e 04       		.byte	0x4
 620 029f 09       		.uleb128 0x9
 621 02a0 9F010000 		.4byte	.LASF42
 622 02a4 06       		.byte	0x6
 623 02a5 5402     		.2byte	0x254
 624 02a7 BA020000 		.4byte	0x2ba
 625 02ab 08       		.byte	0x8
 626 02ac 09       		.uleb128 0x9
ARM GAS  /tmp/ccnWqada.s 			page 12


 627 02ad 17020000 		.4byte	.LASF43
 628 02b1 06       		.byte	0x6
 629 02b2 5502     		.2byte	0x255
 630 02b4 BB000000 		.4byte	0xbb
 631 02b8 18       		.byte	0x18
 632 02b9 00       		.byte	0
 633 02ba 05       		.uleb128 0x5
 634 02bb 95010000 		.4byte	0x195
 635 02bf 0A       		.uleb128 0xa
 636 02c0 3E020000 		.4byte	.LASF44
 637 02c4 06       		.byte	0x6
 638 02c5 5602     		.2byte	0x256
 639 02c7 7C020000 		.4byte	0x27c
 640 02cb 08       		.uleb128 0x8
 641 02cc 08       		.byte	0x8
 642 02cd 06       		.byte	0x6
 643 02ce 7C02     		.2byte	0x27c
 644 02d0 EE020000 		.4byte	0x2ee
 645 02d4 0E       		.uleb128 0xe
 646 02d5 435200   		.ascii	"CR\000"
 647 02d8 06       		.byte	0x6
 648 02d9 7E02     		.2byte	0x27e
 649 02db BB000000 		.4byte	0xbb
 650 02df 00       		.byte	0
 651 02e0 0E       		.uleb128 0xe
 652 02e1 43535200 		.ascii	"CSR\000"
 653 02e5 06       		.byte	0x6
 654 02e6 7F02     		.2byte	0x27f
 655 02e8 BB000000 		.4byte	0xbb
 656 02ec 04       		.byte	0x4
 657 02ed 00       		.byte	0
 658 02ee 0A       		.uleb128 0xa
 659 02ef 68010000 		.4byte	.LASF45
 660 02f3 06       		.byte	0x6
 661 02f4 8002     		.2byte	0x280
 662 02f6 CB020000 		.4byte	0x2cb
 663 02fa 08       		.uleb128 0x8
 664 02fb 34       		.byte	0x34
 665 02fc 06       		.byte	0x6
 666 02fd 8502     		.2byte	0x285
 667 02ff AC030000 		.4byte	0x3ac
 668 0303 0E       		.uleb128 0xe
 669 0304 435200   		.ascii	"CR\000"
 670 0307 06       		.byte	0x6
 671 0308 8702     		.2byte	0x287
 672 030a BB000000 		.4byte	0xbb
 673 030e 00       		.byte	0
 674 030f 09       		.uleb128 0x9
 675 0310 9A010000 		.4byte	.LASF46
 676 0314 06       		.byte	0x6
 677 0315 8802     		.2byte	0x288
 678 0317 BB000000 		.4byte	0xbb
 679 031b 04       		.byte	0x4
 680 031c 0E       		.uleb128 0xe
 681 031d 43495200 		.ascii	"CIR\000"
 682 0321 06       		.byte	0x6
 683 0322 8902     		.2byte	0x289
ARM GAS  /tmp/ccnWqada.s 			page 13


 684 0324 BB000000 		.4byte	0xbb
 685 0328 08       		.byte	0x8
 686 0329 09       		.uleb128 0x9
 687 032a 30020000 		.4byte	.LASF47
 688 032e 06       		.byte	0x6
 689 032f 8A02     		.2byte	0x28a
 690 0331 BB000000 		.4byte	0xbb
 691 0335 0C       		.byte	0xc
 692 0336 09       		.uleb128 0x9
 693 0337 34010000 		.4byte	.LASF48
 694 033b 06       		.byte	0x6
 695 033c 8B02     		.2byte	0x28b
 696 033e BB000000 		.4byte	0xbb
 697 0342 10       		.byte	0x10
 698 0343 09       		.uleb128 0x9
 699 0344 29020000 		.4byte	.LASF49
 700 0348 06       		.byte	0x6
 701 0349 8C02     		.2byte	0x28c
 702 034b BB000000 		.4byte	0xbb
 703 034f 14       		.byte	0x14
 704 0350 09       		.uleb128 0x9
 705 0351 62020000 		.4byte	.LASF50
 706 0355 06       		.byte	0x6
 707 0356 8D02     		.2byte	0x28d
 708 0358 BB000000 		.4byte	0xbb
 709 035c 18       		.byte	0x18
 710 035d 09       		.uleb128 0x9
 711 035e A6010000 		.4byte	.LASF51
 712 0362 06       		.byte	0x6
 713 0363 8E02     		.2byte	0x28e
 714 0365 BB000000 		.4byte	0xbb
 715 0369 1C       		.byte	0x1c
 716 036a 09       		.uleb128 0x9
 717 036b 56010000 		.4byte	.LASF52
 718 036f 06       		.byte	0x6
 719 0370 8F02     		.2byte	0x28f
 720 0372 BB000000 		.4byte	0xbb
 721 0376 20       		.byte	0x20
 722 0377 0E       		.uleb128 0xe
 723 0378 43535200 		.ascii	"CSR\000"
 724 037c 06       		.byte	0x6
 725 037d 9002     		.2byte	0x290
 726 037f BB000000 		.4byte	0xbb
 727 0383 24       		.byte	0x24
 728 0384 09       		.uleb128 0x9
 729 0385 E5010000 		.4byte	.LASF53
 730 0389 06       		.byte	0x6
 731 038a 9102     		.2byte	0x291
 732 038c BB000000 		.4byte	0xbb
 733 0390 28       		.byte	0x28
 734 0391 09       		.uleb128 0x9
 735 0392 17020000 		.4byte	.LASF43
 736 0396 06       		.byte	0x6
 737 0397 9202     		.2byte	0x292
 738 0399 BB000000 		.4byte	0xbb
 739 039d 2C       		.byte	0x2c
 740 039e 09       		.uleb128 0x9
ARM GAS  /tmp/ccnWqada.s 			page 14


 741 039f A3020000 		.4byte	.LASF54
 742 03a3 06       		.byte	0x6
 743 03a4 9302     		.2byte	0x293
 744 03a6 BB000000 		.4byte	0xbb
 745 03aa 30       		.byte	0x30
 746 03ab 00       		.byte	0
 747 03ac 0A       		.uleb128 0xa
 748 03ad 1D020000 		.4byte	.LASF55
 749 03b1 06       		.byte	0x6
 750 03b2 9402     		.2byte	0x294
 751 03b4 FA020000 		.4byte	0x2fa
 752 03b8 0F       		.uleb128 0xf
 753 03b9 B4010000 		.4byte	.LASF60
 754 03bd 01       		.byte	0x1
 755 03be 31       		.byte	0x31
 756 03bf 00000000 		.4byte	.LFB118
 757 03c3 30000000 		.4byte	.LFE118-.LFB118
 758 03c7 01       		.uleb128 0x1
 759 03c8 9C       		.byte	0x9c
 760 03c9 10       		.uleb128 0x10
 761 03ca A9020000 		.4byte	.LASF56
 762 03ce 01       		.byte	0x1
 763 03cf 64       		.byte	0x64
 764 03d0 00000000 		.4byte	.LFB119
 765 03d4 A8000000 		.4byte	.LFE119-.LFB119
 766 03d8 01       		.uleb128 0x1
 767 03d9 9C       		.byte	0x9c
 768 03da 11       		.uleb128 0x11
 769 03db 24030000 		.4byte	.LASF57
 770 03df 01       		.byte	0x1
 771 03e0 94       		.byte	0x94
 772 03e1 00000000 		.4byte	.LFB120
 773 03e5 B0000000 		.4byte	.LFE120-.LFB120
 774 03e9 01       		.uleb128 0x1
 775 03ea 9C       		.byte	0x9c
 776 03eb 12       		.uleb128 0x12
 777 03ec 62030000 		.4byte	.LASF61
 778 03f0 05       		.byte	0x5
 779 03f1 9806     		.2byte	0x698
 780 03f3 EF010000 		.4byte	0x1ef
 781 03f7 00       		.byte	0
 782              		.section	.debug_abbrev,"",%progbits
 783              	.Ldebug_abbrev0:
 784 0000 01       		.uleb128 0x1
 785 0001 11       		.uleb128 0x11
 786 0002 01       		.byte	0x1
 787 0003 25       		.uleb128 0x25
 788 0004 0E       		.uleb128 0xe
 789 0005 13       		.uleb128 0x13
 790 0006 0B       		.uleb128 0xb
 791 0007 03       		.uleb128 0x3
 792 0008 0E       		.uleb128 0xe
 793 0009 55       		.uleb128 0x55
 794 000a 17       		.uleb128 0x17
 795 000b 11       		.uleb128 0x11
 796 000c 01       		.uleb128 0x1
 797 000d 10       		.uleb128 0x10
ARM GAS  /tmp/ccnWqada.s 			page 15


 798 000e 17       		.uleb128 0x17
 799 000f 00       		.byte	0
 800 0010 00       		.byte	0
 801 0011 02       		.uleb128 0x2
 802 0012 24       		.uleb128 0x24
 803 0013 00       		.byte	0
 804 0014 0B       		.uleb128 0xb
 805 0015 0B       		.uleb128 0xb
 806 0016 3E       		.uleb128 0x3e
 807 0017 0B       		.uleb128 0xb
 808 0018 03       		.uleb128 0x3
 809 0019 08       		.uleb128 0x8
 810 001a 00       		.byte	0
 811 001b 00       		.byte	0
 812 001c 03       		.uleb128 0x3
 813 001d 24       		.uleb128 0x24
 814 001e 00       		.byte	0
 815 001f 0B       		.uleb128 0xb
 816 0020 0B       		.uleb128 0xb
 817 0021 3E       		.uleb128 0x3e
 818 0022 0B       		.uleb128 0xb
 819 0023 03       		.uleb128 0x3
 820 0024 0E       		.uleb128 0xe
 821 0025 00       		.byte	0
 822 0026 00       		.byte	0
 823 0027 04       		.uleb128 0x4
 824 0028 16       		.uleb128 0x16
 825 0029 00       		.byte	0
 826 002a 03       		.uleb128 0x3
 827 002b 0E       		.uleb128 0xe
 828 002c 3A       		.uleb128 0x3a
 829 002d 0B       		.uleb128 0xb
 830 002e 3B       		.uleb128 0x3b
 831 002f 0B       		.uleb128 0xb
 832 0030 49       		.uleb128 0x49
 833 0031 13       		.uleb128 0x13
 834 0032 00       		.byte	0
 835 0033 00       		.byte	0
 836 0034 05       		.uleb128 0x5
 837 0035 35       		.uleb128 0x35
 838 0036 00       		.byte	0
 839 0037 49       		.uleb128 0x49
 840 0038 13       		.uleb128 0x13
 841 0039 00       		.byte	0
 842 003a 00       		.byte	0
 843 003b 06       		.uleb128 0x6
 844 003c 13       		.uleb128 0x13
 845 003d 01       		.byte	0x1
 846 003e 0B       		.uleb128 0xb
 847 003f 0B       		.uleb128 0xb
 848 0040 3A       		.uleb128 0x3a
 849 0041 0B       		.uleb128 0xb
 850 0042 3B       		.uleb128 0x3b
 851 0043 0B       		.uleb128 0xb
 852 0044 01       		.uleb128 0x1
 853 0045 13       		.uleb128 0x13
 854 0046 00       		.byte	0
ARM GAS  /tmp/ccnWqada.s 			page 16


 855 0047 00       		.byte	0
 856 0048 07       		.uleb128 0x7
 857 0049 0D       		.uleb128 0xd
 858 004a 00       		.byte	0
 859 004b 03       		.uleb128 0x3
 860 004c 0E       		.uleb128 0xe
 861 004d 3A       		.uleb128 0x3a
 862 004e 0B       		.uleb128 0xb
 863 004f 3B       		.uleb128 0x3b
 864 0050 0B       		.uleb128 0xb
 865 0051 49       		.uleb128 0x49
 866 0052 13       		.uleb128 0x13
 867 0053 38       		.uleb128 0x38
 868 0054 0B       		.uleb128 0xb
 869 0055 00       		.byte	0
 870 0056 00       		.byte	0
 871 0057 08       		.uleb128 0x8
 872 0058 13       		.uleb128 0x13
 873 0059 01       		.byte	0x1
 874 005a 0B       		.uleb128 0xb
 875 005b 0B       		.uleb128 0xb
 876 005c 3A       		.uleb128 0x3a
 877 005d 0B       		.uleb128 0xb
 878 005e 3B       		.uleb128 0x3b
 879 005f 05       		.uleb128 0x5
 880 0060 01       		.uleb128 0x1
 881 0061 13       		.uleb128 0x13
 882 0062 00       		.byte	0
 883 0063 00       		.byte	0
 884 0064 09       		.uleb128 0x9
 885 0065 0D       		.uleb128 0xd
 886 0066 00       		.byte	0
 887 0067 03       		.uleb128 0x3
 888 0068 0E       		.uleb128 0xe
 889 0069 3A       		.uleb128 0x3a
 890 006a 0B       		.uleb128 0xb
 891 006b 3B       		.uleb128 0x3b
 892 006c 05       		.uleb128 0x5
 893 006d 49       		.uleb128 0x49
 894 006e 13       		.uleb128 0x13
 895 006f 38       		.uleb128 0x38
 896 0070 0B       		.uleb128 0xb
 897 0071 00       		.byte	0
 898 0072 00       		.byte	0
 899 0073 0A       		.uleb128 0xa
 900 0074 16       		.uleb128 0x16
 901 0075 00       		.byte	0
 902 0076 03       		.uleb128 0x3
 903 0077 0E       		.uleb128 0xe
 904 0078 3A       		.uleb128 0x3a
 905 0079 0B       		.uleb128 0xb
 906 007a 3B       		.uleb128 0x3b
 907 007b 05       		.uleb128 0x5
 908 007c 49       		.uleb128 0x49
 909 007d 13       		.uleb128 0x13
 910 007e 00       		.byte	0
 911 007f 00       		.byte	0
ARM GAS  /tmp/ccnWqada.s 			page 17


 912 0080 0B       		.uleb128 0xb
 913 0081 26       		.uleb128 0x26
 914 0082 00       		.byte	0
 915 0083 49       		.uleb128 0x49
 916 0084 13       		.uleb128 0x13
 917 0085 00       		.byte	0
 918 0086 00       		.byte	0
 919 0087 0C       		.uleb128 0xc
 920 0088 01       		.uleb128 0x1
 921 0089 01       		.byte	0x1
 922 008a 49       		.uleb128 0x49
 923 008b 13       		.uleb128 0x13
 924 008c 01       		.uleb128 0x1
 925 008d 13       		.uleb128 0x13
 926 008e 00       		.byte	0
 927 008f 00       		.byte	0
 928 0090 0D       		.uleb128 0xd
 929 0091 21       		.uleb128 0x21
 930 0092 00       		.byte	0
 931 0093 49       		.uleb128 0x49
 932 0094 13       		.uleb128 0x13
 933 0095 2F       		.uleb128 0x2f
 934 0096 0B       		.uleb128 0xb
 935 0097 00       		.byte	0
 936 0098 00       		.byte	0
 937 0099 0E       		.uleb128 0xe
 938 009a 0D       		.uleb128 0xd
 939 009b 00       		.byte	0
 940 009c 03       		.uleb128 0x3
 941 009d 08       		.uleb128 0x8
 942 009e 3A       		.uleb128 0x3a
 943 009f 0B       		.uleb128 0xb
 944 00a0 3B       		.uleb128 0x3b
 945 00a1 05       		.uleb128 0x5
 946 00a2 49       		.uleb128 0x49
 947 00a3 13       		.uleb128 0x13
 948 00a4 38       		.uleb128 0x38
 949 00a5 0B       		.uleb128 0xb
 950 00a6 00       		.byte	0
 951 00a7 00       		.byte	0
 952 00a8 0F       		.uleb128 0xf
 953 00a9 2E       		.uleb128 0x2e
 954 00aa 00       		.byte	0
 955 00ab 03       		.uleb128 0x3
 956 00ac 0E       		.uleb128 0xe
 957 00ad 3A       		.uleb128 0x3a
 958 00ae 0B       		.uleb128 0xb
 959 00af 3B       		.uleb128 0x3b
 960 00b0 0B       		.uleb128 0xb
 961 00b1 27       		.uleb128 0x27
 962 00b2 19       		.uleb128 0x19
 963 00b3 11       		.uleb128 0x11
 964 00b4 01       		.uleb128 0x1
 965 00b5 12       		.uleb128 0x12
 966 00b6 06       		.uleb128 0x6
 967 00b7 40       		.uleb128 0x40
 968 00b8 18       		.uleb128 0x18
ARM GAS  /tmp/ccnWqada.s 			page 18


 969 00b9 9742     		.uleb128 0x2117
 970 00bb 19       		.uleb128 0x19
 971 00bc 00       		.byte	0
 972 00bd 00       		.byte	0
 973 00be 10       		.uleb128 0x10
 974 00bf 2E       		.uleb128 0x2e
 975 00c0 00       		.byte	0
 976 00c1 3F       		.uleb128 0x3f
 977 00c2 19       		.uleb128 0x19
 978 00c3 03       		.uleb128 0x3
 979 00c4 0E       		.uleb128 0xe
 980 00c5 3A       		.uleb128 0x3a
 981 00c6 0B       		.uleb128 0xb
 982 00c7 3B       		.uleb128 0x3b
 983 00c8 0B       		.uleb128 0xb
 984 00c9 27       		.uleb128 0x27
 985 00ca 19       		.uleb128 0x19
 986 00cb 11       		.uleb128 0x11
 987 00cc 01       		.uleb128 0x1
 988 00cd 12       		.uleb128 0x12
 989 00ce 06       		.uleb128 0x6
 990 00cf 40       		.uleb128 0x40
 991 00d0 18       		.uleb128 0x18
 992 00d1 9642     		.uleb128 0x2116
 993 00d3 19       		.uleb128 0x19
 994 00d4 00       		.byte	0
 995 00d5 00       		.byte	0
 996 00d6 11       		.uleb128 0x11
 997 00d7 2E       		.uleb128 0x2e
 998 00d8 00       		.byte	0
 999 00d9 3F       		.uleb128 0x3f
 1000 00da 19       		.uleb128 0x19
 1001 00db 03       		.uleb128 0x3
 1002 00dc 0E       		.uleb128 0xe
 1003 00dd 3A       		.uleb128 0x3a
 1004 00de 0B       		.uleb128 0xb
 1005 00df 3B       		.uleb128 0x3b
 1006 00e0 0B       		.uleb128 0xb
 1007 00e1 27       		.uleb128 0x27
 1008 00e2 19       		.uleb128 0x19
 1009 00e3 11       		.uleb128 0x11
 1010 00e4 01       		.uleb128 0x1
 1011 00e5 12       		.uleb128 0x12
 1012 00e6 06       		.uleb128 0x6
 1013 00e7 40       		.uleb128 0x40
 1014 00e8 18       		.uleb128 0x18
 1015 00e9 9742     		.uleb128 0x2117
 1016 00eb 19       		.uleb128 0x19
 1017 00ec 00       		.byte	0
 1018 00ed 00       		.byte	0
 1019 00ee 12       		.uleb128 0x12
 1020 00ef 34       		.uleb128 0x34
 1021 00f0 00       		.byte	0
 1022 00f1 03       		.uleb128 0x3
 1023 00f2 0E       		.uleb128 0xe
 1024 00f3 3A       		.uleb128 0x3a
 1025 00f4 0B       		.uleb128 0xb
ARM GAS  /tmp/ccnWqada.s 			page 19


 1026 00f5 3B       		.uleb128 0x3b
 1027 00f6 05       		.uleb128 0x5
 1028 00f7 49       		.uleb128 0x49
 1029 00f8 13       		.uleb128 0x13
 1030 00f9 3F       		.uleb128 0x3f
 1031 00fa 19       		.uleb128 0x19
 1032 00fb 3C       		.uleb128 0x3c
 1033 00fc 19       		.uleb128 0x19
 1034 00fd 00       		.byte	0
 1035 00fe 00       		.byte	0
 1036 00ff 00       		.byte	0
 1037              		.section	.debug_aranges,"",%progbits
 1038 0000 2C000000 		.4byte	0x2c
 1039 0004 0200     		.2byte	0x2
 1040 0006 00000000 		.4byte	.Ldebug_info0
 1041 000a 04       		.byte	0x4
 1042 000b 00       		.byte	0
 1043 000c 0000     		.2byte	0
 1044 000e 0000     		.2byte	0
 1045 0010 00000000 		.4byte	.LFB118
 1046 0014 30000000 		.4byte	.LFE118-.LFB118
 1047 0018 00000000 		.4byte	.LFB119
 1048 001c A8000000 		.4byte	.LFE119-.LFB119
 1049 0020 00000000 		.4byte	.LFB120
 1050 0024 B0000000 		.4byte	.LFE120-.LFB120
 1051 0028 00000000 		.4byte	0
 1052 002c 00000000 		.4byte	0
 1053              		.section	.debug_ranges,"",%progbits
 1054              	.Ldebug_ranges0:
 1055 0000 00000000 		.4byte	.LFB118
 1056 0004 30000000 		.4byte	.LFE118
 1057 0008 00000000 		.4byte	.LFB119
 1058 000c A8000000 		.4byte	.LFE119
 1059 0010 00000000 		.4byte	.LFB120
 1060 0014 B0000000 		.4byte	.LFE120
 1061 0018 00000000 		.4byte	0
 1062 001c 00000000 		.4byte	0
 1063              		.section	.debug_line,"",%progbits
 1064              	.Ldebug_line0:
 1065 0000 CF010000 		.section	.debug_str,"MS",%progbits,1
 1065      02004E01 
 1065      00000201 
 1065      FB0E0D00 
 1065      01010101 
 1066              	.LASF58:
 1067 0000 474E5520 		.ascii	"GNU C 4.8.4 20141219 (release) -mcpu=cortex-m4 -mfl"
 1067      4320342E 
 1067      382E3420 
 1067      32303134 
 1067      31323139 
 1068 0033 6F61742D 		.ascii	"oat-abi=hard -mfpu=fpv4-sp-d16 -mno-thumb-interwork"
 1068      6162693D 
 1068      68617264 
 1068      202D6D66 
 1068      70753D66 
 1069 0066 202D6D74 		.ascii	" -mthumb -ggdb -O0 -fomit-frame-pointer -falign-fun"
 1069      68756D62 
ARM GAS  /tmp/ccnWqada.s 			page 20


 1069      202D6767 
 1069      6462202D 
 1069      4F30202D 
 1070 0099 6374696F 		.ascii	"ctions=16 -ffunction-sections -fdata-sections -fno-"
 1070      6E733D31 
 1070      36202D66 
 1070      66756E63 
 1070      74696F6E 
 1071 00cc 636F6D6D 		.ascii	"common -fsingle-precision-constant\000"
 1071      6F6E202D 
 1071      6673696E 
 1071      676C652D 
 1071      70726563 
 1072              	.LASF59:
 1073 00ef 2F686F6D 		.ascii	"/home/dave/r2p-sdk/core/ChibiOS/os/hal/platforms/ST"
 1073      652F6461 
 1073      76652F72 
 1073      32702D73 
 1073      646B2F63 
 1074 0122 4D333246 		.ascii	"M32F30x/hal_lld.c\000"
 1074      3330782F 
 1074      68616C5F 
 1074      6C6C642E 
 1074      6300
 1075              	.LASF48:
 1076 0134 41504231 		.ascii	"APB1RSTR\000"
 1076      52535452 
 1076      00
 1077              	.LASF21:
 1078 013d 44454D43 		.ascii	"DEMCR\000"
 1078      5200
 1079              	.LASF3:
 1080 0143 73686F72 		.ascii	"short int\000"
 1080      7420696E 
 1080      7400
 1081              	.LASF17:
 1082 014d 73697A65 		.ascii	"sizetype\000"
 1082      74797065 
 1082      00
 1083              	.LASF52:
 1084 0156 42444352 		.ascii	"BDCR\000"
 1084      00
 1085              	.LASF30:
 1086 015b 50435352 		.ascii	"PCSR\000"
 1086      00
 1087              	.LASF29:
 1088 0160 464F4C44 		.ascii	"FOLDCNT\000"
 1088      434E5400 
 1089              	.LASF45:
 1090 0168 5057525F 		.ascii	"PWR_TypeDef\000"
 1090      54797065 
 1090      44656600 
 1091              	.LASF8:
 1092 0174 5F5F7569 		.ascii	"__uint32_t\000"
 1092      6E743332 
 1092      5F7400
 1093              	.LASF5:
ARM GAS  /tmp/ccnWqada.s 			page 21


 1094 017f 5F5F7569 		.ascii	"__uint16_t\000"
 1094      6E743136 
 1094      5F7400
 1095              	.LASF41:
 1096 018a 43464752 		.ascii	"CFGR1\000"
 1096      3100
 1097              	.LASF23:
 1098 0190 4354524C 		.ascii	"CTRL\000"
 1098      00
 1099              	.LASF36:
 1100 0195 4B455952 		.ascii	"KEYR\000"
 1100      00
 1101              	.LASF46:
 1102 019a 43464752 		.ascii	"CFGR\000"
 1102      00
 1103              	.LASF42:
 1104 019f 45585449 		.ascii	"EXTICR\000"
 1104      435200
 1105              	.LASF51:
 1106 01a6 41504231 		.ascii	"APB1ENR\000"
 1106      454E5200 
 1107              	.LASF19:
 1108 01ae 44435253 		.ascii	"DCRSR\000"
 1108      5200
 1109              	.LASF60:
 1110 01b4 68616C5F 		.ascii	"hal_lld_backup_domain_init\000"
 1110      6C6C645F 
 1110      6261636B 
 1110      75705F64 
 1110      6F6D6169 
 1111              	.LASF20:
 1112 01cf 44435244 		.ascii	"DCRDR\000"
 1112      5200
 1113              	.LASF16:
 1114 01d5 494F5245 		.ascii	"IOREG32\000"
 1114      47333200 
 1115              	.LASF37:
 1116 01dd 4F50544B 		.ascii	"OPTKEYR\000"
 1116      45595200 
 1117              	.LASF53:
 1118 01e5 41484252 		.ascii	"AHBRSTR\000"
 1118      53545200 
 1119              	.LASF10:
 1120 01ed 6C6F6E67 		.ascii	"long long int\000"
 1120      206C6F6E 
 1120      6720696E 
 1120      7400
 1121              	.LASF24:
 1122 01fb 43594343 		.ascii	"CYCCNT\000"
 1122      4E5400
 1123              	.LASF34:
 1124 0202 43414C49 		.ascii	"CALIB\000"
 1124      4200
 1125              	.LASF18:
 1126 0208 44484353 		.ascii	"DHCSR\000"
 1126      5200
 1127              	.LASF7:
ARM GAS  /tmp/ccnWqada.s 			page 22


 1128 020e 6C6F6E67 		.ascii	"long int\000"
 1128      20696E74 
 1128      00
 1129              	.LASF43:
 1130 0217 43464752 		.ascii	"CFGR2\000"
 1130      3200
 1131              	.LASF55:
 1132 021d 5243435F 		.ascii	"RCC_TypeDef\000"
 1132      54797065 
 1132      44656600 
 1133              	.LASF49:
 1134 0229 41484245 		.ascii	"AHBENR\000"
 1134      4E5200
 1135              	.LASF47:
 1136 0230 41504232 		.ascii	"APB2RSTR\000"
 1136      52535452 
 1136      00
 1137              	.LASF39:
 1138 0239 57525052 		.ascii	"WRPR\000"
 1138      00
 1139              	.LASF44:
 1140 023e 53595343 		.ascii	"SYSCFG_TypeDef\000"
 1140      46475F54 
 1140      79706544 
 1140      656600
 1141              	.LASF26:
 1142 024d 45584343 		.ascii	"EXCCNT\000"
 1142      4E5400
 1143              	.LASF2:
 1144 0254 756E7369 		.ascii	"unsigned char\000"
 1144      676E6564 
 1144      20636861 
 1144      7200
 1145              	.LASF50:
 1146 0262 41504232 		.ascii	"APB2ENR\000"
 1146      454E5200 
 1147              	.LASF1:
 1148 026a 7369676E 		.ascii	"signed char\000"
 1148      65642063 
 1148      68617200 
 1149              	.LASF11:
 1150 0276 6C6F6E67 		.ascii	"long long unsigned int\000"
 1150      206C6F6E 
 1150      6720756E 
 1150      7369676E 
 1150      65642069 
 1151              	.LASF14:
 1152 028d 75696E74 		.ascii	"uint32_t\000"
 1152      33325F74 
 1152      00
 1153              	.LASF0:
 1154 0296 756E7369 		.ascii	"unsigned int\000"
 1154      676E6564 
 1154      20696E74 
 1154      00
 1155              	.LASF54:
 1156 02a3 43464752 		.ascii	"CFGR3\000"
ARM GAS  /tmp/ccnWqada.s 			page 23


 1156      3300
 1157              	.LASF56:
 1158 02a9 68616C5F 		.ascii	"hal_lld_init\000"
 1158      6C6C645F 
 1158      696E6974 
 1158      00
 1159              	.LASF35:
 1160 02b6 53797354 		.ascii	"SysTick_Type\000"
 1160      69636B5F 
 1160      54797065 
 1160      00
 1161              	.LASF4:
 1162 02c3 73686F72 		.ascii	"short unsigned int\000"
 1162      7420756E 
 1162      7369676E 
 1162      65642069 
 1162      6E7400
 1163              	.LASF32:
 1164 02d6 63686172 		.ascii	"char\000"
 1164      00
 1165              	.LASF12:
 1166 02db 75696E74 		.ascii	"uint16_t\000"
 1166      31365F74 
 1166      00
 1167              	.LASF22:
 1168 02e4 434D785F 		.ascii	"CMx_SCS\000"
 1168      53435300 
 1169              	.LASF13:
 1170 02ec 696E7433 		.ascii	"int32_t\000"
 1170      325F7400 
 1171              	.LASF15:
 1172 02f4 5F426F6F 		.ascii	"_Bool\000"
 1172      6C00
 1173              	.LASF31:
 1174 02fa 434D785F 		.ascii	"CMx_DWT\000"
 1174      44575400 
 1175              	.LASF25:
 1176 0302 43504943 		.ascii	"CPICNT\000"
 1176      4E5400
 1177              	.LASF9:
 1178 0309 6C6F6E67 		.ascii	"long unsigned int\000"
 1178      20756E73 
 1178      69676E65 
 1178      6420696E 
 1178      7400
 1179              	.LASF27:
 1180 031b 534C4545 		.ascii	"SLEEPCNT\000"
 1180      50434E54 
 1180      00
 1181              	.LASF57:
 1182 0324 73746D33 		.ascii	"stm32_clock_init\000"
 1182      325F636C 
 1182      6F636B5F 
 1182      696E6974 
 1182      00
 1183              	.LASF6:
 1184 0335 5F5F696E 		.ascii	"__int32_t\000"
ARM GAS  /tmp/ccnWqada.s 			page 24


 1184      7433325F 
 1184      7400
 1185              	.LASF28:
 1186 033f 4C535543 		.ascii	"LSUCNT\000"
 1186      4E5400
 1187              	.LASF33:
 1188 0346 4C4F4144 		.ascii	"LOAD\000"
 1188      00
 1189              	.LASF38:
 1190 034b 52455345 		.ascii	"RESERVED\000"
 1190      52564544 
 1190      00
 1191              	.LASF40:
 1192 0354 464C4153 		.ascii	"FLASH_TypeDef\000"
 1192      485F5479 
 1192      70654465 
 1192      6600
 1193              	.LASF61:
 1194 0362 49544D5F 		.ascii	"ITM_RxBuffer\000"
 1194      52784275 
 1194      66666572 
 1194      00
 1195              		.ident	"GCC: (4.8.4-1+11-1) 4.8.4 20141219 (release)"
ARM GAS  /tmp/ccnWqada.s 			page 25


DEFINED SYMBOLS
                            *ABS*:0000000000000000 hal_lld.c
     /tmp/ccnWqada.s:21     .text.hal_lld_backup_domain_init:0000000000000000 $t
     /tmp/ccnWqada.s:26     .text.hal_lld_backup_domain_init:0000000000000000 hal_lld_backup_domain_init
     /tmp/ccnWqada.s:60     .text.hal_lld_backup_domain_init:0000000000000028 $d
     /tmp/ccnWqada.s:66     .text.hal_lld_init:0000000000000000 $t
     /tmp/ccnWqada.s:72     .text.hal_lld_init:0000000000000000 hal_lld_init
     /tmp/ccnWqada.s:160    .text.hal_lld_init:0000000000000090 $d
     /tmp/ccnWqada.s:170    .text.stm32_clock_init:0000000000000000 $t
     /tmp/ccnWqada.s:176    .text.stm32_clock_init:0000000000000000 stm32_clock_init
     /tmp/ccnWqada.s:283    .text.stm32_clock_init:00000000000000a4 $d
                     .debug_frame:0000000000000010 $d
     /tmp/ccnWqada.s:169    .text.hal_lld_init:00000000000000a8 $t

UNDEFINED SYMBOLS
dmaInit
