ARM GAS  /tmp/ccXS28Hq.s 			page 1


   1              		.syntax unified
   2              		.cpu cortex-m4
   3              		.eabi_attribute 27, 3
   4              		.eabi_attribute 28, 1
   5              		.fpu fpv4-sp-d16
   6              		.eabi_attribute 20, 1
   7              		.eabi_attribute 21, 1
   8              		.eabi_attribute 23, 3
   9              		.eabi_attribute 24, 1
  10              		.eabi_attribute 25, 1
  11              		.eabi_attribute 26, 1
  12              		.eabi_attribute 30, 6
  13              		.eabi_attribute 34, 1
  14              		.eabi_attribute 18, 4
  15              		.thumb
  16              		.file	"nvic.c"
  17              		.text
  18              	.Ltext0:
  19              		.cfi_sections	.debug_frame
  20              		.section	.text.nvicEnableVector,"ax",%progbits
  21              		.align	2
  22              		.p2align 4,,15
  23              		.global	nvicEnableVector
  24              		.thumb
  25              		.thumb_func
  26              		.type	nvicEnableVector, %function
  27              	nvicEnableVector:
  28              	.LFB7:
  29              		.file 1 "/home/dave/r2p-sdk/core/ChibiOS/os/ports/common/ARMCMx/nvic.c"
  30              		.loc 1 46 0
  31              		.cfi_startproc
  32              		@ args = 0, pretend = 0, frame = 16
  33              		@ frame_needed = 0, uses_anonymous_args = 0
  34              		@ link register save eliminated.
  35 0000 10B4     		push	{r4}
  36              		.cfi_def_cfa_offset 4
  37              		.cfi_offset 4, -4
  38 0002 85B0     		sub	sp, sp, #20
  39              		.cfi_def_cfa_offset 24
  40 0004 0190     		str	r0, [sp, #4]
  41 0006 0091     		str	r1, [sp]
  42              		.loc 1 47 0
  43 0008 019B     		ldr	r3, [sp, #4]
  44 000a 03F00303 		and	r3, r3, #3
  45 000e DB00     		lsls	r3, r3, #3
  46 0010 0393     		str	r3, [sp, #12]
  47              		.loc 1 49 0
  48 0012 194B     		ldr	r3, .L2
  49 0014 019A     		ldr	r2, [sp, #4]
  50 0016 9208     		lsrs	r2, r2, #2
  51 0018 1749     		ldr	r1, .L2
  52 001a 0198     		ldr	r0, [sp, #4]
  53 001c 8008     		lsrs	r0, r0, #2
  54 001e C030     		adds	r0, r0, #192
  55 0020 51F82000 		ldr	r0, [r1, r0, lsl #2]
  56 0024 0399     		ldr	r1, [sp, #12]
  57 0026 FF24     		movs	r4, #255
ARM GAS  /tmp/ccXS28Hq.s 			page 2


  58 0028 04FA01F1 		lsl	r1, r4, r1
  59 002c C943     		mvns	r1, r1
  60 002e 0840     		ands	r0, r0, r1
  61 0030 0399     		ldr	r1, [sp, #12]
  62 0032 009C     		ldr	r4, [sp]
  63 0034 04FA01F1 		lsl	r1, r4, r1
  64 0038 0143     		orrs	r1, r1, r0
  65 003a C032     		adds	r2, r2, #192
  66 003c 43F82210 		str	r1, [r3, r2, lsl #2]
  67              		.loc 1 50 0
  68 0040 0D4B     		ldr	r3, .L2
  69 0042 019A     		ldr	r2, [sp, #4]
  70 0044 5209     		lsrs	r2, r2, #5
  71 0046 0199     		ldr	r1, [sp, #4]
  72 0048 01F01F01 		and	r1, r1, #31
  73 004c 0120     		movs	r0, #1
  74 004e 00FA01F1 		lsl	r1, r0, r1
  75 0052 6032     		adds	r2, r2, #96
  76 0054 43F82210 		str	r1, [r3, r2, lsl #2]
  77              		.loc 1 51 0
  78 0058 074B     		ldr	r3, .L2
  79 005a 019A     		ldr	r2, [sp, #4]
  80 005c 5209     		lsrs	r2, r2, #5
  81 005e 0199     		ldr	r1, [sp, #4]
  82 0060 01F01F01 		and	r1, r1, #31
  83 0064 0120     		movs	r0, #1
  84 0066 00FA01F1 		lsl	r1, r0, r1
  85 006a 43F82210 		str	r1, [r3, r2, lsl #2]
  86              		.loc 1 52 0
  87 006e 05B0     		add	sp, sp, #20
  88              		@ sp needed
  89 0070 5DF8044B 		ldr	r4, [sp], #4
  90 0074 7047     		bx	lr
  91              	.L3:
  92 0076 00BF     		.align	2
  93              	.L2:
  94 0078 00E100E0 		.word	-536813312
  95              		.cfi_endproc
  96              	.LFE7:
  97              		.size	nvicEnableVector, .-nvicEnableVector
  98 007c AFF30080 		.section	.text.nvicDisableVector,"ax",%progbits
  99              		.align	2
 100              		.p2align 4,,15
 101              		.global	nvicDisableVector
 102              		.thumb
 103              		.thumb_func
 104              		.type	nvicDisableVector, %function
 105              	nvicDisableVector:
 106              	.LFB8:
 107              		.loc 1 60 0
 108              		.cfi_startproc
 109              		@ args = 0, pretend = 0, frame = 16
 110              		@ frame_needed = 0, uses_anonymous_args = 0
 111              		@ link register save eliminated.
 112 0000 10B4     		push	{r4}
 113              		.cfi_def_cfa_offset 4
 114              		.cfi_offset 4, -4
ARM GAS  /tmp/ccXS28Hq.s 			page 3


 115 0002 85B0     		sub	sp, sp, #20
 116              		.cfi_def_cfa_offset 24
 117 0004 0190     		str	r0, [sp, #4]
 118              		.loc 1 61 0
 119 0006 019B     		ldr	r3, [sp, #4]
 120 0008 03F00303 		and	r3, r3, #3
 121 000c DB00     		lsls	r3, r3, #3
 122 000e 0393     		str	r3, [sp, #12]
 123              		.loc 1 63 0
 124 0010 104B     		ldr	r3, .L5
 125 0012 019A     		ldr	r2, [sp, #4]
 126 0014 5209     		lsrs	r2, r2, #5
 127 0016 0199     		ldr	r1, [sp, #4]
 128 0018 01F01F01 		and	r1, r1, #31
 129 001c 0120     		movs	r0, #1
 130 001e 00FA01F1 		lsl	r1, r0, r1
 131 0022 2032     		adds	r2, r2, #32
 132 0024 43F82210 		str	r1, [r3, r2, lsl #2]
 133              		.loc 1 64 0
 134 0028 0A4B     		ldr	r3, .L5
 135 002a 019A     		ldr	r2, [sp, #4]
 136 002c 9208     		lsrs	r2, r2, #2
 137 002e 0949     		ldr	r1, .L5
 138 0030 0198     		ldr	r0, [sp, #4]
 139 0032 8008     		lsrs	r0, r0, #2
 140 0034 C030     		adds	r0, r0, #192
 141 0036 51F82000 		ldr	r0, [r1, r0, lsl #2]
 142 003a 0399     		ldr	r1, [sp, #12]
 143 003c FF24     		movs	r4, #255
 144 003e 04FA01F1 		lsl	r1, r4, r1
 145 0042 C943     		mvns	r1, r1
 146 0044 0140     		ands	r1, r1, r0
 147 0046 C032     		adds	r2, r2, #192
 148 0048 43F82210 		str	r1, [r3, r2, lsl #2]
 149              		.loc 1 65 0
 150 004c 05B0     		add	sp, sp, #20
 151              		@ sp needed
 152 004e 5DF8044B 		ldr	r4, [sp], #4
 153 0052 7047     		bx	lr
 154              	.L6:
 155              		.align	2
 156              	.L5:
 157 0054 00E100E0 		.word	-536813312
 158              		.cfi_endproc
 159              	.LFE8:
 160              		.size	nvicDisableVector, .-nvicDisableVector
 161 0058 AFF30080 		.section	.text.nvicSetSystemHandlerPriority,"ax",%progbits
 161      AFF30080 
 162              		.align	2
 163              		.p2align 4,,15
 164              		.global	nvicSetSystemHandlerPriority
 165              		.thumb
 166              		.thumb_func
 167              		.type	nvicSetSystemHandlerPriority, %function
 168              	nvicSetSystemHandlerPriority:
 169              	.LFB9:
 170              		.loc 1 74 0
ARM GAS  /tmp/ccXS28Hq.s 			page 4


 171              		.cfi_startproc
 172              		@ args = 0, pretend = 0, frame = 16
 173              		@ frame_needed = 0, uses_anonymous_args = 0
 174              		@ link register save eliminated.
 175 0000 10B4     		push	{r4}
 176              		.cfi_def_cfa_offset 4
 177              		.cfi_offset 4, -4
 178 0002 85B0     		sub	sp, sp, #20
 179              		.cfi_def_cfa_offset 24
 180 0004 0190     		str	r0, [sp, #4]
 181 0006 0091     		str	r1, [sp]
 182              		.loc 1 75 0
 183 0008 019B     		ldr	r3, [sp, #4]
 184 000a 03F00303 		and	r3, r3, #3
 185 000e DB00     		lsls	r3, r3, #3
 186 0010 0393     		str	r3, [sp, #12]
 187              		.loc 1 77 0
 188 0012 0D4B     		ldr	r3, .L8
 189 0014 019A     		ldr	r2, [sp, #4]
 190 0016 9208     		lsrs	r2, r2, #2
 191 0018 0B49     		ldr	r1, .L8
 192 001a 0198     		ldr	r0, [sp, #4]
 193 001c 8008     		lsrs	r0, r0, #2
 194 001e 0630     		adds	r0, r0, #6
 195 0020 51F82000 		ldr	r0, [r1, r0, lsl #2]
 196              		.loc 1 78 0
 197 0024 0399     		ldr	r1, [sp, #12]
 198 0026 FF24     		movs	r4, #255
 199 0028 04FA01F1 		lsl	r1, r4, r1
 200 002c C943     		mvns	r1, r1
 201              		.loc 1 77 0
 202 002e 0840     		ands	r0, r0, r1
 203              		.loc 1 78 0
 204 0030 0399     		ldr	r1, [sp, #12]
 205 0032 009C     		ldr	r4, [sp]
 206 0034 04FA01F1 		lsl	r1, r4, r1
 207 0038 0143     		orrs	r1, r1, r0
 208              		.loc 1 77 0
 209 003a 0632     		adds	r2, r2, #6
 210 003c 43F82210 		str	r1, [r3, r2, lsl #2]
 211              		.loc 1 79 0
 212 0040 05B0     		add	sp, sp, #20
 213              		@ sp needed
 214 0042 5DF8044B 		ldr	r4, [sp], #4
 215 0046 7047     		bx	lr
 216              	.L9:
 217              		.align	2
 218              	.L8:
 219 0048 00ED00E0 		.word	-536810240
 220              		.cfi_endproc
 221              	.LFE9:
 222              		.size	nvicSetSystemHandlerPriority, .-nvicSetSystemHandlerPriority
 223 004c AFF30080 		.text
 224              	.Letext0:
 225              		.file 2 "/usr/include/newlib/machine/_default_types.h"
 226              		.file 3 "/usr/include/newlib/stdint.h"
 227              		.file 4 "/home/dave/r2p-sdk/core/ChibiOS/os/ports/common/ARMCMx/nvic.h"
ARM GAS  /tmp/ccXS28Hq.s 			page 5


 228              		.section	.debug_info,"",%progbits
 229              	.Ldebug_info0:
 230 0000 F6030000 		.4byte	0x3f6
 231 0004 0400     		.2byte	0x4
 232 0006 00000000 		.4byte	.Ldebug_abbrev0
 233 000a 04       		.byte	0x4
 234 000b 01       		.uleb128 0x1
 235 000c 3F010000 		.4byte	.LASF47
 236 0010 01       		.byte	0x1
 237 0011 5B020000 		.4byte	.LASF48
 238 0015 00000000 		.4byte	.Ldebug_ranges0+0
 239 0019 00000000 		.4byte	0
 240 001d 00000000 		.4byte	.Ldebug_line0
 241 0021 02       		.uleb128 0x2
 242 0022 04       		.byte	0x4
 243 0023 05       		.byte	0x5
 244 0024 696E7400 		.ascii	"int\000"
 245 0028 03       		.uleb128 0x3
 246 0029 04       		.byte	0x4
 247 002a 07       		.byte	0x7
 248 002b CF000000 		.4byte	.LASF0
 249 002f 03       		.uleb128 0x3
 250 0030 01       		.byte	0x1
 251 0031 06       		.byte	0x6
 252 0032 99020000 		.4byte	.LASF1
 253 0036 03       		.uleb128 0x3
 254 0037 01       		.byte	0x1
 255 0038 08       		.byte	0x8
 256 0039 4C000000 		.4byte	.LASF2
 257 003d 03       		.uleb128 0x3
 258 003e 02       		.byte	0x2
 259 003f 05       		.byte	0x5
 260 0040 35000000 		.4byte	.LASF3
 261 0044 03       		.uleb128 0x3
 262 0045 02       		.byte	0x2
 263 0046 07       		.byte	0x7
 264 0047 8A000000 		.4byte	.LASF4
 265 004b 03       		.uleb128 0x3
 266 004c 04       		.byte	0x4
 267 004d 05       		.byte	0x5
 268 004e 4D020000 		.4byte	.LASF5
 269 0052 04       		.uleb128 0x4
 270 0053 C4000000 		.4byte	.LASF9
 271 0057 02       		.byte	0x2
 272 0058 41       		.byte	0x41
 273 0059 5D000000 		.4byte	0x5d
 274 005d 03       		.uleb128 0x3
 275 005e 04       		.byte	0x4
 276 005f 07       		.byte	0x7
 277 0060 A7000000 		.4byte	.LASF6
 278 0064 03       		.uleb128 0x3
 279 0065 08       		.byte	0x8
 280 0066 05       		.byte	0x5
 281 0067 26010000 		.4byte	.LASF7
 282 006b 03       		.uleb128 0x3
 283 006c 08       		.byte	0x8
 284 006d 07       		.byte	0x7
ARM GAS  /tmp/ccXS28Hq.s 			page 6


 285 006e E6000000 		.4byte	.LASF8
 286 0072 04       		.uleb128 0x4
 287 0073 44020000 		.4byte	.LASF10
 288 0077 03       		.byte	0x3
 289 0078 42       		.byte	0x42
 290 0079 52000000 		.4byte	0x52
 291 007d 03       		.uleb128 0x3
 292 007e 01       		.byte	0x1
 293 007f 02       		.byte	0x2
 294 0080 0F000000 		.4byte	.LASF11
 295 0084 04       		.uleb128 0x4
 296 0085 44000000 		.4byte	.LASF12
 297 0089 04       		.byte	0x4
 298 008a 3A       		.byte	0x3a
 299 008b 8F000000 		.4byte	0x8f
 300 008f 05       		.uleb128 0x5
 301 0090 72000000 		.4byte	0x72
 302 0094 06       		.uleb128 0x6
 303 0095 040E     		.2byte	0xe04
 304 0097 04       		.byte	0x4
 305 0098 6A       		.byte	0x6a
 306 0099 43010000 		.4byte	0x143
 307 009d 07       		.uleb128 0x7
 308 009e 2E020000 		.4byte	.LASF13
 309 00a2 04       		.byte	0x4
 310 00a3 6B       		.byte	0x6b
 311 00a4 5A010000 		.4byte	0x15a
 312 00a8 00       		.byte	0
 313 00a9 07       		.uleb128 0x7
 314 00aa 5A000000 		.4byte	.LASF14
 315 00ae 04       		.byte	0x4
 316 00af 6C       		.byte	0x6c
 317 00b0 6F010000 		.4byte	0x16f
 318 00b4 20       		.byte	0x20
 319 00b5 07       		.uleb128 0x7
 320 00b6 3F000000 		.4byte	.LASF15
 321 00ba 04       		.byte	0x4
 322 00bb 6D       		.byte	0x6d
 323 00bc 74010000 		.4byte	0x174
 324 00c0 80       		.byte	0x80
 325 00c1 07       		.uleb128 0x7
 326 00c2 62000000 		.4byte	.LASF16
 327 00c6 04       		.byte	0x4
 328 00c7 6E       		.byte	0x6e
 329 00c8 79010000 		.4byte	0x179
 330 00cc A0       		.byte	0xa0
 331 00cd 08       		.uleb128 0x8
 332 00ce DC000000 		.4byte	.LASF17
 333 00d2 04       		.byte	0x4
 334 00d3 6F       		.byte	0x6f
 335 00d4 7E010000 		.4byte	0x17e
 336 00d8 0001     		.2byte	0x100
 337 00da 08       		.uleb128 0x8
 338 00db 6A000000 		.4byte	.LASF18
 339 00df 04       		.byte	0x4
 340 00e0 70       		.byte	0x70
 341 00e1 83010000 		.4byte	0x183
ARM GAS  /tmp/ccXS28Hq.s 			page 7


 342 00e5 2001     		.2byte	0x120
 343 00e7 08       		.uleb128 0x8
 344 00e8 05000000 		.4byte	.LASF19
 345 00ec 04       		.byte	0x4
 346 00ed 71       		.byte	0x71
 347 00ee 88010000 		.4byte	0x188
 348 00f2 8001     		.2byte	0x180
 349 00f4 08       		.uleb128 0x8
 350 00f5 72000000 		.4byte	.LASF20
 351 00f9 04       		.byte	0x4
 352 00fa 72       		.byte	0x72
 353 00fb 8D010000 		.4byte	0x18d
 354 00ff A001     		.2byte	0x1a0
 355 0101 08       		.uleb128 0x8
 356 0102 C2020000 		.4byte	.LASF21
 357 0106 04       		.byte	0x4
 358 0107 73       		.byte	0x73
 359 0108 92010000 		.4byte	0x192
 360 010c 0002     		.2byte	0x200
 361 010e 08       		.uleb128 0x8
 362 010f 7A000000 		.4byte	.LASF22
 363 0113 04       		.byte	0x4
 364 0114 74       		.byte	0x74
 365 0115 A7010000 		.4byte	0x1a7
 366 0119 2002     		.2byte	0x220
 367 011b 09       		.uleb128 0x9
 368 011c 49505200 		.ascii	"IPR\000"
 369 0120 04       		.byte	0x4
 370 0121 75       		.byte	0x75
 371 0122 BC010000 		.4byte	0x1bc
 372 0126 0003     		.2byte	0x300
 373 0128 08       		.uleb128 0x8
 374 0129 82000000 		.4byte	.LASF23
 375 012d 04       		.byte	0x4
 376 012e 76       		.byte	0x76
 377 012f D2010000 		.4byte	0x1d2
 378 0133 F003     		.2byte	0x3f0
 379 0135 08       		.uleb128 0x8
 380 0136 BF000000 		.4byte	.LASF24
 381 013a 04       		.byte	0x4
 382 013b 77       		.byte	0x77
 383 013c 84000000 		.4byte	0x84
 384 0140 000E     		.2byte	0xe00
 385 0142 00       		.byte	0
 386 0143 0A       		.uleb128 0xa
 387 0144 84000000 		.4byte	0x84
 388 0148 53010000 		.4byte	0x153
 389 014c 0B       		.uleb128 0xb
 390 014d 53010000 		.4byte	0x153
 391 0151 07       		.byte	0x7
 392 0152 00       		.byte	0
 393 0153 03       		.uleb128 0x3
 394 0154 04       		.byte	0x4
 395 0155 07       		.byte	0x7
 396 0156 1D010000 		.4byte	.LASF25
 397 015a 05       		.uleb128 0x5
 398 015b 43010000 		.4byte	0x143
ARM GAS  /tmp/ccXS28Hq.s 			page 8


 399 015f 0A       		.uleb128 0xa
 400 0160 84000000 		.4byte	0x84
 401 0164 6F010000 		.4byte	0x16f
 402 0168 0B       		.uleb128 0xb
 403 0169 53010000 		.4byte	0x153
 404 016d 17       		.byte	0x17
 405 016e 00       		.byte	0
 406 016f 05       		.uleb128 0x5
 407 0170 5F010000 		.4byte	0x15f
 408 0174 05       		.uleb128 0x5
 409 0175 43010000 		.4byte	0x143
 410 0179 05       		.uleb128 0x5
 411 017a 5F010000 		.4byte	0x15f
 412 017e 05       		.uleb128 0x5
 413 017f 43010000 		.4byte	0x143
 414 0183 05       		.uleb128 0x5
 415 0184 5F010000 		.4byte	0x15f
 416 0188 05       		.uleb128 0x5
 417 0189 43010000 		.4byte	0x143
 418 018d 05       		.uleb128 0x5
 419 018e 5F010000 		.4byte	0x15f
 420 0192 05       		.uleb128 0x5
 421 0193 43010000 		.4byte	0x143
 422 0197 0A       		.uleb128 0xa
 423 0198 84000000 		.4byte	0x84
 424 019c A7010000 		.4byte	0x1a7
 425 01a0 0B       		.uleb128 0xb
 426 01a1 53010000 		.4byte	0x153
 427 01a5 37       		.byte	0x37
 428 01a6 00       		.byte	0
 429 01a7 05       		.uleb128 0x5
 430 01a8 97010000 		.4byte	0x197
 431 01ac 0A       		.uleb128 0xa
 432 01ad 84000000 		.4byte	0x84
 433 01b1 BC010000 		.4byte	0x1bc
 434 01b5 0B       		.uleb128 0xb
 435 01b6 53010000 		.4byte	0x153
 436 01ba 3B       		.byte	0x3b
 437 01bb 00       		.byte	0
 438 01bc 05       		.uleb128 0x5
 439 01bd AC010000 		.4byte	0x1ac
 440 01c1 0A       		.uleb128 0xa
 441 01c2 84000000 		.4byte	0x84
 442 01c6 D2010000 		.4byte	0x1d2
 443 01ca 0C       		.uleb128 0xc
 444 01cb 53010000 		.4byte	0x153
 445 01cf 8302     		.2byte	0x283
 446 01d1 00       		.byte	0
 447 01d2 05       		.uleb128 0x5
 448 01d3 C1010000 		.4byte	0x1c1
 449 01d7 04       		.uleb128 0x4
 450 01d8 27000000 		.4byte	.LASF26
 451 01dc 04       		.byte	0x4
 452 01dd 78       		.byte	0x78
 453 01de 94000000 		.4byte	0x94
 454 01e2 0D       		.uleb128 0xd
 455 01e3 8C       		.byte	0x8c
ARM GAS  /tmp/ccXS28Hq.s 			page 9


 456 01e4 04       		.byte	0x4
 457 01e5 89       		.byte	0x89
 458 01e6 E7020000 		.4byte	0x2e7
 459 01ea 07       		.uleb128 0x7
 460 01eb 34010000 		.4byte	.LASF27
 461 01ef 04       		.byte	0x4
 462 01f0 8A       		.byte	0x8a
 463 01f1 84000000 		.4byte	0x84
 464 01f5 00       		.byte	0
 465 01f6 07       		.uleb128 0x7
 466 01f7 FD000000 		.4byte	.LASF28
 467 01fb 04       		.byte	0x4
 468 01fc 8B       		.byte	0x8b
 469 01fd 84000000 		.4byte	0x84
 470 0201 04       		.byte	0x4
 471 0202 07       		.uleb128 0x7
 472 0203 30000000 		.4byte	.LASF29
 473 0207 04       		.byte	0x4
 474 0208 8C       		.byte	0x8c
 475 0209 84000000 		.4byte	0x84
 476 020d 08       		.byte	0x8
 477 020e 07       		.uleb128 0x7
 478 020f 0A010000 		.4byte	.LASF30
 479 0213 04       		.byte	0x4
 480 0214 8D       		.byte	0x8d
 481 0215 84000000 		.4byte	0x84
 482 0219 0C       		.byte	0xc
 483 021a 0E       		.uleb128 0xe
 484 021b 53435200 		.ascii	"SCR\000"
 485 021f 04       		.byte	0x4
 486 0220 8E       		.byte	0x8e
 487 0221 84000000 		.4byte	0x84
 488 0225 10       		.byte	0x10
 489 0226 0E       		.uleb128 0xe
 490 0227 43435200 		.ascii	"CCR\000"
 491 022b 04       		.byte	0x4
 492 022c 8F       		.byte	0x8f
 493 022d 84000000 		.4byte	0x84
 494 0231 14       		.byte	0x14
 495 0232 07       		.uleb128 0x7
 496 0233 56020000 		.4byte	.LASF31
 497 0237 04       		.byte	0x4
 498 0238 90       		.byte	0x90
 499 0239 F7020000 		.4byte	0x2f7
 500 023d 18       		.byte	0x18
 501 023e 07       		.uleb128 0x7
 502 023f 3E020000 		.4byte	.LASF32
 503 0243 04       		.byte	0x4
 504 0244 91       		.byte	0x91
 505 0245 84000000 		.4byte	0x84
 506 0249 24       		.byte	0x24
 507 024a 07       		.uleb128 0x7
 508 024b 9D000000 		.4byte	.LASF33
 509 024f 04       		.byte	0x4
 510 0250 92       		.byte	0x92
 511 0251 84000000 		.4byte	0x84
 512 0255 28       		.byte	0x28
ARM GAS  /tmp/ccXS28Hq.s 			page 10


 513 0256 07       		.uleb128 0x7
 514 0257 A2000000 		.4byte	.LASF34
 515 025b 04       		.byte	0x4
 516 025c 93       		.byte	0x93
 517 025d 84000000 		.4byte	0x84
 518 0261 2C       		.byte	0x2c
 519 0262 07       		.uleb128 0x7
 520 0263 E1000000 		.4byte	.LASF35
 521 0267 04       		.byte	0x4
 522 0268 94       		.byte	0x94
 523 0269 84000000 		.4byte	0x84
 524 026d 30       		.byte	0x30
 525 026e 07       		.uleb128 0x7
 526 026f 38020000 		.4byte	.LASF36
 527 0273 04       		.byte	0x4
 528 0274 95       		.byte	0x95
 529 0275 84000000 		.4byte	0x84
 530 0279 34       		.byte	0x34
 531 027a 07       		.uleb128 0x7
 532 027b 10010000 		.4byte	.LASF37
 533 027f 04       		.byte	0x4
 534 0280 96       		.byte	0x96
 535 0281 84000000 		.4byte	0x84
 536 0285 38       		.byte	0x38
 537 0286 07       		.uleb128 0x7
 538 0287 33020000 		.4byte	.LASF38
 539 028b 04       		.byte	0x4
 540 028c 97       		.byte	0x97
 541 028d 84000000 		.4byte	0x84
 542 0291 3C       		.byte	0x3c
 543 0292 0E       		.uleb128 0xe
 544 0293 50465200 		.ascii	"PFR\000"
 545 0297 04       		.byte	0x4
 546 0298 98       		.byte	0x98
 547 0299 0C030000 		.4byte	0x30c
 548 029d 40       		.byte	0x40
 549 029e 0E       		.uleb128 0xe
 550 029f 44465200 		.ascii	"DFR\000"
 551 02a3 04       		.byte	0x4
 552 02a4 99       		.byte	0x99
 553 02a5 84000000 		.4byte	0x84
 554 02a9 48       		.byte	0x48
 555 02aa 0E       		.uleb128 0xe
 556 02ab 41445200 		.ascii	"ADR\000"
 557 02af 04       		.byte	0x4
 558 02b0 9A       		.byte	0x9a
 559 02b1 84000000 		.4byte	0x84
 560 02b5 4C       		.byte	0x4c
 561 02b6 07       		.uleb128 0x7
 562 02b7 0A000000 		.4byte	.LASF39
 563 02bb 04       		.byte	0x4
 564 02bc 9B       		.byte	0x9b
 565 02bd 21030000 		.4byte	0x321
 566 02c1 50       		.byte	0x50
 567 02c2 0E       		.uleb128 0xe
 568 02c3 53415200 		.ascii	"SAR\000"
 569 02c7 04       		.byte	0x4
ARM GAS  /tmp/ccXS28Hq.s 			page 11


 570 02c8 9C       		.byte	0x9c
 571 02c9 36030000 		.4byte	0x336
 572 02cd 60       		.byte	0x60
 573 02ce 07       		.uleb128 0x7
 574 02cf 5A000000 		.4byte	.LASF14
 575 02d3 04       		.byte	0x4
 576 02d4 9D       		.byte	0x9d
 577 02d5 3B030000 		.4byte	0x33b
 578 02d9 74       		.byte	0x74
 579 02da 07       		.uleb128 0x7
 580 02db B9000000 		.4byte	.LASF40
 581 02df 04       		.byte	0x4
 582 02e0 9E       		.byte	0x9e
 583 02e1 84000000 		.4byte	0x84
 584 02e5 88       		.byte	0x88
 585 02e6 00       		.byte	0
 586 02e7 0A       		.uleb128 0xa
 587 02e8 84000000 		.4byte	0x84
 588 02ec F7020000 		.4byte	0x2f7
 589 02f0 0B       		.uleb128 0xb
 590 02f1 53010000 		.4byte	0x153
 591 02f5 02       		.byte	0x2
 592 02f6 00       		.byte	0
 593 02f7 05       		.uleb128 0x5
 594 02f8 E7020000 		.4byte	0x2e7
 595 02fc 0A       		.uleb128 0xa
 596 02fd 84000000 		.4byte	0x84
 597 0301 0C030000 		.4byte	0x30c
 598 0305 0B       		.uleb128 0xb
 599 0306 53010000 		.4byte	0x153
 600 030a 01       		.byte	0x1
 601 030b 00       		.byte	0
 602 030c 05       		.uleb128 0x5
 603 030d FC020000 		.4byte	0x2fc
 604 0311 0A       		.uleb128 0xa
 605 0312 84000000 		.4byte	0x84
 606 0316 21030000 		.4byte	0x321
 607 031a 0B       		.uleb128 0xb
 608 031b 53010000 		.4byte	0x153
 609 031f 03       		.byte	0x3
 610 0320 00       		.byte	0
 611 0321 05       		.uleb128 0x5
 612 0322 11030000 		.4byte	0x311
 613 0326 0A       		.uleb128 0xa
 614 0327 84000000 		.4byte	0x84
 615 032b 36030000 		.4byte	0x336
 616 032f 0B       		.uleb128 0xb
 617 0330 53010000 		.4byte	0x153
 618 0334 04       		.byte	0x4
 619 0335 00       		.byte	0
 620 0336 05       		.uleb128 0x5
 621 0337 26030000 		.4byte	0x326
 622 033b 05       		.uleb128 0x5
 623 033c 26030000 		.4byte	0x326
 624 0340 04       		.uleb128 0x4
 625 0341 02010000 		.4byte	.LASF41
 626 0345 04       		.byte	0x4
ARM GAS  /tmp/ccXS28Hq.s 			page 12


 627 0346 9F       		.byte	0x9f
 628 0347 E2010000 		.4byte	0x1e2
 629 034b 03       		.uleb128 0x3
 630 034c 01       		.byte	0x1
 631 034d 08       		.byte	0x8
 632 034e 3A010000 		.4byte	.LASF42
 633 0352 0F       		.uleb128 0xf
 634 0353 C7020000 		.4byte	.LASF44
 635 0357 01       		.byte	0x1
 636 0358 2E       		.byte	0x2e
 637 0359 00000000 		.4byte	.LFB7
 638 035d 7C000000 		.4byte	.LFE7-.LFB7
 639 0361 01       		.uleb128 0x1
 640 0362 9C       		.byte	0x9c
 641 0363 8F030000 		.4byte	0x38f
 642 0367 10       		.uleb128 0x10
 643 0368 6E00     		.ascii	"n\000"
 644 036a 01       		.byte	0x1
 645 036b 2E       		.byte	0x2e
 646 036c 72000000 		.4byte	0x72
 647 0370 02       		.uleb128 0x2
 648 0371 91       		.byte	0x91
 649 0372 6C       		.sleb128 -20
 650 0373 11       		.uleb128 0x11
 651 0374 00000000 		.4byte	.LASF43
 652 0378 01       		.byte	0x1
 653 0379 2E       		.byte	0x2e
 654 037a 72000000 		.4byte	0x72
 655 037e 02       		.uleb128 0x2
 656 037f 91       		.byte	0x91
 657 0380 68       		.sleb128 -24
 658 0381 12       		.uleb128 0x12
 659 0382 736800   		.ascii	"sh\000"
 660 0385 01       		.byte	0x1
 661 0386 2F       		.byte	0x2f
 662 0387 28000000 		.4byte	0x28
 663 038b 02       		.uleb128 0x2
 664 038c 91       		.byte	0x91
 665 038d 74       		.sleb128 -12
 666 038e 00       		.byte	0
 667 038f 0F       		.uleb128 0xf
 668 0390 15000000 		.4byte	.LASF45
 669 0394 01       		.byte	0x1
 670 0395 3C       		.byte	0x3c
 671 0396 00000000 		.4byte	.LFB8
 672 039a 58000000 		.4byte	.LFE8-.LFB8
 673 039e 01       		.uleb128 0x1
 674 039f 9C       		.byte	0x9c
 675 03a0 BE030000 		.4byte	0x3be
 676 03a4 10       		.uleb128 0x10
 677 03a5 6E00     		.ascii	"n\000"
 678 03a7 01       		.byte	0x1
 679 03a8 3C       		.byte	0x3c
 680 03a9 72000000 		.4byte	0x72
 681 03ad 02       		.uleb128 0x2
 682 03ae 91       		.byte	0x91
 683 03af 6C       		.sleb128 -20
ARM GAS  /tmp/ccXS28Hq.s 			page 13


 684 03b0 12       		.uleb128 0x12
 685 03b1 736800   		.ascii	"sh\000"
 686 03b4 01       		.byte	0x1
 687 03b5 3D       		.byte	0x3d
 688 03b6 28000000 		.4byte	0x28
 689 03ba 02       		.uleb128 0x2
 690 03bb 91       		.byte	0x91
 691 03bc 74       		.sleb128 -12
 692 03bd 00       		.byte	0
 693 03be 13       		.uleb128 0x13
 694 03bf A5020000 		.4byte	.LASF49
 695 03c3 01       		.byte	0x1
 696 03c4 4A       		.byte	0x4a
 697 03c5 00000000 		.4byte	.LFB9
 698 03c9 4C000000 		.4byte	.LFE9-.LFB9
 699 03cd 01       		.uleb128 0x1
 700 03ce 9C       		.byte	0x9c
 701 03cf 11       		.uleb128 0x11
 702 03d0 15010000 		.4byte	.LASF46
 703 03d4 01       		.byte	0x1
 704 03d5 4A       		.byte	0x4a
 705 03d6 72000000 		.4byte	0x72
 706 03da 02       		.uleb128 0x2
 707 03db 91       		.byte	0x91
 708 03dc 6C       		.sleb128 -20
 709 03dd 11       		.uleb128 0x11
 710 03de 00000000 		.4byte	.LASF43
 711 03e2 01       		.byte	0x1
 712 03e3 4A       		.byte	0x4a
 713 03e4 72000000 		.4byte	0x72
 714 03e8 02       		.uleb128 0x2
 715 03e9 91       		.byte	0x91
 716 03ea 68       		.sleb128 -24
 717 03eb 12       		.uleb128 0x12
 718 03ec 736800   		.ascii	"sh\000"
 719 03ef 01       		.byte	0x1
 720 03f0 4B       		.byte	0x4b
 721 03f1 28000000 		.4byte	0x28
 722 03f5 02       		.uleb128 0x2
 723 03f6 91       		.byte	0x91
 724 03f7 74       		.sleb128 -12
 725 03f8 00       		.byte	0
 726 03f9 00       		.byte	0
 727              		.section	.debug_abbrev,"",%progbits
 728              	.Ldebug_abbrev0:
 729 0000 01       		.uleb128 0x1
 730 0001 11       		.uleb128 0x11
 731 0002 01       		.byte	0x1
 732 0003 25       		.uleb128 0x25
 733 0004 0E       		.uleb128 0xe
 734 0005 13       		.uleb128 0x13
 735 0006 0B       		.uleb128 0xb
 736 0007 03       		.uleb128 0x3
 737 0008 0E       		.uleb128 0xe
 738 0009 55       		.uleb128 0x55
 739 000a 17       		.uleb128 0x17
 740 000b 11       		.uleb128 0x11
ARM GAS  /tmp/ccXS28Hq.s 			page 14


 741 000c 01       		.uleb128 0x1
 742 000d 10       		.uleb128 0x10
 743 000e 17       		.uleb128 0x17
 744 000f 00       		.byte	0
 745 0010 00       		.byte	0
 746 0011 02       		.uleb128 0x2
 747 0012 24       		.uleb128 0x24
 748 0013 00       		.byte	0
 749 0014 0B       		.uleb128 0xb
 750 0015 0B       		.uleb128 0xb
 751 0016 3E       		.uleb128 0x3e
 752 0017 0B       		.uleb128 0xb
 753 0018 03       		.uleb128 0x3
 754 0019 08       		.uleb128 0x8
 755 001a 00       		.byte	0
 756 001b 00       		.byte	0
 757 001c 03       		.uleb128 0x3
 758 001d 24       		.uleb128 0x24
 759 001e 00       		.byte	0
 760 001f 0B       		.uleb128 0xb
 761 0020 0B       		.uleb128 0xb
 762 0021 3E       		.uleb128 0x3e
 763 0022 0B       		.uleb128 0xb
 764 0023 03       		.uleb128 0x3
 765 0024 0E       		.uleb128 0xe
 766 0025 00       		.byte	0
 767 0026 00       		.byte	0
 768 0027 04       		.uleb128 0x4
 769 0028 16       		.uleb128 0x16
 770 0029 00       		.byte	0
 771 002a 03       		.uleb128 0x3
 772 002b 0E       		.uleb128 0xe
 773 002c 3A       		.uleb128 0x3a
 774 002d 0B       		.uleb128 0xb
 775 002e 3B       		.uleb128 0x3b
 776 002f 0B       		.uleb128 0xb
 777 0030 49       		.uleb128 0x49
 778 0031 13       		.uleb128 0x13
 779 0032 00       		.byte	0
 780 0033 00       		.byte	0
 781 0034 05       		.uleb128 0x5
 782 0035 35       		.uleb128 0x35
 783 0036 00       		.byte	0
 784 0037 49       		.uleb128 0x49
 785 0038 13       		.uleb128 0x13
 786 0039 00       		.byte	0
 787 003a 00       		.byte	0
 788 003b 06       		.uleb128 0x6
 789 003c 13       		.uleb128 0x13
 790 003d 01       		.byte	0x1
 791 003e 0B       		.uleb128 0xb
 792 003f 05       		.uleb128 0x5
 793 0040 3A       		.uleb128 0x3a
 794 0041 0B       		.uleb128 0xb
 795 0042 3B       		.uleb128 0x3b
 796 0043 0B       		.uleb128 0xb
 797 0044 01       		.uleb128 0x1
ARM GAS  /tmp/ccXS28Hq.s 			page 15


 798 0045 13       		.uleb128 0x13
 799 0046 00       		.byte	0
 800 0047 00       		.byte	0
 801 0048 07       		.uleb128 0x7
 802 0049 0D       		.uleb128 0xd
 803 004a 00       		.byte	0
 804 004b 03       		.uleb128 0x3
 805 004c 0E       		.uleb128 0xe
 806 004d 3A       		.uleb128 0x3a
 807 004e 0B       		.uleb128 0xb
 808 004f 3B       		.uleb128 0x3b
 809 0050 0B       		.uleb128 0xb
 810 0051 49       		.uleb128 0x49
 811 0052 13       		.uleb128 0x13
 812 0053 38       		.uleb128 0x38
 813 0054 0B       		.uleb128 0xb
 814 0055 00       		.byte	0
 815 0056 00       		.byte	0
 816 0057 08       		.uleb128 0x8
 817 0058 0D       		.uleb128 0xd
 818 0059 00       		.byte	0
 819 005a 03       		.uleb128 0x3
 820 005b 0E       		.uleb128 0xe
 821 005c 3A       		.uleb128 0x3a
 822 005d 0B       		.uleb128 0xb
 823 005e 3B       		.uleb128 0x3b
 824 005f 0B       		.uleb128 0xb
 825 0060 49       		.uleb128 0x49
 826 0061 13       		.uleb128 0x13
 827 0062 38       		.uleb128 0x38
 828 0063 05       		.uleb128 0x5
 829 0064 00       		.byte	0
 830 0065 00       		.byte	0
 831 0066 09       		.uleb128 0x9
 832 0067 0D       		.uleb128 0xd
 833 0068 00       		.byte	0
 834 0069 03       		.uleb128 0x3
 835 006a 08       		.uleb128 0x8
 836 006b 3A       		.uleb128 0x3a
 837 006c 0B       		.uleb128 0xb
 838 006d 3B       		.uleb128 0x3b
 839 006e 0B       		.uleb128 0xb
 840 006f 49       		.uleb128 0x49
 841 0070 13       		.uleb128 0x13
 842 0071 38       		.uleb128 0x38
 843 0072 05       		.uleb128 0x5
 844 0073 00       		.byte	0
 845 0074 00       		.byte	0
 846 0075 0A       		.uleb128 0xa
 847 0076 01       		.uleb128 0x1
 848 0077 01       		.byte	0x1
 849 0078 49       		.uleb128 0x49
 850 0079 13       		.uleb128 0x13
 851 007a 01       		.uleb128 0x1
 852 007b 13       		.uleb128 0x13
 853 007c 00       		.byte	0
 854 007d 00       		.byte	0
ARM GAS  /tmp/ccXS28Hq.s 			page 16


 855 007e 0B       		.uleb128 0xb
 856 007f 21       		.uleb128 0x21
 857 0080 00       		.byte	0
 858 0081 49       		.uleb128 0x49
 859 0082 13       		.uleb128 0x13
 860 0083 2F       		.uleb128 0x2f
 861 0084 0B       		.uleb128 0xb
 862 0085 00       		.byte	0
 863 0086 00       		.byte	0
 864 0087 0C       		.uleb128 0xc
 865 0088 21       		.uleb128 0x21
 866 0089 00       		.byte	0
 867 008a 49       		.uleb128 0x49
 868 008b 13       		.uleb128 0x13
 869 008c 2F       		.uleb128 0x2f
 870 008d 05       		.uleb128 0x5
 871 008e 00       		.byte	0
 872 008f 00       		.byte	0
 873 0090 0D       		.uleb128 0xd
 874 0091 13       		.uleb128 0x13
 875 0092 01       		.byte	0x1
 876 0093 0B       		.uleb128 0xb
 877 0094 0B       		.uleb128 0xb
 878 0095 3A       		.uleb128 0x3a
 879 0096 0B       		.uleb128 0xb
 880 0097 3B       		.uleb128 0x3b
 881 0098 0B       		.uleb128 0xb
 882 0099 01       		.uleb128 0x1
 883 009a 13       		.uleb128 0x13
 884 009b 00       		.byte	0
 885 009c 00       		.byte	0
 886 009d 0E       		.uleb128 0xe
 887 009e 0D       		.uleb128 0xd
 888 009f 00       		.byte	0
 889 00a0 03       		.uleb128 0x3
 890 00a1 08       		.uleb128 0x8
 891 00a2 3A       		.uleb128 0x3a
 892 00a3 0B       		.uleb128 0xb
 893 00a4 3B       		.uleb128 0x3b
 894 00a5 0B       		.uleb128 0xb
 895 00a6 49       		.uleb128 0x49
 896 00a7 13       		.uleb128 0x13
 897 00a8 38       		.uleb128 0x38
 898 00a9 0B       		.uleb128 0xb
 899 00aa 00       		.byte	0
 900 00ab 00       		.byte	0
 901 00ac 0F       		.uleb128 0xf
 902 00ad 2E       		.uleb128 0x2e
 903 00ae 01       		.byte	0x1
 904 00af 3F       		.uleb128 0x3f
 905 00b0 19       		.uleb128 0x19
 906 00b1 03       		.uleb128 0x3
 907 00b2 0E       		.uleb128 0xe
 908 00b3 3A       		.uleb128 0x3a
 909 00b4 0B       		.uleb128 0xb
 910 00b5 3B       		.uleb128 0x3b
 911 00b6 0B       		.uleb128 0xb
ARM GAS  /tmp/ccXS28Hq.s 			page 17


 912 00b7 27       		.uleb128 0x27
 913 00b8 19       		.uleb128 0x19
 914 00b9 11       		.uleb128 0x11
 915 00ba 01       		.uleb128 0x1
 916 00bb 12       		.uleb128 0x12
 917 00bc 06       		.uleb128 0x6
 918 00bd 40       		.uleb128 0x40
 919 00be 18       		.uleb128 0x18
 920 00bf 9742     		.uleb128 0x2117
 921 00c1 19       		.uleb128 0x19
 922 00c2 01       		.uleb128 0x1
 923 00c3 13       		.uleb128 0x13
 924 00c4 00       		.byte	0
 925 00c5 00       		.byte	0
 926 00c6 10       		.uleb128 0x10
 927 00c7 05       		.uleb128 0x5
 928 00c8 00       		.byte	0
 929 00c9 03       		.uleb128 0x3
 930 00ca 08       		.uleb128 0x8
 931 00cb 3A       		.uleb128 0x3a
 932 00cc 0B       		.uleb128 0xb
 933 00cd 3B       		.uleb128 0x3b
 934 00ce 0B       		.uleb128 0xb
 935 00cf 49       		.uleb128 0x49
 936 00d0 13       		.uleb128 0x13
 937 00d1 02       		.uleb128 0x2
 938 00d2 18       		.uleb128 0x18
 939 00d3 00       		.byte	0
 940 00d4 00       		.byte	0
 941 00d5 11       		.uleb128 0x11
 942 00d6 05       		.uleb128 0x5
 943 00d7 00       		.byte	0
 944 00d8 03       		.uleb128 0x3
 945 00d9 0E       		.uleb128 0xe
 946 00da 3A       		.uleb128 0x3a
 947 00db 0B       		.uleb128 0xb
 948 00dc 3B       		.uleb128 0x3b
 949 00dd 0B       		.uleb128 0xb
 950 00de 49       		.uleb128 0x49
 951 00df 13       		.uleb128 0x13
 952 00e0 02       		.uleb128 0x2
 953 00e1 18       		.uleb128 0x18
 954 00e2 00       		.byte	0
 955 00e3 00       		.byte	0
 956 00e4 12       		.uleb128 0x12
 957 00e5 34       		.uleb128 0x34
 958 00e6 00       		.byte	0
 959 00e7 03       		.uleb128 0x3
 960 00e8 08       		.uleb128 0x8
 961 00e9 3A       		.uleb128 0x3a
 962 00ea 0B       		.uleb128 0xb
 963 00eb 3B       		.uleb128 0x3b
 964 00ec 0B       		.uleb128 0xb
 965 00ed 49       		.uleb128 0x49
 966 00ee 13       		.uleb128 0x13
 967 00ef 02       		.uleb128 0x2
 968 00f0 18       		.uleb128 0x18
ARM GAS  /tmp/ccXS28Hq.s 			page 18


 969 00f1 00       		.byte	0
 970 00f2 00       		.byte	0
 971 00f3 13       		.uleb128 0x13
 972 00f4 2E       		.uleb128 0x2e
 973 00f5 01       		.byte	0x1
 974 00f6 3F       		.uleb128 0x3f
 975 00f7 19       		.uleb128 0x19
 976 00f8 03       		.uleb128 0x3
 977 00f9 0E       		.uleb128 0xe
 978 00fa 3A       		.uleb128 0x3a
 979 00fb 0B       		.uleb128 0xb
 980 00fc 3B       		.uleb128 0x3b
 981 00fd 0B       		.uleb128 0xb
 982 00fe 27       		.uleb128 0x27
 983 00ff 19       		.uleb128 0x19
 984 0100 11       		.uleb128 0x11
 985 0101 01       		.uleb128 0x1
 986 0102 12       		.uleb128 0x12
 987 0103 06       		.uleb128 0x6
 988 0104 40       		.uleb128 0x40
 989 0105 18       		.uleb128 0x18
 990 0106 9742     		.uleb128 0x2117
 991 0108 19       		.uleb128 0x19
 992 0109 00       		.byte	0
 993 010a 00       		.byte	0
 994 010b 00       		.byte	0
 995              		.section	.debug_aranges,"",%progbits
 996 0000 2C000000 		.4byte	0x2c
 997 0004 0200     		.2byte	0x2
 998 0006 00000000 		.4byte	.Ldebug_info0
 999 000a 04       		.byte	0x4
 1000 000b 00       		.byte	0
 1001 000c 0000     		.2byte	0
 1002 000e 0000     		.2byte	0
 1003 0010 00000000 		.4byte	.LFB7
 1004 0014 7C000000 		.4byte	.LFE7-.LFB7
 1005 0018 00000000 		.4byte	.LFB8
 1006 001c 58000000 		.4byte	.LFE8-.LFB8
 1007 0020 00000000 		.4byte	.LFB9
 1008 0024 4C000000 		.4byte	.LFE9-.LFB9
 1009 0028 00000000 		.4byte	0
 1010 002c 00000000 		.4byte	0
 1011              		.section	.debug_ranges,"",%progbits
 1012              	.Ldebug_ranges0:
 1013 0000 00000000 		.4byte	.LFB7
 1014 0004 7C000000 		.4byte	.LFE7
 1015 0008 00000000 		.4byte	.LFB8
 1016 000c 58000000 		.4byte	.LFE8
 1017 0010 00000000 		.4byte	.LFB9
 1018 0014 4C000000 		.4byte	.LFE9
 1019 0018 00000000 		.4byte	0
 1020 001c 00000000 		.4byte	0
 1021              		.section	.debug_line,"",%progbits
 1022              	.Ldebug_line0:
 1023 0000 F4000000 		.section	.debug_str,"MS",%progbits,1
 1023      0200AE00 
 1023      00000201 
ARM GAS  /tmp/ccXS28Hq.s 			page 19


 1023      FB0E0D00 
 1023      01010101 
 1024              	.LASF43:
 1025 0000 7072696F 		.ascii	"prio\000"
 1025      00
 1026              	.LASF19:
 1027 0005 49435052 		.ascii	"ICPR\000"
 1027      00
 1028              	.LASF39:
 1029 000a 4D4D4652 		.ascii	"MMFR\000"
 1029      00
 1030              	.LASF11:
 1031 000f 5F426F6F 		.ascii	"_Bool\000"
 1031      6C00
 1032              	.LASF45:
 1033 0015 6E766963 		.ascii	"nvicDisableVector\000"
 1033      44697361 
 1033      626C6556 
 1033      6563746F 
 1033      7200
 1034              	.LASF26:
 1035 0027 434D785F 		.ascii	"CMx_NVIC\000"
 1035      4E564943 
 1035      00
 1036              	.LASF29:
 1037 0030 56544F52 		.ascii	"VTOR\000"
 1037      00
 1038              	.LASF3:
 1039 0035 73686F72 		.ascii	"short int\000"
 1039      7420696E 
 1039      7400
 1040              	.LASF15:
 1041 003f 49434552 		.ascii	"ICER\000"
 1041      00
 1042              	.LASF12:
 1043 0044 494F5245 		.ascii	"IOREG32\000"
 1043      47333200 
 1044              	.LASF2:
 1045 004c 756E7369 		.ascii	"unsigned char\000"
 1045      676E6564 
 1045      20636861 
 1045      7200
 1046              	.LASF14:
 1047 005a 756E7573 		.ascii	"unused1\000"
 1047      65643100 
 1048              	.LASF16:
 1049 0062 756E7573 		.ascii	"unused2\000"
 1049      65643200 
 1050              	.LASF18:
 1051 006a 756E7573 		.ascii	"unused3\000"
 1051      65643300 
 1052              	.LASF20:
 1053 0072 756E7573 		.ascii	"unused4\000"
 1053      65643400 
 1054              	.LASF22:
 1055 007a 756E7573 		.ascii	"unused5\000"
 1055      65643500 
ARM GAS  /tmp/ccXS28Hq.s 			page 20


 1056              	.LASF23:
 1057 0082 756E7573 		.ascii	"unused6\000"
 1057      65643600 
 1058              	.LASF4:
 1059 008a 73686F72 		.ascii	"short unsigned int\000"
 1059      7420756E 
 1059      7369676E 
 1059      65642069 
 1059      6E7400
 1060              	.LASF33:
 1061 009d 43465352 		.ascii	"CFSR\000"
 1061      00
 1062              	.LASF34:
 1063 00a2 48465352 		.ascii	"HFSR\000"
 1063      00
 1064              	.LASF6:
 1065 00a7 6C6F6E67 		.ascii	"long unsigned int\000"
 1065      20756E73 
 1065      69676E65 
 1065      6420696E 
 1065      7400
 1066              	.LASF40:
 1067 00b9 43504143 		.ascii	"CPACR\000"
 1067      5200
 1068              	.LASF24:
 1069 00bf 53544952 		.ascii	"STIR\000"
 1069      00
 1070              	.LASF9:
 1071 00c4 5F5F7569 		.ascii	"__uint32_t\000"
 1071      6E743332 
 1071      5F7400
 1072              	.LASF0:
 1073 00cf 756E7369 		.ascii	"unsigned int\000"
 1073      676E6564 
 1073      20696E74 
 1073      00
 1074              	.LASF17:
 1075 00dc 49535052 		.ascii	"ISPR\000"
 1075      00
 1076              	.LASF35:
 1077 00e1 44465352 		.ascii	"DFSR\000"
 1077      00
 1078              	.LASF8:
 1079 00e6 6C6F6E67 		.ascii	"long long unsigned int\000"
 1079      206C6F6E 
 1079      6720756E 
 1079      7369676E 
 1079      65642069 
 1080              	.LASF28:
 1081 00fd 49435352 		.ascii	"ICSR\000"
 1081      00
 1082              	.LASF41:
 1083 0102 434D785F 		.ascii	"CMx_SCB\000"
 1083      53434200 
 1084              	.LASF30:
 1085 010a 41495243 		.ascii	"AIRCR\000"
 1085      5200
ARM GAS  /tmp/ccXS28Hq.s 			page 21


 1086              	.LASF37:
 1087 0110 42464152 		.ascii	"BFAR\000"
 1087      00
 1088              	.LASF46:
 1089 0115 68616E64 		.ascii	"handler\000"
 1089      6C657200 
 1090              	.LASF25:
 1091 011d 73697A65 		.ascii	"sizetype\000"
 1091      74797065 
 1091      00
 1092              	.LASF7:
 1093 0126 6C6F6E67 		.ascii	"long long int\000"
 1093      206C6F6E 
 1093      6720696E 
 1093      7400
 1094              	.LASF27:
 1095 0134 43505549 		.ascii	"CPUID\000"
 1095      4400
 1096              	.LASF42:
 1097 013a 63686172 		.ascii	"char\000"
 1097      00
 1098              	.LASF47:
 1099 013f 474E5520 		.ascii	"GNU C 4.8.4 20141219 (release) -mcpu=cortex-m4 -mfl"
 1099      4320342E 
 1099      382E3420 
 1099      32303134 
 1099      31323139 
 1100 0172 6F61742D 		.ascii	"oat-abi=hard -mfpu=fpv4-sp-d16 -mno-thumb-interwork"
 1100      6162693D 
 1100      68617264 
 1100      202D6D66 
 1100      70753D66 
 1101 01a5 202D6D74 		.ascii	" -mthumb -ggdb -O0 -fomit-frame-pointer -falign-fun"
 1101      68756D62 
 1101      202D6767 
 1101      6462202D 
 1101      4F30202D 
 1102 01d8 6374696F 		.ascii	"ctions=16 -ffunction-sections -fdata-sections -fno-"
 1102      6E733D31 
 1102      36202D66 
 1102      66756E63 
 1102      74696F6E 
 1103 020b 636F6D6D 		.ascii	"common -fsingle-precision-constant\000"
 1103      6F6E202D 
 1103      6673696E 
 1103      676C652D 
 1103      70726563 
 1104              	.LASF13:
 1105 022e 49534552 		.ascii	"ISER\000"
 1105      00
 1106              	.LASF38:
 1107 0233 41465352 		.ascii	"AFSR\000"
 1107      00
 1108              	.LASF36:
 1109 0238 4D4D4641 		.ascii	"MMFAR\000"
 1109      5200
 1110              	.LASF32:
ARM GAS  /tmp/ccXS28Hq.s 			page 22


 1111 023e 53484353 		.ascii	"SHCSR\000"
 1111      5200
 1112              	.LASF10:
 1113 0244 75696E74 		.ascii	"uint32_t\000"
 1113      33325F74 
 1113      00
 1114              	.LASF5:
 1115 024d 6C6F6E67 		.ascii	"long int\000"
 1115      20696E74 
 1115      00
 1116              	.LASF31:
 1117 0256 53485052 		.ascii	"SHPR\000"
 1117      00
 1118              	.LASF48:
 1119 025b 2F686F6D 		.ascii	"/home/dave/r2p-sdk/core/ChibiOS/os/ports/common/ARM"
 1119      652F6461 
 1119      76652F72 
 1119      32702D73 
 1119      646B2F63 
 1120 028e 434D782F 		.ascii	"CMx/nvic.c\000"
 1120      6E766963 
 1120      2E6300
 1121              	.LASF1:
 1122 0299 7369676E 		.ascii	"signed char\000"
 1122      65642063 
 1122      68617200 
 1123              	.LASF49:
 1124 02a5 6E766963 		.ascii	"nvicSetSystemHandlerPriority\000"
 1124      53657453 
 1124      79737465 
 1124      6D48616E 
 1124      646C6572 
 1125              	.LASF21:
 1126 02c2 49414252 		.ascii	"IABR\000"
 1126      00
 1127              	.LASF44:
 1128 02c7 6E766963 		.ascii	"nvicEnableVector\000"
 1128      456E6162 
 1128      6C655665 
 1128      63746F72 
 1128      00
 1129              		.ident	"GCC: (4.8.4-1+11-1) 4.8.4 20141219 (release)"
ARM GAS  /tmp/ccXS28Hq.s 			page 23


DEFINED SYMBOLS
                            *ABS*:0000000000000000 nvic.c
     /tmp/ccXS28Hq.s:21     .text.nvicEnableVector:0000000000000000 $t
     /tmp/ccXS28Hq.s:27     .text.nvicEnableVector:0000000000000000 nvicEnableVector
     /tmp/ccXS28Hq.s:94     .text.nvicEnableVector:0000000000000078 $d
     /tmp/ccXS28Hq.s:99     .text.nvicDisableVector:0000000000000000 $t
     /tmp/ccXS28Hq.s:105    .text.nvicDisableVector:0000000000000000 nvicDisableVector
     /tmp/ccXS28Hq.s:157    .text.nvicDisableVector:0000000000000054 $d
     /tmp/ccXS28Hq.s:162    .text.nvicSetSystemHandlerPriority:0000000000000000 $t
     /tmp/ccXS28Hq.s:168    .text.nvicSetSystemHandlerPriority:0000000000000000 nvicSetSystemHandlerPriority
     /tmp/ccXS28Hq.s:219    .text.nvicSetSystemHandlerPriority:0000000000000048 $d
                     .debug_frame:0000000000000010 $d
     /tmp/ccXS28Hq.s:98     .text.nvicEnableVector:000000000000007c $t
     /tmp/ccXS28Hq.s:161    .text.nvicDisableVector:0000000000000058 $t
     /tmp/ccXS28Hq.s:223    .text.nvicSetSystemHandlerPriority:000000000000004c $t

NO UNDEFINED SYMBOLS
